2026-01-30 09:00:00,047 - INFO - === 로그 파일 시작: logs/hyper_usdt_2026-01-30.log ===
2026-01-30 09:00:00,047 - INFO - [EMA] 증분계산: prev=84580.49, close=84604.7, new=84582.35
2026-01-30 09:00:00,056 - INFO - 15m | 23:45 | O:84642.9 H:84699.9 L:84602.0 C:84604.7
2026-01-30 09:00:00,056 - INFO - 지표: ADX=25.5, ATR=251.6, Bull=False, Bear=True
2026-01-30 09:01:02,971 - INFO - [상태] 포지션 없음, 자본금: $6126.51
2026-01-30 09:01:02,972 - INFO - [지표] ADX=nan, Bull=nan, Bear=nan
2026-01-30 09:06:02,975 - INFO - [상태] 포지션 없음, 자본금: $6126.51
2026-01-30 09:06:02,975 - INFO - [지표] ADX=nan, Bull=nan, Bear=nan
2026-01-30 09:11:02,976 - INFO - [상태] 포지션 없음, 자본금: $6126.51
2026-01-30 09:11:02,976 - INFO - [지표] ADX=nan, Bull=nan, Bear=nan
2026-01-30 09:15:00,505 - INFO - [EMA] 증분계산: prev=84582.35, close=84495.2, new=84575.65
2026-01-30 09:15:00,514 - INFO - 15m | 00:00 | O:84604.7 H:84697.2 L:84488.6 C:84495.2
2026-01-30 09:15:00,515 - INFO - 지표: ADX=24.1, ATR=247.3, Bull=False, Bear=True
2026-01-30 09:16:02,977 - INFO - [상태] 포지션 없음, 자본금: $6126.51
2026-01-30 09:16:02,977 - INFO - [지표] ADX=nan, Bull=nan, Bear=nan
2026-01-30 09:21:02,978 - INFO - [상태] 포지션 없음, 자본금: $6126.51
2026-01-30 09:21:02,979 - INFO - [지표] ADX=nan, Bull=nan, Bear=nan
2026-01-30 09:26:02,980 - INFO - [상태] 포지션 없음, 자본금: $6126.51
2026-01-30 09:26:02,980 - INFO - [지표] ADX=nan, Bull=nan, Bear=nan
2026-01-30 09:30:00,098 - INFO - [EMA] 증분계산: prev=84575.65, close=84337.5, new=84557.33
2026-01-30 09:30:00,104 - INFO - 15m | 00:15 | O:84495.2 H:84519.4 L:84275.0 C:84337.5
2026-01-30 09:30:00,104 - INFO - 지표: ADX=23.6, ATR=247.0, Bull=False, Bear=True
2026-01-30 09:31:02,981 - INFO - [상태] 포지션 없음, 자본금: $6126.51
2026-01-30 09:31:02,981 - INFO - [지표] ADX=nan, Bull=nan, Bear=nan
2026-01-30 09:36:02,982 - INFO - [상태] 포지션 없음, 자본금: $6126.51
2026-01-30 09:36:02,983 - INFO - [지표] ADX=nan, Bull=nan, Bear=nan
2026-01-30 09:41:02,983 - INFO - [상태] 포지션 없음, 자본금: $6126.51
2026-01-30 09:41:02,984 - INFO - [지표] ADX=nan, Bull=nan, Bear=nan
2026-01-30 09:45:00,549 - INFO - [EMA] 증분계산: prev=84557.33, close=84359.1, new=84542.08
2026-01-30 09:45:00,559 - INFO - 15m | 00:30 | O:84337.5 H:84397.5 L:84202.0 C:84359.1
2026-01-30 09:45:00,559 - INFO - 지표: ADX=23.4, ATR=241.8, Bull=False, Bear=True
2026-01-30 09:46:02,985 - INFO - [상태] 포지션 없음, 자본금: $6126.51
2026-01-30 09:46:02,985 - INFO - [지표] ADX=nan, Bull=nan, Bear=nan
2026-01-30 09:51:02,986 - INFO - [상태] 포지션 없음, 자본금: $6126.51
2026-01-30 09:51:02,986 - INFO - [지표] ADX=nan, Bull=nan, Bear=nan
2026-01-30 09:56:02,988 - INFO - [상태] 포지션 없음, 자본금: $6126.51
2026-01-30 09:56:02,989 - INFO - [지표] ADX=nan, Bull=nan, Bear=nan
2026-01-30 10:00:00,200 - INFO - [EMA] 증분계산: prev=84542.08, close=84157.4, new=84512.49
2026-01-30 10:00:00,210 - INFO - 15m | 00:45 | O:84359.2 H:84490.3 L:84100.0 C:84157.4
2026-01-30 10:00:00,210 - INFO - 지표: ADX=23.5, ATR=256.7, Bull=False, Bear=True
2026-01-30 10:01:02,990 - INFO - [상태] 포지션 없음, 자본금: $6126.51
2026-01-30 10:01:02,991 - INFO - [지표] ADX=nan, Bull=nan, Bear=nan
2026-01-30 10:06:02,992 - INFO - [상태] 포지션 없음, 자본금: $6126.51
2026-01-30 10:06:02,992 - INFO - [지표] ADX=nan, Bull=nan, Bear=nan
2026-01-30 10:11:02,993 - INFO - [상태] 포지션 없음, 자본금: $6126.51
2026-01-30 10:11:02,993 - INFO - [지표] ADX=nan, Bull=nan, Bear=nan
2026-01-30 10:15:00,135 - INFO - [EMA] 증분계산: prev=84512.49, close=84104.0, new=84481.07
2026-01-30 10:15:00,144 - INFO - 15m | 01:00 | O:84157.4 H:84157.5 L:83950.0 C:84104.0
2026-01-30 10:15:00,144 - INFO - 지표: ADX=24.2, ATR=251.8, Bull=False, Bear=True
2026-01-30 10:16:02,994 - INFO - [상태] 포지션 없음, 자본금: $6126.51
2026-01-30 10:16:02,994 - INFO - [지표] ADX=nan, Bull=nan, Bear=nan
2026-01-30 10:21:02,995 - INFO - [상태] 포지션 없음, 자본금: $6126.51
2026-01-30 10:21:02,995 - INFO - [지표] ADX=nan, Bull=nan, Bear=nan
2026-01-30 10:26:02,996 - INFO - [상태] 포지션 없음, 자본금: $6126.51
2026-01-30 10:26:02,997 - INFO - [지표] ADX=nan, Bull=nan, Bear=nan
2026-01-30 10:30:00,130 - INFO - [EMA] 증분계산: prev=84481.07, close=83733.4, new=84423.55
2026-01-30 10:30:00,140 - INFO - 15m | 01:15 | O:84104.1 H:84156.9 L:83468.2 C:83733.4
2026-01-30 10:30:00,140 - INFO - 지표: ADX=25.9, ATR=295.5, Bull=False, Bear=True
2026-01-30 10:31:02,998 - INFO - [상태] 포지션 없음, 자본금: $6126.51
2026-01-30 10:31:02,998 - INFO - [지표] ADX=nan, Bull=nan, Bear=nan
2026-01-30 10:36:03,000 - INFO - [상태] 포지션 없음, 자본금: $6126.51
2026-01-30 10:36:03,000 - INFO - [지표] ADX=nan, Bull=nan, Bear=nan
2026-01-30 10:41:03,002 - INFO - [상태] 포지션 없음, 자본금: $6126.51
2026-01-30 10:41:03,002 - INFO - [지표] ADX=nan, Bull=nan, Bear=nan
2026-01-30 10:45:00,032 - INFO - [EMA] 증분계산: prev=84423.55, close=81988.5, new=84236.24
2026-01-30 10:45:00,038 - INFO - 15m | 01:30 | O:83733.3 H:83855.2 L:81000.0 C:81988.5
2026-01-30 10:45:00,038 - INFO - 지표: ADX=29.5, ATR=551.4, Bull=False, Bear=True
2026-01-30 10:46:03,003 - INFO - [상태] 포지션 없음, 자본금: $6126.51
2026-01-30 10:46:03,003 - INFO - [지표] ADX=nan, Bull=nan, Bear=nan
2026-01-30 10:51:03,004 - INFO - [상태] 포지션 없음, 자본금: $6126.51
2026-01-30 10:51:03,005 - INFO - [지표] ADX=nan, Bull=nan, Bear=nan
2026-01-30 10:56:03,005 - INFO - [상태] 포지션 없음, 자본금: $6126.51
2026-01-30 10:56:03,005 - INFO - [지표] ADX=nan, Bull=nan, Bear=nan
2026-01-30 11:00:00,050 - INFO - [EMA] 증분계산: prev=84236.24, close=82434.7, new=84097.66
2026-01-30 11:00:00,056 - INFO - 15m | 01:45 | O:81988.5 H:82524.4 L:81558.2 C:82434.7
2026-01-30 11:00:00,056 - INFO - 지표: ADX=32.9, ATR=592.9, Bull=False, Bear=True
2026-01-30 11:01:03,006 - INFO - [상태] 포지션 없음, 자본금: $6126.51
2026-01-30 11:01:03,006 - INFO - [지표] ADX=nan, Bull=nan, Bear=nan
2026-01-30 11:06:03,007 - INFO - [상태] 포지션 없음, 자본금: $6126.51
2026-01-30 11:06:03,008 - INFO - [지표] ADX=nan, Bull=nan, Bear=nan
2026-01-30 11:11:03,009 - INFO - [상태] 포지션 없음, 자본금: $6126.51
2026-01-30 11:11:03,009 - INFO - [지표] ADX=nan, Bull=nan, Bear=nan
2026-01-30 11:15:00,025 - INFO - [EMA] 증분계산: prev=84097.66, close=81874.4, new=83926.64
2026-01-30 11:15:00,034 - INFO - 15m | 02:00 | O:82434.7 H:82514.4 L:81833.0 C:81874.4
2026-01-30 11:15:00,034 - INFO - 지표: ADX=36.1, ATR=601.8, Bull=False, Bear=True
2026-01-30 11:16:03,010 - INFO - [상태] 포지션 없음, 자본금: $6126.51
2026-01-30 11:16:03,010 - INFO - [지표] ADX=nan, Bull=nan, Bear=nan
2026-01-30 11:21:03,011 - INFO - [상태] 포지션 없음, 자본금: $6126.51
2026-01-30 11:21:03,011 - INFO - [지표] ADX=nan, Bull=nan, Bear=nan
2026-01-30 11:26:03,013 - INFO - [상태] 포지션 없음, 자본금: $6126.51
2026-01-30 11:26:03,013 - INFO - [지표] ADX=nan, Bull=nan, Bear=nan
2026-01-30 11:30:00,106 - INFO - [EMA] 증분계산: prev=83926.64, close=81439.1, new=83735.29
2026-01-30 11:30:00,113 - INFO - 15m | 02:15 | O:81874.4 H:82096.2 L:81203.1 C:81439.1
2026-01-30 11:30:00,113 - INFO - 지표: ADX=39.3, ATR=630.9, Bull=False, Bear=True
2026-01-30 11:31:03,015 - INFO - [상태] 포지션 없음, 자본금: $6126.51
2026-01-30 11:31:03,015 - INFO - [지표] ADX=nan, Bull=nan, Bear=nan
2026-01-30 11:36:03,016 - INFO - [상태] 포지션 없음, 자본금: $6126.51
2026-01-30 11:36:03,017 - INFO - [지표] ADX=nan, Bull=nan, Bear=nan
2026-01-30 11:41:03,018 - INFO - [상태] 포지션 없음, 자본금: $6126.51
2026-01-30 11:41:03,018 - INFO - [지표] ADX=nan, Bull=nan, Bear=nan
2026-01-30 11:45:00,086 - INFO - [EMA] 증분계산: prev=83735.29, close=81958.3, new=83598.60
2026-01-30 11:45:00,093 - INFO - 15m | 02:30 | O:81439.2 H:82094.3 L:81116.0 C:81958.3
2026-01-30 11:45:00,093 - INFO - 지표: ADX=42.3, ATR=665.6, Bull=False, Bear=True
2026-01-30 11:46:03,020 - INFO - [상태] 포지션 없음, 자본금: $6126.51
2026-01-30 11:46:03,020 - INFO - [지표] ADX=nan, Bull=nan, Bear=nan
2026-01-30 11:51:03,021 - INFO - [상태] 포지션 없음, 자본금: $6126.51
2026-01-30 11:51:03,022 - INFO - [지표] ADX=nan, Bull=nan, Bear=nan
2026-01-30 11:56:03,023 - INFO - [상태] 포지션 없음, 자본금: $6126.51
2026-01-30 11:56:03,023 - INFO - [지표] ADX=nan, Bull=nan, Bear=nan
2026-01-30 12:00:00,029 - INFO - [EMA] 증분계산: prev=83598.60, close=82128.1, new=83485.49
2026-01-30 12:00:00,035 - INFO - 15m | 02:45 | O:81958.3 H:82154.8 L:81842.2 C:82128.1
2026-01-30 12:00:00,035 - INFO - 지표: ADX=44.8, ATR=630.3, Bull=False, Bear=True
2026-01-30 12:01:03,024 - INFO - [상태] 포지션 없음, 자본금: $6126.51
2026-01-30 12:01:03,024 - INFO - [지표] ADX=nan, Bull=nan, Bear=nan
2026-01-30 12:06:03,026 - INFO - [상태] 포지션 없음, 자본금: $6126.51
2026-01-30 12:06:03,026 - INFO - [지표] ADX=nan, Bull=nan, Bear=nan
2026-01-30 12:11:03,027 - INFO - [상태] 포지션 없음, 자본금: $6126.51
2026-01-30 12:11:03,028 - INFO - [지표] ADX=nan, Bull=nan, Bear=nan
2026-01-30 12:15:00,032 - INFO - [EMA] 증분계산: prev=83485.49, close=82352.6, new=83398.34
2026-01-30 12:15:00,041 - INFO - 15m | 03:00 | O:82128.0 H:82379.5 L:81995.6 C:82352.6
2026-01-30 12:15:00,041 - INFO - 지표: ADX=46.4, ATR=605.7, Bull=False, Bear=True
2026-01-30 12:16:03,028 - INFO - [상태] 포지션 없음, 자본금: $6126.51
2026-01-30 12:16:03,029 - INFO - [지표] ADX=nan, Bull=nan, Bear=nan
2026-01-30 12:21:03,030 - INFO - [상태] 포지션 없음, 자본금: $6126.51
2026-01-30 12:21:03,030 - INFO - [지표] ADX=nan, Bull=nan, Bear=nan
2026-01-30 12:26:03,031 - INFO - [상태] 포지션 없음, 자본금: $6126.51
2026-01-30 12:26:03,031 - INFO - [지표] ADX=nan, Bull=nan, Bear=nan
2026-01-30 12:30:00,207 - INFO - [EMA] 증분계산: prev=83398.34, close=82324.8, new=83315.76
2026-01-30 12:30:00,217 - INFO - 15m | 03:15 | O:82352.7 H:82396.5 L:82184.5 C:82324.8
2026-01-30 12:30:00,217 - INFO - 지표: ADX=47.9, ATR=566.3, Bull=False, Bear=True
2026-01-30 12:31:03,032 - INFO - [상태] 포지션 없음, 자본금: $6126.51
2026-01-30 12:31:03,032 - INFO - [지표] ADX=nan, Bull=nan, Bear=nan
2026-01-30 12:36:03,033 - INFO - [상태] 포지션 없음, 자본금: $6126.51
2026-01-30 12:36:03,033 - INFO - [지표] ADX=nan, Bull=nan, Bear=nan
2026-01-30 12:41:03,035 - INFO - [상태] 포지션 없음, 자본금: $6126.51
2026-01-30 12:41:03,036 - INFO - [지표] ADX=nan, Bull=nan, Bear=nan
2026-01-30 12:45:00,026 - INFO - [EMA] 증분계산: prev=83315.76, close=82455.9, new=83249.62
2026-01-30 12:45:00,032 - INFO - 15m | 03:30 | O:82324.7 H:82493.4 L:82320.2 C:82455.9
2026-01-30 12:45:00,032 - INFO - 지표: ADX=48.8, ATR=527.0, Bull=False, Bear=True
2026-01-30 12:46:03,037 - INFO - [상태] 포지션 없음, 자본금: $6126.51
2026-01-30 12:46:03,037 - INFO - [지표] ADX=nan, Bull=nan, Bear=nan
2026-01-30 12:51:03,038 - INFO - [상태] 포지션 없음, 자본금: $6126.51
2026-01-30 12:51:03,038 - INFO - [지표] ADX=nan, Bull=nan, Bear=nan
2026-01-30 12:56:03,040 - INFO - [상태] 포지션 없음, 자본금: $6126.51
2026-01-30 12:56:03,040 - INFO - [지표] ADX=nan, Bull=nan, Bear=nan
2026-01-30 13:00:01,512 - INFO - [EMA] 증분계산: prev=83249.62, close=82640.9, new=83202.79
2026-01-30 13:00:01,521 - INFO - 15m | 03:45 | O:82455.9 H:82709.5 L:82389.1 C:82640.9
2026-01-30 13:00:01,522 - INFO - 지표: ADX=49.0, ATR=506.3, Bull=False, Bear=True
2026-01-30 13:01:03,041 - INFO - [상태] 포지션 없음, 자본금: $6126.51
2026-01-30 13:01:03,041 - INFO - [지표] ADX=nan, Bull=nan, Bear=nan
2026-01-30 13:06:03,043 - INFO - [상태] 포지션 없음, 자본금: $6126.51
2026-01-30 13:06:03,043 - INFO - [지표] ADX=nan, Bull=nan, Bear=nan
2026-01-30 13:11:03,044 - INFO - [상태] 포지션 없음, 자본금: $6126.51
2026-01-30 13:11:03,044 - INFO - [지표] ADX=nan, Bull=nan, Bear=nan
2026-01-30 13:15:00,096 - INFO - [EMA] 증분계산: prev=83202.79, close=82983.6, new=83185.93
2026-01-30 13:15:00,106 - INFO - 15m | 04:00 | O:82640.9 H:82983.7 L:82640.4 C:82983.6
2026-01-30 13:15:00,106 - INFO - 지표: ADX=48.2, ATR=490.0, Bull=False, Bear=True
2026-01-30 13:16:03,045 - INFO - [상태] 포지션 없음, 자본금: $6126.51
2026-01-30 13:16:03,045 - INFO - [지표] ADX=nan, Bull=nan, Bear=nan
2026-01-30 13:21:03,046 - INFO - [상태] 포지션 없음, 자본금: $6126.51
2026-01-30 13:21:03,047 - INFO - [지표] ADX=nan, Bull=nan, Bear=nan
2026-01-30 13:26:03,048 - INFO - [상태] 포지션 없음, 자본금: $6126.51
2026-01-30 13:26:03,048 - INFO - [지표] ADX=nan, Bull=nan, Bear=nan
2026-01-30 13:30:00,075 - INFO - [EMA] 증분계산: prev=83185.93, close=83001.0, new=83171.71
2026-01-30 13:30:00,084 - INFO - 15m | 04:15 | O:82983.7 H:83299.9 L:82885.2 C:83001.0
2026-01-30 13:30:00,085 - INFO - 지표: ADX=46.6, ATR=482.5, Bull=False, Bear=True
2026-01-30 13:30:00,085 - INFO - [LIVE] SHORT 신호 감지!
2026-01-30 13:30:00,085 - INFO - ==================================================
2026-01-30 13:30:00,085 - INFO - [LIVE] SHORT 진입 준비
2026-01-30 13:30:00,085 - INFO - 진입가: $83001.00
2026-01-30 13:30:00,085 - INFO - 손절가: $84699.90 (2.05%)
2026-01-30 13:30:00,085 - INFO - 익절가: $80843.21 (2.60%)
2026-01-30 13:30:00,085 - INFO - 레버리지: 2.79x
2026-01-30 13:30:00,085 - INFO - 포지션 크기: 0.205937 BTC ($17092.95)
2026-01-30 13:30:00,085 - INFO - ==================================================
2026-01-30 13:30:00,179 - INFO - Leverage 설정: 3x
2026-01-30 13:30:00,223 - INFO - Market Order 체결: SHORT 0.206
2026-01-30 13:30:00,844 - INFO - 실제 체결가: $83000.90, 수량: 0.206000
2026-01-30 13:30:00,943 - INFO - LIMIT Close 주문: SHORT 0.206 @ $80843.1, ID: 895081844958
2026-01-30 13:30:00,943 - INFO - TP 주문 설정: $80843.11
2026-01-30 13:30:01,025 - INFO - STOP_MARKET 주문 (Algo): $84699.9, AlgoID: 3000000464376435
2026-01-30 13:30:01,026 - INFO - SL 주문 설정: $84699.90
2026-01-30 13:30:01,026 - INFO - 거래 기록 저장: ENTRY @ $83000.90
2026-01-30 13:30:01,026 - INFO - [LIVE] SHORT 진입 완료!
2026-01-30 13:31:03,091 - INFO - [상태] 포지션: SHORT, 진입가: $83000.90, 현재가: $82957.60, 미실현PnL: $8.92
2026-01-30 13:31:03,092 - INFO - [지표] ADX=nan, Bull=nan, Bear=nan
2026-01-30 13:36:03,132 - INFO - [상태] 포지션: SHORT, 진입가: $83000.90, 현재가: $83163.40, 미실현PnL: $-33.48
2026-01-30 13:36:03,132 - INFO - [지표] ADX=nan, Bull=nan, Bear=nan
2026-01-30 13:41:03,175 - INFO - [상태] 포지션: SHORT, 진입가: $83000.90, 현재가: $82879.00, 미실현PnL: $25.11
2026-01-30 13:41:03,175 - INFO - [지표] ADX=nan, Bull=nan, Bear=nan
2026-01-30 13:45:00,084 - INFO - [EMA] 증분계산: prev=83171.71, close=82879.9, new=83149.26
2026-01-30 13:45:00,094 - INFO - 15m | 04:30 | O:83001.0 H:83163.5 L:82856.7 C:82879.9
2026-01-30 13:45:00,094 - INFO - 지표: ADX=45.1, ATR=464.9, Bull=False, Bear=True
2026-01-30 13:46:03,218 - INFO - [상태] 포지션: SHORT, 진입가: $83000.90, 현재가: $82888.00, 미실현PnL: $23.26
2026-01-30 13:46:03,218 - INFO - [지표] ADX=nan, Bull=nan, Bear=nan
2026-01-30 13:51:03,261 - INFO - [상태] 포지션: SHORT, 진입가: $83000.90, 현재가: $82927.30, 미실현PnL: $15.16
2026-01-30 13:51:03,262 - INFO - [지표] ADX=nan, Bull=nan, Bear=nan
2026-01-30 13:56:03,303 - INFO - [상태] 포지션: SHORT, 진입가: $83000.90, 현재가: $82954.50, 미실현PnL: $9.56
2026-01-30 13:56:03,303 - INFO - [지표] ADX=nan, Bull=nan, Bear=nan
2026-01-30 14:00:00,285 - INFO - [EMA] 증분계산: prev=83149.26, close=82906.6, new=83130.59
2026-01-30 14:00:00,295 - INFO - 15m | 04:45 | O:82880.0 H:82964.6 L:82843.1 C:82906.6
2026-01-30 14:00:00,295 - INFO - 지표: ADX=43.8, ATR=430.6, Bull=False, Bear=True
2026-01-30 14:01:03,344 - INFO - [상태] 포지션: SHORT, 진입가: $83000.90, 현재가: $82861.40, 미실현PnL: $28.74
2026-01-30 14:01:03,345 - INFO - [지표] ADX=nan, Bull=nan, Bear=nan
2026-01-30 14:06:03,390 - INFO - [상태] 포지션: SHORT, 진입가: $83000.90, 현재가: $82938.50, 미실현PnL: $12.85
2026-01-30 14:06:03,391 - INFO - [지표] ADX=nan, Bull=nan, Bear=nan
2026-01-30 14:11:03,511 - INFO - [상태] 포지션: SHORT, 진입가: $83000.90, 현재가: $82948.10, 미실현PnL: $10.88
2026-01-30 14:11:03,511 - INFO - [지표] ADX=nan, Bull=nan, Bear=nan
2026-01-30 14:15:00,056 - INFO - [EMA] 증분계산: prev=83130.59, close=82936.8, new=83115.69
2026-01-30 14:15:00,063 - INFO - 15m | 05:00 | O:82906.5 H:83016.3 L:82859.4 C:82936.8
2026-01-30 14:15:00,063 - INFO - 지표: ADX=42.4, ATR=403.2, Bull=False, Bear=True
2026-01-30 14:16:03,556 - INFO - [상태] 포지션: SHORT, 진입가: $83000.90, 현재가: $82981.90, 미실현PnL: $3.91
2026-01-30 14:16:03,557 - INFO - [지표] ADX=nan, Bull=nan, Bear=nan
2026-01-30 14:21:03,599 - INFO - [상태] 포지션: SHORT, 진입가: $83000.90, 현재가: $82989.70, 미실현PnL: $2.31
2026-01-30 14:21:03,599 - INFO - [지표] ADX=nan, Bull=nan, Bear=nan
2026-01-30 14:26:03,641 - INFO - [상태] 포지션: SHORT, 진입가: $83000.90, 현재가: $82991.20, 미실현PnL: $2.00
2026-01-30 14:26:03,642 - INFO - [지표] ADX=nan, Bull=nan, Bear=nan
2026-01-30 14:30:00,082 - INFO - [EMA] 증분계산: prev=83115.69, close=83220.2, new=83123.73
2026-01-30 14:30:00,091 - INFO - 15m | 05:15 | O:82936.7 H:83300.0 L:82880.5 C:83220.2
2026-01-30 14:30:00,091 - INFO - 지표: ADX=40.2, ATR=404.9, Bull=False, Bear=True
2026-01-30 14:31:03,684 - INFO - [상태] 포지션: SHORT, 진입가: $83000.90, 현재가: $83264.50, 미실현PnL: $-54.30
2026-01-30 14:31:03,685 - INFO - [지표] ADX=nan, Bull=nan, Bear=nan
2026-01-30 14:36:03,794 - INFO - [상태] 포지션: SHORT, 진입가: $83000.90, 현재가: $83162.70, 미실현PnL: $-33.33
2026-01-30 14:36:03,794 - INFO - [지표] ADX=nan, Bull=nan, Bear=nan
2026-01-30 14:41:03,835 - INFO - [상태] 포지션: SHORT, 진입가: $83000.90, 현재가: $83086.90, 미실현PnL: $-17.72
2026-01-30 14:41:03,835 - INFO - [지표] ADX=nan, Bull=nan, Bear=nan
2026-01-30 14:45:00,091 - INFO - [EMA] 증분계산: prev=83123.73, close=83066.9, new=83119.35
2026-01-30 14:45:00,097 - INFO - 15m | 05:30 | O:83220.2 H:83270.0 L:83066.9 C:83066.9
2026-01-30 14:45:00,097 - INFO - 지표: ADX=38.2, ATR=384.7, Bull=False, Bear=True
2026-01-30 14:46:03,877 - INFO - [상태] 포지션: SHORT, 진입가: $83000.90, 현재가: $83000.00, 미실현PnL: $0.19
2026-01-30 14:46:03,877 - INFO - [지표] ADX=nan, Bull=nan, Bear=nan
2026-01-30 14:51:03,928 - INFO - [상태] 포지션: SHORT, 진입가: $83000.90, 현재가: $82981.00, 미실현PnL: $4.10
2026-01-30 14:51:03,929 - INFO - [지표] ADX=nan, Bull=nan, Bear=nan
2026-01-30 14:56:03,971 - INFO - [상태] 포지션: SHORT, 진입가: $83000.90, 현재가: $83026.00, 미실현PnL: $-5.17
2026-01-30 14:56:03,972 - INFO - [지표] ADX=nan, Bull=nan, Bear=nan
2026-01-30 15:00:00,160 - INFO - [EMA] 증분계산: prev=83119.35, close=82873.5, new=83100.44
2026-01-30 15:00:00,167 - INFO - 15m | 05:45 | O:83067.0 H:83100.0 L:82866.7 C:82873.5
2026-01-30 15:00:00,167 - INFO - 지표: ADX=36.8, ATR=369.5, Bull=False, Bear=True
2026-01-30 15:01:04,011 - INFO - [상태] 포지션: SHORT, 진입가: $83000.90, 현재가: $82827.90, 미실현PnL: $35.64
2026-01-30 15:01:04,012 - INFO - [지표] ADX=nan, Bull=nan, Bear=nan
2026-01-30 15:06:04,053 - INFO - [상태] 포지션: SHORT, 진입가: $83000.90, 현재가: $82819.50, 미실현PnL: $37.37
2026-01-30 15:06:04,053 - INFO - [지표] ADX=nan, Bull=nan, Bear=nan
2026-01-30 15:11:04,093 - INFO - [상태] 포지션: SHORT, 진입가: $83000.90, 현재가: $82831.90, 미실현PnL: $34.81
2026-01-30 15:11:04,093 - INFO - [지표] ADX=nan, Bull=nan, Bear=nan
2026-01-30 15:15:00,227 - INFO - [EMA] 증분계산: prev=83100.44, close=82753.6, new=83073.76
2026-01-30 15:15:00,237 - INFO - 15m | 06:00 | O:82873.5 H:82882.3 L:82714.4 C:82753.6
2026-01-30 15:15:00,237 - INFO - 지표: ADX=35.8, ATR=349.4, Bull=False, Bear=True
2026-01-30 15:16:04,135 - INFO - [상태] 포지션: SHORT, 진입가: $83000.90, 현재가: $82739.80, 미실현PnL: $53.79
2026-01-30 15:16:04,135 - INFO - [지표] ADX=nan, Bull=nan, Bear=nan
2026-01-30 15:21:04,177 - INFO - [상태] 포지션: SHORT, 진입가: $83000.90, 현재가: $82600.00, 미실현PnL: $82.59
2026-01-30 15:21:04,177 - INFO - [지표] ADX=nan, Bull=nan, Bear=nan
2026-01-30 15:26:04,220 - INFO - [상태] 포지션: SHORT, 진입가: $83000.90, 현재가: $82607.30, 미실현PnL: $81.08
2026-01-30 15:26:04,221 - INFO - [지표] ADX=nan, Bull=nan, Bear=nan
2026-01-30 15:30:00,053 - INFO - [EMA] 증분계산: prev=83073.76, close=82381.0, new=83020.47
2026-01-30 15:30:00,062 - INFO - 15m | 06:15 | O:82753.5 H:82764.2 L:82328.0 C:82381.0
2026-01-30 15:30:00,062 - INFO - 지표: ADX=35.6, ATR=358.1, Bull=False, Bear=True
2026-01-30 15:31:04,261 - INFO - [상태] 포지션: SHORT, 진입가: $83000.90, 현재가: $82344.00, 미실현PnL: $135.32
2026-01-30 15:31:04,261 - INFO - [지표] ADX=nan, Bull=nan, Bear=nan
2026-01-30 15:36:04,309 - INFO - [상태] 포지션: SHORT, 진입가: $83000.90, 현재가: $82410.20, 미실현PnL: $121.68
2026-01-30 15:36:04,309 - INFO - [지표] ADX=nan, Bull=nan, Bear=nan
2026-01-30 15:41:04,362 - INFO - [상태] 포지션: SHORT, 진입가: $83000.90, 현재가: $82267.60, 미실현PnL: $151.06
2026-01-30 15:41:04,362 - INFO - [지표] ADX=nan, Bull=nan, Bear=nan
2026-01-30 15:45:00,050 - INFO - [EMA] 증분계산: prev=83020.47, close=82129.9, new=82951.97
2026-01-30 15:45:00,056 - INFO - 15m | 06:30 | O:82381.0 H:82470.8 L:82115.5 C:82129.9
2026-01-30 15:45:00,056 - INFO - 지표: ADX=35.8, ATR=357.8, Bull=False, Bear=True
2026-01-30 15:46:04,402 - INFO - [상태] 포지션: SHORT, 진입가: $83000.90, 현재가: $82168.20, 미실현PnL: $171.54
2026-01-30 15:46:04,402 - INFO - [지표] ADX=nan, Bull=nan, Bear=nan
2026-01-30 15:51:04,447 - INFO - [상태] 포지션: SHORT, 진입가: $83000.90, 현재가: $82379.40, 미실현PnL: $128.03
2026-01-30 15:51:04,447 - INFO - [지표] ADX=nan, Bull=nan, Bear=nan
2026-01-30 15:56:04,489 - INFO - [상태] 포지션: SHORT, 진입가: $83000.90, 현재가: $82569.20, 미실현PnL: $88.93
2026-01-30 15:56:04,489 - INFO - [지표] ADX=nan, Bull=nan, Bear=nan
2026-01-30 16:00:00,174 - INFO - [EMA] 증분계산: prev=82951.97, close=82560.8, new=82921.88
2026-01-30 16:00:00,184 - INFO - 15m | 06:45 | O:82129.8 H:82644.5 L:82021.1 C:82560.8
2026-01-30 16:00:00,184 - INFO - 지표: ADX=35.4, ATR=384.3, Bull=False, Bear=True
2026-01-30 16:01:04,530 - INFO - [상태] 포지션: SHORT, 진입가: $83000.90, 현재가: $82600.80, 미실현PnL: $82.42
2026-01-30 16:01:04,530 - INFO - [지표] ADX=nan, Bull=nan, Bear=nan
2026-01-30 16:06:04,573 - INFO - [상태] 포지션: SHORT, 진입가: $83000.90, 현재가: $82625.70, 미실현PnL: $77.29
2026-01-30 16:06:04,573 - INFO - [지표] ADX=nan, Bull=nan, Bear=nan
2026-01-30 16:11:04,613 - INFO - [상태] 포지션: SHORT, 진입가: $83000.90, 현재가: $82752.70, 미실현PnL: $51.13
2026-01-30 16:11:04,614 - INFO - [지표] ADX=nan, Bull=nan, Bear=nan
2026-01-30 16:15:00,123 - INFO - [EMA] 증분계산: prev=82921.88, close=82907.9, new=82920.80
2026-01-30 16:15:00,129 - INFO - 15m | 07:00 | O:82560.8 H:83074.4 L:82560.8 C:82907.9
2026-01-30 16:15:00,129 - INFO - 지표: ADX=33.7, ATR=397.3, Bull=False, Bear=True
2026-01-30 16:16:04,654 - INFO - [상태] 포지션: SHORT, 진입가: $83000.90, 현재가: $82909.40, 미실현PnL: $18.85
2026-01-30 16:16:04,655 - INFO - [지표] ADX=nan, Bull=nan, Bear=nan
2026-01-30 16:21:04,698 - INFO - [상태] 포지션: SHORT, 진입가: $83000.90, 현재가: $82785.30, 미실현PnL: $44.41
2026-01-30 16:21:04,698 - INFO - [지표] ADX=nan, Bull=nan, Bear=nan
2026-01-30 16:26:04,739 - INFO - [상태] 포지션: SHORT, 진입가: $83000.90, 현재가: $82686.60, 미실현PnL: $64.75
2026-01-30 16:26:04,740 - INFO - [지표] ADX=nan, Bull=nan, Bear=nan
2026-01-30 16:30:00,579 - INFO - [EMA] 증분계산: prev=82920.80, close=82627.4, new=82898.23
2026-01-30 16:30:00,588 - INFO - 15m | 07:15 | O:82907.9 H:82967.7 L:82620.1 C:82627.4
2026-01-30 16:30:00,588 - INFO - 지표: ADX=32.1, ATR=392.3, Bull=False, Bear=True
2026-01-30 16:31:04,780 - INFO - [상태] 포지션: SHORT, 진입가: $83000.90, 현재가: $82566.70, 미실현PnL: $89.45
2026-01-30 16:31:04,780 - INFO - [지표] ADX=nan, Bull=nan, Bear=nan
2026-01-30 16:36:04,822 - INFO - [상태] 포지션: SHORT, 진입가: $83000.90, 현재가: $82663.20, 미실현PnL: $69.57
2026-01-30 16:36:04,823 - INFO - [지표] ADX=nan, Bull=nan, Bear=nan
2026-01-30 16:41:04,863 - INFO - [상태] 포지션: SHORT, 진입가: $83000.90, 현재가: $82549.50, 미실현PnL: $92.99
2026-01-30 16:41:04,863 - INFO - [지표] ADX=nan, Bull=nan, Bear=nan
2026-01-30 16:45:00,046 - INFO - [EMA] 증분계산: prev=82898.23, close=82520.9, new=82869.21
2026-01-30 16:45:00,056 - INFO - 15m | 07:30 | O:82627.4 H:82694.3 L:82431.6 C:82520.9
2026-01-30 16:45:00,056 - INFO - 지표: ADX=31.1, ATR=379.3, Bull=False, Bear=True
2026-01-30 16:46:04,903 - INFO - [상태] 포지션: SHORT, 진입가: $83000.90, 현재가: $82519.20, 미실현PnL: $99.23
2026-01-30 16:46:04,903 - INFO - [지표] ADX=nan, Bull=nan, Bear=nan
2026-01-30 16:51:04,943 - INFO - [상태] 포지션: SHORT, 진입가: $83000.90, 현재가: $82753.90, 미실현PnL: $50.88
2026-01-30 16:51:04,943 - INFO - [지표] ADX=nan, Bull=nan, Bear=nan
2026-01-30 16:56:04,981 - INFO - [상태] 포지션: SHORT, 진입가: $83000.90, 현재가: $82871.20, 미실현PnL: $26.72
2026-01-30 16:56:04,982 - INFO - [지표] ADX=nan, Bull=nan, Bear=nan
2026-01-30 17:00:01,800 - INFO - [EMA] 증분계산: prev=82869.21, close=82770.1, new=82861.58
2026-01-30 17:00:01,809 - INFO - 15m | 07:45 | O:82521.0 H:82910.7 L:82500.0 C:82770.1
2026-01-30 17:00:01,809 - INFO - 지표: ADX=29.5, ATR=382.5, Bull=False, Bear=True
2026-01-30 17:01:05,023 - INFO - [상태] 포지션: SHORT, 진입가: $83000.90, 현재가: $82698.40, 미실현PnL: $62.31
2026-01-30 17:01:05,023 - INFO - [지표] ADX=nan, Bull=nan, Bear=nan
2026-01-30 17:06:05,063 - INFO - [상태] 포지션: SHORT, 진입가: $83000.90, 현재가: $82633.10, 미실현PnL: $75.77
2026-01-30 17:06:05,064 - INFO - [지표] ADX=nan, Bull=nan, Bear=nan
2026-01-30 17:11:05,106 - INFO - [상태] 포지션: SHORT, 진입가: $83000.90, 현재가: $82739.90, 미실현PnL: $53.77
2026-01-30 17:11:05,106 - INFO - [지표] ADX=nan, Bull=nan, Bear=nan
2026-01-30 17:15:00,028 - INFO - [EMA] 증분계산: prev=82861.58, close=82847.5, new=82860.50
2026-01-30 17:15:00,038 - INFO - 15m | 08:00 | O:82770.1 H:82871.3 L:82553.7 C:82847.5
2026-01-30 17:15:00,038 - INFO - 지표: ADX=28.0, ATR=376.0, Bull=False, Bear=True
2026-01-30 17:16:05,147 - INFO - [상태] 포지션: SHORT, 진입가: $83000.90, 현재가: $82935.90, 미실현PnL: $13.39
2026-01-30 17:16:05,148 - INFO - [지표] ADX=nan, Bull=nan, Bear=nan
2026-01-30 17:21:05,187 - INFO - [상태] 포지션: SHORT, 진입가: $83000.90, 현재가: $82869.40, 미실현PnL: $27.09
2026-01-30 17:21:05,188 - INFO - [지표] ADX=nan, Bull=nan, Bear=nan
2026-01-30 17:26:05,230 - INFO - [상태] 포지션: SHORT, 진입가: $83000.90, 현재가: $82787.90, 미실현PnL: $43.88
2026-01-30 17:26:05,230 - INFO - [지표] ADX=nan, Bull=nan, Bear=nan
2026-01-30 17:30:00,075 - INFO - [EMA] 증분계산: prev=82860.50, close=82650.1, new=82844.32
2026-01-30 17:30:00,082 - INFO - 15m | 08:15 | O:82847.6 H:82939.7 L:82650.0 C:82650.1
2026-01-30 17:30:00,082 - INFO - 지표: ADX=26.4, ATR=367.4, Bull=False, Bear=True
2026-01-30 17:31:05,271 - INFO - [상태] 포지션: SHORT, 진입가: $83000.90, 현재가: $82585.70, 미실현PnL: $85.53
2026-01-30 17:31:05,271 - INFO - [지표] ADX=nan, Bull=nan, Bear=nan
2026-01-30 17:36:05,313 - INFO - [상태] 포지션: SHORT, 진입가: $83000.90, 현재가: $82462.10, 미실현PnL: $110.99
2026-01-30 17:36:05,313 - INFO - [지표] ADX=nan, Bull=nan, Bear=nan
2026-01-30 17:41:05,355 - INFO - [상태] 포지션: SHORT, 진입가: $83000.90, 현재가: $82483.90, 미실현PnL: $106.50
2026-01-30 17:41:05,355 - INFO - [지표] ADX=nan, Bull=nan, Bear=nan
2026-01-30 17:45:00,090 - INFO - [EMA] 증분계산: prev=82844.32, close=82550.7, new=82821.73
2026-01-30 17:45:00,097 - INFO - 15m | 08:30 | O:82650.0 H:82650.0 L:82399.0 C:82550.7
2026-01-30 17:45:00,097 - INFO - 지표: ADX=25.6, ATR=355.7, Bull=False, Bear=True
2026-01-30 17:46:05,397 - INFO - [상태] 포지션: SHORT, 진입가: $83000.90, 현재가: $82534.60, 미실현PnL: $96.06
2026-01-30 17:46:05,397 - INFO - [지표] ADX=nan, Bull=nan, Bear=nan
2026-01-30 17:51:05,438 - INFO - [상태] 포지션: SHORT, 진입가: $83000.90, 현재가: $82551.40, 미실현PnL: $92.60
2026-01-30 17:51:05,438 - INFO - [지표] ADX=nan, Bull=nan, Bear=nan
2026-01-30 17:56:05,479 - INFO - [상태] 포지션: SHORT, 진입가: $83000.90, 현재가: $82569.90, 미실현PnL: $88.79
2026-01-30 17:56:05,480 - INFO - [지표] ADX=nan, Bull=nan, Bear=nan
2026-01-30 18:00:00,142 - INFO - [EMA] 증분계산: prev=82821.73, close=82625.3, new=82806.62
2026-01-30 18:00:00,151 - INFO - 15m | 08:45 | O:82550.8 H:82642.0 L:82443.0 C:82625.3
2026-01-30 18:00:00,151 - INFO - 지표: ADX=24.8, ATR=340.1, Bull=False, Bear=True
2026-01-30 18:01:05,522 - INFO - [상태] 포지션: SHORT, 진입가: $83000.90, 현재가: $82714.60, 미실현PnL: $58.98
2026-01-30 18:01:05,522 - INFO - [지표] ADX=nan, Bull=nan, Bear=nan
2026-01-30 18:06:05,564 - INFO - [상태] 포지션: SHORT, 진입가: $83000.90, 현재가: $82684.10, 미실현PnL: $65.26
2026-01-30 18:06:05,565 - INFO - [지표] ADX=nan, Bull=nan, Bear=nan
2026-01-30 18:11:05,673 - INFO - [상태] 포지션: SHORT, 진입가: $83000.90, 현재가: $82622.20, 미실현PnL: $78.01
2026-01-30 18:11:05,673 - INFO - [지표] ADX=nan, Bull=nan, Bear=nan
2026-01-30 18:15:00,531 - INFO - [EMA] 증분계산: prev=82806.62, close=82596.6, new=82790.46
2026-01-30 18:15:00,541 - INFO - 15m | 09:00 | O:82625.3 H:82793.5 L:82555.5 C:82596.6
2026-01-30 18:15:00,541 - INFO - 지표: ADX=23.6, ATR=329.9, Bull=False, Bear=True
2026-01-30 18:16:05,716 - INFO - [상태] 포지션: SHORT, 진입가: $83000.90, 현재가: $82619.20, 미실현PnL: $78.63
2026-01-30 18:16:05,717 - INFO - [지표] ADX=nan, Bull=nan, Bear=nan
2026-01-30 18:21:05,759 - INFO - [상태] 포지션: SHORT, 진입가: $83000.90, 현재가: $82523.90, 미실현PnL: $98.26
2026-01-30 18:21:05,760 - INFO - [지표] ADX=nan, Bull=nan, Bear=nan
2026-01-30 18:26:05,825 - INFO - [상태] 포지션: SHORT, 진입가: $83000.90, 현재가: $82297.10, 미실현PnL: $144.98
2026-01-30 18:26:05,825 - INFO - [지표] ADX=nan, Bull=nan, Bear=nan
2026-01-30 18:30:00,056 - INFO - [EMA] 증분계산: prev=82790.46, close=82368.6, new=82758.01
2026-01-30 18:30:00,063 - INFO - 15m | 09:15 | O:82596.6 H:82619.2 L:82135.3 C:82368.6
2026-01-30 18:30:00,063 - INFO - 지표: ADX=23.5, ATR=345.3, Bull=False, Bear=True
2026-01-30 18:31:05,864 - INFO - [상태] 포지션: SHORT, 진입가: $83000.90, 현재가: $82429.50, 미실현PnL: $117.71
2026-01-30 18:31:05,865 - INFO - [지표] ADX=nan, Bull=nan, Bear=nan
2026-01-30 18:36:05,905 - INFO - [상태] 포지션: SHORT, 진입가: $83000.90, 현재가: $82471.90, 미실현PnL: $108.97
2026-01-30 18:36:05,905 - INFO - [지표] ADX=nan, Bull=nan, Bear=nan
2026-01-30 18:41:05,944 - INFO - [상태] 포지션: SHORT, 진입가: $83000.90, 현재가: $82587.60, 미실현PnL: $85.14
2026-01-30 18:41:05,945 - INFO - [지표] ADX=nan, Bull=nan, Bear=nan
2026-01-30 18:45:00,028 - INFO - [EMA] 증분계산: prev=82758.01, close=82442.3, new=82733.73
2026-01-30 18:45:00,035 - INFO - 15m | 09:30 | O:82368.5 H:82607.2 L:82368.5 C:82442.3
2026-01-30 18:45:00,035 - INFO - 지표: ADX=23.4, ATR=334.6, Bull=False, Bear=True
2026-01-30 18:46:05,986 - INFO - [상태] 포지션: SHORT, 진입가: $83000.90, 현재가: $82283.50, 미실현PnL: $147.78
2026-01-30 18:46:05,986 - INFO - [지표] ADX=nan, Bull=nan, Bear=nan
2026-01-30 18:51:06,028 - INFO - [상태] 포지션: SHORT, 진입가: $83000.90, 현재가: $82232.60, 미실현PnL: $158.27
2026-01-30 18:51:06,029 - INFO - [지표] ADX=nan, Bull=nan, Bear=nan
2026-01-30 18:56:06,070 - INFO - [상태] 포지션: SHORT, 진입가: $83000.90, 현재가: $82255.00, 미실현PnL: $153.66
2026-01-30 18:56:06,070 - INFO - [지표] ADX=nan, Bull=nan, Bear=nan
2026-01-30 19:00:00,037 - INFO - [EMA] 증분계산: prev=82733.73, close=82320.5, new=82701.94
2026-01-30 19:00:00,047 - INFO - 15m | 09:45 | O:82442.2 H:82442.3 L:82108.4 C:82320.5
2026-01-30 19:00:00,047 - INFO - 지표: ADX=23.9, ATR=334.5, Bull=False, Bear=True
2026-01-30 19:01:06,112 - INFO - [상태] 포지션: SHORT, 진입가: $83000.90, 현재가: $82334.10, 미실현PnL: $137.36
2026-01-30 19:01:06,113 - INFO - [지표] ADX=nan, Bull=nan, Bear=nan
2026-01-30 19:06:06,152 - INFO - [상태] 포지션: SHORT, 진입가: $83000.90, 현재가: $82284.40, 미실현PnL: $147.60
2026-01-30 19:06:06,152 - INFO - [지표] ADX=nan, Bull=nan, Bear=nan
2026-01-30 19:11:06,261 - INFO - [상태] 포지션: SHORT, 진입가: $83000.90, 현재가: $82169.40, 미실현PnL: $171.29
2026-01-30 19:11:06,261 - INFO - [지표] ADX=nan, Bull=nan, Bear=nan
2026-01-30 19:15:00,039 - INFO - [EMA] 증분계산: prev=82701.94, close=82281.1, new=82669.57
2026-01-30 19:15:00,045 - INFO - 15m | 10:00 | O:82320.5 H:82370.1 L:82115.1 C:82281.1
2026-01-30 19:15:00,045 - INFO - 지표: ADX=24.3, ATR=326.6, Bull=False, Bear=True
2026-01-30 19:16:06,308 - INFO - [상태] 포지션: SHORT, 진입가: $83000.90, 현재가: $82264.00, 미실현PnL: $151.80
2026-01-30 19:16:06,308 - INFO - [지표] ADX=nan, Bull=nan, Bear=nan
2026-01-30 19:21:06,351 - INFO - [상태] 포지션: SHORT, 진입가: $83000.90, 현재가: $82454.10, 미실현PnL: $112.64
2026-01-30 19:21:06,351 - INFO - [지표] ADX=nan, Bull=nan, Bear=nan
2026-01-30 19:26:06,395 - INFO - [상태] 포지션: SHORT, 진입가: $83000.90, 현재가: $82478.50, 미실현PnL: $107.61
2026-01-30 19:26:06,395 - INFO - [지표] ADX=nan, Bull=nan, Bear=nan
2026-01-30 19:30:00,033 - INFO - [EMA] 증분계산: prev=82669.57, close=82482.5, new=82655.18
2026-01-30 19:30:00,042 - INFO - 15m | 10:15 | O:82281.2 H:82589.5 L:82206.6 C:82482.5
2026-01-30 19:30:00,042 - INFO - 지표: ADX=23.9, ATR=332.2, Bull=False, Bear=True
2026-01-30 19:31:06,440 - INFO - [상태] 포지션: SHORT, 진입가: $83000.90, 현재가: $82510.00, 미실현PnL: $101.13
2026-01-30 19:31:06,440 - INFO - [지표] ADX=nan, Bull=nan, Bear=nan
2026-01-30 19:36:06,484 - INFO - [상태] 포지션: SHORT, 진입가: $83000.90, 현재가: $82590.10, 미실현PnL: $84.62
2026-01-30 19:36:06,485 - INFO - [지표] ADX=nan, Bull=nan, Bear=nan
2026-01-30 19:41:06,527 - INFO - [상태] 포지션: SHORT, 진입가: $83000.90, 현재가: $82488.60, 미실현PnL: $105.53
2026-01-30 19:41:06,527 - INFO - [지표] ADX=nan, Bull=nan, Bear=nan
2026-01-30 19:45:00,031 - INFO - [EMA] 증분계산: prev=82655.18, close=82548.0, new=82646.93
2026-01-30 19:45:00,037 - INFO - 15m | 10:30 | O:82482.5 H:82612.0 L:82439.1 C:82548.0
2026-01-30 19:45:00,037 - INFO - 지표: ADX=23.4, ATR=316.3, Bull=False, Bear=True
2026-01-30 19:46:06,576 - INFO - [상태] 포지션: SHORT, 진입가: $83000.90, 현재가: $82527.30, 미실현PnL: $97.56
2026-01-30 19:46:06,576 - INFO - [지표] ADX=nan, Bull=nan, Bear=nan
2026-01-30 19:51:06,618 - INFO - [상태] 포지션: SHORT, 진입가: $83000.90, 현재가: $82737.30, 미실현PnL: $54.30
2026-01-30 19:51:06,618 - INFO - [지표] ADX=nan, Bull=nan, Bear=nan
2026-01-30 19:56:06,658 - INFO - [상태] 포지션: SHORT, 진입가: $83000.90, 현재가: $82701.10, 미실현PnL: $61.76
2026-01-30 19:56:06,658 - INFO - [지표] ADX=nan, Bull=nan, Bear=nan
2026-01-30 20:00:00,103 - INFO - [EMA] 증분계산: prev=82646.93, close=82793.2, new=82658.19
2026-01-30 20:00:00,109 - INFO - 15m | 10:45 | O:82548.0 H:82859.0 L:82527.3 C:82793.2
2026-01-30 20:00:00,109 - INFO - 지표: ADX=22.1, ATR=317.8, Bull=False, Bear=True
2026-01-30 20:01:06,698 - INFO - [상태] 포지션: SHORT, 진입가: $83000.90, 현재가: $82754.00, 미실현PnL: $50.86
2026-01-30 20:01:06,699 - INFO - [지표] ADX=nan, Bull=nan, Bear=nan
2026-01-30 20:06:06,739 - INFO - [상태] 포지션: SHORT, 진입가: $83000.90, 현재가: $82768.80, 미실현PnL: $47.81
2026-01-30 20:06:06,739 - INFO - [지표] ADX=nan, Bull=nan, Bear=nan
2026-01-30 20:11:06,781 - INFO - [상태] 포지션: SHORT, 진입가: $83000.90, 현재가: $82748.00, 미실현PnL: $52.10
2026-01-30 20:11:06,781 - INFO - [지표] ADX=nan, Bull=nan, Bear=nan
2026-01-30 20:15:00,307 - INFO - [EMA] 증분계산: prev=82658.19, close=82824.2, new=82670.96
2026-01-30 20:15:00,317 - INFO - 15m | 11:00 | O:82793.2 H:82824.3 L:82700.0 C:82824.2
2026-01-30 20:15:00,317 - INFO - 지표: ADX=20.9, ATR=298.5, Bull=False, Bear=True
2026-01-30 20:16:06,824 - INFO - [상태] 포지션: SHORT, 진입가: $83000.90, 현재가: $82809.50, 미실현PnL: $39.43
2026-01-30 20:16:06,824 - INFO - [지표] ADX=nan, Bull=nan, Bear=nan
2026-01-30 20:21:06,865 - INFO - [상태] 포지션: SHORT, 진입가: $83000.90, 현재가: $82715.80, 미실현PnL: $58.73
2026-01-30 20:21:06,865 - INFO - [지표] ADX=nan, Bull=nan, Bear=nan
2026-01-30 20:26:06,907 - INFO - [상태] 포지션: SHORT, 진입가: $83000.90, 현재가: $82734.00, 미실현PnL: $54.98
2026-01-30 20:26:06,908 - INFO - [지표] ADX=nan, Bull=nan, Bear=nan
2026-01-30 20:30:00,248 - INFO - [EMA] 증분계산: prev=82670.96, close=82693.5, new=82672.69
2026-01-30 20:30:00,254 - INFO - 15m | 11:15 | O:82824.2 H:82889.7 L:82651.7 C:82693.5
2026-01-30 20:30:00,254 - INFO - 지표: ADX=19.5, ATR=292.4, Bull=False, Bear=True
2026-01-30 20:31:06,948 - INFO - [상태] 포지션: SHORT, 진입가: $83000.90, 현재가: $82688.10, 미실현PnL: $64.44
2026-01-30 20:31:06,948 - INFO - [지표] ADX=nan, Bull=nan, Bear=nan
2026-01-30 20:36:06,995 - INFO - [상태] 포지션: SHORT, 진입가: $83000.90, 현재가: $82742.50, 미실현PnL: $53.23
2026-01-30 20:36:06,995 - INFO - [지표] ADX=nan, Bull=nan, Bear=nan
2026-01-30 20:41:07,037 - INFO - [상태] 포지션: SHORT, 진입가: $83000.90, 현재가: $82801.50, 미실현PnL: $41.08
2026-01-30 20:41:07,037 - INFO - [지표] ADX=nan, Bull=nan, Bear=nan
2026-01-30 20:45:00,130 - INFO - [EMA] 증분계산: prev=82672.69, close=82751.8, new=82678.78
2026-01-30 20:45:00,137 - INFO - 15m | 11:30 | O:82693.5 H:82940.2 L:82686.3 C:82751.8
2026-01-30 20:45:00,137 - INFO - 지표: ADX=18.2, ATR=288.6, Bull=False, Bear=True
2026-01-30 20:46:07,078 - INFO - [상태] 포지션: SHORT, 진입가: $83000.90, 현재가: $82730.20, 미실현PnL: $55.76
2026-01-30 20:46:07,078 - INFO - [지표] ADX=nan, Bull=nan, Bear=nan
2026-01-30 20:51:07,121 - INFO - [상태] 포지션: SHORT, 진입가: $83000.90, 현재가: $82749.90, 미실현PnL: $51.71
2026-01-30 20:51:07,121 - INFO - [지표] ADX=nan, Bull=nan, Bear=nan
2026-01-30 20:56:07,162 - INFO - [상태] 포지션: SHORT, 진입가: $83000.90, 현재가: $83115.40, 미실현PnL: $-23.59
2026-01-30 20:56:07,163 - INFO - [지표] ADX=nan, Bull=nan, Bear=nan
2026-01-30 21:00:00,059 - INFO - [EMA] 증분계산: prev=82678.78, close=83104.8, new=82711.55
2026-01-30 21:00:00,066 - INFO - 15m | 11:45 | O:82751.8 H:83280.6 L:82626.9 C:83104.8
2026-01-30 21:00:00,066 - INFO - 지표: ADX=18.0, ATR=325.1, Bull=False, Bear=True
2026-01-30 21:01:07,204 - INFO - [상태] 포지션: SHORT, 진입가: $83000.90, 현재가: $83147.40, 미실현PnL: $-30.18
2026-01-30 21:01:07,205 - INFO - [지표] ADX=nan, Bull=nan, Bear=nan
2026-01-30 21:06:07,245 - INFO - [상태] 포지션: SHORT, 진입가: $83000.90, 현재가: $83134.30, 미실현PnL: $-27.48
2026-01-30 21:06:07,245 - INFO - [지표] ADX=nan, Bull=nan, Bear=nan
2026-01-30 21:11:07,379 - INFO - [상태] 포지션: SHORT, 진입가: $83000.90, 현재가: $82999.90, 미실현PnL: $0.21
2026-01-30 21:11:07,379 - INFO - [지표] ADX=nan, Bull=nan, Bear=nan
2026-01-30 21:15:00,085 - INFO - [EMA] 증분계산: prev=82711.55, close=82895.2, new=82725.67
2026-01-30 21:15:00,095 - INFO - 15m | 12:00 | O:83104.7 H:83296.9 L:82884.5 C:82895.2
2026-01-30 21:15:00,095 - INFO - 지표: ADX=18.0, ATR=333.8, Bull=False, Bear=True
2026-01-30 21:16:07,421 - INFO - [상태] 포지션: SHORT, 진입가: $83000.90, 현재가: $82893.90, 미실현PnL: $22.04
2026-01-30 21:16:07,421 - INFO - [지표] ADX=nan, Bull=nan, Bear=nan
2026-01-30 21:21:07,462 - INFO - [상태] 포지션: SHORT, 진입가: $83000.90, 현재가: $82831.60, 미실현PnL: $34.88
2026-01-30 21:21:07,462 - INFO - [지표] ADX=nan, Bull=nan, Bear=nan
2026-01-30 21:26:07,512 - INFO - [상태] 포지션: SHORT, 진입가: $83000.90, 현재가: $82656.10, 미실현PnL: $71.03
2026-01-30 21:26:07,512 - INFO - [지표] ADX=nan, Bull=nan, Bear=nan
2026-01-30 21:30:00,145 - INFO - [EMA] 증분계산: prev=82725.67, close=82700.1, new=82723.71
2026-01-30 21:30:00,155 - INFO - 15m | 12:15 | O:82895.2 H:82920.6 L:82603.2 C:82700.1
2026-01-30 21:30:00,155 - INFO - 지표: ADX=16.8, ATR=332.2, Bull=False, Bear=True
2026-01-30 21:31:07,555 - INFO - [상태] 포지션: SHORT, 진입가: $83000.90, 현재가: $82734.40, 미실현PnL: $54.90
2026-01-30 21:31:07,556 - INFO - [지표] ADX=nan, Bull=nan, Bear=nan
2026-01-30 21:36:07,596 - INFO - [상태] 포지션: SHORT, 진입가: $83000.90, 현재가: $82679.90, 미실현PnL: $66.13
2026-01-30 21:36:07,596 - INFO - [지표] ADX=nan, Bull=nan, Bear=nan
2026-01-30 21:41:07,638 - INFO - [상태] 포지션: SHORT, 진입가: $83000.90, 현재가: $82767.20, 미실현PnL: $48.14
2026-01-30 21:41:07,638 - INFO - [지표] ADX=nan, Bull=nan, Bear=nan
2026-01-30 21:45:00,074 - INFO - [EMA] 증분계산: prev=82723.71, close=82693.3, new=82721.37
2026-01-30 21:45:00,084 - INFO - 15m | 12:30 | O:82700.1 H:82839.9 L:82630.0 C:82693.3
2026-01-30 21:45:00,084 - INFO - 지표: ADX=15.8, ATR=319.9, Bull=False, Bear=True
2026-01-30 21:46:07,681 - INFO - [상태] 포지션: SHORT, 진입가: $83000.90, 현재가: $82690.80, 미실현PnL: $63.88
2026-01-30 21:46:07,681 - INFO - [지표] ADX=nan, Bull=nan, Bear=nan
2026-01-30 21:51:07,722 - INFO - [상태] 포지션: SHORT, 진입가: $83000.90, 현재가: $82863.00, 미실현PnL: $28.41
2026-01-30 21:51:07,723 - INFO - [지표] ADX=nan, Bull=nan, Bear=nan
2026-01-30 21:56:07,763 - INFO - [상태] 포지션: SHORT, 진입가: $83000.90, 현재가: $82735.50, 미실현PnL: $54.67
2026-01-30 21:56:07,763 - INFO - [지표] ADX=nan, Bull=nan, Bear=nan
2026-01-30 22:00:00,130 - INFO - [EMA] 증분계산: prev=82721.37, close=82752.8, new=82723.79
2026-01-30 22:00:00,136 - INFO - 15m | 12:45 | O:82693.3 H:82886.4 L:82655.0 C:82752.8
2026-01-30 22:00:00,136 - INFO - 지표: ADX=15.0, ATR=311.1, Bull=False, Bear=True
2026-01-30 22:01:07,806 - INFO - [상태] 포지션: SHORT, 진입가: $83000.90, 현재가: $82756.10, 미실현PnL: $50.43
2026-01-30 22:01:07,806 - INFO - [지표] ADX=nan, Bull=nan, Bear=nan
2026-01-30 22:06:07,847 - INFO - [상태] 포지션: SHORT, 진입가: $83000.90, 현재가: $82565.50, 미실현PnL: $89.69
2026-01-30 22:06:07,848 - INFO - [지표] ADX=nan, Bull=nan, Bear=nan
2026-01-30 22:11:07,893 - INFO - [상태] 포지션: SHORT, 진입가: $83000.90, 현재가: $82726.20, 미실현PnL: $56.59
2026-01-30 22:11:07,893 - INFO - [지표] ADX=nan, Bull=nan, Bear=nan
2026-01-30 22:15:00,375 - INFO - [EMA] 증분계산: prev=82723.79, close=82710.5, new=82722.76
2026-01-30 22:15:00,385 - INFO - 15m | 13:00 | O:82752.8 H:82822.2 L:82502.0 C:82710.5
2026-01-30 22:15:00,385 - INFO - 지표: ADX=14.2, ATR=312.0, Bull=False, Bear=True
2026-01-30 22:16:07,938 - INFO - [상태] 포지션: SHORT, 진입가: $83000.90, 현재가: $82693.60, 미실현PnL: $63.30
2026-01-30 22:16:07,938 - INFO - [지표] ADX=nan, Bull=nan, Bear=nan
2026-01-30 22:21:07,979 - INFO - [상태] 포지션: SHORT, 진입가: $83000.90, 현재가: $82664.50, 미실현PnL: $69.30
2026-01-30 22:21:07,980 - INFO - [지표] ADX=nan, Bull=nan, Bear=nan
2026-01-30 22:26:08,022 - INFO - [상태] 포지션: SHORT, 진입가: $83000.90, 현재가: $82614.90, 미실현PnL: $79.52
2026-01-30 22:26:08,023 - INFO - [지표] ADX=nan, Bull=nan, Bear=nan
2026-01-30 22:30:00,028 - INFO - [EMA] 증분계산: prev=82722.76, close=82675.9, new=82719.16
2026-01-30 22:30:00,037 - INFO - 15m | 13:15 | O:82710.6 H:82775.0 L:82606.2 C:82675.9
2026-01-30 22:30:00,037 - INFO - 지표: ADX=13.4, ATR=297.7, Bull=False, Bear=True
2026-01-30 22:31:08,064 - INFO - [상태] 포지션: SHORT, 진입가: $83000.90, 현재가: $82600.10, 미실현PnL: $82.56
2026-01-30 22:31:08,065 - INFO - [지표] ADX=nan, Bull=nan, Bear=nan
2026-01-30 22:36:08,104 - INFO - [상태] 포지션: SHORT, 진입가: $83000.90, 현재가: $82898.70, 미실현PnL: $21.05
2026-01-30 22:36:08,105 - INFO - [지표] ADX=nan, Bull=nan, Bear=nan
2026-01-30 22:41:08,149 - INFO - [상태] 포지션: SHORT, 진입가: $83000.90, 현재가: $82807.70, 미실현PnL: $39.80
2026-01-30 22:41:08,150 - INFO - [지표] ADX=nan, Bull=nan, Bear=nan
2026-01-30 22:45:00,063 - INFO - [EMA] 증분계산: prev=82719.16, close=82884.1, new=82731.85
2026-01-30 22:45:00,069 - INFO - 15m | 13:30 | O:82676.0 H:83062.0 L:82372.1 C:82884.1
2026-01-30 22:45:00,069 - INFO - 지표: ADX=13.3, ATR=336.9, Bull=False, Bear=True
2026-01-30 22:46:08,191 - INFO - [상태] 포지션: SHORT, 진입가: $83000.90, 현재가: $82807.90, 미실현PnL: $39.76
2026-01-30 22:46:08,192 - INFO - [지표] ADX=nan, Bull=nan, Bear=nan
2026-01-30 22:51:08,233 - INFO - [상태] 포지션: SHORT, 진입가: $83000.90, 현재가: $82677.10, 미실현PnL: $66.70
2026-01-30 22:51:08,233 - INFO - [지표] ADX=nan, Bull=nan, Bear=nan
2026-01-30 22:56:08,276 - INFO - [상태] 포지션: SHORT, 진입가: $83000.90, 현재가: $82686.00, 미실현PnL: $64.87
2026-01-30 22:56:08,277 - INFO - [지표] ADX=nan, Bull=nan, Bear=nan
2026-01-30 23:00:00,882 - INFO - [EMA] 증분계산: prev=82731.85, close=82704.9, new=82729.77
2026-01-30 23:00:00,889 - INFO - 15m | 13:45 | O:82884.2 H:82884.2 L:82593.3 C:82704.9
2026-01-30 23:00:00,889 - INFO - 지표: ADX=13.2, ATR=332.3, Bull=False, Bear=True
2026-01-30 23:01:08,319 - INFO - [상태] 포지션: SHORT, 진입가: $83000.90, 현재가: $82771.40, 미실현PnL: $47.28
2026-01-30 23:01:08,319 - INFO - [지표] ADX=nan, Bull=nan, Bear=nan
2026-01-30 23:06:08,360 - INFO - [상태] 포지션: SHORT, 진입가: $83000.90, 현재가: $82939.80, 미실현PnL: $12.59
2026-01-30 23:06:08,360 - INFO - [지표] ADX=nan, Bull=nan, Bear=nan
2026-01-30 23:11:08,401 - INFO - [상태] 포지션: SHORT, 진입가: $83000.90, 현재가: $82992.20, 미실현PnL: $1.79
2026-01-30 23:11:08,401 - INFO - [지표] ADX=nan, Bull=nan, Bear=nan
2026-01-30 23:15:00,295 - INFO - [EMA] 증분계산: prev=82729.77, close=82938.3, new=82745.81
2026-01-30 23:15:00,301 - INFO - 15m | 14:00 | O:82704.8 H:83090.3 L:82693.9 C:82938.3
2026-01-30 23:15:00,301 - INFO - 지표: ADX=13.7, ATR=338.7, Bull=False, Bear=True
2026-01-30 23:16:08,456 - INFO - [상태] 포지션: SHORT, 진입가: $83000.90, 현재가: $82902.40, 미실현PnL: $20.29
2026-01-30 23:16:08,456 - INFO - [지표] ADX=nan, Bull=nan, Bear=nan
2026-01-30 23:21:08,496 - INFO - [상태] 포지션: SHORT, 진입가: $83000.90, 현재가: $82940.10, 미실현PnL: $12.52
2026-01-30 23:21:08,497 - INFO - [지표] ADX=nan, Bull=nan, Bear=nan
2026-01-30 23:26:08,538 - INFO - [상태] 포지션: SHORT, 진입가: $83000.90, 현재가: $82970.50, 미실현PnL: $6.26
2026-01-30 23:26:08,538 - INFO - [지표] ADX=nan, Bull=nan, Bear=nan
2026-01-30 23:30:00,074 - INFO - [EMA] 증분계산: prev=82745.81, close=82950.0, new=82761.52
2026-01-30 23:30:00,084 - INFO - 15m | 14:15 | O:82938.4 H:83120.0 L:82896.0 C:82950.0
2026-01-30 23:30:00,084 - INFO - 지표: ADX=14.3, ATR=327.2, Bull=False, Bear=True
2026-01-30 23:31:08,578 - INFO - [상태] 포지션: SHORT, 진입가: $83000.90, 현재가: $82946.00, 미실현PnL: $11.31
2026-01-30 23:31:08,579 - INFO - [지표] ADX=nan, Bull=nan, Bear=nan
2026-01-30 23:36:08,620 - INFO - [상태] 포지션: SHORT, 진입가: $83000.90, 현재가: $83168.10, 미실현PnL: $-34.44
2026-01-30 23:36:08,620 - INFO - [지표] ADX=nan, Bull=nan, Bear=nan
2026-01-30 23:41:08,662 - INFO - [상태] 포지션: SHORT, 진입가: $83000.90, 현재가: $83305.80, 미실현PnL: $-62.81
2026-01-30 23:41:08,662 - INFO - [지표] ADX=nan, Bull=nan, Bear=nan
2026-01-30 23:45:00,049 - INFO - [EMA] 증분계산: prev=82761.52, close=83608.2, new=82826.65
2026-01-30 23:45:00,059 - INFO - 15m | 14:30 | O:82949.9 H:83620.0 L:82730.9 C:83608.2
2026-01-30 23:45:00,059 - INFO - 지표: ADX=16.2, ATR=383.4, Bull=False, Bear=True
2026-01-30 23:46:08,706 - INFO - [상태] 포지션: SHORT, 진입가: $83000.90, 현재가: $83630.10, 미실현PnL: $-129.62
2026-01-30 23:46:08,706 - INFO - [지표] ADX=nan, Bull=nan, Bear=nan
2026-01-30 23:51:08,746 - INFO - [상태] 포지션: SHORT, 진입가: $83000.90, 현재가: $83374.60, 미실현PnL: $-76.98
2026-01-30 23:51:08,746 - INFO - [지표] ADX=nan, Bull=nan, Bear=nan
2026-01-30 23:56:08,787 - INFO - [상태] 포지션: SHORT, 진입가: $83000.90, 현재가: $83195.60, 미실현PnL: $-40.11
2026-01-30 23:56:08,787 - INFO - [지표] ADX=nan, Bull=nan, Bear=nan
2026-01-31 00:00:00,032 - INFO - [EMA] 증분계산: prev=82826.65, close=83061.4, new=82844.71
2026-01-31 00:00:00,042 - INFO - 15m | 14:45 | O:83608.1 H:83779.2 L:82810.1 C:83061.4
2026-01-31 00:00:00,042 - INFO - 지표: ADX=18.2, ATR=442.0, Bull=False, Bear=True
2026-01-31 00:01:08,828 - INFO - [상태] 포지션: SHORT, 진입가: $83000.90, 현재가: $83022.30, 미실현PnL: $-4.41
2026-01-31 00:01:08,828 - INFO - [지표] ADX=nan, Bull=nan, Bear=nan
2026-01-31 00:06:08,874 - INFO - [상태] 포지션: SHORT, 진입가: $83000.90, 현재가: $83433.70, 미실현PnL: $-89.16
2026-01-31 00:06:08,874 - INFO - [지표] ADX=nan, Bull=nan, Bear=nan
2026-01-31 00:11:08,918 - INFO - [상태] 포지션: SHORT, 진입가: $83000.90, 현재가: $83447.90, 미실현PnL: $-92.08
2026-01-31 00:11:08,918 - INFO - [지표] ADX=nan, Bull=nan, Bear=nan
2026-01-31 00:15:00,027 - INFO - [EMA] 증분계산: prev=82844.71, close=83273.0, new=82877.65
2026-01-31 00:15:00,034 - INFO - 15m | 15:00 | O:83061.5 H:83577.0 L:82968.2 C:83273.0
2026-01-31 00:15:00,034 - INFO - 지표: ADX=20.1, ATR=458.7, Bull=False, Bear=True
2026-01-31 00:16:08,962 - INFO - [상태] 포지션: SHORT, 진입가: $83000.90, 현재가: $83305.60, 미실현PnL: $-62.77
2026-01-31 00:16:08,962 - INFO - [지표] ADX=nan, Bull=nan, Bear=nan
2026-01-31 00:21:09,003 - INFO - [상태] 포지션: SHORT, 진입가: $83000.90, 현재가: $83070.90, 미실현PnL: $-14.42
2026-01-31 00:21:09,003 - INFO - [지표] ADX=nan, Bull=nan, Bear=nan
2026-01-31 00:26:09,043 - INFO - [상태] 포지션: SHORT, 진입가: $83000.90, 현재가: $82982.30, 미실현PnL: $3.83
2026-01-31 00:26:09,043 - INFO - [지표] ADX=nan, Bull=nan, Bear=nan
2026-01-31 00:30:00,054 - INFO - [EMA] 증분계산: prev=82877.65, close=82586.9, new=82855.29
2026-01-31 00:30:00,064 - INFO - 15m | 15:15 | O:83273.0 H:83533.0 L:82567.2 C:82586.9
2026-01-31 00:30:00,064 - INFO - 지표: ADX=20.0, ATR=509.4, Bull=False, Bear=True
2026-01-31 00:31:09,086 - INFO - [상태] 포지션: SHORT, 진입가: $83000.90, 현재가: $82608.90, 미실현PnL: $80.75
2026-01-31 00:31:09,086 - INFO - [지표] ADX=nan, Bull=nan, Bear=nan
2026-01-31 00:36:09,128 - INFO - [상태] 포지션: SHORT, 진입가: $83000.90, 현재가: $83125.70, 미실현PnL: $-25.71
2026-01-31 00:36:09,128 - INFO - [지표] ADX=nan, Bull=nan, Bear=nan
2026-01-31 00:41:09,169 - INFO - [상태] 포지션: SHORT, 진입가: $83000.90, 현재가: $83263.30, 미실현PnL: $-54.05
2026-01-31 00:41:09,170 - INFO - [지표] ADX=nan, Bull=nan, Bear=nan
2026-01-31 00:45:00,400 - INFO - [EMA] 증분계산: prev=82855.29, close=83233.2, new=82884.36
2026-01-31 00:45:00,406 - INFO - 15m | 15:30 | O:82586.9 H:83338.0 L:82328.6 C:83233.2
2026-01-31 00:45:00,406 - INFO - 지표: ADX=19.1, ATR=559.4, Bull=False, Bear=True
2026-01-31 00:46:09,211 - INFO - [상태] 포지션: SHORT, 진입가: $83000.90, 현재가: $83145.10, 미실현PnL: $-29.71
2026-01-31 00:46:09,211 - INFO - [지표] ADX=nan, Bull=nan, Bear=nan
2026-01-31 00:51:09,261 - INFO - [상태] 포지션: SHORT, 진입가: $83000.90, 현재가: $83082.70, 미실현PnL: $-16.85
2026-01-31 00:51:09,261 - INFO - [지표] ADX=nan, Bull=nan, Bear=nan
2026-01-31 00:56:09,303 - INFO - [상태] 포지션: SHORT, 진입가: $83000.90, 현재가: $83024.30, 미실현PnL: $-4.82
2026-01-31 00:56:09,303 - INFO - [지표] ADX=nan, Bull=nan, Bear=nan
2026-01-31 01:00:00,073 - INFO - [EMA] 증분계산: prev=82884.36, close=82850.2, new=82881.73
2026-01-31 01:00:00,080 - INFO - 15m | 15:45 | O:83233.1 H:83235.8 L:82811.7 C:82850.2
2026-01-31 01:00:00,080 - INFO - 지표: ADX=18.3, ATR=545.9, Bull=False, Bear=True
2026-01-31 01:01:09,347 - INFO - [상태] 포지션: SHORT, 진입가: $83000.90, 현재가: $82874.60, 미실현PnL: $26.02
2026-01-31 01:01:09,347 - INFO - [지표] ADX=nan, Bull=nan, Bear=nan
2026-01-31 01:06:09,391 - INFO - [상태] 포지션: SHORT, 진입가: $83000.90, 현재가: $82732.20, 미실현PnL: $55.35
2026-01-31 01:06:09,391 - INFO - [지표] ADX=nan, Bull=nan, Bear=nan
2026-01-31 01:11:09,472 - INFO - [상태] 포지션: SHORT, 진입가: $83000.90, 현재가: $82892.10, 미실현PnL: $22.41
2026-01-31 01:11:09,472 - INFO - [지표] ADX=nan, Bull=nan, Bear=nan
2026-01-31 01:15:00,094 - INFO - [EMA] 증분계산: prev=82881.73, close=83045.1, new=82894.30
2026-01-31 01:15:00,104 - INFO - 15m | 16:00 | O:82850.1 H:83132.2 L:82650.0 C:83045.1
2026-01-31 01:15:00,104 - INFO - 지표: ADX=17.0, ATR=539.5, Bull=False, Bear=True
2026-01-31 01:16:09,513 - INFO - [상태] 포지션: SHORT, 진입가: $83000.90, 현재가: $82970.60, 미실현PnL: $6.24
2026-01-31 01:16:09,513 - INFO - [지표] ADX=nan, Bull=nan, Bear=nan
2026-01-31 01:21:09,554 - INFO - [상태] 포지션: SHORT, 진입가: $83000.90, 현재가: $82956.30, 미실현PnL: $9.19
2026-01-31 01:21:09,554 - INFO - [지표] ADX=nan, Bull=nan, Bear=nan
2026-01-31 01:26:09,596 - INFO - [상태] 포지션: SHORT, 진입가: $83000.90, 현재가: $82702.30, 미실현PnL: $61.51
2026-01-31 01:26:09,596 - INFO - [지표] ADX=nan, Bull=nan, Bear=nan
2026-01-31 01:30:00,101 - INFO - [EMA] 증분계산: prev=82894.30, close=83133.3, new=82912.68
2026-01-31 01:30:00,108 - INFO - 15m | 16:15 | O:83045.0 H:83222.0 L:82504.3 C:83133.3
2026-01-31 01:30:00,108 - INFO - 지표: ADX=16.3, ATR=557.3, Bull=False, Bear=True
2026-01-31 01:31:09,637 - INFO - [상태] 포지션: SHORT, 진입가: $83000.90, 현재가: $83183.30, 미실현PnL: $-37.57
2026-01-31 01:31:09,637 - INFO - [지표] ADX=nan, Bull=nan, Bear=nan
2026-01-31 01:36:09,678 - INFO - [상태] 포지션: SHORT, 진입가: $83000.90, 현재가: $83203.00, 미실현PnL: $-41.63
2026-01-31 01:36:09,679 - INFO - [지표] ADX=nan, Bull=nan, Bear=nan
2026-01-31 01:41:09,724 - INFO - [상태] 포지션: SHORT, 진입가: $83000.90, 현재가: $83387.90, 미실현PnL: $-79.72
2026-01-31 01:41:09,724 - INFO - [지표] ADX=nan, Bull=nan, Bear=nan
2026-01-31 01:45:00,133 - INFO - [EMA] 증분계산: prev=82912.68, close=83353.1, new=82946.56
2026-01-31 01:45:00,142 - INFO - 15m | 16:30 | O:83133.3 H:83472.8 L:83010.2 C:83353.1
2026-01-31 01:45:00,142 - INFO - 지표: ADX=15.5, ATR=547.8, Bull=False, Bear=True
2026-01-31 01:46:09,770 - INFO - [상태] 포지션: SHORT, 진입가: $83000.90, 현재가: $83250.30, 미실현PnL: $-51.38
2026-01-31 01:46:09,771 - INFO - [지표] ADX=nan, Bull=nan, Bear=nan
2026-01-31 01:51:09,811 - INFO - [상태] 포지션: SHORT, 진입가: $83000.90, 현재가: $83065.20, 미실현PnL: $-13.25
2026-01-31 01:51:09,812 - INFO - [지표] ADX=nan, Bull=nan, Bear=nan
2026-01-31 01:56:09,853 - INFO - [상태] 포지션: SHORT, 진입가: $83000.90, 현재가: $83156.80, 미실현PnL: $-32.12
2026-01-31 01:56:09,853 - INFO - [지표] ADX=nan, Bull=nan, Bear=nan
2026-01-31 02:00:00,293 - INFO - [EMA] 증분계산: prev=82946.56, close=83115.2, new=82959.53
2026-01-31 02:00:00,299 - INFO - 15m | 16:45 | O:83353.1 H:83367.3 L:83007.7 C:83115.2
2026-01-31 02:00:00,300 - INFO - 지표: ADX=14.7, ATR=529.0, Bull=False, Bear=True
2026-01-31 02:01:09,893 - INFO - [상태] 포지션: SHORT, 진입가: $83000.90, 현재가: $82960.60, 미실현PnL: $8.30
2026-01-31 02:01:09,894 - INFO - [지표] ADX=nan, Bull=nan, Bear=nan
2026-01-31 02:06:09,934 - INFO - [상태] 포지션: SHORT, 진입가: $83000.90, 현재가: $82715.80, 미실현PnL: $58.73
2026-01-31 02:06:09,934 - INFO - [지표] ADX=nan, Bull=nan, Bear=nan
2026-01-31 02:11:09,977 - INFO - [상태] 포지션: SHORT, 진입가: $83000.90, 현재가: $82860.10, 미실현PnL: $29.00
2026-01-31 02:11:09,978 - INFO - [지표] ADX=nan, Bull=nan, Bear=nan
2026-01-31 02:15:00,073 - INFO - [EMA] 증분계산: prev=82959.53, close=82709.5, new=82940.30
2026-01-31 02:15:00,083 - INFO - 15m | 17:00 | O:83115.1 H:83134.9 L:82600.0 C:82709.5
2026-01-31 02:15:00,083 - INFO - 지표: ADX=14.6, ATR=529.6, Bull=False, Bear=True
2026-01-31 02:16:10,019 - INFO - [상태] 포지션: SHORT, 진입가: $83000.90, 현재가: $82758.10, 미실현PnL: $50.02
2026-01-31 02:16:10,019 - INFO - [지표] ADX=nan, Bull=nan, Bear=nan
2026-01-31 02:21:10,060 - INFO - [상태] 포지션: SHORT, 진입가: $83000.90, 현재가: $83009.90, 미실현PnL: $-1.85
2026-01-31 02:21:10,061 - INFO - [지표] ADX=nan, Bull=nan, Bear=nan
2026-01-31 02:26:10,101 - INFO - [상태] 포지션: SHORT, 진입가: $83000.90, 현재가: $83398.70, 미실현PnL: $-81.95
2026-01-31 02:26:10,102 - INFO - [지표] ADX=nan, Bull=nan, Bear=nan
2026-01-31 02:30:00,097 - INFO - [EMA] 증분계산: prev=82940.30, close=83350.1, new=82971.82
2026-01-31 02:30:00,104 - INFO - 15m | 17:15 | O:82709.5 H:83450.5 L:82600.0 C:83350.1
2026-01-31 02:30:00,104 - INFO - 지표: ADX=13.6, ATR=561.7, Bull=False, Bear=True
2026-01-31 02:31:10,143 - INFO - [상태] 포지션: SHORT, 진입가: $83000.90, 현재가: $83274.90, 미실현PnL: $-56.44
2026-01-31 02:31:10,143 - INFO - [지표] ADX=nan, Bull=nan, Bear=nan
2026-01-31 02:36:10,185 - INFO - [상태] 포지션: SHORT, 진입가: $83000.90, 현재가: $82904.20, 미실현PnL: $19.92
2026-01-31 02:36:10,185 - INFO - [지표] ADX=nan, Bull=nan, Bear=nan
2026-01-31 02:41:10,228 - INFO - [상태] 포지션: SHORT, 진입가: $83000.90, 현재가: $83064.50, 미실현PnL: $-13.10
2026-01-31 02:41:10,229 - INFO - [지표] ADX=nan, Bull=nan, Bear=nan
2026-01-31 02:45:00,196 - INFO - [EMA] 증분계산: prev=82971.82, close=83123.8, new=82983.51
2026-01-31 02:45:00,203 - INFO - 15m | 17:30 | O:83350.0 H:83350.0 L:82823.4 C:83123.8
2026-01-31 02:45:00,203 - INFO - 지표: ADX=12.7, ATR=558.2, Bull=False, Bear=True
2026-01-31 02:46:10,270 - INFO - [상태] 포지션: SHORT, 진입가: $83000.90, 현재가: $83138.80, 미실현PnL: $-28.41
2026-01-31 02:46:10,271 - INFO - [지표] ADX=nan, Bull=nan, Bear=nan
2026-01-31 02:51:10,311 - INFO - [상태] 포지션: SHORT, 진입가: $83000.90, 현재가: $83017.10, 미실현PnL: $-3.34
2026-01-31 02:51:10,312 - INFO - [지표] ADX=nan, Bull=nan, Bear=nan
2026-01-31 02:56:10,352 - INFO - [상태] 포지션: SHORT, 진입가: $83000.90, 현재가: $83025.80, 미실현PnL: $-5.13
2026-01-31 02:56:10,352 - INFO - [지표] ADX=nan, Bull=nan, Bear=nan
2026-01-31 03:00:00,786 - INFO - [EMA] 증분계산: prev=82983.51, close=82908.0, new=82977.70
2026-01-31 03:00:00,796 - INFO - 15m | 17:45 | O:83123.8 H:83200.0 L:82891.2 C:82908.0
2026-01-31 03:00:00,796 - INFO - 지표: ADX=11.8, ATR=533.3, Bull=False, Bear=True
2026-01-31 03:01:10,397 - INFO - [상태] 포지션: SHORT, 진입가: $83000.90, 현재가: $82929.60, 미실현PnL: $14.69
2026-01-31 03:01:10,398 - INFO - [지표] ADX=nan, Bull=nan, Bear=nan
2026-01-31 03:06:10,440 - INFO - [상태] 포지션: SHORT, 진입가: $83000.90, 현재가: $83161.80, 미실현PnL: $-33.15
2026-01-31 03:06:10,440 - INFO - [지표] ADX=nan, Bull=nan, Bear=nan
2026-01-31 03:11:10,480 - INFO - [상태] 포지션: SHORT, 진입가: $83000.90, 현재가: $82765.50, 미실현PnL: $48.49
2026-01-31 03:11:10,481 - INFO - [지표] ADX=nan, Bull=nan, Bear=nan
2026-01-31 03:15:00,114 - INFO - [EMA] 증분계산: prev=82977.70, close=82831.3, new=82966.44
2026-01-31 03:15:00,124 - INFO - 15m | 18:00 | O:82908.0 H:83203.6 L:82716.0 C:82831.3
2026-01-31 03:15:00,124 - INFO - 지표: ADX=11.5, ATR=528.7, Bull=False, Bear=True
2026-01-31 03:16:10,523 - INFO - [상태] 포지션: SHORT, 진입가: $83000.90, 현재가: $82615.60, 미실현PnL: $79.37
2026-01-31 03:16:10,523 - INFO - [지표] ADX=nan, Bull=nan, Bear=nan
2026-01-31 03:21:10,565 - INFO - [상태] 포지션: SHORT, 진입가: $83000.90, 현재가: $82084.50, 미실현PnL: $188.78
2026-01-31 03:21:10,566 - INFO - [지표] ADX=nan, Bull=nan, Bear=nan
2026-01-31 03:26:10,608 - INFO - [상태] 포지션: SHORT, 진입가: $83000.90, 현재가: $82171.70, 미실현PnL: $170.82
2026-01-31 03:26:10,608 - INFO - [지표] ADX=nan, Bull=nan, Bear=nan
2026-01-31 03:30:00,115 - INFO - [EMA] 증분계산: prev=82966.44, close=82468.3, new=82928.12
2026-01-31 03:30:00,124 - INFO - 15m | 18:15 | O:82831.2 H:82859.9 L:81832.0 C:82468.3
2026-01-31 03:30:00,124 - INFO - 지표: ADX=13.2, ATR=578.6, Bull=False, Bear=True
2026-01-31 03:31:10,649 - INFO - [상태] 포지션: SHORT, 진입가: $83000.90, 현재가: $82355.00, 미실현PnL: $133.06
2026-01-31 03:31:10,649 - INFO - [지표] ADX=nan, Bull=nan, Bear=nan
2026-01-31 03:36:10,690 - INFO - [상태] 포지션: SHORT, 진입가: $83000.90, 현재가: $82310.80, 미실현PnL: $142.16
2026-01-31 03:36:10,691 - INFO - [지표] ADX=nan, Bull=nan, Bear=nan
2026-01-31 03:41:10,731 - INFO - [상태] 포지션: SHORT, 진입가: $83000.90, 현재가: $82423.60, 미실현PnL: $118.92
2026-01-31 03:41:10,731 - INFO - [지표] ADX=nan, Bull=nan, Bear=nan
2026-01-31 03:45:00,040 - INFO - [EMA] 증분계산: prev=82928.12, close=83106.4, new=82941.84
2026-01-31 03:45:00,046 - INFO - 15m | 18:30 | O:82468.3 H:83142.6 L:82151.6 C:83106.4
2026-01-31 03:45:00,046 - INFO - 지표: ADX=13.9, ATR=619.9, Bull=False, Bear=True
2026-01-31 03:46:10,781 - INFO - [상태] 포지션: SHORT, 진입가: $83000.90, 현재가: $83104.80, 미실현PnL: $-21.40
2026-01-31 03:46:10,781 - INFO - [지표] ADX=nan, Bull=nan, Bear=nan
2026-01-31 03:51:10,823 - INFO - [상태] 포지션: SHORT, 진입가: $83000.90, 현재가: $83456.00, 미실현PnL: $-93.75
2026-01-31 03:51:10,824 - INFO - [지표] ADX=nan, Bull=nan, Bear=nan
2026-01-31 03:56:10,864 - INFO - [상태] 포지션: SHORT, 진입가: $83000.90, 현재가: $83879.10, 미실현PnL: $-180.91
2026-01-31 03:56:10,864 - INFO - [지표] ADX=nan, Bull=nan, Bear=nan
2026-01-31 04:00:00,062 - INFO - [EMA] 증분계산: prev=82941.84, close=83897.3, new=83015.33
2026-01-31 04:00:00,072 - INFO - 15m | 18:45 | O:83106.4 H:84159.4 L:83001.4 C:83897.3
2026-01-31 04:00:00,072 - INFO - 지표: ADX=13.6, ATR=673.7, Bull=False, Bear=True
2026-01-31 04:01:10,908 - INFO - [상태] 포지션: SHORT, 진입가: $83000.90, 현재가: $83890.70, 미실현PnL: $-183.30
2026-01-31 04:01:10,908 - INFO - [지표] ADX=nan, Bull=nan, Bear=nan
2026-01-31 04:06:10,950 - INFO - [상태] 포지션: SHORT, 진입가: $83000.90, 현재가: $84226.80, 미실현PnL: $-252.54
2026-01-31 04:06:10,951 - INFO - [지표] ADX=nan, Bull=nan, Bear=nan
2026-01-31 04:11:10,993 - INFO - [상태] 포지션: SHORT, 진입가: $83000.90, 현재가: $83970.30, 미실현PnL: $-199.70
2026-01-31 04:11:10,993 - INFO - [지표] ADX=nan, Bull=nan, Bear=nan
2026-01-31 04:15:00,087 - INFO - [EMA] 증분계산: prev=83015.33, close=84100.5, new=83098.81
2026-01-31 04:15:00,093 - INFO - 15m | 19:00 | O:83897.3 H:84345.0 L:83875.7 C:84100.5
2026-01-31 04:15:00,094 - INFO - 지표: ADX=13.7, ATR=653.2, Bull=False, Bear=True
2026-01-31 04:16:11,037 - INFO - [상태] 포지션: SHORT, 진입가: $83000.90, 현재가: $84210.30, 미실현PnL: $-249.14
2026-01-31 04:16:11,037 - INFO - [지표] ADX=nan, Bull=nan, Bear=nan
2026-01-31 04:21:11,080 - INFO - [상태] 포지션: SHORT, 진입가: $83000.90, 현재가: $84457.90, 미실현PnL: $-300.14
2026-01-31 04:21:11,080 - INFO - [지표] ADX=nan, Bull=nan, Bear=nan
2026-01-31 04:26:11,120 - INFO - [상태] 포지션: SHORT, 진입가: $83000.90, 현재가: $84326.00, 미실현PnL: $-272.97
2026-01-31 04:26:11,120 - INFO - [지표] ADX=nan, Bull=nan, Bear=nan
2026-01-31 04:30:00,100 - INFO - [EMA] 증분계산: prev=83098.81, close=84264.7, new=83188.49
2026-01-31 04:30:00,109 - INFO - 15m | 19:15 | O:84100.5 H:84487.9 L:84053.2 C:84264.7
2026-01-31 04:30:00,110 - INFO - 지표: ADX=14.0, ATR=631.4, Bull=False, Bear=True
2026-01-31 04:31:11,163 - INFO - [상태] 포지션: SHORT, 진입가: $83000.90, 현재가: $84210.60, 미실현PnL: $-249.20
2026-01-31 04:31:11,163 - INFO - [지표] ADX=nan, Bull=nan, Bear=nan
2026-01-31 04:36:11,206 - INFO - [상태] 포지션: SHORT, 진입가: $83000.90, 현재가: $84484.80, 미실현PnL: $-305.68
2026-01-31 04:36:11,207 - INFO - [지표] ADX=nan, Bull=nan, Bear=nan
2026-01-31 04:41:11,249 - INFO - [상태] 포지션: SHORT, 진입가: $83000.90, 현재가: $84255.30, 미실현PnL: $-258.41
2026-01-31 04:41:11,249 - INFO - [지표] ADX=nan, Bull=nan, Bear=nan
2026-01-31 04:45:00,248 - INFO - [EMA] 증분계산: prev=83188.49, close=84209.0, new=83266.99
2026-01-31 04:45:00,257 - INFO - 15m | 19:30 | O:84264.7 H:84539.6 L:84101.4 C:84209.0
2026-01-31 04:45:00,257 - INFO - 지표: ADX=14.4, ATR=612.1, Bull=False, Bear=True
2026-01-31 04:46:11,294 - INFO - [상태] 포지션: SHORT, 진입가: $83000.90, 현재가: $84086.30, 미실현PnL: $-223.59
2026-01-31 04:46:11,294 - INFO - [지표] ADX=nan, Bull=nan, Bear=nan
2026-01-31 04:51:11,337 - INFO - [상태] 포지션: SHORT, 진입가: $83000.90, 현재가: $84333.80, 미실현PnL: $-274.58
2026-01-31 04:51:11,337 - INFO - [지표] ADX=nan, Bull=nan, Bear=nan
2026-01-31 04:56:11,381 - INFO - [상태] 포지션: SHORT, 진입가: $83000.90, 현재가: $84483.90, 미실현PnL: $-305.50
2026-01-31 04:56:11,381 - INFO - [지표] ADX=nan, Bull=nan, Bear=nan
2026-01-31 05:00:01,330 - INFO - [EMA] 증분계산: prev=83266.99, close=84200.0, new=83338.76
2026-01-31 05:00:01,339 - INFO - 15m | 19:45 | O:84209.0 H:84599.0 L:84080.0 C:84200.0
2026-01-31 05:00:01,339 - INFO - 지표: ADX=14.9, ATR=602.8, Bull=False, Bear=True
2026-01-31 05:01:11,422 - INFO - [상태] 포지션: SHORT, 진입가: $83000.90, 현재가: $84109.20, 미실현PnL: $-228.31
2026-01-31 05:01:11,422 - INFO - [지표] ADX=nan, Bull=nan, Bear=nan
2026-01-31 05:06:11,465 - INFO - [상태] 포지션: SHORT, 진입가: $83000.90, 현재가: $83918.10, 미실현PnL: $-188.94
2026-01-31 05:06:11,466 - INFO - [지표] ADX=nan, Bull=nan, Bear=nan
2026-01-31 05:11:11,506 - INFO - [상태] 포지션: SHORT, 진입가: $83000.90, 현재가: $83759.90, 미실현PnL: $-156.35
2026-01-31 05:11:11,506 - INFO - [지표] ADX=nan, Bull=nan, Bear=nan
2026-01-31 05:15:00,234 - INFO - [EMA] 증분계산: prev=83338.76, close=83864.6, new=83379.21
2026-01-31 05:15:00,244 - INFO - 15m | 20:00 | O:84199.9 H:84221.4 L:83625.9 C:83864.6
2026-01-31 05:15:00,244 - INFO - 지표: ADX=14.1, ATR=602.0, Bull=False, Bear=True
2026-01-31 05:16:11,547 - INFO - [상태] 포지션: SHORT, 진입가: $83000.90, 현재가: $83884.10, 미실현PnL: $-181.94
2026-01-31 05:16:11,548 - INFO - [지표] ADX=nan, Bull=nan, Bear=nan
2026-01-31 05:21:11,588 - INFO - [상태] 포지션: SHORT, 진입가: $83000.90, 현재가: $83738.10, 미실현PnL: $-151.86
2026-01-31 05:21:11,589 - INFO - [지표] ADX=nan, Bull=nan, Bear=nan
2026-01-31 05:26:11,630 - INFO - [상태] 포지션: SHORT, 진입가: $83000.90, 현재가: $84125.30, 미실현PnL: $-231.63
2026-01-31 05:26:11,630 - INFO - [지표] ADX=nan, Bull=nan, Bear=nan
2026-01-31 05:30:00,064 - INFO - [EMA] 증분계산: prev=83379.21, close=83927.1, new=83421.36
2026-01-31 05:30:00,070 - INFO - 15m | 20:15 | O:83864.6 H:84164.5 L:83501.0 C:83927.1
2026-01-31 05:30:00,070 - INFO - 지표: ADX=13.2, ATR=608.2, Bull=False, Bear=True
2026-01-31 05:31:11,676 - INFO - [상태] 포지션: SHORT, 진입가: $83000.90, 현재가: $83946.20, 미실현PnL: $-194.73
2026-01-31 05:31:11,677 - INFO - [지표] ADX=nan, Bull=nan, Bear=nan
2026-01-31 05:36:11,721 - INFO - [상태] 포지션: SHORT, 진입가: $83000.90, 현재가: $83933.20, 미실현PnL: $-192.05
2026-01-31 05:36:11,721 - INFO - [지표] ADX=nan, Bull=nan, Bear=nan
2026-01-31 05:41:11,763 - INFO - [상태] 포지션: SHORT, 진입가: $83000.90, 현재가: $83796.80, 미실현PnL: $-163.96
2026-01-31 05:41:11,763 - INFO - [지표] ADX=nan, Bull=nan, Bear=nan
2026-01-31 05:45:00,216 - INFO - [EMA] 증분계산: prev=83421.36, close=83939.2, new=83461.19
2026-01-31 05:45:00,225 - INFO - 15m | 20:30 | O:83927.1 H:84275.5 L:83523.7 C:83939.2
2026-01-31 05:45:00,225 - INFO - 지표: ADX=12.5, ATR=622.5, Bull=False, Bear=True
2026-01-31 05:46:11,807 - INFO - [상태] 포지션: SHORT, 진입가: $83000.90, 현재가: $83903.70, 미실현PnL: $-185.98
2026-01-31 05:46:11,807 - INFO - [지표] ADX=nan, Bull=nan, Bear=nan
2026-01-31 05:51:11,849 - INFO - [상태] 포지션: SHORT, 진입가: $83000.90, 현재가: $83870.00, 미실현PnL: $-179.03
2026-01-31 05:51:11,849 - INFO - [지표] ADX=nan, Bull=nan, Bear=nan
2026-01-31 05:56:11,890 - INFO - [상태] 포지션: SHORT, 진입가: $83000.90, 현재가: $84050.50, 미실현PnL: $-216.22
2026-01-31 05:56:11,890 - INFO - [지표] ADX=nan, Bull=nan, Bear=nan
2026-01-31 06:00:00,034 - INFO - [EMA] 증분계산: prev=83461.19, close=83890.3, new=83494.20
2026-01-31 06:00:00,044 - INFO - 15m | 20:45 | O:83939.3 H:84091.1 L:83675.2 C:83890.3
2026-01-31 06:00:00,044 - INFO - 지표: ADX=12.0, ATR=601.9, Bull=False, Bear=True
2026-01-31 06:01:11,931 - INFO - [상태] 포지션: SHORT, 진입가: $83000.90, 현재가: $83855.70, 미실현PnL: $-176.09
2026-01-31 06:01:11,931 - INFO - [지표] ADX=nan, Bull=nan, Bear=nan
2026-01-31 06:06:11,973 - INFO - [상태] 포지션: SHORT, 진입가: $83000.90, 현재가: $83971.00, 미실현PnL: $-199.84
2026-01-31 06:06:11,973 - INFO - [지표] ADX=nan, Bull=nan, Bear=nan
2026-01-31 06:11:12,017 - INFO - [상태] 포지션: SHORT, 진입가: $83000.90, 현재가: $83858.50, 미실현PnL: $-176.67
2026-01-31 06:11:12,017 - INFO - [지표] ADX=nan, Bull=nan, Bear=nan
2026-01-31 06:15:00,049 - INFO - [EMA] 증분계산: prev=83494.20, close=84022.4, new=83534.83
2026-01-31 06:15:00,055 - INFO - 15m | 21:00 | O:83890.3 H:84040.8 L:83759.0 C:84022.4
2026-01-31 06:15:00,055 - INFO - 지표: ADX=11.4, ATR=569.9, Bull=False, Bear=True
2026-01-31 06:16:12,059 - INFO - [상태] 포지션: SHORT, 진입가: $83000.90, 현재가: $84031.70, 미실현PnL: $-212.34
2026-01-31 06:16:12,060 - INFO - [지표] ADX=nan, Bull=nan, Bear=nan
2026-01-31 06:21:12,102 - INFO - [상태] 포지션: SHORT, 진입가: $83000.90, 현재가: $84407.40, 미실현PnL: $-289.74
2026-01-31 06:21:12,102 - INFO - [지표] ADX=nan, Bull=nan, Bear=nan
2026-01-31 06:26:12,143 - INFO - [상태] 포지션: SHORT, 진입가: $83000.90, 현재가: $84346.40, 미실현PnL: $-277.17
2026-01-31 06:26:12,143 - INFO - [지표] ADX=nan, Bull=nan, Bear=nan
2026-01-31 06:30:00,605 - INFO - [EMA] 증분계산: prev=83534.83, close=84234.1, new=83588.62
2026-01-31 06:30:00,614 - INFO - 15m | 21:15 | O:84022.4 H:84487.7 L:84022.3 C:84234.1
2026-01-31 06:30:00,614 - INFO - 지표: ADX=11.9, ATR=559.4, Bull=False, Bear=True
2026-01-31 06:31:12,186 - INFO - [상태] 포지션: SHORT, 진입가: $83000.90, 현재가: $84290.10, 미실현PnL: $-265.58
2026-01-31 06:31:12,186 - INFO - [지표] ADX=nan, Bull=nan, Bear=nan
2026-01-31 06:36:12,228 - INFO - [상태] 포지션: SHORT, 진입가: $83000.90, 현재가: $84186.60, 미실현PnL: $-244.25
2026-01-31 06:36:12,229 - INFO - [지표] ADX=nan, Bull=nan, Bear=nan
2026-01-31 06:41:12,270 - INFO - [상태] 포지션: SHORT, 진입가: $83000.90, 현재가: $84064.90, 미실현PnL: $-219.18
2026-01-31 06:41:12,270 - INFO - [지표] ADX=nan, Bull=nan, Bear=nan
2026-01-31 06:45:00,170 - INFO - [EMA] 증분계산: prev=83588.62, close=84184.5, new=83634.46
2026-01-31 06:45:00,176 - INFO - 15m | 21:30 | O:84234.2 H:84382.5 L:84000.0 C:84184.5
2026-01-31 06:45:00,177 - INFO - 지표: ADX=12.3, ATR=541.7, Bull=False, Bear=True
2026-01-31 06:46:12,320 - INFO - [상태] 포지션: SHORT, 진입가: $83000.90, 현재가: $84161.90, 미실현PnL: $-239.17
2026-01-31 06:46:12,321 - INFO - [지표] ADX=nan, Bull=nan, Bear=nan
2026-01-31 06:51:12,360 - INFO - [상태] 포지션: SHORT, 진입가: $83000.90, 현재가: $84229.00, 미실현PnL: $-252.99
2026-01-31 06:51:12,361 - INFO - [지표] ADX=nan, Bull=nan, Bear=nan
2026-01-31 06:56:12,414 - INFO - [상태] 포지션: SHORT, 진입가: $83000.90, 현재가: $84273.30, 미실현PnL: $-262.11
2026-01-31 06:56:12,415 - INFO - [지표] ADX=nan, Bull=nan, Bear=nan
2026-01-31 07:00:00,042 - INFO - [EMA] 증분계산: prev=83634.46, close=84240.3, new=83681.06
2026-01-31 07:00:00,051 - INFO - 15m | 21:45 | O:84184.5 H:84385.0 L:84100.3 C:84240.3
2026-01-31 07:00:00,051 - INFO - 지표: ADX=12.7, ATR=516.0, Bull=False, Bear=True
2026-01-31 07:01:12,456 - INFO - [상태] 포지션: SHORT, 진입가: $83000.90, 현재가: $84243.60, 미실현PnL: $-256.00
2026-01-31 07:01:12,456 - INFO - [지표] ADX=nan, Bull=nan, Bear=nan
2026-01-31 07:06:12,497 - INFO - [상태] 포지션: SHORT, 진입가: $83000.90, 현재가: $84155.30, 미실현PnL: $-237.81
2026-01-31 07:06:12,498 - INFO - [지표] ADX=nan, Bull=nan, Bear=nan
2026-01-31 07:11:12,543 - INFO - [상태] 포지션: SHORT, 진입가: $83000.90, 현재가: $84169.40, 미실현PnL: $-240.71
2026-01-31 07:11:12,544 - INFO - [지표] ADX=nan, Bull=nan, Bear=nan
2026-01-31 07:15:00,072 - INFO - [EMA] 증분계산: prev=83681.06, close=83975.3, new=83703.69
2026-01-31 07:15:00,082 - INFO - 15m | 22:00 | O:84240.3 H:84291.5 L:83975.3 C:83975.3
2026-01-31 07:15:00,082 - INFO - 지표: ADX=12.7, ATR=496.0, Bull=False, Bear=True
2026-01-31 07:16:12,588 - INFO - [상태] 포지션: SHORT, 진입가: $83000.90, 현재가: $84077.90, 미실현PnL: $-221.86
2026-01-31 07:16:12,588 - INFO - [지표] ADX=nan, Bull=nan, Bear=nan
2026-01-31 07:21:12,629 - INFO - [상태] 포지션: SHORT, 진입가: $83000.90, 현재가: $84016.80, 미실현PnL: $-209.28
2026-01-31 07:21:12,630 - INFO - [지표] ADX=nan, Bull=nan, Bear=nan
2026-01-31 07:26:12,672 - INFO - [상태] 포지션: SHORT, 진입가: $83000.90, 현재가: $83966.30, 미실현PnL: $-198.87
2026-01-31 07:26:12,672 - INFO - [지표] ADX=nan, Bull=nan, Bear=nan
2026-01-31 07:30:00,073 - INFO - [EMA] 증분계산: prev=83703.69, close=83904.0, new=83719.10
2026-01-31 07:30:00,082 - INFO - 15m | 22:15 | O:83975.3 H:84079.9 L:83875.7 C:83904.0
2026-01-31 07:30:00,083 - INFO - 지표: ADX=12.3, ATR=466.9, Bull=False, Bear=True
2026-01-31 07:31:12,716 - INFO - [상태] 포지션: SHORT, 진입가: $83000.90, 현재가: $83995.80, 미실현PnL: $-204.95
2026-01-31 07:31:12,717 - INFO - [지표] ADX=nan, Bull=nan, Bear=nan
2026-01-31 07:36:12,760 - INFO - [상태] 포지션: SHORT, 진입가: $83000.90, 현재가: $84015.30, 미실현PnL: $-208.97
2026-01-31 07:36:12,760 - INFO - [지표] ADX=nan, Bull=nan, Bear=nan
2026-01-31 07:41:12,801 - INFO - [상태] 포지션: SHORT, 진입가: $83000.90, 현재가: $84050.00, 미실현PnL: $-216.11
2026-01-31 07:41:12,801 - INFO - [지표] ADX=nan, Bull=nan, Bear=nan
2026-01-31 07:45:00,282 - INFO - [EMA] 증분계산: prev=83719.10, close=83961.1, new=83737.72
2026-01-31 07:45:00,291 - INFO - 15m | 22:30 | O:83904.0 H:84050.4 L:83900.2 C:83961.1
2026-01-31 07:45:00,291 - INFO - 지표: ADX=11.9, ATR=435.2, Bull=False, Bear=True
2026-01-31 07:46:12,842 - INFO - [상태] 포지션: SHORT, 진입가: $83000.90, 현재가: $83979.70, 미실현PnL: $-201.63
2026-01-31 07:46:12,843 - INFO - [지표] ADX=nan, Bull=nan, Bear=nan
2026-01-31 07:51:12,921 - INFO - [상태] 포지션: SHORT, 진입가: $83000.90, 현재가: $84045.90, 미실현PnL: $-215.27
2026-01-31 07:51:12,921 - INFO - [지표] ADX=nan, Bull=nan, Bear=nan
2026-01-31 07:56:12,965 - INFO - [상태] 포지션: SHORT, 진입가: $83000.90, 현재가: $84128.90, 미실현PnL: $-232.37
2026-01-31 07:56:12,966 - INFO - [지표] ADX=nan, Bull=nan, Bear=nan
2026-01-31 08:00:00,100 - INFO - [EMA] 증분계산: prev=83737.72, close=84191.1, new=83772.59
2026-01-31 08:00:00,110 - INFO - 15m | 22:45 | O:83961.1 H:84192.4 L:83912.1 C:84191.1
2026-01-31 08:00:00,110 - INFO - 지표: ADX=12.0, ATR=419.7, Bull=False, Bear=False
2026-01-31 08:01:13,009 - INFO - [상태] 포지션: SHORT, 진입가: $83000.90, 현재가: $84190.00, 미실현PnL: $-244.95
2026-01-31 08:01:13,009 - INFO - [지표] ADX=nan, Bull=nan, Bear=nan
2026-01-31 08:06:13,050 - INFO - [상태] 포지션: SHORT, 진입가: $83000.90, 현재가: $84099.00, 미실현PnL: $-226.21
2026-01-31 08:06:13,050 - INFO - [지표] ADX=nan, Bull=nan, Bear=nan
2026-01-31 08:11:13,142 - INFO - [상태] 포지션: SHORT, 진입가: $83000.90, 현재가: $83983.00, 미실현PnL: $-202.31
2026-01-31 08:11:13,142 - INFO - [지표] ADX=nan, Bull=nan, Bear=nan
2026-01-31 08:15:00,033 - INFO - [EMA] 증분계산: prev=83772.59, close=83981.0, new=83788.62
2026-01-31 08:15:00,042 - INFO - 15m | 23:00 | O:84191.1 H:84194.0 L:83897.0 C:83981.0
2026-01-31 08:15:00,042 - INFO - 지표: ADX=12.1, ATR=407.4, Bull=False, Bear=False
2026-01-31 08:16:13,183 - INFO - [상태] 포지션: SHORT, 진입가: $83000.90, 현재가: $84011.10, 미실현PnL: $-208.10
2026-01-31 08:16:13,183 - INFO - [지표] ADX=nan, Bull=nan, Bear=nan
2026-01-31 08:21:13,226 - INFO - [상태] 포지션: SHORT, 진입가: $83000.90, 현재가: $84144.10, 미실현PnL: $-235.50
2026-01-31 08:21:13,227 - INFO - [지표] ADX=nan, Bull=nan, Bear=nan
2026-01-31 08:26:13,269 - INFO - [상태] 포지션: SHORT, 진입가: $83000.90, 현재가: $84116.50, 미실현PnL: $-229.81
2026-01-31 08:26:13,269 - INFO - [지표] ADX=nan, Bull=nan, Bear=nan
2026-01-31 08:30:00,106 - INFO - [EMA] 증분계산: prev=83788.62, close=83999.9, new=83804.88
2026-01-31 08:30:00,115 - INFO - 15m | 23:15 | O:83981.1 H:84173.0 L:83936.8 C:83999.9
2026-01-31 08:30:00,115 - INFO - 지표: ADX=12.1, ATR=390.3, Bull=False, Bear=False
2026-01-31 08:31:13,314 - INFO - [상태] 포지션: SHORT, 진입가: $83000.90, 현재가: $84000.00, 미실현PnL: $-205.81
2026-01-31 08:31:13,315 - INFO - [지표] ADX=nan, Bull=nan, Bear=nan
2026-01-31 08:36:13,357 - INFO - [상태] 포지션: SHORT, 진입가: $83000.90, 현재가: $83976.40, 미실현PnL: $-200.95
2026-01-31 08:36:13,357 - INFO - [지표] ADX=nan, Bull=nan, Bear=nan
2026-01-31 08:41:13,398 - INFO - [상태] 포지션: SHORT, 진입가: $83000.90, 현재가: $84017.90, 미실현PnL: $-209.50
2026-01-31 08:41:13,398 - INFO - [지표] ADX=nan, Bull=nan, Bear=nan
2026-01-31 08:45:00,475 - INFO - [EMA] 증분계산: prev=83804.88, close=84193.1, new=83834.74
2026-01-31 08:45:00,481 - INFO - 15m | 23:30 | O:84000.0 H:84193.2 L:83956.9 C:84193.1
2026-01-31 08:45:00,482 - INFO - 지표: ADX=12.2, ATR=374.9, Bull=False, Bear=False
2026-01-31 08:46:13,440 - INFO - [상태] 포지션: SHORT, 진입가: $83000.90, 현재가: $84169.30, 미실현PnL: $-240.69
2026-01-31 08:46:13,440 - INFO - [지표] ADX=nan, Bull=nan, Bear=nan
2026-01-31 08:51:13,482 - INFO - [상태] 포지션: SHORT, 진입가: $83000.90, 현재가: $84191.70, 미실현PnL: $-245.30
2026-01-31 08:51:13,482 - INFO - [지표] ADX=nan, Bull=nan, Bear=nan
2026-01-31 08:56:13,523 - INFO - [상태] 포지션: SHORT, 진입가: $83000.90, 현재가: $84224.20, 미실현PnL: $-252.00
2026-01-31 08:56:13,524 - INFO - [지표] ADX=nan, Bull=nan, Bear=nan
