2026-01-25 09:00:01,662 - INFO - === 로그 파일 시작: logs/hyper_usdt_2026-01-25.log ===
2026-01-25 09:00:01,662 - INFO - [EMA] 증분계산: prev=89335.05, close=89180.7, new=89323.18
2026-01-25 09:00:01,668 - INFO - 15m | 23:45 | O:89275.8 H:89296.5 L:89155.0 C:89180.7
2026-01-25 09:00:01,668 - INFO - 지표: ADX=21.9, ATR=90.0, Bull=False, Bear=True
2026-01-25 09:00:46,961 - INFO - [상태] 포지션: SHORT, 진입가: $89379.90, 현재가: $89196.80, 미실현PnL: $152.16
2026-01-25 09:00:46,962 - INFO - [지표] ADX=nan, Bull=nan, Bear=nan
2026-01-25 09:05:47,002 - INFO - [상태] 포지션: SHORT, 진입가: $89379.90, 현재가: $89216.20, 미실현PnL: $136.03
2026-01-25 09:05:47,002 - INFO - [지표] ADX=nan, Bull=nan, Bear=nan
2026-01-25 09:10:47,046 - INFO - [상태] 포지션: SHORT, 진입가: $89379.90, 현재가: $89217.50, 미실현PnL: $134.95
2026-01-25 09:10:47,047 - INFO - [지표] ADX=nan, Bull=nan, Bear=nan
2026-01-25 09:15:00,288 - INFO - [EMA] 증분계산: prev=89323.18, close=89225.0, new=89315.63
2026-01-25 09:15:00,297 - INFO - 15m | 00:00 | O:89180.7 H:89230.0 L:89180.7 C:89225.0
2026-01-25 09:15:00,297 - INFO - 지표: ADX=22.0, ATR=85.9, Bull=False, Bear=True
2026-01-25 09:15:47,092 - INFO - [상태] 포지션: SHORT, 진입가: $89379.90, 현재가: $89229.10, 미실현PnL: $125.31
2026-01-25 09:15:47,093 - INFO - [지표] ADX=nan, Bull=nan, Bear=nan
2026-01-25 09:20:47,150 - INFO - [상태] 포지션: SHORT, 진입가: $89379.90, 현재가: $89240.30, 미실현PnL: $116.01
2026-01-25 09:20:47,150 - INFO - [지표] ADX=nan, Bull=nan, Bear=nan
2026-01-25 09:25:47,193 - INFO - [상태] 포지션: SHORT, 진입가: $89379.90, 현재가: $89170.20, 미실현PnL: $174.26
2026-01-25 09:25:47,193 - INFO - [지표] ADX=nan, Bull=nan, Bear=nan
2026-01-25 09:30:00,102 - INFO - [EMA] 증분계산: prev=89315.63, close=89145.1, new=89302.51
2026-01-25 09:30:00,108 - INFO - 15m | 00:15 | O:89225.0 H:89266.5 L:89138.9 C:89145.1
2026-01-25 09:30:00,108 - INFO - 지표: ADX=22.6, ATR=90.1, Bull=False, Bear=True
2026-01-25 09:30:47,234 - INFO - [상태] 포지션: SHORT, 진입가: $89379.90, 현재가: $89145.50, 미실현PnL: $194.79
2026-01-25 09:30:47,235 - INFO - [지표] ADX=nan, Bull=nan, Bear=nan
2026-01-25 09:35:47,276 - INFO - [상태] 포지션: SHORT, 진입가: $89379.90, 현재가: $89173.10, 미실현PnL: $171.85
2026-01-25 09:35:47,276 - INFO - [지표] ADX=nan, Bull=nan, Bear=nan
2026-01-25 09:40:47,317 - INFO - [상태] 포지션: SHORT, 진입가: $89379.90, 현재가: $89214.20, 미실현PnL: $137.70
2026-01-25 09:40:47,317 - INFO - [지표] ADX=nan, Bull=nan, Bear=nan
2026-01-25 09:45:01,160 - INFO - [EMA] 증분계산: prev=89302.51, close=89238.9, new=89297.62
2026-01-25 09:45:01,169 - INFO - 15m | 00:30 | O:89145.2 H:89238.9 L:89144.2 C:89238.9
2026-01-25 09:45:01,169 - INFO - 지표: ADX=23.2, ATR=90.5, Bull=False, Bear=True
2026-01-25 09:45:47,365 - INFO - [상태] 포지션: SHORT, 진입가: $89379.90, 현재가: $89240.30, 미실현PnL: $116.01
2026-01-25 09:45:47,365 - INFO - [지표] ADX=nan, Bull=nan, Bear=nan
2026-01-25 09:50:47,406 - INFO - [상태] 포지션: SHORT, 진입가: $89379.90, 현재가: $89238.30, 미실현PnL: $117.67
2026-01-25 09:50:47,406 - INFO - [지표] ADX=nan, Bull=nan, Bear=nan
2026-01-25 09:55:47,447 - INFO - [상태] 포지션: SHORT, 진입가: $89379.90, 현재가: $89230.40, 미실현PnL: $124.23
2026-01-25 09:55:47,447 - INFO - [지표] ADX=nan, Bull=nan, Bear=nan
2026-01-25 10:00:00,751 - INFO - [EMA] 증분계산: prev=89297.62, close=89275.7, new=89295.93
2026-01-25 10:00:00,761 - INFO - 15m | 00:45 | O:89238.8 H:89275.7 L:89226.8 C:89275.7
2026-01-25 10:00:00,761 - INFO - 지표: ADX=23.0, ATR=86.4, Bull=False, Bear=True
2026-01-25 10:00:47,490 - INFO - [상태] 포지션: SHORT, 진입가: $89379.90, 현재가: $89273.30, 미실현PnL: $88.58
2026-01-25 10:00:47,491 - INFO - [지표] ADX=nan, Bull=nan, Bear=nan
2026-01-25 10:05:47,534 - INFO - [상태] 포지션: SHORT, 진입가: $89379.90, 현재가: $89261.00, 미실현PnL: $98.81
2026-01-25 10:05:47,534 - INFO - [지표] ADX=nan, Bull=nan, Bear=nan
2026-01-25 10:10:47,592 - INFO - [상태] 포지션: SHORT, 진입가: $89379.90, 현재가: $89257.20, 미실현PnL: $101.96
2026-01-25 10:10:47,592 - INFO - [지표] ADX=nan, Bull=nan, Bear=nan
2026-01-25 10:15:00,873 - INFO - [EMA] 증분계산: prev=89295.93, close=89220.1, new=89290.10
2026-01-25 10:15:00,880 - INFO - 15m | 01:00 | O:89275.7 H:89281.6 L:89196.6 C:89220.1
2026-01-25 10:15:00,880 - INFO - 지표: ADX=23.2, ATR=86.2, Bull=False, Bear=True
2026-01-25 10:15:47,634 - INFO - [상태] 포지션: SHORT, 진입가: $89379.90, 현재가: $89220.20, 미실현PnL: $132.71
2026-01-25 10:15:47,634 - INFO - [지표] ADX=nan, Bull=nan, Bear=nan
2026-01-25 10:20:47,675 - INFO - [상태] 포지션: SHORT, 진입가: $89379.90, 현재가: $89196.10, 미실현PnL: $152.74
2026-01-25 10:20:47,675 - INFO - [지표] ADX=nan, Bull=nan, Bear=nan
2026-01-25 10:25:47,720 - INFO - [상태] 포지션: SHORT, 진입가: $89379.90, 현재가: $89211.50, 미실현PnL: $139.94
2026-01-25 10:25:47,720 - INFO - [지표] ADX=nan, Bull=nan, Bear=nan
2026-01-25 10:30:00,090 - INFO - [EMA] 증분계산: prev=89290.10, close=89161.3, new=89280.19
2026-01-25 10:30:00,097 - INFO - 15m | 01:15 | O:89220.2 H:89230.1 L:89158.4 C:89161.3
2026-01-25 10:30:00,097 - INFO - 지표: ADX=23.8, ATR=84.8, Bull=False, Bear=True
2026-01-25 10:30:47,760 - INFO - [상태] 포지션: SHORT, 진입가: $89379.90, 현재가: $89149.60, 미실현PnL: $191.38
2026-01-25 10:30:47,761 - INFO - [지표] ADX=nan, Bull=nan, Bear=nan
2026-01-25 10:35:47,811 - INFO - [상태] 포지션: SHORT, 진입가: $89379.90, 현재가: $89127.50, 미실현PnL: $209.74
2026-01-25 10:35:47,811 - INFO - [지표] ADX=nan, Bull=nan, Bear=nan
2026-01-25 10:40:47,852 - INFO - [상태] 포지션: SHORT, 진입가: $89379.90, 현재가: $89108.80, 미실현PnL: $225.28
2026-01-25 10:40:47,852 - INFO - [지표] ADX=nan, Bull=nan, Bear=nan
2026-01-25 10:45:00,430 - INFO - [EMA] 증분계산: prev=89280.19, close=89100.0, new=89266.33
2026-01-25 10:45:00,439 - INFO - 15m | 01:30 | O:89161.3 H:89161.3 L:89025.3 C:89100.0
2026-01-25 10:45:00,439 - INFO - 지표: ADX=25.4, ATR=89.9, Bull=False, Bear=True
2026-01-25 10:45:47,895 - INFO - [상태] 포지션: SHORT, 진입가: $89379.90, 현재가: $89129.90, 미실현PnL: $207.75
2026-01-25 10:45:47,895 - INFO - [지표] ADX=nan, Bull=nan, Bear=nan
2026-01-25 10:50:47,936 - INFO - [상태] 포지션: SHORT, 진입가: $89379.90, 현재가: $89139.60, 미실현PnL: $199.69
2026-01-25 10:50:47,937 - INFO - [지표] ADX=nan, Bull=nan, Bear=nan
2026-01-25 10:55:47,977 - INFO - [상태] 포지션: SHORT, 진입가: $89379.90, 현재가: $89127.50, 미실현PnL: $209.74
2026-01-25 10:55:47,977 - INFO - [지표] ADX=nan, Bull=nan, Bear=nan
2026-01-25 11:00:00,344 - INFO - [EMA] 증분계산: prev=89266.33, close=89139.7, new=89256.59
2026-01-25 11:00:00,351 - INFO - 15m | 01:45 | O:89100.1 H:89161.4 L:89100.0 C:89139.7
2026-01-25 11:00:00,351 - INFO - 지표: ADX=27.0, ATR=87.0, Bull=False, Bear=True
2026-01-25 11:00:48,018 - INFO - [상태] 포지션: SHORT, 진입가: $89379.90, 현재가: $89149.90, 미실현PnL: $191.13
2026-01-25 11:00:48,018 - INFO - [지표] ADX=nan, Bull=nan, Bear=nan
2026-01-25 11:05:48,059 - INFO - [상태] 포지션: SHORT, 진입가: $89379.90, 현재가: $89187.30, 미실현PnL: $160.05
2026-01-25 11:05:48,059 - INFO - [지표] ADX=nan, Bull=nan, Bear=nan
2026-01-25 11:10:48,142 - INFO - [상태] 포지션: SHORT, 진입가: $89379.90, 현재가: $89187.80, 미실현PnL: $159.64
2026-01-25 11:10:48,143 - INFO - [지표] ADX=nan, Bull=nan, Bear=nan
2026-01-25 11:15:00,452 - INFO - [EMA] 증분계산: prev=89256.59, close=89207.8, new=89252.84
2026-01-25 11:15:00,462 - INFO - 15m | 02:00 | O:89139.6 H:89226.8 L:89127.4 C:89207.8
2026-01-25 11:15:00,462 - INFO - 지표: ADX=27.2, ATR=88.3, Bull=False, Bear=True
2026-01-25 11:15:48,185 - INFO - [상태] 포지션: SHORT, 진입가: $89379.90, 현재가: $89189.30, 미실현PnL: $158.39
2026-01-25 11:15:48,185 - INFO - [지표] ADX=nan, Bull=nan, Bear=nan
2026-01-25 11:20:48,228 - INFO - [상태] 포지션: SHORT, 진입가: $89379.90, 현재가: $89172.80, 미실현PnL: $172.10
2026-01-25 11:20:48,229 - INFO - [지표] ADX=nan, Bull=nan, Bear=nan
2026-01-25 11:25:48,270 - INFO - [상태] 포지션: SHORT, 진입가: $89379.90, 현재가: $89155.90, 미실현PnL: $186.14
2026-01-25 11:25:48,270 - INFO - [지표] ADX=nan, Bull=nan, Bear=nan
2026-01-25 11:30:00,305 - INFO - [EMA] 증분계산: prev=89252.84, close=89105.0, new=89241.46
2026-01-25 11:30:00,312 - INFO - 15m | 02:15 | O:89207.7 H:89208.4 L:89101.2 C:89105.0
2026-01-25 11:30:00,312 - INFO - 지표: ADX=27.6, ATR=90.2, Bull=False, Bear=True
2026-01-25 11:30:48,312 - INFO - [상태] 포지션: SHORT, 진입가: $89379.90, 현재가: $89118.90, 미실현PnL: $216.89
2026-01-25 11:30:48,313 - INFO - [지표] ADX=nan, Bull=nan, Bear=nan
2026-01-25 11:35:48,354 - INFO - [상태] 포지션: SHORT, 진입가: $89379.90, 현재가: $89152.10, 미실현PnL: $189.30
2026-01-25 11:35:48,354 - INFO - [지표] ADX=nan, Bull=nan, Bear=nan
2026-01-25 11:40:48,396 - INFO - [상태] 포지션: SHORT, 진입가: $89379.90, 현재가: $89147.50, 미실현PnL: $193.12
2026-01-25 11:40:48,396 - INFO - [지표] ADX=nan, Bull=nan, Bear=nan
2026-01-25 11:45:00,128 - INFO - [EMA] 증분계산: prev=89241.46, close=89108.6, new=89231.24
2026-01-25 11:45:00,137 - INFO - 15m | 02:30 | O:89105.1 H:89166.0 L:89105.0 C:89108.6
2026-01-25 11:45:00,138 - INFO - 지표: ADX=28.1, ATR=87.3, Bull=False, Bear=True
2026-01-25 11:45:48,509 - INFO - [상태] 포지션: SHORT, 진입가: $89379.90, 현재가: $89117.70, 미실현PnL: $217.89
2026-01-25 11:45:48,509 - INFO - [지표] ADX=nan, Bull=nan, Bear=nan
2026-01-25 11:50:48,552 - INFO - [상태] 포지션: SHORT, 진입가: $89379.90, 현재가: $89128.40, 미실현PnL: $209.00
2026-01-25 11:50:48,552 - INFO - [지표] ADX=nan, Bull=nan, Bear=nan
2026-01-25 11:55:48,595 - INFO - [상태] 포지션: SHORT, 진입가: $89379.90, 현재가: $89131.00, 미실현PnL: $206.84
2026-01-25 11:55:48,596 - INFO - [지표] ADX=nan, Bull=nan, Bear=nan
2026-01-25 12:00:00,297 - INFO - [EMA] 증분계산: prev=89231.24, close=89105.0, new=89221.53
2026-01-25 12:00:00,304 - INFO - 15m | 02:45 | O:89108.6 H:89131.1 L:89100.0 C:89105.0
2026-01-25 12:00:00,304 - INFO - 지표: ADX=28.5, ATR=81.6, Bull=False, Bear=True
2026-01-25 12:00:48,641 - INFO - [상태] 포지션: SHORT, 진입가: $89379.90, 현재가: $89111.40, 미실현PnL: $223.12
2026-01-25 12:00:48,642 - INFO - [지표] ADX=nan, Bull=nan, Bear=nan
2026-01-25 12:05:48,685 - INFO - [상태] 포지션: SHORT, 진입가: $89379.90, 현재가: $89139.00, 미실현PnL: $200.19
2026-01-25 12:05:48,685 - INFO - [지표] ADX=nan, Bull=nan, Bear=nan
2026-01-25 12:10:48,728 - INFO - [상태] 포지션: SHORT, 진입가: $89379.90, 현재가: $89112.50, 미실현PnL: $222.21
2026-01-25 12:10:48,729 - INFO - [지표] ADX=nan, Bull=nan, Bear=nan
2026-01-25 12:15:01,169 - INFO - [EMA] 증분계산: prev=89221.53, close=89110.0, new=89212.95
2026-01-25 12:15:01,176 - INFO - 15m | 03:00 | O:89105.1 H:89147.0 L:89089.2 C:89110.0
2026-01-25 12:15:01,176 - INFO - 지표: ADX=28.6, ATR=79.3, Bull=False, Bear=True
2026-01-25 12:15:48,770 - INFO - [상태] 포지션: SHORT, 진입가: $89379.90, 현재가: $89093.50, 미실현PnL: $238.00
2026-01-25 12:15:48,770 - INFO - [지표] ADX=nan, Bull=nan, Bear=nan
2026-01-25 12:20:48,811 - INFO - [상태] 포지션: SHORT, 진입가: $89379.90, 현재가: $88987.00, 미실현PnL: $326.50
2026-01-25 12:20:48,812 - INFO - [지표] ADX=nan, Bull=nan, Bear=nan
2026-01-25 12:25:48,875 - INFO - [상태] 포지션: SHORT, 진입가: $89379.90, 현재가: $89024.00, 미실현PnL: $295.75
2026-01-25 12:25:48,875 - INFO - [지표] ADX=nan, Bull=nan, Bear=nan
2026-01-25 12:30:00,753 - INFO - [EMA] 증분계산: prev=89212.95, close=89000.2, new=89196.59
2026-01-25 12:30:00,762 - INFO - 15m | 03:15 | O:89110.1 H:89110.1 L:88933.5 C:89000.2
2026-01-25 12:30:00,763 - INFO - 지표: ADX=30.0, ATR=89.0, Bull=False, Bear=True
2026-01-25 12:30:22,100 - INFO - [LIVE] TP 체결 감지: $88930.29
2026-01-25 12:30:22,100 - INFO - [LIVE] TP 청산: PnL=$373.63, 수수료=$51.9176, 순익=$321.71
2026-01-25 12:30:22,100 - INFO - [LIVE] 자본금 업데이트: $4897.66 → $5219.37
2026-01-25 12:30:22,142 - INFO - 모든 대기 주문 취소 완료
2026-01-25 12:30:22,679 - WARNING - 예상치 못한 포지션 청산 감지!
2026-01-25 12:30:22,725 - INFO - 마지막 청산 PnL: pnl=$167.2512, 수수료=$6.6164, 순익=$160.6348
2026-01-25 12:30:22,725 - WARNING - 자본금 업데이트: $5219.37 → $5380.01 (PnL: $160.63)
2026-01-25 12:30:22,777 - WARNING - [자본금 동기화] 로컬: $5380.01 → 사용가능: $5188.08 (실제 잔고 $5764.53의 90%)
2026-01-25 12:30:22,777 - INFO - 거래 기록 저장: TP @ $88930.29
2026-01-25 12:30:48,876 - INFO - [상태] 포지션 없음, 자본금: $5188.08
2026-01-25 12:30:48,876 - INFO - [지표] ADX=nan, Bull=nan, Bear=nan
2026-01-25 12:35:48,878 - INFO - [상태] 포지션 없음, 자본금: $5188.08
2026-01-25 12:35:48,878 - INFO - [지표] ADX=nan, Bull=nan, Bear=nan
2026-01-25 12:40:48,879 - INFO - [상태] 포지션 없음, 자본금: $5188.08
2026-01-25 12:40:48,879 - INFO - [지표] ADX=nan, Bull=nan, Bear=nan
2026-01-25 12:45:00,667 - INFO - [EMA] 증분계산: prev=89196.59, close=88886.5, new=89172.73
2026-01-25 12:45:00,677 - INFO - 15m | 03:30 | O:89000.1 H:89000.1 L:88800.1 C:88886.5
2026-01-25 12:45:00,677 - INFO - 지표: ADX=32.0, ATR=100.1, Bull=False, Bear=True
2026-01-25 12:45:48,882 - INFO - [상태] 포지션 없음, 자본금: $5188.08
2026-01-25 12:45:48,882 - INFO - [지표] ADX=nan, Bull=nan, Bear=nan
2026-01-25 12:50:48,884 - INFO - [상태] 포지션 없음, 자본금: $5188.08
2026-01-25 12:50:48,884 - INFO - [지표] ADX=nan, Bull=nan, Bear=nan
2026-01-25 12:55:48,885 - INFO - [상태] 포지션 없음, 자본금: $5188.08
2026-01-25 12:55:48,886 - INFO - [지표] ADX=nan, Bull=nan, Bear=nan
2026-01-25 13:00:01,245 - INFO - [EMA] 증분계산: prev=89172.73, close=88920.0, new=89153.29
2026-01-25 13:00:01,254 - INFO - 15m | 03:45 | O:88886.4 H:88951.4 L:88800.0 C:88920.0
2026-01-25 13:00:01,254 - INFO - 지표: ADX=33.9, ATR=105.2, Bull=False, Bear=True
2026-01-25 13:00:48,887 - INFO - [상태] 포지션 없음, 자본금: $5188.08
2026-01-25 13:00:48,888 - INFO - [지표] ADX=nan, Bull=nan, Bear=nan
2026-01-25 13:05:48,889 - INFO - [상태] 포지션 없음, 자본금: $5188.08
2026-01-25 13:05:48,889 - INFO - [지표] ADX=nan, Bull=nan, Bear=nan
2026-01-25 13:10:48,890 - INFO - [상태] 포지션 없음, 자본금: $5188.08
2026-01-25 13:10:48,891 - INFO - [지표] ADX=nan, Bull=nan, Bear=nan
2026-01-25 13:15:00,360 - INFO - [EMA] 증분계산: prev=89153.29, close=88944.2, new=89137.21
2026-01-25 13:15:00,369 - INFO - 15m | 04:00 | O:88920.0 H:88995.2 L:88905.6 C:88944.2
2026-01-25 13:15:00,369 - INFO - 지표: ADX=34.8, ATR=103.7, Bull=False, Bear=True
2026-01-25 13:15:48,892 - INFO - [상태] 포지션 없음, 자본금: $5188.08
2026-01-25 13:15:48,892 - INFO - [지표] ADX=nan, Bull=nan, Bear=nan
2026-01-25 13:20:48,893 - INFO - [상태] 포지션 없음, 자본금: $5188.08
2026-01-25 13:20:48,893 - INFO - [지표] ADX=nan, Bull=nan, Bear=nan
2026-01-25 13:25:48,894 - INFO - [상태] 포지션 없음, 자본금: $5188.08
2026-01-25 13:25:48,894 - INFO - [지표] ADX=nan, Bull=nan, Bear=nan
2026-01-25 13:30:00,321 - INFO - [EMA] 증분계산: prev=89137.21, close=88934.2, new=89121.59
2026-01-25 13:30:00,330 - INFO - 15m | 04:15 | O:88944.2 H:88966.6 L:88914.0 C:88934.2
2026-01-25 13:30:00,330 - INFO - 지표: ADX=35.7, ATR=98.6, Bull=False, Bear=True
2026-01-25 13:30:48,896 - INFO - [상태] 포지션 없음, 자본금: $5188.08
2026-01-25 13:30:48,897 - INFO - [지표] ADX=nan, Bull=nan, Bear=nan
2026-01-25 13:35:48,898 - INFO - [상태] 포지션 없음, 자본금: $5188.08
2026-01-25 13:35:48,898 - INFO - [지표] ADX=nan, Bull=nan, Bear=nan
2026-01-25 13:40:48,899 - INFO - [상태] 포지션 없음, 자본금: $5188.08
2026-01-25 13:40:48,900 - INFO - [지표] ADX=nan, Bull=nan, Bear=nan
2026-01-25 13:45:00,514 - INFO - [EMA] 증분계산: prev=89121.59, close=89033.0, new=89114.78
2026-01-25 13:45:00,524 - INFO - 15m | 04:30 | O:88934.1 H:89057.8 L:88934.1 C:89033.0
2026-01-25 13:45:00,524 - INFO - 지표: ADX=35.1, ATR=101.1, Bull=False, Bear=True
2026-01-25 13:45:48,902 - INFO - [상태] 포지션 없음, 자본금: $5188.08
2026-01-25 13:45:48,902 - INFO - [지표] ADX=nan, Bull=nan, Bear=nan
2026-01-25 13:50:48,904 - INFO - [상태] 포지션 없음, 자본금: $5188.08
2026-01-25 13:50:48,904 - INFO - [지표] ADX=nan, Bull=nan, Bear=nan
2026-01-25 13:55:48,906 - INFO - [상태] 포지션 없음, 자본금: $5188.08
2026-01-25 13:55:48,907 - INFO - [지표] ADX=nan, Bull=nan, Bear=nan
2026-01-25 14:00:00,269 - INFO - [EMA] 증분계산: prev=89114.78, close=88977.4, new=89104.21
2026-01-25 14:00:00,278 - INFO - 15m | 04:45 | O:89033.0 H:89050.0 L:88972.0 C:88977.4
2026-01-25 14:00:00,278 - INFO - 지표: ADX=34.4, ATR=98.8, Bull=False, Bear=True
2026-01-25 14:00:48,908 - INFO - [상태] 포지션 없음, 자본금: $5188.08
2026-01-25 14:00:48,908 - INFO - [지표] ADX=nan, Bull=nan, Bear=nan
2026-01-25 14:05:48,908 - INFO - [상태] 포지션 없음, 자본금: $5188.08
2026-01-25 14:05:48,909 - INFO - [지표] ADX=nan, Bull=nan, Bear=nan
2026-01-25 14:10:48,910 - INFO - [상태] 포지션 없음, 자본금: $5188.08
2026-01-25 14:10:48,910 - INFO - [지표] ADX=nan, Bull=nan, Bear=nan
2026-01-25 14:15:00,536 - INFO - [EMA] 증분계산: prev=89104.21, close=89012.9, new=89097.19
2026-01-25 14:15:00,545 - INFO - 15m | 05:00 | O:88977.4 H:89015.1 L:88956.0 C:89012.9
2026-01-25 14:15:00,546 - INFO - 지표: ADX=34.0, ATR=94.8, Bull=False, Bear=True
2026-01-25 14:15:48,911 - INFO - [상태] 포지션 없음, 자본금: $5188.08
2026-01-25 14:15:48,911 - INFO - [지표] ADX=nan, Bull=nan, Bear=nan
2026-01-25 14:20:48,913 - INFO - [상태] 포지션 없음, 자본금: $5188.08
2026-01-25 14:20:48,913 - INFO - [지표] ADX=nan, Bull=nan, Bear=nan
2026-01-25 14:25:48,917 - INFO - [상태] 포지션 없음, 자본금: $5188.08
2026-01-25 14:25:48,917 - INFO - [지표] ADX=nan, Bull=nan, Bear=nan
2026-01-25 14:30:00,522 - INFO - [EMA] 증분계산: prev=89097.19, close=88956.4, new=89086.36
2026-01-25 14:30:00,532 - INFO - 15m | 05:15 | O:89012.9 H:89012.9 L:88950.1 C:88956.4
2026-01-25 14:30:00,532 - INFO - 지표: ADX=33.6, ATR=91.6, Bull=False, Bear=True
2026-01-25 14:30:48,919 - INFO - [상태] 포지션 없음, 자본금: $5188.08
2026-01-25 14:30:48,919 - INFO - [지표] ADX=nan, Bull=nan, Bear=nan
2026-01-25 14:35:48,921 - INFO - [상태] 포지션 없음, 자본금: $5188.08
2026-01-25 14:35:48,921 - INFO - [지표] ADX=nan, Bull=nan, Bear=nan
2026-01-25 14:40:48,922 - INFO - [상태] 포지션 없음, 자본금: $5188.08
2026-01-25 14:40:48,922 - INFO - [지표] ADX=nan, Bull=nan, Bear=nan
2026-01-25 14:45:01,187 - INFO - [EMA] 증분계산: prev=89086.36, close=88863.4, new=89069.21
2026-01-25 14:45:01,194 - INFO - 15m | 05:30 | O:88956.5 H:88956.5 L:88835.6 C:88863.4
2026-01-25 14:45:01,194 - INFO - 지표: ADX=34.3, ATR=94.5, Bull=False, Bear=True
2026-01-25 14:45:48,923 - INFO - [상태] 포지션 없음, 자본금: $5188.08
2026-01-25 14:45:48,924 - INFO - [지표] ADX=nan, Bull=nan, Bear=nan
2026-01-25 14:50:48,926 - INFO - [상태] 포지션 없음, 자본금: $5188.08
2026-01-25 14:50:48,926 - INFO - [지표] ADX=nan, Bull=nan, Bear=nan
2026-01-25 14:55:48,928 - INFO - [상태] 포지션 없음, 자본금: $5188.08
2026-01-25 14:55:48,929 - INFO - [지표] ADX=nan, Bull=nan, Bear=nan
2026-01-25 15:00:00,198 - INFO - [EMA] 증분계산: prev=89069.21, close=88966.1, new=89061.28
2026-01-25 15:00:00,207 - INFO - 15m | 05:45 | O:88863.4 H:88971.0 L:88863.3 C:88966.1
2026-01-25 15:00:00,207 - INFO - 지표: ADX=34.6, ATR=95.8, Bull=False, Bear=True
2026-01-25 15:00:48,929 - INFO - [상태] 포지션 없음, 자본금: $5188.08
2026-01-25 15:00:48,930 - INFO - [지표] ADX=nan, Bull=nan, Bear=nan
2026-01-25 15:05:48,932 - INFO - [상태] 포지션 없음, 자본금: $5188.08
2026-01-25 15:05:48,933 - INFO - [지표] ADX=nan, Bull=nan, Bear=nan
2026-01-25 15:10:48,934 - INFO - [상태] 포지션 없음, 자본금: $5188.08
2026-01-25 15:10:48,934 - INFO - [지표] ADX=nan, Bull=nan, Bear=nan
2026-01-25 15:15:00,158 - INFO - [EMA] 증분계산: prev=89061.28, close=88679.6, new=89031.92
2026-01-25 15:15:00,165 - INFO - 15m | 06:00 | O:88966.1 H:88966.1 L:88668.3 C:88679.6
2026-01-25 15:15:00,166 - INFO - 지표: ADX=36.1, ATR=116.0, Bull=False, Bear=True
2026-01-25 15:15:48,936 - INFO - [상태] 포지션 없음, 자본금: $5188.08
2026-01-25 15:15:48,936 - INFO - [지표] ADX=nan, Bull=nan, Bear=nan
2026-01-25 15:20:48,938 - INFO - [상태] 포지션 없음, 자본금: $5188.08
2026-01-25 15:20:48,938 - INFO - [지표] ADX=nan, Bull=nan, Bear=nan
2026-01-25 15:25:48,939 - INFO - [상태] 포지션 없음, 자본금: $5188.08
2026-01-25 15:25:48,940 - INFO - [지표] ADX=nan, Bull=nan, Bear=nan
2026-01-25 15:30:00,228 - INFO - [EMA] 증분계산: prev=89031.92, close=88759.1, new=89010.93
2026-01-25 15:30:00,237 - INFO - 15m | 06:15 | O:88679.7 H:88810.7 L:88609.0 C:88759.1
2026-01-25 15:30:00,237 - INFO - 지표: ADX=37.7, ATR=124.6, Bull=False, Bear=True
2026-01-25 15:30:48,941 - INFO - [상태] 포지션 없음, 자본금: $5188.08
2026-01-25 15:30:48,941 - INFO - [지표] ADX=nan, Bull=nan, Bear=nan
2026-01-25 15:35:48,943 - INFO - [상태] 포지션 없음, 자본금: $5188.08
2026-01-25 15:35:48,943 - INFO - [지표] ADX=nan, Bull=nan, Bear=nan
2026-01-25 15:40:48,944 - INFO - [상태] 포지션 없음, 자본금: $5188.08
2026-01-25 15:40:48,945 - INFO - [지표] ADX=nan, Bull=nan, Bear=nan
2026-01-25 15:45:00,143 - INFO - [EMA] 증분계산: prev=89010.93, close=88811.0, new=88995.55
2026-01-25 15:45:00,152 - INFO - 15m | 06:30 | O:88759.1 H:88860.9 L:88651.3 C:88811.0
2026-01-25 15:45:00,152 - INFO - 지표: ADX=38.4, ATR=133.1, Bull=False, Bear=True
2026-01-25 15:45:48,948 - INFO - [상태] 포지션 없음, 자본금: $5188.08
2026-01-25 15:45:48,949 - INFO - [지표] ADX=nan, Bull=nan, Bear=nan
2026-01-25 15:50:48,950 - INFO - [상태] 포지션 없음, 자본금: $5188.08
2026-01-25 15:50:48,950 - INFO - [지표] ADX=nan, Bull=nan, Bear=nan
2026-01-25 15:55:48,951 - INFO - [상태] 포지션 없음, 자본금: $5188.08
2026-01-25 15:55:48,952 - INFO - [지표] ADX=nan, Bull=nan, Bear=nan
2026-01-25 16:00:01,275 - INFO - [EMA] 증분계산: prev=88995.55, close=88810.0, new=88981.28
2026-01-25 16:00:01,282 - INFO - 15m | 06:45 | O:88811.0 H:88836.9 L:88801.0 C:88810.0
2026-01-25 16:00:01,282 - INFO - 지표: ADX=39.1, ATR=123.4, Bull=False, Bear=True
2026-01-25 16:00:48,953 - INFO - [상태] 포지션 없음, 자본금: $5188.08
2026-01-25 16:00:48,953 - INFO - [지표] ADX=nan, Bull=nan, Bear=nan
2026-01-25 16:05:48,954 - INFO - [상태] 포지션 없음, 자본금: $5188.08
2026-01-25 16:05:48,955 - INFO - [지표] ADX=nan, Bull=nan, Bear=nan
2026-01-25 16:10:48,957 - INFO - [상태] 포지션 없음, 자본금: $5188.08
2026-01-25 16:10:48,957 - INFO - [지표] ADX=nan, Bull=nan, Bear=nan
2026-01-25 16:15:00,031 - INFO - [EMA] 증분계산: prev=88981.28, close=88690.5, new=88958.91
2026-01-25 16:15:00,038 - INFO - 15m | 07:00 | O:88810.1 H:88810.1 L:88688.2 C:88690.5
2026-01-25 16:15:00,038 - INFO - 지표: ADX=40.3, ATR=123.2, Bull=False, Bear=True
2026-01-25 16:15:48,959 - INFO - [상태] 포지션 없음, 자본금: $5188.08
2026-01-25 16:15:48,960 - INFO - [지표] ADX=nan, Bull=nan, Bear=nan
2026-01-25 16:20:48,961 - INFO - [상태] 포지션 없음, 자본금: $5188.08
2026-01-25 16:20:48,961 - INFO - [지표] ADX=nan, Bull=nan, Bear=nan
2026-01-25 16:25:48,962 - INFO - [상태] 포지션 없음, 자본금: $5188.08
2026-01-25 16:25:48,962 - INFO - [지표] ADX=nan, Bull=nan, Bear=nan
2026-01-25 16:30:00,112 - INFO - [EMA] 증분계산: prev=88958.91, close=88759.0, new=88943.53
2026-01-25 16:30:00,119 - INFO - 15m | 07:15 | O:88690.6 H:88759.1 L:88690.5 C:88759.0
2026-01-25 16:30:00,119 - INFO - 지표: ADX=41.4, ATR=117.8, Bull=False, Bear=True
2026-01-25 16:30:48,964 - INFO - [상태] 포지션 없음, 자본금: $5188.08
2026-01-25 16:30:48,964 - INFO - [지표] ADX=nan, Bull=nan, Bear=nan
2026-01-25 16:35:48,965 - INFO - [상태] 포지션 없음, 자본금: $5188.08
2026-01-25 16:35:48,965 - INFO - [지표] ADX=nan, Bull=nan, Bear=nan
2026-01-25 16:40:48,967 - INFO - [상태] 포지션 없음, 자본금: $5188.08
2026-01-25 16:40:48,967 - INFO - [지표] ADX=nan, Bull=nan, Bear=nan
2026-01-25 16:45:00,279 - INFO - [EMA] 증분계산: prev=88943.53, close=88690.9, new=88924.10
2026-01-25 16:45:00,286 - INFO - 15m | 07:30 | O:88759.1 H:88759.1 L:88690.8 C:88690.9
2026-01-25 16:45:00,286 - INFO - 지표: ADX=42.4, ATR=112.8, Bull=False, Bear=True
2026-01-25 16:45:48,968 - INFO - [상태] 포지션 없음, 자본금: $5188.08
2026-01-25 16:45:48,969 - INFO - [지표] ADX=nan, Bull=nan, Bear=nan
2026-01-25 16:50:48,970 - INFO - [상태] 포지션 없음, 자본금: $5188.08
2026-01-25 16:50:48,970 - INFO - [지표] ADX=nan, Bull=nan, Bear=nan
2026-01-25 16:55:48,971 - INFO - [상태] 포지션 없음, 자본금: $5188.08
2026-01-25 16:55:48,971 - INFO - [지표] ADX=nan, Bull=nan, Bear=nan
2026-01-25 17:00:00,064 - INFO - [EMA] 증분계산: prev=88924.10, close=88630.3, new=88901.50
2026-01-25 17:00:00,070 - INFO - 15m | 07:45 | O:88690.9 H:88690.9 L:88600.0 C:88630.3
2026-01-25 17:00:00,071 - INFO - 지표: ADX=43.8, ATR=110.6, Bull=False, Bear=True
2026-01-25 17:00:48,972 - INFO - [상태] 포지션 없음, 자본금: $5188.08
2026-01-25 17:00:48,973 - INFO - [지표] ADX=nan, Bull=nan, Bear=nan
2026-01-25 17:05:48,974 - INFO - [상태] 포지션 없음, 자본금: $5188.08
2026-01-25 17:05:48,974 - INFO - [지표] ADX=nan, Bull=nan, Bear=nan
2026-01-25 17:10:48,975 - INFO - [상태] 포지션 없음, 자본금: $5188.08
2026-01-25 17:10:48,976 - INFO - [지표] ADX=nan, Bull=nan, Bear=nan
2026-01-25 17:15:00,056 - INFO - [EMA] 증분계산: prev=88901.50, close=88700.0, new=88886.00
2026-01-25 17:15:00,066 - INFO - 15m | 08:00 | O:88630.3 H:88727.2 L:88600.2 C:88700.0
2026-01-25 17:15:00,066 - INFO - 지표: ADX=44.5, ATR=112.3, Bull=False, Bear=True
2026-01-25 17:15:48,976 - INFO - [상태] 포지션 없음, 자본금: $5188.08
2026-01-25 17:15:48,977 - INFO - [지표] ADX=nan, Bull=nan, Bear=nan
2026-01-25 17:20:48,979 - INFO - [상태] 포지션 없음, 자본금: $5188.08
2026-01-25 17:20:48,979 - INFO - [지표] ADX=nan, Bull=nan, Bear=nan
2026-01-25 17:25:48,980 - INFO - [상태] 포지션 없음, 자본금: $5188.08
2026-01-25 17:25:48,980 - INFO - [지표] ADX=nan, Bull=nan, Bear=nan
2026-01-25 17:30:00,173 - INFO - [EMA] 증분계산: prev=88886.00, close=88650.0, new=88867.85
2026-01-25 17:30:00,182 - INFO - 15m | 08:15 | O:88699.9 H:88700.0 L:88650.0 C:88650.0
2026-01-25 17:30:00,182 - INFO - 지표: ADX=45.1, ATR=106.0, Bull=False, Bear=True
2026-01-25 17:30:48,981 - INFO - [상태] 포지션 없음, 자본금: $5188.08
2026-01-25 17:30:48,982 - INFO - [지표] ADX=nan, Bull=nan, Bear=nan
2026-01-25 17:35:48,982 - INFO - [상태] 포지션 없음, 자본금: $5188.08
2026-01-25 17:35:48,982 - INFO - [지표] ADX=nan, Bull=nan, Bear=nan
2026-01-25 17:40:48,984 - INFO - [상태] 포지션 없음, 자본금: $5188.08
2026-01-25 17:40:48,984 - INFO - [지표] ADX=nan, Bull=nan, Bear=nan
2026-01-25 17:45:00,059 - INFO - [EMA] 증분계산: prev=88867.85, close=88280.3, new=88822.65
2026-01-25 17:45:00,068 - INFO - 15m | 08:30 | O:88650.0 H:88650.1 L:88128.3 C:88280.3
2026-01-25 17:45:00,068 - INFO - 지표: ADX=47.2, ATR=147.6, Bull=False, Bear=True
2026-01-25 17:45:48,985 - INFO - [상태] 포지션 없음, 자본금: $5188.08
2026-01-25 17:45:48,985 - INFO - [지표] ADX=nan, Bull=nan, Bear=nan
2026-01-25 17:50:48,986 - INFO - [상태] 포지션 없음, 자본금: $5188.08
2026-01-25 17:50:48,987 - INFO - [지표] ADX=nan, Bull=nan, Bear=nan
2026-01-25 17:55:48,988 - INFO - [상태] 포지션 없음, 자본금: $5188.08
2026-01-25 17:55:48,988 - INFO - [지표] ADX=nan, Bull=nan, Bear=nan
2026-01-25 18:00:00,102 - INFO - [EMA] 증분계산: prev=88822.65, close=88254.8, new=88778.97
2026-01-25 18:00:00,111 - INFO - 15m | 08:45 | O:88280.2 H:88308.0 L:88084.0 C:88254.8
2026-01-25 18:00:00,111 - INFO - 지표: ADX=49.3, ATR=155.3, Bull=False, Bear=True
2026-01-25 18:00:48,990 - INFO - [상태] 포지션 없음, 자본금: $5188.08
2026-01-25 18:00:48,990 - INFO - [지표] ADX=nan, Bull=nan, Bear=nan
2026-01-25 18:05:48,992 - INFO - [상태] 포지션 없음, 자본금: $5188.08
2026-01-25 18:05:48,993 - INFO - [지표] ADX=nan, Bull=nan, Bear=nan
2026-01-25 18:10:48,993 - INFO - [상태] 포지션 없음, 자본금: $5188.08
2026-01-25 18:10:48,994 - INFO - [지표] ADX=nan, Bull=nan, Bear=nan
2026-01-25 18:15:00,141 - INFO - [EMA] 증분계산: prev=88778.97, close=88320.1, new=88743.67
2026-01-25 18:15:00,147 - INFO - 15m | 09:00 | O:88254.9 H:88365.3 L:88193.5 C:88320.1
2026-01-25 18:15:00,147 - INFO - 지표: ADX=50.5, ATR=156.9, Bull=False, Bear=True
2026-01-25 18:15:48,994 - INFO - [상태] 포지션 없음, 자본금: $5188.08
2026-01-25 18:15:48,994 - INFO - [지표] ADX=nan, Bull=nan, Bear=nan
2026-01-25 18:20:48,996 - INFO - [상태] 포지션 없음, 자본금: $5188.08
2026-01-25 18:20:48,996 - INFO - [지표] ADX=nan, Bull=nan, Bear=nan
2026-01-25 18:25:48,997 - INFO - [상태] 포지션 없음, 자본금: $5188.08
2026-01-25 18:25:48,998 - INFO - [지표] ADX=nan, Bull=nan, Bear=nan
2026-01-25 18:30:00,044 - INFO - [EMA] 증분계산: prev=88743.67, close=88416.3, new=88718.49
2026-01-25 18:30:00,050 - INFO - 15m | 09:15 | O:88320.1 H:88436.3 L:88296.1 C:88416.3
2026-01-25 18:30:00,050 - INFO - 지표: ADX=50.9, ATR=155.2, Bull=False, Bear=True
2026-01-25 18:30:49,000 - INFO - [상태] 포지션 없음, 자본금: $5188.08
2026-01-25 18:30:49,000 - INFO - [지표] ADX=nan, Bull=nan, Bear=nan
2026-01-25 18:35:49,002 - INFO - [상태] 포지션 없음, 자본금: $5188.08
2026-01-25 18:35:49,002 - INFO - [지표] ADX=nan, Bull=nan, Bear=nan
2026-01-25 18:40:49,003 - INFO - [상태] 포지션 없음, 자본금: $5188.08
2026-01-25 18:40:49,003 - INFO - [지표] ADX=nan, Bull=nan, Bear=nan
2026-01-25 18:45:00,030 - INFO - [EMA] 증분계산: prev=88718.49, close=88448.3, new=88697.71
2026-01-25 18:45:00,037 - INFO - 15m | 09:30 | O:88416.2 H:88453.3 L:88306.4 C:88448.3
2026-01-25 18:45:00,037 - INFO - 지표: ADX=51.0, ATR=154.4, Bull=False, Bear=True
2026-01-25 18:45:49,005 - INFO - [상태] 포지션 없음, 자본금: $5188.08
2026-01-25 18:45:49,005 - INFO - [지표] ADX=nan, Bull=nan, Bear=nan
2026-01-25 18:50:49,007 - INFO - [상태] 포지션 없음, 자본금: $5188.08
2026-01-25 18:50:49,007 - INFO - [지표] ADX=nan, Bull=nan, Bear=nan
2026-01-25 18:55:49,008 - INFO - [상태] 포지션 없음, 자본금: $5188.08
2026-01-25 18:55:49,009 - INFO - [지표] ADX=nan, Bull=nan, Bear=nan
2026-01-25 19:00:00,245 - INFO - [EMA] 증분계산: prev=88697.71, close=88361.6, new=88671.85
2026-01-25 19:00:00,252 - INFO - 15m | 09:45 | O:88448.2 H:88448.3 L:88332.7 C:88361.6
2026-01-25 19:00:00,252 - INFO - 지표: ADX=51.1, ATR=150.5, Bull=False, Bear=True
2026-01-25 19:00:49,010 - INFO - [상태] 포지션 없음, 자본금: $5188.08
2026-01-25 19:00:49,010 - INFO - [지표] ADX=nan, Bull=nan, Bear=nan
2026-01-25 19:05:49,011 - INFO - [상태] 포지션 없음, 자본금: $5188.08
2026-01-25 19:05:49,012 - INFO - [지표] ADX=nan, Bull=nan, Bear=nan
2026-01-25 19:10:49,012 - INFO - [상태] 포지션 없음, 자본금: $5188.08
2026-01-25 19:10:49,012 - INFO - [지표] ADX=nan, Bull=nan, Bear=nan
2026-01-25 19:15:00,351 - INFO - [EMA] 증분계산: prev=88671.85, close=88446.9, new=88654.55
2026-01-25 19:15:00,360 - INFO - 15m | 10:00 | O:88361.5 H:88495.0 L:88361.5 C:88446.9
2026-01-25 19:15:00,361 - INFO - 지표: ADX=50.7, ATR=148.8, Bull=False, Bear=True
2026-01-25 19:15:49,014 - INFO - [상태] 포지션 없음, 자본금: $5188.08
2026-01-25 19:15:49,014 - INFO - [지표] ADX=nan, Bull=nan, Bear=nan
2026-01-25 19:20:49,015 - INFO - [상태] 포지션 없음, 자본금: $5188.08
2026-01-25 19:20:49,016 - INFO - [지표] ADX=nan, Bull=nan, Bear=nan
2026-01-25 19:25:49,017 - INFO - [상태] 포지션 없음, 자본금: $5188.08
2026-01-25 19:25:49,017 - INFO - [지표] ADX=nan, Bull=nan, Bear=nan
2026-01-25 19:30:00,298 - INFO - [EMA] 증분계산: prev=88654.55, close=88590.9, new=88649.65
2026-01-25 19:30:00,307 - INFO - 15m | 10:15 | O:88447.0 H:88599.4 L:88446.9 C:88590.9
2026-01-25 19:30:00,308 - INFO - 지표: ADX=49.1, ATR=149.2, Bull=False, Bear=True
2026-01-25 19:30:49,018 - INFO - [상태] 포지션 없음, 자본금: $5188.08
2026-01-25 19:30:49,018 - INFO - [지표] ADX=nan, Bull=nan, Bear=nan
2026-01-25 19:35:49,021 - INFO - [상태] 포지션 없음, 자본금: $5188.08
2026-01-25 19:35:49,021 - INFO - [지표] ADX=nan, Bull=nan, Bear=nan
2026-01-25 19:40:49,023 - INFO - [상태] 포지션 없음, 자본금: $5188.08
2026-01-25 19:40:49,023 - INFO - [지표] ADX=nan, Bull=nan, Bear=nan
2026-01-25 19:45:00,109 - INFO - [EMA] 증분계산: prev=88649.65, close=88582.4, new=88644.48
2026-01-25 19:45:00,119 - INFO - 15m | 10:30 | O:88590.9 H:88604.1 L:88494.4 C:88582.4
2026-01-25 19:45:00,119 - INFO - 지표: ADX=47.6, ATR=145.2, Bull=False, Bear=True
2026-01-25 19:45:49,024 - INFO - [상태] 포지션 없음, 자본금: $5188.08
2026-01-25 19:45:49,024 - INFO - [지표] ADX=nan, Bull=nan, Bear=nan
2026-01-25 19:50:49,026 - INFO - [상태] 포지션 없음, 자본금: $5188.08
2026-01-25 19:50:49,026 - INFO - [지표] ADX=nan, Bull=nan, Bear=nan
2026-01-25 19:55:49,027 - INFO - [상태] 포지션 없음, 자본금: $5188.08
2026-01-25 19:55:49,028 - INFO - [지표] ADX=nan, Bull=nan, Bear=nan
2026-01-25 20:00:00,301 - INFO - [EMA] 증분계산: prev=88644.48, close=88616.0, new=88642.29
2026-01-25 20:00:00,311 - INFO - 15m | 10:45 | O:88582.3 H:88642.7 L:88500.7 C:88616.0
2026-01-25 20:00:00,311 - INFO - 지표: ADX=45.8, ATR=144.9, Bull=False, Bear=True
2026-01-25 20:00:00,311 - INFO - [LIVE] SHORT 신호 감지!
2026-01-25 20:00:00,312 - INFO - ==================================================
2026-01-25 20:00:00,312 - INFO - [LIVE] SHORT 진입 준비
2026-01-25 20:00:00,312 - INFO - 진입가: $88616.00
2026-01-25 20:00:00,312 - INFO - 손절가: $89057.80 (0.50%)
2026-01-25 20:00:00,312 - INFO - 익절가: $87904.24 (0.80%)
2026-01-25 20:00:00,312 - INFO - 레버리지: 10.02x
2026-01-25 20:00:00,312 - INFO - 포지션 크기: 0.586627 BTC ($51984.57)
2026-01-25 20:00:00,312 - INFO - ==================================================
2026-01-25 20:00:00,415 - INFO - Leverage 설정: 11x
2026-01-25 20:00:00,465 - INFO - Market Order 체결: SHORT 0.587
2026-01-25 20:00:02,885 - INFO - 실제 체결가: $88610.22, 수량: 0.587000
2026-01-25 20:00:03,014 - INFO - LIMIT Close 주문: SHORT 0.587 @ $87898.5, ID: 891052854971
2026-01-25 20:00:03,014 - INFO - TP 주문 설정: $87898.46
2026-01-25 20:00:03,152 - INFO - STOP_MARKET 주문 (Algo): $89057.8, AlgoID: 3000000409968163
2026-01-25 20:00:03,152 - INFO - SL 주문 설정: $89057.80
2026-01-25 20:00:03,152 - INFO - 거래 기록 저장: ENTRY @ $88610.22
2026-01-25 20:00:03,152 - INFO - [LIVE] SHORT 진입 완료!
2026-01-25 20:00:49,071 - INFO - [상태] 포지션: SHORT, 진입가: $88610.22, 현재가: $88593.80, 미실현PnL: $9.64
2026-01-25 20:00:49,072 - INFO - [지표] ADX=nan, Bull=nan, Bear=nan
2026-01-25 20:05:49,117 - INFO - [상태] 포지션: SHORT, 진입가: $88610.22, 현재가: $88584.90, 미실현PnL: $14.86
2026-01-25 20:05:49,117 - INFO - [지표] ADX=nan, Bull=nan, Bear=nan
2026-01-25 20:10:49,159 - INFO - [상태] 포지션: SHORT, 진입가: $88610.22, 현재가: $88571.20, 미실현PnL: $22.90
2026-01-25 20:10:49,159 - INFO - [지표] ADX=nan, Bull=nan, Bear=nan
2026-01-25 20:15:00,146 - INFO - [EMA] 증분계산: prev=88642.29, close=88565.6, new=88636.39
2026-01-25 20:15:00,153 - INFO - 15m | 11:00 | O:88616.0 H:88616.0 L:88531.3 C:88565.6
2026-01-25 20:15:00,153 - INFO - 지표: ADX=44.1, ATR=138.9, Bull=False, Bear=True
2026-01-25 20:15:49,203 - INFO - [상태] 포지션: SHORT, 진입가: $88610.22, 현재가: $88562.70, 미실현PnL: $27.89
2026-01-25 20:15:49,203 - INFO - [지표] ADX=nan, Bull=nan, Bear=nan
2026-01-25 20:20:49,255 - INFO - [상태] 포지션: SHORT, 진입가: $88610.22, 현재가: $88582.80, 미실현PnL: $16.09
2026-01-25 20:20:49,255 - INFO - [지표] ADX=nan, Bull=nan, Bear=nan
2026-01-25 20:25:49,330 - INFO - [상태] 포지션: SHORT, 진입가: $88610.22, 현재가: $88591.80, 미실현PnL: $10.81
2026-01-25 20:25:49,331 - INFO - [지표] ADX=nan, Bull=nan, Bear=nan
2026-01-25 20:30:00,243 - INFO - [EMA] 증분계산: prev=88636.39, close=88633.3, new=88636.15
2026-01-25 20:30:00,253 - INFO - 15m | 11:15 | O:88565.6 H:88633.3 L:88562.7 C:88633.3
2026-01-25 20:30:00,253 - INFO - 지표: ADX=42.3, ATR=132.1, Bull=False, Bear=True
2026-01-25 20:30:49,376 - INFO - [상태] 포지션: SHORT, 진입가: $88610.22, 현재가: $88637.20, 미실현PnL: $-15.84
2026-01-25 20:30:49,376 - INFO - [지표] ADX=nan, Bull=nan, Bear=nan
2026-01-25 20:35:49,420 - INFO - [상태] 포지션: SHORT, 진입가: $88610.22, 현재가: $88666.60, 미실현PnL: $-33.10
2026-01-25 20:35:49,420 - INFO - [지표] ADX=nan, Bull=nan, Bear=nan
2026-01-25 20:40:49,462 - INFO - [상태] 포지션: SHORT, 진입가: $88610.22, 현재가: $88560.60, 미실현PnL: $29.13
2026-01-25 20:40:49,463 - INFO - [지표] ADX=nan, Bull=nan, Bear=nan
2026-01-25 20:45:00,094 - INFO - [EMA] 증분계산: prev=88636.15, close=88563.9, new=88630.59
2026-01-25 20:45:00,103 - INFO - 15m | 11:30 | O:88633.2 H:88673.9 L:88551.9 C:88563.9
2026-01-25 20:45:00,103 - INFO - 지표: ADX=40.2, ATR=131.1, Bull=False, Bear=True
2026-01-25 20:45:49,503 - INFO - [상태] 포지션: SHORT, 진입가: $88610.22, 현재가: $88538.90, 미실현PnL: $41.86
2026-01-25 20:45:49,503 - INFO - [지표] ADX=nan, Bull=nan, Bear=nan
2026-01-25 20:50:49,547 - INFO - [상태] 포지션: SHORT, 진입가: $88610.22, 현재가: $88562.60, 미실현PnL: $27.95
2026-01-25 20:50:49,548 - INFO - [지표] ADX=nan, Bull=nan, Bear=nan
2026-01-25 20:55:49,593 - INFO - [상태] 포지션: SHORT, 진입가: $88610.22, 현재가: $88500.20, 미실현PnL: $64.58
2026-01-25 20:55:49,593 - INFO - [지표] ADX=nan, Bull=nan, Bear=nan
2026-01-25 21:00:00,046 - INFO - [EMA] 증분계산: prev=88630.59, close=88531.0, new=88622.93
2026-01-25 21:00:00,056 - INFO - 15m | 11:45 | O:88563.8 H:88589.2 L:88489.1 C:88531.0
2026-01-25 21:00:00,056 - INFO - 지표: ADX=38.8, ATR=128.0, Bull=False, Bear=True
2026-01-25 21:00:49,637 - INFO - [상태] 포지션: SHORT, 진입가: $88610.22, 현재가: $88504.10, 미실현PnL: $62.29
2026-01-25 21:00:49,637 - INFO - [지표] ADX=nan, Bull=nan, Bear=nan
2026-01-25 21:05:49,679 - INFO - [상태] 포지션: SHORT, 진입가: $88610.22, 현재가: $88500.50, 미실현PnL: $64.40
2026-01-25 21:05:49,680 - INFO - [지표] ADX=nan, Bull=nan, Bear=nan
2026-01-25 21:10:49,729 - INFO - [상태] 포지션: SHORT, 진입가: $88610.22, 현재가: $88511.50, 미실현PnL: $57.95
2026-01-25 21:10:49,729 - INFO - [지표] ADX=nan, Bull=nan, Bear=nan
2026-01-25 21:15:00,119 - INFO - [EMA] 증분계산: prev=88622.93, close=88602.1, new=88621.33
2026-01-25 21:15:00,128 - INFO - 15m | 12:00 | O:88530.9 H:88620.3 L:88400.0 C:88602.1
2026-01-25 21:15:00,128 - INFO - 지표: ADX=38.1, ATR=137.2, Bull=False, Bear=True
2026-01-25 21:15:49,773 - INFO - [상태] 포지션: SHORT, 진입가: $88610.22, 현재가: $88596.80, 미실현PnL: $7.88
2026-01-25 21:15:49,773 - INFO - [지표] ADX=nan, Bull=nan, Bear=nan
2026-01-25 21:20:49,827 - INFO - [상태] 포지션: SHORT, 진입가: $88610.22, 현재가: $88504.20, 미실현PnL: $62.23
2026-01-25 21:20:49,827 - INFO - [지표] ADX=nan, Bull=nan, Bear=nan
2026-01-25 21:25:49,873 - INFO - [상태] 포지션: SHORT, 진입가: $88610.22, 현재가: $88663.10, 미실현PnL: $-31.04
2026-01-25 21:25:49,873 - INFO - [지표] ADX=nan, Bull=nan, Bear=nan
2026-01-25 21:30:00,506 - INFO - [EMA] 증분계산: prev=88621.33, close=88649.9, new=88623.53
2026-01-25 21:30:00,516 - INFO - 15m | 12:15 | O:88602.0 H:88736.8 L:88497.7 C:88649.9
2026-01-25 21:30:00,516 - INFO - 지표: ADX=36.2, ATR=147.4, Bull=False, Bear=True
2026-01-25 21:30:49,915 - INFO - [상태] 포지션: SHORT, 진입가: $88610.22, 현재가: $88642.90, 미실현PnL: $-19.18
2026-01-25 21:30:49,915 - INFO - [지표] ADX=nan, Bull=nan, Bear=nan
2026-01-25 21:35:49,994 - INFO - [상태] 포지션: SHORT, 진입가: $88610.22, 현재가: $88665.10, 미실현PnL: $-32.22
2026-01-25 21:35:49,995 - INFO - [지표] ADX=nan, Bull=nan, Bear=nan
2026-01-25 21:40:50,036 - INFO - [상태] 포지션: SHORT, 진입가: $88610.22, 현재가: $88677.60, 미실현PnL: $-39.55
2026-01-25 21:40:50,037 - INFO - [지표] ADX=nan, Bull=nan, Bear=nan
2026-01-25 21:45:00,260 - INFO - [EMA] 증분계산: prev=88623.53, close=88708.2, new=88630.04
2026-01-25 21:45:00,269 - INFO - 15m | 12:30 | O:88649.8 H:88716.9 L:88632.9 C:88708.2
2026-01-25 21:45:00,269 - INFO - 지표: ADX=34.4, ATR=141.0, Bull=False, Bear=True
2026-01-25 21:45:50,077 - INFO - [상태] 포지션: SHORT, 진입가: $88610.22, 현재가: $88720.00, 미실현PnL: $-64.44
2026-01-25 21:45:50,078 - INFO - [지표] ADX=nan, Bull=nan, Bear=nan
2026-01-25 21:50:50,121 - INFO - [상태] 포지션: SHORT, 진입가: $88610.22, 현재가: $88735.50, 미실현PnL: $-73.54
2026-01-25 21:50:50,121 - INFO - [지표] ADX=nan, Bull=nan, Bear=nan
2026-01-25 21:55:50,162 - INFO - [상태] 포지션: SHORT, 진입가: $88610.22, 현재가: $88727.20, 미실현PnL: $-68.67
2026-01-25 21:55:50,163 - INFO - [지표] ADX=nan, Bull=nan, Bear=nan
2026-01-25 22:00:00,212 - INFO - [EMA] 증분계산: prev=88630.04, close=88752.0, new=88639.42
2026-01-25 22:00:00,221 - INFO - 15m | 12:45 | O:88708.1 H:88760.1 L:88670.0 C:88752.0
2026-01-25 22:00:00,221 - INFO - 지표: ADX=32.3, ATR=136.0, Bull=False, Bear=True
2026-01-25 22:00:50,207 - INFO - [상태] 포지션: SHORT, 진입가: $88610.22, 현재가: $88774.00, 미실현PnL: $-96.14
2026-01-25 22:00:50,207 - INFO - [지표] ADX=nan, Bull=nan, Bear=nan
2026-01-25 22:05:50,250 - INFO - [상태] 포지션: SHORT, 진입가: $88610.22, 현재가: $88774.90, 미실현PnL: $-96.67
2026-01-25 22:05:50,250 - INFO - [지표] ADX=nan, Bull=nan, Bear=nan
2026-01-25 22:10:50,316 - INFO - [상태] 포지션: SHORT, 진입가: $88610.22, 현재가: $88757.90, 미실현PnL: $-86.69
2026-01-25 22:10:50,316 - INFO - [지표] ADX=nan, Bull=nan, Bear=nan
2026-01-25 22:15:00,598 - INFO - [EMA] 증분계산: prev=88639.42, close=88707.3, new=88644.64
2026-01-25 22:15:00,605 - INFO - 15m | 13:00 | O:88752.0 H:88819.2 L:88702.7 C:88707.3
2026-01-25 22:15:00,606 - INFO - 지표: ADX=30.2, ATR=134.0, Bull=False, Bear=True
2026-01-25 22:15:50,360 - INFO - [상태] 포지션: SHORT, 진입가: $88610.22, 현재가: $88717.50, 미실현PnL: $-62.97
2026-01-25 22:15:50,361 - INFO - [지표] ADX=nan, Bull=nan, Bear=nan
2026-01-25 22:20:50,401 - INFO - [상태] 포지션: SHORT, 진입가: $88610.22, 현재가: $88779.00, 미실현PnL: $-99.08
2026-01-25 22:20:50,402 - INFO - [지표] ADX=nan, Bull=nan, Bear=nan
2026-01-25 22:25:50,444 - INFO - [상태] 포지션: SHORT, 진입가: $88610.22, 현재가: $88772.80, 미실현PnL: $-95.44
2026-01-25 22:25:50,444 - INFO - [지표] ADX=nan, Bull=nan, Bear=nan
2026-01-25 22:30:00,077 - INFO - [EMA] 증분계산: prev=88644.64, close=88651.0, new=88645.13
2026-01-25 22:30:00,084 - INFO - 15m | 13:15 | O:88707.3 H:88800.0 L:88651.0 C:88651.0
2026-01-25 22:30:00,084 - INFO - 지표: ADX=28.3, ATR=135.5, Bull=False, Bear=True
2026-01-25 22:30:50,485 - INFO - [상태] 포지션: SHORT, 진입가: $88610.22, 현재가: $88657.20, 미실현PnL: $-27.58
2026-01-25 22:30:50,485 - INFO - [지표] ADX=nan, Bull=nan, Bear=nan
2026-01-25 22:35:50,530 - INFO - [상태] 포지션: SHORT, 진입가: $88610.22, 현재가: $88779.60, 미실현PnL: $-99.43
2026-01-25 22:35:50,531 - INFO - [지표] ADX=nan, Bull=nan, Bear=nan
2026-01-25 22:40:50,572 - INFO - [상태] 포지션: SHORT, 진입가: $88610.22, 현재가: $88767.30, 미실현PnL: $-92.21
2026-01-25 22:40:50,573 - INFO - [지표] ADX=nan, Bull=nan, Bear=nan
2026-01-25 22:45:00,673 - INFO - [EMA] 증분계산: prev=88645.13, close=88802.9, new=88657.27
2026-01-25 22:45:00,680 - INFO - 15m | 13:30 | O:88651.1 H:88812.6 L:88610.0 C:88802.9
2026-01-25 22:45:00,680 - INFO - 지표: ADX=27.0, ATR=142.2, Bull=False, Bear=True
2026-01-25 22:45:50,616 - INFO - [상태] 포지션: SHORT, 진입가: $88610.22, 현재가: $88803.40, 미실현PnL: $-113.40
2026-01-25 22:45:50,616 - INFO - [지표] ADX=nan, Bull=nan, Bear=nan
2026-01-25 22:50:50,657 - INFO - [상태] 포지션: SHORT, 진입가: $88610.22, 현재가: $88861.10, 미실현PnL: $-147.27
2026-01-25 22:50:50,658 - INFO - [지표] ADX=nan, Bull=nan, Bear=nan
2026-01-25 22:55:50,718 - INFO - [상태] 포지션: SHORT, 진입가: $88610.22, 현재가: $88868.70, 미실현PnL: $-151.73
2026-01-25 22:55:50,718 - INFO - [지표] ADX=nan, Bull=nan, Bear=nan
2026-01-25 23:00:00,251 - INFO - [EMA] 증분계산: prev=88657.27, close=88875.1, new=88674.02
2026-01-25 23:00:00,257 - INFO - 15m | 13:45 | O:88802.9 H:88947.1 L:88790.4 C:88875.1
2026-01-25 23:00:00,257 - INFO - 지표: ADX=25.6, ATR=143.7, Bull=False, Bear=True
2026-01-25 23:00:50,762 - INFO - [상태] 포지션: SHORT, 진입가: $88610.22, 현재가: $88875.20, 미실현PnL: $-155.54
2026-01-25 23:00:50,762 - INFO - [지표] ADX=nan, Bull=nan, Bear=nan
2026-01-25 23:05:50,805 - INFO - [상태] 포지션: SHORT, 진입가: $88610.22, 현재가: $88831.80, 미실현PnL: $-130.07
2026-01-25 23:05:50,805 - INFO - [지표] ADX=nan, Bull=nan, Bear=nan
2026-01-25 23:10:50,856 - INFO - [상태] 포지션: SHORT, 진입가: $88610.22, 현재가: $88838.60, 미실현PnL: $-134.06
2026-01-25 23:10:50,857 - INFO - [지표] ADX=nan, Bull=nan, Bear=nan
2026-01-25 23:15:00,671 - INFO - [EMA] 증분계산: prev=88674.02, close=88841.6, new=88686.92
2026-01-25 23:15:00,681 - INFO - 15m | 14:00 | O:88875.1 H:88898.9 L:88754.5 C:88841.6
2026-01-25 23:15:00,681 - INFO - 지표: ADX=24.1, ATR=143.7, Bull=False, Bear=True
2026-01-25 23:15:50,904 - INFO - [상태] 포지션: SHORT, 진입가: $88610.22, 현재가: $88840.40, 미실현PnL: $-135.12
2026-01-25 23:15:50,904 - INFO - [지표] ADX=nan, Bull=nan, Bear=nan
2026-01-25 23:20:50,949 - INFO - [상태] 포지션: SHORT, 진입가: $88610.22, 현재가: $88799.90, 미실현PnL: $-111.34
2026-01-25 23:20:50,949 - INFO - [지표] ADX=nan, Bull=nan, Bear=nan
2026-01-25 23:25:50,992 - INFO - [상태] 포지션: SHORT, 진입가: $88610.22, 현재가: $88630.70, 미실현PnL: $-12.02
2026-01-25 23:25:50,992 - INFO - [지표] ADX=nan, Bull=nan, Bear=nan
2026-01-25 23:30:00,116 - INFO - [EMA] 증분계산: prev=88686.92, close=88678.8, new=88686.29
2026-01-25 23:30:00,126 - INFO - 15m | 14:15 | O:88841.7 H:88893.2 L:88580.0 C:88678.8
2026-01-25 23:30:00,126 - INFO - 지표: ADX=23.5, ATR=160.7, Bull=False, Bear=True
2026-01-25 23:30:51,035 - INFO - [상태] 포지션: SHORT, 진입가: $88610.22, 현재가: $88695.60, 미실현PnL: $-50.12
2026-01-25 23:30:51,035 - INFO - [지표] ADX=nan, Bull=nan, Bear=nan
2026-01-25 23:35:51,078 - INFO - [상태] 포지션: SHORT, 진입가: $88610.22, 현재가: $88697.30, 미실현PnL: $-51.12
2026-01-25 23:35:51,078 - INFO - [지표] ADX=nan, Bull=nan, Bear=nan
2026-01-25 23:40:51,122 - INFO - [상태] 포지션: SHORT, 진입가: $88610.22, 현재가: $88667.60, 미실현PnL: $-33.68
2026-01-25 23:40:51,122 - INFO - [지표] ADX=nan, Bull=nan, Bear=nan
2026-01-25 23:45:00,068 - INFO - [EMA] 증분계산: prev=88686.29, close=88650.1, new=88683.51
2026-01-25 23:45:00,077 - INFO - 15m | 14:30 | O:88678.8 H:88707.4 L:88580.0 C:88650.1
2026-01-25 23:45:00,077 - INFO - 지표: ADX=22.9, ATR=157.4, Bull=False, Bear=True
2026-01-25 23:45:51,166 - INFO - [상태] 포지션: SHORT, 진입가: $88610.22, 현재가: $88586.90, 미실현PnL: $13.69
2026-01-25 23:45:51,167 - INFO - [지표] ADX=nan, Bull=nan, Bear=nan
2026-01-25 23:50:51,216 - INFO - [상태] 포지션: SHORT, 진입가: $88610.22, 현재가: $88639.90, 미실현PnL: $-17.42
2026-01-25 23:50:51,216 - INFO - [지표] ADX=nan, Bull=nan, Bear=nan
2026-01-25 23:55:51,257 - INFO - [상태] 포지션: SHORT, 진입가: $88610.22, 현재가: $88659.10, 미실현PnL: $-28.69
2026-01-25 23:55:51,257 - INFO - [지표] ADX=nan, Bull=nan, Bear=nan
2026-01-26 00:00:00,389 - INFO - [EMA] 증분계산: prev=88683.51, close=88666.1, new=88682.17
2026-01-26 00:00:00,396 - INFO - 15m | 14:45 | O:88650.0 H:88680.2 L:88582.1 C:88666.1
2026-01-26 00:00:00,396 - INFO - 지표: ADX=22.4, ATR=151.4, Bull=False, Bear=True
2026-01-26 00:00:51,301 - INFO - [상태] 포지션: SHORT, 진입가: $88610.22, 현재가: $88641.10, 미실현PnL: $-18.13
2026-01-26 00:00:51,301 - INFO - [지표] ADX=nan, Bull=nan, Bear=nan
2026-01-26 00:05:51,345 - INFO - [상태] 포지션: SHORT, 진입가: $88610.22, 현재가: $88682.90, 미실현PnL: $-42.66
2026-01-26 00:05:51,345 - INFO - [지표] ADX=nan, Bull=nan, Bear=nan
2026-01-26 00:10:51,495 - INFO - [상태] 포지션: SHORT, 진입가: $88610.22, 현재가: $88726.90, 미실현PnL: $-68.49
2026-01-26 00:10:51,496 - INFO - [지표] ADX=nan, Bull=nan, Bear=nan
2026-01-26 00:15:00,041 - INFO - [EMA] 증분계산: prev=88682.17, close=88705.6, new=88683.97
2026-01-26 00:15:00,051 - INFO - 15m | 15:00 | O:88666.1 H:88728.7 L:88638.4 C:88705.6
2026-01-26 00:15:00,051 - INFO - 지표: ADX=21.4, ATR=145.3, Bull=False, Bear=True
2026-01-26 00:15:51,537 - INFO - [상태] 포지션: SHORT, 진입가: $88610.22, 현재가: $88663.40, 미실현PnL: $-31.22
2026-01-26 00:15:51,537 - INFO - [지표] ADX=nan, Bull=nan, Bear=nan
2026-01-26 00:20:51,580 - INFO - [상태] 포지션: SHORT, 진입가: $88610.22, 현재가: $88605.30, 미실현PnL: $2.89
2026-01-26 00:20:51,580 - INFO - [지표] ADX=nan, Bull=nan, Bear=nan
2026-01-26 00:25:51,624 - INFO - [상태] 포지션: SHORT, 진입가: $88610.22, 현재가: $88606.40, 미실현PnL: $2.24
2026-01-26 00:25:51,624 - INFO - [지표] ADX=nan, Bull=nan, Bear=nan
2026-01-26 00:30:00,232 - INFO - [EMA] 증분계산: prev=88683.97, close=88707.5, new=88685.78
2026-01-26 00:30:00,242 - INFO - 15m | 15:15 | O:88705.6 H:88716.2 L:88584.3 C:88707.5
2026-01-26 00:30:00,242 - INFO - 지표: ADX=21.0, ATR=144.0, Bull=False, Bear=True
2026-01-26 00:30:51,665 - INFO - [상태] 포지션: SHORT, 진입가: $88610.22, 현재가: $88688.90, 미실현PnL: $-46.19
2026-01-26 00:30:51,666 - INFO - [지표] ADX=nan, Bull=nan, Bear=nan
2026-01-26 00:35:51,708 - INFO - [상태] 포지션: SHORT, 진입가: $88610.22, 현재가: $88665.80, 미실현PnL: $-32.63
2026-01-26 00:35:51,708 - INFO - [지표] ADX=nan, Bull=nan, Bear=nan
2026-01-26 00:40:51,749 - INFO - [상태] 포지션: SHORT, 진입가: $88610.22, 현재가: $88643.20, 미실현PnL: $-19.36
2026-01-26 00:40:51,749 - INFO - [지표] ADX=nan, Bull=nan, Bear=nan
2026-01-26 00:45:00,071 - INFO - [EMA] 증분계산: prev=88685.78, close=88647.1, new=88682.80
2026-01-26 00:45:00,081 - INFO - 15m | 15:30 | O:88707.6 H:88707.6 L:88624.4 C:88647.1
2026-01-26 00:45:00,081 - INFO - 지표: ADX=20.6, ATR=137.9, Bull=False, Bear=True
2026-01-26 00:45:51,792 - INFO - [상태] 포지션: SHORT, 진입가: $88610.22, 현재가: $88640.90, 미실현PnL: $-18.01
2026-01-26 00:45:51,792 - INFO - [지표] ADX=nan, Bull=nan, Bear=nan
2026-01-26 00:50:51,831 - INFO - [상태] 포지션: SHORT, 진입가: $88610.22, 현재가: $88531.80, 미실현PnL: $46.03
2026-01-26 00:50:51,831 - INFO - [지표] ADX=nan, Bull=nan, Bear=nan
2026-01-26 00:55:51,872 - INFO - [상태] 포지션: SHORT, 진입가: $88610.22, 현재가: $88431.20, 미실현PnL: $105.08
2026-01-26 00:55:51,873 - INFO - [지표] ADX=nan, Bull=nan, Bear=nan
2026-01-26 01:00:01,623 - INFO - [EMA] 증분계산: prev=88682.80, close=88406.0, new=88661.51
2026-01-26 01:00:01,632 - INFO - 15m | 15:45 | O:88647.1 H:88647.2 L:88306.6 C:88406.0
2026-01-26 01:00:01,633 - INFO - 지표: ADX=22.1, ATR=158.2, Bull=False, Bear=True
2026-01-26 01:00:51,913 - INFO - [상태] 포지션: SHORT, 진입가: $88610.22, 현재가: $88356.90, 미실현PnL: $148.70
2026-01-26 01:00:51,913 - INFO - [지표] ADX=nan, Bull=nan, Bear=nan
2026-01-26 01:05:51,955 - INFO - [상태] 포지션: SHORT, 진입가: $88610.22, 현재가: $88163.00, 미실현PnL: $262.52
2026-01-26 01:05:51,955 - INFO - [지표] ADX=nan, Bull=nan, Bear=nan
2026-01-26 01:10:52,002 - INFO - [상태] 포지션: SHORT, 진입가: $88610.22, 현재가: $87965.70, 미실현PnL: $378.33
2026-01-26 01:10:52,002 - INFO - [지표] ADX=nan, Bull=nan, Bear=nan
2026-01-26 01:12:11,245 - INFO - [LIVE] TP 체결 감지: $87898.46
2026-01-26 01:12:11,245 - INFO - [LIVE] TP 청산: PnL=$417.80, 수수료=$36.3264, 순익=$381.47
2026-01-26 01:12:11,245 - INFO - [LIVE] 자본금 업데이트: $5188.08 → $5569.56
2026-01-26 01:12:11,288 - INFO - 모든 대기 주문 취소 완료
2026-01-26 01:12:11,838 - WARNING - [자본금 동기화] 로컬: $5569.56 → 사용가능: $5533.68 (실제 잔고 $6148.54의 90%)
2026-01-26 01:12:11,838 - INFO - 거래 기록 저장: TP @ $87898.46
2026-01-26 01:15:00,085 - INFO - [EMA] 증분계산: prev=88661.51, close=87865.2, new=88600.26
2026-01-26 01:15:00,094 - INFO - 15m | 16:00 | O:88406.0 H:88410.0 L:87825.0 C:87865.2
2026-01-26 01:15:00,095 - INFO - 지표: ADX=24.9, ATR=200.9, Bull=False, Bear=True
2026-01-26 01:15:52,003 - INFO - [상태] 포지션 없음, 자본금: $5533.68
2026-01-26 01:15:52,003 - INFO - [지표] ADX=nan, Bull=nan, Bear=nan
2026-01-26 01:20:52,004 - INFO - [상태] 포지션 없음, 자본금: $5533.68
2026-01-26 01:20:52,004 - INFO - [지표] ADX=nan, Bull=nan, Bear=nan
2026-01-26 01:25:52,005 - INFO - [상태] 포지션 없음, 자본금: $5533.68
2026-01-26 01:25:52,005 - INFO - [지표] ADX=nan, Bull=nan, Bear=nan
2026-01-26 01:30:00,029 - INFO - [EMA] 증분계산: prev=88600.26, close=88008.5, new=88554.74
2026-01-26 01:30:00,038 - INFO - 15m | 16:15 | O:87865.2 H:88096.8 L:87511.6 C:88008.5
2026-01-26 01:30:00,038 - INFO - 지표: ADX=28.1, ATR=239.3, Bull=False, Bear=True
2026-01-26 01:30:52,006 - INFO - [상태] 포지션 없음, 자본금: $5533.68
2026-01-26 01:30:52,006 - INFO - [지표] ADX=nan, Bull=nan, Bear=nan
2026-01-26 01:35:52,007 - INFO - [상태] 포지션 없음, 자본금: $5533.68
2026-01-26 01:35:52,007 - INFO - [지표] ADX=nan, Bull=nan, Bear=nan
2026-01-26 01:40:52,008 - INFO - [상태] 포지션 없음, 자본금: $5533.68
2026-01-26 01:40:52,009 - INFO - [지표] ADX=nan, Bull=nan, Bear=nan
2026-01-26 01:45:00,090 - INFO - [EMA] 증분계산: prev=88554.74, close=87898.6, new=88504.27
2026-01-26 01:45:00,097 - INFO - 15m | 16:30 | O:88008.5 H:88131.7 L:87705.1 C:87898.6
2026-01-26 01:45:00,097 - INFO - 지표: ADX=30.8, ATR=258.0, Bull=False, Bear=True
2026-01-26 01:45:52,011 - INFO - [상태] 포지션 없음, 자본금: $5533.68
2026-01-26 01:45:52,011 - INFO - [지표] ADX=nan, Bull=nan, Bear=nan
2026-01-26 01:50:52,012 - INFO - [상태] 포지션 없음, 자본금: $5533.68
2026-01-26 01:50:52,013 - INFO - [지표] ADX=nan, Bull=nan, Bear=nan
2026-01-26 01:55:52,014 - INFO - [상태] 포지션 없음, 자본금: $5533.68
2026-01-26 01:55:52,014 - INFO - [지표] ADX=nan, Bull=nan, Bear=nan
2026-01-26 02:00:00,097 - INFO - [EMA] 증분계산: prev=88504.27, close=88049.9, new=88469.31
2026-01-26 02:00:00,106 - INFO - 15m | 16:45 | O:87898.5 H:88087.0 L:87760.0 C:88049.9
2026-01-26 02:00:00,106 - INFO - 지표: ADX=33.2, ATR=264.9, Bull=False, Bear=True
2026-01-26 02:00:00,106 - INFO - [LIVE] SHORT 신호 감지!
2026-01-26 02:00:00,107 - INFO - ==================================================
2026-01-26 02:00:00,107 - INFO - [LIVE] SHORT 진입 준비
2026-01-26 02:00:00,107 - INFO - 진입가: $88049.90
2026-01-26 02:00:00,107 - INFO - 손절가: $88947.10 (1.02%)
2026-01-26 02:00:00,107 - INFO - 익절가: $86822.71 (1.39%)
2026-01-26 02:00:00,107 - INFO - 레버리지: 5.36x
2026-01-26 02:00:00,107 - INFO - 포지션 크기: 0.336861 BTC ($29660.55)
2026-01-26 02:00:00,107 - INFO - ==================================================
2026-01-26 02:00:00,199 - INFO - Leverage 설정: 6x
2026-01-26 02:00:00,249 - INFO - Market Order 체결: SHORT 0.337
2026-01-26 02:00:00,888 - INFO - 실제 체결가: $88049.49, 수량: 0.337000
2026-01-26 02:00:01,053 - INFO - LIMIT Close 주문: SHORT 0.337 @ $86822.3, ID: 891214058403
2026-01-26 02:00:01,053 - INFO - TP 주문 설정: $86822.30
2026-01-26 02:00:01,137 - INFO - STOP_MARKET 주문 (Algo): $88947.1, AlgoID: 3000000412924972
2026-01-26 02:00:01,137 - INFO - SL 주문 설정: $88947.10
2026-01-26 02:00:01,137 - INFO - 거래 기록 저장: ENTRY @ $88049.49
2026-01-26 02:00:01,137 - INFO - [LIVE] SHORT 진입 완료!
2026-01-26 02:00:52,055 - INFO - [상태] 포지션: SHORT, 진입가: $88049.49, 현재가: $88029.10, 미실현PnL: $6.87
2026-01-26 02:00:52,055 - INFO - [지표] ADX=nan, Bull=nan, Bear=nan
2026-01-26 02:05:52,098 - INFO - [상태] 포지션: SHORT, 진입가: $88049.49, 현재가: $87929.30, 미실현PnL: $40.50
2026-01-26 02:05:52,098 - INFO - [지표] ADX=nan, Bull=nan, Bear=nan
2026-01-26 02:10:52,140 - INFO - [상태] 포지션: SHORT, 진입가: $88049.49, 현재가: $87933.20, 미실현PnL: $39.19
2026-01-26 02:10:52,141 - INFO - [지표] ADX=nan, Bull=nan, Bear=nan
2026-01-26 02:15:00,088 - INFO - [EMA] 증분계산: prev=88469.31, close=87821.5, new=88419.48
2026-01-26 02:15:00,094 - INFO - 15m | 17:00 | O:88049.9 H:88072.6 L:87802.2 C:87821.5
2026-01-26 02:15:00,094 - INFO - 지표: ADX=35.5, ATR=265.5, Bull=False, Bear=True
2026-01-26 02:15:52,183 - INFO - [상태] 포지션: SHORT, 진입가: $88049.49, 현재가: $87881.90, 미실현PnL: $56.48
2026-01-26 02:15:52,184 - INFO - [지표] ADX=nan, Bull=nan, Bear=nan
2026-01-26 02:20:52,225 - INFO - [상태] 포지션: SHORT, 진입가: $88049.49, 현재가: $87917.70, 미실현PnL: $44.41
2026-01-26 02:20:52,225 - INFO - [지표] ADX=nan, Bull=nan, Bear=nan
2026-01-26 02:25:52,267 - INFO - [상태] 포지션: SHORT, 진입가: $88049.49, 현재가: $87811.70, 미실현PnL: $80.14
2026-01-26 02:25:52,268 - INFO - [지표] ADX=nan, Bull=nan, Bear=nan
2026-01-26 02:30:00,065 - INFO - [EMA] 증분계산: prev=88419.48, close=87852.2, new=88375.85
2026-01-26 02:30:00,075 - INFO - 15m | 17:15 | O:87821.4 H:87985.4 L:87717.5 C:87852.2
2026-01-26 02:30:00,075 - INFO - 지표: ADX=37.8, ATR=265.7, Bull=False, Bear=True
2026-01-26 02:30:52,309 - INFO - [상태] 포지션: SHORT, 진입가: $88049.49, 현재가: $87919.10, 미실현PnL: $43.94
2026-01-26 02:30:52,309 - INFO - [지표] ADX=nan, Bull=nan, Bear=nan
2026-01-26 02:35:52,351 - INFO - [상태] 포지션: SHORT, 진입가: $88049.49, 현재가: $87849.60, 미실현PnL: $67.36
2026-01-26 02:35:52,351 - INFO - [지표] ADX=nan, Bull=nan, Bear=nan
2026-01-26 02:40:52,393 - INFO - [상태] 포지션: SHORT, 진입가: $88049.49, 현재가: $87879.50, 미실현PnL: $57.29
2026-01-26 02:40:52,393 - INFO - [지표] ADX=nan, Bull=nan, Bear=nan
2026-01-26 02:45:00,104 - INFO - [EMA] 증분계산: prev=88375.85, close=87964.2, new=88344.18
2026-01-26 02:45:00,111 - INFO - 15m | 17:30 | O:87852.2 H:87967.9 L:87730.8 C:87964.2
2026-01-26 02:45:00,111 - INFO - 지표: ADX=39.9, ATR=262.8, Bull=False, Bear=True
2026-01-26 02:45:52,434 - INFO - [상태] 포지션: SHORT, 진입가: $88049.49, 현재가: $87928.00, 미실현PnL: $40.94
2026-01-26 02:45:52,434 - INFO - [지표] ADX=nan, Bull=nan, Bear=nan
2026-01-26 02:50:52,474 - INFO - [상태] 포지션: SHORT, 진입가: $88049.49, 현재가: $87894.80, 미실현PnL: $52.13
2026-01-26 02:50:52,474 - INFO - [지표] ADX=nan, Bull=nan, Bear=nan
2026-01-26 02:55:52,517 - INFO - [상태] 포지션: SHORT, 진입가: $88049.49, 현재가: $87858.10, 미실현PnL: $64.50
2026-01-26 02:55:52,518 - INFO - [지표] ADX=nan, Bull=nan, Bear=nan
2026-01-26 03:00:00,219 - INFO - [EMA] 증분계산: prev=88344.18, close=87845.7, new=88305.84
2026-01-26 03:00:00,226 - INFO - 15m | 17:45 | O:87964.3 H:87964.3 L:87779.9 C:87845.7
2026-01-26 03:00:00,226 - INFO - 지표: ADX=41.9, ATR=255.0, Bull=False, Bear=True
2026-01-26 03:00:52,560 - INFO - [상태] 포지션: SHORT, 진입가: $88049.49, 현재가: $87854.00, 미실현PnL: $65.88
2026-01-26 03:00:52,561 - INFO - [지표] ADX=nan, Bull=nan, Bear=nan
2026-01-26 03:05:52,603 - INFO - [상태] 포지션: SHORT, 진입가: $88049.49, 현재가: $87864.30, 미실현PnL: $62.41
2026-01-26 03:05:52,603 - INFO - [지표] ADX=nan, Bull=nan, Bear=nan
2026-01-26 03:10:52,646 - INFO - [상태] 포지션: SHORT, 진입가: $88049.49, 현재가: $87876.00, 미실현PnL: $58.47
2026-01-26 03:10:52,647 - INFO - [지표] ADX=nan, Bull=nan, Bear=nan
2026-01-26 03:15:00,041 - INFO - [EMA] 증분계산: prev=88305.84, close=87667.0, new=88256.69
2026-01-26 03:15:00,047 - INFO - 15m | 18:00 | O:87845.7 H:87950.1 L:87428.4 C:87667.0
2026-01-26 03:15:00,047 - INFO - 지표: ADX=44.3, ATR=281.7, Bull=False, Bear=True
2026-01-26 03:15:52,687 - INFO - [상태] 포지션: SHORT, 진입가: $88049.49, 현재가: $87802.80, 미실현PnL: $83.13
2026-01-26 03:15:52,688 - INFO - [지표] ADX=nan, Bull=nan, Bear=nan
2026-01-26 03:20:52,729 - INFO - [상태] 포지션: SHORT, 진입가: $88049.49, 현재가: $87689.90, 미실현PnL: $121.18
2026-01-26 03:20:52,729 - INFO - [지표] ADX=nan, Bull=nan, Bear=nan
2026-01-26 03:25:52,770 - INFO - [상태] 포지션: SHORT, 진입가: $88049.49, 현재가: $87584.30, 미실현PnL: $156.77
2026-01-26 03:25:52,770 - INFO - [지표] ADX=nan, Bull=nan, Bear=nan
2026-01-26 03:30:00,114 - INFO - [EMA] 증분계산: prev=88256.69, close=87491.9, new=88197.86
2026-01-26 03:30:00,124 - INFO - 15m | 18:15 | O:87666.8 H:87857.1 L:87366.0 C:87491.9
2026-01-26 03:30:00,124 - INFO - 지표: ADX=46.7, ATR=302.6, Bull=False, Bear=True
2026-01-26 03:30:52,812 - INFO - [상태] 포지션: SHORT, 진입가: $88049.49, 현재가: $87510.40, 미실현PnL: $181.67
2026-01-26 03:30:52,812 - INFO - [지표] ADX=nan, Bull=nan, Bear=nan
2026-01-26 03:35:52,854 - INFO - [상태] 포지션: SHORT, 진입가: $88049.49, 현재가: $87420.80, 미실현PnL: $211.87
2026-01-26 03:35:52,854 - INFO - [지표] ADX=nan, Bull=nan, Bear=nan
2026-01-26 03:40:52,895 - INFO - [상태] 포지션: SHORT, 진입가: $88049.49, 현재가: $87333.50, 미실현PnL: $241.29
2026-01-26 03:40:52,895 - INFO - [지표] ADX=nan, Bull=nan, Bear=nan
2026-01-26 03:44:50,245 - INFO - [LIVE] TP 체결 감지: $86822.30
2026-01-26 03:44:50,245 - INFO - [LIVE] TP 청산: PnL=$413.56, 수수료=$20.6882, 순익=$392.87
2026-01-26 03:44:50,245 - INFO - [LIVE] 자본금 업데이트: $5533.68 → $5926.56
2026-01-26 03:44:50,285 - INFO - 모든 대기 주문 취소 완료
2026-01-26 03:44:50,837 - WARNING - [자본금 동기화] 로컬: $5926.56 → 사용가능: $5887.27 (실제 잔고 $6541.41의 90%)
2026-01-26 03:44:50,837 - INFO - 거래 기록 저장: TP @ $86822.30
2026-01-26 03:45:00,044 - INFO - [EMA] 증분계산: prev=88197.86, close=87031.6, new=88108.15
2026-01-26 03:45:00,051 - INFO - 15m | 18:30 | O:87491.9 H:87551.8 L:86777.0 C:87031.6
2026-01-26 03:45:00,051 - INFO - 지표: ADX=49.3, ATR=349.8, Bull=False, Bear=True
2026-01-26 03:45:52,896 - INFO - [상태] 포지션 없음, 자본금: $5887.27
2026-01-26 03:45:52,896 - INFO - [지표] ADX=nan, Bull=nan, Bear=nan
2026-01-26 03:50:52,898 - INFO - [상태] 포지션 없음, 자본금: $5887.27
2026-01-26 03:50:52,898 - INFO - [지표] ADX=nan, Bull=nan, Bear=nan
2026-01-26 03:55:52,899 - INFO - [상태] 포지션 없음, 자본금: $5887.27
2026-01-26 03:55:52,900 - INFO - [지표] ADX=nan, Bull=nan, Bear=nan
2026-01-26 04:00:00,049 - INFO - [EMA] 증분계산: prev=88108.15, close=87370.1, new=88051.38
2026-01-26 04:00:00,058 - INFO - 15m | 18:45 | O:87031.6 H:87432.8 L:86962.5 C:87370.1
2026-01-26 04:00:00,058 - INFO - 지표: ADX=51.8, ATR=361.9, Bull=False, Bear=True
2026-01-26 04:00:52,901 - INFO - [상태] 포지션 없음, 자본금: $5887.27
2026-01-26 04:00:52,901 - INFO - [지표] ADX=nan, Bull=nan, Bear=nan
2026-01-26 04:05:52,901 - INFO - [상태] 포지션 없음, 자본금: $5887.27
2026-01-26 04:05:52,902 - INFO - [지표] ADX=nan, Bull=nan, Bear=nan
2026-01-26 04:10:52,903 - INFO - [상태] 포지션 없음, 자본금: $5887.27
2026-01-26 04:10:52,903 - INFO - [지표] ADX=nan, Bull=nan, Bear=nan
2026-01-26 04:15:00,176 - INFO - [EMA] 증분계산: prev=88051.38, close=87243.3, new=87989.22
2026-01-26 04:15:00,185 - INFO - 15m | 19:00 | O:87370.2 H:87469.2 L:87152.8 C:87243.3
2026-01-26 04:15:00,186 - INFO - 지표: ADX=53.8, ATR=357.3, Bull=False, Bear=True
2026-01-26 04:15:52,904 - INFO - [상태] 포지션 없음, 자본금: $5887.27
2026-01-26 04:15:52,904 - INFO - [지표] ADX=nan, Bull=nan, Bear=nan
2026-01-26 04:20:52,905 - INFO - [상태] 포지션 없음, 자본금: $5887.27
2026-01-26 04:20:52,905 - INFO - [지표] ADX=nan, Bull=nan, Bear=nan
2026-01-26 04:25:52,906 - INFO - [상태] 포지션 없음, 자본금: $5887.27
2026-01-26 04:25:52,906 - INFO - [지표] ADX=nan, Bull=nan, Bear=nan
2026-01-26 04:30:00,111 - INFO - [EMA] 증분계산: prev=87989.22, close=86427.3, new=87869.07
2026-01-26 04:30:00,117 - INFO - 15m | 19:15 | O:87243.3 H:87280.7 L:86350.0 C:86427.3
2026-01-26 04:30:00,117 - INFO - 지표: ADX=56.2, ATR=414.7, Bull=False, Bear=True
2026-01-26 04:30:52,907 - INFO - [상태] 포지션 없음, 자본금: $5887.27
2026-01-26 04:30:52,907 - INFO - [지표] ADX=nan, Bull=nan, Bear=nan
2026-01-26 04:35:52,908 - INFO - [상태] 포지션 없음, 자본금: $5887.27
2026-01-26 04:35:52,908 - INFO - [지표] ADX=nan, Bull=nan, Bear=nan
2026-01-26 04:40:52,923 - INFO - [상태] 포지션 없음, 자본금: $5887.27
2026-01-26 04:40:52,923 - INFO - [지표] ADX=nan, Bull=nan, Bear=nan
2026-01-26 04:45:00,098 - INFO - [EMA] 증분계산: prev=87869.07, close=86667.2, new=87776.62
2026-01-26 04:45:00,104 - INFO - 15m | 19:30 | O:86427.2 H:86794.3 L:86235.0 C:86667.2
2026-01-26 04:45:00,104 - INFO - 지표: ADX=58.4, ATR=429.1, Bull=False, Bear=True
2026-01-26 04:45:52,924 - INFO - [상태] 포지션 없음, 자본금: $5887.27
2026-01-26 04:45:52,924 - INFO - [지표] ADX=nan, Bull=nan, Bear=nan
2026-01-26 04:50:52,925 - INFO - [상태] 포지션 없음, 자본금: $5887.27
2026-01-26 04:50:52,925 - INFO - [지표] ADX=nan, Bull=nan, Bear=nan
2026-01-26 04:55:52,926 - INFO - [상태] 포지션 없음, 자본금: $5887.27
2026-01-26 04:55:52,926 - INFO - [지표] ADX=nan, Bull=nan, Bear=nan
2026-01-26 05:00:00,057 - INFO - [EMA] 증분계산: prev=87776.62, close=86459.4, new=87675.29
2026-01-26 05:00:00,064 - INFO - 15m | 19:45 | O:86667.2 H:86667.3 L:86100.0 C:86459.4
2026-01-26 05:00:00,064 - INFO - 지표: ADX=60.6, ATR=442.9, Bull=False, Bear=True
2026-01-26 05:00:52,927 - INFO - [상태] 포지션 없음, 자본금: $5887.27
2026-01-26 05:00:52,928 - INFO - [지표] ADX=nan, Bull=nan, Bear=nan
2026-01-26 05:05:52,928 - INFO - [상태] 포지션 없음, 자본금: $5887.27
2026-01-26 05:05:52,929 - INFO - [지표] ADX=nan, Bull=nan, Bear=nan
2026-01-26 05:10:52,930 - INFO - [상태] 포지션 없음, 자본금: $5887.27
2026-01-26 05:10:52,930 - INFO - [지표] ADX=nan, Bull=nan, Bear=nan
2026-01-26 05:15:00,154 - INFO - [EMA] 증분계산: prev=87675.29, close=86399.2, new=87577.13
2026-01-26 05:15:00,164 - INFO - 15m | 20:00 | O:86459.4 H:86680.0 L:86331.0 C:86399.2
2026-01-26 05:15:00,164 - INFO - 지표: ADX=62.5, ATR=433.6, Bull=False, Bear=True
2026-01-26 05:15:52,931 - INFO - [상태] 포지션 없음, 자본금: $5887.27
2026-01-26 05:15:52,931 - INFO - [지표] ADX=nan, Bull=nan, Bear=nan
2026-01-26 05:20:52,931 - INFO - [상태] 포지션 없음, 자본금: $5887.27
2026-01-26 05:20:52,932 - INFO - [지표] ADX=nan, Bull=nan, Bear=nan
2026-01-26 05:25:52,933 - INFO - [상태] 포지션 없음, 자본금: $5887.27
2026-01-26 05:25:52,933 - INFO - [지표] ADX=nan, Bull=nan, Bear=nan
2026-01-26 05:30:00,257 - INFO - [EMA] 증분계산: prev=87577.13, close=86452.1, new=87490.59
2026-01-26 05:30:00,264 - INFO - 15m | 20:15 | O:86399.2 H:86499.9 L:86211.8 C:86452.1
2026-01-26 05:30:00,264 - INFO - 지표: ADX=64.3, ATR=419.0, Bull=False, Bear=True
2026-01-26 05:30:52,934 - INFO - [상태] 포지션 없음, 자본금: $5887.27
2026-01-26 05:30:52,934 - INFO - [지표] ADX=nan, Bull=nan, Bear=nan
2026-01-26 05:35:52,935 - INFO - [상태] 포지션 없음, 자본금: $5887.27
2026-01-26 05:35:52,935 - INFO - [지표] ADX=nan, Bull=nan, Bear=nan
2026-01-26 05:40:52,936 - INFO - [상태] 포지션 없음, 자본금: $5887.27
2026-01-26 05:40:52,937 - INFO - [지표] ADX=nan, Bull=nan, Bear=nan
2026-01-26 05:45:00,487 - INFO - [EMA] 증분계산: prev=87490.59, close=86299.7, new=87398.99
2026-01-26 05:45:00,496 - INFO - 15m | 20:30 | O:86452.1 H:86481.0 L:86159.1 C:86299.7
2026-01-26 05:45:00,496 - INFO - 지표: ADX=66.0, ATR=409.3, Bull=False, Bear=True
2026-01-26 05:45:52,938 - INFO - [상태] 포지션 없음, 자본금: $5887.27
2026-01-26 05:45:52,938 - INFO - [지표] ADX=nan, Bull=nan, Bear=nan
2026-01-26 05:50:52,939 - INFO - [상태] 포지션 없음, 자본금: $5887.27
2026-01-26 05:50:52,939 - INFO - [지표] ADX=nan, Bull=nan, Bear=nan
2026-01-26 05:55:52,941 - INFO - [상태] 포지션 없음, 자본금: $5887.27
2026-01-26 05:55:52,941 - INFO - [지표] ADX=nan, Bull=nan, Bear=nan
2026-01-26 06:00:00,070 - INFO - [EMA] 증분계산: prev=87398.99, close=86618.3, new=87338.93
2026-01-26 06:00:00,077 - INFO - 15m | 20:45 | O:86299.6 H:86629.1 L:86225.7 C:86618.3
2026-01-26 06:00:00,077 - INFO - 지표: ADX=66.6, ATR=408.7, Bull=False, Bear=True
2026-01-26 06:00:52,942 - INFO - [상태] 포지션 없음, 자본금: $5887.27
2026-01-26 06:00:52,942 - INFO - [지표] ADX=nan, Bull=nan, Bear=nan
2026-01-26 06:05:52,943 - INFO - [상태] 포지션 없음, 자본금: $5887.27
2026-01-26 06:05:52,944 - INFO - [지표] ADX=nan, Bull=nan, Bear=nan
2026-01-26 06:10:52,945 - INFO - [상태] 포지션 없음, 자본금: $5887.27
2026-01-26 06:10:52,945 - INFO - [지표] ADX=nan, Bull=nan, Bear=nan
2026-01-26 06:15:00,037 - INFO - [EMA] 증분계산: prev=87338.93, close=86891.8, new=87304.54
2026-01-26 06:15:00,043 - INFO - 15m | 21:00 | O:86618.4 H:86908.9 L:86584.9 C:86891.8
2026-01-26 06:15:00,044 - INFO - 지표: ADX=65.5, ATR=400.2, Bull=False, Bear=True
2026-01-26 06:15:52,946 - INFO - [상태] 포지션 없음, 자본금: $5887.27
2026-01-26 06:15:52,946 - INFO - [지표] ADX=nan, Bull=nan, Bear=nan
2026-01-26 06:20:52,947 - INFO - [상태] 포지션 없음, 자본금: $5887.27
2026-01-26 06:20:52,948 - INFO - [지표] ADX=nan, Bull=nan, Bear=nan
2026-01-26 06:25:52,949 - INFO - [상태] 포지션 없음, 자본금: $5887.27
2026-01-26 06:25:52,949 - INFO - [지표] ADX=nan, Bull=nan, Bear=nan
2026-01-26 06:30:00,099 - INFO - [EMA] 증분계산: prev=87304.54, close=86928.0, new=87275.57
2026-01-26 06:30:00,106 - INFO - 15m | 21:15 | O:86891.7 H:86966.4 L:86781.0 C:86928.0
2026-01-26 06:30:00,106 - INFO - 지표: ADX=64.2, ATR=378.8, Bull=False, Bear=True
2026-01-26 06:30:52,950 - INFO - [상태] 포지션 없음, 자본금: $5887.27
2026-01-26 06:30:52,951 - INFO - [지표] ADX=nan, Bull=nan, Bear=nan
2026-01-26 06:35:52,952 - INFO - [상태] 포지션 없음, 자본금: $5887.27
2026-01-26 06:35:52,952 - INFO - [지표] ADX=nan, Bull=nan, Bear=nan
2026-01-26 06:40:52,953 - INFO - [상태] 포지션 없음, 자본금: $5887.27
2026-01-26 06:40:52,953 - INFO - [지표] ADX=nan, Bull=nan, Bear=nan
2026-01-26 06:45:00,128 - INFO - [EMA] 증분계산: prev=87275.57, close=86495.3, new=87215.55
2026-01-26 06:45:00,135 - INFO - 15m | 21:30 | O:86927.9 H:86935.9 L:86342.9 C:86495.3
2026-01-26 06:45:00,135 - INFO - 지표: ADX=63.6, ATR=400.2, Bull=False, Bear=True
2026-01-26 06:45:52,954 - INFO - [상태] 포지션 없음, 자본금: $5887.27
2026-01-26 06:45:52,954 - INFO - [지표] ADX=nan, Bull=nan, Bear=nan
2026-01-26 06:50:52,956 - INFO - [상태] 포지션 없음, 자본금: $5887.27
2026-01-26 06:50:52,956 - INFO - [지표] ADX=nan, Bull=nan, Bear=nan
2026-01-26 06:55:52,957 - INFO - [상태] 포지션 없음, 자본금: $5887.27
2026-01-26 06:55:52,957 - INFO - [지표] ADX=nan, Bull=nan, Bear=nan
2026-01-26 07:00:00,144 - INFO - [EMA] 증분계산: prev=87215.55, close=86525.1, new=87162.44
2026-01-26 07:00:00,151 - INFO - 15m | 21:45 | O:86495.3 H:86622.4 L:86444.6 C:86525.1
2026-01-26 07:00:00,151 - INFO - 지표: ADX=63.2, ATR=377.9, Bull=False, Bear=True
2026-01-26 07:00:52,958 - INFO - [상태] 포지션 없음, 자본금: $5887.27
2026-01-26 07:00:52,958 - INFO - [지표] ADX=nan, Bull=nan, Bear=nan
2026-01-26 07:05:52,959 - INFO - [상태] 포지션 없음, 자본금: $5887.27
2026-01-26 07:05:52,959 - INFO - [지표] ADX=nan, Bull=nan, Bear=nan
2026-01-26 07:10:52,961 - INFO - [상태] 포지션 없음, 자본금: $5887.27
2026-01-26 07:10:52,961 - INFO - [지표] ADX=nan, Bull=nan, Bear=nan
2026-01-26 07:15:00,363 - INFO - [EMA] 증분계산: prev=87162.44, close=86481.4, new=87110.05
2026-01-26 07:15:00,373 - INFO - 15m | 22:00 | O:86525.0 H:86547.0 L:86299.1 C:86481.4
2026-01-26 07:15:00,373 - INFO - 지표: ADX=62.9, ATR=364.9, Bull=False, Bear=True
2026-01-26 07:15:52,963 - INFO - [상태] 포지션 없음, 자본금: $5887.27
2026-01-26 07:15:52,963 - INFO - [지표] ADX=nan, Bull=nan, Bear=nan
2026-01-26 07:20:52,964 - INFO - [상태] 포지션 없음, 자본금: $5887.27
2026-01-26 07:20:52,964 - INFO - [지표] ADX=nan, Bull=nan, Bear=nan
2026-01-26 07:25:52,966 - INFO - [상태] 포지션 없음, 자본금: $5887.27
2026-01-26 07:25:52,966 - INFO - [지표] ADX=nan, Bull=nan, Bear=nan
2026-01-26 07:30:00,242 - INFO - [EMA] 증분계산: prev=87110.05, close=86287.9, new=87046.81
2026-01-26 07:30:00,248 - INFO - 15m | 22:15 | O:86481.4 H:86492.5 L:86201.0 C:86287.9
2026-01-26 07:30:00,248 - INFO - 지표: ADX=62.8, ATR=357.6, Bull=False, Bear=True
2026-01-26 07:30:52,968 - INFO - [상태] 포지션 없음, 자본금: $5887.27
2026-01-26 07:30:52,968 - INFO - [지표] ADX=nan, Bull=nan, Bear=nan
2026-01-26 07:35:52,969 - INFO - [상태] 포지션 없음, 자본금: $5887.27
2026-01-26 07:35:52,969 - INFO - [지표] ADX=nan, Bull=nan, Bear=nan
2026-01-26 07:40:52,971 - INFO - [상태] 포지션 없음, 자본금: $5887.27
2026-01-26 07:40:52,971 - INFO - [지표] ADX=nan, Bull=nan, Bear=nan
2026-01-26 07:45:00,194 - INFO - [EMA] 증분계산: prev=87046.81, close=86599.3, new=87012.39
2026-01-26 07:45:00,203 - INFO - 15m | 22:30 | O:86287.8 H:86704.9 L:86139.4 C:86599.3
2026-01-26 07:45:00,203 - INFO - 지표: ADX=61.6, ATR=378.4, Bull=False, Bear=True
2026-01-26 07:45:52,973 - INFO - [상태] 포지션 없음, 자본금: $5887.27
2026-01-26 07:45:52,973 - INFO - [지표] ADX=nan, Bull=nan, Bear=nan
2026-01-26 07:50:52,975 - INFO - [상태] 포지션 없음, 자본금: $5887.27
2026-01-26 07:50:52,975 - INFO - [지표] ADX=nan, Bull=nan, Bear=nan
2026-01-26 07:55:52,976 - INFO - [상태] 포지션 없음, 자본금: $5887.27
2026-01-26 07:55:52,977 - INFO - [지표] ADX=nan, Bull=nan, Bear=nan
2026-01-26 08:00:00,142 - INFO - [EMA] 증분계산: prev=87012.39, close=86489.1, new=86972.13
2026-01-26 08:00:00,149 - INFO - 15m | 22:45 | O:86599.4 H:86608.4 L:86249.9 C:86489.1
2026-01-26 08:00:00,149 - INFO - 지표: ADX=60.5, ATR=376.4, Bull=False, Bear=True
2026-01-26 08:00:52,977 - INFO - [상태] 포지션 없음, 자본금: $5887.27
2026-01-26 08:00:52,978 - INFO - [지표] ADX=nan, Bull=nan, Bear=nan
2026-01-26 08:05:52,978 - INFO - [상태] 포지션 없음, 자본금: $5887.27
2026-01-26 08:05:52,979 - INFO - [지표] ADX=nan, Bull=nan, Bear=nan
2026-01-26 08:10:52,980 - INFO - [상태] 포지션 없음, 자본금: $5887.27
2026-01-26 08:10:52,980 - INFO - [지표] ADX=nan, Bull=nan, Bear=nan
2026-01-26 08:15:00,045 - INFO - [EMA] 증분계산: prev=86972.13, close=86353.2, new=86924.52
2026-01-26 08:15:00,055 - INFO - 15m | 23:00 | O:86489.0 H:86547.0 L:86021.7 C:86353.2
2026-01-26 08:15:00,055 - INFO - 지표: ADX=59.9, ATR=391.3, Bull=False, Bear=True
2026-01-26 08:15:52,981 - INFO - [상태] 포지션 없음, 자본금: $5887.27
2026-01-26 08:15:52,981 - INFO - [지표] ADX=nan, Bull=nan, Bear=nan
2026-01-26 08:20:52,982 - INFO - [상태] 포지션 없음, 자본금: $5887.27
2026-01-26 08:20:52,983 - INFO - [지표] ADX=nan, Bull=nan, Bear=nan
2026-01-26 08:25:52,984 - INFO - [상태] 포지션 없음, 자본금: $5887.27
2026-01-26 08:25:52,984 - INFO - [지표] ADX=nan, Bull=nan, Bear=nan
2026-01-26 08:30:00,181 - INFO - [EMA] 증분계산: prev=86924.52, close=86454.3, new=86888.35
2026-01-26 08:30:00,190 - INFO - 15m | 23:15 | O:86353.2 H:86711.0 L:86200.0 C:86454.3
2026-01-26 08:30:00,191 - INFO - 지표: ADX=58.4, ATR=403.3, Bull=False, Bear=True
2026-01-26 08:30:52,985 - INFO - [상태] 포지션 없음, 자본금: $5887.27
2026-01-26 08:30:52,985 - INFO - [지표] ADX=nan, Bull=nan, Bear=nan
2026-01-26 08:35:52,986 - INFO - [상태] 포지션 없음, 자본금: $5887.27
2026-01-26 08:35:52,987 - INFO - [지표] ADX=nan, Bull=nan, Bear=nan
2026-01-26 08:40:52,988 - INFO - [상태] 포지션 없음, 자본금: $5887.27
2026-01-26 08:40:52,988 - INFO - [지표] ADX=nan, Bull=nan, Bear=nan
2026-01-26 08:45:00,059 - INFO - [EMA] 증분계산: prev=86888.35, close=86390.9, new=86850.09
2026-01-26 08:45:00,065 - INFO - 15m | 23:30 | O:86454.4 H:86559.8 L:86225.1 C:86390.9
2026-01-26 08:45:00,065 - INFO - 지표: ADX=57.1, ATR=396.4, Bull=False, Bear=True
2026-01-26 08:45:52,990 - INFO - [상태] 포지션 없음, 자본금: $5887.27
2026-01-26 08:45:52,990 - INFO - [지표] ADX=nan, Bull=nan, Bear=nan
2026-01-26 08:50:52,991 - INFO - [상태] 포지션 없음, 자본금: $5887.27
2026-01-26 08:50:52,991 - INFO - [지표] ADX=nan, Bull=nan, Bear=nan
2026-01-26 08:55:52,993 - INFO - [상태] 포지션 없음, 자본금: $5887.27
2026-01-26 08:55:52,993 - INFO - [지표] ADX=nan, Bull=nan, Bear=nan
