2026-01-18 09:00:00,072 - INFO - === 로그 파일 시작: logs/hyper_2026-01-18.log ===
2026-01-18 09:00:00,072 - INFO - [EMA] 증분계산: prev=95210.21, close=95088.1, new=95200.81
2026-01-18 09:00:00,079 - INFO - 15m | 23:45 | O:95095.1 H:95098.8 L:95061.4 C:95088.1
2026-01-18 09:00:00,079 - INFO - 지표: ADX=20.5, ATR=85.2, Bull=False, Bear=True
2026-01-18 09:01:15,121 - INFO - [상태] 포지션 없음, 자본금: $6059.05
2026-01-18 09:01:15,121 - INFO - [지표] ADX=nan, Bull=nan, Bear=nan
2026-01-18 09:06:15,124 - INFO - [상태] 포지션 없음, 자본금: $6059.05
2026-01-18 09:06:15,124 - INFO - [지표] ADX=nan, Bull=nan, Bear=nan
2026-01-18 09:11:15,126 - INFO - [상태] 포지션 없음, 자본금: $6059.05
2026-01-18 09:11:15,127 - INFO - [지표] ADX=nan, Bull=nan, Bear=nan
2026-01-18 09:15:01,089 - INFO - [EMA] 증분계산: prev=95200.81, close=95119.0, new=95194.52
2026-01-18 09:15:01,098 - INFO - 15m | 00:00 | O:95087.0 H:95167.9 L:95030.4 C:95119.0
2026-01-18 09:15:01,098 - INFO - 지표: ADX=19.9, ATR=89.5, Bull=False, Bear=True
2026-01-18 09:16:15,127 - INFO - [상태] 포지션 없음, 자본금: $6059.05
2026-01-18 09:16:15,128 - INFO - [지표] ADX=nan, Bull=nan, Bear=nan
2026-01-18 09:21:15,128 - INFO - [상태] 포지션 없음, 자본금: $6059.05
2026-01-18 09:21:15,129 - INFO - [지표] ADX=nan, Bull=nan, Bear=nan
2026-01-18 09:26:15,133 - INFO - [상태] 포지션 없음, 자본금: $6059.05
2026-01-18 09:26:15,134 - INFO - [지표] ADX=nan, Bull=nan, Bear=nan
2026-01-18 09:30:03,043 - INFO - [EMA] 증분계산: prev=95194.52, close=95136.5, new=95190.06
2026-01-18 09:30:03,053 - INFO - 15m | 00:15 | O:95119.0 H:95184.0 L:95119.0 C:95136.5
2026-01-18 09:30:03,053 - INFO - 지표: ADX=19.1, ATR=87.5, Bull=False, Bear=True
2026-01-18 09:31:15,138 - INFO - [상태] 포지션 없음, 자본금: $6059.05
2026-01-18 09:31:15,138 - INFO - [지표] ADX=nan, Bull=nan, Bear=nan
2026-01-18 09:36:15,139 - INFO - [상태] 포지션 없음, 자본금: $6059.05
2026-01-18 09:36:15,139 - INFO - [지표] ADX=nan, Bull=nan, Bear=nan
2026-01-18 09:41:15,142 - INFO - [상태] 포지션 없음, 자본금: $6059.05
2026-01-18 09:41:15,142 - INFO - [지표] ADX=nan, Bull=nan, Bear=nan
2026-01-18 09:45:00,929 - INFO - [EMA] 증분계산: prev=95190.06, close=95077.0, new=95181.36
2026-01-18 09:45:00,936 - INFO - 15m | 00:30 | O:95137.4 H:95173.9 L:95066.6 C:95077.0
2026-01-18 09:45:00,936 - INFO - 지표: ADX=19.0, ATR=89.1, Bull=False, Bear=True
2026-01-18 09:46:15,143 - INFO - [상태] 포지션 없음, 자본금: $6059.05
2026-01-18 09:46:15,144 - INFO - [지표] ADX=nan, Bull=nan, Bear=nan
2026-01-18 09:51:15,146 - INFO - [상태] 포지션 없음, 자본금: $6059.05
2026-01-18 09:51:15,146 - INFO - [지표] ADX=nan, Bull=nan, Bear=nan
2026-01-18 09:56:15,148 - INFO - [상태] 포지션 없음, 자본금: $6059.05
2026-01-18 09:56:15,148 - INFO - [지표] ADX=nan, Bull=nan, Bear=nan
2026-01-18 10:00:00,171 - INFO - [EMA] 증분계산: prev=95181.36, close=95048.9, new=95171.17
2026-01-18 10:00:00,178 - INFO - 15m | 00:45 | O:95077.0 H:95078.0 L:95004.0 C:95048.9
2026-01-18 10:00:00,178 - INFO - 지표: ADX=19.6, ATR=87.9, Bull=False, Bear=True
2026-01-18 10:01:15,149 - INFO - [상태] 포지션 없음, 자본금: $6059.05
2026-01-18 10:01:15,150 - INFO - [지표] ADX=nan, Bull=nan, Bear=nan
2026-01-18 10:06:15,151 - INFO - [상태] 포지션 없음, 자본금: $6059.05
2026-01-18 10:06:15,152 - INFO - [지표] ADX=nan, Bull=nan, Bear=nan
2026-01-18 10:11:15,153 - INFO - [상태] 포지션 없음, 자본금: $6059.05
2026-01-18 10:11:15,153 - INFO - [지표] ADX=nan, Bull=nan, Bear=nan
2026-01-18 10:15:00,687 - INFO - [EMA] 증분계산: prev=95171.17, close=94885.9, new=95149.23
2026-01-18 10:15:00,697 - INFO - 15m | 01:00 | O:95048.9 H:95049.0 L:94804.7 C:94885.9
2026-01-18 10:15:00,697 - INFO - 지표: ADX=21.7, ATR=100.9, Bull=False, Bear=True
2026-01-18 10:16:15,156 - INFO - [상태] 포지션 없음, 자본금: $6059.05
2026-01-18 10:16:15,157 - INFO - [지표] ADX=nan, Bull=nan, Bear=nan
2026-01-18 10:21:15,158 - INFO - [상태] 포지션 없음, 자본금: $6059.05
2026-01-18 10:21:15,159 - INFO - [지표] ADX=nan, Bull=nan, Bear=nan
2026-01-18 10:26:15,160 - INFO - [상태] 포지션 없음, 자본금: $6059.05
2026-01-18 10:26:15,160 - INFO - [지표] ADX=nan, Bull=nan, Bear=nan
2026-01-18 10:30:00,146 - INFO - [EMA] 증분계산: prev=95149.23, close=94984.4, new=95136.55
2026-01-18 10:30:00,153 - INFO - 15m | 01:15 | O:94885.9 H:94988.0 L:94843.2 C:94984.4
2026-01-18 10:30:00,153 - INFO - 지표: ADX=23.6, ATR=104.6, Bull=False, Bear=True
2026-01-18 10:31:15,162 - INFO - [상태] 포지션 없음, 자본금: $6059.05
2026-01-18 10:31:15,162 - INFO - [지표] ADX=nan, Bull=nan, Bear=nan
2026-01-18 10:36:15,164 - INFO - [상태] 포지션 없음, 자본금: $6059.05
2026-01-18 10:36:15,165 - INFO - [지표] ADX=nan, Bull=nan, Bear=nan
2026-01-18 10:41:15,179 - INFO - [상태] 포지션 없음, 자본금: $6059.05
2026-01-18 10:41:15,180 - INFO - [지표] ADX=nan, Bull=nan, Bear=nan
2026-01-18 10:45:03,034 - INFO - [EMA] 증분계산: prev=95136.55, close=94930.6, new=95120.71
2026-01-18 10:45:03,041 - INFO - 15m | 01:30 | O:94984.4 H:95021.8 L:94923.0 C:94930.6
2026-01-18 10:45:03,041 - INFO - 지표: ADX=24.8, ATR=104.1, Bull=False, Bear=True
2026-01-18 10:46:15,182 - INFO - [상태] 포지션 없음, 자본금: $6059.05
2026-01-18 10:46:15,183 - INFO - [지표] ADX=nan, Bull=nan, Bear=nan
2026-01-18 10:51:15,184 - INFO - [상태] 포지션 없음, 자본금: $6059.05
2026-01-18 10:51:15,185 - INFO - [지표] ADX=nan, Bull=nan, Bear=nan
2026-01-18 10:56:15,186 - INFO - [상태] 포지션 없음, 자본금: $6059.05
2026-01-18 10:56:15,186 - INFO - [지표] ADX=nan, Bull=nan, Bear=nan
2026-01-18 11:00:01,099 - INFO - [EMA] 증분계산: prev=95120.71, close=94907.6, new=95104.31
2026-01-18 11:00:01,106 - INFO - 15m | 01:45 | O:94930.6 H:94960.6 L:94828.7 C:94907.6
2026-01-18 11:00:01,106 - INFO - 지표: ADX=26.5, ATR=106.4, Bull=False, Bear=True
2026-01-18 11:01:15,188 - INFO - [상태] 포지션 없음, 자본금: $6059.05
2026-01-18 11:01:15,188 - INFO - [지표] ADX=nan, Bull=nan, Bear=nan
2026-01-18 11:06:15,191 - INFO - [상태] 포지션 없음, 자본금: $6059.05
2026-01-18 11:06:15,191 - INFO - [지표] ADX=nan, Bull=nan, Bear=nan
2026-01-18 11:11:15,194 - INFO - [상태] 포지션 없음, 자본금: $6059.05
2026-01-18 11:11:15,194 - INFO - [지표] ADX=nan, Bull=nan, Bear=nan
2026-01-18 11:15:01,130 - INFO - [EMA] 증분계산: prev=95104.31, close=94957.3, new=95093.00
2026-01-18 11:15:01,139 - INFO - 15m | 02:00 | O:94907.7 H:94976.1 L:94907.7 C:94957.3
2026-01-18 11:15:01,139 - INFO - 지표: ADX=27.8, ATR=103.2, Bull=False, Bear=True
2026-01-18 11:16:15,196 - INFO - [상태] 포지션 없음, 자본금: $6059.05
2026-01-18 11:16:15,197 - INFO - [지표] ADX=nan, Bull=nan, Bear=nan
2026-01-18 11:21:15,200 - INFO - [상태] 포지션 없음, 자본금: $6059.05
2026-01-18 11:21:15,201 - INFO - [지표] ADX=nan, Bull=nan, Bear=nan
2026-01-18 11:26:15,202 - INFO - [상태] 포지션 없음, 자본금: $6059.05
2026-01-18 11:26:15,202 - INFO - [지표] ADX=nan, Bull=nan, Bear=nan
2026-01-18 11:30:00,054 - INFO - [EMA] 증분계산: prev=95093.00, close=94950.1, new=95082.01
2026-01-18 11:30:00,064 - INFO - 15m | 02:15 | O:94957.3 H:95020.9 L:94950.0 C:94950.1
2026-01-18 11:30:00,064 - INFO - 지표: ADX=28.3, ATR=100.5, Bull=False, Bear=True
2026-01-18 11:31:15,205 - INFO - [상태] 포지션 없음, 자본금: $6059.05
2026-01-18 11:31:15,205 - INFO - [지표] ADX=nan, Bull=nan, Bear=nan
2026-01-18 11:36:15,206 - INFO - [상태] 포지션 없음, 자본금: $6059.05
2026-01-18 11:36:15,206 - INFO - [지표] ADX=nan, Bull=nan, Bear=nan
2026-01-18 11:41:15,207 - INFO - [상태] 포지션 없음, 자본금: $6059.05
2026-01-18 11:41:15,208 - INFO - [지표] ADX=nan, Bull=nan, Bear=nan
2026-01-18 11:45:00,697 - INFO - [EMA] 증분계산: prev=95082.01, close=94900.6, new=95068.06
2026-01-18 11:45:00,706 - INFO - 15m | 02:30 | O:94950.1 H:94950.2 L:94807.9 C:94900.6
2026-01-18 11:45:00,706 - INFO - 지표: ADX=29.6, ATR=104.0, Bull=False, Bear=True
2026-01-18 11:46:15,209 - INFO - [상태] 포지션 없음, 자본금: $6059.05
2026-01-18 11:46:15,209 - INFO - [지표] ADX=nan, Bull=nan, Bear=nan
2026-01-18 11:51:15,210 - INFO - [상태] 포지션 없음, 자본금: $6059.05
2026-01-18 11:51:15,210 - INFO - [지표] ADX=nan, Bull=nan, Bear=nan
2026-01-18 11:56:15,212 - INFO - [상태] 포지션 없음, 자본금: $6059.05
2026-01-18 11:56:15,213 - INFO - [지표] ADX=nan, Bull=nan, Bear=nan
2026-01-18 12:00:02,062 - INFO - [EMA] 증분계산: prev=95068.06, close=94969.9, new=95060.51
2026-01-18 12:00:02,069 - INFO - 15m | 02:45 | O:94900.6 H:94973.4 L:94893.8 C:94969.9
2026-01-18 12:00:02,069 - INFO - 지표: ADX=30.6, ATR=102.0, Bull=False, Bear=True
2026-01-18 12:01:15,215 - INFO - [상태] 포지션 없음, 자본금: $6059.05
2026-01-18 12:01:15,215 - INFO - [지표] ADX=nan, Bull=nan, Bear=nan
2026-01-18 12:06:15,216 - INFO - [상태] 포지션 없음, 자본금: $6059.05
2026-01-18 12:06:15,216 - INFO - [지표] ADX=nan, Bull=nan, Bear=nan
2026-01-18 12:11:15,218 - INFO - [상태] 포지션 없음, 자본금: $6059.05
2026-01-18 12:11:15,218 - INFO - [지표] ADX=nan, Bull=nan, Bear=nan
2026-01-18 12:15:00,142 - INFO - [EMA] 증분계산: prev=95060.51, close=94997.0, new=95055.62
2026-01-18 12:15:00,149 - INFO - 15m | 03:00 | O:94969.9 H:95005.9 L:94955.0 C:94997.0
2026-01-18 12:15:00,149 - INFO - 지표: ADX=31.0, ATR=97.7, Bull=False, Bear=True
2026-01-18 12:16:15,219 - INFO - [상태] 포지션 없음, 자본금: $6059.05
2026-01-18 12:16:15,219 - INFO - [지표] ADX=nan, Bull=nan, Bear=nan
2026-01-18 12:21:15,220 - INFO - [상태] 포지션 없음, 자본금: $6059.05
2026-01-18 12:21:15,220 - INFO - [지표] ADX=nan, Bull=nan, Bear=nan
2026-01-18 12:26:15,221 - INFO - [상태] 포지션 없음, 자본금: $6059.05
2026-01-18 12:26:15,222 - INFO - [지표] ADX=nan, Bull=nan, Bear=nan
2026-01-18 12:30:00,100 - INFO - [EMA] 증분계산: prev=95055.62, close=95063.6, new=95056.24
2026-01-18 12:30:00,110 - INFO - 15m | 03:15 | O:94997.0 H:95075.8 L:94966.8 C:95063.6
2026-01-18 12:30:00,110 - INFO - 지표: ADX=30.4, ATR=98.7, Bull=False, Bear=True
2026-01-18 12:31:15,223 - INFO - [상태] 포지션 없음, 자본금: $6059.05
2026-01-18 12:31:15,224 - INFO - [지표] ADX=nan, Bull=nan, Bear=nan
2026-01-18 12:36:15,226 - INFO - [상태] 포지션 없음, 자본금: $6059.05
2026-01-18 12:36:15,226 - INFO - [지표] ADX=nan, Bull=nan, Bear=nan
2026-01-18 12:41:15,229 - INFO - [상태] 포지션 없음, 자본금: $6059.05
2026-01-18 12:41:15,229 - INFO - [지표] ADX=nan, Bull=nan, Bear=nan
2026-01-18 12:45:00,695 - INFO - [EMA] 증분계산: prev=95056.24, close=95102.6, new=95059.80
2026-01-18 12:45:00,702 - INFO - 15m | 03:30 | O:95063.7 H:95136.0 L:95063.6 C:95102.6
2026-01-18 12:45:00,702 - INFO - 지표: ADX=29.1, ATR=96.5, Bull=False, Bear=True
2026-01-18 12:46:15,230 - INFO - [상태] 포지션 없음, 자본금: $6059.05
2026-01-18 12:46:15,230 - INFO - [지표] ADX=nan, Bull=nan, Bear=nan
2026-01-18 12:51:15,231 - INFO - [상태] 포지션 없음, 자본금: $6059.05
2026-01-18 12:51:15,231 - INFO - [지표] ADX=nan, Bull=nan, Bear=nan
2026-01-18 12:56:15,232 - INFO - [상태] 포지션 없음, 자본금: $6059.05
2026-01-18 12:56:15,232 - INFO - [지표] ADX=nan, Bull=nan, Bear=nan
2026-01-18 13:00:00,099 - INFO - [EMA] 증분계산: prev=95059.80, close=95134.1, new=95065.52
2026-01-18 13:00:00,106 - INFO - 15m | 03:45 | O:95105.0 H:95154.9 L:95090.0 C:95134.1
2026-01-18 13:00:00,106 - INFO - 지표: ADX=27.7, ATR=93.9, Bull=False, Bear=True
2026-01-18 13:01:15,233 - INFO - [상태] 포지션 없음, 자본금: $6059.05
2026-01-18 13:01:15,233 - INFO - [지표] ADX=nan, Bull=nan, Bear=nan
2026-01-18 13:06:15,234 - INFO - [상태] 포지션 없음, 자본금: $6059.05
2026-01-18 13:06:15,235 - INFO - [지표] ADX=nan, Bull=nan, Bear=nan
2026-01-18 13:11:15,237 - INFO - [상태] 포지션 없음, 자본금: $6059.05
2026-01-18 13:11:15,237 - INFO - [지표] ADX=nan, Bull=nan, Bear=nan
2026-01-18 13:15:00,107 - INFO - [EMA] 증분계산: prev=95065.52, close=95103.6, new=95068.45
2026-01-18 13:15:00,114 - INFO - 15m | 04:00 | O:95134.1 H:95134.1 L:95056.4 C:95103.6
2026-01-18 13:15:00,114 - INFO - 지표: ADX=26.7, ATR=92.5, Bull=False, Bear=True
2026-01-18 13:16:15,239 - INFO - [상태] 포지션 없음, 자본금: $6059.05
2026-01-18 13:16:15,239 - INFO - [지표] ADX=nan, Bull=nan, Bear=nan
2026-01-18 13:21:15,240 - INFO - [상태] 포지션 없음, 자본금: $6059.05
2026-01-18 13:21:15,240 - INFO - [지표] ADX=nan, Bull=nan, Bear=nan
2026-01-18 13:26:15,241 - INFO - [상태] 포지션 없음, 자본금: $6059.05
2026-01-18 13:26:15,241 - INFO - [지표] ADX=nan, Bull=nan, Bear=nan
2026-01-18 13:30:00,528 - INFO - [EMA] 증분계산: prev=95068.45, close=95059.9, new=95067.79
2026-01-18 13:30:00,538 - INFO - 15m | 04:15 | O:95103.6 H:95103.6 L:95036.8 C:95059.9
2026-01-18 13:30:00,538 - INFO - 지표: ADX=26.0, ATR=90.4, Bull=False, Bear=True
2026-01-18 13:31:15,254 - INFO - [상태] 포지션 없음, 자본금: $6059.05
2026-01-18 13:31:15,255 - INFO - [지표] ADX=nan, Bull=nan, Bear=nan
2026-01-18 13:36:15,259 - INFO - [상태] 포지션 없음, 자본금: $6059.05
2026-01-18 13:36:15,259 - INFO - [지표] ADX=nan, Bull=nan, Bear=nan
2026-01-18 13:41:15,262 - INFO - [상태] 포지션 없음, 자본금: $6059.05
2026-01-18 13:41:15,262 - INFO - [지표] ADX=nan, Bull=nan, Bear=nan
2026-01-18 13:45:00,517 - INFO - [EMA] 증분계산: prev=95067.79, close=95057.9, new=95067.03
2026-01-18 13:45:00,527 - INFO - 15m | 04:30 | O:95059.9 H:95077.1 L:95015.8 C:95057.9
2026-01-18 13:45:00,527 - INFO - 지표: ADX=25.5, ATR=87.9, Bull=False, Bear=True
2026-01-18 13:46:15,265 - INFO - [상태] 포지션 없음, 자본금: $6059.05
2026-01-18 13:46:15,266 - INFO - [지표] ADX=nan, Bull=nan, Bear=nan
2026-01-18 13:51:15,269 - INFO - [상태] 포지션 없음, 자본금: $6059.05
2026-01-18 13:51:15,270 - INFO - [지표] ADX=nan, Bull=nan, Bear=nan
2026-01-18 13:56:15,280 - INFO - [상태] 포지션 없음, 자본금: $6059.05
2026-01-18 13:56:15,281 - INFO - [지표] ADX=nan, Bull=nan, Bear=nan
2026-01-18 14:00:01,064 - INFO - [EMA] 증분계산: prev=95067.03, close=95040.8, new=95065.01
2026-01-18 14:00:01,074 - INFO - 15m | 04:45 | O:95057.9 H:95058.9 L:95030.1 C:95040.8
2026-01-18 14:00:01,074 - INFO - 지표: ADX=25.1, ATR=83.0, Bull=False, Bear=True
2026-01-18 14:01:15,290 - INFO - [상태] 포지션 없음, 자본금: $6059.05
2026-01-18 14:01:15,291 - INFO - [지표] ADX=nan, Bull=nan, Bear=nan
2026-01-18 14:06:15,292 - INFO - [상태] 포지션 없음, 자본금: $6059.05
2026-01-18 14:06:15,292 - INFO - [지표] ADX=nan, Bull=nan, Bear=nan
2026-01-18 14:11:15,293 - INFO - [상태] 포지션 없음, 자본금: $6059.05
2026-01-18 14:11:15,293 - INFO - [지표] ADX=nan, Bull=nan, Bear=nan
2026-01-18 14:15:00,041 - INFO - [EMA] 증분계산: prev=95065.01, close=95051.2, new=95063.95
2026-01-18 14:15:00,050 - INFO - 15m | 05:00 | O:95040.8 H:95053.3 L:94999.4 C:95051.2
2026-01-18 14:15:00,051 - INFO - 지표: ADX=25.0, ATR=80.6, Bull=False, Bear=True
2026-01-18 14:16:15,302 - INFO - [상태] 포지션 없음, 자본금: $6059.05
2026-01-18 14:16:15,302 - INFO - [지표] ADX=nan, Bull=nan, Bear=nan
2026-01-18 14:21:15,303 - INFO - [상태] 포지션 없음, 자본금: $6059.05
2026-01-18 14:21:15,304 - INFO - [지표] ADX=nan, Bull=nan, Bear=nan
2026-01-18 14:26:15,307 - INFO - [상태] 포지션 없음, 자본금: $6059.05
2026-01-18 14:26:15,308 - INFO - [지표] ADX=nan, Bull=nan, Bear=nan
2026-01-18 14:30:00,482 - INFO - [EMA] 증분계산: prev=95063.95, close=95075.4, new=95064.83
2026-01-18 14:30:00,492 - INFO - 15m | 05:15 | O:95051.2 H:95094.0 L:95011.8 C:95075.4
2026-01-18 14:30:00,492 - INFO - 지표: ADX=24.3, ATR=80.7, Bull=False, Bear=True
2026-01-18 14:31:15,309 - INFO - [상태] 포지션 없음, 자본금: $6059.05
2026-01-18 14:31:15,309 - INFO - [지표] ADX=nan, Bull=nan, Bear=nan
2026-01-18 14:36:15,310 - INFO - [상태] 포지션 없음, 자본금: $6059.05
2026-01-18 14:36:15,310 - INFO - [지표] ADX=nan, Bull=nan, Bear=nan
2026-01-18 14:41:15,312 - INFO - [상태] 포지션 없음, 자본금: $6059.05
2026-01-18 14:41:15,312 - INFO - [지표] ADX=nan, Bull=nan, Bear=nan
2026-01-18 14:45:00,712 - INFO - [EMA] 증분계산: prev=95064.83, close=95128.4, new=95069.72
2026-01-18 14:45:00,719 - INFO - 15m | 05:30 | O:95075.4 H:95128.5 L:95000.0 C:95128.4
2026-01-18 14:45:00,719 - INFO - 지표: ADX=23.1, ATR=84.7, Bull=False, Bear=True
2026-01-18 14:46:15,313 - INFO - [상태] 포지션 없음, 자본금: $6059.05
2026-01-18 14:46:15,314 - INFO - [지표] ADX=nan, Bull=nan, Bear=nan
2026-01-18 14:51:15,315 - INFO - [상태] 포지션 없음, 자본금: $6059.05
2026-01-18 14:51:15,315 - INFO - [지표] ADX=nan, Bull=nan, Bear=nan
2026-01-18 14:56:15,316 - INFO - [상태] 포지션 없음, 자본금: $6059.05
2026-01-18 14:56:15,317 - INFO - [지표] ADX=nan, Bull=nan, Bear=nan
2026-01-18 15:00:00,096 - INFO - [EMA] 증분계산: prev=95069.72, close=95123.1, new=95073.83
2026-01-18 15:00:00,102 - INFO - 15m | 05:45 | O:95128.5 H:95207.2 L:95089.9 C:95123.1
2026-01-18 15:00:00,103 - INFO - 지표: ADX=21.9, ATR=87.4, Bull=False, Bear=True
2026-01-18 15:01:15,317 - INFO - [상태] 포지션 없음, 자본금: $6059.05
2026-01-18 15:01:15,318 - INFO - [지표] ADX=nan, Bull=nan, Bear=nan
2026-01-18 15:06:15,322 - INFO - [상태] 포지션 없음, 자본금: $6059.05
2026-01-18 15:06:15,322 - INFO - [지표] ADX=nan, Bull=nan, Bear=nan
2026-01-18 15:11:15,325 - INFO - [상태] 포지션 없음, 자본금: $6059.05
2026-01-18 15:11:15,325 - INFO - [지표] ADX=nan, Bull=nan, Bear=nan
2026-01-18 15:15:00,536 - INFO - [EMA] 증분계산: prev=95073.83, close=95105.0, new=95076.22
2026-01-18 15:15:00,545 - INFO - 15m | 06:00 | O:95123.0 H:95135.0 L:95093.1 C:95105.0
2026-01-18 15:15:00,545 - INFO - 지표: ADX=20.8, ATR=83.6, Bull=False, Bear=True
2026-01-18 15:16:15,328 - INFO - [상태] 포지션 없음, 자본금: $6059.05
2026-01-18 15:16:15,329 - INFO - [지표] ADX=nan, Bull=nan, Bear=nan
2026-01-18 15:21:15,331 - INFO - [상태] 포지션 없음, 자본금: $6059.05
2026-01-18 15:21:15,332 - INFO - [지표] ADX=nan, Bull=nan, Bear=nan
2026-01-18 15:26:15,332 - INFO - [상태] 포지션 없음, 자본금: $6059.05
2026-01-18 15:26:15,333 - INFO - [지표] ADX=nan, Bull=nan, Bear=nan
2026-01-18 15:30:00,076 - INFO - [EMA] 증분계산: prev=95076.22, close=95125.3, new=95080.00
2026-01-18 15:30:00,083 - INFO - 15m | 06:15 | O:95105.1 H:95126.1 L:95073.1 C:95125.3
2026-01-18 15:30:00,083 - INFO - 지표: ADX=19.5, ATR=81.1, Bull=False, Bear=True
2026-01-18 15:31:15,335 - INFO - [상태] 포지션 없음, 자본금: $6059.05
2026-01-18 15:31:15,336 - INFO - [지표] ADX=nan, Bull=nan, Bear=nan
2026-01-18 15:36:15,337 - INFO - [상태] 포지션 없음, 자본금: $6059.05
2026-01-18 15:36:15,337 - INFO - [지표] ADX=nan, Bull=nan, Bear=nan
2026-01-18 15:41:15,338 - INFO - [상태] 포지션 없음, 자본금: $6059.05
2026-01-18 15:41:15,339 - INFO - [지표] ADX=nan, Bull=nan, Bear=nan
2026-01-18 15:45:02,366 - INFO - [EMA] 증분계산: prev=95080.00, close=95129.4, new=95083.80
2026-01-18 15:45:02,373 - INFO - 15m | 06:30 | O:95128.4 H:95152.7 L:95084.3 C:95129.4
2026-01-18 15:45:02,373 - INFO - 지표: ADX=18.6, ATR=80.0, Bull=False, Bear=True
2026-01-18 15:46:15,339 - INFO - [상태] 포지션 없음, 자본금: $6059.05
2026-01-18 15:46:15,340 - INFO - [지표] ADX=nan, Bull=nan, Bear=nan
2026-01-18 15:51:15,342 - INFO - [상태] 포지션 없음, 자본금: $6059.05
2026-01-18 15:51:15,342 - INFO - [지표] ADX=nan, Bull=nan, Bear=nan
2026-01-18 15:56:15,346 - INFO - [상태] 포지션 없음, 자본금: $6059.05
2026-01-18 15:56:15,347 - INFO - [지표] ADX=nan, Bull=nan, Bear=nan
2026-01-18 16:00:01,213 - INFO - [EMA] 증분계산: prev=95083.80, close=95115.0, new=95086.20
2026-01-18 16:00:01,222 - INFO - 15m | 06:45 | O:95129.3 H:95129.3 L:95080.0 C:95115.0
2026-01-18 16:00:01,222 - INFO - 지표: ADX=17.7, ATR=77.5, Bull=False, Bear=True
2026-01-18 16:01:15,360 - INFO - [상태] 포지션 없음, 자본금: $6059.05
2026-01-18 16:01:15,360 - INFO - [지표] ADX=nan, Bull=nan, Bear=nan
2026-01-18 16:06:15,361 - INFO - [상태] 포지션 없음, 자본금: $6059.05
2026-01-18 16:06:15,362 - INFO - [지표] ADX=nan, Bull=nan, Bear=nan
2026-01-18 16:11:15,365 - INFO - [상태] 포지션 없음, 자본금: $6059.05
2026-01-18 16:11:15,365 - INFO - [지표] ADX=nan, Bull=nan, Bear=nan
2026-01-18 16:15:01,477 - INFO - [EMA] 증분계산: prev=95086.20, close=95020.0, new=95081.11
2026-01-18 16:15:01,484 - INFO - 15m | 07:00 | O:95114.9 H:95125.0 L:95006.8 C:95020.0
2026-01-18 16:15:01,485 - INFO - 지표: ADX=17.0, ATR=80.9, Bull=False, Bear=True
2026-01-18 16:16:15,375 - INFO - [상태] 포지션 없음, 자본금: $6059.05
2026-01-18 16:16:15,375 - INFO - [지표] ADX=nan, Bull=nan, Bear=nan
2026-01-18 16:21:15,376 - INFO - [상태] 포지션 없음, 자본금: $6059.05
2026-01-18 16:21:15,377 - INFO - [지표] ADX=nan, Bull=nan, Bear=nan
2026-01-18 16:26:15,379 - INFO - [상태] 포지션 없음, 자본금: $6059.05
2026-01-18 16:26:15,380 - INFO - [지표] ADX=nan, Bull=nan, Bear=nan
2026-01-18 16:30:01,480 - INFO - [EMA] 증분계산: prev=95081.11, close=95053.0, new=95078.94
2026-01-18 16:30:01,489 - INFO - 15m | 07:15 | O:95019.4 H:95056.0 L:95000.0 C:95053.0
2026-01-18 16:30:01,489 - INFO - 지표: ADX=16.5, ATR=78.8, Bull=False, Bear=True
2026-01-18 16:31:15,381 - INFO - [상태] 포지션 없음, 자본금: $6059.05
2026-01-18 16:31:15,381 - INFO - [지표] ADX=nan, Bull=nan, Bear=nan
2026-01-18 16:36:15,382 - INFO - [상태] 포지션 없음, 자본금: $6059.05
2026-01-18 16:36:15,382 - INFO - [지표] ADX=nan, Bull=nan, Bear=nan
2026-01-18 16:41:15,388 - INFO - [상태] 포지션 없음, 자본금: $6059.05
2026-01-18 16:41:15,388 - INFO - [지표] ADX=nan, Bull=nan, Bear=nan
2026-01-18 16:45:03,044 - INFO - [EMA] 증분계산: prev=95078.94, close=94982.2, new=95071.50
2026-01-18 16:45:03,053 - INFO - 15m | 07:30 | O:95053.0 H:95053.1 L:94962.1 C:94982.2
2026-01-18 16:45:03,053 - INFO - 지표: ADX=16.5, ATR=79.8, Bull=False, Bear=True
2026-01-18 16:46:15,389 - INFO - [상태] 포지션 없음, 자본금: $6059.05
2026-01-18 16:46:15,389 - INFO - [지표] ADX=nan, Bull=nan, Bear=nan
2026-01-18 16:51:15,390 - INFO - [상태] 포지션 없음, 자본금: $6059.05
2026-01-18 16:51:15,391 - INFO - [지표] ADX=nan, Bull=nan, Bear=nan
2026-01-18 16:56:15,395 - INFO - [상태] 포지션 없음, 자본금: $6059.05
2026-01-18 16:56:15,396 - INFO - [지표] ADX=nan, Bull=nan, Bear=nan
2026-01-18 17:00:01,406 - INFO - [EMA] 증분계산: prev=95071.50, close=94973.9, new=95063.99
2026-01-18 17:00:01,415 - INFO - 15m | 07:45 | O:94982.2 H:95029.9 L:94972.1 C:94973.9
2026-01-18 17:00:01,415 - INFO - 지표: ADX=16.5, ATR=78.0, Bull=False, Bear=True
2026-01-18 17:01:15,397 - INFO - [상태] 포지션 없음, 자본금: $6059.05
2026-01-18 17:01:15,397 - INFO - [지표] ADX=nan, Bull=nan, Bear=nan
2026-01-18 17:06:15,398 - INFO - [상태] 포지션 없음, 자본금: $6059.05
2026-01-18 17:06:15,399 - INFO - [지표] ADX=nan, Bull=nan, Bear=nan
2026-01-18 17:11:15,400 - INFO - [상태] 포지션 없음, 자본금: $6059.05
2026-01-18 17:11:15,400 - INFO - [지표] ADX=nan, Bull=nan, Bear=nan
2026-01-18 17:15:00,039 - INFO - [EMA] 증분계산: prev=95063.99, close=94989.6, new=95058.27
2026-01-18 17:15:00,046 - INFO - 15m | 08:00 | O:94974.0 H:95004.8 L:94954.4 C:94989.6
2026-01-18 17:15:00,046 - INFO - 지표: ADX=16.7, ATR=75.7, Bull=False, Bear=True
2026-01-18 17:16:15,403 - INFO - [상태] 포지션 없음, 자본금: $6059.05
2026-01-18 17:16:15,403 - INFO - [지표] ADX=nan, Bull=nan, Bear=nan
2026-01-18 17:21:15,405 - INFO - [상태] 포지션 없음, 자본금: $6059.05
2026-01-18 17:21:15,406 - INFO - [지표] ADX=nan, Bull=nan, Bear=nan
2026-01-18 17:26:15,409 - INFO - [상태] 포지션 없음, 자본금: $6059.05
2026-01-18 17:26:15,409 - INFO - [지표] ADX=nan, Bull=nan, Bear=nan
2026-01-18 17:30:00,336 - INFO - [EMA] 증분계산: prev=95058.27, close=95046.0, new=95057.33
2026-01-18 17:30:00,345 - INFO - 15m | 08:15 | O:94989.6 H:95048.0 L:94975.3 C:95046.0
2026-01-18 17:30:00,346 - INFO - 지표: ADX=16.1, ATR=75.4, Bull=False, Bear=True
2026-01-18 17:31:15,413 - INFO - [상태] 포지션 없음, 자본금: $6059.05
2026-01-18 17:31:15,413 - INFO - [지표] ADX=nan, Bull=nan, Bear=nan
2026-01-18 17:36:15,416 - INFO - [상태] 포지션 없음, 자본금: $6059.05
2026-01-18 17:36:15,416 - INFO - [지표] ADX=nan, Bull=nan, Bear=nan
2026-01-18 17:41:15,417 - INFO - [상태] 포지션 없음, 자본금: $6059.05
2026-01-18 17:41:15,418 - INFO - [지표] ADX=nan, Bull=nan, Bear=nan
2026-01-18 17:45:00,606 - INFO - [EMA] 증분계산: prev=95057.33, close=95099.5, new=95060.57
2026-01-18 17:45:00,612 - INFO - 15m | 08:30 | O:95046.1 H:95140.0 L:95040.9 C:95099.5
2026-01-18 17:45:00,612 - INFO - 지표: ADX=15.7, ATR=77.4, Bull=False, Bear=True
2026-01-18 17:46:15,419 - INFO - [상태] 포지션 없음, 자본금: $6059.05
2026-01-18 17:46:15,419 - INFO - [지표] ADX=nan, Bull=nan, Bear=nan
2026-01-18 17:51:15,420 - INFO - [상태] 포지션 없음, 자본금: $6059.05
2026-01-18 17:51:15,421 - INFO - [지표] ADX=nan, Bull=nan, Bear=nan
2026-01-18 17:56:15,421 - INFO - [상태] 포지션 없음, 자본금: $6059.05
2026-01-18 17:56:15,422 - INFO - [지표] ADX=nan, Bull=nan, Bear=nan
2026-01-18 18:00:00,080 - INFO - [EMA] 증분계산: prev=95060.57, close=95114.0, new=95064.68
2026-01-18 18:00:00,090 - INFO - 15m | 08:45 | O:95099.6 H:95132.5 L:95086.9 C:95114.0
2026-01-18 18:00:00,090 - INFO - 지표: ADX=15.4, ATR=74.7, Bull=False, Bear=True
2026-01-18 18:01:15,423 - INFO - [상태] 포지션 없음, 자본금: $6059.05
2026-01-18 18:01:15,423 - INFO - [지표] ADX=nan, Bull=nan, Bear=nan
2026-01-18 18:06:15,425 - INFO - [상태] 포지션 없음, 자본금: $6059.05
2026-01-18 18:06:15,425 - INFO - [지표] ADX=nan, Bull=nan, Bear=nan
2026-01-18 18:11:15,426 - INFO - [상태] 포지션 없음, 자본금: $6059.05
2026-01-18 18:11:15,426 - INFO - [지표] ADX=nan, Bull=nan, Bear=nan
2026-01-18 18:15:00,084 - INFO - [EMA] 증분계산: prev=95064.68, close=95125.0, new=95069.32
2026-01-18 18:15:00,090 - INFO - 15m | 09:00 | O:95114.0 H:95128.5 L:95080.0 C:95125.0
2026-01-18 18:15:00,091 - INFO - 지표: ADX=14.9, ATR=72.6, Bull=False, Bear=True
2026-01-18 18:16:15,428 - INFO - [상태] 포지션 없음, 자본금: $6059.05
2026-01-18 18:16:15,428 - INFO - [지표] ADX=nan, Bull=nan, Bear=nan
2026-01-18 18:21:15,429 - INFO - [상태] 포지션 없음, 자본금: $6059.05
2026-01-18 18:21:15,430 - INFO - [지표] ADX=nan, Bull=nan, Bear=nan
2026-01-18 18:26:15,431 - INFO - [상태] 포지션 없음, 자본금: $6059.05
2026-01-18 18:26:15,431 - INFO - [지표] ADX=nan, Bull=nan, Bear=nan
2026-01-18 18:30:00,055 - INFO - [EMA] 증분계산: prev=95069.32, close=95123.3, new=95073.47
2026-01-18 18:30:00,062 - INFO - 15m | 09:15 | O:95125.0 H:95176.9 L:95117.4 C:95123.3
2026-01-18 18:30:00,062 - INFO - 지표: ADX=15.2, ATR=71.5, Bull=False, Bear=True
2026-01-18 18:31:15,432 - INFO - [상태] 포지션 없음, 자본금: $6059.05
2026-01-18 18:31:15,432 - INFO - [지표] ADX=nan, Bull=nan, Bear=nan
2026-01-18 18:36:15,434 - INFO - [상태] 포지션 없음, 자본금: $6059.05
2026-01-18 18:36:15,434 - INFO - [지표] ADX=nan, Bull=nan, Bear=nan
2026-01-18 18:41:15,435 - INFO - [상태] 포지션 없음, 자본금: $6059.05
2026-01-18 18:41:15,435 - INFO - [지표] ADX=nan, Bull=nan, Bear=nan
2026-01-18 18:45:00,036 - INFO - [EMA] 증분계산: prev=95073.47, close=95173.2, new=95081.15
2026-01-18 18:45:00,043 - INFO - 15m | 09:30 | O:95123.4 H:95218.3 L:95123.4 C:95173.2
2026-01-18 18:45:00,043 - INFO - 지표: ADX=15.9, ATR=73.4, Bull=False, Bear=True
2026-01-18 18:46:15,436 - INFO - [상태] 포지션 없음, 자본금: $6059.05
2026-01-18 18:46:15,437 - INFO - [지표] ADX=nan, Bull=nan, Bear=nan
2026-01-18 18:51:15,438 - INFO - [상태] 포지션 없음, 자본금: $6059.05
2026-01-18 18:51:15,438 - INFO - [지표] ADX=nan, Bull=nan, Bear=nan
2026-01-18 18:56:15,439 - INFO - [상태] 포지션 없음, 자본금: $6059.05
2026-01-18 18:56:15,439 - INFO - [지표] ADX=nan, Bull=nan, Bear=nan
2026-01-18 19:00:00,111 - INFO - [EMA] 증분계산: prev=95081.15, close=95199.1, new=95090.22
2026-01-18 19:00:00,118 - INFO - 15m | 09:45 | O:95173.2 H:95220.0 L:95173.2 C:95199.1
2026-01-18 19:00:00,118 - INFO - 지표: ADX=16.6, ATR=71.2, Bull=False, Bear=True
2026-01-18 19:01:15,441 - INFO - [상태] 포지션 없음, 자본금: $6059.05
2026-01-18 19:01:15,441 - INFO - [지표] ADX=nan, Bull=nan, Bear=nan
2026-01-18 19:06:15,443 - INFO - [상태] 포지션 없음, 자본금: $6059.05
2026-01-18 19:06:15,443 - INFO - [지표] ADX=nan, Bull=nan, Bear=nan
2026-01-18 19:11:15,445 - INFO - [상태] 포지션 없음, 자본금: $6059.05
2026-01-18 19:11:15,446 - INFO - [지표] ADX=nan, Bull=nan, Bear=nan
2026-01-18 19:15:00,301 - INFO - [EMA] 증분계산: prev=95090.22, close=95082.3, new=95089.61
2026-01-18 19:15:00,307 - INFO - 15m | 10:00 | O:95199.1 H:95240.0 L:95018.0 C:95082.3
2026-01-18 19:15:00,308 - INFO - 지표: ADX=16.0, ATR=83.8, Bull=False, Bear=True
2026-01-18 19:16:15,447 - INFO - [상태] 포지션 없음, 자본금: $6059.05
2026-01-18 19:16:15,447 - INFO - [지표] ADX=nan, Bull=nan, Bear=nan
2026-01-18 19:21:15,449 - INFO - [상태] 포지션 없음, 자본금: $6059.05
2026-01-18 19:21:15,450 - INFO - [지표] ADX=nan, Bull=nan, Bear=nan
2026-01-18 19:26:15,451 - INFO - [상태] 포지션 없음, 자본금: $6059.05
2026-01-18 19:26:15,451 - INFO - [지표] ADX=nan, Bull=nan, Bear=nan
2026-01-18 19:30:01,034 - INFO - [EMA] 증분계산: prev=95089.61, close=95079.7, new=95088.85
2026-01-18 19:30:01,043 - INFO - 15m | 10:15 | O:95082.3 H:95097.4 L:95051.0 C:95079.7
2026-01-18 19:30:01,043 - INFO - 지표: ADX=15.5, ATR=80.7, Bull=False, Bear=True
2026-01-18 19:31:15,454 - INFO - [상태] 포지션 없음, 자본금: $6059.05
2026-01-18 19:31:15,455 - INFO - [지표] ADX=nan, Bull=nan, Bear=nan
2026-01-18 19:36:15,458 - INFO - [상태] 포지션 없음, 자본금: $6059.05
2026-01-18 19:36:15,458 - INFO - [지표] ADX=nan, Bull=nan, Bear=nan
2026-01-18 19:41:15,460 - INFO - [상태] 포지션 없음, 자본금: $6059.05
2026-01-18 19:41:15,460 - INFO - [지표] ADX=nan, Bull=nan, Bear=nan
2026-01-18 19:45:01,870 - INFO - [EMA] 증분계산: prev=95088.85, close=95117.0, new=95091.01
2026-01-18 19:45:01,877 - INFO - 15m | 10:30 | O:95079.7 H:95123.4 L:95057.4 C:95117.0
2026-01-18 19:45:01,877 - INFO - 지표: ADX=14.6, ATR=79.4, Bull=False, Bear=True
2026-01-18 19:46:15,461 - INFO - [상태] 포지션 없음, 자본금: $6059.05
2026-01-18 19:46:15,462 - INFO - [지표] ADX=nan, Bull=nan, Bear=nan
2026-01-18 19:51:15,464 - INFO - [상태] 포지션 없음, 자본금: $6059.05
2026-01-18 19:51:15,464 - INFO - [지표] ADX=nan, Bull=nan, Bear=nan
2026-01-18 19:56:15,466 - INFO - [상태] 포지션 없음, 자본금: $6059.05
2026-01-18 19:56:15,467 - INFO - [지표] ADX=nan, Bull=nan, Bear=nan
2026-01-18 20:00:03,041 - INFO - [EMA] 증분계산: prev=95091.01, close=95110.9, new=95092.54
2026-01-18 20:00:03,050 - INFO - 15m | 10:45 | O:95117.0 H:95128.5 L:95090.0 C:95110.9
2026-01-18 20:00:03,050 - INFO - 지표: ADX=13.7, ATR=76.0, Bull=False, Bear=True
2026-01-18 20:01:15,474 - INFO - [상태] 포지션 없음, 자본금: $6059.05
2026-01-18 20:01:15,474 - INFO - [지표] ADX=nan, Bull=nan, Bear=nan
2026-01-18 20:06:15,480 - INFO - [상태] 포지션 없음, 자본금: $6059.05
2026-01-18 20:06:15,480 - INFO - [지표] ADX=nan, Bull=nan, Bear=nan
2026-01-18 20:11:15,481 - INFO - [상태] 포지션 없음, 자본금: $6059.05
2026-01-18 20:11:15,482 - INFO - [지표] ADX=nan, Bull=nan, Bear=nan
2026-01-18 20:15:01,093 - INFO - [EMA] 증분계산: prev=95092.54, close=95068.0, new=95090.65
2026-01-18 20:15:01,102 - INFO - 15m | 11:00 | O:95110.8 H:95110.8 L:95040.0 C:95068.0
2026-01-18 20:15:01,103 - INFO - 지표: ADX=13.6, ATR=75.6, Bull=False, Bear=True
2026-01-18 20:16:15,483 - INFO - [상태] 포지션 없음, 자본금: $6059.05
2026-01-18 20:16:15,484 - INFO - [지표] ADX=nan, Bull=nan, Bear=nan
2026-01-18 20:21:15,487 - INFO - [상태] 포지션 없음, 자본금: $6059.05
2026-01-18 20:21:15,487 - INFO - [지표] ADX=nan, Bull=nan, Bear=nan
2026-01-18 20:26:15,493 - INFO - [상태] 포지션 없음, 자본금: $6059.05
2026-01-18 20:26:15,493 - INFO - [지표] ADX=nan, Bull=nan, Bear=nan
2026-01-18 20:30:01,974 - INFO - [EMA] 증분계산: prev=95090.65, close=95042.7, new=95086.97
2026-01-18 20:30:01,983 - INFO - 15m | 11:15 | O:95068.0 H:95070.7 L:95030.0 C:95042.7
2026-01-18 20:30:01,984 - INFO - 지표: ADX=13.6, ATR=72.7, Bull=False, Bear=True
2026-01-18 20:31:15,494 - INFO - [상태] 포지션 없음, 자본금: $6059.05
2026-01-18 20:31:15,495 - INFO - [지표] ADX=nan, Bull=nan, Bear=nan
2026-01-18 20:36:15,500 - INFO - [상태] 포지션 없음, 자본금: $6059.05
2026-01-18 20:36:15,500 - INFO - [지표] ADX=nan, Bull=nan, Bear=nan
2026-01-18 20:41:15,502 - INFO - [상태] 포지션 없음, 자본금: $6059.05
2026-01-18 20:41:15,502 - INFO - [지표] ADX=nan, Bull=nan, Bear=nan
2026-01-18 20:45:00,088 - INFO - [EMA] 증분계산: prev=95086.97, close=95056.4, new=95084.61
2026-01-18 20:45:00,095 - INFO - 15m | 11:30 | O:95042.7 H:95090.8 L:95005.0 C:95056.4
2026-01-18 20:45:00,095 - INFO - 지표: ADX=13.9, ATR=73.8, Bull=False, Bear=True
2026-01-18 20:46:15,506 - INFO - [상태] 포지션 없음, 자본금: $6059.05
2026-01-18 20:46:15,507 - INFO - [지표] ADX=nan, Bull=nan, Bear=nan
2026-01-18 20:51:15,510 - INFO - [상태] 포지션 없음, 자본금: $6059.05
2026-01-18 20:51:15,510 - INFO - [지표] ADX=nan, Bull=nan, Bear=nan
2026-01-18 20:56:15,511 - INFO - [상태] 포지션 없음, 자본금: $6059.05
2026-01-18 20:56:15,512 - INFO - [지표] ADX=nan, Bull=nan, Bear=nan
2026-01-18 21:00:00,052 - INFO - [EMA] 증분계산: prev=95084.61, close=95106.7, new=95086.31
2026-01-18 21:00:00,061 - INFO - 15m | 11:45 | O:95056.4 H:95121.2 L:95045.1 C:95106.7
2026-01-18 21:00:00,061 - INFO - 지표: ADX=13.7, ATR=74.0, Bull=False, Bear=True
2026-01-18 21:01:15,514 - INFO - [상태] 포지션 없음, 자본금: $6059.05
2026-01-18 21:01:15,514 - INFO - [지표] ADX=nan, Bull=nan, Bear=nan
2026-01-18 21:06:15,514 - INFO - [상태] 포지션 없음, 자본금: $6059.05
2026-01-18 21:06:15,515 - INFO - [지표] ADX=nan, Bull=nan, Bear=nan
2026-01-18 21:11:15,519 - INFO - [상태] 포지션 없음, 자본금: $6059.05
2026-01-18 21:11:15,519 - INFO - [지표] ADX=nan, Bull=nan, Bear=nan
2026-01-18 21:15:00,269 - INFO - [EMA] 증분계산: prev=95086.31, close=95056.1, new=95083.99
2026-01-18 21:15:00,276 - INFO - 15m | 12:00 | O:95106.6 H:95121.9 L:95053.8 C:95056.1
2026-01-18 21:15:00,276 - INFO - 지표: ADX=13.4, ATR=73.5, Bull=False, Bear=True
2026-01-18 21:16:15,520 - INFO - [상태] 포지션 없음, 자본금: $6059.05
2026-01-18 21:16:15,520 - INFO - [지표] ADX=nan, Bull=nan, Bear=nan
2026-01-18 21:21:15,523 - INFO - [상태] 포지션 없음, 자본금: $6059.05
2026-01-18 21:21:15,523 - INFO - [지표] ADX=nan, Bull=nan, Bear=nan
2026-01-18 21:26:15,528 - INFO - [상태] 포지션 없음, 자본금: $6059.05
2026-01-18 21:26:15,528 - INFO - [지표] ADX=nan, Bull=nan, Bear=nan
2026-01-18 21:30:03,044 - INFO - [EMA] 증분계산: prev=95083.99, close=95079.9, new=95083.67
2026-01-18 21:30:03,054 - INFO - 15m | 12:15 | O:95056.1 H:95084.8 L:95036.9 C:95079.9
2026-01-18 21:30:03,054 - INFO - 지표: ADX=13.5, ATR=71.4, Bull=False, Bear=True
2026-01-18 21:31:15,539 - INFO - [상태] 포지션 없음, 자본금: $6059.05
2026-01-18 21:31:15,539 - INFO - [지표] ADX=nan, Bull=nan, Bear=nan
2026-01-18 21:36:15,550 - INFO - [상태] 포지션 없음, 자본금: $6059.05
2026-01-18 21:36:15,550 - INFO - [지표] ADX=nan, Bull=nan, Bear=nan
2026-01-18 21:41:15,554 - INFO - [상태] 포지션 없음, 자본금: $6059.05
2026-01-18 21:41:15,554 - INFO - [지표] ADX=nan, Bull=nan, Bear=nan
2026-01-18 21:45:00,393 - INFO - [EMA] 증분계산: prev=95083.67, close=95100.0, new=95084.93
2026-01-18 21:45:00,403 - INFO - 15m | 12:30 | O:95079.8 H:95115.3 L:95055.0 C:95100.0
2026-01-18 21:45:00,403 - INFO - 지표: ADX=12.9, ATR=70.4, Bull=False, Bear=True
2026-01-18 21:46:15,555 - INFO - [상태] 포지션 없음, 자본금: $6059.05
2026-01-18 21:46:15,556 - INFO - [지표] ADX=nan, Bull=nan, Bear=nan
2026-01-18 21:51:15,556 - INFO - [상태] 포지션 없음, 자본금: $6059.05
2026-01-18 21:51:15,557 - INFO - [지표] ADX=nan, Bull=nan, Bear=nan
2026-01-18 21:56:15,558 - INFO - [상태] 포지션 없음, 자본금: $6059.05
2026-01-18 21:56:15,558 - INFO - [지표] ADX=nan, Bull=nan, Bear=nan
2026-01-18 22:00:00,098 - INFO - [EMA] 증분계산: prev=95084.93, close=95040.9, new=95081.54
2026-01-18 22:00:00,107 - INFO - 15m | 12:45 | O:95100.0 H:95102.9 L:95016.0 C:95040.9
2026-01-18 22:00:00,107 - INFO - 지표: ADX=13.0, ATR=71.8, Bull=False, Bear=True
2026-01-18 22:01:15,561 - INFO - [상태] 포지션 없음, 자본금: $6059.05
2026-01-18 22:01:15,562 - INFO - [지표] ADX=nan, Bull=nan, Bear=nan
2026-01-18 22:06:15,565 - INFO - [상태] 포지션 없음, 자본금: $6059.05
2026-01-18 22:06:15,565 - INFO - [지표] ADX=nan, Bull=nan, Bear=nan
2026-01-18 22:11:15,568 - INFO - [상태] 포지션 없음, 자본금: $6059.05
2026-01-18 22:11:15,568 - INFO - [지표] ADX=nan, Bull=nan, Bear=nan
2026-01-18 22:15:00,527 - INFO - [EMA] 증분계산: prev=95081.54, close=94986.5, new=95074.23
2026-01-18 22:15:00,534 - INFO - 15m | 13:00 | O:95040.9 H:95056.0 L:94921.3 C:94986.5
2026-01-18 22:15:00,534 - INFO - 지표: ADX=14.3, ATR=77.0, Bull=False, Bear=True
2026-01-18 22:16:15,576 - INFO - [상태] 포지션 없음, 자본금: $6059.05
2026-01-18 22:16:15,577 - INFO - [지표] ADX=nan, Bull=nan, Bear=nan
2026-01-18 22:21:15,587 - INFO - [상태] 포지션 없음, 자본금: $6059.05
2026-01-18 22:21:15,587 - INFO - [지표] ADX=nan, Bull=nan, Bear=nan
2026-01-18 22:26:15,590 - INFO - [상태] 포지션 없음, 자본금: $6059.05
2026-01-18 22:26:15,590 - INFO - [지표] ADX=nan, Bull=nan, Bear=nan
2026-01-18 22:30:01,160 - INFO - [EMA] 증분계산: prev=95074.23, close=94907.0, new=95061.37
2026-01-18 22:30:01,167 - INFO - 15m | 13:15 | O:94986.5 H:94999.6 L:94836.0 C:94907.0
2026-01-18 22:30:01,167 - INFO - 지표: ADX=16.2, ATR=84.3, Bull=False, Bear=True
2026-01-18 22:31:15,592 - INFO - [상태] 포지션 없음, 자본금: $6059.05
2026-01-18 22:31:15,592 - INFO - [지표] ADX=nan, Bull=nan, Bear=nan
2026-01-18 22:36:15,594 - INFO - [상태] 포지션 없음, 자본금: $6059.05
2026-01-18 22:36:15,594 - INFO - [지표] ADX=nan, Bull=nan, Bear=nan
2026-01-18 22:41:15,597 - INFO - [상태] 포지션 없음, 자본금: $6059.05
2026-01-18 22:41:15,597 - INFO - [지표] ADX=nan, Bull=nan, Bear=nan
2026-01-18 22:45:00,414 - INFO - [EMA] 증분계산: prev=95061.37, close=95093.9, new=95063.87
2026-01-18 22:45:00,421 - INFO - 15m | 13:30 | O:94907.0 H:95127.9 L:94882.3 C:95093.9
2026-01-18 22:45:00,421 - INFO - 지표: ADX=16.0, ATR=97.7, Bull=False, Bear=True
2026-01-18 22:46:15,598 - INFO - [상태] 포지션 없음, 자본금: $6059.05
2026-01-18 22:46:15,598 - INFO - [지표] ADX=nan, Bull=nan, Bear=nan
2026-01-18 22:51:15,599 - INFO - [상태] 포지션 없음, 자본금: $6059.05
2026-01-18 22:51:15,600 - INFO - [지표] ADX=nan, Bull=nan, Bear=nan
2026-01-18 22:56:15,600 - INFO - [상태] 포지션 없음, 자본금: $6059.05
2026-01-18 22:56:15,600 - INFO - [지표] ADX=nan, Bull=nan, Bear=nan
2026-01-18 23:00:00,090 - INFO - [EMA] 증분계산: prev=95063.87, close=95084.7, new=95065.47
2026-01-18 23:00:00,100 - INFO - 15m | 13:45 | O:95094.0 H:95145.9 L:95079.8 C:95084.7
2026-01-18 23:00:00,100 - INFO - 지표: ADX=15.5, ATR=95.1, Bull=False, Bear=True
2026-01-18 23:01:15,601 - INFO - [상태] 포지션 없음, 자본금: $6059.05
2026-01-18 23:01:15,602 - INFO - [지표] ADX=nan, Bull=nan, Bear=nan
2026-01-18 23:06:15,603 - INFO - [상태] 포지션 없음, 자본금: $6059.05
2026-01-18 23:06:15,604 - INFO - [지표] ADX=nan, Bull=nan, Bear=nan
2026-01-18 23:11:15,605 - INFO - [상태] 포지션 없음, 자본금: $6059.05
2026-01-18 23:11:15,606 - INFO - [지표] ADX=nan, Bull=nan, Bear=nan
2026-01-18 23:15:00,122 - INFO - [EMA] 증분계산: prev=95065.47, close=95166.1, new=95073.21
2026-01-18 23:15:00,132 - INFO - 15m | 14:00 | O:95084.7 H:95173.9 L:95064.2 C:95166.1
2026-01-18 23:15:00,132 - INFO - 지표: ADX=14.7, ATR=96.3, Bull=False, Bear=True
2026-01-18 23:16:15,606 - INFO - [상태] 포지션 없음, 자본금: $6059.05
2026-01-18 23:16:15,607 - INFO - [지표] ADX=nan, Bull=nan, Bear=nan
2026-01-18 23:21:15,608 - INFO - [상태] 포지션 없음, 자본금: $6059.05
2026-01-18 23:21:15,608 - INFO - [지표] ADX=nan, Bull=nan, Bear=nan
2026-01-18 23:26:15,610 - INFO - [상태] 포지션 없음, 자본금: $6059.05
2026-01-18 23:26:15,610 - INFO - [지표] ADX=nan, Bull=nan, Bear=nan
2026-01-18 23:30:00,295 - INFO - [EMA] 증분계산: prev=95073.21, close=95114.1, new=95076.36
2026-01-18 23:30:00,302 - INFO - 15m | 14:15 | O:95166.0 H:95297.9 L:95070.8 C:95114.1
2026-01-18 23:30:00,302 - INFO - 지표: ADX=14.7, ATR=107.2, Bull=False, Bear=True
2026-01-18 23:31:15,614 - INFO - [상태] 포지션 없음, 자본금: $6059.05
2026-01-18 23:31:15,614 - INFO - [지표] ADX=nan, Bull=nan, Bear=nan
2026-01-18 23:36:15,617 - INFO - [상태] 포지션 없음, 자본금: $6059.05
2026-01-18 23:36:15,618 - INFO - [지표] ADX=nan, Bull=nan, Bear=nan
2026-01-18 23:41:15,620 - INFO - [상태] 포지션 없음, 자본금: $6059.05
2026-01-18 23:41:15,621 - INFO - [지표] ADX=nan, Bull=nan, Bear=nan
2026-01-18 23:45:00,957 - INFO - [EMA] 증분계산: prev=95076.36, close=95068.6, new=95075.76
2026-01-18 23:45:00,964 - INFO - 15m | 14:30 | O:95114.2 H:95200.7 L:95063.6 C:95068.6
2026-01-18 23:45:00,964 - INFO - 지표: ADX=14.7, ATR=109.7, Bull=False, Bear=True
2026-01-18 23:46:15,629 - INFO - [상태] 포지션 없음, 자본금: $6059.05
2026-01-18 23:46:15,629 - INFO - [지표] ADX=nan, Bull=nan, Bear=nan
2026-01-18 23:51:15,631 - INFO - [상태] 포지션 없음, 자본금: $6059.05
2026-01-18 23:51:15,631 - INFO - [지표] ADX=nan, Bull=nan, Bear=nan
2026-01-18 23:56:15,634 - INFO - [상태] 포지션 없음, 자본금: $6059.05
2026-01-18 23:56:15,635 - INFO - [지표] ADX=nan, Bull=nan, Bear=nan
2026-01-19 00:00:00,201 - INFO - [EMA] 증분계산: prev=95075.76, close=94891.9, new=95061.62
2026-01-19 00:00:00,208 - INFO - 15m | 14:45 | O:95068.5 H:95068.6 L:94858.3 C:94891.9
2026-01-19 00:00:00,208 - INFO - 지표: ADX=14.8, ATR=118.1, Bull=False, Bear=True
2026-01-19 00:01:15,636 - INFO - [상태] 포지션 없음, 자본금: $6059.05
2026-01-19 00:01:15,636 - INFO - [지표] ADX=nan, Bull=nan, Bear=nan
2026-01-19 00:06:15,637 - INFO - [상태] 포지션 없음, 자본금: $6059.05
2026-01-19 00:06:15,637 - INFO - [지표] ADX=nan, Bull=nan, Bear=nan
2026-01-19 00:11:15,639 - INFO - [상태] 포지션 없음, 자본금: $6059.05
2026-01-19 00:11:15,639 - INFO - [지표] ADX=nan, Bull=nan, Bear=nan
2026-01-19 00:15:01,107 - INFO - [EMA] 증분계산: prev=95061.62, close=94953.3, new=95053.29
2026-01-19 00:15:01,114 - INFO - 15m | 15:00 | O:94891.9 H:94964.3 L:94846.9 C:94953.3
2026-01-19 00:15:01,114 - INFO - 지표: ADX=14.9, ATR=118.0, Bull=False, Bear=True
2026-01-19 00:16:15,640 - INFO - [상태] 포지션 없음, 자본금: $6059.05
2026-01-19 00:16:15,640 - INFO - [지표] ADX=nan, Bull=nan, Bear=nan
2026-01-19 00:21:15,642 - INFO - [상태] 포지션 없음, 자본금: $6059.05
2026-01-19 00:21:15,643 - INFO - [지표] ADX=nan, Bull=nan, Bear=nan
2026-01-19 00:26:15,645 - INFO - [상태] 포지션 없음, 자본금: $6059.05
2026-01-19 00:26:15,645 - INFO - [지표] ADX=nan, Bull=nan, Bear=nan
2026-01-19 00:30:00,577 - INFO - [EMA] 증분계산: prev=95053.29, close=94997.8, new=95049.02
2026-01-19 00:30:00,586 - INFO - 15m | 15:15 | O:94953.4 H:95002.6 L:94928.0 C:94997.8
2026-01-19 00:30:00,587 - INFO - 지표: ADX=14.6, ATR=114.4, Bull=False, Bear=True
2026-01-19 00:31:15,647 - INFO - [상태] 포지션 없음, 자본금: $6059.05
2026-01-19 00:31:15,648 - INFO - [지표] ADX=nan, Bull=nan, Bear=nan
2026-01-19 00:36:15,653 - INFO - [상태] 포지션 없음, 자본금: $6059.05
2026-01-19 00:36:15,654 - INFO - [지표] ADX=nan, Bull=nan, Bear=nan
2026-01-19 00:41:15,656 - INFO - [상태] 포지션 없음, 자본금: $6059.05
2026-01-19 00:41:15,656 - INFO - [지표] ADX=nan, Bull=nan, Bear=nan
2026-01-19 00:45:01,237 - INFO - [EMA] 증분계산: prev=95049.02, close=94979.0, new=95043.63
2026-01-19 00:45:01,247 - INFO - 15m | 15:30 | O:94997.9 H:95058.0 L:94966.3 C:94979.0
2026-01-19 00:45:01,247 - INFO - 지표: ADX=13.8, ATR=112.5, Bull=False, Bear=True
2026-01-19 00:46:15,657 - INFO - [상태] 포지션 없음, 자본금: $6059.05
2026-01-19 00:46:15,658 - INFO - [지표] ADX=nan, Bull=nan, Bear=nan
2026-01-19 00:51:15,668 - INFO - [상태] 포지션 없음, 자본금: $6059.05
2026-01-19 00:51:15,668 - INFO - [지표] ADX=nan, Bull=nan, Bear=nan
2026-01-19 00:56:15,672 - INFO - [상태] 포지션 없음, 자본금: $6059.05
2026-01-19 00:56:15,672 - INFO - [지표] ADX=nan, Bull=nan, Bear=nan
2026-01-19 01:00:01,930 - INFO - [EMA] 증분계산: prev=95043.63, close=95046.4, new=95043.85
2026-01-19 01:00:01,939 - INFO - 15m | 15:45 | O:94977.8 H:95057.5 L:94969.0 C:95046.4
2026-01-19 01:00:01,939 - INFO - 지표: ADX=13.0, ATR=110.5, Bull=False, Bear=True
2026-01-19 01:01:15,673 - INFO - [상태] 포지션 없음, 자본금: $6059.05
2026-01-19 01:01:15,674 - INFO - [지표] ADX=nan, Bull=nan, Bear=nan
2026-01-19 01:06:15,677 - INFO - [상태] 포지션 없음, 자본금: $6059.05
2026-01-19 01:06:15,678 - INFO - [지표] ADX=nan, Bull=nan, Bear=nan
2026-01-19 01:11:15,681 - INFO - [상태] 포지션 없음, 자본금: $6059.05
2026-01-19 01:11:15,681 - INFO - [지표] ADX=nan, Bull=nan, Bear=nan
2026-01-19 01:15:02,278 - INFO - [EMA] 증분계산: prev=95043.85, close=95089.5, new=95047.36
2026-01-19 01:15:02,285 - INFO - 15m | 16:00 | O:95046.4 H:95129.4 L:95001.1 C:95089.5
2026-01-19 01:15:02,285 - INFO - 지표: ADX=12.6, ATR=112.0, Bull=False, Bear=True
2026-01-19 01:16:15,683 - INFO - [상태] 포지션 없음, 자본금: $6059.05
2026-01-19 01:16:15,684 - INFO - [지표] ADX=nan, Bull=nan, Bear=nan
2026-01-19 01:21:15,685 - INFO - [상태] 포지션 없음, 자본금: $6059.05
2026-01-19 01:21:15,686 - INFO - [지표] ADX=nan, Bull=nan, Bear=nan
2026-01-19 01:26:15,692 - INFO - [상태] 포지션 없음, 자본금: $6059.05
2026-01-19 01:26:15,693 - INFO - [지표] ADX=nan, Bull=nan, Bear=nan
2026-01-19 01:30:02,465 - INFO - [EMA] 증분계산: prev=95047.36, close=95029.9, new=95046.01
2026-01-19 01:30:02,475 - INFO - 15m | 16:15 | O:95089.5 H:95119.9 L:95012.8 C:95029.9
2026-01-19 01:30:02,475 - INFO - 지표: ADX=12.3, ATR=111.6, Bull=False, Bear=True
2026-01-19 01:31:15,695 - INFO - [상태] 포지션 없음, 자본금: $6059.05
2026-01-19 01:31:15,695 - INFO - [지표] ADX=nan, Bull=nan, Bear=nan
2026-01-19 01:36:15,696 - INFO - [상태] 포지션 없음, 자본금: $6059.05
2026-01-19 01:36:15,697 - INFO - [지표] ADX=nan, Bull=nan, Bear=nan
2026-01-19 01:41:15,700 - INFO - [상태] 포지션 없음, 자본금: $6059.05
2026-01-19 01:41:15,701 - INFO - [지표] ADX=nan, Bull=nan, Bear=nan
2026-01-19 01:45:01,384 - INFO - [EMA] 증분계산: prev=95046.01, close=95115.9, new=95051.39
2026-01-19 01:45:01,391 - INFO - 15m | 16:30 | O:95027.3 H:95125.4 L:95006.2 C:95115.9
2026-01-19 01:45:01,391 - INFO - 지표: ADX=11.9, ATR=112.2, Bull=False, Bear=True
2026-01-19 01:46:15,702 - INFO - [상태] 포지션 없음, 자본금: $6059.05
2026-01-19 01:46:15,702 - INFO - [지표] ADX=nan, Bull=nan, Bear=nan
2026-01-19 01:51:15,703 - INFO - [상태] 포지션 없음, 자본금: $6059.05
2026-01-19 01:51:15,704 - INFO - [지표] ADX=nan, Bull=nan, Bear=nan
2026-01-19 01:56:15,705 - INFO - [상태] 포지션 없음, 자본금: $6059.05
2026-01-19 01:56:15,706 - INFO - [지표] ADX=nan, Bull=nan, Bear=nan
2026-01-19 02:00:01,360 - INFO - [EMA] 증분계산: prev=95051.39, close=95104.8, new=95055.50
2026-01-19 02:00:01,370 - INFO - 15m | 16:45 | O:95115.9 H:95122.8 L:95056.3 C:95104.8
2026-01-19 02:00:01,370 - INFO - 지표: ADX=11.5, ATR=108.4, Bull=False, Bear=True
2026-01-19 02:01:15,708 - INFO - [상태] 포지션 없음, 자본금: $6059.05
2026-01-19 02:01:15,708 - INFO - [지표] ADX=nan, Bull=nan, Bear=nan
2026-01-19 02:06:15,710 - INFO - [상태] 포지션 없음, 자본금: $6059.05
2026-01-19 02:06:15,710 - INFO - [지표] ADX=nan, Bull=nan, Bear=nan
2026-01-19 02:11:15,711 - INFO - [상태] 포지션 없음, 자본금: $6059.05
2026-01-19 02:11:15,712 - INFO - [지표] ADX=nan, Bull=nan, Bear=nan
2026-01-19 02:15:00,056 - INFO - [EMA] 증분계산: prev=95055.50, close=95080.7, new=95057.44
2026-01-19 02:15:00,062 - INFO - 15m | 17:00 | O:95104.7 H:95170.6 L:95075.7 C:95080.7
2026-01-19 02:15:00,063 - INFO - 지표: ADX=11.7, ATR=107.3, Bull=False, Bear=True
2026-01-19 02:16:15,712 - INFO - [상태] 포지션 없음, 자본금: $6059.05
2026-01-19 02:16:15,713 - INFO - [지표] ADX=nan, Bull=nan, Bear=nan
2026-01-19 02:21:15,714 - INFO - [상태] 포지션 없음, 자본금: $6059.05
2026-01-19 02:21:15,714 - INFO - [지표] ADX=nan, Bull=nan, Bear=nan
2026-01-19 02:26:15,716 - INFO - [상태] 포지션 없음, 자본금: $6059.05
2026-01-19 02:26:15,717 - INFO - [지표] ADX=nan, Bull=nan, Bear=nan
2026-01-19 02:30:01,751 - INFO - [EMA] 증분계산: prev=95057.44, close=95193.9, new=95067.93
2026-01-19 02:30:01,760 - INFO - 15m | 17:15 | O:95080.8 H:95218.4 L:95080.8 C:95193.9
2026-01-19 02:30:01,760 - INFO - 지표: ADX=12.4, ATR=109.8, Bull=False, Bear=False
2026-01-19 02:31:15,719 - INFO - [상태] 포지션 없음, 자본금: $6059.05
2026-01-19 02:31:15,719 - INFO - [지표] ADX=nan, Bull=nan, Bear=nan
2026-01-19 02:36:15,721 - INFO - [상태] 포지션 없음, 자본금: $6059.05
2026-01-19 02:36:15,722 - INFO - [지표] ADX=nan, Bull=nan, Bear=nan
2026-01-19 02:41:15,733 - INFO - [상태] 포지션 없음, 자본금: $6059.05
2026-01-19 02:41:15,733 - INFO - [지표] ADX=nan, Bull=nan, Bear=nan
2026-01-19 02:45:03,039 - INFO - [EMA] 증분계산: prev=95067.93, close=95128.4, new=95072.59
2026-01-19 02:45:03,046 - INFO - 15m | 17:30 | O:95193.8 H:95214.2 L:95120.0 C:95128.4
2026-01-19 02:45:03,046 - INFO - 지표: ADX=13.1, ATR=108.5, Bull=False, Bear=True
2026-01-19 02:46:15,742 - INFO - [상태] 포지션 없음, 자본금: $6059.05
2026-01-19 02:46:15,742 - INFO - [지표] ADX=nan, Bull=nan, Bear=nan
2026-01-19 02:51:15,744 - INFO - [상태] 포지션 없음, 자본금: $6059.05
2026-01-19 02:51:15,744 - INFO - [지표] ADX=nan, Bull=nan, Bear=nan
2026-01-19 02:56:15,748 - INFO - [상태] 포지션 없음, 자본금: $6059.05
2026-01-19 02:56:15,749 - INFO - [지표] ADX=nan, Bull=nan, Bear=nan
2026-01-19 03:00:01,141 - INFO - [EMA] 증분계산: prev=95072.59, close=95196.0, new=95082.08
2026-01-19 03:00:01,148 - INFO - 15m | 17:45 | O:95128.7 H:95206.7 L:95124.8 C:95196.0
2026-01-19 03:00:01,148 - INFO - 지표: ADX=13.7, ATR=106.3, Bull=False, Bear=False
2026-01-19 03:01:15,750 - INFO - [상태] 포지션 없음, 자본금: $6059.05
2026-01-19 03:01:15,750 - INFO - [지표] ADX=nan, Bull=nan, Bear=nan
2026-01-19 03:06:15,753 - INFO - [상태] 포지션 없음, 자본금: $6059.05
2026-01-19 03:06:15,754 - INFO - [지표] ADX=nan, Bull=nan, Bear=nan
2026-01-19 03:11:15,755 - INFO - [상태] 포지션 없음, 자본금: $6059.05
2026-01-19 03:11:15,755 - INFO - [지표] ADX=nan, Bull=nan, Bear=nan
2026-01-19 03:15:00,110 - INFO - [EMA] 증분계산: prev=95082.08, close=95164.6, new=95088.43
2026-01-19 03:15:00,120 - INFO - 15m | 18:00 | O:95196.0 H:95209.8 L:95105.0 C:95164.6
2026-01-19 03:15:00,120 - INFO - 지표: ADX=13.9, ATR=106.2, Bull=False, Bear=True
2026-01-19 03:16:15,758 - INFO - [상태] 포지션 없음, 자본금: $6059.05
2026-01-19 03:16:15,759 - INFO - [지표] ADX=nan, Bull=nan, Bear=nan
2026-01-19 03:21:15,762 - INFO - [상태] 포지션 없음, 자본금: $6059.05
2026-01-19 03:21:15,762 - INFO - [지표] ADX=nan, Bull=nan, Bear=nan
2026-01-19 03:26:15,770 - INFO - [상태] 포지션 없음, 자본금: $6059.05
2026-01-19 03:26:15,771 - INFO - [지표] ADX=nan, Bull=nan, Bear=nan
2026-01-19 03:30:00,040 - INFO - [EMA] 증분계산: prev=95088.43, close=95311.1, new=95105.56
2026-01-19 03:30:00,047 - INFO - 15m | 18:15 | O:95164.6 H:95354.7 L:95105.5 C:95311.1
2026-01-19 03:30:00,047 - INFO - 지표: ADX=15.5, ATR=118.1, Bull=False, Bear=False
2026-01-19 03:31:15,773 - INFO - [상태] 포지션 없음, 자본금: $6059.05
2026-01-19 03:31:15,773 - INFO - [지표] ADX=nan, Bull=nan, Bear=nan
2026-01-19 03:36:15,774 - INFO - [상태] 포지션 없음, 자본금: $6059.05
2026-01-19 03:36:15,775 - INFO - [지표] ADX=nan, Bull=nan, Bear=nan
2026-01-19 03:41:15,779 - INFO - [상태] 포지션 없음, 자본금: $6059.05
2026-01-19 03:41:15,779 - INFO - [지표] ADX=nan, Bull=nan, Bear=nan
2026-01-19 03:45:01,419 - INFO - [EMA] 증분계산: prev=95105.56, close=95274.8, new=95118.57
2026-01-19 03:45:01,426 - INFO - 15m | 18:30 | O:95311.0 H:95384.6 L:95235.4 C:95274.8
2026-01-19 03:45:01,426 - INFO - 지표: ADX=17.2, ATR=120.7, Bull=False, Bear=False
2026-01-19 03:46:15,787 - INFO - [상태] 포지션 없음, 자본금: $6059.05
2026-01-19 03:46:15,787 - INFO - [지표] ADX=nan, Bull=nan, Bear=nan
2026-01-19 03:51:15,788 - INFO - [상태] 포지션 없음, 자본금: $6059.05
2026-01-19 03:51:15,789 - INFO - [지표] ADX=nan, Bull=nan, Bear=nan
2026-01-19 03:56:15,790 - INFO - [상태] 포지션 없음, 자본금: $6059.05
2026-01-19 03:56:15,790 - INFO - [지표] ADX=nan, Bull=nan, Bear=nan
2026-01-19 04:00:00,137 - INFO - [EMA] 증분계산: prev=95118.57, close=95383.9, new=95138.98
2026-01-19 04:00:00,144 - INFO - 15m | 18:45 | O:95274.9 H:95461.8 L:95274.9 C:95383.9
2026-01-19 04:00:00,144 - INFO - 지표: ADX=19.4, ATR=126.2, Bull=False, Bear=False
2026-01-19 04:01:15,792 - INFO - [상태] 포지션 없음, 자본금: $6059.05
2026-01-19 04:01:15,792 - INFO - [지표] ADX=nan, Bull=nan, Bear=nan
2026-01-19 04:06:15,794 - INFO - [상태] 포지션 없음, 자본금: $6059.05
2026-01-19 04:06:15,794 - INFO - [지표] ADX=nan, Bull=nan, Bear=nan
2026-01-19 04:11:15,799 - INFO - [상태] 포지션 없음, 자본금: $6059.05
2026-01-19 04:11:15,800 - INFO - [지표] ADX=nan, Bull=nan, Bear=nan
2026-01-19 04:15:00,331 - INFO - [EMA] 증분계산: prev=95138.98, close=95360.4, new=95156.02
2026-01-19 04:15:00,337 - INFO - 15m | 19:00 | O:95385.5 H:95457.3 L:95358.7 C:95360.4
2026-01-19 04:15:00,337 - INFO - 지표: ADX=21.4, ATR=123.9, Bull=False, Bear=False
2026-01-19 04:16:15,801 - INFO - [상태] 포지션 없음, 자본금: $6059.05
2026-01-19 04:16:15,801 - INFO - [지표] ADX=nan, Bull=nan, Bear=nan
2026-01-19 04:21:15,802 - INFO - [상태] 포지션 없음, 자본금: $6059.05
2026-01-19 04:21:15,803 - INFO - [지표] ADX=nan, Bull=nan, Bear=nan
2026-01-19 04:26:15,804 - INFO - [상태] 포지션 없음, 자본금: $6059.05
2026-01-19 04:26:15,804 - INFO - [지표] ADX=nan, Bull=nan, Bear=nan
2026-01-19 04:30:00,876 - INFO - [EMA] 증분계산: prev=95156.02, close=95380.0, new=95173.25
2026-01-19 04:30:00,883 - INFO - 15m | 19:15 | O:95360.5 H:95433.0 L:95306.9 C:95380.0
2026-01-19 04:30:00,883 - INFO - 지표: ADX=22.3, ATR=124.1, Bull=False, Bear=False
2026-01-19 04:31:15,807 - INFO - [상태] 포지션 없음, 자본금: $6059.05
2026-01-19 04:31:15,807 - INFO - [지표] ADX=nan, Bull=nan, Bear=nan
2026-01-19 04:36:15,810 - INFO - [상태] 포지션 없음, 자본금: $6059.05
2026-01-19 04:36:15,810 - INFO - [지표] ADX=nan, Bull=nan, Bear=nan
2026-01-19 04:41:15,813 - INFO - [상태] 포지션 없음, 자본금: $6059.05
2026-01-19 04:41:15,814 - INFO - [지표] ADX=nan, Bull=nan, Bear=nan
2026-01-19 04:45:02,086 - INFO - [EMA] 증분계산: prev=95173.25, close=95343.4, new=95186.33
2026-01-19 04:45:02,093 - INFO - 15m | 19:30 | O:95380.1 H:95444.8 L:95343.4 C:95343.4
2026-01-19 04:45:02,093 - INFO - 지표: ADX=23.3, ATR=122.2, Bull=False, Bear=False
2026-01-19 04:46:15,822 - INFO - [상태] 포지션 없음, 자본금: $6059.05
2026-01-19 04:46:15,822 - INFO - [지표] ADX=nan, Bull=nan, Bear=nan
2026-01-19 04:51:15,823 - INFO - [상태] 포지션 없음, 자본금: $6059.05
2026-01-19 04:51:15,824 - INFO - [지표] ADX=nan, Bull=nan, Bear=nan
2026-01-19 04:56:15,829 - INFO - [상태] 포지션 없음, 자본금: $6059.05
2026-01-19 04:56:15,830 - INFO - [지표] ADX=nan, Bull=nan, Bear=nan
2026-01-19 05:00:02,424 - INFO - [EMA] 증분계산: prev=95186.33, close=95313.4, new=95196.11
2026-01-19 05:00:02,431 - INFO - 15m | 19:45 | O:95343.3 H:95343.4 L:95261.1 C:95313.4
2026-01-19 05:00:02,431 - INFO - 지표: ADX=22.9, ATR=118.9, Bull=False, Bear=False
2026-01-19 05:01:15,832 - INFO - [상태] 포지션 없음, 자본금: $6059.05
2026-01-19 05:01:15,833 - INFO - [지표] ADX=nan, Bull=nan, Bear=nan
2026-01-19 05:06:15,834 - INFO - [상태] 포지션 없음, 자본금: $6059.05
2026-01-19 05:06:15,835 - INFO - [지표] ADX=nan, Bull=nan, Bear=nan
2026-01-19 05:11:15,838 - INFO - [상태] 포지션 없음, 자본금: $6059.05
2026-01-19 05:11:15,838 - INFO - [지표] ADX=nan, Bull=nan, Bear=nan
2026-01-19 05:15:00,514 - INFO - [EMA] 증분계산: prev=95196.11, close=95238.6, new=95199.38
2026-01-19 05:15:00,521 - INFO - 15m | 20:00 | O:95313.4 H:95325.1 L:95220.3 C:95238.6
2026-01-19 05:15:00,521 - INFO - 지표: ADX=21.9, ATR=117.7, Bull=False, Bear=False
2026-01-19 05:16:15,842 - INFO - [상태] 포지션 없음, 자본금: $6059.05
2026-01-19 05:16:15,842 - INFO - [지표] ADX=nan, Bull=nan, Bear=nan
2026-01-19 05:21:15,844 - INFO - [상태] 포지션 없음, 자본금: $6059.05
2026-01-19 05:21:15,844 - INFO - [지표] ADX=nan, Bull=nan, Bear=nan
2026-01-19 05:26:15,847 - INFO - [상태] 포지션 없음, 자본금: $6059.05
2026-01-19 05:26:15,848 - INFO - [지표] ADX=nan, Bull=nan, Bear=nan
2026-01-19 05:30:00,084 - INFO - [EMA] 증분계산: prev=95199.38, close=95384.6, new=95213.63
2026-01-19 05:30:00,091 - INFO - 15m | 20:15 | O:95238.7 H:95384.6 L:95238.7 C:95384.6
2026-01-19 05:30:00,091 - INFO - 지표: ADX=21.6, ATR=120.1, Bull=False, Bear=False
2026-01-19 05:31:15,849 - INFO - [상태] 포지션 없음, 자본금: $6059.05
2026-01-19 05:31:15,849 - INFO - [지표] ADX=nan, Bull=nan, Bear=nan
2026-01-19 05:36:15,851 - INFO - [상태] 포지션 없음, 자본금: $6059.05
2026-01-19 05:36:15,852 - INFO - [지표] ADX=nan, Bull=nan, Bear=nan
2026-01-19 05:41:15,855 - INFO - [상태] 포지션 없음, 자본금: $6059.05
2026-01-19 05:41:15,855 - INFO - [지표] ADX=nan, Bull=nan, Bear=nan
2026-01-19 05:45:00,074 - INFO - [EMA] 증분계산: prev=95213.63, close=95274.0, new=95218.27
2026-01-19 05:45:00,081 - INFO - 15m | 20:30 | O:95384.5 H:95384.6 L:95224.8 C:95274.0
2026-01-19 05:45:00,081 - INFO - 지표: ADX=21.1, ATR=123.4, Bull=False, Bear=False
2026-01-19 05:46:15,860 - INFO - [상태] 포지션 없음, 자본금: $6059.05
2026-01-19 05:46:15,860 - INFO - [지표] ADX=nan, Bull=nan, Bear=nan
2026-01-19 05:51:15,862 - INFO - [상태] 포지션 없음, 자본금: $6059.05
2026-01-19 05:51:15,862 - INFO - [지표] ADX=nan, Bull=nan, Bear=nan
2026-01-19 05:56:15,866 - INFO - [상태] 포지션 없음, 자본금: $6059.05
2026-01-19 05:56:15,866 - INFO - [지표] ADX=nan, Bull=nan, Bear=nan
2026-01-19 06:00:00,492 - INFO - [EMA] 증분계산: prev=95218.27, close=95236.8, new=95219.69
2026-01-19 06:00:00,499 - INFO - 15m | 20:45 | O:95274.0 H:95307.6 L:95236.6 C:95236.8
2026-01-19 06:00:00,499 - INFO - 지표: ADX=20.7, ATR=119.0, Bull=False, Bear=False
2026-01-19 06:01:15,874 - INFO - [상태] 포지션 없음, 자본금: $6059.05
2026-01-19 06:01:15,874 - INFO - [지표] ADX=nan, Bull=nan, Bear=nan
2026-01-19 06:06:15,875 - INFO - [상태] 포지션 없음, 자본금: $6059.05
2026-01-19 06:06:15,875 - INFO - [지표] ADX=nan, Bull=nan, Bear=nan
2026-01-19 06:11:15,878 - INFO - [상태] 포지션 없음, 자본금: $6059.05
2026-01-19 06:11:15,879 - INFO - [지표] ADX=nan, Bull=nan, Bear=nan
2026-01-19 06:15:02,045 - INFO - [EMA] 증분계산: prev=95219.69, close=95288.9, new=95225.02
2026-01-19 06:15:02,052 - INFO - 15m | 21:00 | O:95236.9 H:95301.6 L:95220.0 C:95288.9
2026-01-19 06:15:02,052 - INFO - 지표: ADX=20.0, ATR=115.9, Bull=False, Bear=False
2026-01-19 06:16:15,883 - INFO - [상태] 포지션 없음, 자본금: $6059.05
2026-01-19 06:16:15,883 - INFO - [지표] ADX=nan, Bull=nan, Bear=nan
2026-01-19 06:21:15,886 - INFO - [상태] 포지션 없음, 자본금: $6059.05
2026-01-19 06:21:15,887 - INFO - [지표] ADX=nan, Bull=nan, Bear=nan
2026-01-19 06:26:15,894 - INFO - [상태] 포지션 없음, 자본금: $6059.05
2026-01-19 06:26:15,894 - INFO - [지표] ADX=nan, Bull=nan, Bear=nan
2026-01-19 06:30:00,147 - INFO - [EMA] 증분계산: prev=95225.02, close=95240.4, new=95226.20
2026-01-19 06:30:00,156 - INFO - 15m | 21:15 | O:95288.9 H:95289.0 L:95232.1 C:95240.4
2026-01-19 06:30:00,156 - INFO - 지표: ADX=19.4, ATR=111.0, Bull=False, Bear=False
2026-01-19 06:31:15,895 - INFO - [상태] 포지션 없음, 자본금: $6059.05
2026-01-19 06:31:15,896 - INFO - [지표] ADX=nan, Bull=nan, Bear=nan
2026-01-19 06:36:15,898 - INFO - [상태] 포지션 없음, 자본금: $6059.05
2026-01-19 06:36:15,898 - INFO - [지표] ADX=nan, Bull=nan, Bear=nan
2026-01-19 06:41:15,901 - INFO - [상태] 포지션 없음, 자본금: $6059.05
2026-01-19 06:41:15,902 - INFO - [지표] ADX=nan, Bull=nan, Bear=nan
2026-01-19 06:45:00,849 - INFO - [EMA] 증분계산: prev=95226.20, close=95342.3, new=95235.13
2026-01-19 06:45:00,856 - INFO - 15m | 21:30 | O:95240.4 H:95344.3 L:95240.4 C:95342.3
2026-01-19 06:45:00,856 - INFO - 지표: ADX=19.6, ATR=110.4, Bull=False, Bear=False
2026-01-19 06:46:15,904 - INFO - [상태] 포지션 없음, 자본금: $6059.05
2026-01-19 06:46:15,905 - INFO - [지표] ADX=nan, Bull=nan, Bear=nan
2026-01-19 06:51:15,906 - INFO - [상태] 포지션 없음, 자본금: $6059.05
2026-01-19 06:51:15,906 - INFO - [지표] ADX=nan, Bull=nan, Bear=nan
2026-01-19 06:56:15,909 - INFO - [상태] 포지션 없음, 자본금: $6059.05
2026-01-19 06:56:15,909 - INFO - [지표] ADX=nan, Bull=nan, Bear=nan
2026-01-19 07:00:00,101 - INFO - [EMA] 증분계산: prev=95235.13, close=95362.2, new=95244.91
2026-01-19 07:00:00,108 - INFO - 15m | 21:45 | O:95338.8 H:95375.0 L:95305.6 C:95362.2
2026-01-19 07:00:00,108 - INFO - 지표: ADX=20.0, ATR=107.0, Bull=False, Bear=False
2026-01-19 07:01:15,916 - INFO - [상태] 포지션 없음, 자본금: $6059.05
2026-01-19 07:01:15,916 - INFO - [지표] ADX=nan, Bull=nan, Bear=nan
2026-01-19 07:06:15,918 - INFO - [상태] 포지션 없음, 자본금: $6059.05
2026-01-19 07:06:15,919 - INFO - [지표] ADX=nan, Bull=nan, Bear=nan
2026-01-19 07:11:15,920 - INFO - [상태] 포지션 없음, 자본금: $6059.05
2026-01-19 07:11:15,920 - INFO - [지표] ADX=nan, Bull=nan, Bear=nan
2026-01-19 07:15:00,061 - INFO - [EMA] 증분계산: prev=95244.91, close=95455.0, new=95261.07
2026-01-19 07:15:00,070 - INFO - 15m | 22:00 | O:95362.1 H:95475.5 L:95337.3 C:95455.0
2026-01-19 07:15:00,070 - INFO - 지표: ADX=21.4, ATR=109.6, Bull=False, Bear=False
2026-01-19 07:16:15,922 - INFO - [상태] 포지션 없음, 자본금: $6059.05
2026-01-19 07:16:15,922 - INFO - [지표] ADX=nan, Bull=nan, Bear=nan
2026-01-19 07:21:15,924 - INFO - [상태] 포지션 없음, 자본금: $6059.05
2026-01-19 07:21:15,924 - INFO - [지표] ADX=nan, Bull=nan, Bear=nan
2026-01-19 07:26:15,927 - INFO - [상태] 포지션 없음, 자본금: $6059.05
2026-01-19 07:26:15,927 - INFO - [지표] ADX=nan, Bull=nan, Bear=nan
2026-01-19 07:30:01,787 - INFO - [EMA] 증분계산: prev=95261.07, close=95393.3, new=95271.24
2026-01-19 07:30:01,797 - INFO - 15m | 22:15 | O:95455.0 H:95455.0 L:95382.6 C:95393.3
2026-01-19 07:30:01,797 - INFO - 지표: ADX=22.7, ATR=106.5, Bull=False, Bear=False
2026-01-19 07:31:15,929 - INFO - [상태] 포지션 없음, 자본금: $6059.05
2026-01-19 07:31:15,929 - INFO - [지표] ADX=nan, Bull=nan, Bear=nan
2026-01-19 07:36:15,931 - INFO - [상태] 포지션 없음, 자본금: $6059.05
2026-01-19 07:36:15,931 - INFO - [지표] ADX=nan, Bull=nan, Bear=nan
2026-01-19 07:41:15,931 - INFO - [상태] 포지션 없음, 자본금: $6059.05
2026-01-19 07:41:15,932 - INFO - [지표] ADX=nan, Bull=nan, Bear=nan
2026-01-19 07:45:01,134 - INFO - [EMA] 증분계산: prev=95271.24, close=95420.7, new=95282.74
2026-01-19 07:45:01,143 - INFO - 15m | 22:30 | O:95388.1 H:95441.9 L:95356.0 C:95420.7
2026-01-19 07:45:01,143 - INFO - 지표: ADX=23.3, ATR=104.8, Bull=False, Bear=False
2026-01-19 07:46:15,932 - INFO - [상태] 포지션 없음, 자본금: $6059.05
2026-01-19 07:46:15,933 - INFO - [지표] ADX=nan, Bull=nan, Bear=nan
2026-01-19 07:51:15,934 - INFO - [상태] 포지션 없음, 자본금: $6059.05
2026-01-19 07:51:15,935 - INFO - [지표] ADX=nan, Bull=nan, Bear=nan
2026-01-19 07:56:15,937 - INFO - [상태] 포지션 없음, 자본금: $6059.05
2026-01-19 07:56:15,937 - INFO - [지표] ADX=nan, Bull=nan, Bear=nan
2026-01-19 08:00:00,148 - INFO - [EMA] 증분계산: prev=95282.74, close=95420.7, new=95293.35
2026-01-19 08:00:00,157 - INFO - 15m | 22:45 | O:95420.7 H:95458.6 L:95378.6 C:95420.7
2026-01-19 08:00:00,158 - INFO - 지표: ADX=24.1, ATR=102.7, Bull=False, Bear=False
2026-01-19 08:01:15,939 - INFO - [상태] 포지션 없음, 자본금: $6059.05
2026-01-19 08:01:15,939 - INFO - [지표] ADX=nan, Bull=nan, Bear=nan
2026-01-19 08:06:15,941 - INFO - [상태] 포지션 없음, 자본금: $6059.05
2026-01-19 08:06:15,941 - INFO - [지표] ADX=nan, Bull=nan, Bear=nan
2026-01-19 08:11:15,943 - INFO - [상태] 포지션 없음, 자본금: $6059.05
2026-01-19 08:11:15,943 - INFO - [지표] ADX=nan, Bull=nan, Bear=nan
2026-01-19 08:15:00,251 - INFO - [EMA] 증분계산: prev=95293.35, close=95006.8, new=95271.31
2026-01-19 08:15:00,261 - INFO - 15m | 23:00 | O:95420.6 H:95432.9 L:94895.7 C:95006.8
2026-01-19 08:15:00,261 - INFO - 지표: ADX=24.9, ATR=138.9, Bull=False, Bear=False
2026-01-19 08:16:15,944 - INFO - [상태] 포지션 없음, 자본금: $6059.05
2026-01-19 08:16:15,945 - INFO - [지표] ADX=nan, Bull=nan, Bear=nan
2026-01-19 08:21:15,946 - INFO - [상태] 포지션 없음, 자본금: $6059.05
2026-01-19 08:21:15,947 - INFO - [지표] ADX=nan, Bull=nan, Bear=nan
2026-01-19 08:26:15,947 - INFO - [상태] 포지션 없음, 자본금: $6059.05
2026-01-19 08:26:15,947 - INFO - [지표] ADX=nan, Bull=nan, Bear=nan
2026-01-19 08:30:00,041 - INFO - [EMA] 증분계산: prev=95271.31, close=94542.9, new=95215.28
2026-01-19 08:30:00,047 - INFO - 15m | 23:15 | O:95006.9 H:95114.0 L:94501.1 C:94542.9
2026-01-19 08:30:00,048 - INFO - 지표: ADX=27.0, ATR=178.4, Bull=False, Bear=False
2026-01-19 08:31:15,948 - INFO - [상태] 포지션 없음, 자본금: $6059.05
2026-01-19 08:31:15,948 - INFO - [지표] ADX=nan, Bull=nan, Bear=nan
2026-01-19 08:36:15,949 - INFO - [상태] 포지션 없음, 자본금: $6059.05
2026-01-19 08:36:15,949 - INFO - [지표] ADX=nan, Bull=nan, Bear=nan
2026-01-19 08:41:15,951 - INFO - [상태] 포지션 없음, 자본금: $6059.05
2026-01-19 08:41:15,951 - INFO - [지표] ADX=nan, Bull=nan, Bear=nan
2026-01-19 08:45:00,103 - INFO - [EMA] 증분계산: prev=95215.28, close=94414.4, new=95153.67
2026-01-19 08:45:00,109 - INFO - 15m | 23:30 | O:94542.8 H:94759.7 L:94366.4 C:94414.4
2026-01-19 08:45:00,109 - INFO - 지표: ADX=29.4, ATR=196.3, Bull=False, Bear=True
2026-01-19 08:46:15,953 - INFO - [상태] 포지션 없음, 자본금: $6059.05
2026-01-19 08:46:15,953 - INFO - [지표] ADX=nan, Bull=nan, Bear=nan
2026-01-19 08:51:15,953 - INFO - [상태] 포지션 없음, 자본금: $6059.05
2026-01-19 08:51:15,954 - INFO - [지표] ADX=nan, Bull=nan, Bear=nan
2026-01-19 08:56:15,955 - INFO - [상태] 포지션 없음, 자본금: $6059.05
2026-01-19 08:56:15,955 - INFO - [지표] ADX=nan, Bull=nan, Bear=nan
