2026-01-27 09:00:00,043 - INFO - === 로그 파일 시작: logs/hyper_usdt_2026-01-27.log ===
2026-01-27 09:00:00,043 - INFO - [EMA] 증분계산: prev=88029.35, close=88300.6, new=88050.22
2026-01-27 09:00:00,052 - INFO - 15m | 23:45 | O:88506.6 H:88526.1 L:88300.0 C:88300.6
2026-01-27 09:00:00,052 - INFO - 지표: ADX=14.8, ATR=246.7, Bull=False, Bear=False
2026-01-27 09:00:56,542 - INFO - [상태] 포지션 없음, 자본금: $5571.21
2026-01-27 09:00:56,542 - INFO - [지표] ADX=nan, Bull=nan, Bear=nan
2026-01-27 09:05:56,544 - INFO - [상태] 포지션 없음, 자본금: $5571.21
2026-01-27 09:05:56,544 - INFO - [지표] ADX=nan, Bull=nan, Bear=nan
2026-01-27 09:10:56,545 - INFO - [상태] 포지션 없음, 자본금: $5571.21
2026-01-27 09:10:56,546 - INFO - [지표] ADX=nan, Bull=nan, Bear=nan
2026-01-27 09:15:00,316 - INFO - [EMA] 증분계산: prev=88050.22, close=88202.9, new=88061.96
2026-01-27 09:15:00,325 - INFO - 15m | 00:00 | O:88300.6 H:88367.1 L:88157.4 C:88202.9
2026-01-27 09:15:00,326 - INFO - 지표: ADX=14.8, ATR=243.0, Bull=False, Bear=False
2026-01-27 09:15:56,547 - INFO - [상태] 포지션 없음, 자본금: $5571.21
2026-01-27 09:15:56,547 - INFO - [지표] ADX=nan, Bull=nan, Bear=nan
2026-01-27 09:20:56,548 - INFO - [상태] 포지션 없음, 자본금: $5571.21
2026-01-27 09:20:56,549 - INFO - [지표] ADX=nan, Bull=nan, Bear=nan
2026-01-27 09:25:56,550 - INFO - [상태] 포지션 없음, 자본금: $5571.21
2026-01-27 09:25:56,550 - INFO - [지표] ADX=nan, Bull=nan, Bear=nan
2026-01-27 09:30:00,231 - INFO - [EMA] 증분계산: prev=88061.96, close=88360.1, new=88084.90
2026-01-27 09:30:00,241 - INFO - 15m | 00:15 | O:88203.0 H:88431.4 L:88180.0 C:88360.1
2026-01-27 09:30:00,241 - INFO - 지표: ADX=15.0, ATR=243.9, Bull=False, Bear=False
2026-01-27 09:30:56,552 - INFO - [상태] 포지션 없음, 자본금: $5571.21
2026-01-27 09:30:56,552 - INFO - [지표] ADX=nan, Bull=nan, Bear=nan
2026-01-27 09:35:56,554 - INFO - [상태] 포지션 없음, 자본금: $5571.21
2026-01-27 09:35:56,554 - INFO - [지표] ADX=nan, Bull=nan, Bear=nan
2026-01-27 09:40:56,556 - INFO - [상태] 포지션 없음, 자본금: $5571.21
2026-01-27 09:40:56,556 - INFO - [지표] ADX=nan, Bull=nan, Bear=nan
2026-01-27 09:45:00,104 - INFO - [EMA] 증분계산: prev=88084.90, close=88263.0, new=88098.60
2026-01-27 09:45:00,113 - INFO - 15m | 00:30 | O:88360.1 H:88360.1 L:88222.7 C:88263.0
2026-01-27 09:45:00,113 - INFO - 지표: ADX=15.1, ATR=233.2, Bull=False, Bear=False
2026-01-27 09:45:56,557 - INFO - [상태] 포지션 없음, 자본금: $5571.21
2026-01-27 09:45:56,557 - INFO - [지표] ADX=nan, Bull=nan, Bear=nan
2026-01-27 09:50:56,558 - INFO - [상태] 포지션 없음, 자본금: $5571.21
2026-01-27 09:50:56,559 - INFO - [지표] ADX=nan, Bull=nan, Bear=nan
2026-01-27 09:55:56,560 - INFO - [상태] 포지션 없음, 자본금: $5571.21
2026-01-27 09:55:56,561 - INFO - [지표] ADX=nan, Bull=nan, Bear=nan
2026-01-27 10:00:00,160 - INFO - [EMA] 증분계산: prev=88098.60, close=88319.4, new=88115.58
2026-01-27 10:00:00,170 - INFO - 15m | 00:45 | O:88263.0 H:88366.0 L:88205.9 C:88319.4
2026-01-27 10:00:00,170 - INFO - 지표: ADX=15.2, ATR=225.9, Bull=False, Bear=False
2026-01-27 10:00:56,562 - INFO - [상태] 포지션 없음, 자본금: $5571.21
2026-01-27 10:00:56,562 - INFO - [지표] ADX=nan, Bull=nan, Bear=nan
2026-01-27 10:05:56,563 - INFO - [상태] 포지션 없음, 자본금: $5571.21
2026-01-27 10:05:56,564 - INFO - [지표] ADX=nan, Bull=nan, Bear=nan
2026-01-27 10:10:56,564 - INFO - [상태] 포지션 없음, 자본금: $5571.21
2026-01-27 10:10:56,564 - INFO - [지표] ADX=nan, Bull=nan, Bear=nan
2026-01-27 10:15:00,126 - INFO - [EMA] 증분계산: prev=88115.58, close=88233.2, new=88124.63
2026-01-27 10:15:00,136 - INFO - 15m | 01:00 | O:88319.4 H:88319.4 L:88162.9 C:88233.2
2026-01-27 10:15:00,136 - INFO - 지표: ADX=15.0, ATR=219.0, Bull=False, Bear=False
2026-01-27 10:15:56,565 - INFO - [상태] 포지션 없음, 자본금: $5571.21
2026-01-27 10:15:56,566 - INFO - [지표] ADX=nan, Bull=nan, Bear=nan
2026-01-27 10:20:56,567 - INFO - [상태] 포지션 없음, 자본금: $5571.21
2026-01-27 10:20:56,567 - INFO - [지표] ADX=nan, Bull=nan, Bear=nan
2026-01-27 10:25:56,570 - INFO - [상태] 포지션 없음, 자본금: $5571.21
2026-01-27 10:25:56,570 - INFO - [지표] ADX=nan, Bull=nan, Bear=nan
2026-01-27 10:30:00,121 - INFO - [EMA] 증분계산: prev=88124.63, close=88403.9, new=88146.11
2026-01-27 10:30:00,130 - INFO - 15m | 01:15 | O:88233.2 H:88426.1 L:88205.9 C:88403.9
2026-01-27 10:30:00,130 - INFO - 지표: ADX=15.3, ATR=219.1, Bull=False, Bear=False
2026-01-27 10:30:56,571 - INFO - [상태] 포지션 없음, 자본금: $5571.21
2026-01-27 10:30:56,571 - INFO - [지표] ADX=nan, Bull=nan, Bear=nan
2026-01-27 10:35:56,574 - INFO - [상태] 포지션 없음, 자본금: $5571.21
2026-01-27 10:35:56,574 - INFO - [지표] ADX=nan, Bull=nan, Bear=nan
2026-01-27 10:40:56,575 - INFO - [상태] 포지션 없음, 자본금: $5571.21
2026-01-27 10:40:56,576 - INFO - [지표] ADX=nan, Bull=nan, Bear=nan
2026-01-27 10:45:00,425 - INFO - [EMA] 증분계산: prev=88146.11, close=88604.4, new=88181.37
2026-01-27 10:45:00,434 - INFO - 15m | 01:30 | O:88404.0 H:88699.9 L:88377.1 C:88604.4
2026-01-27 10:45:00,435 - INFO - 지표: ADX=16.6, ATR=229.5, Bull=False, Bear=False
2026-01-27 10:45:56,577 - INFO - [상태] 포지션 없음, 자본금: $5571.21
2026-01-27 10:45:56,577 - INFO - [지표] ADX=nan, Bull=nan, Bear=nan
2026-01-27 10:50:56,578 - INFO - [상태] 포지션 없음, 자본금: $5571.21
2026-01-27 10:50:56,578 - INFO - [지표] ADX=nan, Bull=nan, Bear=nan
2026-01-27 10:55:56,579 - INFO - [상태] 포지션 없음, 자본금: $5571.21
2026-01-27 10:55:56,580 - INFO - [지표] ADX=nan, Bull=nan, Bear=nan
2026-01-27 11:00:00,035 - INFO - [EMA] 증분계산: prev=88181.37, close=88523.6, new=88207.69
2026-01-27 11:00:00,041 - INFO - 15m | 01:45 | O:88604.4 H:88664.3 L:88464.9 C:88523.6
2026-01-27 11:00:00,041 - INFO - 지표: ADX=17.8, ATR=226.5, Bull=False, Bear=False
2026-01-27 11:00:56,581 - INFO - [상태] 포지션 없음, 자본금: $5571.21
2026-01-27 11:00:56,582 - INFO - [지표] ADX=nan, Bull=nan, Bear=nan
2026-01-27 11:05:56,583 - INFO - [상태] 포지션 없음, 자본금: $5571.21
2026-01-27 11:05:56,583 - INFO - [지표] ADX=nan, Bull=nan, Bear=nan
2026-01-27 11:10:56,585 - INFO - [상태] 포지션 없음, 자본금: $5571.21
2026-01-27 11:10:56,585 - INFO - [지표] ADX=nan, Bull=nan, Bear=nan
2026-01-27 11:15:00,253 - INFO - [EMA] 증분계산: prev=88207.69, close=88659.3, new=88242.43
2026-01-27 11:15:00,262 - INFO - 15m | 02:00 | O:88523.6 H:88758.0 L:88523.6 C:88659.3
2026-01-27 11:15:00,263 - INFO - 지표: ADX=19.2, ATR=227.3, Bull=False, Bear=False
2026-01-27 11:15:56,586 - INFO - [상태] 포지션 없음, 자본금: $5571.21
2026-01-27 11:15:56,586 - INFO - [지표] ADX=nan, Bull=nan, Bear=nan
2026-01-27 11:20:56,588 - INFO - [상태] 포지션 없음, 자본금: $5571.21
2026-01-27 11:20:56,588 - INFO - [지표] ADX=nan, Bull=nan, Bear=nan
2026-01-27 11:25:56,589 - INFO - [상태] 포지션 없음, 자본금: $5571.21
2026-01-27 11:25:56,589 - INFO - [지표] ADX=nan, Bull=nan, Bear=nan
2026-01-27 11:30:00,087 - INFO - [EMA] 증분계산: prev=88242.43, close=88517.9, new=88263.62
2026-01-27 11:30:00,093 - INFO - 15m | 02:15 | O:88659.4 H:88700.1 L:88503.3 C:88517.9
2026-01-27 11:30:00,094 - INFO - 지표: ADX=20.4, ATR=224.2, Bull=False, Bear=False
2026-01-27 11:30:56,591 - INFO - [상태] 포지션 없음, 자본금: $5571.21
2026-01-27 11:30:56,592 - INFO - [지표] ADX=nan, Bull=nan, Bear=nan
2026-01-27 11:35:56,592 - INFO - [상태] 포지션 없음, 자본금: $5571.21
2026-01-27 11:35:56,593 - INFO - [지표] ADX=nan, Bull=nan, Bear=nan
2026-01-27 11:40:56,594 - INFO - [상태] 포지션 없음, 자본금: $5571.21
2026-01-27 11:40:56,594 - INFO - [지표] ADX=nan, Bull=nan, Bear=nan
2026-01-27 11:45:00,597 - INFO - [EMA] 증분계산: prev=88263.62, close=88705.1, new=88297.58
2026-01-27 11:45:00,603 - INFO - 15m | 02:30 | O:88518.0 H:88785.5 L:88518.0 C:88705.1
2026-01-27 11:45:00,603 - INFO - 지표: ADX=21.7, ATR=228.5, Bull=False, Bear=False
2026-01-27 11:45:56,596 - INFO - [상태] 포지션 없음, 자본금: $5571.21
2026-01-27 11:45:56,596 - INFO - [지표] ADX=nan, Bull=nan, Bear=nan
2026-01-27 11:50:56,597 - INFO - [상태] 포지션 없음, 자본금: $5571.21
2026-01-27 11:50:56,598 - INFO - [지표] ADX=nan, Bull=nan, Bear=nan
2026-01-27 11:55:56,599 - INFO - [상태] 포지션 없음, 자본금: $5571.21
2026-01-27 11:55:56,599 - INFO - [지표] ADX=nan, Bull=nan, Bear=nan
2026-01-27 12:00:00,111 - INFO - [EMA] 증분계산: prev=88297.58, close=88785.8, new=88335.14
2026-01-27 12:00:00,121 - INFO - 15m | 02:45 | O:88705.1 H:88823.1 L:88675.9 C:88785.8
2026-01-27 12:00:00,121 - INFO - 지표: ADX=23.1, ATR=220.4, Bull=False, Bear=False
2026-01-27 12:00:56,600 - INFO - [상태] 포지션 없음, 자본금: $5571.21
2026-01-27 12:00:56,601 - INFO - [지표] ADX=nan, Bull=nan, Bear=nan
2026-01-27 12:05:56,602 - INFO - [상태] 포지션 없음, 자본금: $5571.21
2026-01-27 12:05:56,602 - INFO - [지표] ADX=nan, Bull=nan, Bear=nan
2026-01-27 12:10:56,603 - INFO - [상태] 포지션 없음, 자본금: $5571.21
2026-01-27 12:10:56,603 - INFO - [지표] ADX=nan, Bull=nan, Bear=nan
2026-01-27 12:15:00,565 - INFO - [EMA] 증분계산: prev=88335.14, close=88584.1, new=88354.29
2026-01-27 12:15:00,574 - INFO - 15m | 03:00 | O:88785.7 H:88880.6 L:88535.0 C:88584.1
2026-01-27 12:15:00,575 - INFO - 지표: ADX=23.4, ATR=232.9, Bull=False, Bear=False
2026-01-27 12:15:56,605 - INFO - [상태] 포지션 없음, 자본금: $5571.21
2026-01-27 12:15:56,605 - INFO - [지표] ADX=nan, Bull=nan, Bear=nan
2026-01-27 12:20:56,606 - INFO - [상태] 포지션 없음, 자본금: $5571.21
2026-01-27 12:20:56,606 - INFO - [지표] ADX=nan, Bull=nan, Bear=nan
2026-01-27 12:25:56,607 - INFO - [상태] 포지션 없음, 자본금: $5571.21
2026-01-27 12:25:56,608 - INFO - [지표] ADX=nan, Bull=nan, Bear=nan
2026-01-27 12:30:00,168 - INFO - [EMA] 증분계산: prev=88354.29, close=88697.7, new=88380.70
2026-01-27 12:30:00,175 - INFO - 15m | 03:15 | O:88584.1 H:88697.7 L:88551.1 C:88697.7
2026-01-27 12:30:00,175 - INFO - 지표: ADX=23.6, ATR=224.3, Bull=False, Bear=False
2026-01-27 12:30:56,608 - INFO - [상태] 포지션 없음, 자본금: $5571.21
2026-01-27 12:30:56,609 - INFO - [지표] ADX=nan, Bull=nan, Bear=nan
2026-01-27 12:35:56,610 - INFO - [상태] 포지션 없음, 자본금: $5571.21
2026-01-27 12:35:56,611 - INFO - [지표] ADX=nan, Bull=nan, Bear=nan
2026-01-27 12:40:56,612 - INFO - [상태] 포지션 없음, 자본금: $5571.21
2026-01-27 12:40:56,612 - INFO - [지표] ADX=nan, Bull=nan, Bear=nan
2026-01-27 12:45:00,037 - INFO - [EMA] 증분계산: prev=88380.70, close=88762.4, new=88410.06
2026-01-27 12:45:00,043 - INFO - 15m | 03:30 | O:88697.7 H:88788.8 L:88639.2 C:88762.4
2026-01-27 12:45:00,044 - INFO - 지표: ADX=24.2, ATR=216.8, Bull=False, Bear=False
2026-01-27 12:45:56,613 - INFO - [상태] 포지션 없음, 자본금: $5571.21
2026-01-27 12:45:56,613 - INFO - [지표] ADX=nan, Bull=nan, Bear=nan
2026-01-27 12:50:56,614 - INFO - [상태] 포지션 없음, 자본금: $5571.21
2026-01-27 12:50:56,614 - INFO - [지표] ADX=nan, Bull=nan, Bear=nan
2026-01-27 12:55:56,615 - INFO - [상태] 포지션 없음, 자본금: $5571.21
2026-01-27 12:55:56,616 - INFO - [지표] ADX=nan, Bull=nan, Bear=nan
2026-01-27 13:00:00,085 - INFO - [EMA] 증분계산: prev=88410.06, close=88744.6, new=88435.80
2026-01-27 13:00:00,094 - INFO - 15m | 03:45 | O:88762.4 H:88769.4 L:88675.9 C:88744.6
2026-01-27 13:00:00,094 - INFO - 지표: ADX=24.7, ATR=204.5, Bull=False, Bear=False
2026-01-27 13:00:56,616 - INFO - [상태] 포지션 없음, 자본금: $5571.21
2026-01-27 13:00:56,617 - INFO - [지표] ADX=nan, Bull=nan, Bear=nan
2026-01-27 13:05:56,617 - INFO - [상태] 포지션 없음, 자본금: $5571.21
2026-01-27 13:05:56,618 - INFO - [지표] ADX=nan, Bull=nan, Bear=nan
2026-01-27 13:10:56,619 - INFO - [상태] 포지션 없음, 자본금: $5571.21
2026-01-27 13:10:56,619 - INFO - [지표] ADX=nan, Bull=nan, Bear=nan
2026-01-27 13:15:00,141 - INFO - [EMA] 증분계산: prev=88435.80, close=88765.0, new=88461.12
2026-01-27 13:15:00,150 - INFO - 15m | 04:00 | O:88744.7 H:88983.3 L:88608.7 C:88765.0
2026-01-27 13:15:00,150 - INFO - 지표: ADX=26.0, ATR=221.5, Bull=False, Bear=False
2026-01-27 13:15:56,620 - INFO - [상태] 포지션 없음, 자본금: $5571.21
2026-01-27 13:15:56,620 - INFO - [지표] ADX=nan, Bull=nan, Bear=nan
2026-01-27 13:20:56,621 - INFO - [상태] 포지션 없음, 자본금: $5571.21
2026-01-27 13:20:56,621 - INFO - [지표] ADX=nan, Bull=nan, Bear=nan
2026-01-27 13:25:56,623 - INFO - [상태] 포지션 없음, 자본금: $5571.21
2026-01-27 13:25:56,623 - INFO - [지표] ADX=nan, Bull=nan, Bear=nan
2026-01-27 13:30:02,565 - INFO - [EMA] 증분계산: prev=88461.12, close=88793.7, new=88486.70
2026-01-27 13:30:02,572 - INFO - 15m | 04:15 | O:88765.0 H:88849.1 L:88719.7 C:88793.7
2026-01-27 13:30:02,572 - INFO - 지표: ADX=27.3, ATR=212.3, Bull=False, Bear=False
2026-01-27 13:30:56,624 - INFO - [상태] 포지션 없음, 자본금: $5571.21
2026-01-27 13:30:56,624 - INFO - [지표] ADX=nan, Bull=nan, Bear=nan
2026-01-27 13:35:56,627 - INFO - [상태] 포지션 없음, 자본금: $5571.21
2026-01-27 13:35:56,627 - INFO - [지표] ADX=nan, Bull=nan, Bear=nan
2026-01-27 13:40:56,628 - INFO - [상태] 포지션 없음, 자본금: $5571.21
2026-01-27 13:40:56,628 - INFO - [지표] ADX=nan, Bull=nan, Bear=nan
2026-01-27 13:45:00,644 - INFO - [EMA] 증분계산: prev=88486.70, close=88639.7, new=88498.47
2026-01-27 13:45:00,651 - INFO - 15m | 04:30 | O:88793.7 H:88800.0 L:88631.0 C:88639.7
2026-01-27 13:45:00,651 - INFO - 지표: ADX=27.6, ATR=208.0, Bull=False, Bear=False
2026-01-27 13:45:56,629 - INFO - [상태] 포지션 없음, 자본금: $5571.21
2026-01-27 13:45:56,629 - INFO - [지표] ADX=nan, Bull=nan, Bear=nan
2026-01-27 13:50:56,630 - INFO - [상태] 포지션 없음, 자본금: $5571.21
2026-01-27 13:50:56,630 - INFO - [지표] ADX=nan, Bull=nan, Bear=nan
2026-01-27 13:55:56,631 - INFO - [상태] 포지션 없음, 자본금: $5571.21
2026-01-27 13:55:56,632 - INFO - [지표] ADX=nan, Bull=nan, Bear=nan
2026-01-27 14:00:00,112 - INFO - [EMA] 증분계산: prev=88498.47, close=88532.7, new=88501.11
2026-01-27 14:00:00,119 - INFO - 15m | 04:45 | O:88639.7 H:88657.7 L:88463.4 C:88532.7
2026-01-27 14:00:00,119 - INFO - 지표: ADX=26.8, ATR=206.6, Bull=False, Bear=False
2026-01-27 14:00:56,632 - INFO - [상태] 포지션 없음, 자본금: $5571.21
2026-01-27 14:00:56,633 - INFO - [지표] ADX=nan, Bull=nan, Bear=nan
2026-01-27 14:05:56,634 - INFO - [상태] 포지션 없음, 자본금: $5571.21
2026-01-27 14:05:56,634 - INFO - [지표] ADX=nan, Bull=nan, Bear=nan
2026-01-27 14:10:56,635 - INFO - [상태] 포지션 없음, 자본금: $5571.21
2026-01-27 14:10:56,635 - INFO - [지표] ADX=nan, Bull=nan, Bear=nan
2026-01-27 14:15:00,312 - INFO - [EMA] 증분계산: prev=88501.11, close=88419.9, new=88494.86
2026-01-27 14:15:00,322 - INFO - 15m | 05:00 | O:88532.6 H:88548.1 L:88383.4 C:88419.9
2026-01-27 14:15:00,322 - INFO - 지표: ADX=25.4, ATR=202.4, Bull=False, Bear=False
2026-01-27 14:15:56,636 - INFO - [상태] 포지션 없음, 자본금: $5571.21
2026-01-27 14:15:56,636 - INFO - [지표] ADX=nan, Bull=nan, Bear=nan
2026-01-27 14:20:56,637 - INFO - [상태] 포지션 없음, 자본금: $5571.21
2026-01-27 14:20:56,637 - INFO - [지표] ADX=nan, Bull=nan, Bear=nan
2026-01-27 14:25:56,638 - INFO - [상태] 포지션 없음, 자본금: $5571.21
2026-01-27 14:25:56,639 - INFO - [지표] ADX=nan, Bull=nan, Bear=nan
2026-01-27 14:30:00,508 - INFO - [EMA] 증분계산: prev=88494.86, close=88449.6, new=88491.38
2026-01-27 14:30:00,514 - INFO - 15m | 05:15 | O:88419.9 H:88462.5 L:88350.3 C:88449.6
2026-01-27 14:30:00,514 - INFO - 지표: ADX=24.0, ATR=193.4, Bull=False, Bear=False
2026-01-27 14:30:56,640 - INFO - [상태] 포지션 없음, 자본금: $5571.21
2026-01-27 14:30:56,641 - INFO - [지표] ADX=nan, Bull=nan, Bear=nan
2026-01-27 14:35:56,642 - INFO - [상태] 포지션 없음, 자본금: $5571.21
2026-01-27 14:35:56,642 - INFO - [지표] ADX=nan, Bull=nan, Bear=nan
2026-01-27 14:40:56,644 - INFO - [상태] 포지션 없음, 자본금: $5571.21
2026-01-27 14:40:56,644 - INFO - [지표] ADX=nan, Bull=nan, Bear=nan
2026-01-27 14:45:00,428 - INFO - [EMA] 증분계산: prev=88491.38, close=88448.5, new=88488.08
2026-01-27 14:45:00,437 - INFO - 15m | 05:30 | O:88449.6 H:88509.4 L:88448.4 C:88448.5
2026-01-27 14:45:00,437 - INFO - 지표: ADX=22.9, ATR=180.1, Bull=False, Bear=False
2026-01-27 14:45:56,645 - INFO - [상태] 포지션 없음, 자본금: $5571.21
2026-01-27 14:45:56,645 - INFO - [지표] ADX=nan, Bull=nan, Bear=nan
2026-01-27 14:50:56,646 - INFO - [상태] 포지션 없음, 자본금: $5571.21
2026-01-27 14:50:56,646 - INFO - [지표] ADX=nan, Bull=nan, Bear=nan
2026-01-27 14:55:56,648 - INFO - [상태] 포지션 없음, 자본금: $5571.21
2026-01-27 14:55:56,648 - INFO - [지표] ADX=nan, Bull=nan, Bear=nan
2026-01-27 15:00:00,036 - INFO - [EMA] 증분계산: prev=88488.08, close=88424.0, new=88483.15
2026-01-27 15:00:00,046 - INFO - 15m | 05:45 | O:88448.5 H:88524.9 L:88371.7 C:88424.0
2026-01-27 15:00:00,046 - INFO - 지표: ADX=21.4, ATR=177.5, Bull=False, Bear=False
2026-01-27 15:00:56,650 - INFO - [상태] 포지션 없음, 자본금: $5571.21
2026-01-27 15:00:56,651 - INFO - [지표] ADX=nan, Bull=nan, Bear=nan
2026-01-27 15:05:56,652 - INFO - [상태] 포지션 없음, 자본금: $5571.21
2026-01-27 15:05:56,653 - INFO - [지표] ADX=nan, Bull=nan, Bear=nan
2026-01-27 15:10:56,654 - INFO - [상태] 포지션 없음, 자본금: $5571.21
2026-01-27 15:10:56,655 - INFO - [지표] ADX=nan, Bull=nan, Bear=nan
2026-01-27 15:15:00,080 - INFO - [EMA] 증분계산: prev=88483.15, close=88464.0, new=88481.68
2026-01-27 15:15:00,090 - INFO - 15m | 06:00 | O:88424.0 H:88493.4 L:88392.3 C:88464.0
2026-01-27 15:15:00,090 - INFO - 지표: ADX=20.0, ATR=169.8, Bull=False, Bear=False
2026-01-27 15:15:56,657 - INFO - [상태] 포지션 없음, 자본금: $5571.21
2026-01-27 15:15:56,657 - INFO - [지표] ADX=nan, Bull=nan, Bear=nan
2026-01-27 15:20:56,658 - INFO - [상태] 포지션 없음, 자본금: $5571.21
2026-01-27 15:20:56,659 - INFO - [지표] ADX=nan, Bull=nan, Bear=nan
2026-01-27 15:25:56,660 - INFO - [상태] 포지션 없음, 자본금: $5571.21
2026-01-27 15:25:56,660 - INFO - [지표] ADX=nan, Bull=nan, Bear=nan
2026-01-27 15:30:00,111 - INFO - [EMA] 증분계산: prev=88481.68, close=88358.5, new=88472.20
2026-01-27 15:30:00,118 - INFO - 15m | 06:15 | O:88463.9 H:88464.5 L:88353.9 C:88358.5
2026-01-27 15:30:00,118 - INFO - 지표: ADX=18.7, ATR=163.9, Bull=False, Bear=False
2026-01-27 15:30:56,661 - INFO - [상태] 포지션 없음, 자본금: $5571.21
2026-01-27 15:30:56,662 - INFO - [지표] ADX=nan, Bull=nan, Bear=nan
2026-01-27 15:35:56,663 - INFO - [상태] 포지션 없음, 자본금: $5571.21
2026-01-27 15:35:56,663 - INFO - [지표] ADX=nan, Bull=nan, Bear=nan
2026-01-27 15:40:56,664 - INFO - [상태] 포지션 없음, 자본금: $5571.21
2026-01-27 15:40:56,665 - INFO - [지표] ADX=nan, Bull=nan, Bear=nan
2026-01-27 15:45:00,059 - INFO - [EMA] 증분계산: prev=88472.20, close=88250.4, new=88455.14
2026-01-27 15:45:00,068 - INFO - 15m | 06:30 | O:88358.5 H:88358.6 L:88250.4 C:88250.4
2026-01-27 15:45:00,068 - INFO - 지표: ADX=18.2, ATR=158.3, Bull=False, Bear=False
2026-01-27 15:45:56,666 - INFO - [상태] 포지션 없음, 자본금: $5571.21
2026-01-27 15:45:56,667 - INFO - [지표] ADX=nan, Bull=nan, Bear=nan
2026-01-27 15:50:56,668 - INFO - [상태] 포지션 없음, 자본금: $5571.21
2026-01-27 15:50:56,669 - INFO - [지표] ADX=nan, Bull=nan, Bear=nan
2026-01-27 15:55:56,670 - INFO - [상태] 포지션 없음, 자본금: $5571.21
2026-01-27 15:55:56,670 - INFO - [지표] ADX=nan, Bull=nan, Bear=nan
2026-01-27 16:00:01,089 - INFO - [EMA] 증분계산: prev=88455.14, close=88295.4, new=88442.85
2026-01-27 16:00:01,099 - INFO - 15m | 06:45 | O:88250.4 H:88315.0 L:88239.9 C:88295.4
2026-01-27 16:00:01,099 - INFO - 지표: ADX=17.8, ATR=150.0, Bull=False, Bear=False
2026-01-27 16:00:56,671 - INFO - [상태] 포지션 없음, 자본금: $5571.21
2026-01-27 16:00:56,671 - INFO - [지표] ADX=nan, Bull=nan, Bear=nan
2026-01-27 16:05:56,672 - INFO - [상태] 포지션 없음, 자본금: $5571.21
2026-01-27 16:05:56,672 - INFO - [지표] ADX=nan, Bull=nan, Bear=nan
2026-01-27 16:10:56,674 - INFO - [상태] 포지션 없음, 자본금: $5571.21
2026-01-27 16:10:56,674 - INFO - [지표] ADX=nan, Bull=nan, Bear=nan
2026-01-27 16:15:00,328 - INFO - [EMA] 증분계산: prev=88442.85, close=88458.9, new=88444.09
2026-01-27 16:15:00,335 - INFO - 15m | 07:00 | O:88295.3 H:88475.7 L:88290.5 C:88458.9
2026-01-27 16:15:00,335 - INFO - 지표: ADX=16.8, ATR=153.5, Bull=False, Bear=False
2026-01-27 16:15:56,675 - INFO - [상태] 포지션 없음, 자본금: $5571.21
2026-01-27 16:15:56,675 - INFO - [지표] ADX=nan, Bull=nan, Bear=nan
2026-01-27 16:20:56,676 - INFO - [상태] 포지션 없음, 자본금: $5571.21
2026-01-27 16:20:56,676 - INFO - [지표] ADX=nan, Bull=nan, Bear=nan
2026-01-27 16:25:56,677 - INFO - [상태] 포지션 없음, 자본금: $5571.21
2026-01-27 16:25:56,677 - INFO - [지표] ADX=nan, Bull=nan, Bear=nan
2026-01-27 16:30:00,207 - INFO - [EMA] 증분계산: prev=88444.09, close=88479.9, new=88446.84
2026-01-27 16:30:00,213 - INFO - 15m | 07:15 | O:88458.9 H:88479.9 L:88383.2 C:88479.9
2026-01-27 16:30:00,213 - INFO - 지표: ADX=15.9, ATR=147.8, Bull=False, Bear=False
2026-01-27 16:30:56,678 - INFO - [상태] 포지션 없음, 자본금: $5571.21
2026-01-27 16:30:56,678 - INFO - [지표] ADX=nan, Bull=nan, Bear=nan
2026-01-27 16:35:56,680 - INFO - [상태] 포지션 없음, 자본금: $5571.21
2026-01-27 16:35:56,681 - INFO - [지표] ADX=nan, Bull=nan, Bear=nan
2026-01-27 16:40:56,683 - INFO - [상태] 포지션 없음, 자본금: $5571.21
2026-01-27 16:40:56,684 - INFO - [지표] ADX=nan, Bull=nan, Bear=nan
2026-01-27 16:45:00,114 - INFO - [EMA] 증분계산: prev=88446.84, close=88415.1, new=88444.40
2026-01-27 16:45:00,124 - INFO - 15m | 07:30 | O:88479.9 H:88519.5 L:88414.0 C:88415.1
2026-01-27 16:45:00,124 - INFO - 지표: ADX=15.4, ATR=143.6, Bull=False, Bear=False
2026-01-27 16:45:56,684 - INFO - [상태] 포지션 없음, 자본금: $5571.21
2026-01-27 16:45:56,684 - INFO - [지표] ADX=nan, Bull=nan, Bear=nan
2026-01-27 16:50:56,686 - INFO - [상태] 포지션 없음, 자본금: $5571.21
2026-01-27 16:50:56,686 - INFO - [지표] ADX=nan, Bull=nan, Bear=nan
2026-01-27 16:55:56,688 - INFO - [상태] 포지션 없음, 자본금: $5571.21
2026-01-27 16:55:56,689 - INFO - [지표] ADX=nan, Bull=nan, Bear=nan
2026-01-27 17:00:01,621 - INFO - [EMA] 증분계산: prev=88444.40, close=88287.9, new=88432.36
2026-01-27 17:00:01,630 - INFO - 15m | 07:45 | O:88415.2 H:88418.3 L:88278.1 C:88287.9
2026-01-27 17:00:01,630 - INFO - 지표: ADX=14.7, ATR=143.3, Bull=False, Bear=False
2026-01-27 17:00:56,689 - INFO - [상태] 포지션 없음, 자본금: $5571.21
2026-01-27 17:00:56,690 - INFO - [지표] ADX=nan, Bull=nan, Bear=nan
2026-01-27 17:05:56,690 - INFO - [상태] 포지션 없음, 자본금: $5571.21
2026-01-27 17:05:56,690 - INFO - [지표] ADX=nan, Bull=nan, Bear=nan
2026-01-27 17:10:56,691 - INFO - [상태] 포지션 없음, 자본금: $5571.21
2026-01-27 17:10:56,692 - INFO - [지표] ADX=nan, Bull=nan, Bear=nan
2026-01-27 17:15:00,347 - INFO - [EMA] 증분계산: prev=88432.36, close=88326.1, new=88424.19
2026-01-27 17:15:00,356 - INFO - 15m | 08:00 | O:88288.0 H:88357.1 L:88261.2 C:88326.1
2026-01-27 17:15:00,357 - INFO - 지표: ADX=14.1, ATR=138.5, Bull=False, Bear=False
2026-01-27 17:15:56,693 - INFO - [상태] 포지션 없음, 자본금: $5571.21
2026-01-27 17:15:56,693 - INFO - [지표] ADX=nan, Bull=nan, Bear=nan
2026-01-27 17:20:56,695 - INFO - [상태] 포지션 없음, 자본금: $5571.21
2026-01-27 17:20:56,696 - INFO - [지표] ADX=nan, Bull=nan, Bear=nan
2026-01-27 17:25:56,697 - INFO - [상태] 포지션 없음, 자본금: $5571.21
2026-01-27 17:25:56,697 - INFO - [지표] ADX=nan, Bull=nan, Bear=nan
2026-01-27 17:30:00,148 - INFO - [EMA] 증분계산: prev=88424.19, close=88193.7, new=88406.46
2026-01-27 17:30:00,157 - INFO - 15m | 08:15 | O:88326.1 H:88365.6 L:88175.0 C:88193.7
2026-01-27 17:30:00,157 - INFO - 지표: ADX=14.2, ATR=143.7, Bull=False, Bear=False
2026-01-27 17:30:56,698 - INFO - [상태] 포지션 없음, 자본금: $5571.21
2026-01-27 17:30:56,698 - INFO - [지표] ADX=nan, Bull=nan, Bear=nan
2026-01-27 17:35:56,699 - INFO - [상태] 포지션 없음, 자본금: $5571.21
2026-01-27 17:35:56,699 - INFO - [지표] ADX=nan, Bull=nan, Bear=nan
2026-01-27 17:40:56,701 - INFO - [상태] 포지션 없음, 자본금: $5571.21
2026-01-27 17:40:56,701 - INFO - [지표] ADX=nan, Bull=nan, Bear=nan
2026-01-27 17:45:01,124 - INFO - [EMA] 증분계산: prev=88406.46, close=88190.7, new=88389.86
2026-01-27 17:45:01,134 - INFO - 15m | 08:30 | O:88193.8 H:88271.1 L:88157.2 C:88190.7
2026-01-27 17:45:01,134 - INFO - 지표: ADX=14.4, ATR=140.8, Bull=False, Bear=False
2026-01-27 17:45:56,702 - INFO - [상태] 포지션 없음, 자본금: $5571.21
2026-01-27 17:45:56,702 - INFO - [지표] ADX=nan, Bull=nan, Bear=nan
2026-01-27 17:50:56,704 - INFO - [상태] 포지션 없음, 자본금: $5571.21
2026-01-27 17:50:56,705 - INFO - [지표] ADX=nan, Bull=nan, Bear=nan
2026-01-27 17:55:56,705 - INFO - [상태] 포지션 없음, 자본금: $5571.21
2026-01-27 17:55:56,706 - INFO - [지표] ADX=nan, Bull=nan, Bear=nan
2026-01-27 18:00:00,112 - INFO - [EMA] 증분계산: prev=88389.86, close=88137.5, new=88370.45
2026-01-27 18:00:00,121 - INFO - 15m | 08:45 | O:88190.7 H:88190.8 L:88084.0 C:88137.5
2026-01-27 18:00:00,121 - INFO - 지표: ADX=15.0, ATR=137.4, Bull=False, Bear=False
2026-01-27 18:00:56,707 - INFO - [상태] 포지션 없음, 자본금: $5571.21
2026-01-27 18:00:56,707 - INFO - [지표] ADX=nan, Bull=nan, Bear=nan
2026-01-27 18:05:56,708 - INFO - [상태] 포지션 없음, 자본금: $5571.21
2026-01-27 18:05:56,708 - INFO - [지표] ADX=nan, Bull=nan, Bear=nan
2026-01-27 18:10:56,709 - INFO - [상태] 포지션 없음, 자본금: $5571.21
2026-01-27 18:10:56,709 - INFO - [지표] ADX=nan, Bull=nan, Bear=nan
2026-01-27 18:15:00,188 - INFO - [EMA] 증분계산: prev=88370.45, close=87969.7, new=88339.62
2026-01-27 18:15:00,198 - INFO - 15m | 09:00 | O:88137.6 H:88137.6 L:87952.9 C:87969.7
2026-01-27 18:15:00,198 - INFO - 지표: ADX=16.3, ATR=142.1, Bull=False, Bear=False
2026-01-27 18:15:56,711 - INFO - [상태] 포지션 없음, 자본금: $5571.21
2026-01-27 18:15:56,712 - INFO - [지표] ADX=nan, Bull=nan, Bear=nan
2026-01-27 18:20:56,713 - INFO - [상태] 포지션 없음, 자본금: $5571.21
2026-01-27 18:20:56,713 - INFO - [지표] ADX=nan, Bull=nan, Bear=nan
2026-01-27 18:25:56,715 - INFO - [상태] 포지션 없음, 자본금: $5571.21
2026-01-27 18:25:56,715 - INFO - [지표] ADX=nan, Bull=nan, Bear=nan
2026-01-27 18:30:00,423 - INFO - [EMA] 증분계산: prev=88339.62, close=87948.7, new=88309.55
2026-01-27 18:30:00,433 - INFO - 15m | 09:15 | O:87969.6 H:88046.8 L:87937.8 C:87948.7
2026-01-27 18:30:00,433 - INFO - 지표: ADX=17.5, ATR=138.8, Bull=False, Bear=False
2026-01-27 18:30:56,716 - INFO - [상태] 포지션 없음, 자본금: $5571.21
2026-01-27 18:30:56,717 - INFO - [지표] ADX=nan, Bull=nan, Bear=nan
2026-01-27 18:35:56,717 - INFO - [상태] 포지션 없음, 자본금: $5571.21
2026-01-27 18:35:56,718 - INFO - [지표] ADX=nan, Bull=nan, Bear=nan
2026-01-27 18:40:56,718 - INFO - [상태] 포지션 없음, 자본금: $5571.21
2026-01-27 18:40:56,718 - INFO - [지표] ADX=nan, Bull=nan, Bear=nan
2026-01-27 18:45:00,448 - INFO - [EMA] 증분계산: prev=88309.55, close=87992.4, new=88285.15
2026-01-27 18:45:00,455 - INFO - 15m | 09:30 | O:87948.7 H:88018.3 L:87877.0 C:87992.4
2026-01-27 18:45:00,455 - INFO - 지표: ADX=19.0, ATR=139.0, Bull=False, Bear=False
2026-01-27 18:45:56,719 - INFO - [상태] 포지션 없음, 자본금: $5571.21
2026-01-27 18:45:56,720 - INFO - [지표] ADX=nan, Bull=nan, Bear=nan
2026-01-27 18:50:56,720 - INFO - [상태] 포지션 없음, 자본금: $5571.21
2026-01-27 18:50:56,721 - INFO - [지표] ADX=nan, Bull=nan, Bear=nan
2026-01-27 18:55:56,723 - INFO - [상태] 포지션 없음, 자본금: $5571.21
2026-01-27 18:55:56,723 - INFO - [지표] ADX=nan, Bull=nan, Bear=nan
2026-01-27 19:00:00,300 - INFO - [EMA] 증분계산: prev=88285.15, close=87852.6, new=88251.88
2026-01-27 19:00:00,310 - INFO - 15m | 09:45 | O:87992.3 H:88022.7 L:87825.0 C:87852.6
2026-01-27 19:00:00,310 - INFO - 지표: ADX=20.6, ATR=144.9, Bull=False, Bear=False
2026-01-27 19:00:56,725 - INFO - [상태] 포지션 없음, 자본금: $5571.21
2026-01-27 19:00:56,725 - INFO - [지표] ADX=nan, Bull=nan, Bear=nan
2026-01-27 19:05:56,726 - INFO - [상태] 포지션 없음, 자본금: $5571.21
2026-01-27 19:05:56,727 - INFO - [지표] ADX=nan, Bull=nan, Bear=nan
2026-01-27 19:10:56,728 - INFO - [상태] 포지션 없음, 자본금: $5571.21
2026-01-27 19:10:56,728 - INFO - [지표] ADX=nan, Bull=nan, Bear=nan
2026-01-27 19:15:00,088 - INFO - [EMA] 증분계산: prev=88251.88, close=87963.5, new=88229.70
2026-01-27 19:15:00,094 - INFO - 15m | 10:00 | O:87852.6 H:88018.8 L:87842.7 C:87963.5
2026-01-27 19:15:00,095 - INFO - 지표: ADX=22.1, ATR=148.0, Bull=False, Bear=False
2026-01-27 19:15:56,729 - INFO - [상태] 포지션 없음, 자본금: $5571.21
2026-01-27 19:15:56,729 - INFO - [지표] ADX=nan, Bull=nan, Bear=nan
2026-01-27 19:20:56,730 - INFO - [상태] 포지션 없음, 자본금: $5571.21
2026-01-27 19:20:56,730 - INFO - [지표] ADX=nan, Bull=nan, Bear=nan
2026-01-27 19:25:56,733 - INFO - [상태] 포지션 없음, 자본금: $5571.21
2026-01-27 19:25:56,733 - INFO - [지표] ADX=nan, Bull=nan, Bear=nan
2026-01-27 19:30:00,949 - INFO - [EMA] 증분계산: prev=88229.70, close=87951.1, new=88208.27
2026-01-27 19:30:00,958 - INFO - 15m | 10:15 | O:87963.4 H:88023.1 L:87951.0 C:87951.1
2026-01-27 19:30:00,958 - INFO - 지표: ADX=23.5, ATR=140.4, Bull=False, Bear=False
2026-01-27 19:30:56,734 - INFO - [상태] 포지션 없음, 자본금: $5571.21
2026-01-27 19:30:56,734 - INFO - [지표] ADX=nan, Bull=nan, Bear=nan
2026-01-27 19:35:56,736 - INFO - [상태] 포지션 없음, 자본금: $5571.21
2026-01-27 19:35:56,736 - INFO - [지표] ADX=nan, Bull=nan, Bear=nan
2026-01-27 19:40:56,738 - INFO - [상태] 포지션 없음, 자본금: $5571.21
2026-01-27 19:40:56,738 - INFO - [지표] ADX=nan, Bull=nan, Bear=nan
2026-01-27 19:45:00,038 - INFO - [EMA] 증분계산: prev=88208.27, close=87792.7, new=88176.30
2026-01-27 19:45:00,048 - INFO - 15m | 10:30 | O:87951.1 H:87951.1 L:87779.0 C:87792.7
2026-01-27 19:45:00,048 - INFO - 지표: ADX=25.5, ATR=143.6, Bull=False, Bear=False
2026-01-27 19:45:56,739 - INFO - [상태] 포지션 없음, 자본금: $5571.21
2026-01-27 19:45:56,739 - INFO - [지표] ADX=nan, Bull=nan, Bear=nan
2026-01-27 19:50:56,742 - INFO - [상태] 포지션 없음, 자본금: $5571.21
2026-01-27 19:50:56,742 - INFO - [지표] ADX=nan, Bull=nan, Bear=nan
2026-01-27 19:55:56,743 - INFO - [상태] 포지션 없음, 자본금: $5571.21
2026-01-27 19:55:56,744 - INFO - [지표] ADX=nan, Bull=nan, Bear=nan
2026-01-27 20:00:00,853 - INFO - [EMA] 증분계산: prev=88176.30, close=87754.3, new=88143.84
2026-01-27 20:00:00,859 - INFO - 15m | 10:45 | O:87792.7 H:87819.8 L:87722.0 C:87754.3
2026-01-27 20:00:00,859 - INFO - 지표: ADX=27.6, ATR=139.0, Bull=False, Bear=False
2026-01-27 20:00:56,745 - INFO - [상태] 포지션 없음, 자본금: $5571.21
2026-01-27 20:00:56,745 - INFO - [지표] ADX=nan, Bull=nan, Bear=nan
2026-01-27 20:05:56,746 - INFO - [상태] 포지션 없음, 자본금: $5571.21
2026-01-27 20:05:56,746 - INFO - [지표] ADX=nan, Bull=nan, Bear=nan
2026-01-27 20:10:56,746 - INFO - [상태] 포지션 없음, 자본금: $5571.21
2026-01-27 20:10:56,747 - INFO - [지표] ADX=nan, Bull=nan, Bear=nan
2026-01-27 20:15:00,418 - INFO - [EMA] 증분계산: prev=88143.84, close=87850.2, new=88121.25
2026-01-27 20:15:00,428 - INFO - 15m | 11:00 | O:87754.3 H:87874.2 L:87707.1 C:87850.2
2026-01-27 20:15:00,428 - INFO - 지표: ADX=28.8, ATR=141.8, Bull=False, Bear=True
2026-01-27 20:15:56,747 - INFO - [상태] 포지션 없음, 자본금: $5571.21
2026-01-27 20:15:56,748 - INFO - [지표] ADX=nan, Bull=nan, Bear=nan
2026-01-27 20:20:56,749 - INFO - [상태] 포지션 없음, 자본금: $5571.21
2026-01-27 20:20:56,749 - INFO - [지표] ADX=nan, Bull=nan, Bear=nan
2026-01-27 20:25:56,750 - INFO - [상태] 포지션 없음, 자본금: $5571.21
2026-01-27 20:25:56,751 - INFO - [지표] ADX=nan, Bull=nan, Bear=nan
2026-01-27 20:30:00,261 - INFO - [EMA] 증분계산: prev=88121.25, close=87839.6, new=88099.59
2026-01-27 20:30:00,270 - INFO - 15m | 11:15 | O:87850.3 H:87878.6 L:87765.3 C:87839.6
2026-01-27 20:30:00,270 - INFO - 지표: ADX=30.0, ATR=139.0, Bull=False, Bear=True
2026-01-27 20:30:56,751 - INFO - [상태] 포지션 없음, 자본금: $5571.21
2026-01-27 20:30:56,752 - INFO - [지표] ADX=nan, Bull=nan, Bear=nan
2026-01-27 20:35:56,753 - INFO - [상태] 포지션 없음, 자본금: $5571.21
2026-01-27 20:35:56,753 - INFO - [지표] ADX=nan, Bull=nan, Bear=nan
2026-01-27 20:40:56,753 - INFO - [상태] 포지션 없음, 자본금: $5571.21
2026-01-27 20:40:56,754 - INFO - [지표] ADX=nan, Bull=nan, Bear=nan
2026-01-27 20:45:00,045 - INFO - [EMA] 증분계산: prev=88099.59, close=88015.0, new=88093.08
2026-01-27 20:45:00,055 - INFO - 15m | 11:30 | O:87839.5 H:88023.0 L:87839.5 C:88015.0
2026-01-27 20:45:00,055 - INFO - 지표: ADX=29.4, ATR=143.4, Bull=False, Bear=True
2026-01-27 20:45:56,755 - INFO - [상태] 포지션 없음, 자본금: $5571.21
2026-01-27 20:45:56,755 - INFO - [지표] ADX=nan, Bull=nan, Bear=nan
2026-01-27 20:50:56,756 - INFO - [상태] 포지션 없음, 자본금: $5571.21
2026-01-27 20:50:56,757 - INFO - [지표] ADX=nan, Bull=nan, Bear=nan
2026-01-27 20:55:56,757 - INFO - [상태] 포지션 없음, 자본금: $5571.21
2026-01-27 20:55:56,758 - INFO - [지표] ADX=nan, Bull=nan, Bear=nan
2026-01-27 21:00:01,183 - INFO - [EMA] 증분계산: prev=88093.08, close=87947.5, new=88081.88
2026-01-27 21:00:01,192 - INFO - 15m | 11:45 | O:88015.0 H:88065.9 L:87947.4 C:87947.5
2026-01-27 21:00:01,192 - INFO - 지표: ADX=28.5, ATR=140.9, Bull=False, Bear=True
2026-01-27 21:00:56,759 - INFO - [상태] 포지션 없음, 자본금: $5571.21
2026-01-27 21:00:56,759 - INFO - [지표] ADX=nan, Bull=nan, Bear=nan
2026-01-27 21:05:56,761 - INFO - [상태] 포지션 없음, 자본금: $5571.21
2026-01-27 21:05:56,761 - INFO - [지표] ADX=nan, Bull=nan, Bear=nan
2026-01-27 21:10:56,763 - INFO - [상태] 포지션 없음, 자본금: $5571.21
2026-01-27 21:10:56,763 - INFO - [지표] ADX=nan, Bull=nan, Bear=nan
2026-01-27 21:15:00,099 - INFO - [EMA] 증분계산: prev=88081.88, close=88058.3, new=88080.07
2026-01-27 21:15:00,106 - INFO - 15m | 12:00 | O:87947.4 H:88064.4 L:87922.6 C:88058.3
2026-01-27 21:15:00,106 - INFO - 지표: ADX=27.8, ATR=141.0, Bull=False, Bear=True
2026-01-27 21:15:56,764 - INFO - [상태] 포지션 없음, 자본금: $5571.21
2026-01-27 21:15:56,764 - INFO - [지표] ADX=nan, Bull=nan, Bear=nan
2026-01-27 21:20:56,766 - INFO - [상태] 포지션 없음, 자본금: $5571.21
2026-01-27 21:20:56,766 - INFO - [지표] ADX=nan, Bull=nan, Bear=nan
2026-01-27 21:25:56,767 - INFO - [상태] 포지션 없음, 자본금: $5571.21
2026-01-27 21:25:56,767 - INFO - [지표] ADX=nan, Bull=nan, Bear=nan
2026-01-27 21:30:00,171 - INFO - [EMA] 증분계산: prev=88080.07, close=88007.4, new=88074.48
2026-01-27 21:30:00,177 - INFO - 15m | 12:15 | O:88058.2 H:88126.3 L:88000.0 C:88007.4
2026-01-27 21:30:00,177 - INFO - 지표: ADX=26.6, ATR=139.5, Bull=False, Bear=True
2026-01-27 21:30:56,768 - INFO - [상태] 포지션 없음, 자본금: $5571.21
2026-01-27 21:30:56,768 - INFO - [지표] ADX=nan, Bull=nan, Bear=nan
2026-01-27 21:35:56,769 - INFO - [상태] 포지션 없음, 자본금: $5571.21
2026-01-27 21:35:56,770 - INFO - [지표] ADX=nan, Bull=nan, Bear=nan
2026-01-27 21:40:56,771 - INFO - [상태] 포지션 없음, 자본금: $5571.21
2026-01-27 21:40:56,771 - INFO - [지표] ADX=nan, Bull=nan, Bear=nan
2026-01-27 21:45:00,266 - INFO - [EMA] 증분계산: prev=88074.48, close=87958.9, new=88065.59
2026-01-27 21:45:00,276 - INFO - 15m | 12:30 | O:88007.4 H:88021.5 L:87958.9 C:87958.9
2026-01-27 21:45:00,276 - INFO - 지표: ADX=25.7, ATR=131.9, Bull=False, Bear=True
2026-01-27 21:45:56,772 - INFO - [상태] 포지션 없음, 자본금: $5571.21
2026-01-27 21:45:56,772 - INFO - [지표] ADX=nan, Bull=nan, Bear=nan
2026-01-27 21:50:56,774 - INFO - [상태] 포지션 없음, 자본금: $5571.21
2026-01-27 21:50:56,775 - INFO - [지표] ADX=nan, Bull=nan, Bear=nan
2026-01-27 21:55:56,776 - INFO - [상태] 포지션 없음, 자본금: $5571.21
2026-01-27 21:55:56,776 - INFO - [지표] ADX=nan, Bull=nan, Bear=nan
2026-01-27 22:00:00,662 - INFO - [EMA] 증분계산: prev=88065.59, close=87952.2, new=88056.86
2026-01-27 22:00:00,671 - INFO - 15m | 12:45 | O:87958.9 H:88000.0 L:87911.9 C:87952.2
2026-01-27 22:00:00,671 - INFO - 지표: ADX=25.3, ATR=127.5, Bull=False, Bear=True
2026-01-27 22:00:56,777 - INFO - [상태] 포지션 없음, 자본금: $5571.21
2026-01-27 22:00:56,777 - INFO - [지표] ADX=nan, Bull=nan, Bear=nan
2026-01-27 22:05:56,778 - INFO - [상태] 포지션 없음, 자본금: $5571.21
2026-01-27 22:05:56,779 - INFO - [지표] ADX=nan, Bull=nan, Bear=nan
2026-01-27 22:10:56,780 - INFO - [상태] 포지션 없음, 자본금: $5571.21
2026-01-27 22:10:56,781 - INFO - [지표] ADX=nan, Bull=nan, Bear=nan
2026-01-27 22:15:00,317 - INFO - [EMA] 증분계산: prev=88056.86, close=87880.3, new=88043.28
2026-01-27 22:15:00,327 - INFO - 15m | 13:00 | O:87952.1 H:87976.4 L:87861.4 C:87880.3
2026-01-27 22:15:00,327 - INFO - 지표: ADX=25.2, ATR=126.2, Bull=False, Bear=True
2026-01-27 22:15:56,781 - INFO - [상태] 포지션 없음, 자본금: $5571.21
2026-01-27 22:15:56,782 - INFO - [지표] ADX=nan, Bull=nan, Bear=nan
2026-01-27 22:20:56,783 - INFO - [상태] 포지션 없음, 자본금: $5571.21
2026-01-27 22:20:56,783 - INFO - [지표] ADX=nan, Bull=nan, Bear=nan
2026-01-27 22:25:56,785 - INFO - [상태] 포지션 없음, 자본금: $5571.21
2026-01-27 22:25:56,786 - INFO - [지표] ADX=nan, Bull=nan, Bear=nan
2026-01-27 22:30:00,085 - INFO - [EMA] 증분계산: prev=88043.28, close=87778.9, new=88022.95
2026-01-27 22:30:00,095 - INFO - 15m | 13:15 | O:87880.3 H:87897.8 L:87755.0 C:87778.9
2026-01-27 22:30:00,095 - INFO - 지표: ADX=25.9, ATR=127.9, Bull=False, Bear=True
2026-01-27 22:30:56,786 - INFO - [상태] 포지션 없음, 자본금: $5571.21
2026-01-27 22:30:56,787 - INFO - [지표] ADX=nan, Bull=nan, Bear=nan
2026-01-27 22:35:56,788 - INFO - [상태] 포지션 없음, 자본금: $5571.21
2026-01-27 22:35:56,789 - INFO - [지표] ADX=nan, Bull=nan, Bear=nan
2026-01-27 22:40:56,789 - INFO - [상태] 포지션 없음, 자본금: $5571.21
2026-01-27 22:40:56,790 - INFO - [지표] ADX=nan, Bull=nan, Bear=nan
2026-01-27 22:45:00,353 - INFO - [EMA] 증분계산: prev=88022.95, close=88004.3, new=88021.51
2026-01-27 22:45:00,360 - INFO - 15m | 13:30 | O:87778.9 H:88042.6 L:87764.7 C:88004.3
2026-01-27 22:45:00,360 - INFO - 지표: ADX=25.0, ATR=142.9, Bull=False, Bear=True
2026-01-27 22:45:56,790 - INFO - [상태] 포지션 없음, 자본금: $5571.21
2026-01-27 22:45:56,791 - INFO - [지표] ADX=nan, Bull=nan, Bear=nan
2026-01-27 22:50:56,792 - INFO - [상태] 포지션 없음, 자본금: $5571.21
2026-01-27 22:50:56,792 - INFO - [지표] ADX=nan, Bull=nan, Bear=nan
2026-01-27 22:55:56,794 - INFO - [상태] 포지션 없음, 자본금: $5571.21
2026-01-27 22:55:56,794 - INFO - [지표] ADX=nan, Bull=nan, Bear=nan
2026-01-27 23:00:00,057 - INFO - [EMA] 증분계산: prev=88021.51, close=87945.2, new=88015.64
2026-01-27 23:00:00,064 - INFO - 15m | 13:45 | O:88004.2 H:88004.2 L:87833.9 C:87945.2
2026-01-27 23:00:00,064 - INFO - 지표: ADX=24.1, ATR=145.6, Bull=False, Bear=True
2026-01-27 23:00:56,796 - INFO - [상태] 포지션 없음, 자본금: $5571.21
2026-01-27 23:00:56,796 - INFO - [지표] ADX=nan, Bull=nan, Bear=nan
2026-01-27 23:05:56,796 - INFO - [상태] 포지션 없음, 자본금: $5571.21
2026-01-27 23:05:56,796 - INFO - [지표] ADX=nan, Bull=nan, Bear=nan
2026-01-27 23:10:56,798 - INFO - [상태] 포지션 없음, 자본금: $5571.21
2026-01-27 23:10:56,798 - INFO - [지표] ADX=nan, Bull=nan, Bear=nan
2026-01-27 23:15:00,069 - INFO - [EMA] 증분계산: prev=88015.64, close=88259.0, new=88034.36
2026-01-27 23:15:00,075 - INFO - 15m | 14:00 | O:87945.2 H:88272.8 L:87912.3 C:88259.0
2026-01-27 23:15:00,075 - INFO - 지표: ADX=23.5, ATR=167.1, Bull=False, Bear=False
2026-01-27 23:15:56,799 - INFO - [상태] 포지션 없음, 자본금: $5571.21
2026-01-27 23:15:56,799 - INFO - [지표] ADX=nan, Bull=nan, Bear=nan
2026-01-27 23:20:56,800 - INFO - [상태] 포지션 없음, 자본금: $5571.21
2026-01-27 23:20:56,801 - INFO - [지표] ADX=nan, Bull=nan, Bear=nan
2026-01-27 23:25:56,801 - INFO - [상태] 포지션 없음, 자본금: $5571.21
2026-01-27 23:25:56,801 - INFO - [지표] ADX=nan, Bull=nan, Bear=nan
2026-01-27 23:30:00,048 - INFO - [EMA] 증분계산: prev=88034.36, close=88214.9, new=88048.25
2026-01-27 23:30:00,057 - INFO - 15m | 14:15 | O:88259.0 H:88418.8 L:88149.6 C:88214.9
2026-01-27 23:30:00,057 - INFO - 지표: ADX=23.6, ATR=177.3, Bull=False, Bear=False
2026-01-27 23:30:56,802 - INFO - [상태] 포지션 없음, 자본금: $5571.21
2026-01-27 23:30:56,803 - INFO - [지표] ADX=nan, Bull=nan, Bear=nan
2026-01-27 23:35:56,804 - INFO - [상태] 포지션 없음, 자본금: $5571.21
2026-01-27 23:35:56,804 - INFO - [지표] ADX=nan, Bull=nan, Bear=nan
2026-01-27 23:40:56,805 - INFO - [상태] 포지션 없음, 자본금: $5571.21
2026-01-27 23:40:56,805 - INFO - [지표] ADX=nan, Bull=nan, Bear=nan
2026-01-27 23:45:00,040 - INFO - [EMA] 증분계산: prev=88048.25, close=87637.2, new=88016.63
2026-01-27 23:45:00,049 - INFO - 15m | 14:30 | O:88214.9 H:88300.1 L:87630.0 C:87637.2
2026-01-27 23:45:00,049 - INFO - 지표: ADX=23.0, ATR=226.6, Bull=False, Bear=True
2026-01-27 23:45:56,806 - INFO - [상태] 포지션 없음, 자본금: $5571.21
2026-01-27 23:45:56,806 - INFO - [지표] ADX=nan, Bull=nan, Bear=nan
2026-01-27 23:50:56,808 - INFO - [상태] 포지션 없음, 자본금: $5571.21
2026-01-27 23:50:56,808 - INFO - [지표] ADX=nan, Bull=nan, Bear=nan
2026-01-27 23:55:56,810 - INFO - [상태] 포지션 없음, 자본금: $5571.21
2026-01-27 23:55:56,810 - INFO - [지표] ADX=nan, Bull=nan, Bear=nan
2026-01-28 00:00:00,197 - INFO - [EMA] 증분계산: prev=88016.63, close=87712.1, new=87993.20
2026-01-28 00:00:00,204 - INFO - 15m | 14:45 | O:87637.2 H:87918.0 L:87622.0 C:87712.1
2026-01-28 00:00:00,204 - INFO - 지표: ADX=22.5, ATR=233.5, Bull=False, Bear=True
2026-01-28 00:00:56,811 - INFO - [상태] 포지션 없음, 자본금: $5571.21
2026-01-28 00:00:56,812 - INFO - [지표] ADX=nan, Bull=nan, Bear=nan
2026-01-28 00:05:56,812 - INFO - [상태] 포지션 없음, 자본금: $5571.21
2026-01-28 00:05:56,813 - INFO - [지표] ADX=nan, Bull=nan, Bear=nan
2026-01-28 00:10:56,815 - INFO - [상태] 포지션 없음, 자본금: $5571.21
2026-01-28 00:10:56,815 - INFO - [지표] ADX=nan, Bull=nan, Bear=nan
2026-01-28 00:15:00,062 - INFO - [EMA] 증분계산: prev=87993.20, close=87944.6, new=87989.47
2026-01-28 00:15:00,071 - INFO - 15m | 15:00 | O:87712.2 H:88167.1 L:87530.0 C:87944.6
2026-01-28 00:15:00,071 - INFO - 지표: ADX=21.0, ATR=273.9, Bull=False, Bear=True
2026-01-28 00:15:56,816 - INFO - [상태] 포지션 없음, 자본금: $5571.21
2026-01-28 00:15:56,816 - INFO - [지표] ADX=nan, Bull=nan, Bear=nan
2026-01-28 00:20:56,818 - INFO - [상태] 포지션 없음, 자본금: $5571.21
2026-01-28 00:20:56,818 - INFO - [지표] ADX=nan, Bull=nan, Bear=nan
2026-01-28 00:25:56,820 - INFO - [상태] 포지션 없음, 자본금: $5571.21
2026-01-28 00:25:56,820 - INFO - [지표] ADX=nan, Bull=nan, Bear=nan
2026-01-28 00:30:00,034 - INFO - [EMA] 증분계산: prev=87989.47, close=87591.2, new=87958.83
2026-01-28 00:30:00,043 - INFO - 15m | 15:15 | O:87944.6 H:87977.8 L:87582.2 C:87591.2
2026-01-28 00:30:00,043 - INFO - 지표: ADX=19.6, ATR=286.1, Bull=False, Bear=True
2026-01-28 00:30:56,821 - INFO - [상태] 포지션 없음, 자본금: $5571.21
2026-01-28 00:30:56,821 - INFO - [지표] ADX=nan, Bull=nan, Bear=nan
2026-01-28 00:35:56,822 - INFO - [상태] 포지션 없음, 자본금: $5571.21
2026-01-28 00:35:56,823 - INFO - [지표] ADX=nan, Bull=nan, Bear=nan
2026-01-28 00:40:56,824 - INFO - [상태] 포지션 없음, 자본금: $5571.21
2026-01-28 00:40:56,824 - INFO - [지표] ADX=nan, Bull=nan, Bear=nan
2026-01-28 00:45:00,271 - INFO - [EMA] 증분계산: prev=87958.83, close=87662.7, new=87936.05
2026-01-28 00:45:00,277 - INFO - 15m | 15:30 | O:87591.1 H:87828.4 L:87579.8 C:87662.7
2026-01-28 00:45:00,277 - INFO - 지표: ADX=18.3, ATR=282.3, Bull=False, Bear=True
2026-01-28 00:45:56,825 - INFO - [상태] 포지션 없음, 자본금: $5571.21
2026-01-28 00:45:56,826 - INFO - [지표] ADX=nan, Bull=nan, Bear=nan
2026-01-28 00:50:56,826 - INFO - [상태] 포지션 없음, 자본금: $5571.21
2026-01-28 00:50:56,826 - INFO - [지표] ADX=nan, Bull=nan, Bear=nan
2026-01-28 00:55:56,828 - INFO - [상태] 포지션 없음, 자본금: $5571.21
2026-01-28 00:55:56,828 - INFO - [지표] ADX=nan, Bull=nan, Bear=nan
2026-01-28 01:00:01,651 - INFO - [EMA] 증분계산: prev=87936.05, close=88000.1, new=87940.98
2026-01-28 01:00:01,657 - INFO - 15m | 15:45 | O:87662.7 H:88032.7 L:87662.6 C:88000.1
2026-01-28 01:00:01,657 - INFO - 지표: ADX=18.1, ATR=291.1, Bull=False, Bear=True
2026-01-28 01:00:56,830 - INFO - [상태] 포지션 없음, 자본금: $5571.21
2026-01-28 01:00:56,830 - INFO - [지표] ADX=nan, Bull=nan, Bear=nan
2026-01-28 01:05:56,831 - INFO - [상태] 포지션 없음, 자본금: $5571.21
2026-01-28 01:05:56,831 - INFO - [지표] ADX=nan, Bull=nan, Bear=nan
2026-01-28 01:10:56,832 - INFO - [상태] 포지션 없음, 자본금: $5571.21
2026-01-28 01:10:56,833 - INFO - [지표] ADX=nan, Bull=nan, Bear=nan
2026-01-28 01:15:00,051 - INFO - [EMA] 증분계산: prev=87940.98, close=88406.2, new=87976.76
2026-01-28 01:15:00,058 - INFO - 15m | 16:00 | O:88000.1 H:88683.8 L:87962.6 C:88406.2
2026-01-28 01:15:00,058 - INFO - 지표: ADX=19.8, ATR=334.1, Bull=False, Bear=False
2026-01-28 01:15:56,834 - INFO - [상태] 포지션 없음, 자본금: $5571.21
2026-01-28 01:15:56,835 - INFO - [지표] ADX=nan, Bull=nan, Bear=nan
2026-01-28 01:20:56,836 - INFO - [상태] 포지션 없음, 자본금: $5571.21
2026-01-28 01:20:56,836 - INFO - [지표] ADX=nan, Bull=nan, Bear=nan
2026-01-28 01:25:56,837 - INFO - [상태] 포지션 없음, 자본금: $5571.21
2026-01-28 01:25:56,837 - INFO - [지표] ADX=nan, Bull=nan, Bear=nan
2026-01-28 01:30:00,111 - INFO - [EMA] 증분계산: prev=87976.76, close=88338.2, new=88004.57
2026-01-28 01:30:00,117 - INFO - 15m | 16:15 | O:88406.1 H:88574.5 L:88261.3 C:88338.2
2026-01-28 01:30:00,118 - INFO - 지표: ADX=21.4, ATR=332.0, Bull=False, Bear=False
2026-01-28 01:30:56,839 - INFO - [상태] 포지션 없음, 자본금: $5571.21
2026-01-28 01:30:56,839 - INFO - [지표] ADX=nan, Bull=nan, Bear=nan
2026-01-28 01:35:56,841 - INFO - [상태] 포지션 없음, 자본금: $5571.21
2026-01-28 01:35:56,841 - INFO - [지표] ADX=nan, Bull=nan, Bear=nan
2026-01-28 01:40:56,842 - INFO - [상태] 포지션 없음, 자본금: $5571.21
2026-01-28 01:40:56,843 - INFO - [지표] ADX=nan, Bull=nan, Bear=nan
2026-01-28 01:45:00,097 - INFO - [EMA] 증분계산: prev=88004.57, close=88709.3, new=88058.78
2026-01-28 01:45:00,107 - INFO - 15m | 16:30 | O:88338.2 H:88775.3 L:88338.2 C:88709.3
2026-01-28 01:45:00,107 - INFO - 지표: ADX=23.2, ATR=342.5, Bull=False, Bear=False
2026-01-28 01:45:56,845 - INFO - [상태] 포지션 없음, 자본금: $5571.21
2026-01-28 01:45:56,845 - INFO - [지표] ADX=nan, Bull=nan, Bear=nan
2026-01-28 01:50:56,846 - INFO - [상태] 포지션 없음, 자본금: $5571.21
2026-01-28 01:50:56,846 - INFO - [지표] ADX=nan, Bull=nan, Bear=nan
2026-01-28 01:55:56,847 - INFO - [상태] 포지션 없음, 자본금: $5571.21
2026-01-28 01:55:56,848 - INFO - [지표] ADX=nan, Bull=nan, Bear=nan
2026-01-28 02:00:00,086 - INFO - [EMA] 증분계산: prev=88058.78, close=88604.9, new=88100.79
2026-01-28 02:00:00,092 - INFO - 15m | 16:45 | O:88709.3 H:88836.3 L:88578.0 C:88604.9
2026-01-28 02:00:00,092 - INFO - 지표: ADX=25.1, ATR=334.1, Bull=False, Bear=False
2026-01-28 02:00:56,848 - INFO - [상태] 포지션 없음, 자본금: $5571.21
2026-01-28 02:00:56,849 - INFO - [지표] ADX=nan, Bull=nan, Bear=nan
2026-01-28 02:05:56,850 - INFO - [상태] 포지션 없음, 자본금: $5571.21
2026-01-28 02:05:56,850 - INFO - [지표] ADX=nan, Bull=nan, Bear=nan
2026-01-28 02:10:56,852 - INFO - [상태] 포지션 없음, 자본금: $5571.21
2026-01-28 02:10:56,852 - INFO - [지표] ADX=nan, Bull=nan, Bear=nan
2026-01-28 02:15:00,084 - INFO - [EMA] 증분계산: prev=88100.79, close=87971.7, new=88090.86
2026-01-28 02:15:00,094 - INFO - 15m | 17:00 | O:88604.9 H:88660.9 L:87918.5 C:87971.7
2026-01-28 02:15:00,094 - INFO - 지표: ADX=23.9, ATR=374.9, Bull=False, Bear=True
2026-01-28 02:15:56,853 - INFO - [상태] 포지션 없음, 자본금: $5571.21
2026-01-28 02:15:56,853 - INFO - [지표] ADX=nan, Bull=nan, Bear=nan
2026-01-28 02:20:56,854 - INFO - [상태] 포지션 없음, 자본금: $5571.21
2026-01-28 02:20:56,854 - INFO - [지표] ADX=nan, Bull=nan, Bear=nan
2026-01-28 02:25:56,855 - INFO - [상태] 포지션 없음, 자본금: $5571.21
2026-01-28 02:25:56,856 - INFO - [지표] ADX=nan, Bull=nan, Bear=nan
2026-01-28 02:30:00,089 - INFO - [EMA] 증분계산: prev=88090.86, close=87852.6, new=88072.53
2026-01-28 02:30:00,095 - INFO - 15m | 17:15 | O:87971.7 H:87984.8 L:87555.0 C:87852.6
2026-01-28 02:30:00,095 - INFO - 지표: ADX=22.7, ATR=380.4, Bull=False, Bear=True
2026-01-28 02:30:56,857 - INFO - [상태] 포지션 없음, 자본금: $5571.21
2026-01-28 02:30:56,857 - INFO - [지표] ADX=nan, Bull=nan, Bear=nan
2026-01-28 02:35:56,858 - INFO - [상태] 포지션 없음, 자본금: $5571.21
2026-01-28 02:35:56,859 - INFO - [지표] ADX=nan, Bull=nan, Bear=nan
2026-01-28 02:40:56,859 - INFO - [상태] 포지션 없음, 자본금: $5571.21
2026-01-28 02:40:56,860 - INFO - [지표] ADX=nan, Bull=nan, Bear=nan
2026-01-28 02:45:00,062 - INFO - [EMA] 증분계산: prev=88072.53, close=87329.1, new=88015.34
2026-01-28 02:45:00,071 - INFO - 15m | 17:30 | O:87852.6 H:87958.9 L:87280.0 C:87329.1
2026-01-28 02:45:00,072 - INFO - 지표: ADX=22.2, ATR=410.3, Bull=False, Bear=True
2026-01-28 02:45:56,861 - INFO - [상태] 포지션 없음, 자본금: $5571.21
2026-01-28 02:45:56,861 - INFO - [지표] ADX=nan, Bull=nan, Bear=nan
2026-01-28 02:50:56,863 - INFO - [상태] 포지션 없음, 자본금: $5571.21
2026-01-28 02:50:56,863 - INFO - [지표] ADX=nan, Bull=nan, Bear=nan
2026-01-28 02:55:56,864 - INFO - [상태] 포지션 없음, 자본금: $5571.21
2026-01-28 02:55:56,865 - INFO - [지표] ADX=nan, Bull=nan, Bear=nan
2026-01-28 03:00:00,280 - INFO - [EMA] 증분계산: prev=88015.34, close=87510.4, new=87976.50
2026-01-28 03:00:00,290 - INFO - 15m | 17:45 | O:87329.0 H:87531.4 L:87265.4 C:87510.4
2026-01-28 03:00:00,290 - INFO - 지표: ADX=21.8, ATR=395.8, Bull=False, Bear=True
2026-01-28 03:00:56,866 - INFO - [상태] 포지션 없음, 자본금: $5571.21
2026-01-28 03:00:56,866 - INFO - [지표] ADX=nan, Bull=nan, Bear=nan
2026-01-28 03:05:56,868 - INFO - [상태] 포지션 없음, 자본금: $5571.21
2026-01-28 03:05:56,869 - INFO - [지표] ADX=nan, Bull=nan, Bear=nan
2026-01-28 03:10:56,869 - INFO - [상태] 포지션 없음, 자본금: $5571.21
2026-01-28 03:10:56,869 - INFO - [지표] ADX=nan, Bull=nan, Bear=nan
2026-01-28 03:15:00,084 - INFO - [EMA] 증분계산: prev=87976.50, close=87639.6, new=87950.59
2026-01-28 03:15:00,091 - INFO - 15m | 18:00 | O:87510.3 H:87847.0 L:87413.7 C:87639.6
2026-01-28 03:15:00,091 - INFO - 지표: ADX=20.4, ATR=399.6, Bull=False, Bear=True
2026-01-28 03:15:56,870 - INFO - [상태] 포지션 없음, 자본금: $5571.21
2026-01-28 03:15:56,870 - INFO - [지표] ADX=nan, Bull=nan, Bear=nan
2026-01-28 03:20:56,871 - INFO - [상태] 포지션 없음, 자본금: $5571.21
2026-01-28 03:20:56,871 - INFO - [지표] ADX=nan, Bull=nan, Bear=nan
2026-01-28 03:25:56,872 - INFO - [상태] 포지션 없음, 자본금: $5571.21
2026-01-28 03:25:56,872 - INFO - [지표] ADX=nan, Bull=nan, Bear=nan
2026-01-28 03:30:00,146 - INFO - [EMA] 증분계산: prev=87950.59, close=87826.0, new=87941.00
2026-01-28 03:30:00,156 - INFO - 15m | 18:15 | O:87639.6 H:87931.7 L:87639.6 C:87826.0
2026-01-28 03:30:00,156 - INFO - 지표: ADX=19.0, ATR=388.8, Bull=False, Bear=True
2026-01-28 03:30:56,873 - INFO - [상태] 포지션 없음, 자본금: $5571.21
2026-01-28 03:30:56,873 - INFO - [지표] ADX=nan, Bull=nan, Bear=nan
2026-01-28 03:35:56,874 - INFO - [상태] 포지션 없음, 자본금: $5571.21
2026-01-28 03:35:56,875 - INFO - [지표] ADX=nan, Bull=nan, Bear=nan
2026-01-28 03:40:56,876 - INFO - [상태] 포지션 없음, 자본금: $5571.21
2026-01-28 03:40:56,876 - INFO - [지표] ADX=nan, Bull=nan, Bear=nan
2026-01-28 03:45:00,195 - INFO - [EMA] 증분계산: prev=87941.00, close=87795.6, new=87929.82
2026-01-28 03:45:00,202 - INFO - 15m | 18:30 | O:87826.1 H:87930.0 L:87700.5 C:87795.6
2026-01-28 03:45:00,202 - INFO - 지표: ADX=17.7, ATR=372.9, Bull=False, Bear=True
2026-01-28 03:45:56,876 - INFO - [상태] 포지션 없음, 자본금: $5571.21
2026-01-28 03:45:56,877 - INFO - [지표] ADX=nan, Bull=nan, Bear=nan
2026-01-28 03:50:56,879 - INFO - [상태] 포지션 없음, 자본금: $5571.21
2026-01-28 03:50:56,879 - INFO - [지표] ADX=nan, Bull=nan, Bear=nan
2026-01-28 03:55:56,880 - INFO - [상태] 포지션 없음, 자본금: $5571.21
2026-01-28 03:55:56,881 - INFO - [지표] ADX=nan, Bull=nan, Bear=nan
2026-01-28 04:00:00,050 - INFO - [EMA] 증분계산: prev=87929.82, close=88249.6, new=87954.42
2026-01-28 04:00:00,057 - INFO - 15m | 18:45 | O:87795.6 H:88488.8 L:87795.6 C:88249.6
2026-01-28 04:00:00,057 - INFO - 지표: ADX=17.9, ATR=404.9, Bull=False, Bear=False
2026-01-28 04:00:56,881 - INFO - [상태] 포지션 없음, 자본금: $5571.21
2026-01-28 04:00:56,882 - INFO - [지표] ADX=nan, Bull=nan, Bear=nan
2026-01-28 04:05:56,882 - INFO - [상태] 포지션 없음, 자본금: $5571.21
2026-01-28 04:05:56,883 - INFO - [지표] ADX=nan, Bull=nan, Bear=nan
2026-01-28 04:10:56,883 - INFO - [상태] 포지션 없음, 자본금: $5571.21
2026-01-28 04:10:56,884 - INFO - [지표] ADX=nan, Bull=nan, Bear=nan
2026-01-28 04:15:00,246 - INFO - [EMA] 증분계산: prev=87954.42, close=88181.8, new=87971.91
2026-01-28 04:15:00,253 - INFO - 15m | 19:00 | O:88249.6 H:88294.6 L:88006.4 C:88181.8
2026-01-28 04:15:00,253 - INFO - 지표: ADX=18.2, ATR=393.3, Bull=False, Bear=False
2026-01-28 04:15:56,884 - INFO - [상태] 포지션 없음, 자본금: $5571.21
2026-01-28 04:15:56,885 - INFO - [지표] ADX=nan, Bull=nan, Bear=nan
2026-01-28 04:20:56,886 - INFO - [상태] 포지션 없음, 자본금: $5571.21
2026-01-28 04:20:56,886 - INFO - [지표] ADX=nan, Bull=nan, Bear=nan
2026-01-28 04:25:56,887 - INFO - [상태] 포지션 없음, 자본금: $5571.21
2026-01-28 04:25:56,887 - INFO - [지표] ADX=nan, Bull=nan, Bear=nan
2026-01-28 04:30:00,248 - INFO - [EMA] 증분계산: prev=87971.91, close=88213.9, new=87990.52
2026-01-28 04:30:00,255 - INFO - 15m | 19:15 | O:88181.8 H:88338.2 L:88136.8 C:88213.9
2026-01-28 04:30:00,255 - INFO - 지표: ADX=18.4, ATR=374.1, Bull=False, Bear=False
2026-01-28 04:30:56,890 - INFO - [상태] 포지션 없음, 자본금: $5571.21
2026-01-28 04:30:56,891 - INFO - [지표] ADX=nan, Bull=nan, Bear=nan
2026-01-28 04:35:56,892 - INFO - [상태] 포지션 없음, 자본금: $5571.21
2026-01-28 04:35:56,892 - INFO - [지표] ADX=nan, Bull=nan, Bear=nan
2026-01-28 04:40:56,893 - INFO - [상태] 포지션 없음, 자본금: $5571.21
2026-01-28 04:40:56,893 - INFO - [지표] ADX=nan, Bull=nan, Bear=nan
2026-01-28 04:45:00,165 - INFO - [EMA] 증분계산: prev=87990.52, close=88492.6, new=88029.14
2026-01-28 04:45:00,171 - INFO - 15m | 19:30 | O:88214.0 H:88521.5 L:88131.3 C:88492.6
2026-01-28 04:45:00,171 - INFO - 지표: ADX=19.1, ATR=375.7, Bull=False, Bear=False
2026-01-28 04:45:56,894 - INFO - [상태] 포지션 없음, 자본금: $5571.21
2026-01-28 04:45:56,894 - INFO - [지표] ADX=nan, Bull=nan, Bear=nan
2026-01-28 04:50:56,895 - INFO - [상태] 포지션 없음, 자본금: $5571.21
2026-01-28 04:50:56,896 - INFO - [지표] ADX=nan, Bull=nan, Bear=nan
2026-01-28 04:55:56,896 - INFO - [상태] 포지션 없음, 자본금: $5571.21
2026-01-28 04:55:56,897 - INFO - [지표] ADX=nan, Bull=nan, Bear=nan
2026-01-28 05:00:01,200 - INFO - [EMA] 증분계산: prev=88029.14, close=88378.1, new=88055.99
2026-01-28 05:00:01,209 - INFO - 15m | 19:45 | O:88492.7 H:88492.7 L:88316.2 C:88378.1
2026-01-28 05:00:01,209 - INFO - 지표: ADX=19.8, ATR=355.8, Bull=False, Bear=False
2026-01-28 05:00:56,898 - INFO - [상태] 포지션 없음, 자본금: $5571.21
2026-01-28 05:00:56,898 - INFO - [지표] ADX=nan, Bull=nan, Bear=nan
2026-01-28 05:05:56,900 - INFO - [상태] 포지션 없음, 자본금: $5571.21
2026-01-28 05:05:56,901 - INFO - [지표] ADX=nan, Bull=nan, Bear=nan
2026-01-28 05:10:56,901 - INFO - [상태] 포지션 없음, 자본금: $5571.21
2026-01-28 05:10:56,902 - INFO - [지표] ADX=nan, Bull=nan, Bear=nan
2026-01-28 05:15:00,048 - INFO - [EMA] 증분계산: prev=88055.99, close=88711.6, new=88106.42
2026-01-28 05:15:00,057 - INFO - 15m | 20:00 | O:88378.1 H:88720.6 L:88335.6 C:88711.6
2026-01-28 05:15:00,057 - INFO - 지표: ADX=20.9, ATR=358.7, Bull=False, Bear=False
2026-01-28 05:15:56,903 - INFO - [상태] 포지션 없음, 자본금: $5571.21
2026-01-28 05:15:56,903 - INFO - [지표] ADX=nan, Bull=nan, Bear=nan
2026-01-28 05:20:56,905 - INFO - [상태] 포지션 없음, 자본금: $5571.21
2026-01-28 05:20:56,905 - INFO - [지표] ADX=nan, Bull=nan, Bear=nan
2026-01-28 05:25:56,906 - INFO - [상태] 포지션 없음, 자본금: $5571.21
2026-01-28 05:25:56,907 - INFO - [지표] ADX=nan, Bull=nan, Bear=nan
2026-01-28 05:30:00,076 - INFO - [EMA] 증분계산: prev=88106.42, close=89108.1, new=88183.47
2026-01-28 05:30:00,086 - INFO - 15m | 20:15 | O:88711.6 H:89170.3 L:88621.6 C:89108.1
2026-01-28 05:30:00,086 - INFO - 지표: ADX=22.7, ATR=377.7, Bull=False, Bear=False
2026-01-28 05:30:56,908 - INFO - [상태] 포지션 없음, 자본금: $5571.21
2026-01-28 05:30:56,908 - INFO - [지표] ADX=nan, Bull=nan, Bear=nan
2026-01-28 05:35:56,909 - INFO - [상태] 포지션 없음, 자본금: $5571.21
2026-01-28 05:35:56,910 - INFO - [지표] ADX=nan, Bull=nan, Bear=nan
2026-01-28 05:40:56,911 - INFO - [상태] 포지션 없음, 자본금: $5571.21
2026-01-28 05:40:56,911 - INFO - [지표] ADX=nan, Bull=nan, Bear=nan
2026-01-28 05:45:00,107 - INFO - [EMA] 증분계산: prev=88183.47, close=88907.0, new=88239.13
2026-01-28 05:45:00,116 - INFO - 15m | 20:30 | O:89108.1 H:89118.0 L:88776.5 C:88907.0
2026-01-28 05:45:00,116 - INFO - 지표: ADX=24.4, ATR=374.1, Bull=False, Bear=False
2026-01-28 05:45:56,912 - INFO - [상태] 포지션 없음, 자본금: $5571.21
2026-01-28 05:45:56,912 - INFO - [지표] ADX=nan, Bull=nan, Bear=nan
2026-01-28 05:50:56,913 - INFO - [상태] 포지션 없음, 자본금: $5571.21
2026-01-28 05:50:56,913 - INFO - [지표] ADX=nan, Bull=nan, Bear=nan
2026-01-28 05:55:56,915 - INFO - [상태] 포지션 없음, 자본금: $5571.21
2026-01-28 05:55:56,915 - INFO - [지표] ADX=nan, Bull=nan, Bear=nan
2026-01-28 06:00:00,032 - INFO - [EMA] 증분계산: prev=88239.13, close=89360.1, new=88325.36
2026-01-28 06:00:00,038 - INFO - 15m | 20:45 | O:88906.9 H:89469.3 L:88899.9 C:89360.1
2026-01-28 06:00:00,038 - INFO - 지표: ADX=26.5, ATR=393.6, Bull=False, Bear=False
2026-01-28 06:00:56,916 - INFO - [상태] 포지션 없음, 자본금: $5571.21
2026-01-28 06:00:56,917 - INFO - [지표] ADX=nan, Bull=nan, Bear=nan
2026-01-28 06:05:56,917 - INFO - [상태] 포지션 없음, 자본금: $5571.21
2026-01-28 06:05:56,918 - INFO - [지표] ADX=nan, Bull=nan, Bear=nan
2026-01-28 06:10:56,919 - INFO - [상태] 포지션 없음, 자본금: $5571.21
2026-01-28 06:10:56,919 - INFO - [지표] ADX=nan, Bull=nan, Bear=nan
2026-01-28 06:15:00,034 - INFO - [EMA] 증분계산: prev=88325.36, close=89358.9, new=88404.86
2026-01-28 06:15:00,044 - INFO - 15m | 21:00 | O:89360.0 H:89499.0 L:89189.0 C:89358.9
2026-01-28 06:15:00,044 - INFO - 지표: ADX=28.5, ATR=385.2, Bull=False, Bear=False
2026-01-28 06:15:56,920 - INFO - [상태] 포지션 없음, 자본금: $5571.21
2026-01-28 06:15:56,920 - INFO - [지표] ADX=nan, Bull=nan, Bear=nan
2026-01-28 06:20:56,922 - INFO - [상태] 포지션 없음, 자본금: $5571.21
2026-01-28 06:20:56,922 - INFO - [지표] ADX=nan, Bull=nan, Bear=nan
2026-01-28 06:25:56,923 - INFO - [상태] 포지션 없음, 자본금: $5571.21
2026-01-28 06:25:56,923 - INFO - [지표] ADX=nan, Bull=nan, Bear=nan
2026-01-28 06:30:00,056 - INFO - [EMA] 증분계산: prev=88404.86, close=89209.0, new=88466.72
2026-01-28 06:30:00,066 - INFO - 15m | 21:15 | O:89358.9 H:89426.9 L:89186.8 C:89209.0
2026-01-28 06:30:00,066 - INFO - 지표: ADX=30.3, ATR=370.7, Bull=False, Bear=False
2026-01-28 06:30:56,924 - INFO - [상태] 포지션 없음, 자본금: $5571.21
2026-01-28 06:30:56,924 - INFO - [지표] ADX=nan, Bull=nan, Bear=nan
2026-01-28 06:35:56,925 - INFO - [상태] 포지션 없음, 자본금: $5571.21
2026-01-28 06:35:56,925 - INFO - [지표] ADX=nan, Bull=nan, Bear=nan
2026-01-28 06:40:56,926 - INFO - [상태] 포지션 없음, 자본금: $5571.21
2026-01-28 06:40:56,926 - INFO - [지표] ADX=nan, Bull=nan, Bear=nan
2026-01-28 06:45:00,484 - INFO - [EMA] 증분계산: prev=88466.72, close=89169.8, new=88520.80
2026-01-28 06:45:00,494 - INFO - 15m | 21:30 | O:89209.0 H:89254.4 L:89100.0 C:89169.8
2026-01-28 06:45:00,494 - INFO - 지표: ADX=31.5, ATR=349.1, Bull=True, Bear=False
2026-01-28 06:45:56,929 - INFO - [상태] 포지션 없음, 자본금: $5571.21
2026-01-28 06:45:56,929 - INFO - [지표] ADX=nan, Bull=nan, Bear=nan
2026-01-28 06:50:56,930 - INFO - [상태] 포지션 없음, 자본금: $5571.21
2026-01-28 06:50:56,930 - INFO - [지표] ADX=nan, Bull=nan, Bear=nan
2026-01-28 06:55:56,931 - INFO - [상태] 포지션 없음, 자본금: $5571.21
2026-01-28 06:55:56,932 - INFO - [지표] ADX=nan, Bull=nan, Bear=nan
2026-01-28 07:00:00,291 - INFO - [EMA] 증분계산: prev=88520.80, close=89039.5, new=88560.70
2026-01-28 07:00:00,301 - INFO - 15m | 21:45 | O:89169.9 H:89250.0 L:88947.3 C:89039.5
2026-01-28 07:00:00,301 - INFO - 지표: ADX=32.0, ATR=344.5, Bull=True, Bear=False
2026-01-28 07:00:56,933 - INFO - [상태] 포지션 없음, 자본금: $5571.21
2026-01-28 07:00:56,933 - INFO - [지표] ADX=nan, Bull=nan, Bear=nan
2026-01-28 07:05:56,934 - INFO - [상태] 포지션 없음, 자본금: $5571.21
2026-01-28 07:05:56,934 - INFO - [지표] ADX=nan, Bull=nan, Bear=nan
2026-01-28 07:10:56,935 - INFO - [상태] 포지션 없음, 자본금: $5571.21
2026-01-28 07:10:56,935 - INFO - [지표] ADX=nan, Bull=nan, Bear=nan
2026-01-28 07:15:00,604 - INFO - [EMA] 증분계산: prev=88560.70, close=89099.4, new=88602.14
2026-01-28 07:15:00,611 - INFO - 15m | 22:00 | O:89039.6 H:89190.2 L:89035.4 C:89099.4
2026-01-28 07:15:00,611 - INFO - 지표: ADX=32.4, ATR=325.5, Bull=True, Bear=False
2026-01-28 07:15:56,935 - INFO - [상태] 포지션 없음, 자본금: $5571.21
2026-01-28 07:15:56,936 - INFO - [지표] ADX=nan, Bull=nan, Bear=nan
2026-01-28 07:20:56,937 - INFO - [상태] 포지션 없음, 자본금: $5571.21
2026-01-28 07:20:56,937 - INFO - [지표] ADX=nan, Bull=nan, Bear=nan
2026-01-28 07:25:56,938 - INFO - [상태] 포지션 없음, 자본금: $5571.21
2026-01-28 07:25:56,938 - INFO - [지표] ADX=nan, Bull=nan, Bear=nan
2026-01-28 07:30:00,784 - INFO - [EMA] 증분계산: prev=88602.14, close=89122.5, new=88642.17
2026-01-28 07:30:00,794 - INFO - 15m | 22:15 | O:89099.4 H:89240.2 L:88966.2 C:89122.5
2026-01-28 07:30:00,794 - INFO - 지표: ADX=32.4, ATR=320.3, Bull=True, Bear=False
2026-01-28 07:30:56,940 - INFO - [상태] 포지션 없음, 자본금: $5571.21
2026-01-28 07:30:56,940 - INFO - [지표] ADX=nan, Bull=nan, Bear=nan
2026-01-28 07:35:56,941 - INFO - [상태] 포지션 없음, 자본금: $5571.21
2026-01-28 07:35:56,942 - INFO - [지표] ADX=nan, Bull=nan, Bear=nan
2026-01-28 07:40:56,942 - INFO - [상태] 포지션 없음, 자본금: $5571.21
2026-01-28 07:40:56,943 - INFO - [지표] ADX=nan, Bull=nan, Bear=nan
2026-01-28 07:45:00,034 - INFO - [EMA] 증분계산: prev=88642.17, close=89277.2, new=88691.01
2026-01-28 07:45:00,044 - INFO - 15m | 22:30 | O:89122.4 H:89394.9 L:89082.7 C:89277.2
2026-01-28 07:45:00,044 - INFO - 지표: ADX=32.8, ATR=319.5, Bull=True, Bear=False
2026-01-28 07:45:56,944 - INFO - [상태] 포지션 없음, 자본금: $5571.21
2026-01-28 07:45:56,944 - INFO - [지표] ADX=nan, Bull=nan, Bear=nan
2026-01-28 07:50:56,945 - INFO - [상태] 포지션 없음, 자본금: $5571.21
2026-01-28 07:50:56,945 - INFO - [지표] ADX=nan, Bull=nan, Bear=nan
2026-01-28 07:55:56,947 - INFO - [상태] 포지션 없음, 자본금: $5571.21
2026-01-28 07:55:56,947 - INFO - [지표] ADX=nan, Bull=nan, Bear=nan
2026-01-28 08:00:00,173 - INFO - [EMA] 증분계산: prev=88691.01, close=89203.1, new=88730.41
2026-01-28 08:00:00,179 - INFO - 15m | 22:45 | O:89284.8 H:89288.0 L:89192.2 C:89203.1
2026-01-28 08:00:00,179 - INFO - 지표: ADX=33.2, ATR=297.2, Bull=True, Bear=False
2026-01-28 08:00:56,949 - INFO - [상태] 포지션 없음, 자본금: $5571.21
2026-01-28 08:00:56,949 - INFO - [지표] ADX=nan, Bull=nan, Bear=nan
2026-01-28 08:05:56,951 - INFO - [상태] 포지션 없음, 자본금: $5571.21
2026-01-28 08:05:56,951 - INFO - [지표] ADX=nan, Bull=nan, Bear=nan
2026-01-28 08:10:56,955 - INFO - [상태] 포지션 없음, 자본금: $5571.21
2026-01-28 08:10:56,955 - INFO - [지표] ADX=nan, Bull=nan, Bear=nan
2026-01-28 08:15:00,093 - INFO - [EMA] 증분계산: prev=88730.41, close=89281.4, new=88772.79
2026-01-28 08:15:00,099 - INFO - 15m | 23:00 | O:89203.1 H:89285.0 L:89100.0 C:89281.4
2026-01-28 08:15:00,100 - INFO - 지표: ADX=33.0, ATR=285.9, Bull=True, Bear=False
2026-01-28 08:15:56,956 - INFO - [상태] 포지션 없음, 자본금: $5571.21
2026-01-28 08:15:56,956 - INFO - [지표] ADX=nan, Bull=nan, Bear=nan
2026-01-28 08:20:56,957 - INFO - [상태] 포지션 없음, 자본금: $5571.21
2026-01-28 08:20:56,958 - INFO - [지표] ADX=nan, Bull=nan, Bear=nan
2026-01-28 08:25:56,958 - INFO - [상태] 포지션 없음, 자본금: $5571.21
2026-01-28 08:25:56,959 - INFO - [지표] ADX=nan, Bull=nan, Bear=nan
2026-01-28 08:30:00,058 - INFO - [EMA] 증분계산: prev=88772.79, close=89467.2, new=88826.21
2026-01-28 08:30:00,064 - INFO - 15m | 23:15 | O:89281.4 H:89491.8 L:89228.1 C:89467.2
2026-01-28 08:30:00,064 - INFO - 지표: ADX=33.4, ATR=283.7, Bull=True, Bear=False
2026-01-28 08:30:56,960 - INFO - [상태] 포지션 없음, 자본금: $5571.21
2026-01-28 08:30:56,960 - INFO - [지표] ADX=nan, Bull=nan, Bear=nan
2026-01-28 08:35:56,962 - INFO - [상태] 포지션 없음, 자본금: $5571.21
2026-01-28 08:35:56,962 - INFO - [지표] ADX=nan, Bull=nan, Bear=nan
2026-01-28 08:40:56,963 - INFO - [상태] 포지션 없음, 자본금: $5571.21
2026-01-28 08:40:56,964 - INFO - [지표] ADX=nan, Bull=nan, Bear=nan
2026-01-28 08:45:00,154 - INFO - [EMA] 증분계산: prev=88826.21, close=89377.0, new=88868.57
2026-01-28 08:45:00,163 - INFO - 15m | 23:30 | O:89467.2 H:89478.1 L:89329.1 C:89377.0
2026-01-28 08:45:00,163 - INFO - 지표: ADX=33.8, ATR=270.2, Bull=True, Bear=False
2026-01-28 08:45:56,965 - INFO - [상태] 포지션 없음, 자본금: $5571.21
2026-01-28 08:45:56,965 - INFO - [지표] ADX=nan, Bull=nan, Bear=nan
2026-01-28 08:50:56,966 - INFO - [상태] 포지션 없음, 자본금: $5571.21
2026-01-28 08:50:56,967 - INFO - [지표] ADX=nan, Bull=nan, Bear=nan
2026-01-28 08:55:56,968 - INFO - [상태] 포지션 없음, 자본금: $5571.21
2026-01-28 08:55:56,968 - INFO - [지표] ADX=nan, Bull=nan, Bear=nan
