2026-01-19 09:00:00,100 - INFO - === 로그 파일 시작: logs/hyper_2026-01-19.log ===
2026-01-19 09:00:00,100 - INFO - [EMA] 증분계산: prev=95153.67, close=93605.4, new=95034.57
2026-01-19 09:00:00,109 - INFO - 15m | 23:45 | O:94410.6 H:94410.6 L:93534.4 C:93605.4
2026-01-19 09:00:00,109 - INFO - 지표: ADX=32.7, ATR=253.3, Bull=False, Bear=True
2026-01-19 09:00:00,109 - INFO - [LIVE] SHORT 신호 감지!
2026-01-19 09:00:00,110 - INFO - ==================================================
2026-01-19 09:00:00,110 - INFO - [LIVE] SHORT 진입 준비
2026-01-19 09:00:00,110 - INFO - 진입가: $93605.40
2026-01-19 09:00:00,110 - INFO - 손절가: $95475.50 (2.00%)
2026-01-19 09:00:00,110 - INFO - 익절가: $92466.71 (1.22%)
2026-01-19 09:00:00,110 - INFO - 레버리지: 3.37x
2026-01-19 09:00:00,110 - INFO - 포지션 크기: 0.218139 BTC ($20418.99)
2026-01-19 09:00:00,110 - INFO - ==================================================
2026-01-19 09:00:00,217 - INFO - Leverage 설정: 3x
2026-01-19 09:00:02,285 - ERROR - 시장가 주문 실패: APIError(code=-2019): Margin is insufficient.
2026-01-19 09:00:02,285 - ERROR - 시장가 진입 실패
2026-01-19 09:01:15,956 - INFO - [상태] 포지션 없음, 자본금: $6059.05
2026-01-19 09:01:15,956 - INFO - [지표] ADX=nan, Bull=nan, Bear=nan
2026-01-19 09:06:15,958 - INFO - [상태] 포지션 없음, 자본금: $6059.05
2026-01-19 09:06:15,958 - INFO - [지표] ADX=nan, Bull=nan, Bear=nan
2026-01-19 09:11:15,959 - INFO - [상태] 포지션 없음, 자본금: $6059.05
2026-01-19 09:11:15,959 - INFO - [지표] ADX=nan, Bull=nan, Bear=nan
2026-01-19 09:15:00,087 - INFO - [EMA] 증분계산: prev=95034.57, close=92382.4, new=94830.56
2026-01-19 09:15:00,097 - INFO - 15m | 00:00 | O:93610.2 H:93611.1 L:91799.6 C:92382.4
2026-01-19 09:15:00,097 - INFO - 지표: ADX=36.6, ATR=383.1, Bull=False, Bear=True
2026-01-19 09:15:00,097 - INFO - [LIVE] SHORT 신호 감지!
2026-01-19 09:15:00,098 - INFO - ==================================================
2026-01-19 09:15:00,098 - INFO - [LIVE] SHORT 진입 준비
2026-01-19 09:15:00,098 - INFO - 진입가: $92382.40
2026-01-19 09:15:00,098 - INFO - 손절가: $95153.87 (3.00%)
2026-01-19 09:15:00,098 - INFO - 익절가: $90699.32 (1.82%)
2026-01-19 09:15:00,098 - INFO - 레버리지: 2.27x
2026-01-19 09:15:00,098 - INFO - 포지션 크기: 0.148882 BTC ($13754.03)
2026-01-19 09:15:00,098 - INFO - ==================================================
2026-01-19 09:15:00,186 - INFO - Leverage 설정: 2x
2026-01-19 09:15:00,230 - ERROR - 시장가 주문 실패: APIError(code=-2019): Margin is insufficient.
2026-01-19 09:15:00,230 - ERROR - 시장가 진입 실패
2026-01-19 09:16:15,960 - INFO - [상태] 포지션 없음, 자본금: $6059.05
2026-01-19 09:16:15,960 - INFO - [지표] ADX=nan, Bull=nan, Bear=nan
2026-01-19 09:21:15,961 - INFO - [상태] 포지션 없음, 자본금: $6059.05
2026-01-19 09:21:15,962 - INFO - [지표] ADX=nan, Bull=nan, Bear=nan
2026-01-19 09:26:15,963 - INFO - [상태] 포지션 없음, 자본금: $6059.05
2026-01-19 09:26:15,963 - INFO - [지표] ADX=nan, Bull=nan, Bear=nan
2026-01-19 09:30:00,082 - INFO - [EMA] 증분계산: prev=94830.56, close=92563.1, new=94656.14
2026-01-19 09:30:00,088 - INFO - 15m | 00:15 | O:92379.5 H:92769.2 L:92081.7 C:92563.1
2026-01-19 09:30:00,089 - INFO - 지표: ADX=40.2, ATR=408.5, Bull=False, Bear=True
2026-01-19 09:30:00,089 - INFO - [LIVE] SHORT 신호 감지!
2026-01-19 09:30:00,089 - INFO - ==================================================
2026-01-19 09:30:00,089 - INFO - [LIVE] SHORT 진입 준비
2026-01-19 09:30:00,089 - INFO - 진입가: $92563.10
2026-01-19 09:30:00,089 - INFO - 손절가: $95339.99 (3.00%)
2026-01-19 09:30:00,089 - INFO - 익절가: $90773.34 (1.93%)
2026-01-19 09:30:00,089 - INFO - 레버리지: 2.27x
2026-01-19 09:30:00,089 - INFO - 포지션 크기: 0.148591 BTC ($13754.03)
2026-01-19 09:30:00,089 - INFO - ==================================================
2026-01-19 09:30:00,172 - INFO - Leverage 설정: 2x
2026-01-19 09:30:00,214 - ERROR - 시장가 주문 실패: APIError(code=-2019): Margin is insufficient.
2026-01-19 09:30:00,214 - ERROR - 시장가 진입 실패
2026-01-19 09:31:15,963 - INFO - [상태] 포지션 없음, 자본금: $6059.05
2026-01-19 09:31:15,964 - INFO - [지표] ADX=nan, Bull=nan, Bear=nan
2026-01-19 09:36:15,964 - INFO - [상태] 포지션 없음, 자본금: $6059.05
2026-01-19 09:36:15,965 - INFO - [지표] ADX=nan, Bull=nan, Bear=nan
2026-01-19 09:41:15,966 - INFO - [상태] 포지션 없음, 자본금: $6059.05
2026-01-19 09:41:15,966 - INFO - [지표] ADX=nan, Bull=nan, Bear=nan
2026-01-19 09:45:00,495 - INFO - [EMA] 증분계산: prev=94656.14, close=92898.1, new=94520.91
2026-01-19 09:45:00,502 - INFO - 15m | 00:30 | O:92562.9 H:92983.1 L:92213.0 C:92898.1
2026-01-19 09:45:00,502 - INFO - 지표: ADX=42.8, ATR=438.6, Bull=False, Bear=True
2026-01-19 09:46:15,968 - INFO - [상태] 포지션 없음, 자본금: $6059.05
2026-01-19 09:46:15,968 - INFO - [지표] ADX=nan, Bull=nan, Bear=nan
2026-01-19 09:51:15,970 - INFO - [상태] 포지션 없음, 자본금: $6059.05
2026-01-19 09:51:15,970 - INFO - [지표] ADX=nan, Bull=nan, Bear=nan
2026-01-19 09:56:15,971 - INFO - [상태] 포지션 없음, 자본금: $6059.05
2026-01-19 09:56:15,972 - INFO - [지표] ADX=nan, Bull=nan, Bear=nan
2026-01-19 10:00:00,192 - INFO - [EMA] 증분계산: prev=94520.91, close=92637.0, new=94375.99
2026-01-19 10:00:00,199 - INFO - 15m | 00:45 | O:92896.2 H:92896.2 L:92615.2 C:92637.0
2026-01-19 10:00:00,199 - INFO - 지표: ADX=45.1, ATR=425.7, Bull=False, Bear=True
2026-01-19 10:01:15,973 - INFO - [상태] 포지션 없음, 자본금: $6059.05
2026-01-19 10:01:15,973 - INFO - [지표] ADX=nan, Bull=nan, Bear=nan
2026-01-19 10:06:15,974 - INFO - [상태] 포지션 없음, 자본금: $6059.05
2026-01-19 10:06:15,975 - INFO - [지표] ADX=nan, Bull=nan, Bear=nan
2026-01-19 10:11:15,975 - INFO - [상태] 포지션 없음, 자본금: $6059.05
2026-01-19 10:11:15,976 - INFO - [지표] ADX=nan, Bull=nan, Bear=nan
2026-01-19 10:15:00,581 - INFO - [EMA] 증분계산: prev=94375.99, close=92672.0, new=94244.91
2026-01-19 10:15:00,590 - INFO - 15m | 01:00 | O:92634.7 H:92789.9 L:92420.0 C:92672.0
2026-01-19 10:15:00,590 - INFO - 지표: ADX=47.4, ATR=421.0, Bull=False, Bear=True
2026-01-19 10:16:15,977 - INFO - [상태] 포지션 없음, 자본금: $6059.05
2026-01-19 10:16:15,978 - INFO - [지표] ADX=nan, Bull=nan, Bear=nan
2026-01-19 10:21:15,978 - INFO - [상태] 포지션 없음, 자본금: $6059.05
2026-01-19 10:21:15,978 - INFO - [지표] ADX=nan, Bull=nan, Bear=nan
2026-01-19 10:26:15,979 - INFO - [상태] 포지션 없음, 자본금: $6059.05
2026-01-19 10:26:15,979 - INFO - [지표] ADX=nan, Bull=nan, Bear=nan
2026-01-19 10:30:00,068 - INFO - [EMA] 증분계산: prev=94244.91, close=92486.3, new=94109.64
2026-01-19 10:30:00,075 - INFO - 15m | 01:15 | O:92672.0 H:92805.2 L:92482.8 C:92486.3
2026-01-19 10:30:00,075 - INFO - 지표: ADX=49.4, ATR=412.8, Bull=False, Bear=True
2026-01-19 10:31:15,980 - INFO - [상태] 포지션 없음, 자본금: $6059.05
2026-01-19 10:31:15,980 - INFO - [지표] ADX=nan, Bull=nan, Bear=nan
2026-01-19 10:36:15,981 - INFO - [상태] 포지션 없음, 자본금: $6059.05
2026-01-19 10:36:15,982 - INFO - [지표] ADX=nan, Bull=nan, Bear=nan
2026-01-19 10:41:15,982 - INFO - [상태] 포지션 없음, 자본금: $6059.05
2026-01-19 10:41:15,983 - INFO - [지표] ADX=nan, Bull=nan, Bear=nan
2026-01-19 10:45:00,384 - INFO - [EMA] 증분계산: prev=94109.64, close=92437.0, new=93980.97
2026-01-19 10:45:00,394 - INFO - 15m | 01:30 | O:92486.4 H:92721.0 L:92430.0 C:92437.0
2026-01-19 10:45:00,394 - INFO - 지표: ADX=51.4, ATR=402.6, Bull=False, Bear=True
2026-01-19 10:46:15,985 - INFO - [상태] 포지션 없음, 자본금: $6059.05
2026-01-19 10:46:15,985 - INFO - [지표] ADX=nan, Bull=nan, Bear=nan
2026-01-19 10:51:15,987 - INFO - [상태] 포지션 없음, 자본금: $6059.05
2026-01-19 10:51:15,987 - INFO - [지표] ADX=nan, Bull=nan, Bear=nan
2026-01-19 10:56:15,988 - INFO - [상태] 포지션 없음, 자본금: $6059.05
2026-01-19 10:56:15,988 - INFO - [지표] ADX=nan, Bull=nan, Bear=nan
2026-01-19 11:00:00,147 - INFO - [EMA] 증분계산: prev=93980.97, close=92512.9, new=93868.04
2026-01-19 11:00:00,155 - INFO - 15m | 01:45 | O:92435.9 H:92523.6 L:92160.0 C:92512.9
2026-01-19 11:00:00,155 - INFO - 지표: ADX=53.3, ATR=399.4, Bull=False, Bear=True
2026-01-19 11:01:15,990 - INFO - [상태] 포지션 없음, 자본금: $6059.05
2026-01-19 11:01:15,991 - INFO - [지표] ADX=nan, Bull=nan, Bear=nan
2026-01-19 11:06:15,991 - INFO - [상태] 포지션 없음, 자본금: $6059.05
2026-01-19 11:06:15,992 - INFO - [지표] ADX=nan, Bull=nan, Bear=nan
2026-01-19 11:11:15,993 - INFO - [상태] 포지션 없음, 자본금: $6059.05
2026-01-19 11:11:15,994 - INFO - [지표] ADX=nan, Bull=nan, Bear=nan
2026-01-19 11:15:00,102 - INFO - [EMA] 증분계산: prev=93868.04, close=92347.6, new=93751.09
2026-01-19 11:15:00,109 - INFO - 15m | 02:00 | O:92513.3 H:92545.7 L:92312.0 C:92347.6
2026-01-19 11:15:00,109 - INFO - 지표: ADX=55.0, ATR=385.6, Bull=False, Bear=True
2026-01-19 11:16:15,995 - INFO - [상태] 포지션 없음, 자본금: $6059.05
2026-01-19 11:16:15,995 - INFO - [지표] ADX=nan, Bull=nan, Bear=nan
2026-01-19 11:21:15,996 - INFO - [상태] 포지션 없음, 자본금: $6059.05
2026-01-19 11:21:15,997 - INFO - [지표] ADX=nan, Bull=nan, Bear=nan
2026-01-19 11:26:15,998 - INFO - [상태] 포지션 없음, 자본금: $6059.05
2026-01-19 11:26:15,998 - INFO - [지표] ADX=nan, Bull=nan, Bear=nan
2026-01-19 11:30:00,946 - INFO - [EMA] 증분계산: prev=93751.09, close=92422.0, new=93648.85
2026-01-19 11:30:00,952 - INFO - 15m | 02:15 | O:92344.7 H:92607.4 L:92307.1 C:92422.0
2026-01-19 11:30:00,953 - INFO - 지표: ADX=56.3, ATR=378.5, Bull=False, Bear=True
2026-01-19 11:31:15,999 - INFO - [상태] 포지션 없음, 자본금: $6059.05
2026-01-19 11:31:16,000 - INFO - [지표] ADX=nan, Bull=nan, Bear=nan
2026-01-19 11:36:16,001 - INFO - [상태] 포지션 없음, 자본금: $6059.05
2026-01-19 11:36:16,001 - INFO - [지표] ADX=nan, Bull=nan, Bear=nan
2026-01-19 11:41:16,002 - INFO - [상태] 포지션 없음, 자본금: $6059.05
2026-01-19 11:41:16,003 - INFO - [지표] ADX=nan, Bull=nan, Bear=nan
2026-01-19 11:45:00,039 - INFO - [EMA] 증분계산: prev=93648.85, close=92486.9, new=93559.47
2026-01-19 11:45:00,046 - INFO - 15m | 02:30 | O:92422.0 H:92540.7 L:92367.9 C:92486.9
2026-01-19 11:45:00,046 - INFO - 지표: ADX=57.5, ATR=361.3, Bull=False, Bear=True
2026-01-19 11:46:16,004 - INFO - [상태] 포지션 없음, 자본금: $6059.05
2026-01-19 11:46:16,004 - INFO - [지표] ADX=nan, Bull=nan, Bear=nan
2026-01-19 11:51:16,005 - INFO - [상태] 포지션 없음, 자본금: $6059.05
2026-01-19 11:51:16,006 - INFO - [지표] ADX=nan, Bull=nan, Bear=nan
2026-01-19 11:56:16,007 - INFO - [상태] 포지션 없음, 자본금: $6059.05
2026-01-19 11:56:16,007 - INFO - [지표] ADX=nan, Bull=nan, Bear=nan
2026-01-19 12:00:01,287 - INFO - [EMA] 증분계산: prev=93559.47, close=92489.8, new=93477.19
2026-01-19 12:00:01,293 - INFO - 15m | 02:45 | O:92486.9 H:92545.0 L:92415.5 C:92489.8
2026-01-19 12:00:01,294 - INFO - 지표: ADX=58.6, ATR=342.0, Bull=False, Bear=True
2026-01-19 12:01:16,008 - INFO - [상태] 포지션 없음, 자본금: $6059.05
2026-01-19 12:01:16,008 - INFO - [지표] ADX=nan, Bull=nan, Bear=nan
2026-01-19 12:06:16,010 - INFO - [상태] 포지션 없음, 자본금: $6059.05
2026-01-19 12:06:16,010 - INFO - [지표] ADX=nan, Bull=nan, Bear=nan
2026-01-19 12:11:16,011 - INFO - [상태] 포지션 없음, 자본금: $6059.05
2026-01-19 12:11:16,011 - INFO - [지표] ADX=nan, Bull=nan, Bear=nan
2026-01-19 12:15:00,183 - INFO - [EMA] 증분계산: prev=93477.19, close=92670.2, new=93415.11
2026-01-19 12:15:00,190 - INFO - 15m | 03:00 | O:92492.9 H:92683.0 L:92469.7 C:92670.2
2026-01-19 12:15:00,190 - INFO - 지표: ADX=58.8, ATR=331.3, Bull=False, Bear=True
2026-01-19 12:16:16,013 - INFO - [상태] 포지션 없음, 자본금: $6059.05
2026-01-19 12:16:16,013 - INFO - [지표] ADX=nan, Bull=nan, Bear=nan
2026-01-19 12:21:16,018 - INFO - [상태] 포지션 없음, 자본금: $6059.05
2026-01-19 12:21:16,018 - INFO - [지표] ADX=nan, Bull=nan, Bear=nan
2026-01-19 12:26:16,021 - INFO - [상태] 포지션 없음, 자본금: $6059.05
2026-01-19 12:26:16,022 - INFO - [지표] ADX=nan, Bull=nan, Bear=nan
2026-01-19 12:30:00,052 - INFO - [EMA] 증분계산: prev=93415.11, close=92486.9, new=93343.71
2026-01-19 12:30:00,058 - INFO - 15m | 03:15 | O:92670.2 H:92725.0 L:92426.0 C:92486.9
2026-01-19 12:30:00,059 - INFO - 지표: ADX=59.0, ATR=328.6, Bull=False, Bear=True
2026-01-19 12:31:16,024 - INFO - [상태] 포지션 없음, 자본금: $6059.05
2026-01-19 12:31:16,024 - INFO - [지표] ADX=nan, Bull=nan, Bear=nan
2026-01-19 12:36:16,025 - INFO - [상태] 포지션 없음, 자본금: $6059.05
2026-01-19 12:36:16,026 - INFO - [지표] ADX=nan, Bull=nan, Bear=nan
2026-01-19 12:41:16,028 - INFO - [상태] 포지션 없음, 자본금: $6059.05
2026-01-19 12:41:16,029 - INFO - [지표] ADX=nan, Bull=nan, Bear=nan
2026-01-19 12:45:00,355 - INFO - [EMA] 증분계산: prev=93343.71, close=92567.7, new=93284.02
2026-01-19 12:45:00,362 - INFO - 15m | 03:30 | O:92487.3 H:92592.1 L:92443.5 C:92567.7
2026-01-19 12:45:00,363 - INFO - 지표: ADX=59.3, ATR=313.6, Bull=False, Bear=True
2026-01-19 12:46:16,030 - INFO - [상태] 포지션 없음, 자본금: $6059.05
2026-01-19 12:46:16,030 - INFO - [지표] ADX=nan, Bull=nan, Bear=nan
2026-01-19 12:51:16,031 - INFO - [상태] 포지션 없음, 자본금: $6059.05
2026-01-19 12:51:16,031 - INFO - [지표] ADX=nan, Bull=nan, Bear=nan
2026-01-19 12:56:16,035 - INFO - [상태] 포지션 없음, 자본금: $6059.05
2026-01-19 12:56:16,036 - INFO - [지표] ADX=nan, Bull=nan, Bear=nan
2026-01-19 13:00:01,532 - INFO - [EMA] 증분계산: prev=93284.02, close=92626.0, new=93233.40
2026-01-19 13:00:01,539 - INFO - 15m | 03:45 | O:92567.1 H:92649.1 L:92543.8 C:92626.0
2026-01-19 13:00:01,539 - INFO - 지표: ADX=59.1, ATR=296.2, Bull=False, Bear=True
2026-01-19 13:01:16,038 - INFO - [상태] 포지션 없음, 자본금: $6059.05
2026-01-19 13:01:16,038 - INFO - [지표] ADX=nan, Bull=nan, Bear=nan
2026-01-19 13:06:16,041 - INFO - [상태] 포지션 없음, 자본금: $6059.05
2026-01-19 13:06:16,041 - INFO - [지표] ADX=nan, Bull=nan, Bear=nan
2026-01-19 13:11:16,044 - INFO - [상태] 포지션 없음, 자본금: $6059.05
2026-01-19 13:11:16,044 - INFO - [지표] ADX=nan, Bull=nan, Bear=nan
2026-01-19 13:15:00,526 - INFO - [EMA] 증분계산: prev=93233.40, close=92536.3, new=93179.78
2026-01-19 13:15:00,535 - INFO - 15m | 04:00 | O:92624.9 H:92678.4 L:92521.0 C:92536.3
2026-01-19 13:15:00,535 - INFO - 지표: ADX=58.8, ATR=284.7, Bull=False, Bear=True
2026-01-19 13:16:16,046 - INFO - [상태] 포지션 없음, 자본금: $6059.05
2026-01-19 13:16:16,046 - INFO - [지표] ADX=nan, Bull=nan, Bear=nan
2026-01-19 13:21:16,050 - INFO - [상태] 포지션 없음, 자본금: $6059.05
2026-01-19 13:21:16,050 - INFO - [지표] ADX=nan, Bull=nan, Bear=nan
2026-01-19 13:26:16,052 - INFO - [상태] 포지션 없음, 자본금: $6059.05
2026-01-19 13:26:16,052 - INFO - [지표] ADX=nan, Bull=nan, Bear=nan
2026-01-19 13:30:00,534 - INFO - [EMA] 증분계산: prev=93179.78, close=92604.8, new=93135.55
2026-01-19 13:30:00,540 - INFO - 15m | 04:15 | O:92537.3 H:92630.0 L:92421.7 C:92604.8
2026-01-19 13:30:00,541 - INFO - 지표: ADX=58.7, ATR=278.3, Bull=False, Bear=True
2026-01-19 13:31:16,054 - INFO - [상태] 포지션 없음, 자본금: $6059.05
2026-01-19 13:31:16,055 - INFO - [지표] ADX=nan, Bull=nan, Bear=nan
2026-01-19 13:36:16,058 - INFO - [상태] 포지션 없음, 자본금: $6059.05
2026-01-19 13:36:16,058 - INFO - [지표] ADX=nan, Bull=nan, Bear=nan
2026-01-19 13:41:16,061 - INFO - [상태] 포지션 없음, 자본금: $6059.05
2026-01-19 13:41:16,061 - INFO - [지표] ADX=nan, Bull=nan, Bear=nan
2026-01-19 13:45:02,160 - INFO - [EMA] 증분계산: prev=93135.55, close=92612.3, new=93095.30
2026-01-19 13:45:02,170 - INFO - 15m | 04:30 | O:92603.5 H:92636.7 L:92485.3 C:92612.3
2026-01-19 13:45:02,170 - INFO - 지표: ADX=58.5, ATR=267.7, Bull=False, Bear=True
2026-01-19 13:46:16,063 - INFO - [상태] 포지션 없음, 자본금: $6059.05
2026-01-19 13:46:16,064 - INFO - [지표] ADX=nan, Bull=nan, Bear=nan
2026-01-19 13:51:16,065 - INFO - [상태] 포지션 없음, 자본금: $6059.05
2026-01-19 13:51:16,065 - INFO - [지표] ADX=nan, Bull=nan, Bear=nan
2026-01-19 13:56:16,069 - INFO - [상태] 포지션 없음, 자본금: $6059.05
2026-01-19 13:56:16,070 - INFO - [지표] ADX=nan, Bull=nan, Bear=nan
2026-01-19 14:00:00,689 - INFO - [EMA] 증분계산: prev=93095.30, close=92585.5, new=93056.08
2026-01-19 14:00:00,698 - INFO - 15m | 04:45 | O:92607.5 H:92677.9 L:92577.8 C:92585.5
2026-01-19 14:00:00,699 - INFO - 지표: ADX=58.1, ATR=253.8, Bull=False, Bear=True
2026-01-19 14:01:16,075 - INFO - [상태] 포지션 없음, 자본금: $6059.05
2026-01-19 14:01:16,075 - INFO - [지표] ADX=nan, Bull=nan, Bear=nan
2026-01-19 14:06:16,078 - INFO - [상태] 포지션 없음, 자본금: $6059.05
2026-01-19 14:06:16,078 - INFO - [지표] ADX=nan, Bull=nan, Bear=nan
2026-01-19 14:11:16,082 - INFO - [상태] 포지션 없음, 자본금: $6059.05
2026-01-19 14:11:16,082 - INFO - [지표] ADX=nan, Bull=nan, Bear=nan
2026-01-19 14:15:00,078 - INFO - [EMA] 증분계산: prev=93056.08, close=92574.7, new=93019.05
2026-01-19 14:15:00,084 - INFO - 15m | 05:00 | O:92585.5 H:92692.3 L:92571.2 C:92574.7
2026-01-19 14:15:00,085 - INFO - 지표: ADX=57.5, ATR=242.7, Bull=False, Bear=True
2026-01-19 14:16:16,086 - INFO - [상태] 포지션 없음, 자본금: $6059.05
2026-01-19 14:16:16,086 - INFO - [지표] ADX=nan, Bull=nan, Bear=nan
2026-01-19 14:21:16,087 - INFO - [상태] 포지션 없음, 자본금: $6059.05
2026-01-19 14:21:16,087 - INFO - [지표] ADX=nan, Bull=nan, Bear=nan
2026-01-19 14:26:16,092 - INFO - [상태] 포지션 없음, 자본금: $6059.05
2026-01-19 14:26:16,092 - INFO - [지표] ADX=nan, Bull=nan, Bear=nan
2026-01-19 14:30:00,651 - INFO - [EMA] 증분계산: prev=93019.05, close=92593.4, new=92986.31
2026-01-19 14:30:00,660 - INFO - 15m | 05:15 | O:92574.7 H:92600.0 L:92500.0 C:92593.4
2026-01-19 14:30:00,660 - INFO - 지표: ADX=57.2, ATR=230.8, Bull=False, Bear=True
2026-01-19 14:31:16,094 - INFO - [상태] 포지션 없음, 자본금: $6059.05
2026-01-19 14:31:16,094 - INFO - [지표] ADX=nan, Bull=nan, Bear=nan
2026-01-19 14:36:16,097 - INFO - [상태] 포지션 없음, 자본금: $6059.05
2026-01-19 14:36:16,098 - INFO - [지표] ADX=nan, Bull=nan, Bear=nan
2026-01-19 14:41:16,100 - INFO - [상태] 포지션 없음, 자본금: $6059.05
2026-01-19 14:41:16,101 - INFO - [지표] ADX=nan, Bull=nan, Bear=nan
2026-01-19 14:45:00,551 - INFO - [EMA] 증분계산: prev=92986.31, close=92545.7, new=92952.42
2026-01-19 14:45:00,560 - INFO - 15m | 05:30 | O:92592.8 H:92742.0 L:92515.0 C:92545.7
2026-01-19 14:45:00,560 - INFO - 지표: ADX=55.9, ATR=230.5, Bull=False, Bear=True
2026-01-19 14:46:16,104 - INFO - [상태] 포지션 없음, 자본금: $6059.05
2026-01-19 14:46:16,105 - INFO - [지표] ADX=nan, Bull=nan, Bear=nan
2026-01-19 14:51:16,107 - INFO - [상태] 포지션 없음, 자본금: $6059.05
2026-01-19 14:51:16,107 - INFO - [지표] ADX=nan, Bull=nan, Bear=nan
2026-01-19 14:56:16,109 - INFO - [상태] 포지션 없음, 자본금: $6059.05
2026-01-19 14:56:16,109 - INFO - [지표] ADX=nan, Bull=nan, Bear=nan
2026-01-19 15:00:00,391 - INFO - [EMA] 증분계산: prev=92952.42, close=92452.0, new=92913.92
2026-01-19 15:00:00,398 - INFO - 15m | 05:45 | O:92545.8 H:92597.5 L:92430.0 C:92452.0
2026-01-19 15:00:00,398 - INFO - 지표: ADX=54.8, ATR=225.2, Bull=False, Bear=True
2026-01-19 15:01:16,112 - INFO - [상태] 포지션 없음, 자본금: $6059.05
2026-01-19 15:01:16,113 - INFO - [지표] ADX=nan, Bull=nan, Bear=nan
2026-01-19 15:06:16,115 - INFO - [상태] 포지션 없음, 자본금: $6059.05
2026-01-19 15:06:16,115 - INFO - [지표] ADX=nan, Bull=nan, Bear=nan
2026-01-19 15:11:16,117 - INFO - [상태] 포지션 없음, 자본금: $6059.05
2026-01-19 15:11:16,117 - INFO - [지표] ADX=nan, Bull=nan, Bear=nan
2026-01-19 15:15:00,078 - INFO - [EMA] 증분계산: prev=92913.92, close=92474.1, new=92880.09
2026-01-19 15:15:00,087 - INFO - 15m | 06:00 | O:92453.4 H:92530.2 L:92359.2 C:92474.1
2026-01-19 15:15:00,087 - INFO - 지표: ADX=54.1, ATR=220.7, Bull=False, Bear=True
2026-01-19 15:16:16,118 - INFO - [상태] 포지션 없음, 자본금: $6059.05
2026-01-19 15:16:16,118 - INFO - [지표] ADX=nan, Bull=nan, Bear=nan
2026-01-19 15:21:16,121 - INFO - [상태] 포지션 없음, 자본금: $6059.05
2026-01-19 15:21:16,121 - INFO - [지표] ADX=nan, Bull=nan, Bear=nan
2026-01-19 15:26:16,124 - INFO - [상태] 포지션 없음, 자본금: $6059.05
2026-01-19 15:26:16,124 - INFO - [지표] ADX=nan, Bull=nan, Bear=nan
2026-01-19 15:30:00,647 - INFO - [EMA] 증분계산: prev=92880.09, close=92476.1, new=92849.01
2026-01-19 15:30:00,656 - INFO - 15m | 06:15 | O:92474.2 H:92550.0 L:92318.0 C:92476.1
2026-01-19 15:30:00,656 - INFO - 지표: ADX=53.6, ATR=221.7, Bull=False, Bear=True
2026-01-19 15:31:16,127 - INFO - [상태] 포지션 없음, 자본금: $6059.05
2026-01-19 15:31:16,128 - INFO - [지표] ADX=nan, Bull=nan, Bear=nan
2026-01-19 15:36:16,129 - INFO - [상태] 포지션 없음, 자본금: $6059.05
2026-01-19 15:36:16,130 - INFO - [지표] ADX=nan, Bull=nan, Bear=nan
2026-01-19 15:41:16,133 - INFO - [상태] 포지션 없음, 자본금: $6059.05
2026-01-19 15:41:16,133 - INFO - [지표] ADX=nan, Bull=nan, Bear=nan
2026-01-19 15:45:00,650 - INFO - [EMA] 증분계산: prev=92849.01, close=92480.0, new=92820.63
2026-01-19 15:45:00,657 - INFO - 15m | 06:30 | O:92476.1 H:92552.2 L:92392.8 C:92480.0
2026-01-19 15:45:00,657 - INFO - 지표: ADX=53.0, ATR=216.5, Bull=False, Bear=True
2026-01-19 15:46:16,133 - INFO - [상태] 포지션 없음, 자본금: $6059.05
2026-01-19 15:46:16,134 - INFO - [지표] ADX=nan, Bull=nan, Bear=nan
2026-01-19 15:51:16,137 - INFO - [상태] 포지션 없음, 자본금: $6059.05
2026-01-19 15:51:16,138 - INFO - [지표] ADX=nan, Bull=nan, Bear=nan
2026-01-19 15:56:16,141 - INFO - [상태] 포지션 없음, 자본금: $6059.05
2026-01-19 15:56:16,142 - INFO - [지표] ADX=nan, Bull=nan, Bear=nan
2026-01-19 16:00:00,086 - INFO - [EMA] 증분계산: prev=92820.63, close=92518.5, new=92797.39
2026-01-19 16:00:00,096 - INFO - 15m | 06:45 | O:92480.1 H:92568.9 L:92472.3 C:92518.5
2026-01-19 16:00:00,096 - INFO - 지표: ADX=52.4, ATR=206.5, Bull=False, Bear=True
2026-01-19 16:01:16,143 - INFO - [상태] 포지션 없음, 자본금: $6059.05
2026-01-19 16:01:16,144 - INFO - [지표] ADX=nan, Bull=nan, Bear=nan
2026-01-19 16:06:16,147 - INFO - [상태] 포지션 없음, 자본금: $6059.05
2026-01-19 16:06:16,147 - INFO - [지표] ADX=nan, Bull=nan, Bear=nan
2026-01-19 16:11:16,151 - INFO - [상태] 포지션 없음, 자본금: $6059.05
2026-01-19 16:11:16,152 - INFO - [지표] ADX=nan, Bull=nan, Bear=nan
2026-01-19 16:15:00,801 - INFO - [EMA] 증분계산: prev=92797.39, close=92547.3, new=92778.15
2026-01-19 16:15:00,807 - INFO - 15m | 07:00 | O:92518.5 H:92572.0 L:92477.0 C:92547.3
2026-01-19 16:15:00,807 - INFO - 지표: ADX=51.8, ATR=197.2, Bull=False, Bear=True
2026-01-19 16:16:16,154 - INFO - [상태] 포지션 없음, 자본금: $6059.05
2026-01-19 16:16:16,155 - INFO - [지표] ADX=nan, Bull=nan, Bear=nan
2026-01-19 16:21:16,159 - INFO - [상태] 포지션 없음, 자본금: $6059.05
2026-01-19 16:21:16,159 - INFO - [지표] ADX=nan, Bull=nan, Bear=nan
2026-01-19 16:26:16,161 - INFO - [상태] 포지션 없음, 자본금: $6059.05
2026-01-19 16:26:16,161 - INFO - [지표] ADX=nan, Bull=nan, Bear=nan
2026-01-19 16:30:02,638 - INFO - [EMA] 증분계산: prev=92778.15, close=92545.7, new=92760.27
2026-01-19 16:30:02,644 - INFO - 15m | 07:15 | O:92551.0 H:92590.7 L:92524.9 C:92545.7
2026-01-19 16:30:02,644 - INFO - 지표: ADX=51.0, ATR=186.2, Bull=False, Bear=True
2026-01-19 16:31:16,164 - INFO - [상태] 포지션 없음, 자본금: $6059.05
2026-01-19 16:31:16,164 - INFO - [지표] ADX=nan, Bull=nan, Bear=nan
2026-01-19 16:36:16,166 - INFO - [상태] 포지션 없음, 자본금: $6059.05
2026-01-19 16:36:16,166 - INFO - [지표] ADX=nan, Bull=nan, Bear=nan
2026-01-19 16:41:16,169 - INFO - [상태] 포지션 없음, 자본금: $6059.05
2026-01-19 16:41:16,169 - INFO - [지표] ADX=nan, Bull=nan, Bear=nan
2026-01-19 16:45:00,061 - INFO - [EMA] 증분계산: prev=92760.27, close=92626.6, new=92749.99
2026-01-19 16:45:00,067 - INFO - 15m | 07:30 | O:92544.8 H:92633.1 L:92503.0 C:92626.6
2026-01-19 16:45:00,067 - INFO - 지표: ADX=49.8, ATR=181.6, Bull=False, Bear=True
2026-01-19 16:46:16,171 - INFO - [상태] 포지션 없음, 자본금: $6059.05
2026-01-19 16:46:16,172 - INFO - [지표] ADX=nan, Bull=nan, Bear=nan
2026-01-19 16:51:16,172 - INFO - [상태] 포지션 없음, 자본금: $6059.05
2026-01-19 16:51:16,173 - INFO - [지표] ADX=nan, Bull=nan, Bear=nan
2026-01-19 16:56:16,176 - INFO - [상태] 포지션 없음, 자본금: $6059.05
2026-01-19 16:56:16,176 - INFO - [지표] ADX=nan, Bull=nan, Bear=nan
2026-01-19 17:00:01,673 - INFO - [EMA] 증분계산: prev=92749.99, close=92760.1, new=92750.77
2026-01-19 17:00:01,679 - INFO - 15m | 07:45 | O:92626.7 H:92781.1 L:92576.4 C:92760.1
2026-01-19 17:00:01,679 - INFO - 지표: ADX=47.4, ATR=183.5, Bull=False, Bear=True
2026-01-19 17:01:16,179 - INFO - [상태] 포지션 없음, 자본금: $6059.05
2026-01-19 17:01:16,179 - INFO - [지표] ADX=nan, Bull=nan, Bear=nan
2026-01-19 17:06:16,180 - INFO - [상태] 포지션 없음, 자본금: $6059.05
2026-01-19 17:06:16,181 - INFO - [지표] ADX=nan, Bull=nan, Bear=nan
2026-01-19 17:11:16,183 - INFO - [상태] 포지션 없음, 자본금: $6059.05
2026-01-19 17:11:16,183 - INFO - [지표] ADX=nan, Bull=nan, Bear=nan
2026-01-19 17:15:00,568 - INFO - [EMA] 증분계산: prev=92750.77, close=92685.1, new=92745.71
2026-01-19 17:15:00,575 - INFO - 15m | 08:00 | O:92760.1 H:92762.8 L:92612.2 C:92685.1
2026-01-19 17:15:00,575 - INFO - 지표: ADX=45.2, ATR=180.8, Bull=False, Bear=True
2026-01-19 17:15:00,576 - INFO - [LIVE] SHORT 신호 감지!
2026-01-19 17:15:00,576 - INFO - ==================================================
2026-01-19 17:15:00,576 - INFO - [LIVE] SHORT 진입 준비
2026-01-19 17:15:00,576 - INFO - 진입가: $92685.10
2026-01-19 17:15:00,576 - INFO - 손절가: $92805.20 (0.13%)
2026-01-19 17:15:00,576 - INFO - 익절가: $91851.78 (0.90%)
2026-01-19 17:15:00,576 - INFO - 레버리지: 33.4x
2026-01-19 17:15:00,576 - INFO - 포지션 크기: 2.183438 BTC ($202372.14)
2026-01-19 17:15:00,576 - INFO - ==================================================
2026-01-19 17:15:00,738 - INFO - Leverage 설정: 33x
2026-01-19 17:15:00,849 - ERROR - 시장가 주문 실패: APIError(code=-2019): Margin is insufficient.
2026-01-19 17:15:00,849 - ERROR - 시장가 진입 실패
2026-01-19 17:16:16,184 - INFO - [상태] 포지션 없음, 자본금: $6059.05
2026-01-19 17:16:16,185 - INFO - [지표] ADX=nan, Bull=nan, Bear=nan
2026-01-19 17:21:16,186 - INFO - [상태] 포지션 없음, 자본금: $6059.05
2026-01-19 17:21:16,186 - INFO - [지표] ADX=nan, Bull=nan, Bear=nan
2026-01-19 17:26:16,187 - INFO - [상태] 포지션 없음, 자본금: $6059.05
2026-01-19 17:26:16,188 - INFO - [지표] ADX=nan, Bull=nan, Bear=nan
2026-01-19 17:30:00,161 - INFO - [EMA] 증분계산: prev=92745.71, close=92884.1, new=92756.36
2026-01-19 17:30:00,167 - INFO - 15m | 08:15 | O:92685.1 H:93143.9 L:92661.1 C:92884.1
2026-01-19 17:30:00,167 - INFO - 지표: ADX=43.3, ATR=205.9, Bull=False, Bear=True
2026-01-19 17:31:16,189 - INFO - [상태] 포지션 없음, 자본금: $6059.05
2026-01-19 17:31:16,189 - INFO - [지표] ADX=nan, Bull=nan, Bear=nan
2026-01-19 17:36:16,191 - INFO - [상태] 포지션 없음, 자본금: $6059.05
2026-01-19 17:36:16,192 - INFO - [지표] ADX=nan, Bull=nan, Bear=nan
2026-01-19 17:41:16,193 - INFO - [상태] 포지션 없음, 자본금: $6059.05
2026-01-19 17:41:16,193 - INFO - [지표] ADX=nan, Bull=nan, Bear=nan
2026-01-19 17:45:00,070 - INFO - [EMA] 증분계산: prev=92756.36, close=93061.0, new=92779.79
2026-01-19 17:45:00,077 - INFO - 15m | 08:30 | O:92883.0 H:93085.1 L:92805.9 C:93061.0
2026-01-19 17:45:00,077 - INFO - 지표: ADX=41.4, ATR=212.0, Bull=False, Bear=True
2026-01-19 17:46:16,194 - INFO - [상태] 포지션 없음, 자본금: $6059.05
2026-01-19 17:46:16,194 - INFO - [지표] ADX=nan, Bull=nan, Bear=nan
2026-01-19 17:51:16,196 - INFO - [상태] 포지션 없음, 자본금: $6059.05
2026-01-19 17:51:16,197 - INFO - [지표] ADX=nan, Bull=nan, Bear=nan
2026-01-19 17:56:16,199 - INFO - [상태] 포지션 없음, 자본금: $6059.05
2026-01-19 17:56:16,199 - INFO - [지표] ADX=nan, Bull=nan, Bear=nan
2026-01-19 18:00:00,048 - INFO - [EMA] 증분계산: prev=92779.79, close=93172.6, new=92810.01
2026-01-19 18:00:00,057 - INFO - 15m | 08:45 | O:93061.0 H:93285.0 L:93052.3 C:93172.6
2026-01-19 18:00:00,057 - INFO - 지표: ADX=40.6, ATR=213.8, Bull=False, Bear=True
2026-01-19 18:01:16,201 - INFO - [상태] 포지션 없음, 자본금: $6059.05
2026-01-19 18:01:16,201 - INFO - [지표] ADX=nan, Bull=nan, Bear=nan
2026-01-19 18:06:16,204 - INFO - [상태] 포지션 없음, 자본금: $6059.05
2026-01-19 18:06:16,204 - INFO - [지표] ADX=nan, Bull=nan, Bear=nan
2026-01-19 18:11:16,207 - INFO - [상태] 포지션 없음, 자본금: $6059.05
2026-01-19 18:11:16,207 - INFO - [지표] ADX=nan, Bull=nan, Bear=nan
2026-01-19 18:15:01,042 - INFO - [EMA] 증분계산: prev=92810.01, close=92967.1, new=92822.09
2026-01-19 18:15:01,048 - INFO - 15m | 09:00 | O:93172.6 H:93183.4 L:92914.2 C:92967.1
2026-01-19 18:15:01,049 - INFO - 지표: ADX=39.0, ATR=218.4, Bull=False, Bear=True
2026-01-19 18:16:16,208 - INFO - [상태] 포지션 없음, 자본금: $6059.05
2026-01-19 18:16:16,208 - INFO - [지표] ADX=nan, Bull=nan, Bear=nan
2026-01-19 18:21:16,210 - INFO - [상태] 포지션 없음, 자본금: $6059.05
2026-01-19 18:21:16,211 - INFO - [지표] ADX=nan, Bull=nan, Bear=nan
2026-01-19 18:26:16,212 - INFO - [상태] 포지션 없음, 자본금: $6059.05
2026-01-19 18:26:16,212 - INFO - [지표] ADX=nan, Bull=nan, Bear=nan
2026-01-19 18:30:00,227 - INFO - [EMA] 증분계산: prev=92822.09, close=92986.0, new=92834.70
2026-01-19 18:30:00,234 - INFO - 15m | 09:15 | O:92967.9 H:93063.2 L:92869.2 C:92986.0
2026-01-19 18:30:00,234 - INFO - 지표: ADX=37.1, ATR=216.3, Bull=False, Bear=True
2026-01-19 18:31:16,214 - INFO - [상태] 포지션 없음, 자본금: $6059.05
2026-01-19 18:31:16,214 - INFO - [지표] ADX=nan, Bull=nan, Bear=nan
2026-01-19 18:36:16,216 - INFO - [상태] 포지션 없음, 자본금: $6059.05
2026-01-19 18:36:16,216 - INFO - [지표] ADX=nan, Bull=nan, Bear=nan
2026-01-19 18:41:16,217 - INFO - [상태] 포지션 없음, 자본금: $6059.05
2026-01-19 18:41:16,218 - INFO - [지표] ADX=nan, Bull=nan, Bear=nan
2026-01-19 18:45:01,000 - INFO - [EMA] 증분계산: prev=92834.70, close=92887.7, new=92838.78
2026-01-19 18:45:01,007 - INFO - 15m | 09:30 | O:92988.6 H:93009.3 L:92860.8 C:92887.7
2026-01-19 18:45:01,007 - INFO - 지표: ADX=35.3, ATR=210.7, Bull=False, Bear=True
2026-01-19 18:46:16,218 - INFO - [상태] 포지션 없음, 자본금: $6059.05
2026-01-19 18:46:16,219 - INFO - [지표] ADX=nan, Bull=nan, Bear=nan
2026-01-19 18:51:16,220 - INFO - [상태] 포지션 없음, 자본금: $6059.05
2026-01-19 18:51:16,221 - INFO - [지표] ADX=nan, Bull=nan, Bear=nan
2026-01-19 18:56:16,222 - INFO - [상태] 포지션 없음, 자본금: $6059.05
2026-01-19 18:56:16,222 - INFO - [지표] ADX=nan, Bull=nan, Bear=nan
2026-01-19 19:00:00,041 - INFO - [EMA] 증분계산: prev=92838.78, close=92968.0, new=92848.72
2026-01-19 19:00:00,050 - INFO - 15m | 09:45 | O:92885.3 H:93012.6 L:92885.3 C:92968.0
2026-01-19 19:00:00,051 - INFO - 지표: ADX=33.7, ATR=203.7, Bull=False, Bear=True
2026-01-19 19:01:16,225 - INFO - [상태] 포지션 없음, 자본금: $6059.05
2026-01-19 19:01:16,225 - INFO - [지표] ADX=nan, Bull=nan, Bear=nan
2026-01-19 19:06:16,227 - INFO - [상태] 포지션 없음, 자본금: $6059.05
2026-01-19 19:06:16,227 - INFO - [지표] ADX=nan, Bull=nan, Bear=nan
2026-01-19 19:09:27,144 - INFO - 설정 파일 변경 감지, 리로드 완료
2026-01-19 19:11:16,229 - INFO - [상태] 포지션 없음, 자본금: $6059.05
2026-01-19 19:11:16,230 - INFO - [지표] ADX=nan, Bull=nan, Bear=nan
2026-01-19 19:12:44,558 - INFO - === 로그 파일 시작: logs/hyper_2026-01-19.log ===
2026-01-19 19:12:44,559 - INFO - ======================================================================
2026-01-19 19:12:44,559 - INFO - Hyper Scalper V2 Live Trading 시작
2026-01-19 19:12:44,559 - INFO - 심볼: BTCUSDC, 타임프레임: 15m
2026-01-19 19:12:44,559 - INFO - ======================================================================
2026-01-19 19:12:44,615 - INFO - ============================================================
2026-01-19 19:12:44,615 - INFO - Hyper Scalper V2 Strategy 초기화
2026-01-19 19:12:44,615 - INFO - *** LIVE 거래 모드 ***
2026-01-19 19:12:44,615 - WARNING - *** 실제 자금으로 거래합니다! ***
2026-01-19 19:12:44,615 - INFO - ============================================================
2026-01-19 19:12:44,615 - INFO - 상태 파일 없음 - 새로 시작
2026-01-19 19:12:44,685 - INFO - 초기 자본 설정 (USDC): $5756.09 (잔고 $6059.05의 95%)
2026-01-19 19:12:44,685 - INFO - 상태 파일 없음 - 새로 시작
2026-01-19 19:12:44,685 - INFO - 새로운 거래 세션 시작
2026-01-19 19:12:44,685 - INFO - 과거 15분봉 데이터 로드 중...
2026-01-19 19:12:44,739 - INFO - 과거 데이터 로드 완료: 500개 캔들
2026-01-19 19:12:44,739 - INFO - 15분봉 로드 완료: 500개
2026-01-19 19:12:44,739 - INFO - 현재 지표: EMA25=92848.72, EMA100=93767.53, EMA200=94359.04, ADX=33.72, ATR=203.74
2026-01-19 19:12:44,757 - INFO - 초기 지표 저장 완료: 500개 → trades/indicators_hyper.csv
2026-01-19 19:12:44,757 - INFO - 모든 태스크 시작 완료
2026-01-19 19:12:44,757 - INFO - 초기 자본금: $5756.09
2026-01-19 19:12:44,881 - INFO - 웹소켓 연결: BTCUSDC (15분봉)
2026-01-19 19:15:00,652 - INFO - [EMA] 증분계산: prev=92848.72, close=92888.0, new=92851.74
2026-01-19 19:15:00,662 - INFO - 15m | 10:00 | O:92968.4 H:92971.1 L:92804.6 C:92888.0
2026-01-19 19:15:00,662 - INFO - 지표: ADX=31.6, ATR=200.6, Bull=False, Bear=True
2026-01-19 19:17:44,763 - INFO - [상태] 포지션 없음, 자본금: $5756.09
2026-01-19 19:17:44,763 - INFO - [지표] ADX=nan, Bull=nan, Bear=nan
2026-01-19 19:22:44,765 - INFO - [상태] 포지션 없음, 자본금: $5756.09
2026-01-19 19:22:44,766 - INFO - [지표] ADX=nan, Bull=nan, Bear=nan
2026-01-19 19:27:44,777 - INFO - [상태] 포지션 없음, 자본금: $5756.09
2026-01-19 19:27:44,777 - INFO - [지표] ADX=nan, Bull=nan, Bear=nan
2026-01-19 19:30:01,387 - INFO - [EMA] 증분계산: prev=92851.74, close=92917.4, new=92856.79
2026-01-19 19:30:01,397 - INFO - 15m | 10:15 | O:92887.9 H:93000.0 L:92887.9 C:92917.4
2026-01-19 19:30:01,397 - INFO - 지표: ADX=29.9, ATR=193.3, Bull=False, Bear=True
2026-01-19 19:32:44,779 - INFO - [상태] 포지션 없음, 자본금: $5756.09
2026-01-19 19:32:44,779 - INFO - [지표] ADX=nan, Bull=nan, Bear=nan
2026-01-19 19:37:44,785 - INFO - [상태] 포지션 없음, 자본금: $5756.09
2026-01-19 19:37:44,785 - INFO - [지표] ADX=nan, Bull=nan, Bear=nan
2026-01-19 19:42:44,788 - INFO - [상태] 포지션 없음, 자본금: $5756.09
2026-01-19 19:42:44,788 - INFO - [지표] ADX=nan, Bull=nan, Bear=nan
2026-01-19 19:45:02,155 - INFO - [EMA] 증분계산: prev=92856.79, close=92935.2, new=92862.82
2026-01-19 19:45:02,164 - INFO - 15m | 10:30 | O:92917.5 H:92954.3 L:92855.1 C:92935.2
2026-01-19 19:45:02,164 - INFO - 지표: ADX=28.0, ATR=185.4, Bull=False, Bear=True
2026-01-19 19:47:44,793 - INFO - [상태] 포지션 없음, 자본금: $5756.09
2026-01-19 19:47:44,793 - INFO - [지표] ADX=nan, Bull=nan, Bear=nan
2026-01-19 19:52:44,809 - INFO - [상태] 포지션 없음, 자본금: $5756.09
2026-01-19 19:52:44,809 - INFO - [지표] ADX=nan, Bull=nan, Bear=nan
2026-01-19 19:57:44,818 - INFO - [상태] 포지션 없음, 자본금: $5756.09
2026-01-19 19:57:44,818 - INFO - [지표] ADX=nan, Bull=nan, Bear=nan
2026-01-19 20:00:00,067 - INFO - [EMA] 증분계산: prev=92862.82, close=92987.3, new=92872.40
2026-01-19 20:00:00,076 - INFO - 15m | 10:45 | O:92935.3 H:92992.2 L:92900.0 C:92987.3
2026-01-19 20:00:00,077 - INFO - 지표: ADX=26.6, ATR=177.7, Bull=False, Bear=True
2026-01-19 20:02:44,822 - INFO - [상태] 포지션 없음, 자본금: $5756.09
2026-01-19 20:02:44,823 - INFO - [지표] ADX=nan, Bull=nan, Bear=nan
2026-01-19 20:07:44,824 - INFO - [상태] 포지션 없음, 자본금: $5756.09
2026-01-19 20:07:44,825 - INFO - [지표] ADX=nan, Bull=nan, Bear=nan
2026-01-19 20:12:44,828 - INFO - [상태] 포지션 없음, 자본금: $5756.09
2026-01-19 20:12:44,828 - INFO - [지표] ADX=nan, Bull=nan, Bear=nan
2026-01-19 20:15:01,278 - INFO - [EMA] 증분계산: prev=92872.40, close=92924.3, new=92876.39
2026-01-19 20:15:01,287 - INFO - 15m | 11:00 | O:92984.3 H:92997.6 L:92888.8 C:92924.3
2026-01-19 20:15:01,287 - INFO - 지표: ADX=25.1, ATR=171.9, Bull=False, Bear=True
2026-01-19 20:17:44,830 - INFO - [상태] 포지션 없음, 자본금: $5756.09
2026-01-19 20:17:44,830 - INFO - [지표] ADX=nan, Bull=nan, Bear=nan
2026-01-19 20:22:44,835 - INFO - [상태] 포지션 없음, 자본금: $5756.09
2026-01-19 20:22:44,835 - INFO - [지표] ADX=nan, Bull=nan, Bear=nan
2026-01-19 20:27:44,838 - INFO - [상태] 포지션 없음, 자본금: $5756.09
2026-01-19 20:27:44,838 - INFO - [지표] ADX=nan, Bull=nan, Bear=nan
2026-01-19 20:30:00,370 - INFO - [EMA] 증분계산: prev=92876.39, close=93043.8, new=92889.27
2026-01-19 20:30:00,379 - INFO - 15m | 11:15 | O:92924.4 H:93083.6 L:92923.0 C:93043.8
2026-01-19 20:30:00,379 - INFO - 지표: ADX=24.3, ATR=171.0, Bull=False, Bear=True
2026-01-19 20:32:44,840 - INFO - [상태] 포지션 없음, 자본금: $5756.09
2026-01-19 20:32:44,840 - INFO - [지표] ADX=nan, Bull=nan, Bear=nan
2026-01-19 20:37:44,847 - INFO - [상태] 포지션 없음, 자본금: $5756.09
2026-01-19 20:37:44,848 - INFO - [지표] ADX=nan, Bull=nan, Bear=nan
2026-01-19 20:42:44,849 - INFO - [상태] 포지션 없음, 자본금: $5756.09
2026-01-19 20:42:44,849 - INFO - [지표] ADX=nan, Bull=nan, Bear=nan
2026-01-19 20:45:02,662 - INFO - [EMA] 증분계산: prev=92889.27, close=93157.7, new=92909.92
2026-01-19 20:45:02,671 - INFO - 15m | 11:30 | O:93043.4 H:93202.9 L:93016.0 C:93157.7
2026-01-19 20:45:02,671 - INFO - 지표: ADX=24.4, ATR=172.3, Bull=False, Bear=True
2026-01-19 20:47:44,850 - INFO - [상태] 포지션 없음, 자본금: $5756.09
2026-01-19 20:47:44,850 - INFO - [지표] ADX=nan, Bull=nan, Bear=nan
2026-01-19 20:52:44,860 - INFO - [상태] 포지션 없음, 자본금: $5756.09
2026-01-19 20:52:44,860 - INFO - [지표] ADX=nan, Bull=nan, Bear=nan
2026-01-19 20:57:44,866 - INFO - [상태] 포지션 없음, 자본금: $5756.09
2026-01-19 20:57:44,867 - INFO - [지표] ADX=nan, Bull=nan, Bear=nan
2026-01-19 21:00:01,026 - INFO - [EMA] 증분계산: prev=92909.92, close=93113.9, new=92925.61
2026-01-19 21:00:01,036 - INFO - 15m | 11:45 | O:93157.7 H:93235.5 L:93089.2 C:93113.9
2026-01-19 21:00:01,036 - INFO - 지표: ADX=24.5, ATR=170.1, Bull=False, Bear=True
2026-01-19 21:02:44,868 - INFO - [상태] 포지션 없음, 자본금: $5756.09
2026-01-19 21:02:44,868 - INFO - [지표] ADX=nan, Bull=nan, Bear=nan
2026-01-19 21:07:44,871 - INFO - [상태] 포지션 없음, 자본금: $5756.09
2026-01-19 21:07:44,872 - INFO - [지표] ADX=nan, Bull=nan, Bear=nan
2026-01-19 21:12:44,874 - INFO - [상태] 포지션 없음, 자본금: $5756.09
2026-01-19 21:12:44,874 - INFO - [지표] ADX=nan, Bull=nan, Bear=nan
2026-01-19 21:15:00,091 - INFO - [EMA] 증분계산: prev=92925.61, close=92968.5, new=92928.91
2026-01-19 21:15:00,097 - INFO - 15m | 12:00 | O:93113.8 H:93113.8 L:92951.0 C:92968.5
2026-01-19 21:15:00,097 - INFO - 지표: ADX=23.5, ATR=169.5, Bull=False, Bear=True
2026-01-19 21:17:44,875 - INFO - [상태] 포지션 없음, 자본금: $5756.09
2026-01-19 21:17:44,875 - INFO - [지표] ADX=nan, Bull=nan, Bear=nan
2026-01-19 21:22:44,878 - INFO - [상태] 포지션 없음, 자본금: $5756.09
2026-01-19 21:22:44,878 - INFO - [지표] ADX=nan, Bull=nan, Bear=nan
2026-01-19 21:27:44,880 - INFO - [상태] 포지션 없음, 자본금: $5756.09
2026-01-19 21:27:44,880 - INFO - [지표] ADX=nan, Bull=nan, Bear=nan
2026-01-19 21:30:02,269 - INFO - [EMA] 증분계산: prev=92928.91, close=92951.4, new=92930.64
2026-01-19 21:30:02,276 - INFO - 15m | 12:15 | O:92968.5 H:93072.1 L:92918.3 C:92951.4
2026-01-19 21:30:02,276 - INFO - 지표: ADX=22.3, ATR=168.2, Bull=False, Bear=True
2026-01-19 21:32:44,883 - INFO - [상태] 포지션 없음, 자본금: $5756.09
2026-01-19 21:32:44,883 - INFO - [지표] ADX=nan, Bull=nan, Bear=nan
2026-01-19 21:37:44,884 - INFO - [상태] 포지션 없음, 자본금: $5756.09
2026-01-19 21:37:44,884 - INFO - [지표] ADX=nan, Bull=nan, Bear=nan
2026-01-19 21:42:44,886 - INFO - [상태] 포지션 없음, 자본금: $5756.09
2026-01-19 21:42:44,886 - INFO - [지표] ADX=nan, Bull=nan, Bear=nan
2026-01-19 21:45:00,191 - INFO - [EMA] 증분계산: prev=92930.64, close=93068.1, new=92941.21
2026-01-19 21:45:00,198 - INFO - 15m | 12:30 | O:92951.5 H:93159.4 L:92951.5 C:93068.1
2026-01-19 21:45:00,198 - INFO - 지표: ADX=21.8, ATR=171.5, Bull=False, Bear=True
2026-01-19 21:47:44,887 - INFO - [상태] 포지션 없음, 자본금: $5756.09
2026-01-19 21:47:44,887 - INFO - [지표] ADX=nan, Bull=nan, Bear=nan
2026-01-19 21:52:44,889 - INFO - [상태] 포지션 없음, 자본금: $5756.09
2026-01-19 21:52:44,889 - INFO - [지표] ADX=nan, Bull=nan, Bear=nan
2026-01-19 21:57:44,890 - INFO - [상태] 포지션 없음, 자본금: $5756.09
2026-01-19 21:57:44,891 - INFO - [지표] ADX=nan, Bull=nan, Bear=nan
2026-01-19 22:00:00,047 - INFO - [EMA] 증분계산: prev=92941.21, close=93000.1, new=92945.74
2026-01-19 22:00:00,054 - INFO - 15m | 12:45 | O:93068.1 H:93116.6 L:92946.6 C:93000.1
2026-01-19 22:00:00,054 - INFO - 지표: ADX=21.2, ATR=171.4, Bull=False, Bear=True
2026-01-19 22:02:44,892 - INFO - [상태] 포지션 없음, 자본금: $5756.09
2026-01-19 22:02:44,892 - INFO - [지표] ADX=nan, Bull=nan, Bear=nan
2026-01-19 22:07:44,897 - INFO - [상태] 포지션 없음, 자본금: $5756.09
2026-01-19 22:07:44,898 - INFO - [지표] ADX=nan, Bull=nan, Bear=nan
2026-01-19 22:12:44,900 - INFO - [상태] 포지션 없음, 자본금: $5756.09
2026-01-19 22:12:44,900 - INFO - [지표] ADX=nan, Bull=nan, Bear=nan
2026-01-19 22:15:00,469 - INFO - [EMA] 증분계산: prev=92945.74, close=92906.8, new=92942.75
2026-01-19 22:15:00,476 - INFO - 15m | 13:00 | O:93000.0 H:93000.0 L:92880.4 C:92906.8
2026-01-19 22:15:00,476 - INFO - 지표: ADX=20.1, ATR=167.1, Bull=False, Bear=True
2026-01-19 22:17:44,903 - INFO - [상태] 포지션 없음, 자본금: $5756.09
2026-01-19 22:17:44,903 - INFO - [지표] ADX=nan, Bull=nan, Bear=nan
2026-01-19 22:22:44,904 - INFO - [상태] 포지션 없음, 자본금: $5756.09
2026-01-19 22:22:44,904 - INFO - [지표] ADX=nan, Bull=nan, Bear=nan
2026-01-19 22:27:44,906 - INFO - [상태] 포지션 없음, 자본금: $5756.09
2026-01-19 22:27:44,906 - INFO - [지표] ADX=nan, Bull=nan, Bear=nan
2026-01-19 22:30:00,493 - INFO - [EMA] 증분계산: prev=92942.75, close=92870.1, new=92937.16
2026-01-19 22:30:00,503 - INFO - 15m | 13:15 | O:92906.3 H:92946.3 L:92704.9 C:92870.1
2026-01-19 22:30:00,503 - INFO - 지표: ADX=19.5, ATR=173.3, Bull=False, Bear=True
2026-01-19 22:32:44,910 - INFO - [상태] 포지션 없음, 자본금: $5756.09
2026-01-19 22:32:44,910 - INFO - [지표] ADX=nan, Bull=nan, Bear=nan
2026-01-19 22:37:44,913 - INFO - [상태] 포지션 없음, 자본금: $5756.09
2026-01-19 22:37:44,913 - INFO - [지표] ADX=nan, Bull=nan, Bear=nan
2026-01-19 22:42:44,914 - INFO - [상태] 포지션 없음, 자본금: $5756.09
2026-01-19 22:42:44,915 - INFO - [지표] ADX=nan, Bull=nan, Bear=nan
2026-01-19 22:45:00,085 - INFO - [EMA] 증분계산: prev=92937.16, close=93001.1, new=92942.08
2026-01-19 22:45:00,092 - INFO - 15m | 13:30 | O:92870.1 H:93081.2 L:92870.1 C:93001.1
2026-01-19 22:45:00,092 - INFO - 지표: ADX=18.3, ATR=176.4, Bull=False, Bear=True
2026-01-19 22:47:44,916 - INFO - [상태] 포지션 없음, 자본금: $5756.09
2026-01-19 22:47:44,916 - INFO - [지표] ADX=nan, Bull=nan, Bear=nan
2026-01-19 22:52:44,925 - INFO - [상태] 포지션 없음, 자본금: $5756.09
2026-01-19 22:52:44,926 - INFO - [지표] ADX=nan, Bull=nan, Bear=nan
2026-01-19 22:57:44,927 - INFO - [상태] 포지션 없음, 자본금: $5756.09
2026-01-19 22:57:44,927 - INFO - [지표] ADX=nan, Bull=nan, Bear=nan
2026-01-19 23:00:00,513 - INFO - [EMA] 증분계산: prev=92942.08, close=92962.0, new=92943.61
2026-01-19 23:00:00,520 - INFO - 15m | 13:45 | O:93001.1 H:93060.7 L:92928.5 C:92962.0
2026-01-19 23:00:00,520 - INFO - 지표: ADX=17.1, ATR=172.8, Bull=False, Bear=True
2026-01-19 23:02:44,928 - INFO - [상태] 포지션 없음, 자본금: $5756.09
2026-01-19 23:02:44,928 - INFO - [지표] ADX=nan, Bull=nan, Bear=nan
2026-01-19 23:07:44,930 - INFO - [상태] 포지션 없음, 자본금: $5756.09
2026-01-19 23:07:44,931 - INFO - [지표] ADX=nan, Bull=nan, Bear=nan
2026-01-19 23:12:44,931 - INFO - [상태] 포지션 없음, 자본금: $5756.09
2026-01-19 23:12:44,932 - INFO - [지표] ADX=nan, Bull=nan, Bear=nan
2026-01-19 23:15:00,595 - INFO - [EMA] 증분계산: prev=92943.61, close=92798.3, new=92932.43
2026-01-19 23:15:00,605 - INFO - 15m | 14:00 | O:92962.8 H:92971.1 L:92722.5 C:92798.3
2026-01-19 23:15:00,605 - INFO - 지표: ADX=17.0, ATR=179.1, Bull=False, Bear=True
2026-01-19 23:17:44,934 - INFO - [상태] 포지션 없음, 자본금: $5756.09
2026-01-19 23:17:44,935 - INFO - [지표] ADX=nan, Bull=nan, Bear=nan
2026-01-19 23:22:44,936 - INFO - [상태] 포지션 없음, 자본금: $5756.09
2026-01-19 23:22:44,937 - INFO - [지표] ADX=nan, Bull=nan, Bear=nan
2026-01-19 23:27:44,943 - INFO - [상태] 포지션 없음, 자본금: $5756.09
2026-01-19 23:27:44,944 - INFO - [지표] ADX=nan, Bull=nan, Bear=nan
2026-01-19 23:30:00,085 - INFO - [EMA] 증분계산: prev=92932.43, close=92798.2, new=92922.11
2026-01-19 23:30:00,095 - INFO - 15m | 14:15 | O:92798.2 H:92914.8 L:92730.3 C:92798.2
2026-01-19 23:30:00,095 - INFO - 지표: ADX=17.0, ATR=179.5, Bull=False, Bear=True
2026-01-19 23:32:44,945 - INFO - [상태] 포지션 없음, 자본금: $5756.09
2026-01-19 23:32:44,945 - INFO - [지표] ADX=nan, Bull=nan, Bear=nan
2026-01-19 23:37:44,947 - INFO - [상태] 포지션 없음, 자본금: $5756.09
2026-01-19 23:37:44,947 - INFO - [지표] ADX=nan, Bull=nan, Bear=nan
2026-01-19 23:42:44,949 - INFO - [상태] 포지션 없음, 자본금: $5756.09
2026-01-19 23:42:44,950 - INFO - [지표] ADX=nan, Bull=nan, Bear=nan
2026-01-19 23:45:00,250 - INFO - [EMA] 증분계산: prev=92922.11, close=92724.9, new=92906.94
2026-01-19 23:45:00,259 - INFO - 15m | 14:30 | O:92798.2 H:92911.2 L:92624.2 C:92724.9
2026-01-19 23:45:00,259 - INFO - 지표: ADX=17.5, ATR=188.5, Bull=False, Bear=True
2026-01-19 23:47:44,953 - INFO - [상태] 포지션 없음, 자본금: $5756.09
2026-01-19 23:47:44,953 - INFO - [지표] ADX=nan, Bull=nan, Bear=nan
2026-01-19 23:52:44,954 - INFO - [상태] 포지션 없음, 자본금: $5756.09
2026-01-19 23:52:44,954 - INFO - [지표] ADX=nan, Bull=nan, Bear=nan
2026-01-19 23:57:44,958 - INFO - [상태] 포지션 없음, 자본금: $5756.09
2026-01-19 23:57:44,958 - INFO - [지표] ADX=nan, Bull=nan, Bear=nan
2026-01-20 00:00:00,389 - INFO - [EMA] 증분계산: prev=92906.94, close=92733.9, new=92893.63
2026-01-20 00:00:00,396 - INFO - 15m | 14:45 | O:92727.7 H:92842.3 L:92672.0 C:92733.9
2026-01-20 00:00:00,396 - INFO - 지표: ADX=17.9, ATR=187.0, Bull=False, Bear=True
2026-01-20 00:02:44,960 - INFO - [상태] 포지션 없음, 자본금: $5756.09
2026-01-20 00:02:44,960 - INFO - [지표] ADX=nan, Bull=nan, Bear=nan
2026-01-20 00:07:44,961 - INFO - [상태] 포지션 없음, 자본금: $5756.09
2026-01-20 00:07:44,961 - INFO - [지표] ADX=nan, Bull=nan, Bear=nan
2026-01-20 00:12:44,964 - INFO - [상태] 포지션 없음, 자본금: $5756.09
2026-01-20 00:12:44,964 - INFO - [지표] ADX=nan, Bull=nan, Bear=nan
2026-01-20 00:15:01,559 - INFO - [EMA] 증분계산: prev=92893.63, close=92960.0, new=92898.73
2026-01-20 00:15:01,566 - INFO - 15m | 15:00 | O:92735.8 H:92967.8 L:92728.6 C:92960.0
2026-01-20 00:15:01,566 - INFO - 지표: ADX=17.3, ATR=191.3, Bull=False, Bear=True
2026-01-20 00:17:44,965 - INFO - [상태] 포지션 없음, 자본금: $5756.09
2026-01-20 00:17:44,966 - INFO - [지표] ADX=nan, Bull=nan, Bear=nan
2026-01-20 00:22:44,967 - INFO - [상태] 포지션 없음, 자본금: $5756.09
2026-01-20 00:22:44,967 - INFO - [지표] ADX=nan, Bull=nan, Bear=nan
2026-01-20 00:27:44,968 - INFO - [상태] 포지션 없음, 자본금: $5756.09
2026-01-20 00:27:44,969 - INFO - [지표] ADX=nan, Bull=nan, Bear=nan
2026-01-20 00:30:00,186 - INFO - [EMA] 증분계산: prev=92898.73, close=92856.9, new=92895.51
2026-01-20 00:30:00,196 - INFO - 15m | 15:15 | O:92960.0 H:92984.5 L:92802.7 C:92856.9
2026-01-20 00:30:00,196 - INFO - 지표: ADX=16.7, ATR=190.5, Bull=False, Bear=True
2026-01-20 00:32:44,973 - INFO - [상태] 포지션 없음, 자본금: $5756.09
2026-01-20 00:32:44,973 - INFO - [지표] ADX=nan, Bull=nan, Bear=nan
2026-01-20 00:37:44,977 - INFO - [상태] 포지션 없음, 자본금: $5756.09
2026-01-20 00:37:44,978 - INFO - [지표] ADX=nan, Bull=nan, Bear=nan
2026-01-20 00:42:44,980 - INFO - [상태] 포지션 없음, 자본금: $5756.09
2026-01-20 00:42:44,980 - INFO - [지표] ADX=nan, Bull=nan, Bear=nan
2026-01-20 00:45:01,815 - INFO - [EMA] 증분계산: prev=92895.51, close=92910.0, new=92896.63
2026-01-20 00:45:01,822 - INFO - 15m | 15:30 | O:92857.8 H:92984.5 L:92839.4 C:92910.0
2026-01-20 00:45:01,822 - INFO - 지표: ADX=16.0, ATR=186.7, Bull=False, Bear=True
2026-01-20 00:47:44,984 - INFO - [상태] 포지션 없음, 자본금: $5756.09
2026-01-20 00:47:44,984 - INFO - [지표] ADX=nan, Bull=nan, Bear=nan
2026-01-20 00:52:44,986 - INFO - [상태] 포지션 없음, 자본금: $5756.09
2026-01-20 00:52:44,987 - INFO - [지표] ADX=nan, Bull=nan, Bear=nan
2026-01-20 00:57:44,990 - INFO - [상태] 포지션 없음, 자본금: $5756.09
2026-01-20 00:57:44,990 - INFO - [지표] ADX=nan, Bull=nan, Bear=nan
2026-01-20 01:00:01,404 - INFO - [EMA] 증분계산: prev=92896.63, close=92984.6, new=92903.39
2026-01-20 01:00:01,411 - INFO - 15m | 15:45 | O:92910.1 H:93011.2 L:92898.4 C:92984.6
2026-01-20 01:00:01,411 - INFO - 지표: ADX=15.2, ATR=180.6, Bull=False, Bear=True
2026-01-20 01:02:44,994 - INFO - [상태] 포지션 없음, 자본금: $5756.09
2026-01-20 01:02:44,994 - INFO - [지표] ADX=nan, Bull=nan, Bear=nan
2026-01-20 01:07:44,996 - INFO - [상태] 포지션 없음, 자본금: $5756.09
2026-01-20 01:07:44,997 - INFO - [지표] ADX=nan, Bull=nan, Bear=nan
2026-01-20 01:12:45,002 - INFO - [상태] 포지션 없음, 자본금: $5756.09
2026-01-20 01:12:45,003 - INFO - [지표] ADX=nan, Bull=nan, Bear=nan
2026-01-20 01:15:03,033 - INFO - [EMA] 증분계산: prev=92903.39, close=92970.1, new=92908.53
2026-01-20 01:15:03,039 - INFO - 15m | 16:00 | O:92982.5 H:93078.6 L:92954.5 C:92970.1
2026-01-20 01:15:03,040 - INFO - 지표: ADX=14.4, ATR=175.9, Bull=False, Bear=True
2026-01-20 01:17:45,004 - INFO - [상태] 포지션 없음, 자본금: $5756.09
2026-01-20 01:17:45,004 - INFO - [지표] ADX=nan, Bull=nan, Bear=nan
2026-01-20 01:22:45,005 - INFO - [상태] 포지션 없음, 자본금: $5756.09
2026-01-20 01:22:45,005 - INFO - [지표] ADX=nan, Bull=nan, Bear=nan
2026-01-20 01:27:45,007 - INFO - [상태] 포지션 없음, 자본금: $5756.09
2026-01-20 01:27:45,007 - INFO - [지표] ADX=nan, Bull=nan, Bear=nan
2026-01-20 01:30:00,657 - INFO - [EMA] 증분계산: prev=92908.53, close=93091.6, new=92922.61
2026-01-20 01:30:00,664 - INFO - 15m | 16:15 | O:92972.0 H:93112.9 L:92915.1 C:93091.6
2026-01-20 01:30:00,664 - INFO - 지표: ADX=13.4, ATR=177.7, Bull=False, Bear=True
2026-01-20 01:32:45,008 - INFO - [상태] 포지션 없음, 자본금: $5756.09
2026-01-20 01:32:45,008 - INFO - [지표] ADX=nan, Bull=nan, Bear=nan
2026-01-20 01:37:45,010 - INFO - [상태] 포지션 없음, 자본금: $5756.09
2026-01-20 01:37:45,011 - INFO - [지표] ADX=nan, Bull=nan, Bear=nan
2026-01-20 01:42:45,012 - INFO - [상태] 포지션 없음, 자본금: $5756.09
2026-01-20 01:42:45,013 - INFO - [지표] ADX=nan, Bull=nan, Bear=nan
2026-01-20 01:45:00,842 - INFO - [EMA] 증분계산: prev=92922.61, close=93142.0, new=92939.48
2026-01-20 01:45:00,849 - INFO - 15m | 16:30 | O:93096.3 H:93180.6 L:93083.5 C:93142.0
2026-01-20 01:45:00,849 - INFO - 지표: ADX=12.9, ATR=171.0, Bull=False, Bear=True
2026-01-20 01:47:45,014 - INFO - [상태] 포지션 없음, 자본금: $5756.09
2026-01-20 01:47:45,014 - INFO - [지표] ADX=nan, Bull=nan, Bear=nan
2026-01-20 01:52:45,018 - INFO - [상태] 포지션 없음, 자본금: $5756.09
2026-01-20 01:52:45,018 - INFO - [지표] ADX=nan, Bull=nan, Bear=nan
2026-01-20 01:57:45,019 - INFO - [상태] 포지션 없음, 자본금: $5756.09
2026-01-20 01:57:45,019 - INFO - [지표] ADX=nan, Bull=nan, Bear=nan
2026-01-20 02:00:00,043 - INFO - [EMA] 증분계산: prev=92939.48, close=93224.4, new=92961.40
2026-01-20 02:00:00,049 - INFO - 15m | 16:45 | O:93142.0 H:93347.3 L:93071.6 C:93224.4
2026-01-20 02:00:00,050 - INFO - 지표: ADX=13.6, ATR=179.7, Bull=False, Bear=True
2026-01-20 02:02:45,021 - INFO - [상태] 포지션 없음, 자본금: $5756.09
2026-01-20 02:02:45,021 - INFO - [지표] ADX=nan, Bull=nan, Bear=nan
2026-01-20 02:07:45,023 - INFO - [상태] 포지션 없음, 자본금: $5756.09
2026-01-20 02:07:45,024 - INFO - [지표] ADX=nan, Bull=nan, Bear=nan
2026-01-20 02:12:45,025 - INFO - [상태] 포지션 없음, 자본금: $5756.09
2026-01-20 02:12:45,025 - INFO - [지표] ADX=nan, Bull=nan, Bear=nan
2026-01-20 02:15:01,111 - INFO - [EMA] 증분계산: prev=92961.40, close=93273.7, new=92985.42
2026-01-20 02:15:01,120 - INFO - 15m | 17:00 | O:93224.4 H:93313.6 L:93069.1 C:93273.7
2026-01-20 02:15:01,121 - INFO - 지표: ADX=14.1, ATR=185.1, Bull=False, Bear=True
2026-01-20 02:17:45,026 - INFO - [상태] 포지션 없음, 자본금: $5756.09
2026-01-20 02:17:45,027 - INFO - [지표] ADX=nan, Bull=nan, Bear=nan
2026-01-20 02:22:45,028 - INFO - [상태] 포지션 없음, 자본금: $5756.09
2026-01-20 02:22:45,029 - INFO - [지표] ADX=nan, Bull=nan, Bear=nan
2026-01-20 02:27:45,032 - INFO - [상태] 포지션 없음, 자본금: $5756.09
2026-01-20 02:27:45,032 - INFO - [지표] ADX=nan, Bull=nan, Bear=nan
2026-01-20 02:30:03,036 - INFO - [EMA] 증분계산: prev=92985.42, close=93226.1, new=93003.94
2026-01-20 02:30:03,045 - INFO - 15m | 17:15 | O:93273.6 H:93320.9 L:93186.0 C:93226.1
2026-01-20 02:30:03,045 - INFO - 지표: ADX=14.7, ATR=180.9, Bull=False, Bear=True
2026-01-20 02:32:45,035 - INFO - [상태] 포지션 없음, 자본금: $5756.09
2026-01-20 02:32:45,036 - INFO - [지표] ADX=nan, Bull=nan, Bear=nan
2026-01-20 02:37:45,040 - INFO - [상태] 포지션 없음, 자본금: $5756.09
2026-01-20 02:37:45,041 - INFO - [지표] ADX=nan, Bull=nan, Bear=nan
2026-01-20 02:42:45,044 - INFO - [상태] 포지션 없음, 자본금: $5756.09
2026-01-20 02:42:45,045 - INFO - [지표] ADX=nan, Bull=nan, Bear=nan
2026-01-20 02:45:02,452 - INFO - [EMA] 증분계산: prev=93003.94, close=93119.7, new=93012.84
2026-01-20 02:45:02,458 - INFO - 15m | 17:30 | O:93230.6 H:93230.6 L:93077.0 C:93119.7
2026-01-20 02:45:02,459 - INFO - 지표: ADX=14.2, ATR=178.6, Bull=False, Bear=True
2026-01-20 02:47:45,045 - INFO - [상태] 포지션 없음, 자본금: $5756.09
2026-01-20 02:47:45,045 - INFO - [지표] ADX=nan, Bull=nan, Bear=nan
2026-01-20 02:52:45,047 - INFO - [상태] 포지션 없음, 자본금: $5756.09
2026-01-20 02:52:45,047 - INFO - [지표] ADX=nan, Bull=nan, Bear=nan
2026-01-20 02:57:45,052 - INFO - [상태] 포지션 없음, 자본금: $5756.09
2026-01-20 02:57:45,053 - INFO - [지표] ADX=nan, Bull=nan, Bear=nan
2026-01-20 03:00:00,087 - INFO - [EMA] 증분계산: prev=93012.84, close=93157.7, new=93023.99
2026-01-20 03:00:00,097 - INFO - 15m | 17:45 | O:93119.6 H:93186.6 L:93082.0 C:93157.7
2026-01-20 03:00:00,097 - INFO - 지표: ADX=13.7, ATR=172.5, Bull=False, Bear=True
2026-01-20 03:02:45,055 - INFO - [상태] 포지션 없음, 자본금: $5756.09
2026-01-20 03:02:45,056 - INFO - [지표] ADX=nan, Bull=nan, Bear=nan
2026-01-20 03:07:45,060 - INFO - [상태] 포지션 없음, 자본금: $5756.09
2026-01-20 03:07:45,060 - INFO - [지표] ADX=nan, Bull=nan, Bear=nan
2026-01-20 03:12:45,064 - INFO - [상태] 포지션 없음, 자본금: $5756.09
2026-01-20 03:12:45,064 - INFO - [지표] ADX=nan, Bull=nan, Bear=nan
2026-01-20 03:15:01,583 - INFO - [EMA] 증분계산: prev=93023.99, close=93025.0, new=93024.06
2026-01-20 03:15:01,592 - INFO - 15m | 18:00 | O:93157.7 H:93195.7 L:93022.5 C:93025.0
2026-01-20 03:15:01,593 - INFO - 지표: ADX=12.8, ATR=172.5, Bull=False, Bear=True
2026-01-20 03:17:45,065 - INFO - [상태] 포지션 없음, 자본금: $5756.09
2026-01-20 03:17:45,066 - INFO - [지표] ADX=nan, Bull=nan, Bear=nan
2026-01-20 03:22:45,081 - INFO - [상태] 포지션 없음, 자본금: $5756.09
2026-01-20 03:22:45,082 - INFO - [지표] ADX=nan, Bull=nan, Bear=nan
2026-01-20 03:27:45,082 - INFO - [상태] 포지션 없음, 자본금: $5756.09
2026-01-20 03:27:45,083 - INFO - [지표] ADX=nan, Bull=nan, Bear=nan
2026-01-20 03:30:00,630 - INFO - [EMA] 증분계산: prev=93024.06, close=92909.6, new=93015.26
2026-01-20 03:30:00,637 - INFO - 15m | 18:15 | O:93024.9 H:93059.0 L:92875.0 C:92909.6
2026-01-20 03:30:00,637 - INFO - 지표: ADX=13.0, ATR=173.5, Bull=False, Bear=True
2026-01-20 03:32:45,090 - INFO - [상태] 포지션 없음, 자본금: $5756.09
2026-01-20 03:32:45,090 - INFO - [지표] ADX=nan, Bull=nan, Bear=nan
2026-01-20 03:37:45,091 - INFO - [상태] 포지션 없음, 자본금: $5756.09
2026-01-20 03:37:45,091 - INFO - [지표] ADX=nan, Bull=nan, Bear=nan
2026-01-20 03:42:45,094 - INFO - [상태] 포지션 없음, 자본금: $5756.09
2026-01-20 03:42:45,094 - INFO - [지표] ADX=nan, Bull=nan, Bear=nan
2026-01-20 03:45:01,891 - INFO - [EMA] 증분계산: prev=93015.26, close=93038.5, new=93017.05
2026-01-20 03:45:01,898 - INFO - 15m | 18:30 | O:92909.6 H:93058.0 L:92852.4 C:93038.5
2026-01-20 03:45:01,898 - INFO - 지표: ADX=13.3, ATR=176.2, Bull=False, Bear=True
2026-01-20 03:47:45,102 - INFO - [상태] 포지션 없음, 자본금: $5756.09
2026-01-20 03:47:45,102 - INFO - [지표] ADX=nan, Bull=nan, Bear=nan
2026-01-20 03:52:45,106 - INFO - [상태] 포지션 없음, 자본금: $5756.09
2026-01-20 03:52:45,107 - INFO - [지표] ADX=nan, Bull=nan, Bear=nan
2026-01-20 03:57:45,112 - INFO - [상태] 포지션 없음, 자본금: $5756.09
2026-01-20 03:57:45,112 - INFO - [지표] ADX=nan, Bull=nan, Bear=nan
2026-01-20 04:00:02,942 - INFO - [EMA] 증분계산: prev=93017.05, close=92986.7, new=93014.71
2026-01-20 04:00:02,948 - INFO - 15m | 18:45 | O:93038.5 H:93057.4 L:92945.0 C:92986.7
2026-01-20 04:00:02,948 - INFO - 지표: ADX=13.6, ATR=170.9, Bull=False, Bear=True
2026-01-20 04:02:45,114 - INFO - [상태] 포지션 없음, 자본금: $5756.09
2026-01-20 04:02:45,114 - INFO - [지표] ADX=nan, Bull=nan, Bear=nan
2026-01-20 04:07:45,126 - INFO - [상태] 포지션 없음, 자본금: $5756.09
2026-01-20 04:07:45,126 - INFO - [지표] ADX=nan, Bull=nan, Bear=nan
2026-01-20 04:12:45,130 - INFO - [상태] 포지션 없음, 자본금: $5756.09
2026-01-20 04:12:45,131 - INFO - [지표] ADX=nan, Bull=nan, Bear=nan
2026-01-20 04:15:01,469 - INFO - [EMA] 증분계산: prev=93014.71, close=93009.5, new=93014.31
2026-01-20 04:15:01,479 - INFO - 15m | 19:00 | O:92986.8 H:93021.7 L:92917.1 C:93009.5
2026-01-20 04:15:01,479 - INFO - 지표: ADX=14.2, ATR=165.3, Bull=False, Bear=True
2026-01-20 04:17:45,132 - INFO - [상태] 포지션 없음, 자본금: $5756.09
2026-01-20 04:17:45,132 - INFO - [지표] ADX=nan, Bull=nan, Bear=nan
2026-01-20 04:22:45,136 - INFO - [상태] 포지션 없음, 자본금: $5756.09
2026-01-20 04:22:45,136 - INFO - [지표] ADX=nan, Bull=nan, Bear=nan
2026-01-20 04:27:45,144 - INFO - [상태] 포지션 없음, 자본금: $5756.09
2026-01-20 04:27:45,145 - INFO - [지표] ADX=nan, Bull=nan, Bear=nan
2026-01-20 04:30:00,460 - INFO - [EMA] 증분계산: prev=93014.31, close=92997.0, new=93012.98
2026-01-20 04:30:00,470 - INFO - 15m | 19:15 | O:93009.5 H:93075.6 L:92963.9 C:92997.0
2026-01-20 04:30:00,470 - INFO - 지표: ADX=14.0, ATR=160.9, Bull=False, Bear=True
2026-01-20 04:32:45,146 - INFO - [상태] 포지션 없음, 자본금: $5756.09
2026-01-20 04:32:45,146 - INFO - [지표] ADX=nan, Bull=nan, Bear=nan
2026-01-20 04:37:45,151 - INFO - [상태] 포지션 없음, 자본금: $5756.09
2026-01-20 04:37:45,152 - INFO - [지표] ADX=nan, Bull=nan, Bear=nan
2026-01-20 04:42:45,160 - INFO - [상태] 포지션 없음, 자본금: $5756.09
2026-01-20 04:42:45,160 - INFO - [지표] ADX=nan, Bull=nan, Bear=nan
2026-01-20 04:45:00,032 - INFO - [EMA] 증분계산: prev=93012.98, close=93065.0, new=93016.98
2026-01-20 04:45:00,039 - INFO - 15m | 19:30 | O:92997.0 H:93065.0 L:92958.9 C:93065.0
2026-01-20 04:45:00,039 - INFO - 지표: ADX=14.0, ATR=156.3, Bull=False, Bear=True
2026-01-20 04:47:45,164 - INFO - [상태] 포지션 없음, 자본금: $5756.09
2026-01-20 04:47:45,165 - INFO - [지표] ADX=nan, Bull=nan, Bear=nan
2026-01-20 04:52:45,171 - INFO - [상태] 포지션 없음, 자본금: $5756.09
2026-01-20 04:52:45,172 - INFO - [지표] ADX=nan, Bull=nan, Bear=nan
2026-01-20 04:57:45,173 - INFO - [상태] 포지션 없음, 자본금: $5756.09
2026-01-20 04:57:45,174 - INFO - [지표] ADX=nan, Bull=nan, Bear=nan
2026-01-20 05:00:01,063 - INFO - [EMA] 증분계산: prev=93016.98, close=93032.8, new=93018.20
2026-01-20 05:00:01,070 - INFO - 15m | 19:45 | O:93064.9 H:93086.6 L:93001.1 C:93032.8
2026-01-20 05:00:01,070 - INFO - 지표: ADX=13.7, ATR=150.4, Bull=False, Bear=True
2026-01-20 05:02:45,175 - INFO - [상태] 포지션 없음, 자본금: $5756.09
2026-01-20 05:02:45,175 - INFO - [지표] ADX=nan, Bull=nan, Bear=nan
2026-01-20 05:07:45,182 - INFO - [상태] 포지션 없음, 자본금: $5756.09
2026-01-20 05:07:45,183 - INFO - [지표] ADX=nan, Bull=nan, Bear=nan
2026-01-20 05:12:45,184 - INFO - [상태] 포지션 없음, 자본금: $5756.09
2026-01-20 05:12:45,185 - INFO - [지표] ADX=nan, Bull=nan, Bear=nan
2026-01-20 05:15:01,509 - INFO - [EMA] 증분계산: prev=93018.20, close=93090.2, new=93023.74
2026-01-20 05:15:01,519 - INFO - 15m | 20:00 | O:93032.7 H:93153.8 L:93032.7 C:93090.2
2026-01-20 05:15:01,519 - INFO - 지표: ADX=12.7, ATR=148.0, Bull=False, Bear=True
2026-01-20 05:17:45,190 - INFO - [상태] 포지션 없음, 자본금: $5756.09
2026-01-20 05:17:45,190 - INFO - [지표] ADX=nan, Bull=nan, Bear=nan
2026-01-20 05:22:45,191 - INFO - [상태] 포지션 없음, 자본금: $5756.09
2026-01-20 05:22:45,192 - INFO - [지표] ADX=nan, Bull=nan, Bear=nan
2026-01-20 05:27:45,195 - INFO - [상태] 포지션 없음, 자본금: $5756.09
2026-01-20 05:27:45,196 - INFO - [지표] ADX=nan, Bull=nan, Bear=nan
2026-01-20 05:30:01,437 - INFO - [EMA] 증분계산: prev=93023.74, close=93166.7, new=93034.73
2026-01-20 05:30:01,443 - INFO - 15m | 20:15 | O:93090.1 H:93216.0 L:93075.8 C:93166.7
2026-01-20 05:30:01,443 - INFO - 지표: ADX=12.4, ATR=147.3, Bull=False, Bear=True
2026-01-20 05:32:45,199 - INFO - [상태] 포지션 없음, 자본금: $5756.09
2026-01-20 05:32:45,200 - INFO - [지표] ADX=nan, Bull=nan, Bear=nan
2026-01-20 05:37:45,202 - INFO - [상태] 포지션 없음, 자본금: $5756.09
2026-01-20 05:37:45,202 - INFO - [지표] ADX=nan, Bull=nan, Bear=nan
2026-01-20 05:42:45,205 - INFO - [상태] 포지션 없음, 자본금: $5756.09
2026-01-20 05:42:45,205 - INFO - [지표] ADX=nan, Bull=nan, Bear=nan
2026-01-20 05:45:00,893 - INFO - [EMA] 증분계산: prev=93034.73, close=93052.5, new=93036.10
2026-01-20 05:45:00,900 - INFO - 15m | 20:30 | O:93166.8 H:93179.2 L:93052.5 C:93052.5
2026-01-20 05:45:00,901 - INFO - 지표: ADX=11.9, ATR=145.6, Bull=False, Bear=True
2026-01-20 05:47:45,207 - INFO - [상태] 포지션 없음, 자본금: $5756.09
2026-01-20 05:47:45,208 - INFO - [지표] ADX=nan, Bull=nan, Bear=nan
2026-01-20 05:52:45,209 - INFO - [상태] 포지션 없음, 자본금: $5756.09
2026-01-20 05:52:45,210 - INFO - [지표] ADX=nan, Bull=nan, Bear=nan
2026-01-20 05:57:45,211 - INFO - [상태] 포지션 없음, 자본금: $5756.09
2026-01-20 05:57:45,211 - INFO - [지표] ADX=nan, Bull=nan, Bear=nan
2026-01-20 06:00:00,047 - INFO - [EMA] 증분계산: prev=93036.10, close=93067.4, new=93038.51
2026-01-20 06:00:00,057 - INFO - 15m | 20:45 | O:93052.6 H:93077.7 L:93014.2 C:93067.4
2026-01-20 06:00:00,057 - INFO - 지표: ADX=11.1, ATR=138.8, Bull=False, Bear=True
2026-01-20 06:02:45,213 - INFO - [상태] 포지션 없음, 자본금: $5756.09
2026-01-20 06:02:45,213 - INFO - [지표] ADX=nan, Bull=nan, Bear=nan
2026-01-20 06:07:45,217 - INFO - [상태] 포지션 없음, 자본금: $5756.09
2026-01-20 06:07:45,218 - INFO - [지표] ADX=nan, Bull=nan, Bear=nan
2026-01-20 06:12:45,220 - INFO - [상태] 포지션 없음, 자본금: $5756.09
2026-01-20 06:12:45,221 - INFO - [지표] ADX=nan, Bull=nan, Bear=nan
2026-01-20 06:15:00,643 - INFO - [EMA] 증분계산: prev=93038.51, close=93030.1, new=93037.86
2026-01-20 06:15:00,653 - INFO - 15m | 21:00 | O:93069.2 H:93279.2 L:92985.6 C:93030.1
2026-01-20 06:15:00,653 - INFO - 지표: ADX=12.0, ATR=151.7, Bull=False, Bear=True
2026-01-20 06:17:45,221 - INFO - [상태] 포지션 없음, 자본금: $5756.09
2026-01-20 06:17:45,222 - INFO - [지표] ADX=nan, Bull=nan, Bear=nan
2026-01-20 06:22:45,238 - INFO - [상태] 포지션 없음, 자본금: $5756.09
2026-01-20 06:22:45,238 - INFO - [지표] ADX=nan, Bull=nan, Bear=nan
2026-01-20 06:27:45,242 - INFO - [상태] 포지션 없음, 자본금: $5756.09
2026-01-20 06:27:45,243 - INFO - [지표] ADX=nan, Bull=nan, Bear=nan
2026-01-20 06:30:01,853 - INFO - [EMA] 증분계산: prev=93037.86, close=92969.7, new=93032.62
2026-01-20 06:30:01,860 - INFO - 15m | 21:15 | O:93030.1 H:93035.4 L:92924.8 C:92969.7
2026-01-20 06:30:01,860 - INFO - 지표: ADX=12.2, ATR=148.2, Bull=False, Bear=True
2026-01-20 06:32:45,248 - INFO - [상태] 포지션 없음, 자본금: $5756.09
2026-01-20 06:32:45,248 - INFO - [지표] ADX=nan, Bull=nan, Bear=nan
2026-01-20 06:37:45,250 - INFO - [상태] 포지션 없음, 자본금: $5756.09
2026-01-20 06:37:45,250 - INFO - [지표] ADX=nan, Bull=nan, Bear=nan
2026-01-20 06:42:45,254 - INFO - [상태] 포지션 없음, 자본금: $5756.09
2026-01-20 06:42:45,255 - INFO - [지표] ADX=nan, Bull=nan, Bear=nan
2026-01-20 06:45:03,032 - INFO - [EMA] 증분계산: prev=93032.62, close=92970.7, new=93027.86
2026-01-20 06:45:03,039 - INFO - 15m | 21:30 | O:92966.9 H:92997.0 L:92919.7 C:92970.7
2026-01-20 06:45:03,039 - INFO - 지표: ADX=12.3, ATR=142.3, Bull=False, Bear=True
2026-01-20 06:47:45,259 - INFO - [상태] 포지션 없음, 자본금: $5756.09
2026-01-20 06:47:45,259 - INFO - [지표] ADX=nan, Bull=nan, Bear=nan
2026-01-20 06:52:45,263 - INFO - [상태] 포지션 없음, 자본금: $5756.09
2026-01-20 06:52:45,263 - INFO - [지표] ADX=nan, Bull=nan, Bear=nan
2026-01-20 06:57:45,265 - INFO - [상태] 포지션 없음, 자본금: $5756.09
2026-01-20 06:57:45,265 - INFO - [지표] ADX=nan, Bull=nan, Bear=nan
2026-01-20 07:00:01,747 - INFO - [EMA] 증분계산: prev=93027.86, close=92922.4, new=93019.74
2026-01-20 07:00:01,757 - INFO - 15m | 21:45 | O:92970.7 H:92974.9 L:92922.4 C:92922.4
2026-01-20 07:00:01,757 - INFO - 지표: ADX=12.4, ATR=134.8, Bull=False, Bear=True
2026-01-20 07:02:45,266 - INFO - [상태] 포지션 없음, 자본금: $5756.09
2026-01-20 07:02:45,266 - INFO - [지표] ADX=nan, Bull=nan, Bear=nan
2026-01-20 07:07:45,271 - INFO - [상태] 포지션 없음, 자본금: $5756.09
2026-01-20 07:07:45,271 - INFO - [지표] ADX=nan, Bull=nan, Bear=nan
2026-01-20 07:12:45,277 - INFO - [상태] 포지션 없음, 자본금: $5756.09
2026-01-20 07:12:45,277 - INFO - [지표] ADX=nan, Bull=nan, Bear=nan
2026-01-20 07:15:00,064 - INFO - [EMA] 증분계산: prev=93019.74, close=92770.9, new=93000.60
2026-01-20 07:15:00,071 - INFO - 15m | 22:00 | O:92922.4 H:92965.6 L:92633.6 C:92770.9
2026-01-20 07:15:00,071 - INFO - 지표: ADX=12.9, ATR=151.3, Bull=False, Bear=True
2026-01-20 07:17:45,286 - INFO - [상태] 포지션 없음, 자본금: $5756.09
2026-01-20 07:17:45,287 - INFO - [지표] ADX=nan, Bull=nan, Bear=nan
2026-01-20 07:22:45,291 - INFO - [상태] 포지션 없음, 자본금: $5756.09
2026-01-20 07:22:45,291 - INFO - [지표] ADX=nan, Bull=nan, Bear=nan
2026-01-20 07:27:45,302 - INFO - [상태] 포지션 없음, 자본금: $5756.09
2026-01-20 07:27:45,303 - INFO - [지표] ADX=nan, Bull=nan, Bear=nan
2026-01-20 07:30:01,196 - INFO - [EMA] 증분계산: prev=93000.60, close=92909.5, new=92993.59
2026-01-20 07:30:01,205 - INFO - 15m | 22:15 | O:92770.9 H:92991.0 L:92770.1 C:92909.5
2026-01-20 07:30:01,206 - INFO - 지표: ADX=13.2, ATR=157.1, Bull=False, Bear=True
2026-01-20 07:32:45,308 - INFO - [상태] 포지션 없음, 자본금: $5756.09
2026-01-20 07:32:45,309 - INFO - [지표] ADX=nan, Bull=nan, Bear=nan
2026-01-20 07:37:45,310 - INFO - [상태] 포지션 없음, 자본금: $5756.09
2026-01-20 07:37:45,310 - INFO - [지표] ADX=nan, Bull=nan, Bear=nan
2026-01-20 07:42:45,311 - INFO - [상태] 포지션 없음, 자본금: $5756.09
2026-01-20 07:42:45,311 - INFO - [지표] ADX=nan, Bull=nan, Bear=nan
2026-01-20 07:45:00,395 - INFO - [EMA] 증분계산: prev=92993.59, close=92744.2, new=92974.41
2026-01-20 07:45:00,405 - INFO - 15m | 22:30 | O:92905.8 H:92905.8 L:92701.9 C:92744.2
2026-01-20 07:45:00,405 - INFO - 지표: ADX=13.9, ATR=161.3, Bull=False, Bear=True
2026-01-20 07:47:45,314 - INFO - [상태] 포지션 없음, 자본금: $5756.09
2026-01-20 07:47:45,314 - INFO - [지표] ADX=nan, Bull=nan, Bear=nan
2026-01-20 07:52:45,319 - INFO - [상태] 포지션 없음, 자본금: $5756.09
2026-01-20 07:52:45,320 - INFO - [지표] ADX=nan, Bull=nan, Bear=nan
2026-01-20 07:57:45,322 - INFO - [상태] 포지션 없음, 자본금: $5756.09
2026-01-20 07:57:45,322 - INFO - [지표] ADX=nan, Bull=nan, Bear=nan
2026-01-20 08:00:00,171 - INFO - [EMA] 증분계산: prev=92974.41, close=92489.6, new=92937.12
2026-01-20 08:00:00,180 - INFO - 15m | 22:45 | O:92744.2 H:92763.9 L:92474.6 C:92489.6
2026-01-20 08:00:00,180 - INFO - 지표: ADX=15.7, ATR=172.0, Bull=False, Bear=True
2026-01-20 08:02:45,325 - INFO - [상태] 포지션 없음, 자본금: $5756.09
2026-01-20 08:02:45,325 - INFO - [지표] ADX=nan, Bull=nan, Bear=nan
2026-01-20 08:07:45,327 - INFO - [상태] 포지션 없음, 자본금: $5756.09
2026-01-20 08:07:45,327 - INFO - [지표] ADX=nan, Bull=nan, Bear=nan
2026-01-20 08:12:45,329 - INFO - [상태] 포지션 없음, 자본금: $5756.09
2026-01-20 08:12:45,329 - INFO - [지표] ADX=nan, Bull=nan, Bear=nan
2026-01-20 08:15:00,047 - INFO - [EMA] 증분계산: prev=92937.12, close=92360.0, new=92892.72
2026-01-20 08:15:00,054 - INFO - 15m | 23:00 | O:92489.5 H:92668.1 L:92124.0 C:92360.0
2026-01-20 08:15:00,054 - INFO - 지표: ADX=18.5, ATR=203.0, Bull=False, Bear=True
2026-01-20 08:17:45,331 - INFO - [상태] 포지션 없음, 자본금: $5756.09
2026-01-20 08:17:45,332 - INFO - [지표] ADX=nan, Bull=nan, Bear=nan
2026-01-20 08:22:45,334 - INFO - [상태] 포지션 없음, 자본금: $5756.09
2026-01-20 08:22:45,334 - INFO - [지표] ADX=nan, Bull=nan, Bear=nan
2026-01-20 08:27:45,338 - INFO - [상태] 포지션 없음, 자본금: $5756.09
2026-01-20 08:27:45,338 - INFO - [지표] ADX=nan, Bull=nan, Bear=nan
2026-01-20 08:30:00,073 - INFO - [EMA] 증분계산: prev=92892.72, close=92460.5, new=92859.48
2026-01-20 08:30:00,080 - INFO - 15m | 23:15 | O:92360.0 H:92484.3 L:92077.2 C:92460.5
2026-01-20 08:30:00,080 - INFO - 지표: ADX=21.2, ATR=220.0, Bull=False, Bear=True
2026-01-20 08:32:45,340 - INFO - [상태] 포지션 없음, 자본금: $5756.09
2026-01-20 08:32:45,340 - INFO - [지표] ADX=nan, Bull=nan, Bear=nan
2026-01-20 08:37:45,341 - INFO - [상태] 포지션 없음, 자본금: $5756.09
2026-01-20 08:37:45,342 - INFO - [지표] ADX=nan, Bull=nan, Bear=nan
2026-01-20 08:42:45,344 - INFO - [상태] 포지션 없음, 자본금: $5756.09
2026-01-20 08:42:45,344 - INFO - [지표] ADX=nan, Bull=nan, Bear=nan
2026-01-20 08:45:00,336 - INFO - [EMA] 증분계산: prev=92859.48, close=92568.0, new=92837.05
2026-01-20 08:45:00,343 - INFO - 15m | 23:30 | O:92461.5 H:92673.6 L:92439.1 C:92568.0
2026-01-20 08:45:00,343 - INFO - 지표: ADX=22.2, ATR=221.2, Bull=False, Bear=True
2026-01-20 08:47:45,345 - INFO - [상태] 포지션 없음, 자본금: $5756.09
2026-01-20 08:47:45,346 - INFO - [지표] ADX=nan, Bull=nan, Bear=nan
2026-01-20 08:52:45,348 - INFO - [상태] 포지션 없음, 자본금: $5756.09
2026-01-20 08:52:45,349 - INFO - [지표] ADX=nan, Bull=nan, Bear=nan
2026-01-20 08:57:45,360 - INFO - [상태] 포지션 없음, 자본금: $5756.09
2026-01-20 08:57:45,360 - INFO - [지표] ADX=nan, Bull=nan, Bear=nan
