2026-01-24 09:00:02,559 - INFO - === 로그 파일 시작: logs/hyper_2026-01-24.log ===
2026-01-24 09:00:02,559 - INFO - [EMA] 증분계산: prev=89594.51, close=89469.4, new=89584.88
2026-01-24 09:00:02,569 - INFO - 15m | 23:45 | O:89389.0 H:89507.6 L:89340.3 C:89469.4
2026-01-24 09:00:02,569 - INFO - 지표: ADX=16.2, ATR=246.2, Bull=False, Bear=False
2026-01-24 09:00:35,231 - INFO - [상태] 포지션 없음, 자본금: $5453.64
2026-01-24 09:00:35,231 - INFO - [지표] ADX=nan, Bull=nan, Bear=nan
2026-01-24 09:05:35,233 - INFO - [상태] 포지션 없음, 자본금: $5453.64
2026-01-24 09:05:35,234 - INFO - [지표] ADX=nan, Bull=nan, Bear=nan
2026-01-24 09:10:35,242 - INFO - [상태] 포지션 없음, 자본금: $5453.64
2026-01-24 09:10:35,243 - INFO - [지표] ADX=nan, Bull=nan, Bear=nan
2026-01-24 09:15:03,014 - INFO - [EMA] 증분계산: prev=89584.88, close=89381.3, new=89569.22
2026-01-24 09:15:03,021 - INFO - 15m | 00:00 | O:89469.5 H:89510.0 L:89376.8 C:89381.3
2026-01-24 09:15:03,021 - INFO - 지표: ADX=16.1, ATR=236.8, Bull=False, Bear=False
2026-01-24 09:15:35,244 - INFO - [상태] 포지션 없음, 자본금: $5453.64
2026-01-24 09:15:35,244 - INFO - [지표] ADX=nan, Bull=nan, Bear=nan
2026-01-24 09:20:35,255 - INFO - [상태] 포지션 없음, 자본금: $5453.64
2026-01-24 09:20:35,255 - INFO - [지표] ADX=nan, Bull=nan, Bear=nan
2026-01-24 09:25:35,260 - INFO - [상태] 포지션 없음, 자본금: $5453.64
2026-01-24 09:25:35,260 - INFO - [지표] ADX=nan, Bull=nan, Bear=nan
2026-01-24 09:30:00,620 - INFO - [EMA] 증분계산: prev=89569.22, close=89329.7, new=89550.80
2026-01-24 09:30:00,627 - INFO - 15m | 00:15 | O:89381.3 H:89449.0 L:89329.7 C:89329.7
2026-01-24 09:30:00,627 - INFO - 지표: ADX=16.2, ATR=227.0, Bull=False, Bear=False
2026-01-24 09:30:35,266 - INFO - [상태] 포지션 없음, 자본금: $5453.64
2026-01-24 09:30:35,267 - INFO - [지표] ADX=nan, Bull=nan, Bear=nan
2026-01-24 09:35:35,269 - INFO - [상태] 포지션 없음, 자본금: $5453.64
2026-01-24 09:35:35,269 - INFO - [지표] ADX=nan, Bull=nan, Bear=nan
2026-01-24 09:40:35,275 - INFO - [상태] 포지션 없음, 자본금: $5453.64
2026-01-24 09:40:35,275 - INFO - [지표] ADX=nan, Bull=nan, Bear=nan
2026-01-24 09:45:00,389 - INFO - [EMA] 증분계산: prev=89550.80, close=89355.5, new=89535.78
2026-01-24 09:45:00,399 - INFO - 15m | 00:30 | O:89330.1 H:89433.9 L:89326.1 C:89355.5
2026-01-24 09:45:00,399 - INFO - 지표: ADX=16.4, ATR=217.1, Bull=False, Bear=True
2026-01-24 09:45:35,278 - INFO - [상태] 포지션 없음, 자본금: $5453.64
2026-01-24 09:45:35,279 - INFO - [지표] ADX=nan, Bull=nan, Bear=nan
2026-01-24 09:50:35,288 - INFO - [상태] 포지션 없음, 자본금: $5453.64
2026-01-24 09:50:35,288 - INFO - [지표] ADX=nan, Bull=nan, Bear=nan
2026-01-24 09:55:35,298 - INFO - [상태] 포지션 없음, 자본금: $5453.64
2026-01-24 09:55:35,298 - INFO - [지표] ADX=nan, Bull=nan, Bear=nan
2026-01-24 10:00:01,011 - INFO - [EMA] 증분계산: prev=89535.78, close=89319.5, new=89519.14
2026-01-24 10:00:01,020 - INFO - 15m | 00:45 | O:89355.6 H:89363.4 L:89277.7 C:89319.5
2026-01-24 10:00:01,020 - INFO - 지표: ADX=16.7, ATR=206.1, Bull=False, Bear=True
2026-01-24 10:00:35,308 - INFO - [상태] 포지션 없음, 자본금: $5453.64
2026-01-24 10:00:35,308 - INFO - [지표] ADX=nan, Bull=nan, Bear=nan
2026-01-24 10:05:35,311 - INFO - [상태] 포지션 없음, 자본금: $5453.64
2026-01-24 10:05:35,311 - INFO - [지표] ADX=nan, Bull=nan, Bear=nan
2026-01-24 10:10:35,315 - INFO - [상태] 포지션 없음, 자본금: $5453.64
2026-01-24 10:10:35,315 - INFO - [지표] ADX=nan, Bull=nan, Bear=nan
2026-01-24 10:15:03,040 - INFO - [EMA] 증분계산: prev=89519.14, close=89381.0, new=89508.51
2026-01-24 10:15:03,049 - INFO - 15m | 01:00 | O:89319.0 H:89389.9 L:89314.9 C:89381.0
2026-01-24 10:15:03,049 - INFO - 지표: ADX=16.8, ATR=195.2, Bull=False, Bear=True
2026-01-24 10:15:35,317 - INFO - [상태] 포지션 없음, 자본금: $5453.64
2026-01-24 10:15:35,318 - INFO - [지표] ADX=nan, Bull=nan, Bear=nan
2026-01-24 10:20:35,321 - INFO - [상태] 포지션 없음, 자본금: $5453.64
2026-01-24 10:20:35,321 - INFO - [지표] ADX=nan, Bull=nan, Bear=nan
2026-01-24 10:25:35,325 - INFO - [상태] 포지션 없음, 자본금: $5453.64
2026-01-24 10:25:35,326 - INFO - [지표] ADX=nan, Bull=nan, Bear=nan
2026-01-24 10:30:00,258 - INFO - [EMA] 증분계산: prev=89508.51, close=89445.2, new=89503.64
2026-01-24 10:30:00,265 - INFO - 15m | 01:15 | O:89381.0 H:89460.5 L:89361.6 C:89445.2
2026-01-24 10:30:00,265 - INFO - 지표: ADX=16.4, ATR=187.2, Bull=False, Bear=True
2026-01-24 10:30:35,329 - INFO - [상태] 포지션 없음, 자본금: $5453.64
2026-01-24 10:30:35,329 - INFO - [지표] ADX=nan, Bull=nan, Bear=nan
2026-01-24 10:35:35,330 - INFO - [상태] 포지션 없음, 자본금: $5453.64
2026-01-24 10:35:35,331 - INFO - [지표] ADX=nan, Bull=nan, Bear=nan
2026-01-24 10:40:35,337 - INFO - [상태] 포지션 없음, 자본금: $5453.64
2026-01-24 10:40:35,337 - INFO - [지표] ADX=nan, Bull=nan, Bear=nan
2026-01-24 10:45:00,573 - INFO - [EMA] 증분계산: prev=89503.64, close=89399.8, new=89495.65
2026-01-24 10:45:00,583 - INFO - 15m | 01:30 | O:89445.1 H:89445.1 L:89329.5 C:89399.8
2026-01-24 10:45:00,583 - INFO - 지표: ADX=16.3, ATR=181.2, Bull=False, Bear=True
2026-01-24 10:45:35,341 - INFO - [상태] 포지션 없음, 자본금: $5453.64
2026-01-24 10:45:35,342 - INFO - [지표] ADX=nan, Bull=nan, Bear=nan
2026-01-24 10:50:35,345 - INFO - [상태] 포지션 없음, 자본금: $5453.64
2026-01-24 10:50:35,345 - INFO - [지표] ADX=nan, Bull=nan, Bear=nan
2026-01-24 10:55:35,347 - INFO - [상태] 포지션 없음, 자본금: $5453.64
2026-01-24 10:55:35,348 - INFO - [지표] ADX=nan, Bull=nan, Bear=nan
2026-01-24 11:00:00,052 - INFO - [EMA] 증분계산: prev=89495.65, close=89415.8, new=89489.51
2026-01-24 11:00:00,062 - INFO - 15m | 01:45 | O:89399.7 H:89420.0 L:89378.6 C:89415.8
2026-01-24 11:00:00,062 - INFO - 지표: ADX=16.1, ATR=169.6, Bull=False, Bear=True
2026-01-24 11:00:35,352 - INFO - [상태] 포지션 없음, 자본금: $5453.64
2026-01-24 11:00:35,352 - INFO - [지표] ADX=nan, Bull=nan, Bear=nan
2026-01-24 11:05:35,353 - INFO - [상태] 포지션 없음, 자본금: $5453.64
2026-01-24 11:05:35,354 - INFO - [지표] ADX=nan, Bull=nan, Bear=nan
2026-01-24 11:10:35,357 - INFO - [상태] 포지션 없음, 자본금: $5453.64
2026-01-24 11:10:35,358 - INFO - [지표] ADX=nan, Bull=nan, Bear=nan
2026-01-24 11:15:03,050 - INFO - [EMA] 증분계산: prev=89489.51, close=89487.8, new=89489.38
2026-01-24 11:15:03,057 - INFO - 15m | 02:00 | O:89415.8 H:89537.3 L:89415.8 C:89487.8
2026-01-24 11:15:03,057 - INFO - 지표: ADX=15.1, ATR=165.6, Bull=False, Bear=True
2026-01-24 11:15:35,360 - INFO - [상태] 포지션 없음, 자본금: $5453.64
2026-01-24 11:15:35,361 - INFO - [지표] ADX=nan, Bull=nan, Bear=nan
2026-01-24 11:20:35,363 - INFO - [상태] 포지션 없음, 자본금: $5453.64
2026-01-24 11:20:35,364 - INFO - [지표] ADX=nan, Bull=nan, Bear=nan
2026-01-24 11:25:35,366 - INFO - [상태] 포지션 없음, 자본금: $5453.64
2026-01-24 11:25:35,366 - INFO - [지표] ADX=nan, Bull=nan, Bear=nan
2026-01-24 11:30:00,772 - INFO - [EMA] 증분계산: prev=89489.38, close=89470.1, new=89487.90
2026-01-24 11:30:00,779 - INFO - 15m | 02:15 | O:89487.8 H:89535.0 L:89453.3 C:89470.1
2026-01-24 11:30:00,779 - INFO - 지표: ADX=14.1, ATR=158.6, Bull=False, Bear=True
2026-01-24 11:30:35,367 - INFO - [상태] 포지션 없음, 자본금: $5453.64
2026-01-24 11:30:35,368 - INFO - [지표] ADX=nan, Bull=nan, Bear=nan
2026-01-24 11:35:35,368 - INFO - [상태] 포지션 없음, 자본금: $5453.64
2026-01-24 11:35:35,369 - INFO - [지표] ADX=nan, Bull=nan, Bear=nan
2026-01-24 11:40:35,370 - INFO - [상태] 포지션 없음, 자본금: $5453.64
2026-01-24 11:40:35,370 - INFO - [지표] ADX=nan, Bull=nan, Bear=nan
2026-01-24 11:45:03,042 - INFO - [EMA] 증분계산: prev=89487.90, close=89541.4, new=89492.01
2026-01-24 11:45:03,051 - INFO - 15m | 02:30 | O:89470.0 H:89548.7 L:89460.0 C:89541.4
2026-01-24 11:45:03,051 - INFO - 지표: ADX=13.1, ATR=152.8, Bull=False, Bear=True
2026-01-24 11:45:35,371 - INFO - [상태] 포지션 없음, 자본금: $5453.64
2026-01-24 11:45:35,371 - INFO - [지표] ADX=nan, Bull=nan, Bear=nan
2026-01-24 11:50:35,377 - INFO - [상태] 포지션 없음, 자본금: $5453.64
2026-01-24 11:50:35,377 - INFO - [지표] ADX=nan, Bull=nan, Bear=nan
2026-01-24 11:55:35,385 - INFO - [상태] 포지션 없음, 자본금: $5453.64
2026-01-24 11:55:35,385 - INFO - [지표] ADX=nan, Bull=nan, Bear=nan
2026-01-24 12:00:00,376 - INFO - [EMA] 증분계산: prev=89492.01, close=89561.5, new=89497.36
2026-01-24 12:00:00,382 - INFO - 15m | 02:45 | O:89541.3 H:89576.4 L:89507.7 C:89561.5
2026-01-24 12:00:00,382 - INFO - 지표: ADX=12.4, ATR=145.8, Bull=False, Bear=True
2026-01-24 12:00:35,389 - INFO - [상태] 포지션 없음, 자본금: $5453.64
2026-01-24 12:00:35,389 - INFO - [지표] ADX=nan, Bull=nan, Bear=nan
2026-01-24 12:05:35,397 - INFO - [상태] 포지션 없음, 자본금: $5453.64
2026-01-24 12:05:35,397 - INFO - [지표] ADX=nan, Bull=nan, Bear=nan
2026-01-24 12:10:35,398 - INFO - [상태] 포지션 없음, 자본금: $5453.64
2026-01-24 12:10:35,398 - INFO - [지표] ADX=nan, Bull=nan, Bear=nan
2026-01-24 12:15:02,320 - INFO - [EMA] 증분계산: prev=89497.36, close=89735.5, new=89515.68
2026-01-24 12:15:02,330 - INFO - 15m | 03:00 | O:89561.5 H:89735.5 L:89523.9 C:89735.5
2026-01-24 12:15:02,330 - INFO - 지표: ADX=12.8, ATR=151.2, Bull=False, Bear=False
2026-01-24 12:15:35,399 - INFO - [상태] 포지션 없음, 자본금: $5453.64
2026-01-24 12:15:35,400 - INFO - [지표] ADX=nan, Bull=nan, Bear=nan
2026-01-24 12:20:35,401 - INFO - [상태] 포지션 없음, 자본금: $5453.64
2026-01-24 12:20:35,402 - INFO - [지표] ADX=nan, Bull=nan, Bear=nan
2026-01-24 12:25:35,403 - INFO - [상태] 포지션 없음, 자본금: $5453.64
2026-01-24 12:25:35,403 - INFO - [지표] ADX=nan, Bull=nan, Bear=nan
2026-01-24 12:30:02,691 - INFO - [EMA] 증분계산: prev=89515.68, close=89783.2, new=89536.26
2026-01-24 12:30:02,698 - INFO - 15m | 03:15 | O:89735.6 H:89791.9 L:89631.3 C:89783.2
2026-01-24 12:30:02,698 - INFO - 지표: ADX=13.5, ATR=152.0, Bull=False, Bear=False
2026-01-24 12:30:35,412 - INFO - [상태] 포지션 없음, 자본금: $5453.64
2026-01-24 12:30:35,412 - INFO - [지표] ADX=nan, Bull=nan, Bear=nan
2026-01-24 12:35:35,420 - INFO - [상태] 포지션 없음, 자본금: $5453.64
2026-01-24 12:35:35,420 - INFO - [지표] ADX=nan, Bull=nan, Bear=nan
2026-01-24 12:40:35,422 - INFO - [상태] 포지션 없음, 자본금: $5453.64
2026-01-24 12:40:35,422 - INFO - [지표] ADX=nan, Bull=nan, Bear=nan
2026-01-24 12:45:02,116 - INFO - [EMA] 증분계산: prev=89536.26, close=89693.5, new=89548.35
2026-01-24 12:45:02,126 - INFO - 15m | 03:30 | O:89783.1 H:89783.1 L:89642.7 C:89693.5
2026-01-24 12:45:02,126 - INFO - 지표: ADX=14.2, ATR=151.1, Bull=False, Bear=False
2026-01-24 12:45:35,430 - INFO - [상태] 포지션 없음, 자본금: $5453.64
2026-01-24 12:45:35,431 - INFO - [지표] ADX=nan, Bull=nan, Bear=nan
2026-01-24 12:50:35,433 - INFO - [상태] 포지션 없음, 자본금: $5453.64
2026-01-24 12:50:35,433 - INFO - [지표] ADX=nan, Bull=nan, Bear=nan
2026-01-24 12:55:35,436 - INFO - [상태] 포지션 없음, 자본금: $5453.64
2026-01-24 12:55:35,437 - INFO - [지표] ADX=nan, Bull=nan, Bear=nan
2026-01-24 13:00:01,351 - INFO - [EMA] 증분계산: prev=89548.35, close=89625.3, new=89554.27
2026-01-24 13:00:01,357 - INFO - 15m | 03:45 | O:89693.5 H:89699.8 L:89600.0 C:89625.3
2026-01-24 13:00:01,357 - INFO - 지표: ADX=14.4, ATR=146.8, Bull=False, Bear=False
2026-01-24 13:00:35,439 - INFO - [상태] 포지션 없음, 자본금: $5453.64
2026-01-24 13:00:35,439 - INFO - [지표] ADX=nan, Bull=nan, Bear=nan
2026-01-24 13:05:35,441 - INFO - [상태] 포지션 없음, 자본금: $5453.64
2026-01-24 13:05:35,441 - INFO - [지표] ADX=nan, Bull=nan, Bear=nan
2026-01-24 13:10:35,443 - INFO - [상태] 포지션 없음, 자본금: $5453.64
2026-01-24 13:10:35,443 - INFO - [지표] ADX=nan, Bull=nan, Bear=nan
2026-01-24 13:15:00,771 - INFO - [EMA] 증분계산: prev=89554.27, close=89660.0, new=89562.40
2026-01-24 13:15:00,780 - INFO - 15m | 04:00 | O:89624.0 H:89696.5 L:89617.2 C:89660.0
2026-01-24 13:15:00,780 - INFO - 지표: ADX=14.6, ATR=141.2, Bull=False, Bear=False
2026-01-24 13:15:35,446 - INFO - [상태] 포지션 없음, 자본금: $5453.64
2026-01-24 13:15:35,446 - INFO - [지표] ADX=nan, Bull=nan, Bear=nan
2026-01-24 13:20:35,454 - INFO - [상태] 포지션 없음, 자본금: $5453.64
2026-01-24 13:20:35,454 - INFO - [지표] ADX=nan, Bull=nan, Bear=nan
2026-01-24 13:25:35,461 - INFO - [상태] 포지션 없음, 자본금: $5453.64
2026-01-24 13:25:35,461 - INFO - [지표] ADX=nan, Bull=nan, Bear=nan
2026-01-24 13:30:02,850 - INFO - [EMA] 증분계산: prev=89562.40, close=89586.4, new=89564.25
2026-01-24 13:30:02,860 - INFO - 15m | 04:15 | O:89660.0 H:89688.4 L:89575.2 C:89586.4
2026-01-24 13:30:02,860 - INFO - 지표: ADX=14.3, ATR=138.8, Bull=False, Bear=False
2026-01-24 13:30:35,466 - INFO - [상태] 포지션 없음, 자본금: $5453.64
2026-01-24 13:30:35,467 - INFO - [지표] ADX=nan, Bull=nan, Bear=nan
2026-01-24 13:35:35,474 - INFO - [상태] 포지션 없음, 자본금: $5453.64
2026-01-24 13:35:35,474 - INFO - [지표] ADX=nan, Bull=nan, Bear=nan
2026-01-24 13:40:35,480 - INFO - [상태] 포지션 없음, 자본금: $5453.64
2026-01-24 13:40:35,481 - INFO - [지표] ADX=nan, Bull=nan, Bear=nan
2026-01-24 13:45:00,593 - INFO - [EMA] 증분계산: prev=89564.25, close=89627.3, new=89569.10
2026-01-24 13:45:00,603 - INFO - 15m | 04:30 | O:89588.0 H:89640.1 L:89588.0 C:89627.3
2026-01-24 13:45:00,603 - INFO - 지표: ADX=14.1, ATR=131.7, Bull=False, Bear=False
2026-01-24 13:45:35,485 - INFO - [상태] 포지션 없음, 자본금: $5453.64
2026-01-24 13:45:35,485 - INFO - [지표] ADX=nan, Bull=nan, Bear=nan
2026-01-24 13:50:35,489 - INFO - [상태] 포지션 없음, 자본금: $5453.64
2026-01-24 13:50:35,489 - INFO - [지표] ADX=nan, Bull=nan, Bear=nan
2026-01-24 13:55:35,492 - INFO - [상태] 포지션 없음, 자본금: $5453.64
2026-01-24 13:55:35,492 - INFO - [지표] ADX=nan, Bull=nan, Bear=nan
2026-01-24 14:00:00,995 - INFO - [EMA] 증분계산: prev=89569.10, close=89703.1, new=89579.41
2026-01-24 14:00:01,005 - INFO - 15m | 04:45 | O:89627.2 H:89719.0 L:89601.4 C:89703.1
2026-01-24 14:00:01,005 - INFO - 지표: ADX=14.5, ATR=130.6, Bull=False, Bear=False
2026-01-24 14:00:35,493 - INFO - [상태] 포지션 없음, 자본금: $5453.64
2026-01-24 14:00:35,494 - INFO - [지표] ADX=nan, Bull=nan, Bear=nan
2026-01-24 14:05:35,494 - INFO - [상태] 포지션 없음, 자본금: $5453.64
2026-01-24 14:05:35,495 - INFO - [지표] ADX=nan, Bull=nan, Bear=nan
2026-01-24 14:10:35,501 - INFO - [상태] 포지션 없음, 자본금: $5453.64
2026-01-24 14:10:35,502 - INFO - [지표] ADX=nan, Bull=nan, Bear=nan
2026-01-24 14:15:00,584 - INFO - [EMA] 증분계산: prev=89579.41, close=89693.8, new=89588.21
2026-01-24 14:15:00,594 - INFO - 15m | 05:00 | O:89703.0 H:89715.0 L:89648.7 C:89693.8
2026-01-24 14:15:00,594 - INFO - 지표: ADX=14.9, ATR=125.2, Bull=False, Bear=False
2026-01-24 14:15:35,506 - INFO - [상태] 포지션 없음, 자본금: $5453.64
2026-01-24 14:15:35,507 - INFO - [지표] ADX=nan, Bull=nan, Bear=nan
2026-01-24 14:20:35,509 - INFO - [상태] 포지션 없음, 자본금: $5453.64
2026-01-24 14:20:35,509 - INFO - [지표] ADX=nan, Bull=nan, Bear=nan
2026-01-24 14:25:35,511 - INFO - [상태] 포지션 없음, 자본금: $5453.64
2026-01-24 14:25:35,511 - INFO - [지표] ADX=nan, Bull=nan, Bear=nan
2026-01-24 14:30:00,553 - INFO - [EMA] 증분계산: prev=89588.21, close=89680.5, new=89595.31
2026-01-24 14:30:00,560 - INFO - 15m | 05:15 | O:89693.8 H:89718.0 L:89666.8 C:89680.5
2026-01-24 14:30:00,560 - INFO - 지표: ADX=15.3, ATR=119.0, Bull=False, Bear=False
2026-01-24 14:30:35,517 - INFO - [상태] 포지션 없음, 자본금: $5453.64
2026-01-24 14:30:35,518 - INFO - [지표] ADX=nan, Bull=nan, Bear=nan
2026-01-24 14:35:35,522 - INFO - [상태] 포지션 없음, 자본금: $5453.64
2026-01-24 14:35:35,522 - INFO - [지표] ADX=nan, Bull=nan, Bear=nan
2026-01-24 14:40:35,528 - INFO - [상태] 포지션 없음, 자본금: $5453.64
2026-01-24 14:40:35,528 - INFO - [지표] ADX=nan, Bull=nan, Bear=nan
2026-01-24 14:45:00,698 - INFO - [EMA] 증분계산: prev=89595.31, close=89630.5, new=89598.01
2026-01-24 14:45:00,705 - INFO - 15m | 05:30 | O:89677.9 H:89680.4 L:89615.3 C:89630.5
2026-01-24 14:45:00,705 - INFO - 지표: ADX=15.0, ATR=114.6, Bull=False, Bear=False
2026-01-24 14:45:35,530 - INFO - [상태] 포지션 없음, 자본금: $5453.64
2026-01-24 14:45:35,530 - INFO - [지표] ADX=nan, Bull=nan, Bear=nan
2026-01-24 14:50:35,534 - INFO - [상태] 포지션 없음, 자본금: $5453.64
2026-01-24 14:50:35,534 - INFO - [지표] ADX=nan, Bull=nan, Bear=nan
2026-01-24 14:55:35,536 - INFO - [상태] 포지션 없음, 자본금: $5453.64
2026-01-24 14:55:35,537 - INFO - [지표] ADX=nan, Bull=nan, Bear=nan
2026-01-24 15:00:00,038 - INFO - [EMA] 증분계산: prev=89598.01, close=89642.7, new=89601.45
2026-01-24 15:00:00,045 - INFO - 15m | 05:45 | O:89630.6 H:89650.0 L:89607.8 C:89642.7
2026-01-24 15:00:00,045 - INFO - 지표: ADX=14.6, ATR=108.5, Bull=False, Bear=False
2026-01-24 15:00:35,538 - INFO - [상태] 포지션 없음, 자본금: $5453.64
2026-01-24 15:00:35,539 - INFO - [지표] ADX=nan, Bull=nan, Bear=nan
2026-01-24 15:05:35,540 - INFO - [상태] 포지션 없음, 자본금: $5453.64
2026-01-24 15:05:35,540 - INFO - [지표] ADX=nan, Bull=nan, Bear=nan
2026-01-24 15:10:35,544 - INFO - [상태] 포지션 없음, 자본금: $5453.64
2026-01-24 15:10:35,544 - INFO - [지표] ADX=nan, Bull=nan, Bear=nan
2026-01-24 15:15:03,042 - INFO - [EMA] 증분계산: prev=89601.45, close=89612.0, new=89602.26
2026-01-24 15:15:03,049 - INFO - 15m | 06:00 | O:89644.9 H:89645.6 L:89572.1 C:89612.0
2026-01-24 15:15:03,049 - INFO - 지표: ADX=13.8, ATR=105.6, Bull=False, Bear=False
2026-01-24 15:15:35,546 - INFO - [상태] 포지션 없음, 자본금: $5453.64
2026-01-24 15:15:35,546 - INFO - [지표] ADX=nan, Bull=nan, Bear=nan
2026-01-24 15:20:35,552 - INFO - [상태] 포지션 없음, 자본금: $5453.64
2026-01-24 15:20:35,552 - INFO - [지표] ADX=nan, Bull=nan, Bear=nan
2026-01-24 15:25:35,553 - INFO - [상태] 포지션 없음, 자본금: $5453.64
2026-01-24 15:25:35,554 - INFO - [지표] ADX=nan, Bull=nan, Bear=nan
2026-01-24 15:30:00,594 - INFO - [EMA] 증분계산: prev=89602.26, close=89518.5, new=89595.82
2026-01-24 15:30:00,600 - INFO - 15m | 06:15 | O:89612.0 H:89612.0 L:89507.7 C:89518.5
2026-01-24 15:30:00,601 - INFO - 지표: ADX=13.3, ATR=105.5, Bull=False, Bear=False
2026-01-24 15:30:35,558 - INFO - [상태] 포지션 없음, 자본금: $5453.64
2026-01-24 15:30:35,559 - INFO - [지표] ADX=nan, Bull=nan, Bear=nan
2026-01-24 15:35:35,562 - INFO - [상태] 포지션 없음, 자본금: $5453.64
2026-01-24 15:35:35,562 - INFO - [지표] ADX=nan, Bull=nan, Bear=nan
2026-01-24 15:40:35,566 - INFO - [상태] 포지션 없음, 자본금: $5453.64
2026-01-24 15:40:35,566 - INFO - [지표] ADX=nan, Bull=nan, Bear=nan
2026-01-24 15:45:00,401 - INFO - [EMA] 증분계산: prev=89595.82, close=89520.9, new=89590.06
2026-01-24 15:45:00,407 - INFO - 15m | 06:30 | O:89514.9 H:89542.6 L:89484.2 C:89520.9
2026-01-24 15:45:00,407 - INFO - 지표: ADX=13.1, ATR=101.6, Bull=False, Bear=False
2026-01-24 15:45:35,567 - INFO - [상태] 포지션 없음, 자본금: $5453.64
2026-01-24 15:45:35,568 - INFO - [지표] ADX=nan, Bull=nan, Bear=nan
2026-01-24 15:50:35,570 - INFO - [상태] 포지션 없음, 자본금: $5453.64
2026-01-24 15:50:35,571 - INFO - [지표] ADX=nan, Bull=nan, Bear=nan
2026-01-24 15:55:35,572 - INFO - [상태] 포지션 없음, 자본금: $5453.64
2026-01-24 15:55:35,573 - INFO - [지표] ADX=nan, Bull=nan, Bear=nan
2026-01-24 16:00:00,720 - INFO - [EMA] 증분계산: prev=89590.06, close=89496.3, new=89582.84
2026-01-24 16:00:00,727 - INFO - 15m | 06:45 | O:89520.9 H:89535.6 L:89495.8 C:89496.3
2026-01-24 16:00:00,727 - INFO - 지표: ADX=12.9, ATR=96.4, Bull=False, Bear=False
2026-01-24 16:00:35,576 - INFO - [상태] 포지션 없음, 자본금: $5453.64
2026-01-24 16:00:35,576 - INFO - [지표] ADX=nan, Bull=nan, Bear=nan
2026-01-24 16:05:35,578 - INFO - [상태] 포지션 없음, 자본금: $5453.64
2026-01-24 16:05:35,578 - INFO - [지표] ADX=nan, Bull=nan, Bear=nan
2026-01-24 16:10:35,583 - INFO - [상태] 포지션 없음, 자본금: $5453.64
2026-01-24 16:10:35,583 - INFO - [지표] ADX=nan, Bull=nan, Bear=nan
2026-01-24 16:15:00,036 - INFO - [EMA] 증분계산: prev=89582.84, close=89506.0, new=89576.93
2026-01-24 16:15:00,043 - INFO - 15m | 07:00 | O:89496.9 H:89520.0 L:89478.6 C:89506.0
2026-01-24 16:15:00,043 - INFO - 지표: ADX=12.9, ATR=91.8, Bull=False, Bear=False
2026-01-24 16:15:35,585 - INFO - [상태] 포지션 없음, 자본금: $5453.64
2026-01-24 16:15:35,585 - INFO - [지표] ADX=nan, Bull=nan, Bear=nan
2026-01-24 16:20:35,588 - INFO - [상태] 포지션 없음, 자본금: $5453.64
2026-01-24 16:20:35,589 - INFO - [지표] ADX=nan, Bull=nan, Bear=nan
2026-01-24 16:25:35,589 - INFO - [상태] 포지션 없음, 자본금: $5453.64
2026-01-24 16:25:35,590 - INFO - [지표] ADX=nan, Bull=nan, Bear=nan
2026-01-24 16:30:03,048 - INFO - [EMA] 증분계산: prev=89576.93, close=89448.6, new=89567.06
2026-01-24 16:30:03,055 - INFO - 15m | 07:15 | O:89505.9 H:89505.9 L:89423.1 C:89448.6
2026-01-24 16:30:03,055 - INFO - 지표: ADX=13.5, ATR=91.1, Bull=False, Bear=False
2026-01-24 16:30:35,592 - INFO - [상태] 포지션 없음, 자본금: $5453.64
2026-01-24 16:30:35,593 - INFO - [지표] ADX=nan, Bull=nan, Bear=nan
2026-01-24 16:35:35,593 - INFO - [상태] 포지션 없음, 자본금: $5453.64
2026-01-24 16:35:35,594 - INFO - [지표] ADX=nan, Bull=nan, Bear=nan
2026-01-24 16:40:35,596 - INFO - [상태] 포지션 없음, 자본금: $5453.64
2026-01-24 16:40:35,596 - INFO - [지표] ADX=nan, Bull=nan, Bear=nan
2026-01-24 16:45:00,181 - INFO - [EMA] 증분계산: prev=89567.06, close=89511.1, new=89562.76
2026-01-24 16:45:00,188 - INFO - 15m | 07:30 | O:89448.6 H:89516.6 L:89446.0 C:89511.1
2026-01-24 16:45:00,188 - INFO - 지표: ADX=13.9, ATR=89.4, Bull=False, Bear=False
2026-01-24 16:45:35,598 - INFO - [상태] 포지션 없음, 자본금: $5453.64
2026-01-24 16:45:35,598 - INFO - [지표] ADX=nan, Bull=nan, Bear=nan
2026-01-24 16:50:35,602 - INFO - [상태] 포지션 없음, 자본금: $5453.64
2026-01-24 16:50:35,603 - INFO - [지표] ADX=nan, Bull=nan, Bear=nan
2026-01-24 16:55:35,603 - INFO - [상태] 포지션 없음, 자본금: $5453.64
2026-01-24 16:55:35,604 - INFO - [지표] ADX=nan, Bull=nan, Bear=nan
2026-01-24 17:00:01,656 - INFO - [EMA] 증분계산: prev=89562.76, close=89467.1, new=89555.40
2026-01-24 17:00:01,663 - INFO - 15m | 07:45 | O:89511.1 H:89546.7 L:89456.4 C:89467.1
2026-01-24 17:00:01,663 - INFO - 지표: ADX=13.8, ATR=89.5, Bull=False, Bear=False
2026-01-24 17:00:35,606 - INFO - [상태] 포지션 없음, 자본금: $5453.64
2026-01-24 17:00:35,607 - INFO - [지표] ADX=nan, Bull=nan, Bear=nan
2026-01-24 17:05:35,608 - INFO - [상태] 포지션 없음, 자본금: $5453.64
2026-01-24 17:05:35,608 - INFO - [지표] ADX=nan, Bull=nan, Bear=nan
2026-01-24 17:10:35,613 - INFO - [상태] 포지션 없음, 자본금: $5453.64
2026-01-24 17:10:35,613 - INFO - [지표] ADX=nan, Bull=nan, Bear=nan
2026-01-24 17:15:00,340 - INFO - [EMA] 증분계산: prev=89555.40, close=89473.1, new=89549.07
2026-01-24 17:15:00,350 - INFO - 15m | 08:00 | O:89467.1 H:89500.6 L:89438.0 C:89473.1
2026-01-24 17:15:00,350 - INFO - 지표: ADX=13.9, ATR=87.2, Bull=False, Bear=False
2026-01-24 17:15:35,614 - INFO - [상태] 포지션 없음, 자본금: $5453.64
2026-01-24 17:15:35,614 - INFO - [지표] ADX=nan, Bull=nan, Bear=nan
2026-01-24 17:20:35,617 - INFO - [상태] 포지션 없음, 자본금: $5453.64
2026-01-24 17:20:35,617 - INFO - [지표] ADX=nan, Bull=nan, Bear=nan
2026-01-24 17:25:35,617 - INFO - [상태] 포지션 없음, 자본금: $5453.64
2026-01-24 17:25:35,618 - INFO - [지표] ADX=nan, Bull=nan, Bear=nan
2026-01-24 17:30:00,546 - INFO - [EMA] 증분계산: prev=89549.07, close=89482.3, new=89543.93
2026-01-24 17:30:00,553 - INFO - 15m | 08:15 | O:89473.1 H:89491.0 L:89471.1 C:89482.3
2026-01-24 17:30:00,553 - INFO - 지표: ADX=14.0, ATR=81.6, Bull=False, Bear=True
2026-01-24 17:30:35,619 - INFO - [상태] 포지션 없음, 자본금: $5453.64
2026-01-24 17:30:35,620 - INFO - [지표] ADX=nan, Bull=nan, Bear=nan
2026-01-24 17:35:35,621 - INFO - [상태] 포지션 없음, 자본금: $5453.64
2026-01-24 17:35:35,621 - INFO - [지표] ADX=nan, Bull=nan, Bear=nan
2026-01-24 17:40:35,622 - INFO - [상태] 포지션 없음, 자본금: $5453.64
2026-01-24 17:40:35,622 - INFO - [지표] ADX=nan, Bull=nan, Bear=nan
2026-01-24 17:45:00,484 - INFO - [EMA] 증분계산: prev=89543.93, close=89519.9, new=89542.08
2026-01-24 17:45:00,494 - INFO - 15m | 08:30 | O:89482.3 H:89520.0 L:89478.0 C:89519.9
2026-01-24 17:45:00,494 - INFO - 지표: ADX=13.6, ATR=78.3, Bull=False, Bear=True
2026-01-24 17:45:35,624 - INFO - [상태] 포지션 없음, 자본금: $5453.64
2026-01-24 17:45:35,624 - INFO - [지표] ADX=nan, Bull=nan, Bear=nan
2026-01-24 17:50:35,625 - INFO - [상태] 포지션 없음, 자본금: $5453.64
2026-01-24 17:50:35,625 - INFO - [지표] ADX=nan, Bull=nan, Bear=nan
2026-01-24 17:55:35,628 - INFO - [상태] 포지션 없음, 자본금: $5453.64
2026-01-24 17:55:35,629 - INFO - [지표] ADX=nan, Bull=nan, Bear=nan
2026-01-24 18:00:01,334 - INFO - [EMA] 증분계산: prev=89542.08, close=89523.9, new=89540.68
2026-01-24 18:00:01,344 - INFO - 15m | 08:45 | O:89519.9 H:89547.1 L:89485.7 C:89523.9
2026-01-24 18:00:01,344 - INFO - 지표: ADX=12.8, ATR=76.9, Bull=False, Bear=True
2026-01-24 18:00:35,633 - INFO - [상태] 포지션 없음, 자본금: $5453.64
2026-01-24 18:00:35,633 - INFO - [지표] ADX=nan, Bull=nan, Bear=nan
2026-01-24 18:05:35,635 - INFO - [상태] 포지션 없음, 자본금: $5453.64
2026-01-24 18:05:35,636 - INFO - [지표] ADX=nan, Bull=nan, Bear=nan
2026-01-24 18:10:35,640 - INFO - [상태] 포지션 없음, 자본금: $5453.64
2026-01-24 18:10:35,640 - INFO - [지표] ADX=nan, Bull=nan, Bear=nan
2026-01-24 18:15:03,036 - INFO - [EMA] 증분계산: prev=89540.68, close=89502.6, new=89537.75
2026-01-24 18:15:03,043 - INFO - 15m | 09:00 | O:89523.8 H:89523.8 L:89471.0 C:89502.6
2026-01-24 18:15:03,043 - INFO - 지표: ADX=12.2, ATR=74.9, Bull=False, Bear=True
2026-01-24 18:15:35,643 - INFO - [상태] 포지션 없음, 자본금: $5453.64
2026-01-24 18:15:35,643 - INFO - [지표] ADX=nan, Bull=nan, Bear=nan
2026-01-24 18:20:35,646 - INFO - [상태] 포지션 없음, 자본금: $5453.64
2026-01-24 18:20:35,646 - INFO - [지표] ADX=nan, Bull=nan, Bear=nan
2026-01-24 18:25:35,648 - INFO - [상태] 포지션 없음, 자본금: $5453.64
2026-01-24 18:25:35,649 - INFO - [지표] ADX=nan, Bull=nan, Bear=nan
2026-01-24 18:30:00,691 - INFO - [EMA] 증분계산: prev=89537.75, close=89479.0, new=89533.24
2026-01-24 18:30:00,697 - INFO - 15m | 09:15 | O:89502.6 H:89502.6 L:89460.9 C:89479.0
2026-01-24 18:30:00,697 - INFO - 지표: ADX=11.9, ATR=72.1, Bull=False, Bear=True
2026-01-24 18:30:35,651 - INFO - [상태] 포지션 없음, 자본금: $5453.64
2026-01-24 18:30:35,652 - INFO - [지표] ADX=nan, Bull=nan, Bear=nan
2026-01-24 18:35:35,654 - INFO - [상태] 포지션 없음, 자본금: $5453.64
2026-01-24 18:35:35,654 - INFO - [지표] ADX=nan, Bull=nan, Bear=nan
2026-01-24 18:40:35,657 - INFO - [상태] 포지션 없음, 자본금: $5453.64
2026-01-24 18:40:35,657 - INFO - [지표] ADX=nan, Bull=nan, Bear=nan
2026-01-24 18:45:00,761 - INFO - [EMA] 증분계산: prev=89533.24, close=89463.8, new=89527.89
2026-01-24 18:45:00,767 - INFO - 15m | 09:30 | O:89476.0 H:89479.6 L:89440.6 C:89463.8
2026-01-24 18:45:00,767 - INFO - 지표: ADX=11.9, ATR=69.4, Bull=False, Bear=True
2026-01-24 18:45:35,660 - INFO - [상태] 포지션 없음, 자본금: $5453.64
2026-01-24 18:45:35,661 - INFO - [지표] ADX=nan, Bull=nan, Bear=nan
2026-01-24 18:50:35,662 - INFO - [상태] 포지션 없음, 자본금: $5453.64
2026-01-24 18:50:35,662 - INFO - [지표] ADX=nan, Bull=nan, Bear=nan
2026-01-24 18:55:35,665 - INFO - [상태] 포지션 없음, 자본금: $5453.64
2026-01-24 18:55:35,666 - INFO - [지표] ADX=nan, Bull=nan, Bear=nan
2026-01-24 19:00:03,039 - INFO - [EMA] 증분계산: prev=89527.89, close=89463.0, new=89522.90
2026-01-24 19:00:03,048 - INFO - 15m | 09:45 | O:89462.7 H:89466.7 L:89440.6 C:89463.0
2026-01-24 19:00:03,049 - INFO - 지표: ADX=11.9, ATR=65.8, Bull=False, Bear=True
2026-01-24 19:00:35,667 - INFO - [상태] 포지션 없음, 자본금: $5453.64
2026-01-24 19:00:35,668 - INFO - [지표] ADX=nan, Bull=nan, Bear=nan
2026-01-24 19:05:35,671 - INFO - [상태] 포지션 없음, 자본금: $5453.64
2026-01-24 19:05:35,672 - INFO - [지표] ADX=nan, Bull=nan, Bear=nan
2026-01-24 19:10:35,673 - INFO - [상태] 포지션 없음, 자본금: $5453.64
2026-01-24 19:10:35,674 - INFO - [지표] ADX=nan, Bull=nan, Bear=nan
2026-01-24 19:15:00,905 - INFO - [EMA] 증분계산: prev=89522.90, close=89482.7, new=89519.81
2026-01-24 19:15:00,915 - INFO - 15m | 10:00 | O:89462.9 H:89514.7 L:89455.0 C:89482.7
2026-01-24 19:15:00,915 - INFO - 지표: ADX=11.1, ATR=65.3, Bull=False, Bear=True
2026-01-24 19:15:35,676 - INFO - [상태] 포지션 없음, 자본금: $5453.64
2026-01-24 19:15:35,677 - INFO - [지표] ADX=nan, Bull=nan, Bear=nan
2026-01-24 19:20:35,678 - INFO - [상태] 포지션 없음, 자본금: $5453.64
2026-01-24 19:20:35,678 - INFO - [지표] ADX=nan, Bull=nan, Bear=nan
2026-01-24 19:25:35,681 - INFO - [상태] 포지션 없음, 자본금: $5453.64
2026-01-24 19:25:35,681 - INFO - [지표] ADX=nan, Bull=nan, Bear=nan
2026-01-24 19:30:01,785 - INFO - [EMA] 증분계산: prev=89519.81, close=89471.0, new=89516.06
2026-01-24 19:30:01,791 - INFO - 15m | 10:15 | O:89482.7 H:89488.8 L:89471.0 C:89471.0
2026-01-24 19:30:01,791 - INFO - 지표: ADX=10.4, ATR=61.3, Bull=False, Bear=True
2026-01-24 19:30:35,682 - INFO - [상태] 포지션 없음, 자본금: $5453.64
2026-01-24 19:30:35,683 - INFO - [지표] ADX=nan, Bull=nan, Bear=nan
2026-01-24 19:35:35,685 - INFO - [상태] 포지션 없음, 자본금: $5453.64
2026-01-24 19:35:35,685 - INFO - [지표] ADX=nan, Bull=nan, Bear=nan
2026-01-24 19:40:35,686 - INFO - [상태] 포지션 없음, 자본금: $5453.64
2026-01-24 19:40:35,687 - INFO - [지표] ADX=nan, Bull=nan, Bear=nan
2026-01-24 19:45:01,053 - INFO - [EMA] 증분계산: prev=89516.06, close=89456.5, new=89511.47
2026-01-24 19:45:01,062 - INFO - 15m | 10:30 | O:89471.0 H:89490.0 L:89424.4 C:89456.5
2026-01-24 19:45:01,063 - INFO - 지표: ADX=10.4, ATR=61.7, Bull=False, Bear=True
2026-01-24 19:45:35,688 - INFO - [상태] 포지션 없음, 자본금: $5453.64
2026-01-24 19:45:35,688 - INFO - [지표] ADX=nan, Bull=nan, Bear=nan
2026-01-24 19:50:35,689 - INFO - [상태] 포지션 없음, 자본금: $5453.64
2026-01-24 19:50:35,689 - INFO - [지표] ADX=nan, Bull=nan, Bear=nan
2026-01-24 19:55:35,691 - INFO - [상태] 포지션 없음, 자본금: $5453.64
2026-01-24 19:55:35,691 - INFO - [지표] ADX=nan, Bull=nan, Bear=nan
2026-01-24 20:00:00,762 - INFO - [EMA] 증분계산: prev=89511.47, close=89476.0, new=89508.75
2026-01-24 20:00:00,772 - INFO - 15m | 10:45 | O:89456.5 H:89489.6 L:89456.4 C:89476.0
2026-01-24 20:00:00,772 - INFO - 지표: ADX=10.5, ATR=59.3, Bull=False, Bear=True
2026-01-24 20:00:35,693 - INFO - [상태] 포지션 없음, 자본금: $5453.64
2026-01-24 20:00:35,693 - INFO - [지표] ADX=nan, Bull=nan, Bear=nan
2026-01-24 20:05:35,695 - INFO - [상태] 포지션 없음, 자본금: $5453.64
2026-01-24 20:05:35,696 - INFO - [지표] ADX=nan, Bull=nan, Bear=nan
2026-01-24 20:10:35,696 - INFO - [상태] 포지션 없음, 자본금: $5453.64
2026-01-24 20:10:35,697 - INFO - [지표] ADX=nan, Bull=nan, Bear=nan
2026-01-24 20:15:01,189 - INFO - [EMA] 증분계산: prev=89508.75, close=89464.3, new=89505.33
2026-01-24 20:15:01,199 - INFO - 15m | 11:00 | O:89476.0 H:89489.1 L:89460.0 C:89464.3
2026-01-24 20:15:01,199 - INFO - 지표: ADX=10.5, ATR=56.8, Bull=False, Bear=True
2026-01-24 20:15:35,698 - INFO - [상태] 포지션 없음, 자본금: $5453.64
2026-01-24 20:15:35,699 - INFO - [지표] ADX=nan, Bull=nan, Bear=nan
2026-01-24 20:20:35,700 - INFO - [상태] 포지션 없음, 자본금: $5453.64
2026-01-24 20:20:35,700 - INFO - [지표] ADX=nan, Bull=nan, Bear=nan
2026-01-24 20:25:35,701 - INFO - [상태] 포지션 없음, 자본금: $5453.64
2026-01-24 20:25:35,702 - INFO - [지표] ADX=nan, Bull=nan, Bear=nan
2026-01-24 20:30:00,562 - INFO - [EMA] 증분계산: prev=89505.33, close=89488.2, new=89504.01
2026-01-24 20:30:00,569 - INFO - 15m | 11:15 | O:89464.3 H:89512.6 L:89464.3 C:89488.2
2026-01-24 20:30:00,569 - INFO - 지표: ADX=9.9, ATR=56.1, Bull=False, Bear=True
2026-01-24 20:30:35,703 - INFO - [상태] 포지션 없음, 자본금: $5453.64
2026-01-24 20:30:35,704 - INFO - [지표] ADX=nan, Bull=nan, Bear=nan
2026-01-24 20:35:35,705 - INFO - [상태] 포지션 없음, 자본금: $5453.64
2026-01-24 20:35:35,705 - INFO - [지표] ADX=nan, Bull=nan, Bear=nan
2026-01-24 20:40:35,707 - INFO - [상태] 포지션 없음, 자본금: $5453.64
2026-01-24 20:40:35,708 - INFO - [지표] ADX=nan, Bull=nan, Bear=nan
2026-01-24 20:45:01,134 - INFO - [EMA] 증분계산: prev=89504.01, close=89501.4, new=89503.81
2026-01-24 20:45:01,140 - INFO - 15m | 11:30 | O:89488.2 H:89535.2 L:89475.3 C:89501.4
2026-01-24 20:45:01,140 - INFO - 지표: ADX=9.5, ATR=56.4, Bull=False, Bear=True
2026-01-24 20:45:35,708 - INFO - [상태] 포지션 없음, 자본금: $5453.64
2026-01-24 20:45:35,708 - INFO - [지표] ADX=nan, Bull=nan, Bear=nan
2026-01-24 20:50:35,710 - INFO - [상태] 포지션 없음, 자본금: $5453.64
2026-01-24 20:50:35,710 - INFO - [지표] ADX=nan, Bull=nan, Bear=nan
2026-01-24 20:55:35,710 - INFO - [상태] 포지션 없음, 자본금: $5453.64
2026-01-24 20:55:35,711 - INFO - [지표] ADX=nan, Bull=nan, Bear=nan
2026-01-24 21:00:01,524 - INFO - [EMA] 증분계산: prev=89503.81, close=89443.8, new=89499.19
2026-01-24 21:00:01,531 - INFO - 15m | 11:45 | O:89501.5 H:89510.7 L:89443.8 C:89443.8
2026-01-24 21:00:01,531 - INFO - 지표: ADX=9.2, ATR=57.3, Bull=False, Bear=True
2026-01-24 21:00:35,711 - INFO - [상태] 포지션 없음, 자본금: $5453.64
2026-01-24 21:00:35,712 - INFO - [지표] ADX=nan, Bull=nan, Bear=nan
2026-01-24 21:05:35,713 - INFO - [상태] 포지션 없음, 자본금: $5453.64
2026-01-24 21:05:35,714 - INFO - [지표] ADX=nan, Bull=nan, Bear=nan
2026-01-24 21:10:35,715 - INFO - [상태] 포지션 없음, 자본금: $5453.64
2026-01-24 21:10:35,715 - INFO - [지표] ADX=nan, Bull=nan, Bear=nan
2026-01-24 21:15:01,464 - INFO - [EMA] 증분계산: prev=89499.19, close=89400.1, new=89491.57
2026-01-24 21:15:01,471 - INFO - 15m | 12:00 | O:89443.7 H:89451.9 L:89387.9 C:89400.1
2026-01-24 21:15:01,471 - INFO - 지표: ADX=10.0, ATR=57.8, Bull=False, Bear=True
2026-01-24 21:15:35,716 - INFO - [상태] 포지션 없음, 자본금: $5453.64
2026-01-24 21:15:35,716 - INFO - [지표] ADX=nan, Bull=nan, Bear=nan
2026-01-24 21:20:35,721 - INFO - [상태] 포지션 없음, 자본금: $5453.64
2026-01-24 21:20:35,721 - INFO - [지표] ADX=nan, Bull=nan, Bear=nan
2026-01-24 21:25:35,724 - INFO - [상태] 포지션 없음, 자본금: $5453.64
2026-01-24 21:25:35,724 - INFO - [지표] ADX=nan, Bull=nan, Bear=nan
2026-01-24 21:30:03,049 - INFO - [EMA] 증분계산: prev=89491.57, close=89415.6, new=89485.73
2026-01-24 21:30:03,058 - INFO - 15m | 12:15 | O:89400.1 H:89430.3 L:89394.1 C:89415.6
2026-01-24 21:30:03,059 - INFO - 지표: ADX=10.6, ATR=56.0, Bull=False, Bear=True
2026-01-24 21:30:35,727 - INFO - [상태] 포지션 없음, 자본금: $5453.64
2026-01-24 21:30:35,728 - INFO - [지표] ADX=nan, Bull=nan, Bear=nan
2026-01-24 21:35:35,728 - INFO - [상태] 포지션 없음, 자본금: $5453.64
2026-01-24 21:35:35,729 - INFO - [지표] ADX=nan, Bull=nan, Bear=nan
2026-01-24 21:40:35,731 - INFO - [상태] 포지션 없음, 자본금: $5453.64
2026-01-24 21:40:35,731 - INFO - [지표] ADX=nan, Bull=nan, Bear=nan
2026-01-24 21:45:01,622 - INFO - [EMA] 증분계산: prev=89485.73, close=89396.7, new=89478.88
2026-01-24 21:45:01,629 - INFO - 15m | 12:30 | O:89415.5 H:89441.7 L:89340.0 C:89396.7
2026-01-24 21:45:01,629 - INFO - 지표: ADX=12.1, ATR=59.8, Bull=False, Bear=True
2026-01-24 21:45:35,734 - INFO - [상태] 포지션 없음, 자본금: $5453.64
2026-01-24 21:45:35,734 - INFO - [지표] ADX=nan, Bull=nan, Bear=nan
2026-01-24 21:50:35,737 - INFO - [상태] 포지션 없음, 자본금: $5453.64
2026-01-24 21:50:35,737 - INFO - [지표] ADX=nan, Bull=nan, Bear=nan
2026-01-24 21:55:35,739 - INFO - [상태] 포지션 없음, 자본금: $5453.64
2026-01-24 21:55:35,739 - INFO - [지표] ADX=nan, Bull=nan, Bear=nan
2026-01-24 22:00:03,041 - INFO - [EMA] 증분계산: prev=89478.88, close=89396.6, new=89472.55
2026-01-24 22:00:03,048 - INFO - 15m | 12:45 | O:89396.7 H:89405.9 L:89375.0 C:89396.6
2026-01-24 22:00:03,048 - INFO - 지표: ADX=13.5, ATR=57.4, Bull=False, Bear=True
2026-01-24 22:00:35,740 - INFO - [상태] 포지션 없음, 자본금: $5453.64
2026-01-24 22:00:35,741 - INFO - [지표] ADX=nan, Bull=nan, Bear=nan
2026-01-24 22:05:35,743 - INFO - [상태] 포지션 없음, 자본금: $5453.64
2026-01-24 22:05:35,743 - INFO - [지표] ADX=nan, Bull=nan, Bear=nan
2026-01-24 22:10:35,749 - INFO - [상태] 포지션 없음, 자본금: $5453.64
2026-01-24 22:10:35,749 - INFO - [지표] ADX=nan, Bull=nan, Bear=nan
2026-01-24 22:15:01,068 - INFO - [EMA] 증분계산: prev=89472.55, close=89393.1, new=89466.44
2026-01-24 22:15:01,075 - INFO - 15m | 13:00 | O:89396.6 H:89407.8 L:89380.8 C:89393.1
2026-01-24 22:15:01,075 - INFO - 지표: ADX=14.7, ATR=54.9, Bull=False, Bear=True
2026-01-24 22:15:35,752 - INFO - [상태] 포지션 없음, 자본금: $5453.64
2026-01-24 22:15:35,753 - INFO - [지표] ADX=nan, Bull=nan, Bear=nan
2026-01-24 22:20:35,760 - INFO - [상태] 포지션 없음, 자본금: $5453.64
2026-01-24 22:20:35,760 - INFO - [지표] ADX=nan, Bull=nan, Bear=nan
2026-01-24 22:25:35,762 - INFO - [상태] 포지션 없음, 자본금: $5453.64
2026-01-24 22:25:35,763 - INFO - [지표] ADX=nan, Bull=nan, Bear=nan
2026-01-24 22:30:03,053 - INFO - [EMA] 증분계산: prev=89466.44, close=89398.6, new=89461.22
2026-01-24 22:30:03,059 - INFO - 15m | 13:15 | O:89393.1 H:89407.3 L:89380.0 C:89398.6
2026-01-24 22:30:03,059 - INFO - 지표: ADX=15.8, ATR=52.6, Bull=False, Bear=True
2026-01-24 22:30:35,764 - INFO - [상태] 포지션 없음, 자본금: $5453.64
2026-01-24 22:30:35,765 - INFO - [지표] ADX=nan, Bull=nan, Bear=nan
2026-01-24 22:35:35,772 - INFO - [상태] 포지션 없음, 자본금: $5453.64
2026-01-24 22:35:35,772 - INFO - [지표] ADX=nan, Bull=nan, Bear=nan
2026-01-24 22:40:35,773 - INFO - [상태] 포지션 없음, 자본금: $5453.64
2026-01-24 22:40:35,773 - INFO - [지표] ADX=nan, Bull=nan, Bear=nan
2026-01-24 22:45:03,042 - INFO - [EMA] 증분계산: prev=89461.22, close=89391.2, new=89455.83
2026-01-24 22:45:03,051 - INFO - 15m | 13:30 | O:89398.6 H:89400.8 L:89378.6 C:89391.2
2026-01-24 22:45:03,051 - INFO - 지표: ADX=16.9, ATR=50.1, Bull=False, Bear=True
2026-01-24 22:45:35,785 - INFO - [상태] 포지션 없음, 자본금: $5453.64
2026-01-24 22:45:35,786 - INFO - [지표] ADX=nan, Bull=nan, Bear=nan
2026-01-24 22:50:35,795 - INFO - [상태] 포지션 없음, 자본금: $5453.64
2026-01-24 22:50:35,796 - INFO - [지표] ADX=nan, Bull=nan, Bear=nan
2026-01-24 22:55:35,815 - INFO - [상태] 포지션 없음, 자본금: $5453.64
2026-01-24 22:55:35,816 - INFO - [지표] ADX=nan, Bull=nan, Bear=nan
2026-01-24 23:00:00,070 - INFO - [EMA] 증분계산: prev=89455.83, close=89226.6, new=89438.20
2026-01-24 23:00:00,077 - INFO - 15m | 13:45 | O:89391.3 H:89404.2 L:89226.5 C:89226.6
2026-01-24 23:00:00,077 - INFO - 지표: ADX=19.7, ATR=60.7, Bull=False, Bear=True
2026-01-24 23:00:35,816 - INFO - [상태] 포지션 없음, 자본금: $5453.64
2026-01-24 23:00:35,817 - INFO - [지표] ADX=nan, Bull=nan, Bear=nan
2026-01-24 23:05:35,818 - INFO - [상태] 포지션 없음, 자본금: $5453.64
2026-01-24 23:05:35,818 - INFO - [지표] ADX=nan, Bull=nan, Bear=nan
2026-01-24 23:10:35,820 - INFO - [상태] 포지션 없음, 자본금: $5453.64
2026-01-24 23:10:35,820 - INFO - [지표] ADX=nan, Bull=nan, Bear=nan
2026-01-24 23:15:02,395 - INFO - [EMA] 증분계산: prev=89438.20, close=89327.7, new=89429.70
2026-01-24 23:15:02,402 - INFO - 15m | 14:00 | O:89226.5 H:89353.8 L:89017.2 C:89327.7
2026-01-24 23:15:02,402 - INFO - 지표: ADX=23.3, ATR=83.7, Bull=False, Bear=True
2026-01-24 23:15:35,822 - INFO - [상태] 포지션 없음, 자본금: $5453.64
2026-01-24 23:15:35,823 - INFO - [지표] ADX=nan, Bull=nan, Bear=nan
2026-01-24 23:20:35,827 - INFO - [상태] 포지션 없음, 자본금: $5453.64
2026-01-24 23:20:35,828 - INFO - [지표] ADX=nan, Bull=nan, Bear=nan
2026-01-24 23:25:35,830 - INFO - [상태] 포지션 없음, 자본금: $5453.64
2026-01-24 23:25:35,830 - INFO - [지표] ADX=nan, Bull=nan, Bear=nan
2026-01-24 23:30:00,615 - INFO - [EMA] 증분계산: prev=89429.70, close=89320.4, new=89421.29
2026-01-24 23:30:00,622 - INFO - 15m | 14:15 | O:89327.6 H:89331.2 L:89284.6 C:89320.4
2026-01-24 23:30:00,622 - INFO - 지표: ADX=26.8, ATR=80.6, Bull=False, Bear=True
2026-01-24 23:30:35,831 - INFO - [상태] 포지션 없음, 자본금: $5453.64
2026-01-24 23:30:35,832 - INFO - [지표] ADX=nan, Bull=nan, Bear=nan
2026-01-24 23:35:35,837 - INFO - [상태] 포지션 없음, 자본금: $5453.64
2026-01-24 23:35:35,837 - INFO - [지표] ADX=nan, Bull=nan, Bear=nan
2026-01-24 23:40:35,849 - INFO - [상태] 포지션 없음, 자본금: $5453.64
2026-01-24 23:40:35,849 - INFO - [지표] ADX=nan, Bull=nan, Bear=nan
2026-01-24 23:45:01,771 - INFO - [EMA] 증분계산: prev=89421.29, close=89351.2, new=89415.90
2026-01-24 23:45:01,781 - INFO - 15m | 14:30 | O:89320.4 H:89374.0 L:89291.1 C:89351.2
2026-01-24 23:45:01,781 - INFO - 지표: ADX=29.0, ATR=80.8, Bull=False, Bear=True
2026-01-24 23:45:35,861 - INFO - [상태] 포지션 없음, 자본금: $5453.64
2026-01-24 23:45:35,861 - INFO - [지표] ADX=nan, Bull=nan, Bear=nan
2026-01-24 23:50:35,879 - INFO - [상태] 포지션 없음, 자본금: $5453.64
2026-01-24 23:50:35,880 - INFO - [지표] ADX=nan, Bull=nan, Bear=nan
2026-01-24 23:55:35,883 - INFO - [상태] 포지션 없음, 자본금: $5453.64
2026-01-24 23:55:35,884 - INFO - [지표] ADX=nan, Bull=nan, Bear=nan
2026-01-25 00:00:01,055 - INFO - [EMA] 증분계산: prev=89415.90, close=89311.1, new=89407.84
2026-01-25 00:00:01,062 - INFO - 15m | 14:45 | O:89351.2 H:89359.8 L:89296.2 C:89311.1
2026-01-25 00:00:01,062 - INFO - 지표: ADX=31.1, ATR=79.4, Bull=False, Bear=True
2026-01-25 00:00:35,888 - INFO - [상태] 포지션 없음, 자본금: $5453.64
2026-01-25 00:00:35,888 - INFO - [지표] ADX=nan, Bull=nan, Bear=nan
2026-01-25 00:05:35,890 - INFO - [상태] 포지션 없음, 자본금: $5453.64
2026-01-25 00:05:35,891 - INFO - [지표] ADX=nan, Bull=nan, Bear=nan
2026-01-25 00:10:35,893 - INFO - [상태] 포지션 없음, 자본금: $5453.64
2026-01-25 00:10:35,893 - INFO - [지표] ADX=nan, Bull=nan, Bear=nan
2026-01-25 00:15:01,221 - INFO - [EMA] 증분계산: prev=89407.84, close=89325.0, new=89401.47
2026-01-25 00:15:01,230 - INFO - 15m | 15:00 | O:89311.0 H:89355.0 L:89275.1 C:89325.0
2026-01-25 00:15:01,230 - INFO - 지표: ADX=33.2, ATR=79.4, Bull=False, Bear=True
2026-01-25 00:15:35,897 - INFO - [상태] 포지션 없음, 자본금: $5453.64
2026-01-25 00:15:35,897 - INFO - [지표] ADX=nan, Bull=nan, Bear=nan
2026-01-25 00:20:35,901 - INFO - [상태] 포지션 없음, 자본금: $5453.64
2026-01-25 00:20:35,902 - INFO - [지표] ADX=nan, Bull=nan, Bear=nan
2026-01-25 00:25:35,919 - INFO - [상태] 포지션 없음, 자본금: $5453.64
2026-01-25 00:25:35,920 - INFO - [지표] ADX=nan, Bull=nan, Bear=nan
2026-01-25 00:30:00,539 - INFO - [EMA] 증분계산: prev=89401.47, close=89246.5, new=89389.55
2026-01-25 00:30:00,549 - INFO - 15m | 15:15 | O:89325.0 H:89325.0 L:89236.4 C:89246.5
2026-01-25 00:30:00,549 - INFO - 지표: ADX=35.3, ATR=80.2, Bull=False, Bear=True
2026-01-25 00:30:35,921 - INFO - [상태] 포지션 없음, 자본금: $5453.64
2026-01-25 00:30:35,922 - INFO - [지표] ADX=nan, Bull=nan, Bear=nan
2026-01-25 00:35:35,929 - INFO - [상태] 포지션 없음, 자본금: $5453.64
2026-01-25 00:35:35,929 - INFO - [지표] ADX=nan, Bull=nan, Bear=nan
2026-01-25 00:40:35,933 - INFO - [상태] 포지션 없음, 자본금: $5453.64
2026-01-25 00:40:35,933 - INFO - [지표] ADX=nan, Bull=nan, Bear=nan
2026-01-25 00:45:03,043 - INFO - [EMA] 증분계산: prev=89389.55, close=89195.0, new=89374.58
2026-01-25 00:45:03,050 - INFO - 15m | 15:30 | O:89246.1 H:89283.6 L:89180.5 C:89195.0
2026-01-25 00:45:03,050 - INFO - 지표: ADX=37.6, ATR=82.1, Bull=False, Bear=True
2026-01-25 00:45:35,936 - INFO - [상태] 포지션 없음, 자본금: $5453.64
2026-01-25 00:45:35,937 - INFO - [지표] ADX=nan, Bull=nan, Bear=nan
2026-01-25 00:50:35,941 - INFO - [상태] 포지션 없음, 자본금: $5453.64
2026-01-25 00:50:35,942 - INFO - [지표] ADX=nan, Bull=nan, Bear=nan
2026-01-25 00:55:35,948 - INFO - [상태] 포지션 없음, 자본금: $5453.64
2026-01-25 00:55:35,948 - INFO - [지표] ADX=nan, Bull=nan, Bear=nan
2026-01-25 01:00:00,081 - INFO - [EMA] 증분계산: prev=89374.58, close=89131.5, new=89355.88
2026-01-25 01:00:00,088 - INFO - 15m | 15:45 | O:89194.9 H:89212.9 L:89108.5 C:89131.5
2026-01-25 01:00:00,088 - INFO - 지표: ADX=40.0, ATR=83.9, Bull=False, Bear=True
2026-01-25 01:00:35,948 - INFO - [상태] 포지션 없음, 자본금: $5453.64
2026-01-25 01:00:35,949 - INFO - [지표] ADX=nan, Bull=nan, Bear=nan
2026-01-25 01:05:35,954 - INFO - [상태] 포지션 없음, 자본금: $5453.64
2026-01-25 01:05:35,954 - INFO - [지표] ADX=nan, Bull=nan, Bear=nan
2026-01-25 01:10:35,957 - INFO - [상태] 포지션 없음, 자본금: $5453.64
2026-01-25 01:10:35,957 - INFO - [지표] ADX=nan, Bull=nan, Bear=nan
2026-01-25 01:15:00,191 - INFO - [EMA] 증분계산: prev=89355.88, close=89108.8, new=89336.88
2026-01-25 01:15:00,198 - INFO - 15m | 16:00 | O:89131.6 H:89224.9 L:89033.5 C:89108.8
2026-01-25 01:15:00,198 - INFO - 지표: ADX=42.5, ATR=92.9, Bull=False, Bear=True
2026-01-25 01:15:35,959 - INFO - [상태] 포지션 없음, 자본금: $5453.64
2026-01-25 01:15:35,960 - INFO - [지표] ADX=nan, Bull=nan, Bear=nan
2026-01-25 01:20:35,961 - INFO - [상태] 포지션 없음, 자본금: $5453.64
2026-01-25 01:20:35,961 - INFO - [지표] ADX=nan, Bull=nan, Bear=nan
2026-01-25 01:25:35,962 - INFO - [상태] 포지션 없음, 자본금: $5453.64
2026-01-25 01:25:35,962 - INFO - [지표] ADX=nan, Bull=nan, Bear=nan
2026-01-25 01:30:02,169 - INFO - [EMA] 증분계산: prev=89336.88, close=89119.6, new=89320.16
2026-01-25 01:30:02,179 - INFO - 15m | 16:15 | O:89108.8 H:89127.0 L:89014.7 C:89119.6
2026-01-25 01:30:02,179 - INFO - 지표: ADX=44.9, ATR=94.5, Bull=False, Bear=True
2026-01-25 01:30:35,965 - INFO - [상태] 포지션 없음, 자본금: $5453.64
2026-01-25 01:30:35,966 - INFO - [지표] ADX=nan, Bull=nan, Bear=nan
2026-01-25 01:35:35,966 - INFO - [상태] 포지션 없음, 자본금: $5453.64
2026-01-25 01:35:35,967 - INFO - [지표] ADX=nan, Bull=nan, Bear=nan
2026-01-25 01:40:35,970 - INFO - [상태] 포지션 없음, 자본금: $5453.64
2026-01-25 01:40:35,970 - INFO - [지표] ADX=nan, Bull=nan, Bear=nan
2026-01-25 01:45:00,303 - INFO - [EMA] 증분계산: prev=89320.16, close=89072.4, new=89301.10
2026-01-25 01:45:00,310 - INFO - 15m | 16:30 | O:89119.5 H:89124.7 L:89036.0 C:89072.4
2026-01-25 01:45:00,310 - INFO - 지표: ADX=47.1, ATR=94.0, Bull=False, Bear=True
2026-01-25 01:45:35,974 - INFO - [상태] 포지션 없음, 자본금: $5453.64
2026-01-25 01:45:35,974 - INFO - [지표] ADX=nan, Bull=nan, Bear=nan
2026-01-25 01:50:35,976 - INFO - [상태] 포지션 없음, 자본금: $5453.64
2026-01-25 01:50:35,976 - INFO - [지표] ADX=nan, Bull=nan, Bear=nan
2026-01-25 01:55:35,980 - INFO - [상태] 포지션 없음, 자본금: $5453.64
2026-01-25 01:55:35,980 - INFO - [지표] ADX=nan, Bull=nan, Bear=nan
2026-01-25 02:00:00,573 - INFO - [EMA] 증분계산: prev=89301.10, close=89138.0, new=89288.56
2026-01-25 02:00:00,579 - INFO - 15m | 16:45 | O:89072.4 H:89171.6 L:89020.3 C:89138.0
2026-01-25 02:00:00,580 - INFO - 지표: ADX=48.0, ATR=98.8, Bull=False, Bear=True
2026-01-25 02:00:35,983 - INFO - [상태] 포지션 없음, 자본금: $5453.64
2026-01-25 02:00:35,984 - INFO - [지표] ADX=nan, Bull=nan, Bear=nan
2026-01-25 02:05:35,985 - INFO - [상태] 포지션 없음, 자본금: $5453.64
2026-01-25 02:05:35,985 - INFO - [지표] ADX=nan, Bull=nan, Bear=nan
2026-01-25 02:10:35,989 - INFO - [상태] 포지션 없음, 자본금: $5453.64
2026-01-25 02:10:35,990 - INFO - [지표] ADX=nan, Bull=nan, Bear=nan
2026-01-25 02:15:03,043 - INFO - [EMA] 증분계산: prev=89288.56, close=89225.0, new=89283.67
2026-01-25 02:15:03,049 - INFO - 15m | 17:00 | O:89138.0 H:89256.9 L:89094.7 C:89225.0
2026-01-25 02:15:03,049 - INFO - 지표: ADX=47.2, ATR=104.1, Bull=False, Bear=True
2026-01-25 02:15:35,990 - INFO - [상태] 포지션 없음, 자본금: $5453.64
2026-01-25 02:15:35,991 - INFO - [지표] ADX=nan, Bull=nan, Bear=nan
2026-01-25 02:20:35,995 - INFO - [상태] 포지션 없음, 자본금: $5453.64
2026-01-25 02:20:35,996 - INFO - [지표] ADX=nan, Bull=nan, Bear=nan
2026-01-25 02:25:35,998 - INFO - [상태] 포지션 없음, 자본금: $5453.64
2026-01-25 02:25:35,998 - INFO - [지표] ADX=nan, Bull=nan, Bear=nan
2026-01-25 02:30:00,562 - INFO - [EMA] 증분계산: prev=89283.67, close=89251.2, new=89281.17
2026-01-25 02:30:00,571 - INFO - 15m | 17:15 | O:89225.0 H:89267.5 L:89181.0 C:89251.2
2026-01-25 02:30:00,572 - INFO - 지표: ADX=46.3, ATR=102.6, Bull=False, Bear=True
2026-01-25 02:30:36,006 - INFO - [상태] 포지션 없음, 자본금: $5453.64
2026-01-25 02:30:36,006 - INFO - [지표] ADX=nan, Bull=nan, Bear=nan
2026-01-25 02:35:36,011 - INFO - [상태] 포지션 없음, 자본금: $5453.64
2026-01-25 02:35:36,012 - INFO - [지표] ADX=nan, Bull=nan, Bear=nan
2026-01-25 02:40:36,017 - INFO - [상태] 포지션 없음, 자본금: $5453.64
2026-01-25 02:40:36,017 - INFO - [지표] ADX=nan, Bull=nan, Bear=nan
2026-01-25 02:45:01,948 - INFO - [EMA] 증분계산: prev=89281.17, close=89178.3, new=89273.26
2026-01-25 02:45:01,957 - INFO - 15m | 17:30 | O:89250.1 H:89257.0 L:89171.5 C:89178.3
2026-01-25 02:45:01,957 - INFO - 지표: ADX=45.6, ATR=101.2, Bull=False, Bear=True
2026-01-25 02:45:36,020 - INFO - [상태] 포지션 없음, 자본금: $5453.64
2026-01-25 02:45:36,020 - INFO - [지표] ADX=nan, Bull=nan, Bear=nan
2026-01-25 02:50:36,024 - INFO - [상태] 포지션 없음, 자본금: $5453.64
2026-01-25 02:50:36,025 - INFO - [지표] ADX=nan, Bull=nan, Bear=nan
2026-01-25 02:55:36,026 - INFO - [상태] 포지션 없음, 자본금: $5453.64
2026-01-25 02:55:36,026 - INFO - [지표] ADX=nan, Bull=nan, Bear=nan
2026-01-25 03:00:00,241 - INFO - [EMA] 증분계산: prev=89273.26, close=89249.7, new=89271.45
2026-01-25 03:00:00,248 - INFO - 15m | 17:45 | O:89178.2 H:89253.0 L:89146.1 C:89249.7
2026-01-25 03:00:00,248 - INFO - 지표: ADX=45.1, ATR=101.7, Bull=False, Bear=True
2026-01-25 03:00:36,028 - INFO - [상태] 포지션 없음, 자본금: $5453.64
2026-01-25 03:00:36,028 - INFO - [지표] ADX=nan, Bull=nan, Bear=nan
2026-01-25 03:05:36,030 - INFO - [상태] 포지션 없음, 자본금: $5453.64
2026-01-25 03:05:36,031 - INFO - [지표] ADX=nan, Bull=nan, Bear=nan
2026-01-25 03:10:36,033 - INFO - [상태] 포지션 없음, 자본금: $5453.64
2026-01-25 03:10:36,033 - INFO - [지표] ADX=nan, Bull=nan, Bear=nan
2026-01-25 03:15:00,049 - INFO - [EMA] 증분계산: prev=89271.45, close=89272.2, new=89271.50
2026-01-25 03:15:00,055 - INFO - 15m | 18:00 | O:89249.7 H:89274.9 L:89222.0 C:89272.2
2026-01-25 03:15:00,055 - INFO - 지표: ADX=44.2, ATR=97.6, Bull=False, Bear=True
2026-01-25 03:15:36,034 - INFO - [상태] 포지션 없음, 자본금: $5453.64
2026-01-25 03:15:36,035 - INFO - [지표] ADX=nan, Bull=nan, Bear=nan
2026-01-25 03:20:36,036 - INFO - [상태] 포지션 없음, 자본금: $5453.64
2026-01-25 03:20:36,036 - INFO - [지표] ADX=nan, Bull=nan, Bear=nan
2026-01-25 03:25:36,041 - INFO - [상태] 포지션 없음, 자본금: $5453.64
2026-01-25 03:25:36,041 - INFO - [지표] ADX=nan, Bull=nan, Bear=nan
2026-01-25 03:30:00,557 - INFO - [EMA] 증분계산: prev=89271.50, close=89288.0, new=89272.77
2026-01-25 03:30:00,564 - INFO - 15m | 18:15 | O:89272.2 H:89288.0 L:89239.0 C:89288.0
2026-01-25 03:30:00,564 - INFO - 지표: ADX=43.1, ATR=93.6, Bull=False, Bear=True
2026-01-25 03:30:36,052 - INFO - [상태] 포지션 없음, 자본금: $5453.64
2026-01-25 03:30:36,053 - INFO - [지표] ADX=nan, Bull=nan, Bear=nan
2026-01-25 03:35:36,063 - INFO - [상태] 포지션 없음, 자본금: $5453.64
2026-01-25 03:35:36,063 - INFO - [지표] ADX=nan, Bull=nan, Bear=nan
2026-01-25 03:40:36,066 - INFO - [상태] 포지션 없음, 자본금: $5453.64
2026-01-25 03:40:36,067 - INFO - [지표] ADX=nan, Bull=nan, Bear=nan
2026-01-25 03:45:01,903 - INFO - [EMA] 증분계산: prev=89272.77, close=89264.7, new=89272.15
2026-01-25 03:45:01,910 - INFO - 15m | 18:30 | O:89287.9 H:89319.1 L:89258.0 C:89264.7
2026-01-25 03:45:01,910 - INFO - 지표: ADX=41.5, ATR=90.8, Bull=False, Bear=True
2026-01-25 03:45:01,910 - INFO - [LIVE] SHORT 신호 감지!
2026-01-25 03:45:01,910 - INFO - ==================================================
2026-01-25 03:45:01,910 - INFO - [LIVE] SHORT 진입 준비
2026-01-25 03:45:01,910 - INFO - 진입가: $89264.70
2026-01-25 03:45:01,910 - INFO - 손절가: $89535.20 (0.30%)
2026-01-25 03:45:01,910 - INFO - 익절가: $88811.73 (0.51%)
2026-01-25 03:45:01,910 - INFO - 레버리지: 18.28x
2026-01-25 03:45:01,910 - INFO - 포지션 크기: 1.116820 BTC ($99692.61)
2026-01-25 03:45:01,910 - INFO - ==================================================
2026-01-25 03:45:02,007 - INFO - Leverage 설정: 19x
2026-01-25 03:45:02,058 - INFO - Market Order 체결: SHORT 1.117
2026-01-25 03:45:02,602 - INFO - 실제 체결가: $89271.35, 수량: 1.117000
2026-01-25 03:45:02,645 - INFO - LIMIT Close 주문: SHORT 1.117 @ $88818.4, ID: 42270885928
2026-01-25 03:45:02,645 - INFO - TP 주문 설정: $88818.37
2026-01-25 03:45:02,695 - INFO - STOP_MARKET 주문 (Algo): $89535.2, AlgoID: 3000000402870872
2026-01-25 03:45:02,695 - INFO - SL 주문 설정: $89535.20
2026-01-25 03:45:02,695 - INFO - 거래 기록 저장: ENTRY @ $89271.35
2026-01-25 03:45:02,695 - INFO - [LIVE] SHORT 진입 완료!
2026-01-25 03:45:36,114 - INFO - [상태] 포지션: SHORT, 진입가: $89271.35, 현재가: $89274.50, 미실현PnL: $-3.52
2026-01-25 03:45:36,114 - INFO - [지표] ADX=nan, Bull=nan, Bear=nan
2026-01-25 03:50:36,170 - INFO - [상태] 포지션: SHORT, 진입가: $89271.35, 현재가: $89269.10, 미실현PnL: $2.51
2026-01-25 03:50:36,171 - INFO - [지표] ADX=nan, Bull=nan, Bear=nan
2026-01-25 03:55:36,212 - INFO - [상태] 포지션: SHORT, 진입가: $89271.35, 현재가: $89249.00, 미실현PnL: $24.97
2026-01-25 03:55:36,212 - INFO - [지표] ADX=nan, Bull=nan, Bear=nan
2026-01-25 04:00:03,048 - INFO - [EMA] 증분계산: prev=89272.15, close=89242.0, new=89269.83
2026-01-25 04:00:03,055 - INFO - 15m | 18:45 | O:89264.7 H:89284.0 L:89239.6 C:89242.0
2026-01-25 04:00:03,055 - INFO - 지표: ADX=40.2, ATR=87.0, Bull=False, Bear=True
2026-01-25 04:00:36,255 - INFO - [상태] 포지션: SHORT, 진입가: $89271.35, 현재가: $89245.50, 미실현PnL: $28.88
2026-01-25 04:00:36,256 - INFO - [지표] ADX=nan, Bull=nan, Bear=nan
2026-01-25 04:05:36,299 - INFO - [상태] 포지션: SHORT, 진입가: $89271.35, 현재가: $89195.80, 미실현PnL: $84.39
2026-01-25 04:05:36,299 - INFO - [지표] ADX=nan, Bull=nan, Bear=nan
2026-01-25 04:10:36,354 - INFO - [상태] 포지션: SHORT, 진입가: $89271.35, 현재가: $89181.50, 미실현PnL: $100.36
2026-01-25 04:10:36,354 - INFO - [지표] ADX=nan, Bull=nan, Bear=nan
2026-01-25 04:15:00,241 - INFO - [EMA] 증분계산: prev=89269.83, close=89162.4, new=89261.57
2026-01-25 04:15:00,250 - INFO - 15m | 19:00 | O:89242.0 H:89245.5 L:89158.2 C:89162.4
2026-01-25 04:15:00,251 - INFO - 지표: ADX=39.9, ATR=87.0, Bull=False, Bear=True
2026-01-25 04:15:36,396 - INFO - [상태] 포지션: SHORT, 진입가: $89271.35, 현재가: $89168.10, 미실현PnL: $115.33
2026-01-25 04:15:36,396 - INFO - [지표] ADX=nan, Bull=nan, Bear=nan
2026-01-25 04:20:36,437 - INFO - [상태] 포지션: SHORT, 진입가: $89271.35, 현재가: $89147.80, 미실현PnL: $138.01
2026-01-25 04:20:36,438 - INFO - [지표] ADX=nan, Bull=nan, Bear=nan
2026-01-25 04:25:36,487 - INFO - [상태] 포지션: SHORT, 진입가: $89271.35, 현재가: $89139.90, 미실현PnL: $146.83
2026-01-25 04:25:36,487 - INFO - [지표] ADX=nan, Bull=nan, Bear=nan
2026-01-25 04:30:03,048 - INFO - [EMA] 증분계산: prev=89261.57, close=89147.2, new=89252.77
2026-01-25 04:30:03,055 - INFO - 15m | 19:15 | O:89162.4 H:89168.1 L:89121.7 C:89147.2
2026-01-25 04:30:03,055 - INFO - 지표: ADX=40.0, ATR=83.6, Bull=False, Bear=True
2026-01-25 04:30:36,534 - INFO - [상태] 포지션: SHORT, 진입가: $89271.35, 현재가: $89147.20, 미실현PnL: $138.68
2026-01-25 04:30:36,534 - INFO - [지표] ADX=nan, Bull=nan, Bear=nan
2026-01-25 04:35:36,592 - INFO - [상태] 포지션: SHORT, 진입가: $89271.35, 현재가: $89173.30, 미실현PnL: $109.52
2026-01-25 04:35:36,592 - INFO - [지표] ADX=nan, Bull=nan, Bear=nan
2026-01-25 04:40:36,647 - INFO - [상태] 포지션: SHORT, 진입가: $89271.35, 현재가: $89164.90, 미실현PnL: $118.91
2026-01-25 04:40:36,648 - INFO - [지표] ADX=nan, Bull=nan, Bear=nan
2026-01-25 04:45:03,047 - INFO - [EMA] 증분계산: prev=89252.77, close=89190.3, new=89247.97
2026-01-25 04:45:03,057 - INFO - 15m | 19:30 | O:89147.2 H:89190.7 L:89136.3 C:89190.3
2026-01-25 04:45:03,057 - INFO - 지표: ADX=39.6, ATR=81.2, Bull=False, Bear=True
2026-01-25 04:45:36,691 - INFO - [상태] 포지션: SHORT, 진입가: $89271.35, 현재가: $89195.50, 미실현PnL: $84.73
2026-01-25 04:45:36,691 - INFO - [지표] ADX=nan, Bull=nan, Bear=nan
2026-01-25 04:50:36,747 - INFO - [상태] 포지션: SHORT, 진입가: $89271.35, 현재가: $89174.10, 미실현PnL: $108.63
2026-01-25 04:50:36,748 - INFO - [지표] ADX=nan, Bull=nan, Bear=nan
2026-01-25 04:55:36,789 - INFO - [상태] 포지션: SHORT, 진입가: $89271.35, 현재가: $89182.10, 미실현PnL: $99.69
2026-01-25 04:55:36,790 - INFO - [지표] ADX=nan, Bull=nan, Bear=nan
2026-01-25 05:00:03,053 - INFO - [EMA] 증분계산: prev=89247.97, close=89180.0, new=89242.74
2026-01-25 05:00:03,060 - INFO - 15m | 19:45 | O:89190.3 H:89218.8 L:89159.7 C:89180.0
2026-01-25 05:00:03,060 - INFO - 지표: ADX=38.6, ATR=79.3, Bull=False, Bear=True
2026-01-25 05:00:36,836 - INFO - [상태] 포지션: SHORT, 진입가: $89271.35, 현재가: $89185.80, 미실현PnL: $95.56
2026-01-25 05:00:36,836 - INFO - [지표] ADX=nan, Bull=nan, Bear=nan
2026-01-25 05:05:36,878 - INFO - [상태] 포지션: SHORT, 진입가: $89271.35, 현재가: $89228.80, 미실현PnL: $47.53
2026-01-25 05:05:36,879 - INFO - [지표] ADX=nan, Bull=nan, Bear=nan
2026-01-25 05:10:36,920 - INFO - [상태] 포지션: SHORT, 진입가: $89271.35, 현재가: $89224.20, 미실현PnL: $52.67
2026-01-25 05:10:36,920 - INFO - [지표] ADX=nan, Bull=nan, Bear=nan
2026-01-25 05:15:03,046 - INFO - [EMA] 증분계산: prev=89242.74, close=89232.2, new=89241.93
2026-01-25 05:15:03,053 - INFO - 15m | 20:00 | O:89180.0 H:89239.3 L:89180.0 C:89232.2
2026-01-25 05:15:03,053 - INFO - 지표: ADX=37.4, ATR=77.7, Bull=False, Bear=True
2026-01-25 05:15:36,972 - INFO - [상태] 포지션: SHORT, 진입가: $89271.35, 현재가: $89241.10, 미실현PnL: $33.79
2026-01-25 05:15:36,972 - INFO - [지표] ADX=nan, Bull=nan, Bear=nan
2026-01-25 05:20:37,013 - INFO - [상태] 포지션: SHORT, 진입가: $89271.35, 현재가: $89223.00, 미실현PnL: $54.01
2026-01-25 05:20:37,013 - INFO - [지표] ADX=nan, Bull=nan, Bear=nan
2026-01-25 05:25:37,059 - INFO - [상태] 포지션: SHORT, 진입가: $89271.35, 현재가: $89243.90, 미실현PnL: $30.66
2026-01-25 05:25:37,059 - INFO - [지표] ADX=nan, Bull=nan, Bear=nan
2026-01-25 05:30:00,565 - INFO - [EMA] 증분계산: prev=89241.93, close=89249.1, new=89242.48
2026-01-25 05:30:00,572 - INFO - 15m | 20:15 | O:89232.2 H:89254.9 L:89223.0 C:89249.1
2026-01-25 05:30:00,572 - INFO - 지표: ADX=35.9, ATR=73.9, Bull=False, Bear=True
2026-01-25 05:30:37,105 - INFO - [상태] 포지션: SHORT, 진입가: $89271.35, 현재가: $89237.70, 미실현PnL: $37.59
2026-01-25 05:30:37,105 - INFO - [지표] ADX=nan, Bull=nan, Bear=nan
2026-01-25 05:35:37,161 - INFO - [상태] 포지션: SHORT, 진입가: $89271.35, 현재가: $89244.20, 미실현PnL: $30.33
2026-01-25 05:35:37,162 - INFO - [지표] ADX=nan, Bull=nan, Bear=nan
2026-01-25 05:40:37,219 - INFO - [상태] 포지션: SHORT, 진입가: $89271.35, 현재가: $89234.60, 미실현PnL: $41.05
2026-01-25 05:40:37,219 - INFO - [지표] ADX=nan, Bull=nan, Bear=nan
2026-01-25 05:45:03,038 - INFO - [EMA] 증분계산: prev=89242.48, close=89236.1, new=89241.99
2026-01-25 05:45:03,045 - INFO - 15m | 20:30 | O:89249.0 H:89249.0 L:89225.1 C:89236.1
2026-01-25 05:45:03,045 - INFO - 지표: ADX=34.5, ATR=69.7, Bull=False, Bear=True
2026-01-25 05:45:37,277 - INFO - [상태] 포지션: SHORT, 진입가: $89271.35, 현재가: $89236.10, 미실현PnL: $39.38
2026-01-25 05:45:37,278 - INFO - [지표] ADX=nan, Bull=nan, Bear=nan
2026-01-25 05:50:37,334 - INFO - [상태] 포지션: SHORT, 진입가: $89271.35, 현재가: $89236.20, 미실현PnL: $39.26
2026-01-25 05:50:37,334 - INFO - [지표] ADX=nan, Bull=nan, Bear=nan
2026-01-25 05:55:37,377 - INFO - [상태] 포지션: SHORT, 진입가: $89271.35, 현재가: $89236.10, 미실현PnL: $39.38
2026-01-25 05:55:37,378 - INFO - [지표] ADX=nan, Bull=nan, Bear=nan
2026-01-25 06:00:03,028 - INFO - [EMA] 증분계산: prev=89241.99, close=89231.2, new=89241.16
2026-01-25 06:00:03,035 - INFO - 15m | 20:45 | O:89236.0 H:89240.4 L:89217.7 C:89231.2
2026-01-25 06:00:03,035 - INFO - 지표: ADX=33.4, ATR=65.8, Bull=False, Bear=True
2026-01-25 06:00:37,420 - INFO - [상태] 포지션: SHORT, 진입가: $89271.35, 현재가: $89233.40, 미실현PnL: $42.39
2026-01-25 06:00:37,421 - INFO - [지표] ADX=nan, Bull=nan, Bear=nan
2026-01-25 06:05:37,463 - INFO - [상태] 포지션: SHORT, 진입가: $89271.35, 현재가: $89152.40, 미실현PnL: $132.87
2026-01-25 06:05:37,464 - INFO - [지표] ADX=nan, Bull=nan, Bear=nan
2026-01-25 06:10:37,505 - INFO - [상태] 포지션: SHORT, 진입가: $89271.35, 현재가: $89129.40, 미실현PnL: $158.56
2026-01-25 06:10:37,505 - INFO - [지표] ADX=nan, Bull=nan, Bear=nan
2026-01-25 06:15:00,551 - INFO - [EMA] 증분계산: prev=89241.16, close=89144.8, new=89233.75
2026-01-25 06:15:00,558 - INFO - 15m | 21:00 | O:89229.9 H:89233.5 L:89113.8 C:89144.8
2026-01-25 06:15:00,558 - INFO - 지표: ADX=33.6, ATR=70.3, Bull=False, Bear=True
2026-01-25 06:15:37,556 - INFO - [상태] 포지션: SHORT, 진입가: $89271.35, 현재가: $89144.80, 미실현PnL: $141.36
2026-01-25 06:15:37,557 - INFO - [지표] ADX=nan, Bull=nan, Bear=nan
2026-01-25 06:20:37,611 - INFO - [상태] 포지션: SHORT, 진입가: $89271.35, 현재가: $89166.00, 미실현PnL: $117.68
2026-01-25 06:20:37,611 - INFO - [지표] ADX=nan, Bull=nan, Bear=nan
2026-01-25 06:25:37,660 - INFO - [상태] 포지션: SHORT, 진입가: $89271.35, 현재가: $89190.80, 미실현PnL: $89.98
2026-01-25 06:25:37,661 - INFO - [지표] ADX=nan, Bull=nan, Bear=nan
2026-01-25 06:30:02,011 - INFO - [EMA] 증분계산: prev=89233.75, close=89178.7, new=89229.51
2026-01-25 06:30:02,017 - INFO - 15m | 21:15 | O:89144.8 H:89200.6 L:89131.4 C:89178.7
2026-01-25 06:30:02,017 - INFO - 지표: ADX=33.8, ATR=70.2, Bull=False, Bear=True
2026-01-25 06:30:37,708 - INFO - [상태] 포지션: SHORT, 진입가: $89271.35, 현재가: $89177.40, 미실현PnL: $104.94
2026-01-25 06:30:37,708 - INFO - [지표] ADX=nan, Bull=nan, Bear=nan
2026-01-25 06:35:37,763 - INFO - [상태] 포지션: SHORT, 진입가: $89271.35, 현재가: $89174.10, 미실현PnL: $108.63
2026-01-25 06:35:37,763 - INFO - [지표] ADX=nan, Bull=nan, Bear=nan
2026-01-25 06:40:37,813 - INFO - [상태] 포지션: SHORT, 진입가: $89271.35, 현재가: $89180.70, 미실현PnL: $101.26
2026-01-25 06:40:37,813 - INFO - [지표] ADX=nan, Bull=nan, Bear=nan
2026-01-25 06:45:00,336 - INFO - [EMA] 증분계산: prev=89229.51, close=89229.0, new=89229.47
2026-01-25 06:45:00,342 - INFO - 15m | 21:30 | O:89178.8 H:89230.8 L:89163.7 C:89229.0
2026-01-25 06:45:00,342 - INFO - 지표: ADX=33.3, ATR=69.9, Bull=False, Bear=True
2026-01-25 06:45:37,856 - INFO - [상태] 포지션: SHORT, 진입가: $89271.35, 현재가: $89201.90, 미실현PnL: $77.58
2026-01-25 06:45:37,856 - INFO - [지표] ADX=nan, Bull=nan, Bear=nan
2026-01-25 06:50:37,910 - INFO - [상태] 포지션: SHORT, 진입가: $89271.35, 현재가: $89202.60, 미실현PnL: $76.79
2026-01-25 06:50:37,910 - INFO - [지표] ADX=nan, Bull=nan, Bear=nan
2026-01-25 06:55:37,955 - INFO - [상태] 포지션: SHORT, 진입가: $89271.35, 현재가: $89217.90, 미실현PnL: $59.70
2026-01-25 06:55:37,955 - INFO - [지표] ADX=nan, Bull=nan, Bear=nan
2026-01-25 07:00:00,222 - INFO - [EMA] 증분계산: prev=89229.47, close=89237.5, new=89230.09
2026-01-25 07:00:00,229 - INFO - 15m | 21:45 | O:89222.3 H:89243.6 L:89179.2 C:89237.5
2026-01-25 07:00:00,229 - INFO - 지표: ADX=32.5, ATR=69.5, Bull=False, Bear=True
2026-01-25 07:00:37,997 - INFO - [상태] 포지션: SHORT, 진입가: $89271.35, 현재가: $89241.80, 미실현PnL: $33.01
2026-01-25 07:00:37,997 - INFO - [지표] ADX=nan, Bull=nan, Bear=nan
2026-01-25 07:05:38,041 - INFO - [상태] 포지션: SHORT, 진입가: $89271.35, 현재가: $89251.40, 미실현PnL: $22.29
2026-01-25 07:05:38,041 - INFO - [지표] ADX=nan, Bull=nan, Bear=nan
2026-01-25 07:10:38,094 - INFO - [상태] 포지션: SHORT, 진입가: $89271.35, 현재가: $89261.10, 미실현PnL: $11.45
2026-01-25 07:10:38,094 - INFO - [지표] ADX=nan, Bull=nan, Bear=nan
2026-01-25 07:15:00,971 - INFO - [EMA] 증분계산: prev=89230.09, close=89317.0, new=89236.78
2026-01-25 07:15:00,978 - INFO - 15m | 22:00 | O:89237.6 H:89345.7 L:89237.6 C:89317.0
2026-01-25 07:15:00,978 - INFO - 지표: ADX=30.4, ATR=72.7, Bull=False, Bear=True
2026-01-25 07:15:38,138 - INFO - [상태] 포지션: SHORT, 진입가: $89271.35, 현재가: $89318.10, 미실현PnL: $-52.22
2026-01-25 07:15:38,138 - INFO - [지표] ADX=nan, Bull=nan, Bear=nan
2026-01-25 07:20:38,189 - INFO - [상태] 포지션: SHORT, 진입가: $89271.35, 현재가: $89285.30, 미실현PnL: $-15.58
2026-01-25 07:20:38,190 - INFO - [지표] ADX=nan, Bull=nan, Bear=nan
2026-01-25 07:25:38,236 - INFO - [상태] 포지션: SHORT, 진입가: $89271.35, 현재가: $89263.10, 미실현PnL: $9.22
2026-01-25 07:25:38,236 - INFO - [지표] ADX=nan, Bull=nan, Bear=nan
2026-01-25 07:30:00,437 - INFO - [EMA] 증분계산: prev=89236.78, close=89248.4, new=89237.67
2026-01-25 07:30:00,444 - INFO - 15m | 22:15 | O:89317.0 H:89346.4 L:89248.3 C:89248.4
2026-01-25 07:30:00,444 - INFO - 지표: ADX=28.4, ATR=74.8, Bull=False, Bear=True
2026-01-25 07:30:38,295 - INFO - [상태] 포지션: SHORT, 진입가: $89271.35, 현재가: $89253.80, 미실현PnL: $19.60
2026-01-25 07:30:38,295 - INFO - [지표] ADX=nan, Bull=nan, Bear=nan
2026-01-25 07:35:38,339 - INFO - [상태] 포지션: SHORT, 진입가: $89271.35, 현재가: $89231.20, 미실현PnL: $44.85
2026-01-25 07:35:38,340 - INFO - [지표] ADX=nan, Bull=nan, Bear=nan
2026-01-25 07:40:38,388 - INFO - [상태] 포지션: SHORT, 진입가: $89271.35, 현재가: $89189.40, 미실현PnL: $91.54
2026-01-25 07:40:38,389 - INFO - [지표] ADX=nan, Bull=nan, Bear=nan
2026-01-25 07:45:03,042 - INFO - [EMA] 증분계산: prev=89237.67, close=89153.8, new=89231.22
2026-01-25 07:45:03,049 - INFO - 15m | 22:30 | O:89248.3 H:89253.8 L:89153.8 C:89153.8
2026-01-25 07:45:03,049 - INFO - 지표: ADX=27.5, ATR=76.9, Bull=False, Bear=True
2026-01-25 07:45:38,434 - INFO - [상태] 포지션: SHORT, 진입가: $89271.35, 현재가: $89205.60, 미실현PnL: $73.44
2026-01-25 07:45:38,434 - INFO - [지표] ADX=nan, Bull=nan, Bear=nan
2026-01-25 07:50:38,490 - INFO - [상태] 포지션: SHORT, 진입가: $89271.35, 현재가: $89218.90, 미실현PnL: $58.59
2026-01-25 07:50:38,490 - INFO - [지표] ADX=nan, Bull=nan, Bear=nan
2026-01-25 07:55:38,537 - INFO - [상태] 포지션: SHORT, 진입가: $89271.35, 현재가: $89237.10, 미실현PnL: $38.26
2026-01-25 07:55:38,538 - INFO - [지표] ADX=nan, Bull=nan, Bear=nan
2026-01-25 08:00:01,092 - INFO - [EMA] 증분계산: prev=89231.22, close=89291.3, new=89235.84
2026-01-25 08:00:01,099 - INFO - 15m | 22:45 | O:89153.9 H:89291.3 L:89153.9 C:89291.3
2026-01-25 08:00:01,099 - INFO - 지표: ADX=26.1, ATR=82.0, Bull=False, Bear=True
2026-01-25 08:00:38,585 - INFO - [상태] 포지션: SHORT, 진입가: $89271.35, 현재가: $89313.60, 미실현PnL: $-47.19
2026-01-25 08:00:38,585 - INFO - [지표] ADX=nan, Bull=nan, Bear=nan
2026-01-25 08:05:38,628 - INFO - [상태] 포지션: SHORT, 진입가: $89271.35, 현재가: $89239.00, 미실현PnL: $36.14
2026-01-25 08:05:38,628 - INFO - [지표] ADX=nan, Bull=nan, Bear=nan
2026-01-25 08:10:38,676 - INFO - [상태] 포지션: SHORT, 진입가: $89271.35, 현재가: $89202.00, 미실현PnL: $77.46
2026-01-25 08:10:38,676 - INFO - [지표] ADX=nan, Bull=nan, Bear=nan
2026-01-25 08:15:00,152 - INFO - [EMA] 증분계산: prev=89235.84, close=89212.1, new=89234.01
2026-01-25 08:15:00,161 - INFO - 15m | 23:00 | O:89291.2 H:89336.3 L:89157.3 C:89212.1
2026-01-25 08:15:00,161 - INFO - 지표: ADX=24.3, ATR=90.0, Bull=False, Bear=True
2026-01-25 08:15:38,722 - INFO - [상태] 포지션: SHORT, 진입가: $89271.35, 현재가: $89226.00, 미실현PnL: $50.66
2026-01-25 08:15:38,723 - INFO - [지표] ADX=nan, Bull=nan, Bear=nan
2026-01-25 08:20:38,766 - INFO - [상태] 포지션: SHORT, 진입가: $89271.35, 현재가: $89229.40, 미실현PnL: $46.86
2026-01-25 08:20:38,766 - INFO - [지표] ADX=nan, Bull=nan, Bear=nan
2026-01-25 08:25:38,813 - INFO - [상태] 포지션: SHORT, 진입가: $89271.35, 현재가: $89221.60, 미실현PnL: $55.57
2026-01-25 08:25:38,813 - INFO - [지표] ADX=nan, Bull=nan, Bear=nan
2026-01-25 08:30:00,288 - INFO - [EMA] 증분계산: prev=89234.01, close=89239.6, new=89234.44
2026-01-25 08:30:00,297 - INFO - 15m | 23:15 | O:89212.8 H:89241.7 L:89173.1 C:89239.6
2026-01-25 08:30:00,297 - INFO - 지표: ADX=22.7, ATR=88.3, Bull=False, Bear=True
2026-01-25 08:30:38,857 - INFO - [상태] 포지션: SHORT, 진입가: $89271.35, 현재가: $89225.70, 미실현PnL: $50.99
2026-01-25 08:30:38,857 - INFO - [지표] ADX=nan, Bull=nan, Bear=nan
2026-01-25 08:35:38,903 - INFO - [상태] 포지션: SHORT, 진입가: $89271.35, 현재가: $89212.90, 미실현PnL: $65.29
2026-01-25 08:35:38,903 - INFO - [지표] ADX=nan, Bull=nan, Bear=nan
2026-01-25 08:40:38,949 - INFO - [상태] 포지션: SHORT, 진입가: $89271.35, 현재가: $89201.90, 미실현PnL: $77.58
2026-01-25 08:40:38,949 - INFO - [지표] ADX=nan, Bull=nan, Bear=nan
2026-01-25 08:45:00,336 - INFO - [EMA] 증분계산: prev=89234.44, close=89165.6, new=89229.15
2026-01-25 08:45:00,343 - INFO - 15m | 23:30 | O:89239.1 H:89239.1 L:89165.6 C:89165.6
2026-01-25 08:45:00,343 - INFO - 지표: ADX=21.1, ATR=87.1, Bull=False, Bear=True
2026-01-25 08:45:38,994 - INFO - [상태] 포지션: SHORT, 진입가: $89271.35, 현재가: $89161.90, 미실현PnL: $122.26
2026-01-25 08:45:38,994 - INFO - [지표] ADX=nan, Bull=nan, Bear=nan
2026-01-25 08:50:39,037 - INFO - [상태] 포지션: SHORT, 진입가: $89271.35, 현재가: $89185.00, 미실현PnL: $96.45
2026-01-25 08:50:39,037 - INFO - [지표] ADX=nan, Bull=nan, Bear=nan
2026-01-25 08:55:39,080 - INFO - [상태] 포지션: SHORT, 진입가: $89271.35, 현재가: $89148.10, 미실현PnL: $137.67
2026-01-25 08:55:39,080 - INFO - [지표] ADX=nan, Bull=nan, Bear=nan
