2026-01-20 09:00:00,086 - INFO - === 로그 파일 시작: logs/hyper_usdt_2026-01-20.log ===
2026-01-20 09:00:00,087 - INFO - [EMA] 증분계산: prev=92877.06, close=92589.6, new=92854.95
2026-01-20 09:00:00,096 - INFO - 15m | 23:45 | O:92615.8 H:92691.4 L:92548.1 C:92589.6
2026-01-20 09:00:00,096 - INFO - 지표: ADX=23.2, ATR=220.5, Bull=False, Bear=True
2026-01-20 09:02:48,699 - INFO - [상태] 포지션 없음, 자본금: $5095.93
2026-01-20 09:02:48,700 - INFO - [지표] ADX=nan, Bull=nan, Bear=nan
2026-01-20 09:07:48,702 - INFO - [상태] 포지션 없음, 자본금: $5095.93
2026-01-20 09:07:48,702 - INFO - [지표] ADX=nan, Bull=nan, Bear=nan
2026-01-20 09:12:48,704 - INFO - [상태] 포지션 없음, 자본금: $5095.93
2026-01-20 09:12:48,704 - INFO - [지표] ADX=nan, Bull=nan, Bear=nan
2026-01-20 09:15:00,074 - INFO - [EMA] 증분계산: prev=92854.95, close=92659.4, new=92839.91
2026-01-20 09:15:00,084 - INFO - 15m | 00:00 | O:92589.6 H:92845.0 L:92540.1 C:92659.4
2026-01-20 09:15:00,084 - INFO - 지표: ADX=23.0, ATR=228.9, Bull=False, Bear=True
2026-01-20 09:17:48,706 - INFO - [상태] 포지션 없음, 자본금: $5095.93
2026-01-20 09:17:48,706 - INFO - [지표] ADX=nan, Bull=nan, Bear=nan
2026-01-20 09:22:48,707 - INFO - [상태] 포지션 없음, 자본금: $5095.93
2026-01-20 09:22:48,708 - INFO - [지표] ADX=nan, Bull=nan, Bear=nan
2026-01-20 09:27:48,709 - INFO - [상태] 포지션 없음, 자본금: $5095.93
2026-01-20 09:27:48,709 - INFO - [지표] ADX=nan, Bull=nan, Bear=nan
2026-01-20 09:30:01,014 - INFO - [EMA] 증분계산: prev=92839.91, close=92428.8, new=92808.29
2026-01-20 09:30:01,023 - INFO - 15m | 00:15 | O:92659.3 H:92659.3 L:92320.2 C:92428.8
2026-01-20 09:30:01,023 - INFO - 지표: ADX=23.7, ATR=240.0, Bull=False, Bear=True
2026-01-20 09:32:48,709 - INFO - [상태] 포지션 없음, 자본금: $5095.93
2026-01-20 09:32:48,710 - INFO - [지표] ADX=nan, Bull=nan, Bear=nan
2026-01-20 09:37:48,711 - INFO - [상태] 포지션 없음, 자본금: $5095.93
2026-01-20 09:37:48,711 - INFO - [지표] ADX=nan, Bull=nan, Bear=nan
2026-01-20 09:42:48,712 - INFO - [상태] 포지션 없음, 자본금: $5095.93
2026-01-20 09:42:48,712 - INFO - [지표] ADX=nan, Bull=nan, Bear=nan
2026-01-20 09:45:00,656 - INFO - [EMA] 증분계산: prev=92808.29, close=92680.1, new=92798.43
2026-01-20 09:45:00,665 - INFO - 15m | 00:30 | O:92428.9 H:92717.8 L:92416.7 C:92680.1
2026-01-20 09:45:00,665 - INFO - 지표: ADX=23.9, ATR=246.1, Bull=False, Bear=True
2026-01-20 09:47:48,714 - INFO - [상태] 포지션 없음, 자본금: $5095.93
2026-01-20 09:47:48,715 - INFO - [지표] ADX=nan, Bull=nan, Bear=nan
2026-01-20 09:52:48,715 - INFO - [상태] 포지션 없음, 자본금: $5095.93
2026-01-20 09:52:48,716 - INFO - [지표] ADX=nan, Bull=nan, Bear=nan
2026-01-20 09:57:48,716 - INFO - [상태] 포지션 없음, 자본금: $5095.93
2026-01-20 09:57:48,717 - INFO - [지표] ADX=nan, Bull=nan, Bear=nan
2026-01-20 10:00:00,183 - INFO - [EMA] 증분계산: prev=92798.43, close=92676.1, new=92789.02
2026-01-20 10:00:00,193 - INFO - 15m | 00:45 | O:92680.0 H:92717.3 L:92579.1 C:92676.1
2026-01-20 10:00:00,193 - INFO - 지표: ADX=24.2, ATR=235.3, Bull=False, Bear=True
2026-01-20 10:02:48,717 - INFO - [상태] 포지션 없음, 자본금: $5095.93
2026-01-20 10:02:48,718 - INFO - [지표] ADX=nan, Bull=nan, Bear=nan
2026-01-20 10:07:48,719 - INFO - [상태] 포지션 없음, 자본금: $5095.93
2026-01-20 10:07:48,719 - INFO - [지표] ADX=nan, Bull=nan, Bear=nan
2026-01-20 10:12:48,719 - INFO - [상태] 포지션 없음, 자본금: $5095.93
2026-01-20 10:12:48,720 - INFO - [지표] ADX=nan, Bull=nan, Bear=nan
2026-01-20 10:15:00,057 - INFO - [EMA] 증분계산: prev=92789.02, close=92687.9, new=92781.24
2026-01-20 10:15:00,067 - INFO - 15m | 01:00 | O:92676.1 H:92768.8 L:92479.1 C:92687.9
2026-01-20 10:15:00,067 - INFO - 지표: ADX=24.8, ATR=240.7, Bull=False, Bear=True
2026-01-20 10:17:48,722 - INFO - [상태] 포지션 없음, 자본금: $5095.93
2026-01-20 10:17:48,722 - INFO - [지표] ADX=nan, Bull=nan, Bear=nan
2026-01-20 10:22:48,723 - INFO - [상태] 포지션 없음, 자본금: $5095.93
2026-01-20 10:22:48,723 - INFO - [지표] ADX=nan, Bull=nan, Bear=nan
2026-01-20 10:27:48,724 - INFO - [상태] 포지션 없음, 자본금: $5095.93
2026-01-20 10:27:48,724 - INFO - [지표] ADX=nan, Bull=nan, Bear=nan
2026-01-20 10:30:00,040 - INFO - [EMA] 증분계산: prev=92781.24, close=92820.1, new=92784.23
2026-01-20 10:30:00,050 - INFO - 15m | 01:15 | O:92687.8 H:92840.0 L:92618.1 C:92820.1
2026-01-20 10:30:00,050 - INFO - 지표: ADX=24.8, ATR=238.9, Bull=False, Bear=True
2026-01-20 10:32:48,725 - INFO - [상태] 포지션 없음, 자본금: $5095.93
2026-01-20 10:32:48,725 - INFO - [지표] ADX=nan, Bull=nan, Bear=nan
2026-01-20 10:37:48,726 - INFO - [상태] 포지션 없음, 자본금: $5095.93
2026-01-20 10:37:48,727 - INFO - [지표] ADX=nan, Bull=nan, Bear=nan
2026-01-20 10:42:48,728 - INFO - [상태] 포지션 없음, 자본금: $5095.93
2026-01-20 10:42:48,728 - INFO - [지표] ADX=nan, Bull=nan, Bear=nan
2026-01-20 10:45:00,160 - INFO - [EMA] 증분계산: prev=92784.23, close=92675.6, new=92775.87
2026-01-20 10:45:00,170 - INFO - 15m | 01:30 | O:92820.0 H:92827.2 L:92622.6 C:92675.6
2026-01-20 10:45:00,170 - INFO - 지표: ADX=24.8, ATR=235.4, Bull=False, Bear=True
2026-01-20 10:47:48,729 - INFO - [상태] 포지션 없음, 자본금: $5095.93
2026-01-20 10:47:48,730 - INFO - [지표] ADX=nan, Bull=nan, Bear=nan
2026-01-20 10:52:48,730 - INFO - [상태] 포지션 없음, 자본금: $5095.93
2026-01-20 10:52:48,731 - INFO - [지표] ADX=nan, Bull=nan, Bear=nan
2026-01-20 10:57:48,732 - INFO - [상태] 포지션 없음, 자본금: $5095.93
2026-01-20 10:57:48,732 - INFO - [지표] ADX=nan, Bull=nan, Bear=nan
2026-01-20 11:00:00,069 - INFO - [EMA] 증분계산: prev=92775.87, close=92688.7, new=92769.17
2026-01-20 11:00:00,076 - INFO - 15m | 01:45 | O:92675.6 H:92801.2 L:92631.8 C:92688.7
2026-01-20 11:00:00,076 - INFO - 지표: ADX=24.8, ATR=228.8, Bull=False, Bear=True
2026-01-20 11:02:48,734 - INFO - [상태] 포지션 없음, 자본금: $5095.93
2026-01-20 11:02:48,734 - INFO - [지표] ADX=nan, Bull=nan, Bear=nan
2026-01-20 11:07:48,735 - INFO - [상태] 포지션 없음, 자본금: $5095.93
2026-01-20 11:07:48,735 - INFO - [지표] ADX=nan, Bull=nan, Bear=nan
2026-01-20 11:12:48,737 - INFO - [상태] 포지션 없음, 자본금: $5095.93
2026-01-20 11:12:48,737 - INFO - [지표] ADX=nan, Bull=nan, Bear=nan
2026-01-20 11:15:00,086 - INFO - [EMA] 증분계산: prev=92769.17, close=92438.8, new=92743.75
2026-01-20 11:15:00,096 - INFO - 15m | 02:00 | O:92688.8 H:92693.4 L:92401.4 C:92438.8
2026-01-20 11:15:00,096 - INFO - 지표: ADX=25.8, ATR=235.1, Bull=False, Bear=True
2026-01-20 11:17:48,738 - INFO - [상태] 포지션 없음, 자본금: $5095.93
2026-01-20 11:17:48,739 - INFO - [지표] ADX=nan, Bull=nan, Bear=nan
2026-01-20 11:22:48,740 - INFO - [상태] 포지션 없음, 자본금: $5095.93
2026-01-20 11:22:48,740 - INFO - [지표] ADX=nan, Bull=nan, Bear=nan
2026-01-20 11:27:48,742 - INFO - [상태] 포지션 없음, 자본금: $5095.93
2026-01-20 11:27:48,742 - INFO - [지표] ADX=nan, Bull=nan, Bear=nan
2026-01-20 11:30:00,095 - INFO - [EMA] 증분계산: prev=92743.75, close=92451.7, new=92721.29
2026-01-20 11:30:00,104 - INFO - 15m | 02:15 | O:92438.7 H:92499.9 L:92330.0 C:92451.7
2026-01-20 11:30:00,105 - INFO - 지표: ADX=27.0, ATR=228.6, Bull=False, Bear=True
2026-01-20 11:32:48,743 - INFO - [상태] 포지션 없음, 자본금: $5095.93
2026-01-20 11:32:48,744 - INFO - [지표] ADX=nan, Bull=nan, Bear=nan
2026-01-20 11:37:48,745 - INFO - [상태] 포지션 없음, 자본금: $5095.93
2026-01-20 11:37:48,746 - INFO - [지표] ADX=nan, Bull=nan, Bear=nan
2026-01-20 11:42:48,746 - INFO - [상태] 포지션 없음, 자본금: $5095.93
2026-01-20 11:42:48,747 - INFO - [지표] ADX=nan, Bull=nan, Bear=nan
2026-01-20 11:45:00,463 - INFO - [EMA] 증분계산: prev=92721.29, close=92568.1, new=92709.50
2026-01-20 11:45:00,473 - INFO - 15m | 02:30 | O:92451.7 H:92644.9 L:92451.7 C:92568.1
2026-01-20 11:45:00,474 - INFO - 지표: ADX=27.0, ATR=225.1, Bull=False, Bear=True
2026-01-20 11:47:48,748 - INFO - [상태] 포지션 없음, 자본금: $5095.93
2026-01-20 11:47:48,748 - INFO - [지표] ADX=nan, Bull=nan, Bear=nan
2026-01-20 11:52:48,749 - INFO - [상태] 포지션 없음, 자본금: $5095.93
2026-01-20 11:52:48,750 - INFO - [지표] ADX=nan, Bull=nan, Bear=nan
2026-01-20 11:57:48,751 - INFO - [상태] 포지션 없음, 자본금: $5095.93
2026-01-20 11:57:48,752 - INFO - [지표] ADX=nan, Bull=nan, Bear=nan
2026-01-20 12:00:00,597 - INFO - [EMA] 증분계산: prev=92709.50, close=92518.9, new=92694.84
2026-01-20 12:00:00,606 - INFO - 15m | 02:45 | O:92568.0 H:92664.0 L:92469.1 C:92518.9
2026-01-20 12:00:00,606 - INFO - 지표: ADX=26.8, ATR=222.1, Bull=False, Bear=True
2026-01-20 12:02:48,754 - INFO - [상태] 포지션 없음, 자본금: $5095.93
2026-01-20 12:02:48,754 - INFO - [지표] ADX=nan, Bull=nan, Bear=nan
2026-01-20 12:07:48,756 - INFO - [상태] 포지션 없음, 자본금: $5095.93
2026-01-20 12:07:48,756 - INFO - [지표] ADX=nan, Bull=nan, Bear=nan
2026-01-20 12:12:48,757 - INFO - [상태] 포지션 없음, 자본금: $5095.93
2026-01-20 12:12:48,757 - INFO - [지표] ADX=nan, Bull=nan, Bear=nan
2026-01-20 12:15:00,108 - INFO - [EMA] 증분계산: prev=92694.84, close=92392.5, new=92671.58
2026-01-20 12:15:00,118 - INFO - 15m | 03:00 | O:92519.0 H:92646.2 L:92350.0 C:92392.5
2026-01-20 12:15:00,118 - INFO - 지표: ADX=27.1, ATR=229.5, Bull=False, Bear=True
2026-01-20 12:17:48,759 - INFO - [상태] 포지션 없음, 자본금: $5095.93
2026-01-20 12:17:48,759 - INFO - [지표] ADX=nan, Bull=nan, Bear=nan
2026-01-20 12:22:48,760 - INFO - [상태] 포지션 없음, 자본금: $5095.93
2026-01-20 12:22:48,760 - INFO - [지표] ADX=nan, Bull=nan, Bear=nan
2026-01-20 12:27:48,761 - INFO - [상태] 포지션 없음, 자본금: $5095.93
2026-01-20 12:27:48,762 - INFO - [지표] ADX=nan, Bull=nan, Bear=nan
2026-01-20 12:30:00,160 - INFO - [EMA] 증분계산: prev=92671.58, close=92327.8, new=92645.14
2026-01-20 12:30:00,166 - INFO - 15m | 03:15 | O:92392.4 H:92470.8 L:92327.1 C:92327.8
2026-01-20 12:30:00,166 - INFO - 지표: ADX=27.5, ATR=220.9, Bull=False, Bear=True
2026-01-20 12:32:48,762 - INFO - [상태] 포지션 없음, 자본금: $5095.93
2026-01-20 12:32:48,763 - INFO - [지표] ADX=nan, Bull=nan, Bear=nan
2026-01-20 12:37:48,764 - INFO - [상태] 포지션 없음, 자본금: $5095.93
2026-01-20 12:37:48,764 - INFO - [지표] ADX=nan, Bull=nan, Bear=nan
2026-01-20 12:42:48,765 - INFO - [상태] 포지션 없음, 자본금: $5095.93
2026-01-20 12:42:48,766 - INFO - [지표] ADX=nan, Bull=nan, Bear=nan
2026-01-20 12:45:00,188 - INFO - [EMA] 증분계산: prev=92645.14, close=92378.3, new=92624.61
2026-01-20 12:45:00,194 - INFO - 15m | 03:30 | O:92327.7 H:92378.3 L:92200.0 C:92378.3
2026-01-20 12:45:00,195 - INFO - 지표: ADX=28.4, ATR=216.6, Bull=False, Bear=True
2026-01-20 12:47:48,767 - INFO - [상태] 포지션 없음, 자본금: $5095.93
2026-01-20 12:47:48,767 - INFO - [지표] ADX=nan, Bull=nan, Bear=nan
2026-01-20 12:52:48,768 - INFO - [상태] 포지션 없음, 자본금: $5095.93
2026-01-20 12:52:48,768 - INFO - [지표] ADX=nan, Bull=nan, Bear=nan
2026-01-20 12:57:48,771 - INFO - [상태] 포지션 없음, 자본금: $5095.93
2026-01-20 12:57:48,771 - INFO - [지표] ADX=nan, Bull=nan, Bear=nan
2026-01-20 13:00:00,161 - INFO - [EMA] 증분계산: prev=92624.61, close=92397.0, new=92607.10
2026-01-20 13:00:00,170 - INFO - 15m | 03:45 | O:92378.3 H:92461.1 L:92328.9 C:92397.0
2026-01-20 13:00:00,170 - INFO - 지표: ADX=28.6, ATR=208.2, Bull=False, Bear=True
2026-01-20 13:02:48,772 - INFO - [상태] 포지션 없음, 자본금: $5095.93
2026-01-20 13:02:48,772 - INFO - [지표] ADX=nan, Bull=nan, Bear=nan
2026-01-20 13:07:48,773 - INFO - [상태] 포지션 없음, 자본금: $5095.93
2026-01-20 13:07:48,773 - INFO - [지표] ADX=nan, Bull=nan, Bear=nan
2026-01-20 13:12:48,775 - INFO - [상태] 포지션 없음, 자본금: $5095.93
2026-01-20 13:12:48,775 - INFO - [지표] ADX=nan, Bull=nan, Bear=nan
2026-01-20 13:15:00,408 - INFO - [EMA] 증분계산: prev=92607.10, close=92273.1, new=92581.41
2026-01-20 13:15:00,418 - INFO - 15m | 04:00 | O:92396.9 H:92440.1 L:92273.0 C:92273.1
2026-01-20 13:15:00,418 - INFO - 지표: ADX=28.9, ATR=204.1, Bull=False, Bear=True
2026-01-20 13:17:48,777 - INFO - [상태] 포지션 없음, 자본금: $5095.93
2026-01-20 13:17:48,777 - INFO - [지표] ADX=nan, Bull=nan, Bear=nan
2026-01-20 13:22:48,778 - INFO - [상태] 포지션 없음, 자본금: $5095.93
2026-01-20 13:22:48,779 - INFO - [지표] ADX=nan, Bull=nan, Bear=nan
2026-01-20 13:27:48,780 - INFO - [상태] 포지션 없음, 자본금: $5095.93
2026-01-20 13:27:48,781 - INFO - [지표] ADX=nan, Bull=nan, Bear=nan
2026-01-20 13:30:00,140 - INFO - [EMA] 증분계산: prev=92581.41, close=92281.1, new=92558.31
2026-01-20 13:30:00,150 - INFO - 15m | 04:15 | O:92273.1 H:92281.2 L:92143.5 C:92281.1
2026-01-20 13:30:00,150 - INFO - 지표: ADX=29.8, ATR=197.4, Bull=False, Bear=True
2026-01-20 13:32:48,782 - INFO - [상태] 포지션 없음, 자본금: $5095.93
2026-01-20 13:32:48,782 - INFO - [지표] ADX=nan, Bull=nan, Bear=nan
2026-01-20 13:37:48,783 - INFO - [상태] 포지션 없음, 자본금: $5095.93
2026-01-20 13:37:48,783 - INFO - [지표] ADX=nan, Bull=nan, Bear=nan
2026-01-20 13:42:48,784 - INFO - [상태] 포지션 없음, 자본금: $5095.93
2026-01-20 13:42:48,785 - INFO - [지표] ADX=nan, Bull=nan, Bear=nan
2026-01-20 13:45:00,092 - INFO - [EMA] 증분계산: prev=92558.31, close=92189.1, new=92529.91
2026-01-20 13:45:00,102 - INFO - 15m | 04:30 | O:92281.2 H:92392.1 L:92171.0 C:92189.1
2026-01-20 13:45:00,102 - INFO - 지표: ADX=29.6, ATR=199.8, Bull=False, Bear=True
2026-01-20 13:47:48,786 - INFO - [상태] 포지션 없음, 자본금: $5095.93
2026-01-20 13:47:48,786 - INFO - [지표] ADX=nan, Bull=nan, Bear=nan
2026-01-20 13:52:48,787 - INFO - [상태] 포지션 없음, 자본금: $5095.93
2026-01-20 13:52:48,788 - INFO - [지표] ADX=nan, Bull=nan, Bear=nan
2026-01-20 13:57:48,789 - INFO - [상태] 포지션 없음, 자본금: $5095.93
2026-01-20 13:57:48,789 - INFO - [지표] ADX=nan, Bull=nan, Bear=nan
2026-01-20 14:00:00,304 - INFO - [EMA] 증분계산: prev=92529.91, close=92026.2, new=92491.16
2026-01-20 14:00:00,314 - INFO - 15m | 04:45 | O:92189.2 H:92233.2 L:91900.0 C:92026.2
2026-01-20 14:00:00,314 - INFO - 지표: ADX=30.5, ATR=213.1, Bull=False, Bear=True
2026-01-20 14:02:48,791 - INFO - [상태] 포지션 없음, 자본금: $5095.93
2026-01-20 14:02:48,791 - INFO - [지표] ADX=nan, Bull=nan, Bear=nan
2026-01-20 14:07:48,792 - INFO - [상태] 포지션 없음, 자본금: $5095.93
2026-01-20 14:07:48,792 - INFO - [지표] ADX=nan, Bull=nan, Bear=nan
2026-01-20 14:12:48,793 - INFO - [상태] 포지션 없음, 자본금: $5095.93
2026-01-20 14:12:48,794 - INFO - [지표] ADX=nan, Bull=nan, Bear=nan
2026-01-20 14:15:00,094 - INFO - [EMA] 증분계산: prev=92491.16, close=91377.1, new=92405.47
2026-01-20 14:15:00,104 - INFO - 15m | 05:00 | O:92026.3 H:92042.1 L:91300.0 C:91377.1
2026-01-20 14:15:00,104 - INFO - 지표: ADX=32.6, ATR=266.0, Bull=False, Bear=True
2026-01-20 14:17:48,795 - INFO - [상태] 포지션 없음, 자본금: $5095.93
2026-01-20 14:17:48,795 - INFO - [지표] ADX=nan, Bull=nan, Bear=nan
2026-01-20 14:22:48,796 - INFO - [상태] 포지션 없음, 자본금: $5095.93
2026-01-20 14:22:48,797 - INFO - [지표] ADX=nan, Bull=nan, Bear=nan
2026-01-20 14:27:48,798 - INFO - [상태] 포지션 없음, 자본금: $5095.93
2026-01-20 14:27:48,798 - INFO - [지표] ADX=nan, Bull=nan, Bear=nan
2026-01-20 14:30:00,140 - INFO - [EMA] 증분계산: prev=92405.47, close=91697.3, new=92350.99
2026-01-20 14:30:00,149 - INFO - 15m | 05:15 | O:91377.0 H:91710.0 L:91235.5 C:91697.3
2026-01-20 14:30:00,150 - INFO - 지표: ADX=34.6, ATR=286.9, Bull=False, Bear=True
2026-01-20 14:32:48,799 - INFO - [상태] 포지션 없음, 자본금: $5095.93
2026-01-20 14:32:48,799 - INFO - [지표] ADX=nan, Bull=nan, Bear=nan
2026-01-20 14:37:48,800 - INFO - [상태] 포지션 없음, 자본금: $5095.93
2026-01-20 14:37:48,800 - INFO - [지표] ADX=nan, Bull=nan, Bear=nan
2026-01-20 14:42:48,802 - INFO - [상태] 포지션 없음, 자본금: $5095.93
2026-01-20 14:42:48,803 - INFO - [지표] ADX=nan, Bull=nan, Bear=nan
2026-01-20 14:45:00,029 - INFO - [EMA] 증분계산: prev=92350.99, close=91605.4, new=92293.64
2026-01-20 14:45:00,039 - INFO - 15m | 05:30 | O:91697.4 H:91762.1 L:91473.7 C:91605.4
2026-01-20 14:45:00,039 - INFO - 지표: ADX=36.2, ATR=287.0, Bull=False, Bear=True
2026-01-20 14:47:48,804 - INFO - [상태] 포지션 없음, 자본금: $5095.93
2026-01-20 14:47:48,804 - INFO - [지표] ADX=nan, Bull=nan, Bear=nan
2026-01-20 14:52:48,805 - INFO - [상태] 포지션 없음, 자본금: $5095.93
2026-01-20 14:52:48,805 - INFO - [지표] ADX=nan, Bull=nan, Bear=nan
2026-01-20 14:57:48,806 - INFO - [상태] 포지션 없음, 자본금: $5095.93
2026-01-20 14:57:48,806 - INFO - [지표] ADX=nan, Bull=nan, Bear=nan
2026-01-20 15:00:00,061 - INFO - [EMA] 증분계산: prev=92293.64, close=91590.1, new=92239.52
2026-01-20 15:00:00,070 - INFO - 15m | 05:45 | O:91605.4 H:91786.2 L:91581.3 C:91590.1
2026-01-20 15:00:00,070 - INFO - 지표: ADX=37.4, ATR=278.8, Bull=False, Bear=True
2026-01-20 15:02:48,807 - INFO - [상태] 포지션 없음, 자본금: $5095.93
2026-01-20 15:02:48,807 - INFO - [지표] ADX=nan, Bull=nan, Bear=nan
2026-01-20 15:07:48,808 - INFO - [상태] 포지션 없음, 자본금: $5095.93
2026-01-20 15:07:48,808 - INFO - [지표] ADX=nan, Bull=nan, Bear=nan
2026-01-20 15:12:48,809 - INFO - [상태] 포지션 없음, 자본금: $5095.93
2026-01-20 15:12:48,809 - INFO - [지표] ADX=nan, Bull=nan, Bear=nan
2026-01-20 15:15:00,153 - INFO - [EMA] 증분계산: prev=92239.52, close=91425.6, new=92176.91
2026-01-20 15:15:00,163 - INFO - 15m | 06:00 | O:91590.1 H:91603.8 L:91410.4 C:91425.6
2026-01-20 15:15:00,163 - INFO - 지표: ADX=39.0, ATR=270.3, Bull=False, Bear=True
2026-01-20 15:17:48,811 - INFO - [상태] 포지션 없음, 자본금: $5095.93
2026-01-20 15:17:48,811 - INFO - [지표] ADX=nan, Bull=nan, Bear=nan
2026-01-20 15:22:48,812 - INFO - [상태] 포지션 없음, 자본금: $5095.93
2026-01-20 15:22:48,813 - INFO - [지표] ADX=nan, Bull=nan, Bear=nan
2026-01-20 15:27:48,814 - INFO - [상태] 포지션 없음, 자본금: $5095.93
2026-01-20 15:27:48,814 - INFO - [지표] ADX=nan, Bull=nan, Bear=nan
2026-01-20 15:30:00,040 - INFO - [EMA] 증분계산: prev=92176.91, close=91237.0, new=92104.61
2026-01-20 15:30:00,047 - INFO - 15m | 06:15 | O:91425.5 H:91471.6 L:90825.0 C:91237.0
2026-01-20 15:30:00,047 - INFO - 지표: ADX=41.1, ATR=307.9, Bull=False, Bear=True
2026-01-20 15:32:48,814 - INFO - [상태] 포지션 없음, 자본금: $5095.93
2026-01-20 15:32:48,815 - INFO - [지표] ADX=nan, Bull=nan, Bear=nan
2026-01-20 15:37:48,817 - INFO - [상태] 포지션 없음, 자본금: $5095.93
2026-01-20 15:37:48,817 - INFO - [지표] ADX=nan, Bull=nan, Bear=nan
2026-01-20 15:42:48,818 - INFO - [상태] 포지션 없음, 자본금: $5095.93
2026-01-20 15:42:48,818 - INFO - [지표] ADX=nan, Bull=nan, Bear=nan
2026-01-20 15:45:00,055 - INFO - [EMA] 증분계산: prev=92104.61, close=91080.9, new=92025.86
2026-01-20 15:45:00,061 - INFO - 15m | 06:30 | O:91236.9 H:91250.0 L:90782.0 C:91080.9
2026-01-20 15:45:00,062 - INFO - 지표: ADX=43.2, ATR=323.9, Bull=False, Bear=True
2026-01-20 15:47:48,819 - INFO - [상태] 포지션 없음, 자본금: $5095.93
2026-01-20 15:47:48,820 - INFO - [지표] ADX=nan, Bull=nan, Bear=nan
2026-01-20 15:52:48,821 - INFO - [상태] 포지션 없음, 자본금: $5095.93
2026-01-20 15:52:48,821 - INFO - [지표] ADX=nan, Bull=nan, Bear=nan
2026-01-20 15:57:48,823 - INFO - [상태] 포지션 없음, 자본금: $5095.93
2026-01-20 15:57:48,823 - INFO - [지표] ADX=nan, Bull=nan, Bear=nan
2026-01-20 16:00:00,072 - INFO - [EMA] 증분계산: prev=92025.86, close=90894.5, new=91938.84
2026-01-20 16:00:00,082 - INFO - 15m | 06:45 | O:91080.8 H:91103.2 L:90723.3 C:90894.5
2026-01-20 16:00:00,082 - INFO - 지표: ADX=45.2, ATR=329.5, Bull=False, Bear=True
2026-01-20 16:02:48,824 - INFO - [상태] 포지션 없음, 자본금: $5095.93
2026-01-20 16:02:48,824 - INFO - [지표] ADX=nan, Bull=nan, Bear=nan
2026-01-20 16:07:48,825 - INFO - [상태] 포지션 없음, 자본금: $5095.93
2026-01-20 16:07:48,826 - INFO - [지표] ADX=nan, Bull=nan, Bear=nan
2026-01-20 16:12:48,826 - INFO - [상태] 포지션 없음, 자본금: $5095.93
2026-01-20 16:12:48,826 - INFO - [지표] ADX=nan, Bull=nan, Bear=nan
2026-01-20 16:15:00,030 - INFO - [EMA] 증분계산: prev=91938.84, close=91000.0, new=91866.62
2026-01-20 16:15:00,037 - INFO - 15m | 07:00 | O:90894.5 H:91132.4 L:90819.5 C:91000.0
2026-01-20 16:15:00,037 - INFO - 지표: ADX=46.9, ATR=327.9, Bull=False, Bear=True
2026-01-20 16:17:48,828 - INFO - [상태] 포지션 없음, 자본금: $5095.93
2026-01-20 16:17:48,828 - INFO - [지표] ADX=nan, Bull=nan, Bear=nan
2026-01-20 16:22:48,830 - INFO - [상태] 포지션 없음, 자본금: $5095.93
2026-01-20 16:22:48,830 - INFO - [지표] ADX=nan, Bull=nan, Bear=nan
2026-01-20 16:27:48,832 - INFO - [상태] 포지션 없음, 자본금: $5095.93
2026-01-20 16:27:48,832 - INFO - [지표] ADX=nan, Bull=nan, Bear=nan
2026-01-20 16:30:00,150 - INFO - [EMA] 증분계산: prev=91866.62, close=91019.7, new=91801.47
2026-01-20 16:30:00,159 - INFO - 15m | 07:15 | O:90999.9 H:91054.1 L:90904.4 C:91019.7
2026-01-20 16:30:00,159 - INFO - 지표: ADX=48.4, ATR=310.0, Bull=False, Bear=True
2026-01-20 16:32:48,834 - INFO - [상태] 포지션 없음, 자본금: $5095.93
2026-01-20 16:32:48,834 - INFO - [지표] ADX=nan, Bull=nan, Bear=nan
2026-01-20 16:37:48,835 - INFO - [상태] 포지션 없음, 자본금: $5095.93
2026-01-20 16:37:48,836 - INFO - [지표] ADX=nan, Bull=nan, Bear=nan
2026-01-20 16:42:48,837 - INFO - [상태] 포지션 없음, 자본금: $5095.93
2026-01-20 16:42:48,837 - INFO - [지표] ADX=nan, Bull=nan, Bear=nan
2026-01-20 16:45:00,098 - INFO - [EMA] 증분계산: prev=91801.47, close=91146.9, new=91751.12
2026-01-20 16:45:00,107 - INFO - 15m | 07:30 | O:91019.7 H:91184.1 L:90950.0 C:91146.9
2026-01-20 16:45:00,107 - INFO - 지표: ADX=49.0, ATR=302.4, Bull=False, Bear=True
2026-01-20 16:47:48,838 - INFO - [상태] 포지션 없음, 자본금: $5095.93
2026-01-20 16:47:48,838 - INFO - [지표] ADX=nan, Bull=nan, Bear=nan
2026-01-20 16:52:48,839 - INFO - [상태] 포지션 없음, 자본금: $5095.93
2026-01-20 16:52:48,840 - INFO - [지표] ADX=nan, Bull=nan, Bear=nan
2026-01-20 16:57:48,841 - INFO - [상태] 포지션 없음, 자본금: $5095.93
2026-01-20 16:57:48,841 - INFO - [지표] ADX=nan, Bull=nan, Bear=nan
2026-01-20 17:00:00,054 - INFO - [EMA] 증분계산: prev=91751.12, close=91136.1, new=91703.81
2026-01-20 17:00:00,063 - INFO - 15m | 07:45 | O:91146.8 H:91268.8 L:91105.5 C:91136.1
2026-01-20 17:00:00,064 - INFO - 지표: ADX=48.9, ATR=288.5, Bull=False, Bear=True
2026-01-20 17:02:48,842 - INFO - [상태] 포지션 없음, 자본금: $5095.93
2026-01-20 17:02:48,842 - INFO - [지표] ADX=nan, Bull=nan, Bear=nan
2026-01-20 17:07:48,845 - INFO - [상태] 포지션 없음, 자본금: $5095.93
2026-01-20 17:07:48,845 - INFO - [지표] ADX=nan, Bull=nan, Bear=nan
2026-01-20 17:12:48,846 - INFO - [상태] 포지션 없음, 자본금: $5095.93
2026-01-20 17:12:48,846 - INFO - [지표] ADX=nan, Bull=nan, Bear=nan
2026-01-20 17:15:00,080 - INFO - [EMA] 증분계산: prev=91703.81, close=90960.8, new=91646.65
2026-01-20 17:15:00,087 - INFO - 15m | 08:00 | O:91136.1 H:91136.2 L:90759.6 C:90960.8
2026-01-20 17:15:00,087 - INFO - 지표: ADX=49.5, ATR=297.3, Bull=False, Bear=True
2026-01-20 17:17:48,847 - INFO - [상태] 포지션 없음, 자본금: $5095.93
2026-01-20 17:17:48,848 - INFO - [지표] ADX=nan, Bull=nan, Bear=nan
2026-01-20 17:22:48,848 - INFO - [상태] 포지션 없음, 자본금: $5095.93
2026-01-20 17:22:48,848 - INFO - [지표] ADX=nan, Bull=nan, Bear=nan
2026-01-20 17:27:48,849 - INFO - [상태] 포지션 없음, 자본금: $5095.93
2026-01-20 17:27:48,850 - INFO - [지표] ADX=nan, Bull=nan, Bear=nan
2026-01-20 17:30:00,231 - INFO - [EMA] 증분계산: prev=91646.65, close=91159.9, new=91609.21
2026-01-20 17:30:00,238 - INFO - 15m | 08:15 | O:90960.8 H:91222.0 L:90862.7 C:91159.9
2026-01-20 17:30:00,238 - INFO - 지표: ADX=49.6, ATR=303.5, Bull=False, Bear=True
2026-01-20 17:32:48,850 - INFO - [상태] 포지션 없음, 자본금: $5095.93
2026-01-20 17:32:48,851 - INFO - [지표] ADX=nan, Bull=nan, Bear=nan
2026-01-20 17:37:48,851 - INFO - [상태] 포지션 없음, 자본금: $5095.93
2026-01-20 17:37:48,852 - INFO - [지표] ADX=nan, Bull=nan, Bear=nan
2026-01-20 17:42:48,852 - INFO - [상태] 포지션 없음, 자본금: $5095.93
2026-01-20 17:42:48,853 - INFO - [지표] ADX=nan, Bull=nan, Bear=nan
2026-01-20 17:45:00,292 - INFO - [EMA] 증분계산: prev=91609.21, close=90820.1, new=91548.51
2026-01-20 17:45:00,301 - INFO - 15m | 08:30 | O:91159.9 H:91160.0 L:90622.2 C:90820.1
2026-01-20 17:45:00,301 - INFO - 지표: ADX=50.1, ATR=327.0, Bull=False, Bear=True
2026-01-20 17:47:48,854 - INFO - [상태] 포지션 없음, 자본금: $5095.93
2026-01-20 17:47:48,854 - INFO - [지표] ADX=nan, Bull=nan, Bear=nan
2026-01-20 17:52:48,855 - INFO - [상태] 포지션 없음, 자본금: $5095.93
2026-01-20 17:52:48,856 - INFO - [지표] ADX=nan, Bull=nan, Bear=nan
2026-01-20 17:57:48,857 - INFO - [상태] 포지션 없음, 자본금: $5095.93
2026-01-20 17:57:48,857 - INFO - [지표] ADX=nan, Bull=nan, Bear=nan
2026-01-20 18:00:00,151 - INFO - [EMA] 증분계산: prev=91548.51, close=91078.9, new=91512.39
2026-01-20 18:00:00,158 - INFO - 15m | 08:45 | O:90820.2 H:91111.1 L:90743.0 C:91078.9
2026-01-20 18:00:00,158 - INFO - 지표: ADX=50.5, ATR=331.1, Bull=False, Bear=True
2026-01-20 18:02:48,859 - INFO - [상태] 포지션 없음, 자본금: $5095.93
2026-01-20 18:02:48,860 - INFO - [지표] ADX=nan, Bull=nan, Bear=nan
2026-01-20 18:07:48,860 - INFO - [상태] 포지션 없음, 자본금: $5095.93
2026-01-20 18:07:48,860 - INFO - [지표] ADX=nan, Bull=nan, Bear=nan
2026-01-20 18:12:48,862 - INFO - [상태] 포지션 없음, 자본금: $5095.93
2026-01-20 18:12:48,862 - INFO - [지표] ADX=nan, Bull=nan, Bear=nan
2026-01-20 18:15:00,259 - INFO - [EMA] 증분계산: prev=91512.39, close=91025.9, new=91474.96
2026-01-20 18:15:00,266 - INFO - 15m | 09:00 | O:91078.9 H:91078.9 L:90943.6 C:91025.9
2026-01-20 18:15:00,266 - INFO - 지표: ADX=50.9, ATR=311.5, Bull=False, Bear=True
2026-01-20 18:17:48,863 - INFO - [상태] 포지션 없음, 자본금: $5095.93
2026-01-20 18:17:48,863 - INFO - [지표] ADX=nan, Bull=nan, Bear=nan
2026-01-20 18:22:48,864 - INFO - [상태] 포지션 없음, 자본금: $5095.93
2026-01-20 18:22:48,864 - INFO - [지표] ADX=nan, Bull=nan, Bear=nan
2026-01-20 18:27:48,865 - INFO - [상태] 포지션 없음, 자본금: $5095.93
2026-01-20 18:27:48,865 - INFO - [지표] ADX=nan, Bull=nan, Bear=nan
2026-01-20 18:30:00,128 - INFO - [EMA] 증분계산: prev=91474.96, close=91011.9, new=91439.34
2026-01-20 18:30:00,138 - INFO - 15m | 09:15 | O:91026.0 H:91049.7 L:90900.0 C:91011.9
2026-01-20 18:30:00,138 - INFO - 지표: ADX=51.4, ATR=295.3, Bull=False, Bear=True
2026-01-20 18:32:48,866 - INFO - [상태] 포지션 없음, 자본금: $5095.93
2026-01-20 18:32:48,866 - INFO - [지표] ADX=nan, Bull=nan, Bear=nan
2026-01-20 18:37:48,867 - INFO - [상태] 포지션 없음, 자본금: $5095.93
2026-01-20 18:37:48,867 - INFO - [지표] ADX=nan, Bull=nan, Bear=nan
2026-01-20 18:42:48,869 - INFO - [상태] 포지션 없음, 자본금: $5095.93
2026-01-20 18:42:48,869 - INFO - [지표] ADX=nan, Bull=nan, Bear=nan
2026-01-20 18:45:00,118 - INFO - [EMA] 증분계산: prev=91439.34, close=90981.4, new=91404.12
2026-01-20 18:45:00,128 - INFO - 15m | 09:30 | O:91011.9 H:91027.1 L:90860.8 C:90981.4
2026-01-20 18:45:00,128 - INFO - 지표: ADX=51.9, ATR=282.4, Bull=False, Bear=True
2026-01-20 18:47:48,870 - INFO - [상태] 포지션 없음, 자본금: $5095.93
2026-01-20 18:47:48,871 - INFO - [지표] ADX=nan, Bull=nan, Bear=nan
2026-01-20 18:52:48,872 - INFO - [상태] 포지션 없음, 자본금: $5095.93
2026-01-20 18:52:48,872 - INFO - [지표] ADX=nan, Bull=nan, Bear=nan
2026-01-20 18:57:48,874 - INFO - [상태] 포지션 없음, 자본금: $5095.93
2026-01-20 18:57:48,874 - INFO - [지표] ADX=nan, Bull=nan, Bear=nan
2026-01-20 19:00:00,251 - INFO - [EMA] 증분계산: prev=91404.12, close=91002.9, new=91373.26
2026-01-20 19:00:00,261 - INFO - 15m | 09:45 | O:90981.4 H:91038.0 L:90905.6 C:91002.9
2026-01-20 19:00:00,261 - INFO - 지표: ADX=52.3, ATR=267.4, Bull=False, Bear=True
2026-01-20 19:02:48,876 - INFO - [상태] 포지션 없음, 자본금: $5095.93
2026-01-20 19:02:48,876 - INFO - [지표] ADX=nan, Bull=nan, Bear=nan
2026-01-20 19:07:48,877 - INFO - [상태] 포지션 없음, 자본금: $5095.93
2026-01-20 19:07:48,878 - INFO - [지표] ADX=nan, Bull=nan, Bear=nan
2026-01-20 19:12:48,879 - INFO - [상태] 포지션 없음, 자본금: $5095.93
2026-01-20 19:12:48,879 - INFO - [지표] ADX=nan, Bull=nan, Bear=nan
2026-01-20 19:15:00,032 - INFO - [EMA] 증분계산: prev=91373.26, close=91138.4, new=91355.19
2026-01-20 19:15:00,042 - INFO - 15m | 10:00 | O:91003.0 H:91143.6 L:90959.9 C:91138.4
2026-01-20 19:15:00,042 - INFO - 지표: ADX=51.8, ATR=259.0, Bull=False, Bear=True
2026-01-20 19:17:48,880 - INFO - [상태] 포지션 없음, 자본금: $5095.93
2026-01-20 19:17:48,880 - INFO - [지표] ADX=nan, Bull=nan, Bear=nan
2026-01-20 19:22:48,881 - INFO - [상태] 포지션 없음, 자본금: $5095.93
2026-01-20 19:22:48,882 - INFO - [지표] ADX=nan, Bull=nan, Bear=nan
2026-01-20 19:27:48,883 - INFO - [상태] 포지션 없음, 자본금: $5095.93
2026-01-20 19:27:48,883 - INFO - [지표] ADX=nan, Bull=nan, Bear=nan
2026-01-20 19:30:00,048 - INFO - [EMA] 증분계산: prev=91355.19, close=91243.4, new=91346.59
2026-01-20 19:30:00,058 - INFO - 15m | 10:15 | O:91138.4 H:91243.6 L:91113.3 C:91243.4
2026-01-20 19:30:00,058 - INFO - 지표: ADX=50.7, ATR=246.2, Bull=False, Bear=True
2026-01-20 19:32:48,884 - INFO - [상태] 포지션 없음, 자본금: $5095.93
2026-01-20 19:32:48,885 - INFO - [지표] ADX=nan, Bull=nan, Bear=nan
2026-01-20 19:37:48,886 - INFO - [상태] 포지션 없음, 자본금: $5095.93
2026-01-20 19:37:48,886 - INFO - [지표] ADX=nan, Bull=nan, Bear=nan
2026-01-20 19:42:48,887 - INFO - [상태] 포지션 없음, 자본금: $5095.93
2026-01-20 19:42:48,888 - INFO - [지표] ADX=nan, Bull=nan, Bear=nan
2026-01-20 19:45:00,493 - INFO - [EMA] 증분계산: prev=91346.59, close=91190.6, new=91334.59
2026-01-20 19:45:00,503 - INFO - 15m | 10:30 | O:91243.4 H:91252.9 L:91100.0 C:91190.6
2026-01-20 19:45:00,503 - INFO - 지표: ADX=49.7, ATR=236.8, Bull=False, Bear=True
2026-01-20 19:47:48,889 - INFO - [상태] 포지션 없음, 자본금: $5095.93
2026-01-20 19:47:48,890 - INFO - [지표] ADX=nan, Bull=nan, Bear=nan
2026-01-20 19:52:48,890 - INFO - [상태] 포지션 없음, 자본금: $5095.93
2026-01-20 19:52:48,891 - INFO - [지표] ADX=nan, Bull=nan, Bear=nan
2026-01-20 19:57:48,891 - INFO - [상태] 포지션 없음, 자본금: $5095.93
2026-01-20 19:57:48,892 - INFO - [지표] ADX=nan, Bull=nan, Bear=nan
2026-01-20 20:00:00,267 - INFO - [EMA] 증분계산: prev=91334.59, close=91217.7, new=91325.60
2026-01-20 20:00:00,276 - INFO - 15m | 10:45 | O:91190.5 H:91244.2 L:91172.2 C:91217.7
2026-01-20 20:00:00,276 - INFO - 지표: ADX=48.8, ATR=220.4, Bull=False, Bear=True
2026-01-20 20:02:48,893 - INFO - [상태] 포지션 없음, 자본금: $5095.93
2026-01-20 20:02:48,893 - INFO - [지표] ADX=nan, Bull=nan, Bear=nan
2026-01-20 20:07:48,895 - INFO - [상태] 포지션 없음, 자본금: $5095.93
2026-01-20 20:07:48,895 - INFO - [지표] ADX=nan, Bull=nan, Bear=nan
2026-01-20 20:12:48,896 - INFO - [상태] 포지션 없음, 자본금: $5095.93
2026-01-20 20:12:48,896 - INFO - [지표] ADX=nan, Bull=nan, Bear=nan
2026-01-20 20:15:00,400 - INFO - [EMA] 증분계산: prev=91325.60, close=91315.4, new=91324.81
2026-01-20 20:15:00,409 - INFO - 15m | 11:00 | O:91217.6 H:91415.1 L:91216.2 C:91315.4
2026-01-20 20:15:00,410 - INFO - 지표: ADX=46.7, ATR=218.2, Bull=False, Bear=True
2026-01-20 20:15:00,410 - INFO - [LIVE] SHORT 신호 감지!
2026-01-20 20:15:00,410 - INFO - ==================================================
2026-01-20 20:15:00,410 - INFO - [LIVE] SHORT 진입 준비
2026-01-20 20:15:00,410 - INFO - 진입가: $91315.40
2026-01-20 20:15:00,410 - INFO - 손절가: $92440.10 (1.23%)
2026-01-20 20:15:00,410 - INFO - 익절가: $90285.77 (1.13%)
2026-01-20 20:15:00,410 - INFO - 레버리지: 5.26x
2026-01-20 20:15:00,410 - INFO - 포지션 크기: 0.293539 BTC ($26804.60)
2026-01-20 20:15:00,410 - INFO - ==================================================
2026-01-20 20:15:00,503 - INFO - Leverage 설정: 5x
2026-01-20 20:15:00,549 - ERROR - 시장가 주문 실패: APIError(code=-2019): Margin is insufficient.
2026-01-20 20:15:00,549 - ERROR - 시장가 진입 실패
2026-01-20 20:17:48,898 - INFO - [상태] 포지션 없음, 자본금: $5095.93
2026-01-20 20:17:48,899 - INFO - [지표] ADX=nan, Bull=nan, Bear=nan
2026-01-20 20:22:48,899 - INFO - [상태] 포지션 없음, 자본금: $5095.93
2026-01-20 20:22:48,900 - INFO - [지표] ADX=nan, Bull=nan, Bear=nan
2026-01-20 20:27:48,901 - INFO - [상태] 포지션 없음, 자본금: $5095.93
2026-01-20 20:27:48,901 - INFO - [지표] ADX=nan, Bull=nan, Bear=nan
2026-01-20 20:30:00,251 - INFO - [EMA] 증분계산: prev=91324.81, close=91371.2, new=91328.38
2026-01-20 20:30:00,261 - INFO - 15m | 11:15 | O:91315.5 H:91400.0 L:91277.4 C:91371.2
2026-01-20 20:30:00,261 - INFO - 지표: ADX=44.7, ATR=208.7, Bull=False, Bear=True
2026-01-20 20:32:48,902 - INFO - [상태] 포지션 없음, 자본금: $5095.93
2026-01-20 20:32:48,903 - INFO - [지표] ADX=nan, Bull=nan, Bear=nan
2026-01-20 20:37:48,905 - INFO - [상태] 포지션 없음, 자본금: $5095.93
2026-01-20 20:37:48,905 - INFO - [지표] ADX=nan, Bull=nan, Bear=nan
2026-01-20 20:42:48,907 - INFO - [상태] 포지션 없음, 자본금: $5095.93
2026-01-20 20:42:48,907 - INFO - [지표] ADX=nan, Bull=nan, Bear=nan
2026-01-20 20:45:00,186 - INFO - [EMA] 증분계산: prev=91328.38, close=91299.9, new=91326.19
2026-01-20 20:45:00,196 - INFO - 15m | 11:30 | O:91371.2 H:91371.2 L:91220.0 C:91299.9
2026-01-20 20:45:00,196 - INFO - 지표: ADX=43.2, ATR=202.9, Bull=False, Bear=True
2026-01-20 20:45:00,196 - INFO - [LIVE] SHORT 신호 감지!
2026-01-20 20:45:00,196 - INFO - ==================================================
2026-01-20 20:45:00,196 - INFO - [LIVE] SHORT 진입 준비
2026-01-20 20:45:00,196 - INFO - 진입가: $91299.90
2026-01-20 20:45:00,196 - INFO - 손절가: $92392.10 (1.20%)
2026-01-20 20:45:00,196 - INFO - 익절가: $90336.10 (1.06%)
2026-01-20 20:45:00,196 - INFO - 레버리지: 5.4x
2026-01-20 20:45:00,196 - INFO - 포지션 크기: 0.301403 BTC ($27518.03)
2026-01-20 20:45:00,196 - INFO - ==================================================
2026-01-20 20:45:00,280 - INFO - Leverage 설정: 5x
2026-01-20 20:45:00,322 - ERROR - 시장가 주문 실패: APIError(code=-2019): Margin is insufficient.
2026-01-20 20:45:00,323 - ERROR - 시장가 진입 실패
2026-01-20 20:47:48,908 - INFO - [상태] 포지션 없음, 자본금: $5095.93
2026-01-20 20:47:48,908 - INFO - [지표] ADX=nan, Bull=nan, Bear=nan
2026-01-20 20:52:48,910 - INFO - [상태] 포지션 없음, 자본금: $5095.93
2026-01-20 20:52:48,910 - INFO - [지표] ADX=nan, Bull=nan, Bear=nan
2026-01-20 20:57:48,911 - INFO - [상태] 포지션 없음, 자본금: $5095.93
2026-01-20 20:57:48,912 - INFO - [지표] ADX=nan, Bull=nan, Bear=nan
2026-01-20 21:00:00,093 - INFO - [EMA] 증분계산: prev=91326.19, close=91185.8, new=91315.39
2026-01-20 21:00:00,103 - INFO - 15m | 11:45 | O:91300.0 H:91305.0 L:91167.8 C:91185.8
2026-01-20 21:00:00,103 - INFO - 지표: ADX=42.0, ATR=196.3, Bull=False, Bear=True
2026-01-20 21:00:00,104 - INFO - [LIVE] SHORT 신호 감지!
2026-01-20 21:00:00,104 - INFO - ==================================================
2026-01-20 21:00:00,104 - INFO - [LIVE] SHORT 진입 준비
2026-01-20 21:00:00,104 - INFO - 진입가: $91185.80
2026-01-20 21:00:00,104 - INFO - 손절가: $92233.20 (1.15%)
2026-01-20 21:00:00,104 - INFO - 익절가: $90250.37 (1.03%)
2026-01-20 21:00:00,104 - INFO - 레버리지: 5.61x
2026-01-20 21:00:00,104 - INFO - 포지션 크기: 0.313516 BTC ($28588.17)
2026-01-20 21:00:00,104 - INFO - ==================================================
2026-01-20 21:00:00,217 - INFO - Leverage 설정: 5x
2026-01-20 21:00:01,410 - ERROR - 시장가 주문 실패: APIError(code=-2019): Margin is insufficient.
2026-01-20 21:00:01,410 - ERROR - 시장가 진입 실패
2026-01-20 21:02:48,912 - INFO - [상태] 포지션 없음, 자본금: $5095.93
2026-01-20 21:02:48,912 - INFO - [지표] ADX=nan, Bull=nan, Bear=nan
2026-01-20 21:07:48,914 - INFO - [상태] 포지션 없음, 자본금: $5095.93
2026-01-20 21:07:48,914 - INFO - [지표] ADX=nan, Bull=nan, Bear=nan
2026-01-20 21:12:38,913 - INFO - === 로그 파일 시작: logs/hyper_usdt_2026-01-20.log ===
2026-01-20 21:12:38,914 - INFO - ======================================================================
2026-01-20 21:12:38,914 - INFO - Hyper Scalper V2 Live Trading 시작 (BTCUSDT)
2026-01-20 21:12:38,914 - INFO - 심볼: BTCUSDT, 타임프레임: 15m
2026-01-20 21:12:38,914 - INFO - ======================================================================
2026-01-20 21:12:38,974 - INFO - ============================================================
2026-01-20 21:12:38,974 - INFO - Hyper Scalper V2 Strategy 초기화
2026-01-20 21:12:38,974 - INFO - *** LIVE 거래 모드 ***
2026-01-20 21:12:38,975 - WARNING - *** 실제 자금으로 거래합니다! ***
2026-01-20 21:12:38,975 - INFO - ============================================================
2026-01-20 21:12:38,975 - INFO - 상태 파일 없음 - 새로 시작
2026-01-20 21:12:39,049 - INFO - 초기 자본 설정 (USDT): $4827.72 (잔고 $5364.14의 90%)
2026-01-20 21:12:39,049 - INFO - 상태 파일 없음 - 새로 시작
2026-01-20 21:12:39,049 - INFO - 새로운 거래 세션 시작
2026-01-20 21:12:39,049 - INFO - 과거 15분봉 데이터 로드 중...
2026-01-20 21:12:39,116 - INFO - 과거 데이터 로드 완료: 500개 캔들
2026-01-20 21:12:39,116 - INFO - 15분봉 로드 완료: 500개
2026-01-20 21:12:39,116 - INFO - 현재 지표: EMA25=91315.39, EMA100=92204.67, EMA200=92965.01, ADX=41.97, ATR=196.34
2026-01-20 21:12:39,143 - INFO - 초기 지표 저장 완료: 500개 → trades/indicators_hyper_usdt.csv
2026-01-20 21:12:39,143 - INFO - 모든 태스크 시작 완료
2026-01-20 21:12:39,143 - INFO - 초기 자본금: $4827.72
2026-01-20 21:12:39,269 - INFO - 웹소켓 연결: BTCUSDT (15분봉)
2026-01-20 21:15:00,191 - INFO - [EMA] 증분계산: prev=91315.39, close=91240.9, new=91309.66
2026-01-20 21:15:00,201 - INFO - 15m | 12:00 | O:91185.8 H:91293.7 L:91143.6 C:91240.9
2026-01-20 21:15:00,201 - INFO - 지표: ADX=41.0, ATR=191.7, Bull=False, Bear=True
2026-01-20 21:15:00,201 - INFO - [LIVE] SHORT 신호 감지!
2026-01-20 21:15:00,201 - INFO - ==================================================
2026-01-20 21:15:00,201 - INFO - [LIVE] SHORT 진입 준비
2026-01-20 21:15:00,201 - INFO - 진입가: $91240.90
2026-01-20 21:15:00,201 - INFO - 손절가: $92042.10 (0.88%)
2026-01-20 21:15:00,201 - INFO - 익절가: $90325.30 (1.00%)
2026-01-20 21:15:00,201 - INFO - 레버리지: 7.16x
2026-01-20 21:15:00,201 - INFO - 포지션 크기: 0.378849 BTC ($34566.51)
2026-01-20 21:15:00,201 - INFO - ==================================================
2026-01-20 21:15:00,290 - INFO - Leverage 설정: 7x
2026-01-20 21:15:00,334 - INFO - Market Order 체결: SHORT 0.379
2026-01-20 21:15:00,900 - INFO - 실제 체결가: $91240.80, 수량: 0.379000
2026-01-20 21:15:01,079 - INFO - LIMIT Close 주문: SHORT 0.379 @ $90325.2, ID: 887327324343
2026-01-20 21:15:01,079 - INFO - TP 주문 설정: $90325.20
2026-01-20 21:15:01,152 - INFO - STOP_MARKET 주문 (Algo): $92042.1, AlgoID: 3000000354366663
2026-01-20 21:15:01,152 - INFO - SL 주문 설정: $92042.10
2026-01-20 21:15:01,153 - INFO - 거래 기록 저장: ENTRY @ $91240.80
2026-01-20 21:15:01,153 - INFO - [LIVE] SHORT 진입 완료!
2026-01-20 21:17:39,188 - INFO - [상태] 포지션: SHORT, 진입가: $91240.80, 현재가: $91220.10, 미실현PnL: $7.85
2026-01-20 21:17:39,189 - INFO - [지표] ADX=nan, Bull=nan, Bear=nan
2026-01-20 21:22:39,232 - INFO - [상태] 포지션: SHORT, 진입가: $91240.80, 현재가: $91060.00, 미실현PnL: $68.52
2026-01-20 21:22:39,232 - INFO - [지표] ADX=nan, Bull=nan, Bear=nan
2026-01-20 21:27:39,275 - INFO - [상태] 포지션: SHORT, 진입가: $91240.80, 현재가: $91129.00, 미실현PnL: $42.37
2026-01-20 21:27:39,275 - INFO - [지표] ADX=nan, Bull=nan, Bear=nan
2026-01-20 21:30:00,419 - INFO - [EMA] 증분계산: prev=91309.66, close=91111.2, new=91294.40
2026-01-20 21:30:00,428 - INFO - 15m | 12:15 | O:91240.9 H:91267.8 L:91017.7 C:91111.2
2026-01-20 21:30:00,428 - INFO - 지표: ADX=40.6, ATR=197.6, Bull=False, Bear=True
2026-01-20 21:32:39,321 - INFO - [상태] 포지션: SHORT, 진입가: $91240.80, 현재가: $91151.80, 미실현PnL: $33.73
2026-01-20 21:32:39,321 - INFO - [지표] ADX=nan, Bull=nan, Bear=nan
2026-01-20 21:37:39,364 - INFO - [상태] 포지션: SHORT, 진입가: $91240.80, 현재가: $91140.00, 미실현PnL: $38.20
2026-01-20 21:37:39,365 - INFO - [지표] ADX=nan, Bull=nan, Bear=nan
2026-01-20 21:42:39,407 - INFO - [상태] 포지션: SHORT, 진입가: $91240.80, 현재가: $91182.20, 미실현PnL: $22.21
2026-01-20 21:42:39,408 - INFO - [지표] ADX=nan, Bull=nan, Bear=nan
2026-01-20 21:45:00,098 - INFO - [EMA] 증분계산: prev=91294.40, close=91130.5, new=91281.79
2026-01-20 21:45:00,108 - INFO - 15m | 12:30 | O:91111.1 H:91193.5 L:91111.1 C:91130.5
2026-01-20 21:45:00,108 - INFO - 지표: ADX=40.3, ATR=186.0, Bull=False, Bear=True
2026-01-20 21:47:39,450 - INFO - [상태] 포지션: SHORT, 진입가: $91240.80, 현재가: $91142.90, 미실현PnL: $37.10
2026-01-20 21:47:39,450 - INFO - [지표] ADX=nan, Bull=nan, Bear=nan
2026-01-20 21:52:39,490 - INFO - [상태] 포지션: SHORT, 진입가: $91240.80, 현재가: $91175.40, 미실현PnL: $24.79
2026-01-20 21:52:39,491 - INFO - [지표] ADX=nan, Bull=nan, Bear=nan
2026-01-20 21:57:39,534 - INFO - [상태] 포지션: SHORT, 진입가: $91240.80, 현재가: $91216.20, 미실현PnL: $9.32
2026-01-20 21:57:39,535 - INFO - [지표] ADX=nan, Bull=nan, Bear=nan
2026-01-20 22:00:00,030 - INFO - [EMA] 증분계산: prev=91281.79, close=91240.0, new=91278.57
2026-01-20 22:00:00,040 - INFO - 15m | 12:45 | O:91130.6 H:91248.5 L:91121.1 C:91240.0
2026-01-20 22:00:00,040 - INFO - 지표: ADX=39.4, ATR=180.2, Bull=False, Bear=True
2026-01-20 22:02:39,575 - INFO - [상태] 포지션: SHORT, 진입가: $91240.80, 현재가: $91179.00, 미실현PnL: $23.42
2026-01-20 22:02:39,576 - INFO - [지표] ADX=nan, Bull=nan, Bear=nan
2026-01-20 22:07:39,617 - INFO - [상태] 포지션: SHORT, 진입가: $91240.80, 현재가: $91014.00, 미실현PnL: $85.96
2026-01-20 22:07:39,617 - INFO - [지표] ADX=nan, Bull=nan, Bear=nan
2026-01-20 22:12:39,658 - INFO - [상태] 포지션: SHORT, 진입가: $91240.80, 현재가: $90868.70, 미실현PnL: $141.03
2026-01-20 22:12:39,659 - INFO - [지표] ADX=nan, Bull=nan, Bear=nan
2026-01-20 22:15:00,174 - INFO - [EMA] 증분계산: prev=91278.57, close=90880.0, new=91247.91
2026-01-20 22:15:00,184 - INFO - 15m | 13:00 | O:91240.0 H:91250.0 L:90827.1 C:90880.0
2026-01-20 22:15:00,184 - INFO - 지표: ADX=39.8, ATR=204.4, Bull=False, Bear=True
2026-01-20 22:17:39,698 - INFO - [상태] 포지션: SHORT, 진입가: $91240.80, 현재가: $90961.20, 미실현PnL: $105.97
2026-01-20 22:17:39,698 - INFO - [지표] ADX=nan, Bull=nan, Bear=nan
2026-01-20 22:22:39,738 - INFO - [상태] 포지션: SHORT, 진입가: $91240.80, 현재가: $90928.70, 미실현PnL: $118.29
2026-01-20 22:22:39,739 - INFO - [지표] ADX=nan, Bull=nan, Bear=nan
2026-01-20 22:27:39,780 - INFO - [상태] 포지션: SHORT, 진입가: $91240.80, 현재가: $90895.20, 미실현PnL: $130.98
2026-01-20 22:27:39,781 - INFO - [지표] ADX=nan, Bull=nan, Bear=nan
2026-01-20 22:30:00,069 - INFO - [EMA] 증분계산: prev=91247.91, close=90838.4, new=91216.41
2026-01-20 22:30:00,075 - INFO - 15m | 13:15 | O:90880.1 H:91023.9 L:90838.3 C:90838.4
2026-01-20 22:30:00,075 - INFO - 지표: ADX=40.2, ATR=202.6, Bull=False, Bear=True
2026-01-20 22:32:39,838 - INFO - [상태] 포지션: SHORT, 진입가: $91240.80, 현재가: $90892.20, 미실현PnL: $132.12
2026-01-20 22:32:39,838 - INFO - [지표] ADX=nan, Bull=nan, Bear=nan
2026-01-20 22:37:39,880 - INFO - [상태] 포지션: SHORT, 진입가: $91240.80, 현재가: $90932.90, 미실현PnL: $116.69
2026-01-20 22:37:39,880 - INFO - [지표] ADX=nan, Bull=nan, Bear=nan
2026-01-20 22:42:39,923 - INFO - [상태] 포지션: SHORT, 진입가: $91240.80, 현재가: $90967.80, 미실현PnL: $103.47
2026-01-20 22:42:39,923 - INFO - [지표] ADX=nan, Bull=nan, Bear=nan
2026-01-20 22:45:00,053 - INFO - [EMA] 증분계산: prev=91216.41, close=90978.6, new=91198.12
2026-01-20 22:45:00,062 - INFO - 15m | 13:30 | O:90838.3 H:91078.4 L:90735.0 C:90978.6
2026-01-20 22:45:00,062 - INFO - 지표: ADX=40.9, ATR=216.6, Bull=False, Bear=True
2026-01-20 22:47:39,966 - INFO - [상태] 포지션: SHORT, 진입가: $91240.80, 현재가: $90942.50, 미실현PnL: $113.06
2026-01-20 22:47:39,967 - INFO - [지표] ADX=nan, Bull=nan, Bear=nan
2026-01-20 22:52:40,008 - INFO - [상태] 포지션: SHORT, 진입가: $91240.80, 현재가: $90989.50, 미실현PnL: $95.24
2026-01-20 22:52:40,008 - INFO - [지표] ADX=nan, Bull=nan, Bear=nan
2026-01-20 22:57:40,052 - INFO - [상태] 포지션: SHORT, 진입가: $91240.80, 현재가: $90917.90, 미실현PnL: $122.38
2026-01-20 22:57:40,053 - INFO - [지표] ADX=nan, Bull=nan, Bear=nan
2026-01-20 23:00:00,281 - INFO - [EMA] 증분계산: prev=91198.12, close=90918.9, new=91176.64
2026-01-20 23:00:00,288 - INFO - 15m | 13:45 | O:90978.6 H:91023.4 L:90877.6 C:90918.9
2026-01-20 23:00:00,288 - INFO - 지표: ADX=41.5, ATR=209.6, Bull=False, Bear=True
2026-01-20 23:02:40,093 - INFO - [상태] 포지션: SHORT, 진입가: $91240.80, 현재가: $91027.50, 미실현PnL: $80.84
2026-01-20 23:02:40,094 - INFO - [지표] ADX=nan, Bull=nan, Bear=nan
2026-01-20 23:07:40,142 - INFO - [상태] 포지션: SHORT, 진입가: $91240.80, 현재가: $91102.70, 미실현PnL: $52.34
2026-01-20 23:07:40,142 - INFO - [지표] ADX=nan, Bull=nan, Bear=nan
2026-01-20 23:12:40,183 - INFO - [상태] 포지션: SHORT, 진입가: $91240.80, 현재가: $91055.70, 미실현PnL: $70.15
2026-01-20 23:12:40,184 - INFO - [지표] ADX=nan, Bull=nan, Bear=nan
2026-01-20 23:15:00,280 - INFO - [EMA] 증분계산: prev=91176.64, close=91058.4, new=91167.55
2026-01-20 23:15:00,286 - INFO - 15m | 14:00 | O:90919.0 H:91102.9 L:90916.6 C:91058.4
2026-01-20 23:15:00,286 - INFO - 지표: ADX=41.4, ATR=207.2, Bull=False, Bear=True
2026-01-20 23:17:40,225 - INFO - [상태] 포지션: SHORT, 진입가: $91240.80, 현재가: $90926.30, 미실현PnL: $119.20
2026-01-20 23:17:40,226 - INFO - [지표] ADX=nan, Bull=nan, Bear=nan
2026-01-20 23:22:40,268 - INFO - [상태] 포지션: SHORT, 진입가: $91240.80, 현재가: $90929.60, 미실현PnL: $117.94
2026-01-20 23:22:40,268 - INFO - [지표] ADX=nan, Bull=nan, Bear=nan
2026-01-20 23:27:40,315 - INFO - [상태] 포지션: SHORT, 진입가: $91240.80, 현재가: $90936.90, 미실현PnL: $115.18
2026-01-20 23:27:40,315 - INFO - [지표] ADX=nan, Bull=nan, Bear=nan
2026-01-20 23:30:00,031 - INFO - [EMA] 증분계산: prev=91167.55, close=90946.6, new=91150.55
2026-01-20 23:30:00,040 - INFO - 15m | 14:15 | O:91058.4 H:91058.4 L:90680.3 C:90946.6
2026-01-20 23:30:00,041 - INFO - 지표: ADX=42.0, ATR=224.3, Bull=False, Bear=True
2026-01-20 23:32:40,358 - INFO - [상태] 포지션: SHORT, 진입가: $91240.80, 현재가: $90834.30, 미실현PnL: $154.06
2026-01-20 23:32:40,358 - INFO - [지표] ADX=nan, Bull=nan, Bear=nan
2026-01-20 23:37:40,398 - INFO - [상태] 포지션: SHORT, 진입가: $91240.80, 현재가: $90804.70, 미실현PnL: $165.28
2026-01-20 23:37:40,398 - INFO - [지표] ADX=nan, Bull=nan, Bear=nan
2026-01-20 23:42:40,438 - INFO - [상태] 포지션: SHORT, 진입가: $91240.80, 현재가: $90853.40, 미실현PnL: $146.82
2026-01-20 23:42:40,439 - INFO - [지표] ADX=nan, Bull=nan, Bear=nan
2026-01-20 23:45:00,068 - INFO - [EMA] 증분계산: prev=91150.55, close=91027.2, new=91141.06
2026-01-20 23:45:00,074 - INFO - 15m | 14:30 | O:90946.7 H:91344.8 L:90635.0 C:91027.2
2026-01-20 23:45:00,074 - INFO - 지표: ADX=40.5, ATR=272.9, Bull=False, Bear=True
2026-01-20 23:47:40,481 - INFO - [상태] 포지션: SHORT, 진입가: $91240.80, 현재가: $90610.40, 미실현PnL: $238.92
2026-01-20 23:47:40,481 - INFO - [지표] ADX=nan, Bull=nan, Bear=nan
2026-01-20 23:48:22,314 - INFO - [LIVE] TP 체결 감지: $90325.20
2026-01-20 23:48:22,314 - INFO - [LIVE] TP 청산: PnL=$347.01, 수수료=$24.1368, 순익=$322.88
2026-01-20 23:48:22,314 - INFO - [LIVE] 자본금 업데이트: $4827.72 → $5150.60
2026-01-20 23:48:22,358 - INFO - 모든 대기 주문 취소 완료
2026-01-20 23:48:22,912 - WARNING - [자본금 동기화] 로컬: $5150.60 → 사용가능: $5118.31 (실제 잔고 $5687.01의 90%)
2026-01-20 23:48:22,912 - INFO - 거래 기록 저장: TP @ $90325.20
2026-01-20 23:52:40,482 - INFO - [상태] 포지션 없음, 자본금: $5118.31
2026-01-20 23:52:40,482 - INFO - [지표] ADX=nan, Bull=nan, Bear=nan
2026-01-20 23:57:40,484 - INFO - [상태] 포지션 없음, 자본금: $5118.31
2026-01-20 23:57:40,484 - INFO - [지표] ADX=nan, Bull=nan, Bear=nan
2026-01-21 00:00:00,087 - INFO - [EMA] 증분계산: prev=91141.06, close=90496.7, new=91091.50
2026-01-21 00:00:00,097 - INFO - 15m | 14:45 | O:91027.3 H:91028.9 L:90228.0 C:90496.7
2026-01-21 00:00:00,097 - INFO - 지표: ADX=40.4, ATR=325.7, Bull=False, Bear=True
2026-01-21 00:00:00,098 - INFO - [LIVE] SHORT 신호 감지!
2026-01-21 00:00:00,098 - INFO - ==================================================
2026-01-21 00:00:00,098 - INFO - [LIVE] SHORT 진입 준비
2026-01-21 00:00:00,098 - INFO - 진입가: $90496.70
2026-01-21 00:00:00,098 - INFO - 손절가: $91415.10 (1.01%)
2026-01-21 00:00:00,098 - INFO - 익절가: $89005.82 (1.65%)
2026-01-21 00:00:00,098 - INFO - 레버리지: 6.28x
2026-01-21 00:00:00,098 - INFO - 포지션 크기: 0.355184 BTC ($32143.00)
2026-01-21 00:00:00,098 - INFO - ==================================================
2026-01-21 00:00:00,226 - INFO - Leverage 설정: 6x
2026-01-21 00:00:00,273 - INFO - Market Order 체결: SHORT 0.355
2026-01-21 00:00:01,726 - INFO - 실제 체결가: $90476.50, 수량: 0.355000
2026-01-21 00:00:01,832 - INFO - LIMIT Close 주문: SHORT 0.355 @ $88985.6, ID: 887425458795
2026-01-21 00:00:01,832 - INFO - TP 주문 설정: $88985.64
2026-01-21 00:00:01,884 - INFO - STOP_MARKET 주문 (Algo): $91415.1, AlgoID: 3000000355861229
2026-01-21 00:00:01,884 - INFO - SL 주문 설정: $91415.10
2026-01-21 00:00:01,884 - INFO - 거래 기록 저장: ENTRY @ $90476.50
2026-01-21 00:00:01,884 - INFO - [LIVE] SHORT 진입 완료!
2026-01-21 00:02:40,526 - INFO - [상태] 포지션: SHORT, 진입가: $90476.50, 현재가: $90408.90, 미실현PnL: $24.00
2026-01-21 00:02:40,527 - INFO - [지표] ADX=nan, Bull=nan, Bear=nan
2026-01-21 00:07:40,574 - INFO - [상태] 포지션: SHORT, 진입가: $90476.50, 현재가: $90187.80, 미실현PnL: $102.49
2026-01-21 00:07:40,574 - INFO - [지표] ADX=nan, Bull=nan, Bear=nan
2026-01-21 00:12:40,616 - INFO - [상태] 포지션: SHORT, 진입가: $90476.50, 현재가: $90329.70, 미실현PnL: $52.11
2026-01-21 00:12:40,616 - INFO - [지표] ADX=nan, Bull=nan, Bear=nan
2026-01-21 00:15:00,073 - INFO - [EMA] 증분계산: prev=91091.50, close=90270.2, new=91028.32
2026-01-21 00:15:00,083 - INFO - 15m | 15:00 | O:90496.6 H:90566.4 L:89819.0 C:90270.2
2026-01-21 00:15:00,083 - INFO - 지표: ADX=41.2, ATR=367.8, Bull=False, Bear=True
2026-01-21 00:17:40,656 - INFO - [상태] 포지션: SHORT, 진입가: $90476.50, 현재가: $90421.40, 미실현PnL: $19.56
2026-01-21 00:17:40,657 - INFO - [지표] ADX=nan, Bull=nan, Bear=nan
2026-01-21 00:22:40,701 - INFO - [상태] 포지션: SHORT, 진입가: $90476.50, 현재가: $90450.00, 미실현PnL: $9.41
2026-01-21 00:22:40,701 - INFO - [지표] ADX=nan, Bull=nan, Bear=nan
2026-01-21 00:27:40,742 - INFO - [상태] 포지션: SHORT, 진입가: $90476.50, 현재가: $90556.70, 미실현PnL: $-28.47
2026-01-21 00:27:40,743 - INFO - [지표] ADX=nan, Bull=nan, Bear=nan
2026-01-21 00:30:00,082 - INFO - [EMA] 증분계산: prev=91028.32, close=90593.0, new=90994.83
2026-01-21 00:30:00,092 - INFO - 15m | 15:15 | O:90270.2 H:90707.6 L:89973.8 C:90593.0
2026-01-21 00:30:00,092 - INFO - 지표: ADX=41.2, ATR=404.4, Bull=False, Bear=True
2026-01-21 00:32:40,783 - INFO - [상태] 포지션: SHORT, 진입가: $90476.50, 현재가: $90594.90, 미실현PnL: $-42.03
2026-01-21 00:32:40,783 - INFO - [지표] ADX=nan, Bull=nan, Bear=nan
2026-01-21 00:37:40,825 - INFO - [상태] 포지션: SHORT, 진입가: $90476.50, 현재가: $90660.50, 미실현PnL: $-65.32
2026-01-21 00:37:40,825 - INFO - [지표] ADX=nan, Bull=nan, Bear=nan
2026-01-21 00:42:40,866 - INFO - [상태] 포지션: SHORT, 진입가: $90476.50, 현재가: $90532.70, 미실현PnL: $-19.95
2026-01-21 00:42:40,866 - INFO - [지표] ADX=nan, Bull=nan, Bear=nan
2026-01-21 00:45:00,078 - INFO - [EMA] 증분계산: prev=90994.83, close=90499.2, new=90956.71
2026-01-21 00:45:00,088 - INFO - 15m | 15:30 | O:90592.9 H:90769.4 L:90485.9 C:90499.2
2026-01-21 00:45:00,088 - INFO - 지표: ADX=40.9, ATR=392.3, Bull=False, Bear=True
2026-01-21 00:47:40,908 - INFO - [상태] 포지션: SHORT, 진입가: $90476.50, 현재가: $90462.00, 미실현PnL: $5.15
2026-01-21 00:47:40,909 - INFO - [지표] ADX=nan, Bull=nan, Bear=nan
2026-01-21 00:52:40,950 - INFO - [상태] 포지션: SHORT, 진입가: $90476.50, 현재가: $90421.00, 미실현PnL: $19.70
2026-01-21 00:52:40,950 - INFO - [지표] ADX=nan, Bull=nan, Bear=nan
2026-01-21 00:57:40,990 - INFO - [상태] 포지션: SHORT, 진입가: $90476.50, 현재가: $90454.40, 미실현PnL: $7.85
2026-01-21 00:57:40,990 - INFO - [지표] ADX=nan, Bull=nan, Bear=nan
2026-01-21 01:00:00,021 - INFO - [EMA] 증분계산: prev=90956.71, close=90644.2, new=90932.67
2026-01-21 01:00:00,031 - INFO - 15m | 15:45 | O:90499.2 H:90650.0 L:90320.0 C:90644.2
2026-01-21 01:00:00,031 - INFO - 지표: ADX=40.9, ATR=386.1, Bull=False, Bear=True
2026-01-21 01:02:41,033 - INFO - [상태] 포지션: SHORT, 진입가: $90476.50, 현재가: $90720.40, 미실현PnL: $-86.58
2026-01-21 01:02:41,034 - INFO - [지표] ADX=nan, Bull=nan, Bear=nan
2026-01-21 01:07:41,077 - INFO - [상태] 포지션: SHORT, 진입가: $90476.50, 현재가: $90639.50, 미실현PnL: $-57.86
2026-01-21 01:07:41,077 - INFO - [지표] ADX=nan, Bull=nan, Bear=nan
2026-01-21 01:12:41,120 - INFO - [상태] 포지션: SHORT, 진입가: $90476.50, 현재가: $90818.70, 미실현PnL: $-121.48
2026-01-21 01:12:41,120 - INFO - [지표] ADX=nan, Bull=nan, Bear=nan
2026-01-21 01:15:00,341 - INFO - [EMA] 증분계산: prev=90932.67, close=90718.0, new=90916.16
2026-01-21 01:15:00,351 - INFO - 15m | 16:00 | O:90644.3 H:90824.8 L:90473.6 C:90718.0
2026-01-21 01:15:00,351 - INFO - 지표: ADX=40.1, ATR=382.6, Bull=False, Bear=True
2026-01-21 01:17:41,160 - INFO - [상태] 포지션: SHORT, 진입가: $90476.50, 현재가: $90818.60, 미실현PnL: $-121.45
2026-01-21 01:17:41,160 - INFO - [지표] ADX=nan, Bull=nan, Bear=nan
2026-01-21 01:22:41,201 - INFO - [상태] 포지션: SHORT, 진입가: $90476.50, 현재가: $90756.60, 미실현PnL: $-99.44
2026-01-21 01:22:41,202 - INFO - [지표] ADX=nan, Bull=nan, Bear=nan
2026-01-21 01:27:41,243 - INFO - [상태] 포지션: SHORT, 진입가: $90476.50, 현재가: $90580.70, 미실현PnL: $-36.99
2026-01-21 01:27:41,244 - INFO - [지표] ADX=nan, Bull=nan, Bear=nan
2026-01-21 01:30:00,173 - INFO - [EMA] 증분계산: prev=90916.16, close=90576.7, new=90890.04
2026-01-21 01:30:00,180 - INFO - 15m | 16:15 | O:90717.9 H:90944.5 L:90518.8 C:90576.7
2026-01-21 01:30:00,180 - INFO - 지표: ADX=38.8, ATR=386.9, Bull=False, Bear=True
2026-01-21 01:32:41,285 - INFO - [상태] 포지션: SHORT, 진입가: $90476.50, 현재가: $90500.30, 미실현PnL: $-8.45
2026-01-21 01:32:41,285 - INFO - [지표] ADX=nan, Bull=nan, Bear=nan
2026-01-21 01:37:41,327 - INFO - [상태] 포지션: SHORT, 진입가: $90476.50, 현재가: $90406.50, 미실현PnL: $24.85
2026-01-21 01:37:41,327 - INFO - [지표] ADX=nan, Bull=nan, Bear=nan
2026-01-21 01:42:41,368 - INFO - [상태] 포지션: SHORT, 진입가: $90476.50, 현재가: $90107.70, 미실현PnL: $130.92
2026-01-21 01:42:41,368 - INFO - [지표] ADX=nan, Bull=nan, Bear=nan
2026-01-21 01:45:00,061 - INFO - [EMA] 증분계산: prev=90890.04, close=90090.0, new=90828.50
2026-01-21 01:45:00,071 - INFO - 15m | 16:30 | O:90576.7 H:90608.8 L:90055.0 C:90090.0
2026-01-21 01:45:00,071 - INFO - 지표: ADX=38.7, ATR=403.6, Bull=False, Bear=True
2026-01-21 01:47:41,409 - INFO - [상태] 포지션: SHORT, 진입가: $90476.50, 현재가: $90116.00, 미실현PnL: $127.98
2026-01-21 01:47:41,409 - INFO - [지표] ADX=nan, Bull=nan, Bear=nan
2026-01-21 01:52:41,451 - INFO - [상태] 포지션: SHORT, 진입가: $90476.50, 현재가: $90100.30, 미실현PnL: $133.55
2026-01-21 01:52:41,451 - INFO - [지표] ADX=nan, Bull=nan, Bear=nan
2026-01-21 01:57:41,492 - INFO - [상태] 포지션: SHORT, 진입가: $90476.50, 현재가: $90140.70, 미실현PnL: $119.21
2026-01-21 01:57:41,493 - INFO - [지표] ADX=nan, Bull=nan, Bear=nan
2026-01-21 02:00:00,190 - INFO - [EMA] 증분계산: prev=90828.50, close=90131.9, new=90774.92
2026-01-21 02:00:00,197 - INFO - 15m | 16:45 | O:90090.0 H:90214.5 L:89982.9 C:90131.9
2026-01-21 02:00:00,197 - INFO - 지표: ADX=38.8, ATR=386.4, Bull=False, Bear=True
2026-01-21 02:02:41,535 - INFO - [상태] 포지션: SHORT, 진입가: $90476.50, 현재가: $90058.50, 미실현PnL: $148.39
2026-01-21 02:02:41,535 - INFO - [지표] ADX=nan, Bull=nan, Bear=nan
2026-01-21 02:07:41,576 - INFO - [상태] 포지션: SHORT, 진입가: $90476.50, 현재가: $90430.10, 미실현PnL: $16.47
2026-01-21 02:07:41,576 - INFO - [지표] ADX=nan, Bull=nan, Bear=nan
2026-01-21 02:12:41,618 - INFO - [상태] 포지션: SHORT, 진입가: $90476.50, 현재가: $90390.60, 미실현PnL: $30.49
2026-01-21 02:12:41,618 - INFO - [지표] ADX=nan, Bull=nan, Bear=nan
2026-01-21 02:15:00,078 - INFO - [EMA] 증분계산: prev=90774.92, close=90421.6, new=90747.74
2026-01-21 02:15:00,087 - INFO - 15m | 17:00 | O:90131.8 H:90454.8 L:90026.7 C:90421.6
2026-01-21 02:15:00,087 - INFO - 지표: ADX=37.8, ATR=390.6, Bull=False, Bear=True
2026-01-21 02:17:41,659 - INFO - [상태] 포지션: SHORT, 진입가: $90476.50, 현재가: $90341.60, 미실현PnL: $47.89
2026-01-21 02:17:41,660 - INFO - [지표] ADX=nan, Bull=nan, Bear=nan
2026-01-21 02:22:41,702 - INFO - [상태] 포지션: SHORT, 진입가: $90476.50, 현재가: $90263.90, 미실현PnL: $75.47
2026-01-21 02:22:41,703 - INFO - [지표] ADX=nan, Bull=nan, Bear=nan
2026-01-21 02:27:41,743 - INFO - [상태] 포지션: SHORT, 진입가: $90476.50, 현재가: $90156.40, 미실현PnL: $113.64
2026-01-21 02:27:41,743 - INFO - [지표] ADX=nan, Bull=nan, Bear=nan
2026-01-21 02:30:00,051 - INFO - [EMA] 증분계산: prev=90747.74, close=90169.4, new=90703.25
2026-01-21 02:30:00,061 - INFO - 15m | 17:15 | O:90421.6 H:90472.2 L:90148.8 C:90169.4
2026-01-21 02:30:00,061 - INFO - 지표: ADX=36.8, ATR=383.9, Bull=False, Bear=True
2026-01-21 02:32:41,782 - INFO - [상태] 포지션: SHORT, 진입가: $90476.50, 현재가: $90072.40, 미실현PnL: $143.46
2026-01-21 02:32:41,783 - INFO - [지표] ADX=nan, Bull=nan, Bear=nan
2026-01-21 02:37:41,824 - INFO - [상태] 포지션: SHORT, 진입가: $90476.50, 현재가: $89688.20, 미실현PnL: $279.85
2026-01-21 02:37:41,825 - INFO - [지표] ADX=nan, Bull=nan, Bear=nan
2026-01-21 02:42:41,865 - INFO - [상태] 포지션: SHORT, 진입가: $90476.50, 현재가: $89709.70, 미실현PnL: $272.21
2026-01-21 02:42:41,866 - INFO - [지표] ADX=nan, Bull=nan, Bear=nan
2026-01-21 02:45:00,027 - INFO - [EMA] 증분계산: prev=90703.25, close=89646.9, new=90621.99
2026-01-21 02:45:00,037 - INFO - 15m | 17:30 | O:90169.4 H:90171.4 L:89639.3 C:89646.9
2026-01-21 02:45:00,037 - INFO - 지표: ADX=37.0, ATR=398.7, Bull=False, Bear=True
2026-01-21 02:47:41,910 - INFO - [상태] 포지션: SHORT, 진입가: $90476.50, 현재가: $89509.30, 미실현PnL: $343.36
2026-01-21 02:47:41,910 - INFO - [지표] ADX=nan, Bull=nan, Bear=nan
2026-01-21 02:52:41,952 - INFO - [상태] 포지션: SHORT, 진입가: $90476.50, 현재가: $89488.90, 미실현PnL: $350.60
2026-01-21 02:52:41,952 - INFO - [지표] ADX=nan, Bull=nan, Bear=nan
2026-01-21 02:57:41,992 - INFO - [상태] 포지션: SHORT, 진입가: $90476.50, 현재가: $89757.10, 미실현PnL: $255.39
2026-01-21 02:57:41,992 - INFO - [지표] ADX=nan, Bull=nan, Bear=nan
2026-01-21 03:00:00,147 - INFO - [EMA] 증분계산: prev=90621.99, close=89739.6, new=90554.12
2026-01-21 03:00:00,154 - INFO - 15m | 17:45 | O:89647.0 H:89804.6 L:89388.8 C:89739.6
2026-01-21 03:00:00,154 - INFO - 지표: ADX=37.5, ATR=400.4, Bull=False, Bear=True
2026-01-21 03:02:42,032 - INFO - [상태] 포지션: SHORT, 진입가: $90476.50, 현재가: $89838.40, 미실현PnL: $226.53
2026-01-21 03:02:42,032 - INFO - [지표] ADX=nan, Bull=nan, Bear=nan
2026-01-21 03:07:42,072 - INFO - [상태] 포지션: SHORT, 진입가: $90476.50, 현재가: $89831.20, 미실현PnL: $229.08
2026-01-21 03:07:42,072 - INFO - [지표] ADX=nan, Bull=nan, Bear=nan
2026-01-21 03:12:42,115 - INFO - [상태] 포지션: SHORT, 진입가: $90476.50, 현재가: $89795.20, 미실현PnL: $241.86
2026-01-21 03:12:42,115 - INFO - [지표] ADX=nan, Bull=nan, Bear=nan
2026-01-21 03:15:00,176 - INFO - [EMA] 증분계산: prev=90554.12, close=89874.8, new=90501.86
2026-01-21 03:15:00,186 - INFO - 15m | 18:00 | O:89739.6 H:89879.4 L:89640.8 C:89874.8
2026-01-21 03:15:00,186 - INFO - 지표: ADX=37.8, ATR=384.2, Bull=False, Bear=True
2026-01-21 03:17:42,157 - INFO - [상태] 포지션: SHORT, 진입가: $90476.50, 현재가: $89893.50, 미실현PnL: $206.97
2026-01-21 03:17:42,157 - INFO - [지표] ADX=nan, Bull=nan, Bear=nan
2026-01-21 03:22:42,199 - INFO - [상태] 포지션: SHORT, 진입가: $90476.50, 현재가: $89675.50, 미실현PnL: $284.35
2026-01-21 03:22:42,200 - INFO - [지표] ADX=nan, Bull=nan, Bear=nan
2026-01-21 03:27:42,240 - INFO - [상태] 포지션: SHORT, 진입가: $90476.50, 현재가: $89831.10, 미실현PnL: $229.12
2026-01-21 03:27:42,241 - INFO - [지표] ADX=nan, Bull=nan, Bear=nan
2026-01-21 03:30:00,210 - INFO - [EMA] 증분계산: prev=90501.86, close=89702.9, new=90440.40
2026-01-21 03:30:00,220 - INFO - 15m | 18:15 | O:89874.7 H:89924.8 L:89608.3 C:89702.9
2026-01-21 03:30:00,220 - INFO - 지표: ADX=37.8, ATR=377.4, Bull=False, Bear=True
2026-01-21 03:32:42,283 - INFO - [상태] 포지션: SHORT, 진입가: $90476.50, 현재가: $89683.40, 미실현PnL: $281.55
2026-01-21 03:32:42,283 - INFO - [지표] ADX=nan, Bull=nan, Bear=nan
2026-01-21 03:37:42,325 - INFO - [상태] 포지션: SHORT, 진입가: $90476.50, 현재가: $89540.80, 미실현PnL: $332.17
2026-01-21 03:37:42,325 - INFO - [지표] ADX=nan, Bull=nan, Bear=nan
2026-01-21 03:42:42,365 - INFO - [상태] 포지션: SHORT, 진입가: $90476.50, 현재가: $89496.10, 미실현PnL: $348.04
2026-01-21 03:42:42,365 - INFO - [지표] ADX=nan, Bull=nan, Bear=nan
2026-01-21 03:45:00,118 - INFO - [EMA] 증분계산: prev=90440.40, close=89484.3, new=90366.86
2026-01-21 03:45:00,128 - INFO - 15m | 18:30 | O:89702.8 H:89727.1 L:89411.0 C:89484.3
2026-01-21 03:45:00,128 - INFO - 지표: ADX=38.2, ATR=371.3, Bull=False, Bear=True
2026-01-21 03:47:42,405 - INFO - [상태] 포지션: SHORT, 진입가: $90476.50, 현재가: $89430.00, 미실현PnL: $371.51
2026-01-21 03:47:42,405 - INFO - [지표] ADX=nan, Bull=nan, Bear=nan
2026-01-21 03:52:42,446 - INFO - [상태] 포지션: SHORT, 진입가: $90476.50, 현재가: $89562.40, 미실현PnL: $324.51
2026-01-21 03:52:42,447 - INFO - [지표] ADX=nan, Bull=nan, Bear=nan
2026-01-21 03:57:42,489 - INFO - [상태] 포지션: SHORT, 진입가: $90476.50, 현재가: $89496.90, 미실현PnL: $347.76
2026-01-21 03:57:42,489 - INFO - [지표] ADX=nan, Bull=nan, Bear=nan
2026-01-21 04:00:00,036 - INFO - [EMA] 증분계산: prev=90366.86, close=89471.6, new=90297.99
2026-01-21 04:00:00,046 - INFO - 15m | 18:45 | O:89484.4 H:89600.8 L:89350.0 C:89471.6
2026-01-21 04:00:00,046 - INFO - 지표: ADX=38.7, ATR=359.3, Bull=False, Bear=True
2026-01-21 04:02:42,543 - INFO - [상태] 포지션: SHORT, 진입가: $90476.50, 현재가: $89533.10, 미실현PnL: $334.91
2026-01-21 04:02:42,543 - INFO - [지표] ADX=nan, Bull=nan, Bear=nan
2026-01-21 04:07:42,584 - INFO - [상태] 포지션: SHORT, 진입가: $90476.50, 현재가: $89671.40, 미실현PnL: $285.81
2026-01-21 04:07:42,585 - INFO - [지표] ADX=nan, Bull=nan, Bear=nan
2026-01-21 04:12:42,626 - INFO - [상태] 포지션: SHORT, 진입가: $90476.50, 현재가: $89591.30, 미실현PnL: $314.25
2026-01-21 04:12:42,626 - INFO - [지표] ADX=nan, Bull=nan, Bear=nan
2026-01-21 04:15:00,054 - INFO - [EMA] 증분계산: prev=90297.99, close=89549.3, new=90240.40
2026-01-21 04:15:00,064 - INFO - 15m | 19:00 | O:89471.5 H:89775.4 L:89400.8 C:89549.3
2026-01-21 04:15:00,064 - INFO - 지표: ADX=38.3, ATR=360.8, Bull=False, Bear=True
2026-01-21 04:17:42,671 - INFO - [상태] 포지션: SHORT, 진입가: $90476.50, 현재가: $89653.90, 미실현PnL: $292.02
2026-01-21 04:17:42,671 - INFO - [지표] ADX=nan, Bull=nan, Bear=nan
2026-01-21 04:22:42,712 - INFO - [상태] 포지션: SHORT, 진입가: $90476.50, 현재가: $89600.00, 미실현PnL: $311.16
2026-01-21 04:22:42,712 - INFO - [지표] ADX=nan, Bull=nan, Bear=nan
2026-01-21 04:27:42,754 - INFO - [상태] 포지션: SHORT, 진입가: $90476.50, 현재가: $89524.10, 미실현PnL: $338.10
2026-01-21 04:27:42,754 - INFO - [지표] ADX=nan, Bull=nan, Bear=nan
2026-01-21 04:30:00,657 - INFO - [EMA] 증분계산: prev=90240.40, close=89455.6, new=90180.03
2026-01-21 04:30:00,664 - INFO - 15m | 19:15 | O:89549.3 H:89661.9 L:89454.5 C:89455.6
2026-01-21 04:30:00,664 - INFO - 지표: ADX=38.0, ATR=345.5, Bull=False, Bear=True
2026-01-21 04:32:42,796 - INFO - [상태] 포지션: SHORT, 진입가: $90476.50, 현재가: $89434.60, 미실현PnL: $369.87
2026-01-21 04:32:42,797 - INFO - [지표] ADX=nan, Bull=nan, Bear=nan
2026-01-21 04:37:42,838 - INFO - [상태] 포지션: SHORT, 진입가: $90476.50, 현재가: $89393.40, 미실현PnL: $384.50
2026-01-21 04:37:42,838 - INFO - [지표] ADX=nan, Bull=nan, Bear=nan
2026-01-21 04:42:42,878 - INFO - [상태] 포지션: SHORT, 진입가: $90476.50, 현재가: $89474.10, 미실현PnL: $355.85
2026-01-21 04:42:42,879 - INFO - [지표] ADX=nan, Bull=nan, Bear=nan
2026-01-21 04:45:00,153 - INFO - [EMA] 증분계산: prev=90180.03, close=89408.7, new=90120.70
2026-01-21 04:45:00,163 - INFO - 15m | 19:30 | O:89455.7 H:89523.9 L:89250.2 C:89408.7
2026-01-21 04:45:00,163 - INFO - 지표: ADX=38.1, ATR=338.3, Bull=False, Bear=True
2026-01-21 04:47:42,920 - INFO - [상태] 포지션: SHORT, 진입가: $90476.50, 현재가: $89398.30, 미실현PnL: $382.76
2026-01-21 04:47:42,920 - INFO - [지표] ADX=nan, Bull=nan, Bear=nan
2026-01-21 04:52:42,962 - INFO - [상태] 포지션: SHORT, 진입가: $90476.50, 현재가: $89515.00, 미실현PnL: $341.33
2026-01-21 04:52:42,963 - INFO - [지표] ADX=nan, Bull=nan, Bear=nan
2026-01-21 04:57:43,005 - INFO - [상태] 포지션: SHORT, 진입가: $90476.50, 현재가: $89704.00, 미실현PnL: $274.24
2026-01-21 04:57:43,005 - INFO - [지표] ADX=nan, Bull=nan, Bear=nan
2026-01-21 05:00:00,167 - INFO - [EMA] 증분계산: prev=90120.70, close=89694.1, new=90087.88
2026-01-21 05:00:00,177 - INFO - 15m | 19:45 | O:89408.6 H:89750.0 L:89335.1 C:89694.1
2026-01-21 05:00:00,177 - INFO - 지표: ADX=37.2, ATR=345.9, Bull=False, Bear=True
2026-01-21 05:02:43,047 - INFO - [상태] 포지션: SHORT, 진입가: $90476.50, 현재가: $89529.90, 미실현PnL: $336.04
2026-01-21 05:02:43,048 - INFO - [지표] ADX=nan, Bull=nan, Bear=nan
2026-01-21 05:07:43,088 - INFO - [상태] 포지션: SHORT, 진입가: $90476.50, 현재가: $89451.10, 미실현PnL: $364.02
2026-01-21 05:07:43,088 - INFO - [지표] ADX=nan, Bull=nan, Bear=nan
2026-01-21 05:12:43,130 - INFO - [상태] 포지션: SHORT, 진입가: $90476.50, 현재가: $89462.90, 미실현PnL: $359.83
2026-01-21 05:12:43,130 - INFO - [지표] ADX=nan, Bull=nan, Bear=nan
2026-01-21 05:15:00,037 - INFO - [EMA] 증분계산: prev=90087.88, close=89370.0, new=90032.66
2026-01-21 05:15:00,046 - INFO - 15m | 20:00 | O:89694.1 H:89694.2 L:89360.9 C:89370.0
2026-01-21 05:15:00,046 - INFO - 지표: ADX=36.4, ATR=344.7, Bull=False, Bear=True
2026-01-21 05:17:43,171 - INFO - [상태] 포지션: SHORT, 진입가: $90476.50, 현재가: $89618.20, 미실현PnL: $304.70
2026-01-21 05:17:43,172 - INFO - [지표] ADX=nan, Bull=nan, Bear=nan
2026-01-21 05:22:43,211 - INFO - [상태] 포지션: SHORT, 진입가: $90476.50, 현재가: $89700.00, 미실현PnL: $275.66
2026-01-21 05:22:43,212 - INFO - [지표] ADX=nan, Bull=nan, Bear=nan
2026-01-21 05:27:43,251 - INFO - [상태] 포지션: SHORT, 진입가: $90476.50, 현재가: $89741.40, 미실현PnL: $260.96
2026-01-21 05:27:43,252 - INFO - [지표] ADX=nan, Bull=nan, Bear=nan
2026-01-21 05:30:00,096 - INFO - [EMA] 증분계산: prev=90032.66, close=89738.2, new=90010.01
2026-01-21 05:30:00,106 - INFO - 15m | 20:15 | O:89370.0 H:89811.9 L:89370.0 C:89738.2
2026-01-21 05:30:00,106 - INFO - 지표: ADX=35.1, ATR=354.4, Bull=False, Bear=True
2026-01-21 05:32:43,292 - INFO - [상태] 포지션: SHORT, 진입가: $90476.50, 현재가: $89683.20, 미실현PnL: $281.62
2026-01-21 05:32:43,292 - INFO - [지표] ADX=nan, Bull=nan, Bear=nan
2026-01-21 05:37:43,334 - INFO - [상태] 포지션: SHORT, 진입가: $90476.50, 현재가: $89624.20, 미실현PnL: $302.57
2026-01-21 05:37:43,335 - INFO - [지표] ADX=nan, Bull=nan, Bear=nan
2026-01-21 05:42:43,376 - INFO - [상태] 포지션: SHORT, 진입가: $90476.50, 현재가: $89656.60, 미실현PnL: $291.06
2026-01-21 05:42:43,377 - INFO - [지표] ADX=nan, Bull=nan, Bear=nan
2026-01-21 05:45:00,281 - INFO - [EMA] 증분계산: prev=90010.01, close=89625.1, new=89980.40
2026-01-21 05:45:00,291 - INFO - 15m | 20:30 | O:89738.2 H:89773.2 L:89572.0 C:89625.1
2026-01-21 05:45:00,291 - INFO - 지표: ADX=34.0, ATR=339.1, Bull=False, Bear=True
2026-01-21 05:47:43,417 - INFO - [상태] 포지션: SHORT, 진입가: $90476.50, 현재가: $89774.10, 미실현PnL: $249.35
2026-01-21 05:47:43,418 - INFO - [지표] ADX=nan, Bull=nan, Bear=nan
2026-01-21 05:52:43,460 - INFO - [상태] 포지션: SHORT, 진입가: $90476.50, 현재가: $89690.90, 미실현PnL: $278.89
2026-01-21 05:52:43,460 - INFO - [지표] ADX=nan, Bull=nan, Bear=nan
2026-01-21 05:57:43,502 - INFO - [상태] 포지션: SHORT, 진입가: $90476.50, 현재가: $89657.70, 미실현PnL: $290.67
2026-01-21 05:57:43,503 - INFO - [지표] ADX=nan, Bull=nan, Bear=nan
2026-01-21 06:00:00,049 - INFO - [EMA] 증분계산: prev=89980.40, close=89701.0, new=89958.91
2026-01-21 06:00:00,059 - INFO - 15m | 20:45 | O:89625.1 H:89824.0 L:89491.7 C:89701.0
2026-01-21 06:00:00,059 - INFO - 지표: ADX=33.1, ATR=338.4, Bull=False, Bear=True
2026-01-21 06:02:43,544 - INFO - [상태] 포지션: SHORT, 진입가: $90476.50, 현재가: $89642.80, 미실현PnL: $295.96
2026-01-21 06:02:43,544 - INFO - [지표] ADX=nan, Bull=nan, Bear=nan
2026-01-21 06:07:43,586 - INFO - [상태] 포지션: SHORT, 진입가: $90476.50, 현재가: $89698.60, 미실현PnL: $276.15
2026-01-21 06:07:43,586 - INFO - [지표] ADX=nan, Bull=nan, Bear=nan
2026-01-21 06:12:43,626 - INFO - [상태] 포지션: SHORT, 진입가: $90476.50, 현재가: $89772.50, 미실현PnL: $249.92
2026-01-21 06:12:43,627 - INFO - [지표] ADX=nan, Bull=nan, Bear=nan
2026-01-21 06:15:00,039 - INFO - [EMA] 증분계산: prev=89958.91, close=89768.2, new=89944.24
2026-01-21 06:15:00,046 - INFO - 15m | 21:00 | O:89700.8 H:89800.0 L:89586.7 C:89768.2
2026-01-21 06:15:00,046 - INFO - 지표: ADX=32.3, ATR=325.9, Bull=False, Bear=True
2026-01-21 06:17:43,667 - INFO - [상태] 포지션: SHORT, 진입가: $90476.50, 현재가: $89711.20, 미실현PnL: $271.68
2026-01-21 06:17:43,668 - INFO - [지표] ADX=nan, Bull=nan, Bear=nan
2026-01-21 06:22:43,710 - INFO - [상태] 포지션: SHORT, 진입가: $90476.50, 현재가: $89639.20, 미실현PnL: $297.24
2026-01-21 06:22:43,710 - INFO - [지표] ADX=nan, Bull=nan, Bear=nan
2026-01-21 06:27:43,753 - INFO - [상태] 포지션: SHORT, 진입가: $90476.50, 현재가: $89641.30, 미실현PnL: $296.50
2026-01-21 06:27:43,753 - INFO - [지표] ADX=nan, Bull=nan, Bear=nan
2026-01-21 06:30:00,231 - INFO - [EMA] 증분계산: prev=89944.24, close=89587.5, new=89916.80
2026-01-21 06:30:00,237 - INFO - 15m | 21:15 | O:89768.1 H:89768.2 L:89546.4 C:89587.5
2026-01-21 06:30:00,238 - INFO - 지표: ADX=31.7, ATR=315.5, Bull=False, Bear=True
2026-01-21 06:32:43,796 - INFO - [상태] 포지션: SHORT, 진입가: $90476.50, 현재가: $89579.90, 미실현PnL: $318.29
2026-01-21 06:32:43,796 - INFO - [지표] ADX=nan, Bull=nan, Bear=nan
2026-01-21 06:37:43,838 - INFO - [상태] 포지션: SHORT, 진입가: $90476.50, 현재가: $89474.50, 미실현PnL: $355.71
2026-01-21 06:37:43,838 - INFO - [지표] ADX=nan, Bull=nan, Bear=nan
2026-01-21 06:42:43,880 - INFO - [상태] 포지션: SHORT, 진입가: $90476.50, 현재가: $89495.10, 미실현PnL: $348.40
2026-01-21 06:42:43,881 - INFO - [지표] ADX=nan, Bull=nan, Bear=nan
2026-01-21 06:45:00,288 - INFO - [EMA] 증분계산: prev=89916.80, close=89511.9, new=89885.65
2026-01-21 06:45:00,295 - INFO - 15m | 21:30 | O:89587.4 H:89587.4 L:89432.6 C:89511.9
2026-01-21 06:45:00,295 - INFO - 지표: ADX=31.6, ATR=299.4, Bull=False, Bear=True
2026-01-21 06:47:43,924 - INFO - [상태] 포지션: SHORT, 진입가: $90476.50, 현재가: $89467.80, 미실현PnL: $358.09
2026-01-21 06:47:43,924 - INFO - [지표] ADX=nan, Bull=nan, Bear=nan
2026-01-21 06:52:43,964 - INFO - [상태] 포지션: SHORT, 진입가: $90476.50, 현재가: $89460.20, 미실현PnL: $360.79
2026-01-21 06:52:43,965 - INFO - [지표] ADX=nan, Bull=nan, Bear=nan
2026-01-21 06:57:44,006 - INFO - [상태] 포지션: SHORT, 진입가: $90476.50, 현재가: $89510.40, 미실현PnL: $342.97
2026-01-21 06:57:44,007 - INFO - [지표] ADX=nan, Bull=nan, Bear=nan
2026-01-21 07:00:00,237 - INFO - [EMA] 증분계산: prev=89885.65, close=89445.6, new=89851.80
2026-01-21 07:00:00,247 - INFO - 15m | 21:45 | O:89512.0 H:89559.2 L:89390.5 C:89445.6
2026-01-21 07:00:00,247 - INFO - 지표: ADX=31.5, ATR=286.4, Bull=False, Bear=True
2026-01-21 07:02:44,049 - INFO - [상태] 포지션: SHORT, 진입가: $90476.50, 현재가: $89480.70, 미실현PnL: $353.51
2026-01-21 07:02:44,050 - INFO - [지표] ADX=nan, Bull=nan, Bear=nan
2026-01-21 07:07:44,092 - INFO - [상태] 포지션: SHORT, 진입가: $90476.50, 현재가: $89578.70, 미실현PnL: $318.72
2026-01-21 07:07:44,092 - INFO - [지표] ADX=nan, Bull=nan, Bear=nan
2026-01-21 07:12:44,135 - INFO - [상태] 포지션: SHORT, 진입가: $90476.50, 현재가: $89532.70, 미실현PnL: $335.05
2026-01-21 07:12:44,135 - INFO - [지표] ADX=nan, Bull=nan, Bear=nan
2026-01-21 07:15:00,077 - INFO - [EMA] 증분계산: prev=89851.80, close=89600.0, new=89832.43
2026-01-21 07:15:00,087 - INFO - 15m | 22:00 | O:89445.6 H:89600.0 L:89412.7 C:89600.0
2026-01-21 07:15:00,087 - INFO - 지표: ADX=31.3, ATR=276.4, Bull=False, Bear=True
2026-01-21 07:17:44,177 - INFO - [상태] 포지션: SHORT, 진입가: $90476.50, 현재가: $89601.90, 미실현PnL: $310.48
2026-01-21 07:17:44,177 - INFO - [지표] ADX=nan, Bull=nan, Bear=nan
2026-01-21 07:22:44,218 - INFO - [상태] 포지션: SHORT, 진입가: $90476.50, 현재가: $89578.90, 미실현PnL: $318.65
2026-01-21 07:22:44,218 - INFO - [지표] ADX=nan, Bull=nan, Bear=nan
2026-01-21 07:27:44,262 - INFO - [상태] 포지션: SHORT, 진입가: $90476.50, 현재가: $89493.70, 미실현PnL: $348.89
2026-01-21 07:27:44,262 - INFO - [지표] ADX=nan, Bull=nan, Bear=nan
2026-01-21 07:30:00,248 - INFO - [EMA] 증분계산: prev=89832.43, close=89484.8, new=89805.69
2026-01-21 07:30:00,255 - INFO - 15m | 22:15 | O:89599.9 H:89617.8 L:89430.3 C:89484.8
2026-01-21 07:30:00,255 - INFO - 지표: ADX=30.9, ATR=267.6, Bull=False, Bear=True
2026-01-21 07:32:44,307 - INFO - [상태] 포지션: SHORT, 진입가: $90476.50, 현재가: $89440.10, 미실현PnL: $367.92
2026-01-21 07:32:44,307 - INFO - [지표] ADX=nan, Bull=nan, Bear=nan
2026-01-21 07:33:27,293 - INFO - [LIVE] TP 체결 감지: $88985.64
2026-01-21 07:33:27,293 - INFO - [LIVE] TP 청산: PnL=$529.26, 수수료=$22.3776, 순익=$506.88
2026-01-21 07:33:27,293 - INFO - [LIVE] 자본금 업데이트: $5118.31 → $5625.19
2026-01-21 07:33:27,335 - INFO - 모든 대기 주문 취소 완료
2026-01-21 07:33:27,890 - WARNING - [자본금 동기화] 로컬: $5625.19 → 사용가능: $5576.15 (실제 잔고 $6195.72의 90%)
2026-01-21 07:33:27,890 - INFO - 거래 기록 저장: TP @ $88985.64
2026-01-21 07:37:44,308 - INFO - [상태] 포지션 없음, 자본금: $5576.15
2026-01-21 07:37:44,309 - INFO - [지표] ADX=nan, Bull=nan, Bear=nan
2026-01-21 07:42:44,309 - INFO - [상태] 포지션 없음, 자본금: $5576.15
2026-01-21 07:42:44,310 - INFO - [지표] ADX=nan, Bull=nan, Bear=nan
2026-01-21 07:45:00,079 - INFO - [EMA] 증분계산: prev=89805.69, close=88550.8, new=89709.16
2026-01-21 07:45:00,089 - INFO - 15m | 22:30 | O:89484.9 H:89497.5 L:87787.2 C:88550.8
2026-01-21 07:45:00,089 - INFO - 지표: ADX=33.5, ATR=411.8, Bull=False, Bear=True
2026-01-21 07:47:44,311 - INFO - [상태] 포지션 없음, 자본금: $5576.15
2026-01-21 07:47:44,311 - INFO - [지표] ADX=nan, Bull=nan, Bear=nan
2026-01-21 07:52:44,312 - INFO - [상태] 포지션 없음, 자본금: $5576.15
2026-01-21 07:52:44,313 - INFO - [지표] ADX=nan, Bull=nan, Bear=nan
2026-01-21 07:57:44,313 - INFO - [상태] 포지션 없음, 자본금: $5576.15
2026-01-21 07:57:44,313 - INFO - [지표] ADX=nan, Bull=nan, Bear=nan
2026-01-21 08:00:00,070 - INFO - [EMA] 증분계산: prev=89709.16, close=88469.0, new=89613.76
2026-01-21 08:00:00,077 - INFO - 15m | 22:45 | O:88550.9 H:88639.3 L:88155.1 C:88469.0
2026-01-21 08:00:00,077 - INFO - 지표: ADX=35.9, ATR=419.1, Bull=False, Bear=True
2026-01-21 08:02:44,314 - INFO - [상태] 포지션 없음, 자본금: $5576.15
2026-01-21 08:02:44,315 - INFO - [지표] ADX=nan, Bull=nan, Bear=nan
2026-01-21 08:07:44,315 - INFO - [상태] 포지션 없음, 자본금: $5576.15
2026-01-21 08:07:44,316 - INFO - [지표] ADX=nan, Bull=nan, Bear=nan
2026-01-21 08:12:44,317 - INFO - [상태] 포지션 없음, 자본금: $5576.15
2026-01-21 08:12:44,318 - INFO - [지표] ADX=nan, Bull=nan, Bear=nan
2026-01-21 08:15:00,106 - INFO - [EMA] 증분계산: prev=89613.76, close=88170.1, new=89502.71
2026-01-21 08:15:00,115 - INFO - 15m | 23:00 | O:88468.9 H:88468.9 L:88058.1 C:88170.1
2026-01-21 08:15:00,116 - INFO - 지표: ADX=38.2, ATR=418.2, Bull=False, Bear=True
2026-01-21 08:17:44,319 - INFO - [상태] 포지션 없음, 자본금: $5576.15
2026-01-21 08:17:44,319 - INFO - [지표] ADX=nan, Bull=nan, Bear=nan
2026-01-21 08:22:44,320 - INFO - [상태] 포지션 없음, 자본금: $5576.15
2026-01-21 08:22:44,321 - INFO - [지표] ADX=nan, Bull=nan, Bear=nan
2026-01-21 08:27:44,323 - INFO - [상태] 포지션 없음, 자본금: $5576.15
2026-01-21 08:27:44,323 - INFO - [지표] ADX=nan, Bull=nan, Bear=nan
2026-01-21 08:30:00,144 - INFO - [EMA] 증분계산: prev=89502.71, close=88076.3, new=89392.99
2026-01-21 08:30:00,154 - INFO - 15m | 23:15 | O:88170.0 H:88247.7 L:87850.0 C:88076.3
2026-01-21 08:30:00,154 - INFO - 지표: ADX=40.6, ATR=416.2, Bull=False, Bear=True
2026-01-21 08:32:44,324 - INFO - [상태] 포지션 없음, 자본금: $5576.15
2026-01-21 08:32:44,324 - INFO - [지표] ADX=nan, Bull=nan, Bear=nan
2026-01-21 08:37:44,326 - INFO - [상태] 포지션 없음, 자본금: $5576.15
2026-01-21 08:37:44,327 - INFO - [지표] ADX=nan, Bull=nan, Bear=nan
2026-01-21 08:42:44,328 - INFO - [상태] 포지션 없음, 자본금: $5576.15
2026-01-21 08:42:44,329 - INFO - [지표] ADX=nan, Bull=nan, Bear=nan
2026-01-21 08:45:00,029 - INFO - [EMA] 증분계산: prev=89392.99, close=88444.3, new=89320.01
2026-01-21 08:45:00,038 - INFO - 15m | 23:30 | O:88076.4 H:88482.5 L:88076.3 C:88444.3
2026-01-21 08:45:00,039 - INFO - 지표: ADX=41.7, ATR=415.2, Bull=False, Bear=True
2026-01-21 08:47:44,330 - INFO - [상태] 포지션 없음, 자본금: $5576.15
2026-01-21 08:47:44,330 - INFO - [지표] ADX=nan, Bull=nan, Bear=nan
2026-01-21 08:52:44,332 - INFO - [상태] 포지션 없음, 자본금: $5576.15
2026-01-21 08:52:44,332 - INFO - [지표] ADX=nan, Bull=nan, Bear=nan
2026-01-21 08:57:44,333 - INFO - [상태] 포지션 없음, 자본금: $5576.15
2026-01-21 08:57:44,333 - INFO - [지표] ADX=nan, Bull=nan, Bear=nan
