2026-01-30 09:00:00,058 - INFO - === 로그 파일 시작: logs/hyper_2026-01-30.log ===
2026-01-30 09:00:00,058 - INFO - [EMA] 증분계산: prev=84459.13, close=84487.9, new=84461.35
2026-01-30 09:00:00,065 - INFO - 15m | 23:45 | O:84520.0 H:84577.8 L:84477.6 C:84487.9
2026-01-30 09:00:00,065 - INFO - 지표: ADX=25.8, ATR=273.1, Bull=False, Bear=True
2026-01-30 09:00:56,138 - INFO - [상태] 포지션 없음, 자본금: $7052.89
2026-01-30 09:00:56,139 - INFO - [지표] ADX=nan, Bull=nan, Bear=nan
2026-01-30 09:05:56,140 - INFO - [상태] 포지션 없음, 자본금: $7052.89
2026-01-30 09:05:56,140 - INFO - [지표] ADX=nan, Bull=nan, Bear=nan
2026-01-30 09:10:56,141 - INFO - [상태] 포지션 없음, 자본금: $7052.89
2026-01-30 09:10:56,141 - INFO - [지표] ADX=nan, Bull=nan, Bear=nan
2026-01-30 09:15:00,988 - INFO - [EMA] 증분계산: prev=84461.35, close=84380.4, new=84455.12
2026-01-30 09:15:00,995 - INFO - 15m | 00:00 | O:84487.9 H:84585.7 L:84375.1 C:84380.4
2026-01-30 09:15:00,995 - INFO - 지표: ADX=24.3, ATR=267.9, Bull=False, Bear=True
2026-01-30 09:15:56,142 - INFO - [상태] 포지션 없음, 자본금: $7052.89
2026-01-30 09:15:56,142 - INFO - [지표] ADX=nan, Bull=nan, Bear=nan
2026-01-30 09:20:56,143 - INFO - [상태] 포지션 없음, 자본금: $7052.89
2026-01-30 09:20:56,144 - INFO - [지표] ADX=nan, Bull=nan, Bear=nan
2026-01-30 09:25:56,145 - INFO - [상태] 포지션 없음, 자본금: $7052.89
2026-01-30 09:25:56,146 - INFO - [지표] ADX=nan, Bull=nan, Bear=nan
2026-01-30 09:30:00,156 - INFO - [EMA] 증분계산: prev=84455.12, close=84223.8, new=84437.33
2026-01-30 09:30:00,166 - INFO - 15m | 00:15 | O:84379.3 H:84406.9 L:84157.2 C:84223.8
2026-01-30 09:30:00,166 - INFO - 지표: ADX=23.7, ATR=266.3, Bull=False, Bear=True
2026-01-30 09:30:56,148 - INFO - [상태] 포지션 없음, 자본금: $7052.89
2026-01-30 09:30:56,148 - INFO - [지표] ADX=nan, Bull=nan, Bear=nan
2026-01-30 09:35:56,151 - INFO - [상태] 포지션 없음, 자본금: $7052.89
2026-01-30 09:35:56,151 - INFO - [지표] ADX=nan, Bull=nan, Bear=nan
2026-01-30 09:40:56,153 - INFO - [상태] 포지션 없음, 자본금: $7052.89
2026-01-30 09:40:56,153 - INFO - [지표] ADX=nan, Bull=nan, Bear=nan
2026-01-30 09:45:02,499 - INFO - [EMA] 증분계산: prev=84437.33, close=84243.0, new=84422.38
2026-01-30 09:45:02,506 - INFO - 15m | 00:30 | O:84223.9 H:84281.1 L:84104.8 C:84243.0
2026-01-30 09:45:02,506 - INFO - 지표: ADX=23.4, ATR=258.8, Bull=False, Bear=True
2026-01-30 09:45:56,155 - INFO - [상태] 포지션 없음, 자본금: $7052.89
2026-01-30 09:45:56,155 - INFO - [지표] ADX=nan, Bull=nan, Bear=nan
2026-01-30 09:50:56,156 - INFO - [상태] 포지션 없음, 자본금: $7052.89
2026-01-30 09:50:56,157 - INFO - [지표] ADX=nan, Bull=nan, Bear=nan
2026-01-30 09:55:56,159 - INFO - [상태] 포지션 없음, 자본금: $7052.89
2026-01-30 09:55:56,159 - INFO - [지표] ADX=nan, Bull=nan, Bear=nan
2026-01-30 10:00:00,049 - INFO - [EMA] 증분계산: prev=84422.38, close=84040.3, new=84392.99
2026-01-30 10:00:00,056 - INFO - 15m | 00:45 | O:84242.7 H:84371.8 L:84009.0 C:84040.3
2026-01-30 10:00:00,056 - INFO - 지표: ADX=23.5, ATR=267.5, Bull=False, Bear=True
2026-01-30 10:00:56,160 - INFO - [상태] 포지션 없음, 자본금: $7052.89
2026-01-30 10:00:56,160 - INFO - [지표] ADX=nan, Bull=nan, Bear=nan
2026-01-30 10:05:56,162 - INFO - [상태] 포지션 없음, 자본금: $7052.89
2026-01-30 10:05:56,162 - INFO - [지표] ADX=nan, Bull=nan, Bear=nan
2026-01-30 10:10:56,165 - INFO - [상태] 포지션 없음, 자본금: $7052.89
2026-01-30 10:10:56,166 - INFO - [지표] ADX=nan, Bull=nan, Bear=nan
2026-01-30 10:15:00,184 - INFO - [EMA] 증분계산: prev=84392.99, close=83987.8, new=84361.82
2026-01-30 10:15:00,191 - INFO - 15m | 01:00 | O:84040.3 H:84047.5 L:83842.3 C:83987.8
2026-01-30 10:15:00,191 - INFO - 지표: ADX=24.1, ATR=262.3, Bull=False, Bear=True
2026-01-30 10:15:56,167 - INFO - [상태] 포지션 없음, 자본금: $7052.89
2026-01-30 10:15:56,167 - INFO - [지표] ADX=nan, Bull=nan, Bear=nan
2026-01-30 10:20:56,169 - INFO - [상태] 포지션 없음, 자본금: $7052.89
2026-01-30 10:20:56,169 - INFO - [지표] ADX=nan, Bull=nan, Bear=nan
2026-01-30 10:25:56,170 - INFO - [상태] 포지션 없음, 자본금: $7052.89
2026-01-30 10:25:56,171 - INFO - [지표] ADX=nan, Bull=nan, Bear=nan
2026-01-30 10:30:00,620 - INFO - [EMA] 증분계산: prev=84361.82, close=83618.9, new=84304.67
2026-01-30 10:30:00,627 - INFO - 15m | 01:15 | O:83986.9 H:84044.6 L:83351.2 C:83618.9
2026-01-30 10:30:00,627 - INFO - 지표: ADX=25.8, ATR=298.2, Bull=False, Bear=True
2026-01-30 10:30:56,173 - INFO - [상태] 포지션 없음, 자본금: $7052.89
2026-01-30 10:30:56,173 - INFO - [지표] ADX=nan, Bull=nan, Bear=nan
2026-01-30 10:35:56,174 - INFO - [상태] 포지션 없음, 자본금: $7052.89
2026-01-30 10:35:56,174 - INFO - [지표] ADX=nan, Bull=nan, Bear=nan
2026-01-30 10:40:56,174 - INFO - [상태] 포지션 없음, 자본금: $7052.89
2026-01-30 10:40:56,174 - INFO - [지표] ADX=nan, Bull=nan, Bear=nan
2026-01-30 10:45:00,076 - INFO - [EMA] 증분계산: prev=84304.67, close=81871.4, new=84117.50
2026-01-30 10:45:00,082 - INFO - 15m | 01:30 | O:83625.1 H:83747.3 L:80880.8 C:81871.4
2026-01-30 10:45:00,082 - INFO - 지표: ADX=29.5, ATR=512.3, Bull=False, Bear=True
2026-01-30 10:45:56,175 - INFO - [상태] 포지션 없음, 자본금: $7052.89
2026-01-30 10:45:56,175 - INFO - [지표] ADX=nan, Bull=nan, Bear=nan
2026-01-30 10:50:56,176 - INFO - [상태] 포지션 없음, 자본금: $7052.89
2026-01-30 10:50:56,176 - INFO - [지표] ADX=nan, Bull=nan, Bear=nan
2026-01-30 10:55:56,177 - INFO - [상태] 포지션 없음, 자본금: $7052.89
2026-01-30 10:55:56,177 - INFO - [지표] ADX=nan, Bull=nan, Bear=nan
2026-01-30 11:00:00,063 - INFO - [EMA] 증분계산: prev=84117.50, close=82327.5, new=83979.80
2026-01-30 11:00:00,072 - INFO - 15m | 01:45 | O:81868.1 H:82412.8 L:81420.1 C:82327.5
2026-01-30 11:00:00,072 - INFO - 지표: ADX=32.9, ATR=552.3, Bull=False, Bear=True
2026-01-30 11:00:56,178 - INFO - [상태] 포지션 없음, 자본금: $7052.89
2026-01-30 11:00:56,178 - INFO - [지표] ADX=nan, Bull=nan, Bear=nan
2026-01-30 11:05:56,180 - INFO - [상태] 포지션 없음, 자본금: $7052.89
2026-01-30 11:05:56,180 - INFO - [지표] ADX=nan, Bull=nan, Bear=nan
2026-01-30 11:10:56,181 - INFO - [상태] 포지션 없음, 자본금: $7052.89
2026-01-30 11:10:56,181 - INFO - [지표] ADX=nan, Bull=nan, Bear=nan
2026-01-30 11:15:00,035 - INFO - [EMA] 증분계산: prev=83979.80, close=81768.7, new=83809.72
2026-01-30 11:15:00,042 - INFO - 15m | 02:00 | O:82333.4 H:82407.5 L:81737.5 C:81768.7
2026-01-30 11:15:00,042 - INFO - 지표: ADX=36.0, ATR=562.1, Bull=False, Bear=True
2026-01-30 11:15:56,182 - INFO - [상태] 포지션 없음, 자본금: $7052.89
2026-01-30 11:15:56,182 - INFO - [지표] ADX=nan, Bull=nan, Bear=nan
2026-01-30 11:20:56,184 - INFO - [상태] 포지션 없음, 자본금: $7052.89
2026-01-30 11:20:56,184 - INFO - [지표] ADX=nan, Bull=nan, Bear=nan
2026-01-30 11:25:56,185 - INFO - [상태] 포지션 없음, 자본금: $7052.89
2026-01-30 11:25:56,185 - INFO - [지표] ADX=nan, Bull=nan, Bear=nan
2026-01-30 11:30:00,236 - INFO - [EMA] 증분계산: prev=83809.72, close=81338.2, new=83619.60
2026-01-30 11:30:00,245 - INFO - 15m | 02:15 | O:81777.2 H:81990.7 L:81110.0 C:81338.2
2026-01-30 11:30:00,245 - INFO - 지표: ADX=39.2, ATR=588.7, Bull=False, Bear=True
2026-01-30 11:30:56,187 - INFO - [상태] 포지션 없음, 자본금: $7052.89
2026-01-30 11:30:56,187 - INFO - [지표] ADX=nan, Bull=nan, Bear=nan
2026-01-30 11:35:56,188 - INFO - [상태] 포지션 없음, 자본금: $7052.89
2026-01-30 11:35:56,189 - INFO - [지표] ADX=nan, Bull=nan, Bear=nan
2026-01-30 11:40:56,191 - INFO - [상태] 포지션 없음, 자본금: $7052.89
2026-01-30 11:40:56,191 - INFO - [지표] ADX=nan, Bull=nan, Bear=nan
2026-01-30 11:45:00,086 - INFO - [EMA] 증분계산: prev=83619.60, close=81850.0, new=83483.48
2026-01-30 11:45:00,096 - INFO - 15m | 02:30 | O:81338.1 H:81980.5 L:81010.0 C:81850.0
2026-01-30 11:45:00,096 - INFO - 지표: ADX=42.2, ATR=620.5, Bull=False, Bear=True
2026-01-30 11:45:56,192 - INFO - [상태] 포지션 없음, 자본금: $7052.89
2026-01-30 11:45:56,193 - INFO - [지표] ADX=nan, Bull=nan, Bear=nan
2026-01-30 11:50:56,194 - INFO - [상태] 포지션 없음, 자본금: $7052.89
2026-01-30 11:50:56,194 - INFO - [지표] ADX=nan, Bull=nan, Bear=nan
2026-01-30 11:55:56,195 - INFO - [상태] 포지션 없음, 자본금: $7052.89
2026-01-30 11:55:56,195 - INFO - [지표] ADX=nan, Bull=nan, Bear=nan
2026-01-30 12:00:00,614 - INFO - [EMA] 증분계산: prev=83483.48, close=82019.9, new=83370.90
2026-01-30 12:00:00,623 - INFO - 15m | 02:45 | O:81843.6 H:82030.7 L:81736.1 C:82019.9
2026-01-30 12:00:00,624 - INFO - 지표: ADX=44.8, ATR=593.3, Bull=False, Bear=True
2026-01-30 12:00:56,196 - INFO - [상태] 포지션 없음, 자본금: $7052.89
2026-01-30 12:00:56,197 - INFO - [지표] ADX=nan, Bull=nan, Bear=nan
2026-01-30 12:05:56,198 - INFO - [상태] 포지션 없음, 자본금: $7052.89
2026-01-30 12:05:56,198 - INFO - [지표] ADX=nan, Bull=nan, Bear=nan
2026-01-30 12:10:56,200 - INFO - [상태] 포지션 없음, 자본금: $7052.89
2026-01-30 12:10:56,200 - INFO - [지표] ADX=nan, Bull=nan, Bear=nan
2026-01-30 12:15:00,672 - INFO - [EMA] 증분계산: prev=83370.90, close=82236.0, new=83283.60
2026-01-30 12:15:00,678 - INFO - 15m | 03:00 | O:82019.9 H:82274.1 L:81897.3 C:82236.0
2026-01-30 12:15:00,678 - INFO - 지표: ADX=46.4, ATR=575.3, Bull=False, Bear=True
2026-01-30 12:15:56,202 - INFO - [상태] 포지션 없음, 자본금: $7052.89
2026-01-30 12:15:56,203 - INFO - [지표] ADX=nan, Bull=nan, Bear=nan
2026-01-30 12:20:56,204 - INFO - [상태] 포지션 없음, 자본금: $7052.89
2026-01-30 12:20:56,204 - INFO - [지표] ADX=nan, Bull=nan, Bear=nan
2026-01-30 12:25:56,210 - INFO - [상태] 포지션 없음, 자본금: $7052.89
2026-01-30 12:25:56,210 - INFO - [지표] ADX=nan, Bull=nan, Bear=nan
2026-01-30 12:30:00,075 - INFO - [EMA] 증분계산: prev=83283.60, close=82214.6, new=83201.37
2026-01-30 12:30:00,081 - INFO - 15m | 03:15 | O:82236.0 H:82278.1 L:82073.1 C:82214.6
2026-01-30 12:30:00,081 - INFO - 지표: ADX=47.9, ATR=544.4, Bull=False, Bear=True
2026-01-30 12:30:56,211 - INFO - [상태] 포지션 없음, 자본금: $7052.89
2026-01-30 12:30:56,211 - INFO - [지표] ADX=nan, Bull=nan, Bear=nan
2026-01-30 12:35:56,212 - INFO - [상태] 포지션 없음, 자본금: $7052.89
2026-01-30 12:35:56,212 - INFO - [지표] ADX=nan, Bull=nan, Bear=nan
2026-01-30 12:40:56,213 - INFO - [상태] 포지션 없음, 자본금: $7052.89
2026-01-30 12:40:56,213 - INFO - [지표] ADX=nan, Bull=nan, Bear=nan
2026-01-30 12:45:00,602 - INFO - [EMA] 증분계산: prev=83201.37, close=82339.8, new=83135.09
2026-01-30 12:45:00,609 - INFO - 15m | 03:30 | O:82217.1 H:82384.1 L:82205.1 C:82339.8
2026-01-30 12:45:00,609 - INFO - 지표: ADX=48.8, ATR=514.0, Bull=False, Bear=True
2026-01-30 12:45:56,214 - INFO - [상태] 포지션 없음, 자본금: $7052.89
2026-01-30 12:45:56,214 - INFO - [지표] ADX=nan, Bull=nan, Bear=nan
2026-01-30 12:50:56,215 - INFO - [상태] 포지션 없음, 자본금: $7052.89
2026-01-30 12:50:56,215 - INFO - [지표] ADX=nan, Bull=nan, Bear=nan
2026-01-30 12:55:56,219 - INFO - [상태] 포지션 없음, 자본금: $7052.89
2026-01-30 12:55:56,219 - INFO - [지표] ADX=nan, Bull=nan, Bear=nan
2026-01-30 13:00:01,288 - INFO - [EMA] 증분계산: prev=83135.09, close=82525.4, new=83088.19
2026-01-30 13:00:01,295 - INFO - 15m | 03:45 | O:82339.9 H:82598.6 L:82279.7 C:82525.4
2026-01-30 13:00:01,295 - INFO - 지표: ADX=49.0, ATR=497.7, Bull=False, Bear=True
2026-01-30 13:00:56,224 - INFO - [상태] 포지션 없음, 자본금: $7052.89
2026-01-30 13:00:56,224 - INFO - [지표] ADX=nan, Bull=nan, Bear=nan
2026-01-30 13:05:56,225 - INFO - [상태] 포지션 없음, 자본금: $7052.89
2026-01-30 13:05:56,225 - INFO - [지표] ADX=nan, Bull=nan, Bear=nan
2026-01-30 13:10:56,228 - INFO - [상태] 포지션 없음, 자본금: $7052.89
2026-01-30 13:10:56,228 - INFO - [지표] ADX=nan, Bull=nan, Bear=nan
2026-01-30 13:15:00,082 - INFO - [EMA] 증분계산: prev=83088.19, close=82871.9, new=83071.55
2026-01-30 13:15:00,088 - INFO - 15m | 04:00 | O:82525.4 H:82872.0 L:82525.4 C:82871.9
2026-01-30 13:15:00,088 - INFO - 지표: ADX=48.2, ATR=485.1, Bull=False, Bear=True
2026-01-30 13:15:56,229 - INFO - [상태] 포지션 없음, 자본금: $7052.89
2026-01-30 13:15:56,229 - INFO - [지표] ADX=nan, Bull=nan, Bear=nan
2026-01-30 13:20:56,230 - INFO - [상태] 포지션 없음, 자본금: $7052.89
2026-01-30 13:20:56,230 - INFO - [지표] ADX=nan, Bull=nan, Bear=nan
2026-01-30 13:25:56,231 - INFO - [상태] 포지션 없음, 자본금: $7052.89
2026-01-30 13:25:56,231 - INFO - [지표] ADX=nan, Bull=nan, Bear=nan
2026-01-30 13:30:00,100 - INFO - [EMA] 증분계산: prev=83071.55, close=82885.4, new=83057.24
2026-01-30 13:30:00,107 - INFO - 15m | 04:15 | O:82871.9 H:83187.3 L:82777.4 C:82885.4
2026-01-30 13:30:00,107 - INFO - 지표: ADX=46.6, ATR=478.9, Bull=False, Bear=True
2026-01-30 13:30:00,107 - INFO - [LIVE] SHORT 신호 감지!
2026-01-30 13:30:00,107 - INFO - ==================================================
2026-01-30 13:30:00,107 - INFO - [LIVE] SHORT 진입 준비
2026-01-30 13:30:00,107 - INFO - 진입가: $82885.40
2026-01-30 13:30:00,107 - INFO - 손절가: $84585.70 (2.05%)
2026-01-30 13:30:00,107 - INFO - 익절가: $80807.92 (2.51%)
2026-01-30 13:30:00,107 - INFO - 레버리지: 3.28x
2026-01-30 13:30:00,107 - INFO - 포지션 크기: 0.279102 BTC ($23133.48)
2026-01-30 13:30:00,108 - INFO - ==================================================
2026-01-30 13:30:00,196 - INFO - Leverage 설정: 4x
2026-01-30 13:30:00,242 - INFO - Market Order 체결: SHORT 0.279
2026-01-30 13:30:01,193 - INFO - 실제 체결가: $82885.40, 수량: 0.279000
2026-01-30 13:30:01,246 - INFO - LIMIT Close 주문: SHORT 0.279 @ $80807.9, ID: 42969050065
2026-01-30 13:30:01,246 - INFO - TP 주문 설정: $80807.92
2026-01-30 13:30:01,336 - INFO - STOP_MARKET 주문 (Algo): $84585.7, AlgoID: 3000000464376511
2026-01-30 13:30:01,336 - INFO - SL 주문 설정: $84585.70
2026-01-30 13:30:01,337 - INFO - 거래 기록 저장: ENTRY @ $82885.40
2026-01-30 13:30:01,337 - INFO - [LIVE] SHORT 진입 완료!
2026-01-30 13:30:56,274 - INFO - [상태] 포지션: SHORT, 진입가: $82885.40, 현재가: $82846.50, 미실현PnL: $10.85
2026-01-30 13:30:56,274 - INFO - [지표] ADX=nan, Bull=nan, Bear=nan
2026-01-30 13:35:56,316 - INFO - [상태] 포지션: SHORT, 진입가: $82885.40, 현재가: $83034.10, 미실현PnL: $-41.49
2026-01-30 13:35:56,317 - INFO - [지표] ADX=nan, Bull=nan, Bear=nan
2026-01-30 13:40:56,357 - INFO - [상태] 포지션: SHORT, 진입가: $82885.40, 현재가: $82765.80, 미실현PnL: $33.37
2026-01-30 13:40:56,357 - INFO - [지표] ADX=nan, Bull=nan, Bear=nan
2026-01-30 13:45:00,084 - INFO - [EMA] 증분계산: prev=83057.24, close=82763.9, new=83034.67
2026-01-30 13:45:00,091 - INFO - 15m | 04:30 | O:82885.4 H:83048.0 L:82742.0 C:82763.9
2026-01-30 13:45:00,091 - INFO - 지표: ADX=45.1, ATR=464.4, Bull=False, Bear=True
2026-01-30 13:45:56,397 - INFO - [상태] 포지션: SHORT, 진입가: $82885.40, 현재가: $82781.40, 미실현PnL: $29.02
2026-01-30 13:45:56,397 - INFO - [지표] ADX=nan, Bull=nan, Bear=nan
2026-01-30 13:50:56,436 - INFO - [상태] 포지션: SHORT, 진입가: $82885.40, 현재가: $82807.40, 미실현PnL: $21.76
2026-01-30 13:50:56,436 - INFO - [지표] ADX=nan, Bull=nan, Bear=nan
2026-01-30 13:55:56,483 - INFO - [상태] 포지션: SHORT, 진입가: $82885.40, 현재가: $82844.10, 미실현PnL: $11.52
2026-01-30 13:55:56,483 - INFO - [지표] ADX=nan, Bull=nan, Bear=nan
2026-01-30 14:00:00,579 - INFO - [EMA] 증분계산: prev=83034.67, close=82785.7, new=83015.52
2026-01-30 14:00:00,586 - INFO - 15m | 04:45 | O:82763.9 H:82851.9 L:82721.3 C:82785.7
2026-01-30 14:00:00,586 - INFO - 지표: ADX=43.8, ATR=436.6, Bull=False, Bear=True
2026-01-30 14:00:56,523 - INFO - [상태] 포지션: SHORT, 진입가: $82885.40, 현재가: $82755.40, 미실현PnL: $36.27
2026-01-30 14:00:56,524 - INFO - [지표] ADX=nan, Bull=nan, Bear=nan
2026-01-30 14:05:56,565 - INFO - [상태] 포지션: SHORT, 진입가: $82885.40, 현재가: $82810.00, 미실현PnL: $21.04
2026-01-30 14:05:56,565 - INFO - [지표] ADX=nan, Bull=nan, Bear=nan
2026-01-30 14:10:56,609 - INFO - [상태] 포지션: SHORT, 진입가: $82885.40, 현재가: $82847.30, 미실현PnL: $10.63
2026-01-30 14:10:56,609 - INFO - [지표] ADX=nan, Bull=nan, Bear=nan
2026-01-30 14:15:00,082 - INFO - [EMA] 증분계산: prev=83015.52, close=82821.3, new=83000.58
2026-01-30 14:15:00,091 - INFO - 15m | 05:00 | O:82786.3 H:82900.0 L:82738.0 C:82821.3
2026-01-30 14:15:00,091 - INFO - 지표: ADX=42.5, ATR=413.7, Bull=False, Bear=True
2026-01-30 14:15:56,652 - INFO - [상태] 포지션: SHORT, 진입가: $82885.40, 현재가: $82864.70, 미실현PnL: $5.78
2026-01-30 14:15:56,652 - INFO - [지표] ADX=nan, Bull=nan, Bear=nan
2026-01-30 14:20:56,698 - INFO - [상태] 포지션: SHORT, 진입가: $82885.40, 현재가: $82856.20, 미실현PnL: $8.15
2026-01-30 14:20:56,698 - INFO - [지표] ADX=nan, Bull=nan, Bear=nan
2026-01-30 14:25:56,742 - INFO - [상태] 포지션: SHORT, 진입가: $82885.40, 현재가: $82872.40, 미실현PnL: $3.63
2026-01-30 14:25:56,742 - INFO - [지표] ADX=nan, Bull=nan, Bear=nan
2026-01-30 14:30:00,122 - INFO - [EMA] 증분계산: prev=83000.58, close=83098.7, new=83008.13
2026-01-30 14:30:00,129 - INFO - 15m | 05:15 | O:82822.3 H:83176.9 L:82766.2 C:83098.7
2026-01-30 14:30:00,129 - INFO - 지표: ADX=40.3, ATR=413.5, Bull=False, Bear=True
2026-01-30 14:30:56,787 - INFO - [상태] 포지션: SHORT, 진입가: $82885.40, 현재가: $83153.30, 미실현PnL: $-74.74
2026-01-30 14:30:56,787 - INFO - [지표] ADX=nan, Bull=nan, Bear=nan
2026-01-30 14:35:56,828 - INFO - [상태] 포지션: SHORT, 진입가: $82885.40, 현재가: $83051.30, 미실현PnL: $-46.29
2026-01-30 14:35:56,829 - INFO - [지표] ADX=nan, Bull=nan, Bear=nan
2026-01-30 14:40:56,871 - INFO - [상태] 포지션: SHORT, 진입가: $82885.40, 현재가: $82967.90, 미실현PnL: $-23.02
2026-01-30 14:40:56,871 - INFO - [지표] ADX=nan, Bull=nan, Bear=nan
2026-01-30 14:45:00,076 - INFO - [EMA] 증분계산: prev=83008.13, close=82957.1, new=83004.20
2026-01-30 14:45:00,083 - INFO - 15m | 05:30 | O:83098.6 H:83157.8 L:82952.3 C:82957.1
2026-01-30 14:45:00,083 - INFO - 지표: ADX=38.4, ATR=396.2, Bull=False, Bear=True
2026-01-30 14:45:56,912 - INFO - [상태] 포지션: SHORT, 진입가: $82885.40, 현재가: $82890.00, 미실현PnL: $-1.28
2026-01-30 14:45:56,913 - INFO - [지표] ADX=nan, Bull=nan, Bear=nan
2026-01-30 14:50:56,955 - INFO - [상태] 포지션: SHORT, 진입가: $82885.40, 현재가: $82856.90, 미실현PnL: $7.95
2026-01-30 14:50:56,955 - INFO - [지표] ADX=nan, Bull=nan, Bear=nan
2026-01-30 14:55:56,998 - INFO - [상태] 포지션: SHORT, 진입가: $82885.40, 현재가: $82908.80, 미실현PnL: $-6.53
2026-01-30 14:55:56,998 - INFO - [지표] ADX=nan, Bull=nan, Bear=nan
2026-01-30 15:00:00,921 - INFO - [EMA] 증분계산: prev=83004.20, close=82759.7, new=82985.39
2026-01-30 15:00:00,927 - INFO - 15m | 05:45 | O:82957.1 H:82991.2 L:82758.0 C:82759.7
2026-01-30 15:00:00,927 - INFO - 지표: ADX=37.0, ATR=382.6, Bull=False, Bear=True
2026-01-30 15:00:57,039 - INFO - [상태] 포지션: SHORT, 진입가: $82885.40, 현재가: $82725.90, 미실현PnL: $44.50
2026-01-30 15:00:57,040 - INFO - [지표] ADX=nan, Bull=nan, Bear=nan
2026-01-30 15:05:57,083 - INFO - [상태] 포지션: SHORT, 진입가: $82885.40, 현재가: $82709.90, 미실현PnL: $48.96
2026-01-30 15:05:57,084 - INFO - [지표] ADX=nan, Bull=nan, Bear=nan
2026-01-30 15:10:57,126 - INFO - [상태] 포지션: SHORT, 진입가: $82885.40, 현재가: $82693.00, 미실현PnL: $53.68
2026-01-30 15:10:57,127 - INFO - [지표] ADX=nan, Bull=nan, Bear=nan
2026-01-30 15:15:00,326 - INFO - [EMA] 증분계산: prev=82985.39, close=82643.5, new=82959.09
2026-01-30 15:15:00,332 - INFO - 15m | 06:00 | O:82758.0 H:82770.9 L:82603.8 C:82643.5
2026-01-30 15:15:00,332 - INFO - 지표: ADX=36.0, ATR=364.6, Bull=False, Bear=True
2026-01-30 15:15:57,167 - INFO - [상태] 포지션: SHORT, 진입가: $82885.40, 현재가: $82625.40, 미실현PnL: $72.54
2026-01-30 15:15:57,168 - INFO - [지표] ADX=nan, Bull=nan, Bear=nan
2026-01-30 15:20:57,208 - INFO - [상태] 포지션: SHORT, 진입가: $82885.40, 현재가: $82483.70, 미실현PnL: $112.07
2026-01-30 15:20:57,208 - INFO - [지표] ADX=nan, Bull=nan, Bear=nan
2026-01-30 15:25:57,253 - INFO - [상태] 포지션: SHORT, 진입가: $82885.40, 현재가: $82494.10, 미실현PnL: $109.17
2026-01-30 15:25:57,253 - INFO - [지표] ADX=nan, Bull=nan, Bear=nan
2026-01-30 15:30:00,133 - INFO - [EMA] 증분계산: prev=82959.09, close=82261.8, new=82905.46
2026-01-30 15:30:00,140 - INFO - 15m | 06:15 | O:82643.5 H:82651.3 L:82213.6 C:82261.8
2026-01-30 15:30:00,140 - INFO - 지표: ADX=35.9, ATR=370.7, Bull=False, Bear=True
2026-01-30 15:30:57,294 - INFO - [상태] 포지션: SHORT, 진입가: $82885.40, 현재가: $82250.20, 미실현PnL: $177.22
2026-01-30 15:30:57,294 - INFO - [지표] ADX=nan, Bull=nan, Bear=nan
2026-01-30 15:35:57,337 - INFO - [상태] 포지션: SHORT, 진입가: $82885.40, 현재가: $82298.40, 미실현PnL: $163.77
2026-01-30 15:35:57,338 - INFO - [지표] ADX=nan, Bull=nan, Bear=nan
2026-01-30 15:40:57,380 - INFO - [상태] 포지션: SHORT, 진입가: $82885.40, 현재가: $82159.60, 미실현PnL: $202.50
2026-01-30 15:40:57,380 - INFO - [지표] ADX=nan, Bull=nan, Bear=nan
2026-01-30 15:45:00,428 - INFO - [EMA] 증분계산: prev=82905.46, close=82017.6, new=82837.16
2026-01-30 15:45:00,438 - INFO - 15m | 06:30 | O:82261.8 H:82355.0 L:82010.2 C:82017.6
2026-01-30 15:45:00,438 - INFO - 지표: ADX=36.1, ATR=368.6, Bull=False, Bear=True
2026-01-30 15:45:57,424 - INFO - [상태] 포지션: SHORT, 진입가: $82885.40, 현재가: $82027.50, 미실현PnL: $239.35
2026-01-30 15:45:57,425 - INFO - [지표] ADX=nan, Bull=nan, Bear=nan
2026-01-30 15:50:57,465 - INFO - [상태] 포지션: SHORT, 진입가: $82885.40, 현재가: $82287.90, 미실현PnL: $166.70
2026-01-30 15:50:57,465 - INFO - [지표] ADX=nan, Bull=nan, Bear=nan
2026-01-30 15:55:57,510 - INFO - [상태] 포지션: SHORT, 진입가: $82885.40, 현재가: $82492.90, 미실현PnL: $109.51
2026-01-30 15:55:57,510 - INFO - [지표] ADX=nan, Bull=nan, Bear=nan
2026-01-30 16:00:00,038 - INFO - [EMA] 증분계산: prev=82837.16, close=82442.9, new=82806.83
2026-01-30 16:00:00,044 - INFO - 15m | 06:45 | O:82018.8 H:82531.0 L:81917.3 C:82442.9
2026-01-30 16:00:00,044 - INFO - 지표: ADX=35.7, ATR=389.0, Bull=False, Bear=True
2026-01-30 16:00:57,553 - INFO - [상태] 포지션: SHORT, 진입가: $82885.40, 현재가: $82476.30, 미실현PnL: $114.14
2026-01-30 16:00:57,554 - INFO - [지표] ADX=nan, Bull=nan, Bear=nan
2026-01-30 16:05:57,596 - INFO - [상태] 포지션: SHORT, 진입가: $82885.40, 현재가: $82507.50, 미실현PnL: $105.43
2026-01-30 16:05:57,596 - INFO - [지표] ADX=nan, Bull=nan, Bear=nan
2026-01-30 16:10:57,642 - INFO - [상태] 포지션: SHORT, 진입가: $82885.40, 현재가: $82606.50, 미실현PnL: $77.81
2026-01-30 16:10:57,642 - INFO - [지표] ADX=nan, Bull=nan, Bear=nan
2026-01-30 16:15:01,337 - INFO - [EMA] 증분계산: prev=82806.83, close=82793.6, new=82805.81
2026-01-30 16:15:01,344 - INFO - 15m | 07:00 | O:82443.7 H:82950.9 L:82443.6 C:82793.6
2026-01-30 16:15:01,344 - INFO - 지표: ADX=34.0, ATR=398.9, Bull=False, Bear=True
2026-01-30 16:15:57,680 - INFO - [상태] 포지션: SHORT, 진입가: $82885.40, 현재가: $82838.80, 미실현PnL: $13.00
2026-01-30 16:15:57,680 - INFO - [지표] ADX=nan, Bull=nan, Bear=nan
2026-01-30 16:20:57,723 - INFO - [상태] 포지션: SHORT, 진입가: $82885.40, 현재가: $82665.10, 미실현PnL: $61.46
2026-01-30 16:20:57,723 - INFO - [지표] ADX=nan, Bull=nan, Bear=nan
2026-01-30 16:25:57,766 - INFO - [상태] 포지션: SHORT, 진입가: $82885.40, 현재가: $82577.20, 미실현PnL: $85.99
2026-01-30 16:25:57,767 - INFO - [지표] ADX=nan, Bull=nan, Bear=nan
2026-01-30 16:30:00,531 - INFO - [EMA] 증분계산: prev=82805.81, close=82522.7, new=82784.04
2026-01-30 16:30:00,537 - INFO - 15m | 07:15 | O:82797.1 H:82856.7 L:82512.7 C:82522.7
2026-01-30 16:30:00,537 - INFO - 지표: ADX=32.5, ATR=394.3, Bull=False, Bear=True
2026-01-30 16:30:57,809 - INFO - [상태] 포지션: SHORT, 진입가: $82885.40, 현재가: $82464.20, 미실현PnL: $117.51
2026-01-30 16:30:57,810 - INFO - [지표] ADX=nan, Bull=nan, Bear=nan
2026-01-30 16:35:57,855 - INFO - [상태] 포지션: SHORT, 진입가: $82885.40, 현재가: $82578.50, 미실현PnL: $85.63
2026-01-30 16:35:57,855 - INFO - [지표] ADX=nan, Bull=nan, Bear=nan
2026-01-30 16:40:57,899 - INFO - [상태] 포지션: SHORT, 진입가: $82885.40, 현재가: $82437.70, 미실현PnL: $124.91
2026-01-30 16:40:57,900 - INFO - [지표] ADX=nan, Bull=nan, Bear=nan
2026-01-30 16:45:00,046 - INFO - [EMA] 증분계산: prev=82784.04, close=82411.0, new=82755.34
2026-01-30 16:45:00,053 - INFO - 15m | 07:30 | O:82522.7 H:82585.3 L:82325.0 C:82411.0
2026-01-30 16:45:00,053 - INFO - 지표: ADX=31.4, ATR=383.2, Bull=False, Bear=True
2026-01-30 16:45:57,941 - INFO - [상태] 포지션: SHORT, 진입가: $82885.40, 현재가: $82398.70, 미실현PnL: $135.79
2026-01-30 16:45:57,941 - INFO - [지표] ADX=nan, Bull=nan, Bear=nan
2026-01-30 16:50:57,984 - INFO - [상태] 포지션: SHORT, 진입가: $82885.40, 현재가: $82639.20, 미실현PnL: $68.69
2026-01-30 16:50:57,985 - INFO - [지표] ADX=nan, Bull=nan, Bear=nan
2026-01-30 16:55:58,030 - INFO - [상태] 포지션: SHORT, 진입가: $82885.40, 현재가: $82745.90, 미실현PnL: $38.92
2026-01-30 16:55:58,030 - INFO - [지표] ADX=nan, Bull=nan, Bear=nan
2026-01-30 17:00:00,107 - INFO - [EMA] 증분계산: prev=82755.34, close=82658.7, new=82747.91
2026-01-30 17:00:00,114 - INFO - 15m | 07:45 | O:82411.0 H:82793.0 L:82378.9 C:82658.7
2026-01-30 17:00:00,114 - INFO - 지표: ADX=29.9, ATR=385.7, Bull=False, Bear=True
2026-01-30 17:00:58,071 - INFO - [상태] 포지션: SHORT, 진입가: $82885.40, 현재가: $82584.10, 미실현PnL: $84.06
2026-01-30 17:00:58,072 - INFO - [지표] ADX=nan, Bull=nan, Bear=nan
2026-01-30 17:05:58,114 - INFO - [상태] 포지션: SHORT, 진입가: $82885.40, 현재가: $82550.30, 미실현PnL: $93.49
2026-01-30 17:05:58,115 - INFO - [지표] ADX=nan, Bull=nan, Bear=nan
2026-01-30 17:10:58,158 - INFO - [상태] 포지션: SHORT, 진입가: $82885.40, 현재가: $82615.80, 미실현PnL: $75.22
2026-01-30 17:10:58,158 - INFO - [지표] ADX=nan, Bull=nan, Bear=nan
2026-01-30 17:15:00,028 - INFO - [EMA] 증분계산: prev=82747.91, close=82728.8, new=82746.44
2026-01-30 17:15:00,035 - INFO - 15m | 08:00 | O:82654.1 H:82739.5 L:82431.1 C:82728.8
2026-01-30 17:15:00,035 - INFO - 지표: ADX=28.4, ATR=379.3, Bull=False, Bear=True
2026-01-30 17:15:58,202 - INFO - [상태] 포지션: SHORT, 진입가: $82885.40, 현재가: $82787.80, 미실현PnL: $27.23
2026-01-30 17:15:58,202 - INFO - [지표] ADX=nan, Bull=nan, Bear=nan
2026-01-30 17:20:58,244 - INFO - [상태] 포지션: SHORT, 진입가: $82885.40, 현재가: $82742.80, 미실현PnL: $39.79
2026-01-30 17:20:58,245 - INFO - [지표] ADX=nan, Bull=nan, Bear=nan
2026-01-30 17:25:58,290 - INFO - [상태] 포지션: SHORT, 진입가: $82885.40, 현재가: $82687.30, 미실현PnL: $55.27
2026-01-30 17:25:58,290 - INFO - [지표] ADX=nan, Bull=nan, Bear=nan
2026-01-30 17:30:00,229 - INFO - [EMA] 증분계산: prev=82746.44, close=82529.2, new=82729.73
2026-01-30 17:30:00,239 - INFO - 15m | 08:15 | O:82728.8 H:82830.7 L:82529.2 C:82529.2
2026-01-30 17:30:00,239 - INFO - 지표: ADX=26.8, ATR=372.8, Bull=False, Bear=True
2026-01-30 17:30:58,334 - INFO - [상태] 포지션: SHORT, 진입가: $82885.40, 현재가: $82462.80, 미실현PnL: $117.91
2026-01-30 17:30:58,334 - INFO - [지표] ADX=nan, Bull=nan, Bear=nan
2026-01-30 17:35:58,378 - INFO - [상태] 포지션: SHORT, 진입가: $82885.40, 현재가: $82367.50, 미실현PnL: $144.49
2026-01-30 17:35:58,378 - INFO - [지표] ADX=nan, Bull=nan, Bear=nan
2026-01-30 17:40:58,421 - INFO - [상태] 포지션: SHORT, 진입가: $82885.40, 현재가: $82379.80, 미실현PnL: $141.06
2026-01-30 17:40:58,421 - INFO - [지표] ADX=nan, Bull=nan, Bear=nan
2026-01-30 17:45:00,238 - INFO - [EMA] 증분계산: prev=82729.73, close=82437.0, new=82707.21
2026-01-30 17:45:00,248 - INFO - 15m | 08:30 | O:82529.2 H:82529.2 L:82275.0 C:82437.0
2026-01-30 17:45:00,248 - INFO - 지표: ADX=25.9, ATR=362.9, Bull=False, Bear=True
2026-01-30 17:45:58,469 - INFO - [상태] 포지션: SHORT, 진입가: $82885.40, 현재가: $82433.10, 미실현PnL: $126.19
2026-01-30 17:45:58,469 - INFO - [지표] ADX=nan, Bull=nan, Bear=nan
2026-01-30 17:50:58,509 - INFO - [상태] 포지션: SHORT, 진입가: $82885.40, 현재가: $82438.40, 미실현PnL: $124.71
2026-01-30 17:50:58,509 - INFO - [지표] ADX=nan, Bull=nan, Bear=nan
2026-01-30 17:55:58,561 - INFO - [상태] 포지션: SHORT, 진입가: $82885.40, 현재가: $82461.50, 미실현PnL: $118.27
2026-01-30 17:55:58,562 - INFO - [지표] ADX=nan, Bull=nan, Bear=nan
2026-01-30 18:00:00,142 - INFO - [EMA] 증분계산: prev=82707.21, close=82502.9, new=82691.49
2026-01-30 18:00:00,148 - INFO - 15m | 08:45 | O:82435.9 H:82528.4 L:82328.5 C:82502.9
2026-01-30 18:00:00,148 - INFO - 지표: ADX=25.1, ATR=349.3, Bull=False, Bear=True
2026-01-30 18:00:58,603 - INFO - [상태] 포지션: SHORT, 진입가: $82885.40, 현재가: $82587.00, 미실현PnL: $83.25
2026-01-30 18:00:58,603 - INFO - [지표] ADX=nan, Bull=nan, Bear=nan
2026-01-30 18:05:58,644 - INFO - [상태] 포지션: SHORT, 진입가: $82885.40, 현재가: $82576.10, 미실현PnL: $86.29
2026-01-30 18:05:58,644 - INFO - [지표] ADX=nan, Bull=nan, Bear=nan
2026-01-30 18:10:58,699 - INFO - [상태] 포지션: SHORT, 진입가: $82885.40, 현재가: $82525.60, 미실현PnL: $100.38
2026-01-30 18:10:58,699 - INFO - [지표] ADX=nan, Bull=nan, Bear=nan
2026-01-30 18:15:00,551 - INFO - [EMA] 증분계산: prev=82691.49, close=82486.3, new=82675.71
2026-01-30 18:15:00,560 - INFO - 15m | 09:00 | O:82508.4 H:82679.4 L:82444.1 C:82486.3
2026-01-30 18:15:00,560 - INFO - 지표: ADX=23.8, ATR=339.8, Bull=False, Bear=True
2026-01-30 18:15:58,739 - INFO - [상태] 포지션: SHORT, 진입가: $82885.40, 현재가: $82503.20, 미실현PnL: $106.63
2026-01-30 18:15:58,740 - INFO - [지표] ADX=nan, Bull=nan, Bear=nan
2026-01-30 18:20:58,783 - INFO - [상태] 포지션: SHORT, 진입가: $82885.40, 현재가: $82417.40, 미실현PnL: $130.57
2026-01-30 18:20:58,783 - INFO - [지표] ADX=nan, Bull=nan, Bear=nan
2026-01-30 18:25:58,827 - INFO - [상태] 포지션: SHORT, 진입가: $82885.40, 현재가: $82167.40, 미실현PnL: $200.32
2026-01-30 18:25:58,827 - INFO - [지표] ADX=nan, Bull=nan, Bear=nan
2026-01-30 18:30:00,599 - INFO - [EMA] 증분계산: prev=82675.71, close=82250.9, new=82643.03
2026-01-30 18:30:00,609 - INFO - 15m | 09:15 | O:82479.4 H:82511.0 L:82063.1 C:82250.9
2026-01-30 18:30:00,609 - INFO - 지표: ADX=23.6, ATR=348.8, Bull=False, Bear=True
2026-01-30 18:30:58,869 - INFO - [상태] 포지션: SHORT, 진입가: $82885.40, 현재가: $82300.80, 미실현PnL: $163.10
2026-01-30 18:30:58,869 - INFO - [지표] ADX=nan, Bull=nan, Bear=nan
2026-01-30 18:35:58,911 - INFO - [상태] 포지션: SHORT, 진입가: $82885.40, 현재가: $82337.20, 미실현PnL: $152.95
2026-01-30 18:35:58,912 - INFO - [지표] ADX=nan, Bull=nan, Bear=nan
2026-01-30 18:40:58,953 - INFO - [상태] 포지션: SHORT, 진입가: $82885.40, 현재가: $82479.90, 미실현PnL: $113.13
2026-01-30 18:40:58,954 - INFO - [지표] ADX=nan, Bull=nan, Bear=nan
2026-01-30 18:45:00,550 - INFO - [EMA] 증분계산: prev=82643.03, close=82336.8, new=82619.48
2026-01-30 18:45:00,559 - INFO - 15m | 09:30 | O:82251.0 H:82495.4 L:82251.0 C:82336.8
2026-01-30 18:45:00,560 - INFO - 지표: ADX=23.4, ATR=340.1, Bull=False, Bear=True
2026-01-30 18:45:58,998 - INFO - [상태] 포지션: SHORT, 진입가: $82885.40, 현재가: $82205.50, 미실현PnL: $189.69
2026-01-30 18:45:58,999 - INFO - [지표] ADX=nan, Bull=nan, Bear=nan
2026-01-30 18:50:59,045 - INFO - [상태] 포지션: SHORT, 진입가: $82885.40, 현재가: $82107.90, 미실현PnL: $216.92
2026-01-30 18:50:59,045 - INFO - [지표] ADX=nan, Bull=nan, Bear=nan
2026-01-30 18:55:59,088 - INFO - [상태] 포지션: SHORT, 진입가: $82885.40, 현재가: $82149.60, 미실현PnL: $205.29
2026-01-30 18:55:59,088 - INFO - [지표] ADX=nan, Bull=nan, Bear=nan
2026-01-30 19:00:00,038 - INFO - [EMA] 증분계산: prev=82619.48, close=82211.8, new=82588.12
2026-01-30 19:00:00,044 - INFO - 15m | 09:45 | O:82334.2 H:82334.3 L:81995.0 C:82211.8
2026-01-30 19:00:00,044 - INFO - 지표: ADX=23.9, ATR=340.3, Bull=False, Bear=True
2026-01-30 19:00:59,131 - INFO - [상태] 포지션: SHORT, 진입가: $82885.40, 현재가: $82240.60, 미실현PnL: $179.90
2026-01-30 19:00:59,131 - INFO - [지표] ADX=nan, Bull=nan, Bear=nan
2026-01-30 19:05:59,176 - INFO - [상태] 포지션: SHORT, 진입가: $82885.40, 현재가: $82174.30, 미실현PnL: $198.40
2026-01-30 19:05:59,176 - INFO - [지표] ADX=nan, Bull=nan, Bear=nan
2026-01-30 19:10:59,303 - INFO - [상태] 포지션: SHORT, 진입가: $82885.40, 현재가: $82061.20, 미실현PnL: $229.95
2026-01-30 19:10:59,303 - INFO - [지표] ADX=nan, Bull=nan, Bear=nan
2026-01-30 19:15:00,735 - INFO - [EMA] 증분계산: prev=82588.12, close=82167.7, new=82555.78
2026-01-30 19:15:00,742 - INFO - 15m | 10:00 | O:82210.0 H:82266.5 L:82020.0 C:82167.7
2026-01-30 19:15:00,742 - INFO - 지표: ADX=24.2, ATR=332.5, Bull=False, Bear=True
2026-01-30 19:15:59,347 - INFO - [상태] 포지션: SHORT, 진입가: $82885.40, 현재가: $82153.70, 미실현PnL: $204.14
2026-01-30 19:15:59,347 - INFO - [지표] ADX=nan, Bull=nan, Bear=nan
2026-01-30 19:20:59,387 - INFO - [상태] 포지션: SHORT, 진입가: $82885.40, 현재가: $82346.90, 미실현PnL: $150.24
2026-01-30 19:20:59,388 - INFO - [지표] ADX=nan, Bull=nan, Bear=nan
2026-01-30 19:25:59,439 - INFO - [상태] 포지션: SHORT, 진입가: $82885.40, 현재가: $82386.50, 미실현PnL: $139.19
2026-01-30 19:25:59,439 - INFO - [지표] ADX=nan, Bull=nan, Bear=nan
2026-01-30 19:30:00,565 - INFO - [EMA] 증분계산: prev=82555.78, close=82362.7, new=82540.92
2026-01-30 19:30:00,572 - INFO - 15m | 10:15 | O:82166.2 H:82466.0 L:82092.5 C:82362.7
2026-01-30 19:30:00,572 - INFO - 지표: ADX=23.8, ATR=335.9, Bull=False, Bear=True
2026-01-30 19:30:59,483 - INFO - [상태] 포지션: SHORT, 진입가: $82885.40, 현재가: $82392.40, 미실현PnL: $137.55
2026-01-30 19:30:59,483 - INFO - [지표] ADX=nan, Bull=nan, Bear=nan
2026-01-30 19:35:59,525 - INFO - [상태] 포지션: SHORT, 진입가: $82885.40, 현재가: $82468.10, 미실현PnL: $116.43
2026-01-30 19:35:59,525 - INFO - [지표] ADX=nan, Bull=nan, Bear=nan
2026-01-30 19:40:59,569 - INFO - [상태] 포지션: SHORT, 진입가: $82885.40, 현재가: $82383.30, 미실현PnL: $140.09
2026-01-30 19:40:59,569 - INFO - [지표] ADX=nan, Bull=nan, Bear=nan
2026-01-30 19:45:00,513 - INFO - [EMA] 증분계산: prev=82540.92, close=82435.5, new=82532.81
2026-01-30 19:45:00,523 - INFO - 15m | 10:30 | O:82362.8 H:82499.9 L:82332.9 C:82435.5
2026-01-30 19:45:00,523 - INFO - 지표: ADX=23.3, ATR=321.8, Bull=False, Bear=True
2026-01-30 19:45:59,614 - INFO - [상태] 포지션: SHORT, 진입가: $82885.40, 현재가: $82415.10, 미실현PnL: $131.21
2026-01-30 19:45:59,614 - INFO - [지표] ADX=nan, Bull=nan, Bear=nan
2026-01-30 19:50:59,654 - INFO - [상태] 포지션: SHORT, 진입가: $82885.40, 현재가: $82613.80, 미실현PnL: $75.78
2026-01-30 19:50:59,655 - INFO - [지표] ADX=nan, Bull=nan, Bear=nan
2026-01-30 19:55:59,699 - INFO - [상태] 포지션: SHORT, 진입가: $82885.40, 현재가: $82594.40, 미실현PnL: $81.19
2026-01-30 19:55:59,699 - INFO - [지표] ADX=nan, Bull=nan, Bear=nan
2026-01-30 20:00:00,248 - INFO - [EMA] 증분계산: prev=82532.81, close=82670.2, new=82543.38
2026-01-30 20:00:00,257 - INFO - 15m | 10:45 | O:82433.7 H:82739.5 L:82408.3 C:82670.2
2026-01-30 20:00:00,257 - INFO - 지표: ADX=21.9, ATR=322.6, Bull=False, Bear=True
2026-01-30 20:00:59,745 - INFO - [상태] 포지션: SHORT, 진입가: $82885.40, 현재가: $82637.50, 미실현PnL: $69.16
2026-01-30 20:00:59,745 - INFO - [지표] ADX=nan, Bull=nan, Bear=nan
2026-01-30 20:05:59,788 - INFO - [상태] 포지션: SHORT, 진입가: $82885.40, 현재가: $82656.30, 미실현PnL: $63.92
2026-01-30 20:05:59,789 - INFO - [지표] ADX=nan, Bull=nan, Bear=nan
2026-01-30 20:10:59,892 - INFO - [상태] 포지션: SHORT, 진입가: $82885.40, 현재가: $82637.70, 미실현PnL: $69.11
2026-01-30 20:10:59,892 - INFO - [지표] ADX=nan, Bull=nan, Bear=nan
2026-01-30 20:15:01,678 - INFO - [EMA] 증분계산: prev=82543.38, close=82709.1, new=82556.13
2026-01-30 20:15:01,684 - INFO - 15m | 11:00 | O:82676.2 H:82709.9 L:82584.6 C:82709.1
2026-01-30 20:15:01,684 - INFO - 지표: ADX=20.6, ATR=306.2, Bull=False, Bear=True
2026-01-30 20:15:59,936 - INFO - [상태] 포지션: SHORT, 진입가: $82885.40, 현재가: $82695.50, 미실현PnL: $52.98
2026-01-30 20:15:59,936 - INFO - [지표] ADX=nan, Bull=nan, Bear=nan
2026-01-30 20:20:59,976 - INFO - [상태] 포지션: SHORT, 진입가: $82885.40, 현재가: $82596.40, 미실현PnL: $80.63
2026-01-30 20:20:59,977 - INFO - [지표] ADX=nan, Bull=nan, Bear=nan
2026-01-30 20:26:00,016 - INFO - [상태] 포지션: SHORT, 진입가: $82885.40, 현재가: $82629.70, 미실현PnL: $71.34
2026-01-30 20:26:00,016 - INFO - [지표] ADX=nan, Bull=nan, Bear=nan
2026-01-30 20:30:00,554 - INFO - [EMA] 증분계산: prev=82556.13, close=82584.0, new=82558.27
2026-01-30 20:30:00,560 - INFO - 15m | 11:15 | O:82709.1 H:82777.0 L:82537.1 C:82584.0
2026-01-30 20:30:00,560 - INFO - 지표: ADX=19.2, ATR=300.6, Bull=False, Bear=True
2026-01-30 20:31:00,063 - INFO - [상태] 포지션: SHORT, 진입가: $82885.40, 현재가: $82568.00, 미실현PnL: $88.55
2026-01-30 20:31:00,064 - INFO - [지표] ADX=nan, Bull=nan, Bear=nan
2026-01-30 20:36:00,107 - INFO - [상태] 포지션: SHORT, 진입가: $82885.40, 현재가: $82622.10, 미실현PnL: $73.46
2026-01-30 20:36:00,107 - INFO - [지표] ADX=nan, Bull=nan, Bear=nan
2026-01-30 20:41:00,149 - INFO - [상태] 포지션: SHORT, 진입가: $82885.40, 현재가: $82675.60, 미실현PnL: $58.53
2026-01-30 20:41:00,149 - INFO - [지표] ADX=nan, Bull=nan, Bear=nan
2026-01-30 20:45:00,540 - INFO - [EMA] 증분계산: prev=82558.27, close=82636.9, new=82564.32
2026-01-30 20:45:00,550 - INFO - 15m | 11:30 | O:82584.1 H:82826.7 L:82565.6 C:82636.9
2026-01-30 20:45:00,550 - INFO - 지표: ADX=18.0, ATR=297.3, Bull=False, Bear=True
2026-01-30 20:46:00,188 - INFO - [상태] 포지션: SHORT, 진입가: $82885.40, 현재가: $82607.00, 미실현PnL: $77.67
2026-01-30 20:46:00,188 - INFO - [지표] ADX=nan, Bull=nan, Bear=nan
2026-01-30 20:51:00,230 - INFO - [상태] 포지션: SHORT, 진입가: $82885.40, 현재가: $82635.40, 미실현PnL: $69.75
2026-01-30 20:51:00,230 - INFO - [지표] ADX=nan, Bull=nan, Bear=nan
2026-01-30 20:56:00,270 - INFO - [상태] 포지션: SHORT, 진입가: $82885.40, 현재가: $83031.30, 미실현PnL: $-40.71
2026-01-30 20:56:00,270 - INFO - [지표] ADX=nan, Bull=nan, Bear=nan
2026-01-30 21:00:00,063 - INFO - [EMA] 증분계산: prev=82564.32, close=82989.5, new=82597.03
2026-01-30 21:00:00,072 - INFO - 15m | 11:45 | O:82637.0 H:83156.6 L:82509.2 C:82989.5
2026-01-30 21:00:00,072 - INFO - 지표: ADX=17.9, ATR=326.5, Bull=False, Bear=True
2026-01-30 21:01:00,310 - INFO - [상태] 포지션: SHORT, 진입가: $82885.40, 현재가: $83022.10, 미실현PnL: $-38.14
2026-01-30 21:01:00,310 - INFO - [지표] ADX=nan, Bull=nan, Bear=nan
2026-01-30 21:06:00,352 - INFO - [상태] 포지션: SHORT, 진입가: $82885.40, 현재가: $83038.60, 미실현PnL: $-42.74
2026-01-30 21:06:00,353 - INFO - [지표] ADX=nan, Bull=nan, Bear=nan
2026-01-30 21:11:00,394 - INFO - [상태] 포지션: SHORT, 진입가: $82885.40, 현재가: $82882.80, 미실현PnL: $0.73
2026-01-30 21:11:00,394 - INFO - [지표] ADX=nan, Bull=nan, Bear=nan
2026-01-30 21:15:00,403 - INFO - [EMA] 증분계산: prev=82597.03, close=82784.4, new=82611.44
2026-01-30 21:15:00,409 - INFO - 15m | 12:00 | O:82989.4 H:83171.5 L:82775.1 C:82784.4
2026-01-30 21:15:00,409 - INFO - 지표: ADX=17.9, ATR=332.3, Bull=False, Bear=True
2026-01-30 21:16:00,437 - INFO - [상태] 포지션: SHORT, 진입가: $82885.40, 현재가: $82760.40, 미실현PnL: $34.88
2026-01-30 21:16:00,437 - INFO - [지표] ADX=nan, Bull=nan, Bear=nan
2026-01-30 21:21:00,480 - INFO - [상태] 포지션: SHORT, 진입가: $82885.40, 현재가: $82713.80, 미실현PnL: $47.88
2026-01-30 21:21:00,480 - INFO - [지표] ADX=nan, Bull=nan, Bear=nan
2026-01-30 21:26:00,525 - INFO - [상태] 포지션: SHORT, 진입가: $82885.40, 현재가: $82509.60, 미실현PnL: $104.85
2026-01-30 21:26:00,525 - INFO - [지표] ADX=nan, Bull=nan, Bear=nan
2026-01-30 21:30:01,465 - INFO - [EMA] 증분계산: prev=82611.44, close=82577.6, new=82608.84
2026-01-30 21:30:01,474 - INFO - 15m | 12:15 | O:82785.2 H:82804.6 L:82476.2 C:82577.6
2026-01-30 21:30:01,474 - INFO - 지표: ADX=16.7, ATR=332.0, Bull=False, Bear=True
2026-01-30 21:31:00,572 - INFO - [상태] 포지션: SHORT, 진입가: $82885.40, 현재가: $82609.10, 미실현PnL: $77.09
2026-01-30 21:31:00,572 - INFO - [지표] ADX=nan, Bull=nan, Bear=nan
2026-01-30 21:36:00,619 - INFO - [상태] 포지션: SHORT, 진입가: $82885.40, 현재가: $82547.10, 미실현PnL: $94.39
2026-01-30 21:36:00,619 - INFO - [지표] ADX=nan, Bull=nan, Bear=nan
2026-01-30 21:41:00,661 - INFO - [상태] 포지션: SHORT, 진입가: $82885.40, 현재가: $82647.10, 미실현PnL: $66.49
2026-01-30 21:41:00,661 - INFO - [지표] ADX=nan, Bull=nan, Bear=nan
2026-01-30 21:45:01,131 - INFO - [EMA] 증분계산: prev=82608.84, close=82572.0, new=82606.00
2026-01-30 21:45:01,140 - INFO - 15m | 12:30 | O:82577.6 H:82721.4 L:82509.4 C:82572.0
2026-01-30 21:45:01,141 - INFO - 지표: ADX=15.6, ATR=322.0, Bull=False, Bear=True
2026-01-30 21:46:00,701 - INFO - [상태] 포지션: SHORT, 진입가: $82885.40, 현재가: $82544.90, 미실현PnL: $95.00
2026-01-30 21:46:00,702 - INFO - [지표] ADX=nan, Bull=nan, Bear=nan
2026-01-30 21:51:00,745 - INFO - [상태] 포지션: SHORT, 진입가: $82885.40, 현재가: $82748.30, 미실현PnL: $38.25
2026-01-30 21:51:00,745 - INFO - [지표] ADX=nan, Bull=nan, Bear=nan
2026-01-30 21:56:00,794 - INFO - [상태] 포지션: SHORT, 진입가: $82885.40, 현재가: $82615.90, 미실현PnL: $75.19
2026-01-30 21:56:00,795 - INFO - [지표] ADX=nan, Bull=nan, Bear=nan
2026-01-30 22:00:00,710 - INFO - [EMA] 증분계산: prev=82606.00, close=82636.8, new=82608.37
2026-01-30 22:00:00,720 - INFO - 15m | 12:45 | O:82573.2 H:82766.0 L:82536.1 C:82636.8
2026-01-30 22:00:00,720 - INFO - 지표: ADX=14.7, ATR=314.3, Bull=False, Bear=True
2026-01-30 22:01:00,839 - INFO - [상태] 포지션: SHORT, 진입가: $82885.40, 현재가: $82634.20, 미실현PnL: $70.08
2026-01-30 22:01:00,839 - INFO - [지표] ADX=nan, Bull=nan, Bear=nan
2026-01-30 22:06:00,880 - INFO - [상태] 포지션: SHORT, 진입가: $82885.40, 현재가: $82447.70, 미실현PnL: $122.12
2026-01-30 22:06:00,880 - INFO - [지표] ADX=nan, Bull=nan, Bear=nan
2026-01-30 22:11:00,920 - INFO - [상태] 포지션: SHORT, 진입가: $82885.40, 현재가: $82594.80, 미실현PnL: $81.08
2026-01-30 22:11:00,921 - INFO - [지표] ADX=nan, Bull=nan, Bear=nan
2026-01-30 22:15:01,979 - INFO - [EMA] 증분계산: prev=82608.37, close=82583.4, new=82606.45
2026-01-30 22:15:01,989 - INFO - 15m | 13:00 | O:82636.8 H:82701.2 L:82383.7 C:82583.4
2026-01-30 22:15:01,989 - INFO - 지표: ADX=14.0, ATR=314.6, Bull=False, Bear=True
2026-01-30 22:16:00,967 - INFO - [상태] 포지션: SHORT, 진입가: $82885.40, 현재가: $82576.60, 미실현PnL: $86.16
2026-01-30 22:16:00,967 - INFO - [지표] ADX=nan, Bull=nan, Bear=nan
2026-01-30 22:21:01,008 - INFO - [상태] 포지션: SHORT, 진입가: $82885.40, 현재가: $82541.00, 미실현PnL: $96.09
2026-01-30 22:21:01,008 - INFO - [지표] ADX=nan, Bull=nan, Bear=nan
2026-01-30 22:26:01,055 - INFO - [상태] 포지션: SHORT, 진입가: $82885.40, 현재가: $82495.50, 미실현PnL: $108.78
2026-01-30 22:26:01,055 - INFO - [지표] ADX=nan, Bull=nan, Bear=nan
2026-01-30 22:30:00,046 - INFO - [EMA] 증분계산: prev=82606.45, close=82541.4, new=82601.45
2026-01-30 22:30:00,053 - INFO - 15m | 13:15 | O:82583.4 H:82653.7 L:82487.7 C:82541.4
2026-01-30 22:30:00,053 - INFO - 지표: ADX=13.3, ATR=302.2, Bull=False, Bear=True
2026-01-30 22:31:01,096 - INFO - [상태] 포지션: SHORT, 진입가: $82885.40, 현재가: $82475.40, 미실현PnL: $114.39
2026-01-30 22:31:01,096 - INFO - [지표] ADX=nan, Bull=nan, Bear=nan
2026-01-30 22:36:01,139 - INFO - [상태] 포지션: SHORT, 진입가: $82885.40, 현재가: $82796.50, 미실현PnL: $24.80
2026-01-30 22:36:01,140 - INFO - [지표] ADX=nan, Bull=nan, Bear=nan
2026-01-30 22:41:01,185 - INFO - [상태] 포지션: SHORT, 진입가: $82885.40, 현재가: $82699.20, 미실현PnL: $51.95
2026-01-30 22:41:01,185 - INFO - [지표] ADX=nan, Bull=nan, Bear=nan
2026-01-30 22:45:00,252 - INFO - [EMA] 증분계산: prev=82601.45, close=82776.5, new=82614.91
2026-01-30 22:45:00,258 - INFO - 15m | 13:30 | O:82557.2 H:82948.5 L:82229.2 C:82776.5
2026-01-30 22:45:00,258 - INFO - 지표: ADX=13.2, ATR=337.0, Bull=False, Bear=True
2026-01-30 22:46:01,227 - INFO - [상태] 포지션: SHORT, 진입가: $82885.40, 현재가: $82725.40, 미실현PnL: $44.64
2026-01-30 22:46:01,227 - INFO - [지표] ADX=nan, Bull=nan, Bear=nan
2026-01-30 22:51:01,270 - INFO - [상태] 포지션: SHORT, 진입가: $82885.40, 현재가: $82566.70, 미실현PnL: $88.92
2026-01-30 22:51:01,270 - INFO - [지표] ADX=nan, Bull=nan, Bear=nan
2026-01-30 22:56:01,313 - INFO - [상태] 포지션: SHORT, 진입가: $82885.40, 현재가: $82581.90, 미실현PnL: $84.68
2026-01-30 22:56:01,313 - INFO - [지표] ADX=nan, Bull=nan, Bear=nan
2026-01-30 23:00:00,061 - INFO - [EMA] 증분계산: prev=82614.91, close=82594.7, new=82613.36
2026-01-30 23:00:00,067 - INFO - 15m | 13:45 | O:82778.6 H:82782.2 L:82482.5 C:82594.7
2026-01-30 23:00:00,067 - INFO - 지표: ADX=13.0, ATR=333.9, Bull=False, Bear=True
2026-01-30 23:01:01,356 - INFO - [상태] 포지션: SHORT, 진입가: $82885.40, 현재가: $82662.30, 미실현PnL: $62.24
2026-01-30 23:01:01,356 - INFO - [지표] ADX=nan, Bull=nan, Bear=nan
2026-01-30 23:06:01,398 - INFO - [상태] 포지션: SHORT, 진입가: $82885.40, 현재가: $82836.00, 미실현PnL: $13.78
2026-01-30 23:06:01,399 - INFO - [지표] ADX=nan, Bull=nan, Bear=nan
2026-01-30 23:11:01,487 - INFO - [상태] 포지션: SHORT, 진입가: $82885.40, 현재가: $82776.70, 미실현PnL: $30.33
2026-01-30 23:11:01,487 - INFO - [지표] ADX=nan, Bull=nan, Bear=nan
2026-01-30 23:15:00,508 - INFO - [EMA] 증분계산: prev=82613.36, close=82834.7, new=82630.39
2026-01-30 23:15:00,518 - INFO - 15m | 14:00 | O:82592.1 H:82974.7 L:82580.5 C:82834.7
2026-01-30 23:15:00,518 - INFO - 지표: ADX=13.5, ATR=338.9, Bull=False, Bear=True
2026-01-30 23:16:01,528 - INFO - [상태] 포지션: SHORT, 진입가: $82885.40, 현재가: $82800.10, 미실현PnL: $23.80
2026-01-30 23:16:01,528 - INFO - [지표] ADX=nan, Bull=nan, Bear=nan
2026-01-30 23:21:01,575 - INFO - [상태] 포지션: SHORT, 진입가: $82885.40, 현재가: $82824.00, 미실현PnL: $17.13
2026-01-30 23:21:01,575 - INFO - [지표] ADX=nan, Bull=nan, Bear=nan
2026-01-30 23:26:01,617 - INFO - [상태] 포지션: SHORT, 진입가: $82885.40, 현재가: $82861.80, 미실현PnL: $6.58
2026-01-30 23:26:01,617 - INFO - [지표] ADX=nan, Bull=nan, Bear=nan
2026-01-30 23:30:00,184 - INFO - [EMA] 증분계산: prev=82630.39, close=82847.1, new=82647.06
2026-01-30 23:30:00,190 - INFO - 15m | 14:15 | O:82834.4 H:82991.4 L:82790.4 C:82847.1
2026-01-30 23:30:00,190 - INFO - 지표: ADX=14.1, ATR=327.4, Bull=False, Bear=True
2026-01-30 23:31:01,661 - INFO - [상태] 포지션: SHORT, 진입가: $82885.40, 현재가: $82914.60, 미실현PnL: $-8.15
2026-01-30 23:31:01,661 - INFO - [지표] ADX=nan, Bull=nan, Bear=nan
2026-01-30 23:36:01,702 - INFO - [상태] 포지션: SHORT, 진입가: $82885.40, 현재가: $83088.30, 미실현PnL: $-56.61
2026-01-30 23:36:01,702 - INFO - [지표] ADX=nan, Bull=nan, Bear=nan
2026-01-30 23:41:01,754 - INFO - [상태] 포지션: SHORT, 진입가: $82885.40, 현재가: $83211.30, 미실현PnL: $-90.93
2026-01-30 23:41:01,754 - INFO - [지표] ADX=nan, Bull=nan, Bear=nan
2026-01-30 23:45:00,049 - INFO - [EMA] 증분계산: prev=82647.06, close=83502.6, new=82712.87
2026-01-30 23:45:00,056 - INFO - 15m | 14:30 | O:82842.5 H:83523.4 L:82627.9 C:83502.6
2026-01-30 23:45:00,056 - INFO - 지표: ADX=16.0, ATR=374.7, Bull=False, Bear=True
2026-01-30 23:46:01,797 - INFO - [상태] 포지션: SHORT, 진입가: $82885.40, 현재가: $83518.10, 미실현PnL: $-176.52
2026-01-30 23:46:01,798 - INFO - [지표] ADX=nan, Bull=nan, Bear=nan
2026-01-30 23:51:01,839 - INFO - [상태] 포지션: SHORT, 진입가: $82885.40, 현재가: $83311.50, 미실현PnL: $-118.88
2026-01-30 23:51:01,839 - INFO - [지표] ADX=nan, Bull=nan, Bear=nan
2026-01-30 23:56:01,881 - INFO - [상태] 포지션: SHORT, 진입가: $82885.40, 현재가: $83102.40, 미실현PnL: $-60.54
2026-01-30 23:56:01,882 - INFO - [지표] ADX=nan, Bull=nan, Bear=nan
2026-01-31 00:00:00,048 - INFO - [EMA] 증분계산: prev=82712.87, close=82962.8, new=82732.09
2026-01-31 00:00:00,055 - INFO - 15m | 14:45 | O:83496.8 H:83659.0 L:82742.9 C:82962.8
2026-01-31 00:00:00,055 - INFO - 지표: ADX=18.0, ATR=419.9, Bull=False, Bear=True
2026-01-31 00:01:01,922 - INFO - [상태] 포지션: SHORT, 진입가: $82885.40, 현재가: $82958.50, 미실현PnL: $-20.39
2026-01-31 00:01:01,922 - INFO - [지표] ADX=nan, Bull=nan, Bear=nan
2026-01-31 00:06:01,965 - INFO - [상태] 포지션: SHORT, 진입가: $82885.40, 현재가: $83323.10, 미실현PnL: $-122.12
2026-01-31 00:06:01,965 - INFO - [지표] ADX=nan, Bull=nan, Bear=nan
2026-01-31 00:11:02,008 - INFO - [상태] 포지션: SHORT, 진입가: $82885.40, 현재가: $83306.00, 미실현PnL: $-117.35
2026-01-31 00:11:02,008 - INFO - [지표] ADX=nan, Bull=nan, Bear=nan
2026-01-31 00:15:00,051 - INFO - [EMA] 증분계산: prev=82732.09, close=83177.6, new=82766.36
2026-01-31 00:15:00,057 - INFO - 15m | 15:00 | O:82965.1 H:83480.6 L:82862.5 C:83177.6
2026-01-31 00:15:00,057 - INFO - 지표: ADX=19.8, ATR=436.4, Bull=False, Bear=True
2026-01-31 00:16:02,050 - INFO - [상태] 포지션: SHORT, 진입가: $82885.40, 현재가: $83200.10, 미실현PnL: $-87.80
2026-01-31 00:16:02,051 - INFO - [지표] ADX=nan, Bull=nan, Bear=nan
2026-01-31 00:21:02,093 - INFO - [상태] 포지션: SHORT, 진입가: $82885.40, 현재가: $83050.10, 미실현PnL: $-45.95
2026-01-31 00:21:02,093 - INFO - [지표] ADX=nan, Bull=nan, Bear=nan
2026-01-31 00:26:02,134 - INFO - [상태] 포지션: SHORT, 진입가: $82885.40, 현재가: $82900.60, 미실현PnL: $-4.24
2026-01-31 00:26:02,135 - INFO - [지표] ADX=nan, Bull=nan, Bear=nan
2026-01-31 00:30:00,093 - INFO - [EMA] 증분계산: prev=82766.36, close=82485.1, new=82744.73
2026-01-31 00:30:00,099 - INFO - 15m | 15:15 | O:83174.4 H:83442.9 L:82460.3 C:82485.1
2026-01-31 00:30:00,099 - INFO - 지표: ADX=19.7, ATR=481.9, Bull=False, Bear=True
2026-01-31 00:31:02,173 - INFO - [상태] 포지션: SHORT, 진입가: $82885.40, 현재가: $82466.00, 미실현PnL: $117.01
2026-01-31 00:31:02,173 - INFO - [지표] ADX=nan, Bull=nan, Bear=nan
2026-01-31 00:36:02,215 - INFO - [상태] 포지션: SHORT, 진입가: $82885.40, 현재가: $83076.10, 미실현PnL: $-53.21
2026-01-31 00:36:02,216 - INFO - [지표] ADX=nan, Bull=nan, Bear=nan
2026-01-31 00:41:02,266 - INFO - [상태] 포지션: SHORT, 진입가: $82885.40, 현재가: $83079.80, 미실현PnL: $-54.24
2026-01-31 00:41:02,266 - INFO - [지표] ADX=nan, Bull=nan, Bear=nan
2026-01-31 00:45:00,435 - INFO - [EMA] 증분계산: prev=82744.73, close=83133.6, new=82774.64
2026-01-31 00:45:00,444 - INFO - 15m | 15:30 | O:82487.7 H:83232.9 L:82238.0 C:83133.6
2026-01-31 00:45:00,445 - INFO - 지표: ADX=18.8, ATR=524.6, Bull=False, Bear=True
2026-01-31 00:46:02,307 - INFO - [상태] 포지션: SHORT, 진입가: $82885.40, 현재가: $83044.30, 미실현PnL: $-44.33
2026-01-31 00:46:02,308 - INFO - [지표] ADX=nan, Bull=nan, Bear=nan
2026-01-31 00:51:02,349 - INFO - [상태] 포지션: SHORT, 진입가: $82885.40, 현재가: $82919.60, 미실현PnL: $-9.54
2026-01-31 00:51:02,350 - INFO - [지표] ADX=nan, Bull=nan, Bear=nan
2026-01-31 00:56:02,388 - INFO - [상태] 포지션: SHORT, 진입가: $82885.40, 현재가: $82964.00, 미실현PnL: $-21.93
2026-01-31 00:56:02,389 - INFO - [지표] ADX=nan, Bull=nan, Bear=nan
2026-01-31 01:00:00,073 - INFO - [EMA] 증분계산: prev=82774.64, close=82744.9, new=82772.35
2026-01-31 01:00:00,083 - INFO - 15m | 15:45 | O:83132.9 H:83140.1 L:82720.1 C:82744.9
2026-01-31 01:00:00,083 - INFO - 지표: ADX=18.0, ATR=515.9, Bull=False, Bear=True
2026-01-31 01:01:02,430 - INFO - [상태] 포지션: SHORT, 진입가: $82885.40, 현재가: $82749.70, 미실현PnL: $37.86
2026-01-31 01:01:02,431 - INFO - [지표] ADX=nan, Bull=nan, Bear=nan
2026-01-31 01:06:02,470 - INFO - [상태] 포지션: SHORT, 진입가: $82885.40, 현재가: $82623.40, 미실현PnL: $73.10
2026-01-31 01:06:02,470 - INFO - [지표] ADX=nan, Bull=nan, Bear=nan
2026-01-31 01:11:02,577 - INFO - [상태] 포지션: SHORT, 진입가: $82885.40, 현재가: $82803.20, 미실현PnL: $22.93
2026-01-31 01:11:02,578 - INFO - [지표] ADX=nan, Bull=nan, Bear=nan
2026-01-31 01:15:00,748 - INFO - [EMA] 증분계산: prev=82772.35, close=82945.7, new=82785.69
2026-01-31 01:15:00,758 - INFO - 15m | 16:00 | O:82742.8 H:83028.7 L:82557.8 C:82945.7
2026-01-31 01:15:00,758 - INFO - 지표: ADX=16.8, ATR=512.2, Bull=False, Bear=True
2026-01-31 01:16:02,621 - INFO - [상태] 포지션: SHORT, 진입가: $82885.40, 현재가: $82899.30, 미실현PnL: $-3.88
2026-01-31 01:16:02,621 - INFO - [지표] ADX=nan, Bull=nan, Bear=nan
2026-01-31 01:21:02,660 - INFO - [상태] 포지션: SHORT, 진입가: $82885.40, 현재가: $82840.10, 미실현PnL: $12.64
2026-01-31 01:21:02,660 - INFO - [지표] ADX=nan, Bull=nan, Bear=nan
2026-01-31 01:26:02,701 - INFO - [상태] 포지션: SHORT, 진입가: $82885.40, 현재가: $82466.80, 미실현PnL: $116.79
2026-01-31 01:26:02,702 - INFO - [지표] ADX=nan, Bull=nan, Bear=nan
2026-01-31 01:30:00,041 - INFO - [EMA] 증분계산: prev=82785.69, close=83016.6, new=82803.45
2026-01-31 01:30:00,050 - INFO - 15m | 16:15 | O:82945.6 H:83114.2 L:82411.0 C:83016.6
2026-01-31 01:30:00,050 - INFO - 지표: ADX=16.1, ATR=528.1, Bull=False, Bear=True
2026-01-31 01:31:02,743 - INFO - [상태] 포지션: SHORT, 진입가: $82885.40, 현재가: $83064.80, 미실현PnL: $-50.05
2026-01-31 01:31:02,744 - INFO - [지표] ADX=nan, Bull=nan, Bear=nan
2026-01-31 01:36:02,786 - INFO - [상태] 포지션: SHORT, 진입가: $82885.40, 현재가: $83092.90, 미실현PnL: $-57.89
2026-01-31 01:36:02,787 - INFO - [지표] ADX=nan, Bull=nan, Bear=nan
2026-01-31 01:41:02,827 - INFO - [상태] 포지션: SHORT, 진입가: $82885.40, 현재가: $83253.50, 미실현PnL: $-102.70
2026-01-31 01:41:02,828 - INFO - [지표] ADX=nan, Bull=nan, Bear=nan
2026-01-31 01:45:00,928 - INFO - [EMA] 증분계산: prev=82803.45, close=83252.1, new=82837.96
2026-01-31 01:45:00,934 - INFO - 15m | 16:30 | O:83016.5 H:83360.1 L:82910.0 C:83252.1
2026-01-31 01:45:00,934 - INFO - 지표: ADX=15.3, ATR=521.6, Bull=False, Bear=True
2026-01-31 01:46:02,869 - INFO - [상태] 포지션: SHORT, 진입가: $82885.40, 현재가: $83139.70, 미실현PnL: $-70.95
2026-01-31 01:46:02,869 - INFO - [지표] ADX=nan, Bull=nan, Bear=nan
2026-01-31 01:51:02,909 - INFO - [상태] 포지션: SHORT, 진입가: $82885.40, 현재가: $82993.50, 미실현PnL: $-30.16
2026-01-31 01:51:02,909 - INFO - [지표] ADX=nan, Bull=nan, Bear=nan
2026-01-31 01:56:02,950 - INFO - [상태] 포지션: SHORT, 진입가: $82885.40, 현재가: $83018.80, 미실현PnL: $-37.22
2026-01-31 01:56:02,951 - INFO - [지표] ADX=nan, Bull=nan, Bear=nan
2026-01-31 02:00:00,446 - INFO - [EMA] 증분계산: prev=82837.96, close=83010.2, new=82851.21
2026-01-31 02:00:00,456 - INFO - 15m | 16:45 | O:83252.2 H:83263.7 L:82900.0 C:83010.2
2026-01-31 02:00:00,456 - INFO - 지표: ADX=14.4, ATR=508.4, Bull=False, Bear=True
2026-01-31 02:01:02,992 - INFO - [상태] 포지션: SHORT, 진입가: $82885.40, 현재가: $82876.20, 미실현PnL: $2.57
2026-01-31 02:01:02,992 - INFO - [지표] ADX=nan, Bull=nan, Bear=nan
2026-01-31 02:06:03,032 - INFO - [상태] 포지션: SHORT, 진입가: $82885.40, 현재가: $82620.30, 미실현PnL: $73.96
2026-01-31 02:06:03,033 - INFO - [지표] ADX=nan, Bull=nan, Bear=nan
2026-01-31 02:11:03,076 - INFO - [상태] 포지션: SHORT, 진입가: $82885.40, 현재가: $82740.00, 미실현PnL: $40.57
2026-01-31 02:11:03,076 - INFO - [지표] ADX=nan, Bull=nan, Bear=nan
2026-01-31 02:15:00,507 - INFO - [EMA] 증분계산: prev=82851.21, close=82606.0, new=82832.35
2026-01-31 02:15:00,514 - INFO - 15m | 17:00 | O:83006.5 H:83030.6 L:82490.5 C:82606.0
2026-01-31 02:15:00,514 - INFO - 지표: ADX=14.4, ATR=511.1, Bull=False, Bear=True
2026-01-31 02:16:03,115 - INFO - [상태] 포지션: SHORT, 진입가: $82885.40, 현재가: $82603.40, 미실현PnL: $78.68
2026-01-31 02:16:03,115 - INFO - [지표] ADX=nan, Bull=nan, Bear=nan
2026-01-31 02:21:03,159 - INFO - [상태] 포지션: SHORT, 진입가: $82885.40, 현재가: $82908.40, 미실현PnL: $-6.42
2026-01-31 02:21:03,159 - INFO - [지표] ADX=nan, Bull=nan, Bear=nan
2026-01-31 02:26:03,198 - INFO - [상태] 포지션: SHORT, 진입가: $82885.40, 현재가: $83215.70, 미실현PnL: $-92.15
2026-01-31 02:26:03,198 - INFO - [지표] ADX=nan, Bull=nan, Bear=nan
2026-01-31 02:30:00,109 - INFO - [EMA] 증분계산: prev=82832.35, close=83240.5, new=82863.74
2026-01-31 02:30:00,116 - INFO - 15m | 17:15 | O:82607.6 H:83342.7 L:82497.6 C:83240.5
2026-01-31 02:30:00,116 - INFO - 지표: ADX=13.4, ATR=538.9, Bull=False, Bear=True
2026-01-31 02:31:03,238 - INFO - [상태] 포지션: SHORT, 진입가: $82885.40, 현재가: $83157.40, 미실현PnL: $-75.89
2026-01-31 02:31:03,239 - INFO - [지표] ADX=nan, Bull=nan, Bear=nan
2026-01-31 02:36:03,278 - INFO - [상태] 포지션: SHORT, 진입가: $82885.40, 현재가: $82764.50, 미실현PnL: $33.73
2026-01-31 02:36:03,279 - INFO - [지표] ADX=nan, Bull=nan, Bear=nan
2026-01-31 02:41:03,318 - INFO - [상태] 포지션: SHORT, 진입가: $82885.40, 현재가: $82954.80, 미실현PnL: $-19.36
2026-01-31 02:41:03,319 - INFO - [지표] ADX=nan, Bull=nan, Bear=nan
2026-01-31 02:45:00,196 - INFO - [EMA] 증분계산: prev=82863.74, close=83013.9, new=82875.29
2026-01-31 02:45:00,203 - INFO - 15m | 17:30 | O:83239.3 H:83245.1 L:82719.9 C:83013.9
2026-01-31 02:45:00,203 - INFO - 지표: ADX=12.5, ATR=537.8, Bull=False, Bear=True
2026-01-31 02:46:03,360 - INFO - [상태] 포지션: SHORT, 진입가: $82885.40, 현재가: $83028.20, 미실현PnL: $-39.84
2026-01-31 02:46:03,360 - INFO - [지표] ADX=nan, Bull=nan, Bear=nan
2026-01-31 02:51:03,402 - INFO - [상태] 포지션: SHORT, 진입가: $82885.40, 현재가: $82949.40, 미실현PnL: $-17.86
2026-01-31 02:51:03,402 - INFO - [지표] ADX=nan, Bull=nan, Bear=nan
2026-01-31 02:56:03,441 - INFO - [상태] 포지션: SHORT, 진입가: $82885.40, 현재가: $82930.50, 미실현PnL: $-12.58
2026-01-31 02:56:03,441 - INFO - [지표] ADX=nan, Bull=nan, Bear=nan
2026-01-31 03:00:00,026 - INFO - [EMA] 증분계산: prev=82875.29, close=82803.1, new=82869.74
2026-01-31 03:00:00,032 - INFO - 15m | 17:45 | O:83010.1 H:83097.6 L:82793.0 C:82803.1
2026-01-31 03:00:00,032 - INFO - 지표: ADX=11.6, ATR=518.3, Bull=False, Bear=True
2026-01-31 03:01:03,481 - INFO - [상태] 포지션: SHORT, 진입가: $82885.40, 현재가: $82810.00, 미실현PnL: $21.04
2026-01-31 03:01:03,482 - INFO - [지표] ADX=nan, Bull=nan, Bear=nan
2026-01-31 03:06:03,526 - INFO - [상태] 포지션: SHORT, 진입가: $82885.40, 현재가: $83052.00, 미실현PnL: $-46.48
2026-01-31 03:06:03,527 - INFO - [지표] ADX=nan, Bull=nan, Bear=nan
2026-01-31 03:11:03,630 - INFO - [상태] 포지션: SHORT, 진입가: $82885.40, 현재가: $82659.40, 미실현PnL: $63.05
2026-01-31 03:11:03,631 - INFO - [지표] ADX=nan, Bull=nan, Bear=nan
2026-01-31 03:15:00,114 - INFO - [EMA] 증분계산: prev=82869.74, close=82728.3, new=82858.86
2026-01-31 03:15:00,121 - INFO - 15m | 18:00 | O:82803.2 H:83110.1 L:82612.8 C:82728.3
2026-01-31 03:15:00,121 - INFO - 지표: ADX=11.4, ATR=516.6, Bull=False, Bear=True
2026-01-31 03:16:03,672 - INFO - [상태] 포지션: SHORT, 진입가: $82885.40, 현재가: $82515.80, 미실현PnL: $103.12
2026-01-31 03:16:03,672 - INFO - [지표] ADX=nan, Bull=nan, Bear=nan
2026-01-31 03:21:03,713 - INFO - [상태] 포지션: SHORT, 진입가: $82885.40, 현재가: $81975.10, 미실현PnL: $253.97
2026-01-31 03:21:03,714 - INFO - [지표] ADX=nan, Bull=nan, Bear=nan
2026-01-31 03:26:03,754 - INFO - [상태] 포지션: SHORT, 진입가: $82885.40, 현재가: $81958.70, 미실현PnL: $258.55
2026-01-31 03:26:03,755 - INFO - [지표] ADX=nan, Bull=nan, Bear=nan
2026-01-31 03:30:00,095 - INFO - [EMA] 증분계산: prev=82858.86, close=82364.1, new=82820.80
2026-01-31 03:30:00,105 - INFO - 15m | 18:15 | O:82724.0 H:82761.9 L:81735.9 C:82364.1
2026-01-31 03:30:00,105 - INFO - 지표: ADX=13.1, ATR=559.0, Bull=False, Bear=True
2026-01-31 03:31:03,796 - INFO - [상태] 포지션: SHORT, 진입가: $82885.40, 현재가: $82262.50, 미실현PnL: $173.79
2026-01-31 03:31:03,796 - INFO - [지표] ADX=nan, Bull=nan, Bear=nan
2026-01-31 03:36:03,838 - INFO - [상태] 포지션: SHORT, 진입가: $82885.40, 현재가: $82238.00, 미실현PnL: $180.62
2026-01-31 03:36:03,838 - INFO - [지표] ADX=nan, Bull=nan, Bear=nan
2026-01-31 03:41:03,879 - INFO - [상태] 포지션: SHORT, 진입가: $82885.40, 현재가: $82344.20, 미실현PnL: $150.99
2026-01-31 03:41:03,880 - INFO - [지표] ADX=nan, Bull=nan, Bear=nan
2026-01-31 03:45:00,157 - INFO - [EMA] 증분계산: prev=82820.80, close=83002.1, new=82834.75
2026-01-31 03:45:00,167 - INFO - 15m | 18:30 | O:82365.3 H:83029.4 L:82045.6 C:83002.1
2026-01-31 03:45:00,167 - INFO - 지표: ADX=13.9, ATR=594.4, Bull=False, Bear=True
2026-01-31 03:46:03,921 - INFO - [상태] 포지션: SHORT, 진입가: $82885.40, 현재가: $83037.70, 미실현PnL: $-42.49
2026-01-31 03:46:03,922 - INFO - [지표] ADX=nan, Bull=nan, Bear=nan
2026-01-31 03:51:03,966 - INFO - [상태] 포지션: SHORT, 진입가: $82885.40, 현재가: $83382.80, 미실현PnL: $-138.77
2026-01-31 03:51:03,966 - INFO - [지표] ADX=nan, Bull=nan, Bear=nan
2026-01-31 03:56:04,006 - INFO - [상태] 포지션: SHORT, 진입가: $82885.40, 현재가: $83829.30, 미실현PnL: $-263.35
2026-01-31 03:56:04,006 - INFO - [지표] ADX=nan, Bull=nan, Bear=nan
2026-01-31 04:00:00,377 - INFO - [EMA] 증분계산: prev=82834.75, close=83796.2, new=82908.71
2026-01-31 04:00:00,387 - INFO - 15m | 18:45 | O:83002.1 H:84048.2 L:82900.0 C:83796.2
2026-01-31 04:00:00,387 - INFO - 지표: ADX=13.6, ATR=640.6, Bull=False, Bear=True
2026-01-31 04:01:04,046 - INFO - [상태] 포지션: SHORT, 진입가: $82885.40, 현재가: $83816.00, 미실현PnL: $-259.64
2026-01-31 04:01:04,047 - INFO - [지표] ADX=nan, Bull=nan, Bear=nan
2026-01-31 04:06:04,089 - INFO - [상태] 포지션: SHORT, 진입가: $82885.40, 현재가: $84147.90, 미실현PnL: $-352.24
2026-01-31 04:06:04,089 - INFO - [지표] ADX=nan, Bull=nan, Bear=nan
2026-01-31 04:11:04,131 - INFO - [상태] 포지션: SHORT, 진입가: $82885.40, 현재가: $83902.80, 미실현PnL: $-283.85
2026-01-31 04:11:04,132 - INFO - [지표] ADX=nan, Bull=nan, Bear=nan
2026-01-31 04:15:00,092 - INFO - [EMA] 증분계산: prev=82908.71, close=83997.1, new=82992.43
2026-01-31 04:15:00,101 - INFO - 15m | 19:00 | O:83796.0 H:84238.0 L:83770.7 C:83997.1
2026-01-31 04:15:00,102 - INFO - 지표: ADX=13.6, ATR=626.1, Bull=False, Bear=True
2026-01-31 04:16:04,174 - INFO - [상태] 포지션: SHORT, 진입가: $82885.40, 현재가: $84070.50, 미실현PnL: $-330.64
2026-01-31 04:16:04,174 - INFO - [지표] ADX=nan, Bull=nan, Bear=nan
2026-01-31 04:21:04,217 - INFO - [상태] 포지션: SHORT, 진입가: $82885.40, 현재가: $84354.10, 미실현PnL: $-409.77
2026-01-31 04:21:04,217 - INFO - [지표] ADX=nan, Bull=nan, Bear=nan
2026-01-31 04:26:04,258 - INFO - [상태] 포지션: SHORT, 진입가: $82885.40, 현재가: $84231.90, 미실현PnL: $-375.67
2026-01-31 04:26:04,258 - INFO - [지표] ADX=nan, Bull=nan, Bear=nan
2026-01-31 04:30:00,092 - INFO - [EMA] 증분계산: prev=82992.43, close=84176.0, new=83083.47
2026-01-31 04:30:00,098 - INFO - 15m | 19:15 | O:83997.0 H:84397.3 L:83947.5 C:84176.0
2026-01-31 04:30:00,098 - INFO - 지표: ADX=14.0, ATR=611.4, Bull=False, Bear=True
2026-01-31 04:31:04,301 - INFO - [상태] 포지션: SHORT, 진입가: $82885.40, 현재가: $84125.10, 미실현PnL: $-345.88
2026-01-31 04:31:04,302 - INFO - [지표] ADX=nan, Bull=nan, Bear=nan
2026-01-31 04:36:04,346 - INFO - [상태] 포지션: SHORT, 진입가: $82885.40, 현재가: $84387.60, 미실현PnL: $-419.11
2026-01-31 04:36:04,346 - INFO - [지표] ADX=nan, Bull=nan, Bear=nan
2026-01-31 04:41:04,388 - INFO - [상태] 포지션: SHORT, 진입가: $82885.40, 현재가: $84130.00, 미실현PnL: $-347.24
2026-01-31 04:41:04,389 - INFO - [지표] ADX=nan, Bull=nan, Bear=nan
2026-01-31 04:45:00,289 - INFO - [EMA] 증분계산: prev=83083.47, close=84111.8, new=83162.57
2026-01-31 04:45:00,296 - INFO - 15m | 19:30 | O:84174.3 H:84444.0 L:84005.7 C:84111.8
2026-01-31 04:45:00,296 - INFO - 지표: ADX=14.3, ATR=597.0, Bull=False, Bear=True
2026-01-31 04:46:04,432 - INFO - [상태] 포지션: SHORT, 진입가: $82885.40, 현재가: $84052.90, 미실현PnL: $-325.73
2026-01-31 04:46:04,432 - INFO - [지표] ADX=nan, Bull=nan, Bear=nan
2026-01-31 04:51:04,474 - INFO - [상태] 포지션: SHORT, 진입가: $82885.40, 현재가: $84248.80, 미실현PnL: $-380.39
2026-01-31 04:51:04,474 - INFO - [지표] ADX=nan, Bull=nan, Bear=nan
2026-01-31 04:56:04,514 - INFO - [상태] 포지션: SHORT, 진입가: $82885.40, 현재가: $84368.80, 미실현PnL: $-413.87
2026-01-31 04:56:04,514 - INFO - [지표] ADX=nan, Bull=nan, Bear=nan
2026-01-31 05:00:01,333 - INFO - [EMA] 증분계산: prev=83162.57, close=84115.7, new=83235.89
2026-01-31 05:00:01,340 - INFO - 15m | 19:45 | O:84110.5 H:84504.6 L:83988.2 C:84115.7
2026-01-31 05:00:01,340 - INFO - 지표: ADX=14.8, ATR=590.3, Bull=False, Bear=True
2026-01-31 05:01:04,557 - INFO - [상태] 포지션: SHORT, 진입가: $82885.40, 현재가: $84056.40, 미실현PnL: $-326.71
2026-01-31 05:01:04,557 - INFO - [지표] ADX=nan, Bull=nan, Bear=nan
2026-01-31 05:06:04,600 - INFO - [상태] 포지션: SHORT, 진입가: $82885.40, 현재가: $83856.60, 미실현PnL: $-270.96
2026-01-31 05:06:04,600 - INFO - [지표] ADX=nan, Bull=nan, Bear=nan
2026-01-31 05:11:04,641 - INFO - [상태] 포지션: SHORT, 진입가: $82885.40, 현재가: $83650.50, 미실현PnL: $-213.46
2026-01-31 05:11:04,641 - INFO - [지표] ADX=nan, Bull=nan, Bear=nan
2026-01-31 05:15:00,173 - INFO - [EMA] 증분계산: prev=83235.89, close=83763.7, new=83276.49
2026-01-31 05:15:00,180 - INFO - 15m | 20:00 | O:84110.6 H:84131.2 L:83530.6 C:83763.7
2026-01-31 05:15:00,180 - INFO - 지표: ADX=14.1, ATR=591.2, Bull=False, Bear=True
2026-01-31 05:16:04,684 - INFO - [상태] 포지션: SHORT, 진입가: $82885.40, 현재가: $83719.00, 미실현PnL: $-232.57
2026-01-31 05:16:04,684 - INFO - [지표] ADX=nan, Bull=nan, Bear=nan
2026-01-31 05:21:04,725 - INFO - [상태] 포지션: SHORT, 진입가: $82885.40, 현재가: $83634.90, 미실현PnL: $-209.11
2026-01-31 05:21:04,725 - INFO - [지표] ADX=nan, Bull=nan, Bear=nan
2026-01-31 05:26:04,766 - INFO - [상태] 포지션: SHORT, 진입가: $82885.40, 현재가: $83969.70, 미실현PnL: $-302.52
2026-01-31 05:26:04,766 - INFO - [지표] ADX=nan, Bull=nan, Bear=nan
2026-01-31 05:30:00,063 - INFO - [EMA] 증분계산: prev=83276.49, close=83819.1, new=83318.23
2026-01-31 05:30:00,073 - INFO - 15m | 20:15 | O:83763.8 H:84067.2 L:83400.0 C:83819.1
2026-01-31 05:30:00,073 - INFO - 지표: ADX=13.1, ATR=597.5, Bull=False, Bear=True
2026-01-31 05:31:04,808 - INFO - [상태] 포지션: SHORT, 진입가: $82885.40, 현재가: $83867.40, 미실현PnL: $-273.98
2026-01-31 05:31:04,809 - INFO - [지표] ADX=nan, Bull=nan, Bear=nan
2026-01-31 05:36:04,854 - INFO - [상태] 포지션: SHORT, 진입가: $82885.40, 현재가: $83880.00, 미실현PnL: $-277.49
2026-01-31 05:36:04,855 - INFO - [지표] ADX=nan, Bull=nan, Bear=nan
2026-01-31 05:41:04,896 - INFO - [상태] 포지션: SHORT, 진입가: $82885.40, 현재가: $83658.20, 미실현PnL: $-215.61
2026-01-31 05:41:04,896 - INFO - [지표] ADX=nan, Bull=nan, Bear=nan
2026-01-31 05:45:00,175 - INFO - [EMA] 증분계산: prev=83318.23, close=83829.2, new=83357.54
2026-01-31 05:45:00,181 - INFO - 15m | 20:30 | O:83819.9 H:84158.9 L:83414.6 C:83829.2
2026-01-31 05:45:00,182 - INFO - 지표: ADX=12.4, ATR=609.7, Bull=False, Bear=True
2026-01-31 05:46:04,943 - INFO - [상태] 포지션: SHORT, 진입가: $82885.40, 현재가: $83792.80, 미실현PnL: $-253.16
2026-01-31 05:46:04,943 - INFO - [지표] ADX=nan, Bull=nan, Bear=nan
2026-01-31 05:51:04,985 - INFO - [상태] 포지션: SHORT, 진입가: $82885.40, 현재가: $83786.70, 미실현PnL: $-251.46
2026-01-31 05:51:04,985 - INFO - [지표] ADX=nan, Bull=nan, Bear=nan
2026-01-31 05:56:05,026 - INFO - [상태] 포지션: SHORT, 진입가: $82885.40, 현재가: $83948.30, 미실현PnL: $-296.55
2026-01-31 05:56:05,026 - INFO - [지표] ADX=nan, Bull=nan, Bear=nan
2026-01-31 06:00:00,034 - INFO - [EMA] 증분계산: prev=83357.54, close=83765.5, new=83388.92
2026-01-31 06:00:00,041 - INFO - 15m | 20:45 | O:83829.2 H:83972.8 L:83555.9 C:83765.5
2026-01-31 06:00:00,041 - INFO - 지표: ADX=11.8, ATR=593.7, Bull=False, Bear=True
2026-01-31 06:01:05,066 - INFO - [상태] 포지션: SHORT, 진입가: $82885.40, 현재가: $83791.40, 미실현PnL: $-252.77
2026-01-31 06:01:05,067 - INFO - [지표] ADX=nan, Bull=nan, Bear=nan
2026-01-31 06:06:05,110 - INFO - [상태] 포지션: SHORT, 진입가: $82885.40, 현재가: $83818.70, 미실현PnL: $-260.39
2026-01-31 06:06:05,111 - INFO - [지표] ADX=nan, Bull=nan, Bear=nan
2026-01-31 06:11:05,153 - INFO - [상태] 포지션: SHORT, 진입가: $82885.40, 현재가: $83725.50, 미실현PnL: $-234.39
2026-01-31 06:11:05,153 - INFO - [지표] ADX=nan, Bull=nan, Bear=nan
2026-01-31 06:15:00,598 - INFO - [EMA] 증분계산: prev=83388.92, close=83909.6, new=83428.97
2026-01-31 06:15:00,604 - INFO - 15m | 21:00 | O:83766.1 H:83918.7 L:83638.6 C:83909.6
2026-01-31 06:15:00,604 - INFO - 지표: ADX=11.2, ATR=567.5, Bull=False, Bear=True
2026-01-31 06:16:05,195 - INFO - [상태] 포지션: SHORT, 진입가: $82885.40, 현재가: $83941.10, 미실현PnL: $-294.54
2026-01-31 06:16:05,196 - INFO - [지표] ADX=nan, Bull=nan, Bear=nan
2026-01-31 06:21:05,240 - INFO - [상태] 포지션: SHORT, 진입가: $82885.40, 현재가: $84277.30, 미실현PnL: $-388.34
2026-01-31 06:21:05,240 - INFO - [지표] ADX=nan, Bull=nan, Bear=nan
2026-01-31 06:26:05,282 - INFO - [상태] 포지션: SHORT, 진입가: $82885.40, 현재가: $84220.20, 미실현PnL: $-372.41
2026-01-31 06:26:05,283 - INFO - [지표] ADX=nan, Bull=nan, Bear=nan
2026-01-31 06:30:00,139 - INFO - [EMA] 증분계산: prev=83428.97, close=84119.3, new=83482.07
2026-01-31 06:30:00,145 - INFO - 15m | 21:15 | O:83909.6 H:84379.0 L:83899.8 C:84119.3
2026-01-31 06:30:00,145 - INFO - 지표: ADX=11.7, ATR=560.2, Bull=False, Bear=True
2026-01-31 06:31:05,325 - INFO - [상태] 포지션: SHORT, 진입가: $82885.40, 현재가: $84167.00, 미실현PnL: $-357.57
2026-01-31 06:31:05,325 - INFO - [지표] ADX=nan, Bull=nan, Bear=nan
2026-01-31 06:36:05,368 - INFO - [상태] 포지션: SHORT, 진입가: $82885.40, 현재가: $84077.10, 미실현PnL: $-332.48
2026-01-31 06:36:05,368 - INFO - [지표] ADX=nan, Bull=nan, Bear=nan
2026-01-31 06:41:05,411 - INFO - [상태] 포지션: SHORT, 진입가: $82885.40, 현재가: $83953.00, 미실현PnL: $-297.86
2026-01-31 06:41:05,411 - INFO - [지표] ADX=nan, Bull=nan, Bear=nan
2026-01-31 06:45:00,092 - INFO - [EMA] 증분계산: prev=83482.07, close=84067.5, new=83527.11
2026-01-31 06:45:00,101 - INFO - 15m | 21:30 | O:84121.1 H:84268.0 L:83890.7 C:84067.5
2026-01-31 06:45:00,102 - INFO - 지표: ADX=12.1, ATR=544.9, Bull=False, Bear=True
2026-01-31 06:46:05,454 - INFO - [상태] 포지션: SHORT, 진입가: $82885.40, 현재가: $84066.20, 미실현PnL: $-329.44
2026-01-31 06:46:05,454 - INFO - [지표] ADX=nan, Bull=nan, Bear=nan
2026-01-31 06:51:05,500 - INFO - [상태] 포지션: SHORT, 진입가: $82885.40, 현재가: $84112.20, 미실현PnL: $-342.28
2026-01-31 06:51:05,500 - INFO - [지표] ADX=nan, Bull=nan, Bear=nan
2026-01-31 06:56:05,543 - INFO - [상태] 포지션: SHORT, 진입가: $82885.40, 현재가: $84190.30, 미실현PnL: $-364.07
2026-01-31 06:56:05,544 - INFO - [지표] ADX=nan, Bull=nan, Bear=nan
2026-01-31 07:00:00,053 - INFO - [EMA] 증분계산: prev=83527.11, close=84120.2, new=83572.73
2026-01-31 07:00:00,059 - INFO - 15m | 21:45 | O:84066.2 H:84273.4 L:83987.7 C:84120.2
2026-01-31 07:00:00,059 - INFO - 지표: ADX=12.5, ATR=523.3, Bull=False, Bear=True
2026-01-31 07:01:05,588 - INFO - [상태] 포지션: SHORT, 진입가: $82885.40, 현재가: $84132.50, 미실현PnL: $-347.94
2026-01-31 07:01:05,588 - INFO - [지표] ADX=nan, Bull=nan, Bear=nan
2026-01-31 07:06:05,632 - INFO - [상태] 포지션: SHORT, 진입가: $82885.40, 현재가: $84058.90, 미실현PnL: $-327.41
2026-01-31 07:06:05,632 - INFO - [지표] ADX=nan, Bull=nan, Bear=nan
2026-01-31 07:11:05,676 - INFO - [상태] 포지션: SHORT, 진입가: $82885.40, 현재가: $84018.00, 미실현PnL: $-316.00
2026-01-31 07:11:05,676 - INFO - [지표] ADX=nan, Bull=nan, Bear=nan
2026-01-31 07:15:00,072 - INFO - [EMA] 증분계산: prev=83572.73, close=83852.9, new=83594.28
2026-01-31 07:15:00,079 - INFO - 15m | 22:00 | O:84124.8 H:84184.9 L:83852.9 C:83852.9
2026-01-31 07:15:00,079 - INFO - 지표: ADX=12.5, ATR=507.4, Bull=False, Bear=True
2026-01-31 07:16:05,718 - INFO - [상태] 포지션: SHORT, 진입가: $82885.40, 현재가: $83949.60, 미실현PnL: $-296.91
2026-01-31 07:16:05,718 - INFO - [지표] ADX=nan, Bull=nan, Bear=nan
2026-01-31 07:21:05,763 - INFO - [상태] 포지션: SHORT, 진입가: $82885.40, 현재가: $83894.90, 미실현PnL: $-281.65
2026-01-31 07:21:05,763 - INFO - [지표] ADX=nan, Bull=nan, Bear=nan
2026-01-31 07:26:05,809 - INFO - [상태] 포지션: SHORT, 진입가: $82885.40, 현재가: $83835.10, 미실현PnL: $-264.97
2026-01-31 07:26:05,810 - INFO - [지표] ADX=nan, Bull=nan, Bear=nan
2026-01-31 07:30:00,233 - INFO - [EMA] 증분계산: prev=83594.28, close=83790.6, new=83609.38
2026-01-31 07:30:00,239 - INFO - 15m | 22:15 | O:83852.9 H:83964.4 L:83759.0 C:83790.6
2026-01-31 07:30:00,239 - INFO - 지표: ADX=12.1, ATR=482.2, Bull=False, Bear=True
2026-01-31 07:31:05,854 - INFO - [상태] 포지션: SHORT, 진입가: $82885.40, 현재가: $83870.30, 미실현PnL: $-274.79
2026-01-31 07:31:05,854 - INFO - [지표] ADX=nan, Bull=nan, Bear=nan
2026-01-31 07:36:05,897 - INFO - [상태] 포지션: SHORT, 진입가: $82885.40, 현재가: $83875.20, 미실현PnL: $-276.15
2026-01-31 07:36:05,897 - INFO - [지표] ADX=nan, Bull=nan, Bear=nan
2026-01-31 07:41:05,940 - INFO - [상태] 포지션: SHORT, 진입가: $82885.40, 현재가: $83900.50, 미실현PnL: $-283.21
2026-01-31 07:41:05,941 - INFO - [지표] ADX=nan, Bull=nan, Bear=nan
2026-01-31 07:45:00,354 - INFO - [EMA] 증분계산: prev=83609.38, close=83849.4, new=83627.84
2026-01-31 07:45:00,360 - INFO - 15m | 22:30 | O:83792.4 H:83941.1 L:83781.9 C:83849.4
2026-01-31 07:45:00,361 - INFO - 지표: ADX=11.8, ATR=455.3, Bull=False, Bear=True
2026-01-31 07:46:05,983 - INFO - [상태] 포지션: SHORT, 진입가: $82885.40, 현재가: $83867.50, 미실현PnL: $-274.01
2026-01-31 07:46:05,983 - INFO - [지표] ADX=nan, Bull=nan, Bear=nan
2026-01-31 07:51:06,028 - INFO - [상태] 포지션: SHORT, 진입가: $82885.40, 현재가: $83932.60, 미실현PnL: $-292.17
2026-01-31 07:51:06,028 - INFO - [지표] ADX=nan, Bull=nan, Bear=nan
2026-01-31 07:56:06,074 - INFO - [상태] 포지션: SHORT, 진입가: $82885.40, 현재가: $84015.80, 미실현PnL: $-315.38
2026-01-31 07:56:06,075 - INFO - [지표] ADX=nan, Bull=nan, Bear=nan
2026-01-31 08:00:00,100 - INFO - [EMA] 증분계산: prev=83627.84, close=84083.1, new=83662.86
2026-01-31 08:00:00,107 - INFO - 15m | 22:45 | O:83849.9 H:84084.9 L:83797.5 C:84083.1
2026-01-31 08:00:00,107 - INFO - 지표: ADX=11.9, ATR=441.3, Bull=False, Bear=False
2026-01-31 08:01:06,121 - INFO - [상태] 포지션: SHORT, 진입가: $82885.40, 현재가: $84084.90, 미실현PnL: $-334.66
2026-01-31 08:01:06,121 - INFO - [지표] ADX=nan, Bull=nan, Bear=nan
2026-01-31 08:06:06,166 - INFO - [상태] 포지션: SHORT, 진입가: $82885.40, 현재가: $83996.40, 미실현PnL: $-309.97
2026-01-31 08:06:06,166 - INFO - [지표] ADX=nan, Bull=nan, Bear=nan
2026-01-31 08:11:06,211 - INFO - [상태] 포지션: SHORT, 진입가: $82885.40, 현재가: $83876.60, 미실현PnL: $-276.54
2026-01-31 08:11:06,211 - INFO - [지표] ADX=nan, Bull=nan, Bear=nan
2026-01-31 08:15:00,138 - INFO - [EMA] 증분계산: prev=83662.86, close=83874.9, new=83679.17
2026-01-31 08:15:00,147 - INFO - 15m | 23:00 | O:84083.0 H:84088.6 L:83781.1 C:83874.9
2026-01-31 08:15:00,147 - INFO - 지표: ADX=12.0, ATR=430.2, Bull=False, Bear=False
2026-01-31 08:16:06,253 - INFO - [상태] 포지션: SHORT, 진입가: $82885.40, 현재가: $83901.40, 미실현PnL: $-283.46
2026-01-31 08:16:06,254 - INFO - [지표] ADX=nan, Bull=nan, Bear=nan
2026-01-31 08:21:06,304 - INFO - [상태] 포지션: SHORT, 진입가: $82885.40, 현재가: $84042.60, 미실현PnL: $-322.86
2026-01-31 08:21:06,305 - INFO - [지표] ADX=nan, Bull=nan, Bear=nan
2026-01-31 08:26:06,348 - INFO - [상태] 포지션: SHORT, 진입가: $82885.40, 현재가: $84011.30, 미실현PnL: $-314.13
2026-01-31 08:26:06,348 - INFO - [지표] ADX=nan, Bull=nan, Bear=nan
2026-01-31 08:30:01,699 - INFO - [EMA] 증분계산: prev=83679.17, close=83899.1, new=83696.09
2026-01-31 08:30:01,706 - INFO - 15m | 23:15 | O:83875.0 H:84065.0 L:83830.9 C:83899.1
2026-01-31 08:30:01,706 - INFO - 지표: ADX=12.0, ATR=413.8, Bull=False, Bear=False
2026-01-31 08:31:06,397 - INFO - [상태] 포지션: SHORT, 진입가: $82885.40, 현재가: $83892.60, 미실현PnL: $-281.01
2026-01-31 08:31:06,398 - INFO - [지표] ADX=nan, Bull=nan, Bear=nan
2026-01-31 08:36:06,443 - INFO - [상태] 포지션: SHORT, 진입가: $82885.40, 현재가: $83872.50, 미실현PnL: $-275.40
2026-01-31 08:36:06,443 - INFO - [지표] ADX=nan, Bull=nan, Bear=nan
2026-01-31 08:41:06,485 - INFO - [상태] 포지션: SHORT, 진입가: $82885.40, 현재가: $83924.40, 미실현PnL: $-289.88
2026-01-31 08:41:06,485 - INFO - [지표] ADX=nan, Bull=nan, Bear=nan
2026-01-31 08:45:00,327 - INFO - [EMA] 증분계산: prev=83696.09, close=84090.2, new=83726.41
2026-01-31 08:45:00,333 - INFO - 15m | 23:30 | O:83894.4 H:84090.2 L:83852.5 C:84090.2
2026-01-31 08:45:00,333 - INFO - 지표: ADX=12.1, ATR=399.1, Bull=False, Bear=False
2026-01-31 08:46:06,540 - INFO - [상태] 포지션: SHORT, 진입가: $82885.40, 현재가: $84056.00, 미실현PnL: $-326.60
2026-01-31 08:46:06,540 - INFO - [지표] ADX=nan, Bull=nan, Bear=nan
2026-01-31 08:51:06,585 - INFO - [상태] 포지션: SHORT, 진입가: $82885.40, 현재가: $84097.70, 미실현PnL: $-338.23
2026-01-31 08:51:06,586 - INFO - [지표] ADX=nan, Bull=nan, Bear=nan
2026-01-31 08:56:06,626 - INFO - [상태] 포지션: SHORT, 진입가: $82885.40, 현재가: $84123.10, 미실현PnL: $-345.32
2026-01-31 08:56:06,626 - INFO - [지표] ADX=nan, Bull=nan, Bear=nan
