2026-01-25 09:00:01,933 - INFO - === 로그 파일 시작: logs/hyper_2026-01-25.log ===
2026-01-25 09:00:01,933 - INFO - [EMA] 증분계산: prev=89229.15, close=89074.0, new=89217.21
2026-01-25 09:00:01,942 - INFO - 15m | 23:45 | O:89165.6 H:89199.3 L:89059.5 C:89074.0
2026-01-25 09:00:01,943 - INFO - 지표: ADX=21.0, ATR=91.5, Bull=False, Bear=True
2026-01-25 09:00:39,119 - INFO - [상태] 포지션: SHORT, 진입가: $89271.35, 현재가: $89090.30, 미실현PnL: $202.23
2026-01-25 09:00:39,119 - INFO - [지표] ADX=nan, Bull=nan, Bear=nan
2026-01-25 09:05:39,162 - INFO - [상태] 포지션: SHORT, 진입가: $89271.35, 현재가: $89105.80, 미실현PnL: $184.92
2026-01-25 09:05:39,163 - INFO - [지표] ADX=nan, Bull=nan, Bear=nan
2026-01-25 09:10:39,205 - INFO - [상태] 포지션: SHORT, 진입가: $89271.35, 현재가: $89105.90, 미실현PnL: $184.81
2026-01-25 09:10:39,205 - INFO - [지표] ADX=nan, Bull=nan, Bear=nan
2026-01-25 09:15:03,038 - INFO - [EMA] 증분계산: prev=89217.21, close=89113.7, new=89209.25
2026-01-25 09:15:03,044 - INFO - 15m | 00:00 | O:89073.9 H:89124.7 L:89071.0 C:89113.7
2026-01-25 09:15:03,044 - INFO - 지표: ADX=20.9, ATR=88.3, Bull=False, Bear=True
2026-01-25 09:15:39,248 - INFO - [상태] 포지션: SHORT, 진입가: $89271.35, 현재가: $89122.80, 미실현PnL: $165.93
2026-01-25 09:15:39,248 - INFO - [지표] ADX=nan, Bull=nan, Bear=nan
2026-01-25 09:20:39,290 - INFO - [상태] 포지션: SHORT, 진입가: $89271.35, 현재가: $89145.60, 미실현PnL: $140.46
2026-01-25 09:20:39,290 - INFO - [지표] ADX=nan, Bull=nan, Bear=nan
2026-01-25 09:25:39,330 - INFO - [상태] 포지션: SHORT, 진입가: $89271.35, 현재가: $89067.00, 미실현PnL: $228.26
2026-01-25 09:25:39,331 - INFO - [지표] ADX=nan, Bull=nan, Bear=nan
2026-01-25 09:30:01,531 - INFO - [EMA] 증분계산: prev=89209.25, close=89042.5, new=89196.42
2026-01-25 09:30:01,540 - INFO - 15m | 00:15 | O:89113.7 H:89157.0 L:89027.7 C:89042.5
2026-01-25 09:30:01,540 - INFO - 지표: ADX=21.4, ATR=91.7, Bull=False, Bear=True
2026-01-25 09:30:39,381 - INFO - [상태] 포지션: SHORT, 진입가: $89271.35, 현재가: $89042.00, 미실현PnL: $256.18
2026-01-25 09:30:39,382 - INFO - [지표] ADX=nan, Bull=nan, Bear=nan
2026-01-25 09:35:39,424 - INFO - [상태] 포지션: SHORT, 진입가: $89271.35, 현재가: $89051.10, 미실현PnL: $246.02
2026-01-25 09:35:39,425 - INFO - [지표] ADX=nan, Bull=nan, Bear=nan
2026-01-25 09:40:39,467 - INFO - [상태] 포지션: SHORT, 진입가: $89271.35, 현재가: $89107.00, 미실현PnL: $183.58
2026-01-25 09:40:39,468 - INFO - [지표] ADX=nan, Bull=nan, Bear=nan
2026-01-25 09:45:00,071 - INFO - [EMA] 증분계산: prev=89196.42, close=89133.0, new=89191.54
2026-01-25 09:45:00,081 - INFO - 15m | 00:30 | O:89042.5 H:89133.0 L:89035.3 C:89133.0
2026-01-25 09:45:00,081 - INFO - 지표: ADX=21.7, ATR=92.2, Bull=False, Bear=True
2026-01-25 09:45:39,510 - INFO - [상태] 포지션: SHORT, 진입가: $89271.35, 현재가: $89129.60, 미실현PnL: $158.34
2026-01-25 09:45:39,511 - INFO - [지표] ADX=nan, Bull=nan, Bear=nan
2026-01-25 09:50:39,554 - INFO - [상태] 포지션: SHORT, 진입가: $89271.35, 현재가: $89124.40, 미실현PnL: $164.14
2026-01-25 09:50:39,554 - INFO - [지표] ADX=nan, Bull=nan, Bear=nan
2026-01-25 09:55:39,595 - INFO - [상태] 포지션: SHORT, 진입가: $89271.35, 현재가: $89132.40, 미실현PnL: $155.21
2026-01-25 09:55:39,595 - INFO - [지표] ADX=nan, Bull=nan, Bear=nan
2026-01-25 10:00:00,751 - INFO - [EMA] 증분계산: prev=89191.54, close=89167.5, new=89189.70
2026-01-25 10:00:00,758 - INFO - 15m | 00:45 | O:89133.0 H:89167.6 L:89115.0 C:89167.5
2026-01-25 10:00:00,758 - INFO - 지표: ADX=21.4, ATR=88.9, Bull=False, Bear=True
2026-01-25 10:00:39,639 - INFO - [상태] 포지션: SHORT, 진입가: $89271.35, 현재가: $89159.80, 미실현PnL: $124.60
2026-01-25 10:00:39,639 - INFO - [지표] ADX=nan, Bull=nan, Bear=nan
2026-01-25 10:05:39,694 - INFO - [상태] 포지션: SHORT, 진입가: $89271.35, 현재가: $89144.80, 미실현PnL: $141.36
2026-01-25 10:05:39,694 - INFO - [지표] ADX=nan, Bull=nan, Bear=nan
2026-01-25 10:10:39,749 - INFO - [상태] 포지션: SHORT, 진입가: $89271.35, 현재가: $89141.10, 미실현PnL: $145.49
2026-01-25 10:10:39,749 - INFO - [지표] ADX=nan, Bull=nan, Bear=nan
2026-01-25 10:15:00,213 - INFO - [EMA] 증분계산: prev=89189.70, close=89111.0, new=89183.64
2026-01-25 10:15:00,222 - INFO - 15m | 01:00 | O:89167.6 H:89176.6 L:89088.3 C:89111.0
2026-01-25 10:15:00,222 - INFO - 지표: ADX=21.5, ATR=88.9, Bull=False, Bear=True
2026-01-25 10:15:39,795 - INFO - [상태] 포지션: SHORT, 진입가: $89271.35, 현재가: $89107.20, 미실현PnL: $183.36
2026-01-25 10:15:39,796 - INFO - [지표] ADX=nan, Bull=nan, Bear=nan
2026-01-25 10:20:39,849 - INFO - [상태] 포지션: SHORT, 진입가: $89271.35, 현재가: $89084.10, 미실현PnL: $209.16
2026-01-25 10:20:39,849 - INFO - [지표] ADX=nan, Bull=nan, Bear=nan
2026-01-25 10:25:39,889 - INFO - [상태] 포지션: SHORT, 진입가: $89271.35, 현재가: $89102.60, 미실현PnL: $188.49
2026-01-25 10:25:39,890 - INFO - [지표] ADX=nan, Bull=nan, Bear=nan
2026-01-25 10:30:01,542 - INFO - [EMA] 증분계산: prev=89183.64, close=89045.5, new=89173.02
2026-01-25 10:30:01,551 - INFO - 15m | 01:15 | O:89111.0 H:89120.6 L:89045.5 C:89045.5
2026-01-25 10:30:01,551 - INFO - 지표: ADX=22.0, ATR=87.7, Bull=False, Bear=True
2026-01-25 10:30:39,936 - INFO - [상태] 포지션: SHORT, 진입가: $89271.35, 현재가: $89044.90, 미실현PnL: $252.95
2026-01-25 10:30:39,936 - INFO - [지표] ADX=nan, Bull=nan, Bear=nan
2026-01-25 10:35:39,981 - INFO - [상태] 포지션: SHORT, 진입가: $89271.35, 현재가: $89010.00, 미실현PnL: $291.93
2026-01-25 10:35:39,981 - INFO - [지표] ADX=nan, Bull=nan, Bear=nan
2026-01-25 10:40:40,022 - INFO - [상태] 포지션: SHORT, 진입가: $89271.35, 현재가: $88991.90, 미실현PnL: $312.15
2026-01-25 10:40:40,022 - INFO - [지표] ADX=nan, Bull=nan, Bear=nan
2026-01-25 10:45:03,039 - INFO - [EMA] 증분계산: prev=89173.02, close=88991.0, new=89159.01
2026-01-25 10:45:03,046 - INFO - 15m | 01:30 | O:89045.6 H:89049.9 L:88924.3 C:88991.0
2026-01-25 10:45:03,046 - INFO - 지표: ADX=23.6, ATR=90.9, Bull=False, Bear=True
2026-01-25 10:45:40,065 - INFO - [상태] 포지션: SHORT, 진입가: $89271.35, 현재가: $89019.10, 미실현PnL: $281.76
2026-01-25 10:45:40,065 - INFO - [지표] ADX=nan, Bull=nan, Bear=nan
2026-01-25 10:50:40,112 - INFO - [상태] 포지션: SHORT, 진입가: $89271.35, 현재가: $89029.00, 미실현PnL: $270.71
2026-01-25 10:50:40,112 - INFO - [지표] ADX=nan, Bull=nan, Bear=nan
2026-01-25 10:55:40,166 - INFO - [상태] 포지션: SHORT, 진입가: $89271.35, 현재가: $89014.80, 미실현PnL: $286.57
2026-01-25 10:55:40,166 - INFO - [지표] ADX=nan, Bull=nan, Bear=nan
2026-01-25 11:00:03,043 - INFO - [EMA] 증분계산: prev=89159.01, close=89024.0, new=89148.63
2026-01-25 11:00:03,053 - INFO - 15m | 01:45 | O:88990.9 H:89047.3 L:88990.9 C:89024.0
2026-01-25 11:00:03,053 - INFO - 지표: ADX=25.1, ATR=88.0, Bull=False, Bear=True
2026-01-25 11:00:40,207 - INFO - [상태] 포지션: SHORT, 진입가: $89271.35, 현재가: $89024.10, 미실현PnL: $276.18
2026-01-25 11:00:40,207 - INFO - [지표] ADX=nan, Bull=nan, Bear=nan
2026-01-25 11:05:40,255 - INFO - [상태] 포지션: SHORT, 진입가: $89271.35, 현재가: $89073.90, 미실현PnL: $220.55
2026-01-25 11:05:40,255 - INFO - [지표] ADX=nan, Bull=nan, Bear=nan
2026-01-25 11:10:40,301 - INFO - [상태] 포지션: SHORT, 진입가: $89271.35, 현재가: $89075.70, 미실현PnL: $218.54
2026-01-25 11:10:40,301 - INFO - [지표] ADX=nan, Bull=nan, Bear=nan
2026-01-25 11:15:03,041 - INFO - [EMA] 증분계산: prev=89148.63, close=89091.9, new=89144.26
2026-01-25 11:15:03,048 - INFO - 15m | 02:00 | O:89020.0 H:89126.8 L:89011.3 C:89091.9
2026-01-25 11:15:03,048 - INFO - 지표: ADX=25.1, ATR=90.3, Bull=False, Bear=True
2026-01-25 11:15:40,349 - INFO - [상태] 포지션: SHORT, 진입가: $89271.35, 현재가: $89075.40, 미실현PnL: $218.88
2026-01-25 11:15:40,349 - INFO - [지표] ADX=nan, Bull=nan, Bear=nan
2026-01-25 11:20:40,390 - INFO - [상태] 포지션: SHORT, 진입가: $89271.35, 현재가: $89062.20, 미실현PnL: $233.62
2026-01-25 11:20:40,390 - INFO - [지표] ADX=nan, Bull=nan, Bear=nan
2026-01-25 11:25:40,438 - INFO - [상태] 포지션: SHORT, 진입가: $89271.35, 현재가: $89048.00, 미실현PnL: $249.48
2026-01-25 11:25:40,438 - INFO - [지표] ADX=nan, Bull=nan, Bear=nan
2026-01-25 11:30:01,572 - INFO - [EMA] 증분계산: prev=89144.26, close=88990.7, new=89132.45
2026-01-25 11:30:01,582 - INFO - 15m | 02:15 | O:89091.9 H:89092.8 L:88982.7 C:88990.7
2026-01-25 11:30:01,582 - INFO - 지표: ADX=25.3, ATR=92.0, Bull=False, Bear=True
2026-01-25 11:30:40,481 - INFO - [상태] 포지션: SHORT, 진입가: $89271.35, 현재가: $89002.80, 미실현PnL: $299.97
2026-01-25 11:30:40,481 - INFO - [지표] ADX=nan, Bull=nan, Bear=nan
2026-01-25 11:35:40,524 - INFO - [상태] 포지션: SHORT, 진입가: $89271.35, 현재가: $89041.40, 미실현PnL: $256.86
2026-01-25 11:35:40,524 - INFO - [지표] ADX=nan, Bull=nan, Bear=nan
2026-01-25 11:40:40,571 - INFO - [상태] 포지션: SHORT, 진입가: $89271.35, 현재가: $89029.70, 미실현PnL: $269.92
2026-01-25 11:40:40,572 - INFO - [지표] ADX=nan, Bull=nan, Bear=nan
2026-01-25 11:45:00,708 - INFO - [EMA] 증분계산: prev=89132.45, close=88988.8, new=89121.40
2026-01-25 11:45:00,718 - INFO - 15m | 02:30 | O:88990.8 H:89052.0 L:88986.0 C:88988.8
2026-01-25 11:45:00,718 - INFO - 지표: ADX=25.5, ATR=89.8, Bull=False, Bear=True
2026-01-25 11:45:40,613 - INFO - [상태] 포지션: SHORT, 진입가: $89271.35, 현재가: $89000.00, 미실현PnL: $303.10
2026-01-25 11:45:40,613 - INFO - [지표] ADX=nan, Bull=nan, Bear=nan
2026-01-25 11:50:40,655 - INFO - [상태] 포지션: SHORT, 진입가: $89271.35, 현재가: $89007.50, 미실현PnL: $294.72
2026-01-25 11:50:40,655 - INFO - [지표] ADX=nan, Bull=nan, Bear=nan
2026-01-25 11:55:40,698 - INFO - [상태] 포지션: SHORT, 진입가: $89271.35, 현재가: $89024.00, 미실현PnL: $276.29
2026-01-25 11:55:40,698 - INFO - [지표] ADX=nan, Bull=nan, Bear=nan
2026-01-25 12:00:02,227 - INFO - [EMA] 증분계산: prev=89121.40, close=89000.9, new=89112.13
2026-01-25 12:00:02,234 - INFO - 15m | 02:45 | O:88988.9 H:89024.1 L:88986.2 C:89000.9
2026-01-25 12:00:02,234 - INFO - 지표: ADX=25.7, ATR=85.5, Bull=False, Bear=True
2026-01-25 12:00:40,743 - INFO - [상태] 포지션: SHORT, 진입가: $89271.35, 현재가: $89007.70, 미실현PnL: $294.50
2026-01-25 12:00:40,743 - INFO - [지표] ADX=nan, Bull=nan, Bear=nan
2026-01-25 12:05:40,786 - INFO - [상태] 포지션: SHORT, 진입가: $89271.35, 현재가: $89038.40, 미실현PnL: $260.21
2026-01-25 12:05:40,787 - INFO - [지표] ADX=nan, Bull=nan, Bear=nan
2026-01-25 12:10:40,832 - INFO - [상태] 포지션: SHORT, 진입가: $89271.35, 현재가: $89007.30, 미실현PnL: $294.94
2026-01-25 12:10:40,832 - INFO - [지표] ADX=nan, Bull=nan, Bear=nan
2026-01-25 12:15:03,002 - INFO - [EMA] 증분계산: prev=89112.13, close=89000.1, new=89103.51
2026-01-25 12:15:03,011 - INFO - 15m | 03:00 | O:89000.9 H:89040.6 L:88984.0 C:89000.1
2026-01-25 12:15:03,012 - INFO - 지표: ADX=25.5, ATR=83.1, Bull=False, Bear=True
2026-01-25 12:15:40,873 - INFO - [상태] 포지션: SHORT, 진입가: $89271.35, 현재가: $88982.20, 미실현PnL: $322.98
2026-01-25 12:15:40,873 - INFO - [지표] ADX=nan, Bull=nan, Bear=nan
2026-01-25 12:20:40,915 - INFO - [상태] 포지션: SHORT, 진입가: $89271.35, 현재가: $88883.00, 미실현PnL: $433.79
2026-01-25 12:20:40,916 - INFO - [지표] ADX=nan, Bull=nan, Bear=nan
2026-01-25 12:25:40,987 - INFO - [상태] 포지션: SHORT, 진입가: $89271.35, 현재가: $88915.10, 미실현PnL: $397.93
2026-01-25 12:25:40,987 - INFO - [지표] ADX=nan, Bull=nan, Bear=nan
2026-01-25 12:30:02,712 - INFO - [EMA] 증분계산: prev=89103.51, close=88888.1, new=89086.94
2026-01-25 12:30:02,719 - INFO - 15m | 03:15 | O:89000.0 H:89000.0 L:88838.5 C:88888.1
2026-01-25 12:30:02,719 - INFO - 지표: ADX=26.7, ATR=89.6, Bull=False, Bear=True
2026-01-25 12:30:19,398 - INFO - [LIVE] TP 체결 감지: $88818.37
2026-01-25 12:30:19,399 - INFO - [LIVE] TP 청산: PnL=$505.98, 수수료=$39.8864, 순익=$466.09
2026-01-25 12:30:19,399 - INFO - [LIVE] 자본금 업데이트: $5453.64 → $5919.73
2026-01-25 12:30:19,442 - INFO - 모든 대기 주문 취소 완료
2026-01-25 12:30:19,995 - WARNING - [자본금 동기화] 로컬: $5919.73 → 사용가능: $5880.60 (실제 잔고 $6534.00의 90%)
2026-01-25 12:30:19,995 - INFO - 거래 기록 저장: TP @ $88818.37
2026-01-25 12:30:40,988 - INFO - [상태] 포지션 없음, 자본금: $5880.60
2026-01-25 12:30:40,988 - INFO - [지표] ADX=nan, Bull=nan, Bear=nan
2026-01-25 12:35:40,994 - INFO - [상태] 포지션 없음, 자본금: $5880.60
2026-01-25 12:35:40,995 - INFO - [지표] ADX=nan, Bull=nan, Bear=nan
2026-01-25 12:40:40,998 - INFO - [상태] 포지션 없음, 자본금: $5880.60
2026-01-25 12:40:40,998 - INFO - [지표] ADX=nan, Bull=nan, Bear=nan
2026-01-25 12:45:01,961 - INFO - [EMA] 증분계산: prev=89086.94, close=88783.5, new=89063.60
2026-01-25 12:45:01,968 - INFO - 15m | 03:30 | O:88888.0 H:88888.0 L:88705.0 C:88783.5
2026-01-25 12:45:01,968 - INFO - 지표: ADX=28.7, ATR=97.4, Bull=False, Bear=True
2026-01-25 12:45:41,004 - INFO - [상태] 포지션 없음, 자본금: $5880.60
2026-01-25 12:45:41,005 - INFO - [지표] ADX=nan, Bull=nan, Bear=nan
2026-01-25 12:50:41,008 - INFO - [상태] 포지션 없음, 자본금: $5880.60
2026-01-25 12:50:41,009 - INFO - [지표] ADX=nan, Bull=nan, Bear=nan
2026-01-25 12:55:41,010 - INFO - [상태] 포지션 없음, 자본금: $5880.60
2026-01-25 12:55:41,011 - INFO - [지표] ADX=nan, Bull=nan, Bear=nan
2026-01-25 13:00:01,670 - INFO - [EMA] 증분계산: prev=89063.60, close=88814.9, new=89044.47
2026-01-25 13:00:01,676 - INFO - 15m | 03:45 | O:88783.5 H:88845.0 L:88693.5 C:88814.9
2026-01-25 13:00:01,676 - INFO - 지표: ADX=30.6, ATR=101.9, Bull=False, Bear=True
2026-01-25 13:00:41,014 - INFO - [상태] 포지션 없음, 자본금: $5880.60
2026-01-25 13:00:41,014 - INFO - [지표] ADX=nan, Bull=nan, Bear=nan
2026-01-25 13:05:41,018 - INFO - [상태] 포지션 없음, 자본금: $5880.60
2026-01-25 13:05:41,019 - INFO - [지표] ADX=nan, Bull=nan, Bear=nan
2026-01-25 13:10:41,020 - INFO - [상태] 포지션 없음, 자본금: $5880.60
2026-01-25 13:10:41,020 - INFO - [지표] ADX=nan, Bull=nan, Bear=nan
2026-01-25 13:15:00,584 - INFO - [EMA] 증분계산: prev=89044.47, close=88833.9, new=89028.27
2026-01-25 13:15:00,591 - INFO - 15m | 04:00 | O:88814.8 H:88890.0 L:88794.1 C:88833.9
2026-01-25 13:15:00,591 - INFO - 지표: ADX=31.6, ATR=101.4, Bull=False, Bear=True
2026-01-25 13:15:41,027 - INFO - [상태] 포지션 없음, 자본금: $5880.60
2026-01-25 13:15:41,027 - INFO - [지표] ADX=nan, Bull=nan, Bear=nan
2026-01-25 13:20:41,033 - INFO - [상태] 포지션 없음, 자본금: $5880.60
2026-01-25 13:20:41,033 - INFO - [지표] ADX=nan, Bull=nan, Bear=nan
2026-01-25 13:25:41,036 - INFO - [상태] 포지션 없음, 자본금: $5880.60
2026-01-25 13:25:41,036 - INFO - [지표] ADX=nan, Bull=nan, Bear=nan
2026-01-25 13:30:00,302 - INFO - [EMA] 증분계산: prev=89028.27, close=88826.0, new=89012.71
2026-01-25 13:30:00,309 - INFO - 15m | 04:15 | O:88831.0 H:88864.9 L:88804.7 C:88826.0
2026-01-25 13:30:00,309 - INFO - 지표: ADX=32.5, ATR=98.0, Bull=False, Bear=True
2026-01-25 13:30:41,040 - INFO - [상태] 포지션 없음, 자본금: $5880.60
2026-01-25 13:30:41,041 - INFO - [지표] ADX=nan, Bull=nan, Bear=nan
2026-01-25 13:35:41,047 - INFO - [상태] 포지션 없음, 자본금: $5880.60
2026-01-25 13:35:41,047 - INFO - [지표] ADX=nan, Bull=nan, Bear=nan
2026-01-25 13:40:41,049 - INFO - [상태] 포지션 없음, 자본금: $5880.60
2026-01-25 13:40:41,049 - INFO - [지표] ADX=nan, Bull=nan, Bear=nan
2026-01-25 13:45:02,026 - INFO - [EMA] 증분계산: prev=89012.71, close=88920.0, new=89005.58
2026-01-25 13:45:02,033 - INFO - 15m | 04:30 | O:88825.9 H:88955.4 L:88825.9 C:88920.0
2026-01-25 13:45:02,033 - INFO - 지표: ADX=31.8, ATR=100.6, Bull=False, Bear=True
2026-01-25 13:45:41,055 - INFO - [상태] 포지션 없음, 자본금: $5880.60
2026-01-25 13:45:41,055 - INFO - [지표] ADX=nan, Bull=nan, Bear=nan
2026-01-25 13:50:41,060 - INFO - [상태] 포지션 없음, 자본금: $5880.60
2026-01-25 13:50:41,061 - INFO - [지표] ADX=nan, Bull=nan, Bear=nan
2026-01-25 13:55:41,068 - INFO - [상태] 포지션 없음, 자본금: $5880.60
2026-01-25 13:55:41,069 - INFO - [지표] ADX=nan, Bull=nan, Bear=nan
2026-01-25 14:00:00,926 - INFO - [EMA] 증분계산: prev=89005.58, close=88875.9, new=88995.61
2026-01-25 14:00:00,933 - INFO - 15m | 04:45 | O:88920.0 H:88952.2 L:88862.4 C:88875.9
2026-01-25 14:00:00,933 - INFO - 지표: ADX=31.2, ATR=99.7, Bull=False, Bear=True
2026-01-25 14:00:41,070 - INFO - [상태] 포지션 없음, 자본금: $5880.60
2026-01-25 14:00:41,070 - INFO - [지표] ADX=nan, Bull=nan, Bear=nan
2026-01-25 14:05:41,074 - INFO - [상태] 포지션 없음, 자본금: $5880.60
2026-01-25 14:05:41,074 - INFO - [지표] ADX=nan, Bull=nan, Bear=nan
2026-01-25 14:10:41,079 - INFO - [상태] 포지션 없음, 자본금: $5880.60
2026-01-25 14:10:41,079 - INFO - [지표] ADX=nan, Bull=nan, Bear=nan
2026-01-25 14:15:03,043 - INFO - [EMA] 증분계산: prev=88995.61, close=88905.1, new=88988.64
2026-01-25 14:15:03,050 - INFO - 15m | 05:00 | O:88875.9 H:88915.2 L:88844.4 C:88905.1
2026-01-25 14:15:03,050 - INFO - 지표: ADX=30.9, ATR=97.3, Bull=False, Bear=True
2026-01-25 14:15:41,081 - INFO - [상태] 포지션 없음, 자본금: $5880.60
2026-01-25 14:15:41,081 - INFO - [지표] ADX=nan, Bull=nan, Bear=nan
2026-01-25 14:20:41,085 - INFO - [상태] 포지션 없음, 자본금: $5880.60
2026-01-25 14:20:41,086 - INFO - [지표] ADX=nan, Bull=nan, Bear=nan
2026-01-25 14:25:41,088 - INFO - [상태] 포지션 없음, 자본금: $5880.60
2026-01-25 14:25:41,089 - INFO - [지표] ADX=nan, Bull=nan, Bear=nan
2026-01-25 14:30:00,143 - INFO - [EMA] 증분계산: prev=88988.64, close=88849.0, new=88977.90
2026-01-25 14:30:00,150 - INFO - 15m | 05:15 | O:88905.1 H:88911.0 L:88843.7 C:88849.0
2026-01-25 14:30:00,150 - INFO - 지표: ADX=30.5, ATR=94.8, Bull=False, Bear=True
2026-01-25 14:30:41,092 - INFO - [상태] 포지션 없음, 자본금: $5880.60
2026-01-25 14:30:41,092 - INFO - [지표] ADX=nan, Bull=nan, Bear=nan
2026-01-25 14:35:41,094 - INFO - [상태] 포지션 없음, 자본금: $5880.60
2026-01-25 14:35:41,095 - INFO - [지표] ADX=nan, Bull=nan, Bear=nan
2026-01-25 14:40:41,096 - INFO - [상태] 포지션 없음, 자본금: $5880.60
2026-01-25 14:40:41,096 - INFO - [지표] ADX=nan, Bull=nan, Bear=nan
2026-01-25 14:45:00,400 - INFO - [EMA] 증분계산: prev=88977.90, close=88759.7, new=88961.12
2026-01-25 14:45:00,409 - INFO - 15m | 05:30 | O:88849.0 H:88856.4 L:88725.3 C:88759.7
2026-01-25 14:45:00,410 - INFO - 지표: ADX=31.2, ATR=97.8, Bull=False, Bear=True
2026-01-25 14:45:41,098 - INFO - [상태] 포지션 없음, 자본금: $5880.60
2026-01-25 14:45:41,098 - INFO - [지표] ADX=nan, Bull=nan, Bear=nan
2026-01-25 14:50:41,099 - INFO - [상태] 포지션 없음, 자본금: $5880.60
2026-01-25 14:50:41,099 - INFO - [지표] ADX=nan, Bull=nan, Bear=nan
2026-01-25 14:55:41,101 - INFO - [상태] 포지션 없음, 자본금: $5880.60
2026-01-25 14:55:41,102 - INFO - [지표] ADX=nan, Bull=nan, Bear=nan
2026-01-25 15:00:02,344 - INFO - [EMA] 증분계산: prev=88961.12, close=88849.0, new=88952.49
2026-01-25 15:00:02,351 - INFO - 15m | 05:45 | O:88759.8 H:88863.0 L:88759.8 C:88849.0
2026-01-25 15:00:02,351 - INFO - 지표: ADX=31.8, ATR=98.3, Bull=False, Bear=True
2026-01-25 15:00:41,103 - INFO - [상태] 포지션 없음, 자본금: $5880.60
2026-01-25 15:00:41,104 - INFO - [지표] ADX=nan, Bull=nan, Bear=nan
2026-01-25 15:05:41,105 - INFO - [상태] 포지션 없음, 자본금: $5880.60
2026-01-25 15:05:41,105 - INFO - [지표] ADX=nan, Bull=nan, Bear=nan
2026-01-25 15:10:41,113 - INFO - [상태] 포지션 없음, 자본금: $5880.60
2026-01-25 15:10:41,114 - INFO - [지표] ADX=nan, Bull=nan, Bear=nan
2026-01-25 15:15:00,530 - INFO - [EMA] 증분계산: prev=88952.49, close=88571.0, new=88923.15
2026-01-25 15:15:00,536 - INFO - 15m | 06:00 | O:88849.1 H:88851.9 L:88565.4 C:88571.0
2026-01-25 15:15:00,536 - INFO - 지표: ADX=33.5, ATR=114.0, Bull=False, Bear=True
2026-01-25 15:15:41,115 - INFO - [상태] 포지션 없음, 자본금: $5880.60
2026-01-25 15:15:41,115 - INFO - [지표] ADX=nan, Bull=nan, Bear=nan
2026-01-25 15:20:41,117 - INFO - [상태] 포지션 없음, 자본금: $5880.60
2026-01-25 15:20:41,118 - INFO - [지표] ADX=nan, Bull=nan, Bear=nan
2026-01-25 15:25:41,122 - INFO - [상태] 포지션 없음, 자본금: $5880.60
2026-01-25 15:25:41,122 - INFO - [지표] ADX=nan, Bull=nan, Bear=nan
2026-01-25 15:30:01,085 - INFO - [EMA] 증분계산: prev=88923.15, close=88651.7, new=88902.27
2026-01-25 15:30:01,092 - INFO - 15m | 06:15 | O:88570.9 H:88696.3 L:88507.1 C:88651.7
2026-01-25 15:30:01,092 - INFO - 지표: ADX=35.3, ATR=120.2, Bull=False, Bear=True
2026-01-25 15:30:41,124 - INFO - [상태] 포지션 없음, 자본금: $5880.60
2026-01-25 15:30:41,124 - INFO - [지표] ADX=nan, Bull=nan, Bear=nan
2026-01-25 15:35:41,126 - INFO - [상태] 포지션 없음, 자본금: $5880.60
2026-01-25 15:35:41,126 - INFO - [지표] ADX=nan, Bull=nan, Bear=nan
2026-01-25 15:40:41,133 - INFO - [상태] 포지션 없음, 자본금: $5880.60
2026-01-25 15:40:41,134 - INFO - [지표] ADX=nan, Bull=nan, Bear=nan
2026-01-25 15:45:00,137 - INFO - [EMA] 증분계산: prev=88902.27, close=88705.0, new=88887.09
2026-01-25 15:45:00,144 - INFO - 15m | 06:30 | O:88651.7 H:88747.9 L:88547.2 C:88705.0
2026-01-25 15:45:00,144 - INFO - 지표: ADX=36.2, ATR=126.9, Bull=False, Bear=True
2026-01-25 15:45:41,136 - INFO - [상태] 포지션 없음, 자본금: $5880.60
2026-01-25 15:45:41,136 - INFO - [지표] ADX=nan, Bull=nan, Bear=nan
2026-01-25 15:50:41,144 - INFO - [상태] 포지션 없음, 자본금: $5880.60
2026-01-25 15:50:41,145 - INFO - [지표] ADX=nan, Bull=nan, Bear=nan
2026-01-25 15:55:41,148 - INFO - [상태] 포지션 없음, 자본금: $5880.60
2026-01-25 15:55:41,148 - INFO - [지표] ADX=nan, Bull=nan, Bear=nan
2026-01-25 16:00:01,110 - INFO - [EMA] 증분계산: prev=88887.09, close=88700.0, new=88872.70
2026-01-25 16:00:01,120 - INFO - 15m | 06:45 | O:88705.0 H:88732.2 L:88691.0 C:88700.0
2026-01-25 16:00:01,120 - INFO - 지표: ADX=37.0, ATR=119.8, Bull=False, Bear=True
2026-01-25 16:00:41,150 - INFO - [상태] 포지션 없음, 자본금: $5880.60
2026-01-25 16:00:41,150 - INFO - [지표] ADX=nan, Bull=nan, Bear=nan
2026-01-25 16:05:41,151 - INFO - [상태] 포지션 없음, 자본금: $5880.60
2026-01-25 16:05:41,152 - INFO - [지표] ADX=nan, Bull=nan, Bear=nan
2026-01-25 16:10:41,166 - INFO - [상태] 포지션 없음, 자본금: $5880.60
2026-01-25 16:10:41,166 - INFO - [지표] ADX=nan, Bull=nan, Bear=nan
2026-01-25 16:15:00,247 - INFO - [EMA] 증분계산: prev=88872.70, close=88592.1, new=88851.12
2026-01-25 16:15:00,257 - INFO - 15m | 07:00 | O:88699.9 H:88700.0 L:88576.2 C:88592.1
2026-01-25 16:15:00,257 - INFO - 지표: ADX=38.3, ATR=120.1, Bull=False, Bear=True
2026-01-25 16:15:41,168 - INFO - [상태] 포지션 없음, 자본금: $5880.60
2026-01-25 16:15:41,168 - INFO - [지표] ADX=nan, Bull=nan, Bear=nan
2026-01-25 16:20:41,169 - INFO - [상태] 포지션 없음, 자본금: $5880.60
2026-01-25 16:20:41,170 - INFO - [지표] ADX=nan, Bull=nan, Bear=nan
2026-01-25 16:25:41,170 - INFO - [상태] 포지션 없음, 자본금: $5880.60
2026-01-25 16:25:41,171 - INFO - [지표] ADX=nan, Bull=nan, Bear=nan
2026-01-25 16:30:00,716 - INFO - [EMA] 증분계산: prev=88851.12, close=88647.2, new=88835.43
2026-01-25 16:30:00,725 - INFO - 15m | 07:15 | O:88592.1 H:88652.4 L:88588.0 C:88647.2
2026-01-25 16:30:00,725 - INFO - 지표: ADX=39.6, ATR=115.5, Bull=False, Bear=True
2026-01-25 16:30:41,172 - INFO - [상태] 포지션 없음, 자본금: $5880.60
2026-01-25 16:30:41,172 - INFO - [지표] ADX=nan, Bull=nan, Bear=nan
2026-01-25 16:35:41,176 - INFO - [상태] 포지션 없음, 자본금: $5880.60
2026-01-25 16:35:41,177 - INFO - [지표] ADX=nan, Bull=nan, Bear=nan
2026-01-25 16:40:41,178 - INFO - [상태] 포지션 없음, 자본금: $5880.60
2026-01-25 16:40:41,178 - INFO - [지표] ADX=nan, Bull=nan, Bear=nan
2026-01-25 16:45:00,073 - INFO - [EMA] 증분계산: prev=88835.43, close=88579.5, new=88815.74
2026-01-25 16:45:00,083 - INFO - 15m | 07:30 | O:88647.2 H:88647.2 L:88575.5 C:88579.5
2026-01-25 16:45:00,083 - INFO - 지표: ADX=40.8, ATR=111.8, Bull=False, Bear=True
2026-01-25 16:45:41,180 - INFO - [상태] 포지션 없음, 자본금: $5880.60
2026-01-25 16:45:41,180 - INFO - [지표] ADX=nan, Bull=nan, Bear=nan
2026-01-25 16:50:41,181 - INFO - [상태] 포지션 없음, 자본금: $5880.60
2026-01-25 16:50:41,182 - INFO - [지표] ADX=nan, Bull=nan, Bear=nan
2026-01-25 16:55:41,182 - INFO - [상태] 포지션 없음, 자본금: $5880.60
2026-01-25 16:55:41,183 - INFO - [지표] ADX=nan, Bull=nan, Bear=nan
2026-01-25 17:00:01,691 - INFO - [EMA] 증분계산: prev=88815.74, close=88518.1, new=88792.85
2026-01-25 17:00:01,700 - INFO - 15m | 07:45 | O:88579.6 H:88583.0 L:88479.0 C:88518.1
2026-01-25 17:00:01,700 - INFO - 지표: ADX=42.3, ATR=111.2, Bull=False, Bear=True
2026-01-25 17:00:41,184 - INFO - [상태] 포지션 없음, 자본금: $5880.60
2026-01-25 17:00:41,185 - INFO - [지표] ADX=nan, Bull=nan, Bear=nan
2026-01-25 17:05:41,188 - INFO - [상태] 포지션 없음, 자본금: $5880.60
2026-01-25 17:05:41,189 - INFO - [지표] ADX=nan, Bull=nan, Bear=nan
2026-01-25 17:10:41,195 - INFO - [상태] 포지션 없음, 자본금: $5880.60
2026-01-25 17:10:41,196 - INFO - [지표] ADX=nan, Bull=nan, Bear=nan
2026-01-25 17:15:00,611 - INFO - [EMA] 증분계산: prev=88792.85, close=88583.1, new=88776.71
2026-01-25 17:15:00,620 - INFO - 15m | 08:00 | O:88518.1 H:88620.6 L:88484.7 C:88583.1
2026-01-25 17:15:00,621 - INFO - 지표: ADX=43.2, ATR=113.2, Bull=False, Bear=True
2026-01-25 17:15:41,198 - INFO - [상태] 포지션 없음, 자본금: $5880.60
2026-01-25 17:15:41,198 - INFO - [지표] ADX=nan, Bull=nan, Bear=nan
2026-01-25 17:20:41,206 - INFO - [상태] 포지션 없음, 자본금: $5880.60
2026-01-25 17:20:41,207 - INFO - [지표] ADX=nan, Bull=nan, Bear=nan
2026-01-25 17:25:41,208 - INFO - [상태] 포지션 없음, 자본금: $5880.60
2026-01-25 17:25:41,208 - INFO - [지표] ADX=nan, Bull=nan, Bear=nan
2026-01-25 17:30:00,844 - INFO - [EMA] 증분계산: prev=88776.71, close=88531.1, new=88757.82
2026-01-25 17:30:00,851 - INFO - 15m | 08:15 | O:88583.2 H:88594.0 L:88531.1 C:88531.1
2026-01-25 17:30:00,851 - INFO - 지표: ADX=43.9, ATR=109.0, Bull=False, Bear=True
2026-01-25 17:30:41,211 - INFO - [상태] 포지션 없음, 자본금: $5880.60
2026-01-25 17:30:41,211 - INFO - [지표] ADX=nan, Bull=nan, Bear=nan
2026-01-25 17:35:41,212 - INFO - [상태] 포지션 없음, 자본금: $5880.60
2026-01-25 17:35:41,213 - INFO - [지표] ADX=nan, Bull=nan, Bear=nan
2026-01-25 17:40:41,214 - INFO - [상태] 포지션 없음, 자본금: $5880.60
2026-01-25 17:40:41,214 - INFO - [지표] ADX=nan, Bull=nan, Bear=nan
2026-01-25 17:45:00,702 - INFO - [EMA] 증분계산: prev=88757.82, close=88170.1, new=88712.61
2026-01-25 17:45:00,709 - INFO - 15m | 08:30 | O:88533.9 H:88533.9 L:88035.6 C:88170.1
2026-01-25 17:45:00,709 - INFO - 지표: ADX=46.1, ATR=141.5, Bull=False, Bear=True
2026-01-25 17:45:41,215 - INFO - [상태] 포지션 없음, 자본금: $5880.60
2026-01-25 17:45:41,215 - INFO - [지표] ADX=nan, Bull=nan, Bear=nan
2026-01-25 17:50:41,217 - INFO - [상태] 포지션 없음, 자본금: $5880.60
2026-01-25 17:50:41,217 - INFO - [지표] ADX=nan, Bull=nan, Bear=nan
2026-01-25 17:55:41,218 - INFO - [상태] 포지션 없음, 자본금: $5880.60
2026-01-25 17:55:41,219 - INFO - [지표] ADX=nan, Bull=nan, Bear=nan
2026-01-25 18:00:00,094 - INFO - [EMA] 증분계산: prev=88712.61, close=88153.9, new=88669.63
2026-01-25 18:00:00,100 - INFO - 15m | 08:45 | O:88170.0 H:88211.3 L:87977.6 C:88153.9
2026-01-25 18:00:00,100 - INFO - 지표: ADX=48.3, ATR=149.2, Bull=False, Bear=True
2026-01-25 18:00:41,220 - INFO - [상태] 포지션 없음, 자본금: $5880.60
2026-01-25 18:00:41,220 - INFO - [지표] ADX=nan, Bull=nan, Bear=nan
2026-01-25 18:05:41,221 - INFO - [상태] 포지션 없음, 자본금: $5880.60
2026-01-25 18:05:41,221 - INFO - [지표] ADX=nan, Bull=nan, Bear=nan
2026-01-25 18:10:41,225 - INFO - [상태] 포지션 없음, 자본금: $5880.60
2026-01-25 18:10:41,225 - INFO - [지표] ADX=nan, Bull=nan, Bear=nan
2026-01-25 18:15:00,653 - INFO - [EMA] 증분계산: prev=88669.63, close=88215.1, new=88634.67
2026-01-25 18:15:00,662 - INFO - 15m | 09:00 | O:88153.9 H:88268.7 L:88090.3 C:88215.1
2026-01-25 18:15:00,663 - INFO - 지표: ADX=49.6, ATR=151.6, Bull=False, Bear=True
2026-01-25 18:15:41,226 - INFO - [상태] 포지션 없음, 자본금: $5880.60
2026-01-25 18:15:41,227 - INFO - [지표] ADX=nan, Bull=nan, Bear=nan
2026-01-25 18:20:41,229 - INFO - [상태] 포지션 없음, 자본금: $5880.60
2026-01-25 18:20:41,230 - INFO - [지표] ADX=nan, Bull=nan, Bear=nan
2026-01-25 18:25:41,234 - INFO - [상태] 포지션 없음, 자본금: $5880.60
2026-01-25 18:25:41,234 - INFO - [지표] ADX=nan, Bull=nan, Bear=nan
2026-01-25 18:30:00,242 - INFO - [EMA] 증분계산: prev=88634.67, close=88302.9, new=88609.15
2026-01-25 18:30:00,249 - INFO - 15m | 09:15 | O:88215.1 H:88305.2 L:88192.2 C:88302.9
2026-01-25 18:30:00,249 - INFO - 지표: ADX=50.3, ATR=148.4, Bull=False, Bear=True
2026-01-25 18:30:41,237 - INFO - [상태] 포지션 없음, 자본금: $5880.60
2026-01-25 18:30:41,238 - INFO - [지표] ADX=nan, Bull=nan, Bear=nan
2026-01-25 18:35:41,241 - INFO - [상태] 포지션 없음, 자본금: $5880.60
2026-01-25 18:35:41,241 - INFO - [지표] ADX=nan, Bull=nan, Bear=nan
2026-01-25 18:40:41,244 - INFO - [상태] 포지션 없음, 자본금: $5880.60
2026-01-25 18:40:41,244 - INFO - [지표] ADX=nan, Bull=nan, Bear=nan
2026-01-25 18:45:02,374 - INFO - [EMA] 증분계산: prev=88609.15, close=88341.5, new=88588.56
2026-01-25 18:45:02,384 - INFO - 15m | 09:30 | O:88304.2 H:88355.3 L:88200.5 C:88341.5
2026-01-25 18:45:02,384 - INFO - 지표: ADX=50.5, ATR=148.9, Bull=False, Bear=True
2026-01-25 18:45:41,247 - INFO - [상태] 포지션 없음, 자본금: $5880.60
2026-01-25 18:45:41,247 - INFO - [지표] ADX=nan, Bull=nan, Bear=nan
2026-01-25 18:50:41,249 - INFO - [상태] 포지션 없음, 자본금: $5880.60
2026-01-25 18:50:41,249 - INFO - [지표] ADX=nan, Bull=nan, Bear=nan
2026-01-25 18:55:41,250 - INFO - [상태] 포지션 없음, 자본금: $5880.60
2026-01-25 18:55:41,250 - INFO - [지표] ADX=nan, Bull=nan, Bear=nan
2026-01-25 19:00:00,100 - INFO - [EMA] 증분계산: prev=88588.56, close=88264.0, new=88563.59
2026-01-25 19:00:00,110 - INFO - 15m | 09:45 | O:88341.5 H:88349.8 L:88220.5 C:88264.0
2026-01-25 19:00:00,110 - INFO - 지표: ADX=50.6, ATR=147.3, Bull=False, Bear=True
2026-01-25 19:00:41,253 - INFO - [상태] 포지션 없음, 자본금: $5880.60
2026-01-25 19:00:41,253 - INFO - [지표] ADX=nan, Bull=nan, Bear=nan
2026-01-25 19:05:41,257 - INFO - [상태] 포지션 없음, 자본금: $5880.60
2026-01-25 19:05:41,258 - INFO - [지표] ADX=nan, Bull=nan, Bear=nan
2026-01-25 19:10:41,262 - INFO - [상태] 포지션 없음, 자본금: $5880.60
2026-01-25 19:10:41,262 - INFO - [지표] ADX=nan, Bull=nan, Bear=nan
2026-01-25 19:15:01,693 - INFO - [EMA] 증분계산: prev=88563.59, close=88345.0, new=88546.78
2026-01-25 19:15:01,703 - INFO - 15m | 10:00 | O:88263.9 H:88390.5 L:88262.0 C:88345.0
2026-01-25 19:15:01,703 - INFO - 지표: ADX=50.3, ATR=145.7, Bull=False, Bear=True
2026-01-25 19:15:41,263 - INFO - [상태] 포지션 없음, 자본금: $5880.60
2026-01-25 19:15:41,263 - INFO - [지표] ADX=nan, Bull=nan, Bear=nan
2026-01-25 19:20:41,264 - INFO - [상태] 포지션 없음, 자본금: $5880.60
2026-01-25 19:20:41,265 - INFO - [지표] ADX=nan, Bull=nan, Bear=nan
2026-01-25 19:25:41,266 - INFO - [상태] 포지션 없음, 자본금: $5880.60
2026-01-25 19:25:41,267 - INFO - [지표] ADX=nan, Bull=nan, Bear=nan
2026-01-25 19:30:00,582 - INFO - [EMA] 증분계산: prev=88546.78, close=88488.9, new=88542.33
2026-01-25 19:30:00,592 - INFO - 15m | 10:15 | O:88345.0 H:88491.5 L:88338.7 C:88488.9
2026-01-25 19:30:00,592 - INFO - 지표: ADX=48.8, ATR=146.3, Bull=False, Bear=True
2026-01-25 19:30:41,270 - INFO - [상태] 포지션 없음, 자본금: $5880.60
2026-01-25 19:30:41,270 - INFO - [지표] ADX=nan, Bull=nan, Bear=nan
2026-01-25 19:35:41,273 - INFO - [상태] 포지션 없음, 자본금: $5880.60
2026-01-25 19:35:41,274 - INFO - [지표] ADX=nan, Bull=nan, Bear=nan
2026-01-25 19:40:41,277 - INFO - [상태] 포지션 없음, 자본금: $5880.60
2026-01-25 19:40:41,278 - INFO - [지표] ADX=nan, Bull=nan, Bear=nan
2026-01-25 19:45:02,070 - INFO - [EMA] 증분계산: prev=88542.33, close=88482.8, new=88537.75
2026-01-25 19:45:02,079 - INFO - 15m | 10:30 | O:88488.9 H:88505.9 L:88380.2 C:88482.8
2026-01-25 19:45:02,080 - INFO - 지표: ADX=47.3, ATR=144.6, Bull=False, Bear=True
2026-01-25 19:45:41,279 - INFO - [상태] 포지션 없음, 자본금: $5880.60
2026-01-25 19:45:41,279 - INFO - [지표] ADX=nan, Bull=nan, Bear=nan
2026-01-25 19:50:41,282 - INFO - [상태] 포지션 없음, 자본금: $5880.60
2026-01-25 19:50:41,282 - INFO - [지표] ADX=nan, Bull=nan, Bear=nan
2026-01-25 19:55:41,284 - INFO - [상태] 포지션 없음, 자본금: $5880.60
2026-01-25 19:55:41,284 - INFO - [지표] ADX=nan, Bull=nan, Bear=nan
2026-01-25 20:00:00,316 - INFO - [EMA] 증분계산: prev=88537.75, close=88511.0, new=88535.69
2026-01-25 20:00:00,323 - INFO - 15m | 10:45 | O:88482.9 H:88538.4 L:88391.9 C:88511.0
2026-01-25 20:00:00,323 - INFO - 지표: ADX=45.5, ATR=144.8, Bull=False, Bear=True
2026-01-25 20:00:00,323 - INFO - [LIVE] SHORT 신호 감지!
2026-01-25 20:00:00,324 - INFO - ==================================================
2026-01-25 20:00:00,324 - INFO - [LIVE] SHORT 진입 준비
2026-01-25 20:00:00,324 - INFO - 진입가: $88511.00
2026-01-25 20:00:00,324 - INFO - 손절가: $88955.40 (0.50%)
2026-01-25 20:00:00,324 - INFO - 익절가: $87832.23 (0.77%)
2026-01-25 20:00:00,324 - INFO - 레버리지: 12.03x
2026-01-25 20:00:00,324 - INFO - 포지션 크기: 0.799263 BTC ($70743.59)
2026-01-25 20:00:00,324 - INFO - ==================================================
2026-01-25 20:00:00,413 - INFO - Leverage 설정: 13x
2026-01-25 20:00:00,458 - INFO - Market Order 체결: SHORT 0.799
2026-01-25 20:00:03,439 - INFO - 실제 체결가: $88505.27, 수량: 0.799000
2026-01-25 20:00:03,540 - INFO - LIMIT Close 주문: SHORT 0.799 @ $87826.5, ID: 42333479082
2026-01-25 20:00:03,540 - INFO - TP 주문 설정: $87826.51
2026-01-25 20:00:03,692 - INFO - STOP_MARKET 주문 (Algo): $88955.4, AlgoID: 3000000409968280
2026-01-25 20:00:03,692 - INFO - SL 주문 설정: $88955.40
2026-01-25 20:00:03,692 - INFO - 거래 기록 저장: ENTRY @ $88505.27
2026-01-25 20:00:03,692 - INFO - [LIVE] SHORT 진입 완료!
2026-01-25 20:00:41,330 - INFO - [상태] 포지션: SHORT, 진입가: $88505.27, 현재가: $88489.70, 미실현PnL: $12.44
2026-01-25 20:00:41,330 - INFO - [지표] ADX=nan, Bull=nan, Bear=nan
2026-01-25 20:05:41,386 - INFO - [상태] 포지션: SHORT, 진입가: $88505.27, 현재가: $88481.40, 미실현PnL: $19.07
2026-01-25 20:05:41,386 - INFO - [지표] ADX=nan, Bull=nan, Bear=nan
2026-01-25 20:10:41,429 - INFO - [상태] 포지션: SHORT, 진입가: $88505.27, 현재가: $88464.20, 미실현PnL: $32.82
2026-01-25 20:10:41,429 - INFO - [지표] ADX=nan, Bull=nan, Bear=nan
2026-01-25 20:15:00,608 - INFO - [EMA] 증분계산: prev=88535.69, close=88463.2, new=88530.11
2026-01-25 20:15:00,618 - INFO - 15m | 11:00 | O:88509.4 H:88509.4 L:88423.6 C:88463.2
2026-01-25 20:15:00,618 - INFO - 지표: ADX=43.9, ATR=140.0, Bull=False, Bear=True
2026-01-25 20:15:41,469 - INFO - [상태] 포지션: SHORT, 진입가: $88505.27, 현재가: $88460.00, 미실현PnL: $36.17
2026-01-25 20:15:41,470 - INFO - [지표] ADX=nan, Bull=nan, Bear=nan
2026-01-25 20:20:41,522 - INFO - [상태] 포지션: SHORT, 진입가: $88505.27, 현재가: $88476.00, 미실현PnL: $23.39
2026-01-25 20:20:41,523 - INFO - [지표] ADX=nan, Bull=nan, Bear=nan
2026-01-25 20:25:41,575 - INFO - [상태] 포지션: SHORT, 진입가: $88505.27, 현재가: $88489.80, 미실현PnL: $12.36
2026-01-25 20:25:41,575 - INFO - [지표] ADX=nan, Bull=nan, Bear=nan
2026-01-25 20:30:00,428 - INFO - [EMA] 증분계산: prev=88530.11, close=88525.9, new=88529.79
2026-01-25 20:30:00,435 - INFO - 15m | 11:15 | O:88463.2 H:88526.0 L:88455.0 C:88525.9
2026-01-25 20:30:00,435 - INFO - 지표: ADX=42.2, ATR=134.2, Bull=False, Bear=True
2026-01-25 20:30:41,632 - INFO - [상태] 포지션: SHORT, 진입가: $88505.27, 현재가: $88528.60, 미실현PnL: $-18.64
2026-01-25 20:30:41,632 - INFO - [지표] ADX=nan, Bull=nan, Bear=nan
2026-01-25 20:35:41,677 - INFO - [상태] 포지션: SHORT, 진입가: $88505.27, 현재가: $88555.60, 미실현PnL: $-40.21
2026-01-25 20:35:41,677 - INFO - [지표] ADX=nan, Bull=nan, Bear=nan
2026-01-25 20:40:41,719 - INFO - [상태] 포지션: SHORT, 진입가: $88505.27, 현재가: $88455.00, 미실현PnL: $40.17
2026-01-25 20:40:41,720 - INFO - [지표] ADX=nan, Bull=nan, Bear=nan
2026-01-25 20:45:01,968 - INFO - [EMA] 증분계산: prev=88529.79, close=88463.0, new=88524.65
2026-01-25 20:45:01,975 - INFO - 15m | 11:30 | O:88526.0 H:88566.0 L:88447.0 C:88463.0
2026-01-25 20:45:01,975 - INFO - 지표: ADX=40.1, ATR=133.0, Bull=False, Bear=True
2026-01-25 20:45:41,766 - INFO - [상태] 포지션: SHORT, 진입가: $88505.27, 현재가: $88433.10, 미실현PnL: $57.66
2026-01-25 20:45:41,767 - INFO - [지표] ADX=nan, Bull=nan, Bear=nan
2026-01-25 20:50:41,816 - INFO - [상태] 포지션: SHORT, 진입가: $88505.27, 현재가: $88465.10, 미실현PnL: $32.10
2026-01-25 20:50:41,816 - INFO - [지표] ADX=nan, Bull=nan, Bear=nan
2026-01-25 20:55:41,863 - INFO - [상태] 포지션: SHORT, 진입가: $88505.27, 현재가: $88410.90, 미실현PnL: $75.40
2026-01-25 20:55:41,863 - INFO - [지표] ADX=nan, Bull=nan, Bear=nan
2026-01-25 21:00:01,210 - INFO - [EMA] 증분계산: prev=88524.65, close=88427.0, new=88517.14
2026-01-25 21:00:01,217 - INFO - 15m | 11:45 | O:88462.9 H:88488.8 L:88382.0 C:88427.0
2026-01-25 21:00:01,217 - INFO - 지표: ADX=38.8, ATR=130.8, Bull=False, Bear=True
2026-01-25 21:00:41,909 - INFO - [상태] 포지션: SHORT, 진입가: $88505.27, 현재가: $88397.00, 미실현PnL: $86.51
2026-01-25 21:00:41,909 - INFO - [지표] ADX=nan, Bull=nan, Bear=nan
2026-01-25 21:05:41,950 - INFO - [상태] 포지션: SHORT, 진입가: $88505.27, 현재가: $88424.10, 미실현PnL: $64.86
2026-01-25 21:05:41,951 - INFO - [지표] ADX=nan, Bull=nan, Bear=nan
2026-01-25 21:10:42,002 - INFO - [상태] 포지션: SHORT, 진입가: $88505.27, 현재가: $88414.10, 미실현PnL: $72.85
2026-01-25 21:10:42,002 - INFO - [지표] ADX=nan, Bull=nan, Bear=nan
2026-01-25 21:15:01,233 - INFO - [EMA] 증분계산: prev=88517.14, close=88497.9, new=88515.66
2026-01-25 21:15:01,240 - INFO - 15m | 12:00 | O:88425.0 H:88515.3 L:88290.3 C:88497.9
2026-01-25 21:15:01,240 - INFO - 지표: ADX=38.1, ATR=138.6, Bull=False, Bear=True
2026-01-25 21:15:42,045 - INFO - [상태] 포지션: SHORT, 진입가: $88505.27, 현재가: $88522.40, 미실현PnL: $-13.69
2026-01-25 21:15:42,046 - INFO - [지표] ADX=nan, Bull=nan, Bear=nan
2026-01-25 21:20:42,089 - INFO - [상태] 포지션: SHORT, 진입가: $88505.27, 현재가: $88402.00, 미실현PnL: $82.51
2026-01-25 21:20:42,089 - INFO - [지표] ADX=nan, Bull=nan, Bear=nan
2026-01-25 21:25:42,133 - INFO - [상태] 포지션: SHORT, 진입가: $88505.27, 현재가: $88565.60, 미실현PnL: $-48.20
2026-01-25 21:25:42,133 - INFO - [지표] ADX=nan, Bull=nan, Bear=nan
2026-01-25 21:30:00,561 - INFO - [EMA] 증분계산: prev=88515.66, close=88561.8, new=88519.21
2026-01-25 21:30:00,568 - INFO - 15m | 12:15 | O:88497.9 H:88634.4 L:88391.6 C:88561.8
2026-01-25 21:30:00,568 - INFO - 지표: ADX=36.3, ATR=147.3, Bull=False, Bear=True
2026-01-25 21:30:42,176 - INFO - [상태] 포지션: SHORT, 진입가: $88505.27, 현재가: $88559.10, 미실현PnL: $-43.01
2026-01-25 21:30:42,176 - INFO - [지표] ADX=nan, Bull=nan, Bear=nan
2026-01-25 21:35:42,221 - INFO - [상태] 포지션: SHORT, 진입가: $88505.27, 현재가: $88579.10, 미실현PnL: $-58.99
2026-01-25 21:35:42,221 - INFO - [지표] ADX=nan, Bull=nan, Bear=nan
2026-01-25 21:40:42,266 - INFO - [상태] 포지션: SHORT, 진입가: $88505.27, 현재가: $88582.00, 미실현PnL: $-61.31
2026-01-25 21:40:42,266 - INFO - [지표] ADX=nan, Bull=nan, Bear=nan
2026-01-25 21:45:00,238 - INFO - [EMA] 증분계산: prev=88519.21, close=88618.2, new=88526.82
2026-01-25 21:45:00,245 - INFO - 15m | 12:30 | O:88561.8 H:88634.8 L:88539.1 C:88618.2
2026-01-25 21:45:00,245 - INFO - 지표: ADX=34.5, ATR=143.0, Bull=False, Bear=True
2026-01-25 21:45:42,317 - INFO - [상태] 포지션: SHORT, 진입가: $88505.27, 현재가: $88630.20, 미실현PnL: $-99.82
2026-01-25 21:45:42,317 - INFO - [지표] ADX=nan, Bull=nan, Bear=nan
2026-01-25 21:50:42,360 - INFO - [상태] 포지션: SHORT, 진입가: $88505.27, 현재가: $88643.00, 미실현PnL: $-110.05
2026-01-25 21:50:42,360 - INFO - [지표] ADX=nan, Bull=nan, Bear=nan
2026-01-25 21:55:42,409 - INFO - [상태] 포지션: SHORT, 진입가: $88505.27, 현재가: $88632.00, 미실현PnL: $-101.26
2026-01-25 21:55:42,410 - INFO - [지표] ADX=nan, Bull=nan, Bear=nan
2026-01-25 22:00:03,040 - INFO - [EMA] 증분계산: prev=88526.82, close=88664.0, new=88537.38
2026-01-25 22:00:03,050 - INFO - 15m | 12:45 | O:88618.1 H:88671.5 L:88573.3 C:88664.0
2026-01-25 22:00:03,050 - INFO - 지표: ADX=32.5, ATR=139.3, Bull=False, Bear=True
2026-01-25 22:00:42,453 - INFO - [상태] 포지션: SHORT, 진입가: $88505.27, 현재가: $88677.70, 미실현PnL: $-137.77
2026-01-25 22:00:42,453 - INFO - [지표] ADX=nan, Bull=nan, Bear=nan
2026-01-25 22:05:42,500 - INFO - [상태] 포지션: SHORT, 진입가: $88505.27, 현재가: $88680.00, 미실현PnL: $-139.61
2026-01-25 22:05:42,500 - INFO - [지표] ADX=nan, Bull=nan, Bear=nan
2026-01-25 22:10:42,549 - INFO - [상태] 포지션: SHORT, 진입가: $88505.27, 현재가: $88670.90, 미실현PnL: $-132.34
2026-01-25 22:10:42,549 - INFO - [지표] ADX=nan, Bull=nan, Bear=nan
2026-01-25 22:15:00,548 - INFO - [EMA] 증분계산: prev=88537.38, close=88619.7, new=88543.71
2026-01-25 22:15:00,558 - INFO - 15m | 13:00 | O:88662.0 H:88729.8 L:88609.5 C:88619.7
2026-01-25 22:15:00,558 - INFO - 지표: ADX=30.3, ATR=137.7, Bull=False, Bear=True
2026-01-25 22:15:42,595 - INFO - [상태] 포지션: SHORT, 진입가: $88505.27, 현재가: $88617.80, 미실현PnL: $-89.91
2026-01-25 22:15:42,595 - INFO - [지표] ADX=nan, Bull=nan, Bear=nan
2026-01-25 22:20:42,640 - INFO - [상태] 포지션: SHORT, 진입가: $88505.27, 현재가: $88687.30, 미실현PnL: $-145.44
2026-01-25 22:20:42,641 - INFO - [지표] ADX=nan, Bull=nan, Bear=nan
2026-01-25 22:25:42,694 - INFO - [상태] 포지션: SHORT, 진입가: $88505.27, 현재가: $88680.90, 미실현PnL: $-140.33
2026-01-25 22:25:42,695 - INFO - [지표] ADX=nan, Bull=nan, Bear=nan
2026-01-25 22:30:00,575 - INFO - [EMA] 증분계산: prev=88543.71, close=88562.6, new=88545.16
2026-01-25 22:30:00,585 - INFO - 15m | 13:15 | O:88619.7 H:88709.9 L:88555.2 C:88562.6
2026-01-25 22:30:00,585 - INFO - 지표: ADX=28.5, ATR=139.1, Bull=False, Bear=True
2026-01-25 22:30:42,742 - INFO - [상태] 포지션: SHORT, 진입가: $88505.27, 현재가: $88561.90, 미실현PnL: $-45.25
2026-01-25 22:30:42,743 - INFO - [지표] ADX=nan, Bull=nan, Bear=nan
2026-01-25 22:35:42,787 - INFO - [상태] 포지션: SHORT, 진입가: $88505.27, 현재가: $88676.20, 미실현PnL: $-136.57
2026-01-25 22:35:42,788 - INFO - [지표] ADX=nan, Bull=nan, Bear=nan
2026-01-25 22:40:42,835 - INFO - [상태] 포지션: SHORT, 진입가: $88505.27, 현재가: $88673.30, 미실현PnL: $-134.26
2026-01-25 22:40:42,836 - INFO - [지표] ADX=nan, Bull=nan, Bear=nan
2026-01-25 22:45:00,838 - INFO - [EMA] 증분계산: prev=88545.16, close=88704.0, new=88557.38
2026-01-25 22:45:00,847 - INFO - 15m | 13:30 | O:88563.0 H:88721.8 L:88511.0 C:88704.0
2026-01-25 22:45:00,847 - INFO - 지표: ADX=27.3, ATR=145.1, Bull=False, Bear=True
2026-01-25 22:45:42,882 - INFO - [상태] 포지션: SHORT, 진입가: $88505.27, 현재가: $88703.20, 미실현PnL: $-158.15
2026-01-25 22:45:42,882 - INFO - [지표] ADX=nan, Bull=nan, Bear=nan
2026-01-25 22:50:42,947 - INFO - [상태] 포지션: SHORT, 진입가: $88505.27, 현재가: $88759.90, 미실현PnL: $-203.45
2026-01-25 22:50:42,947 - INFO - [지표] ADX=nan, Bull=nan, Bear=nan
2026-01-25 22:55:42,988 - INFO - [상태] 포지션: SHORT, 진입가: $88505.27, 현재가: $88776.10, 미실현PnL: $-216.39
2026-01-25 22:55:42,988 - INFO - [지표] ADX=nan, Bull=nan, Bear=nan
2026-01-25 23:00:00,482 - INFO - [EMA] 증분계산: prev=88557.38, close=88780.3, new=88574.53
2026-01-25 23:00:00,488 - INFO - 15m | 13:45 | O:88704.0 H:88845.0 L:88691.1 C:88780.3
2026-01-25 23:00:00,489 - INFO - 지표: ADX=25.7, ATR=145.8, Bull=False, Bear=True
2026-01-25 23:00:43,031 - INFO - [상태] 포지션: SHORT, 진입가: $88505.27, 현재가: $88786.00, 미실현PnL: $-224.30
2026-01-25 23:00:43,031 - INFO - [지표] ADX=nan, Bull=nan, Bear=nan
2026-01-25 23:05:43,086 - INFO - [상태] 포지션: SHORT, 진입가: $88505.27, 현재가: $88743.50, 미실현PnL: $-190.35
2026-01-25 23:05:43,086 - INFO - [지표] ADX=nan, Bull=nan, Bear=nan
2026-01-25 23:10:43,129 - INFO - [상태] 포지션: SHORT, 진입가: $88505.27, 현재가: $88747.80, 미실현PnL: $-193.78
2026-01-25 23:10:43,129 - INFO - [지표] ADX=nan, Bull=nan, Bear=nan
2026-01-25 23:15:01,839 - INFO - [EMA] 증분계산: prev=88574.53, close=88746.0, new=88587.72
2026-01-25 23:15:01,846 - INFO - 15m | 14:00 | O:88780.3 H:88810.9 L:88675.4 C:88746.0
2026-01-25 23:15:01,846 - INFO - 지표: ADX=24.1, ATR=145.0, Bull=False, Bear=True
2026-01-25 23:15:43,180 - INFO - [상태] 포지션: SHORT, 진입가: $88505.27, 현재가: $88749.00, 미실현PnL: $-194.74
2026-01-25 23:15:43,181 - INFO - [지표] ADX=nan, Bull=nan, Bear=nan
2026-01-25 23:20:43,228 - INFO - [상태] 포지션: SHORT, 진입가: $88505.27, 현재가: $88700.50, 미실현PnL: $-155.99
2026-01-25 23:20:43,228 - INFO - [지표] ADX=nan, Bull=nan, Bear=nan
2026-01-25 23:25:43,270 - INFO - [상태] 포지션: SHORT, 진입가: $88505.27, 현재가: $88541.50, 미실현PnL: $-28.95
2026-01-25 23:25:43,270 - INFO - [지표] ADX=nan, Bull=nan, Bear=nan
2026-01-25 23:30:00,565 - INFO - [EMA] 증분계산: prev=88587.72, close=88581.3, new=88587.22
2026-01-25 23:30:00,571 - INFO - 15m | 14:15 | O:88745.9 H:88819.1 L:88480.5 C:88581.3
2026-01-25 23:30:00,571 - INFO - 지표: ADX=23.7, ATR=161.1, Bull=False, Bear=True
2026-01-25 23:30:43,314 - INFO - [상태] 포지션: SHORT, 진입가: $88505.27, 현재가: $88581.70, 미실현PnL: $-61.07
2026-01-25 23:30:43,315 - INFO - [지표] ADX=nan, Bull=nan, Bear=nan
2026-01-25 23:35:43,354 - INFO - [상태] 포지션: SHORT, 진입가: $88505.27, 현재가: $88594.30, 미실현PnL: $-71.13
2026-01-25 23:35:43,355 - INFO - [지표] ADX=nan, Bull=nan, Bear=nan
2026-01-25 23:40:43,398 - INFO - [상태] 포지션: SHORT, 진입가: $88505.27, 현재가: $88569.90, 미실현PnL: $-51.64
2026-01-25 23:40:43,398 - INFO - [지표] ADX=nan, Bull=nan, Bear=nan
2026-01-25 23:45:01,760 - INFO - [EMA] 증분계산: prev=88587.22, close=88551.9, new=88584.51
2026-01-25 23:45:01,767 - INFO - 15m | 14:30 | O:88580.7 H:88610.5 L:88484.4 C:88551.9
2026-01-25 23:45:01,767 - INFO - 지표: ADX=23.4, ATR=158.2, Bull=False, Bear=True
2026-01-25 23:45:43,440 - INFO - [상태] 포지션: SHORT, 진입가: $88505.27, 현재가: $88494.90, 미실현PnL: $8.29
2026-01-25 23:45:43,440 - INFO - [지표] ADX=nan, Bull=nan, Bear=nan
2026-01-25 23:50:43,485 - INFO - [상태] 포지션: SHORT, 진입가: $88505.27, 현재가: $88538.40, 미실현PnL: $-26.47
2026-01-25 23:50:43,486 - INFO - [지표] ADX=nan, Bull=nan, Bear=nan
2026-01-25 23:55:43,530 - INFO - [상태] 포지션: SHORT, 진입가: $88505.27, 현재가: $88561.00, 미실현PnL: $-44.53
2026-01-25 23:55:43,530 - INFO - [지표] ADX=nan, Bull=nan, Bear=nan
2026-01-26 00:00:00,593 - INFO - [EMA] 증분계산: prev=88584.51, close=88564.8, new=88582.99
2026-01-26 00:00:00,603 - INFO - 15m | 14:45 | O:88552.8 H:88598.2 L:88491.0 C:88564.8
2026-01-26 00:00:00,603 - INFO - 지표: ADX=23.0, ATR=153.9, Bull=False, Bear=True
2026-01-26 00:00:43,573 - INFO - [상태] 포지션: SHORT, 진입가: $88505.27, 현재가: $88568.60, 미실현PnL: $-50.60
2026-01-26 00:00:43,574 - INFO - [지표] ADX=nan, Bull=nan, Bear=nan
2026-01-26 00:05:43,619 - INFO - [상태] 포지션: SHORT, 진입가: $88505.27, 현재가: $88585.40, 미실현PnL: $-64.02
2026-01-26 00:05:43,619 - INFO - [지표] ADX=nan, Bull=nan, Bear=nan
2026-01-26 00:10:43,684 - INFO - [상태] 포지션: SHORT, 진입가: $88505.27, 현재가: $88614.30, 미실현PnL: $-87.11
2026-01-26 00:10:43,684 - INFO - [지표] ADX=nan, Bull=nan, Bear=nan
2026-01-26 00:15:03,037 - INFO - [EMA] 증분계산: prev=88582.99, close=88605.9, new=88584.75
2026-01-26 00:15:03,044 - INFO - 15m | 15:00 | O:88564.7 H:88632.7 L:88536.7 C:88605.9
2026-01-26 00:15:03,044 - INFO - 지표: ADX=22.3, ATR=149.1, Bull=False, Bear=True
2026-01-26 00:15:43,729 - INFO - [상태] 포지션: SHORT, 진입가: $88505.27, 현재가: $88596.80, 미실현PnL: $-73.13
2026-01-26 00:15:43,729 - INFO - [지표] ADX=nan, Bull=nan, Bear=nan
2026-01-26 00:20:43,771 - INFO - [상태] 포지션: SHORT, 진입가: $88505.27, 현재가: $88511.50, 미실현PnL: $-4.98
2026-01-26 00:20:43,771 - INFO - [지표] ADX=nan, Bull=nan, Bear=nan
2026-01-26 00:25:43,816 - INFO - [상태] 포지션: SHORT, 진입가: $88505.27, 현재가: $88511.50, 미실현PnL: $-4.98
2026-01-26 00:25:43,817 - INFO - [지표] ADX=nan, Bull=nan, Bear=nan
2026-01-26 00:30:00,056 - INFO - [EMA] 증분계산: prev=88584.75, close=88606.0, new=88586.39
2026-01-26 00:30:00,063 - INFO - 15m | 15:15 | O:88606.0 H:88623.5 L:88490.0 C:88606.0
2026-01-26 00:30:00,063 - INFO - 지표: ADX=22.0, ATR=147.8, Bull=False, Bear=True
2026-01-26 00:30:43,859 - INFO - [상태] 포지션: SHORT, 진입가: $88505.27, 현재가: $88582.30, 미실현PnL: $-61.55
2026-01-26 00:30:43,860 - INFO - [지표] ADX=nan, Bull=nan, Bear=nan
2026-01-26 00:35:43,903 - INFO - [상태] 포지션: SHORT, 진입가: $88505.27, 현재가: $88573.50, 미실현PnL: $-54.52
2026-01-26 00:35:43,904 - INFO - [지표] ADX=nan, Bull=nan, Bear=nan
2026-01-26 00:40:43,947 - INFO - [상태] 포지션: SHORT, 진입가: $88505.27, 현재가: $88542.10, 미실현PnL: $-29.43
2026-01-26 00:40:43,948 - INFO - [지표] ADX=nan, Bull=nan, Bear=nan
2026-01-26 00:45:03,040 - INFO - [EMA] 증분계산: prev=88586.39, close=88547.7, new=88583.41
2026-01-26 00:45:03,050 - INFO - 15m | 15:30 | O:88605.9 H:88605.9 L:88523.7 C:88547.7
2026-01-26 00:45:03,050 - INFO - 지표: ADX=21.8, ATR=142.3, Bull=False, Bear=True
2026-01-26 00:45:43,993 - INFO - [상태] 포지션: SHORT, 진입가: $88505.27, 현재가: $88538.00, 미실현PnL: $-26.15
2026-01-26 00:45:43,993 - INFO - [지표] ADX=nan, Bull=nan, Bear=nan
2026-01-26 00:50:44,034 - INFO - [상태] 포지션: SHORT, 진입가: $88505.27, 현재가: $88440.20, 미실현PnL: $51.99
2026-01-26 00:50:44,034 - INFO - [지표] ADX=nan, Bull=nan, Bear=nan
2026-01-26 00:55:44,081 - INFO - [상태] 포지션: SHORT, 진입가: $88505.27, 현재가: $88342.10, 미실현PnL: $130.37
2026-01-26 00:55:44,081 - INFO - [지표] ADX=nan, Bull=nan, Bear=nan
2026-01-26 01:00:01,853 - INFO - [EMA] 증분계산: prev=88583.41, close=88319.6, new=88563.12
2026-01-26 01:00:01,863 - INFO - 15m | 15:45 | O:88547.0 H:88547.0 L:88237.9 C:88319.6
2026-01-26 01:00:01,863 - INFO - 지표: ADX=23.3, ATR=156.3, Bull=False, Bear=True
2026-01-26 01:00:44,122 - INFO - [상태] 포지션: SHORT, 진입가: $88505.27, 현재가: $88300.70, 미실현PnL: $163.45
2026-01-26 01:00:44,123 - INFO - [지표] ADX=nan, Bull=nan, Bear=nan
2026-01-26 01:05:44,171 - INFO - [상태] 포지션: SHORT, 진입가: $88505.27, 현재가: $88055.90, 미실현PnL: $359.05
2026-01-26 01:05:44,171 - INFO - [지표] ADX=nan, Bull=nan, Bear=nan
2026-01-26 01:10:44,229 - INFO - [상태] 포지션: SHORT, 진입가: $88505.27, 현재가: $87868.80, 미실현PnL: $508.54
2026-01-26 01:10:44,229 - INFO - [지표] ADX=nan, Bull=nan, Bear=nan
2026-01-26 01:12:10,024 - INFO - [LIVE] TP 체결 감지: $87826.51
2026-01-26 01:12:10,025 - INFO - [LIVE] TP 청산: PnL=$542.33, 수수료=$28.2863, 순익=$514.04
2026-01-26 01:12:10,025 - INFO - [LIVE] 자본금 업데이트: $5880.60 → $6394.64
2026-01-26 01:12:10,065 - INFO - 모든 대기 주문 취소 완료
2026-01-26 01:12:10,108 - WARNING - 예상치 못한 포지션 청산 감지!
2026-01-26 01:12:10,154 - INFO - 마지막 청산 PnL: pnl=$542.3380, 수수료=$0.0000, 순익=$542.3380
2026-01-26 01:12:10,154 - WARNING - 자본금 업데이트: $6394.64 → $6936.98 (PnL: $542.34)
2026-01-26 01:12:10,621 - WARNING - [자본금 동기화] 로컬: $6936.98 → 사용가능: $6349.60 (실제 잔고 $7055.11의 90%)
2026-01-26 01:12:10,621 - INFO - 거래 기록 저장: TP @ $87826.51
2026-01-26 01:15:00,091 - INFO - [EMA] 증분계산: prev=88563.12, close=87775.2, new=88502.51
2026-01-26 01:15:00,097 - INFO - 15m | 16:00 | O:88319.6 H:88324.0 L:87743.1 C:87775.2
2026-01-26 01:15:00,098 - INFO - 지표: ADX=26.2, ATR=191.7, Bull=False, Bear=True
2026-01-26 01:15:44,230 - INFO - [상태] 포지션 없음, 자본금: $6349.60
2026-01-26 01:15:44,231 - INFO - [지표] ADX=nan, Bull=nan, Bear=nan
2026-01-26 01:20:44,231 - INFO - [상태] 포지션 없음, 자본금: $6349.60
2026-01-26 01:20:44,232 - INFO - [지표] ADX=nan, Bull=nan, Bear=nan
2026-01-26 01:25:44,233 - INFO - [상태] 포지션 없음, 자본금: $6349.60
2026-01-26 01:25:44,233 - INFO - [지표] ADX=nan, Bull=nan, Bear=nan
2026-01-26 01:30:00,800 - INFO - [EMA] 증분계산: prev=88502.51, close=87905.3, new=88456.57
2026-01-26 01:30:00,807 - INFO - 15m | 16:15 | O:87777.0 H:87990.8 L:87425.1 C:87905.3
2026-01-26 01:30:00,807 - INFO - 지표: ADX=29.4, ATR=222.9, Bull=False, Bear=True
2026-01-26 01:30:44,235 - INFO - [상태] 포지션 없음, 자본금: $6349.60
2026-01-26 01:30:44,235 - INFO - [지표] ADX=nan, Bull=nan, Bear=nan
2026-01-26 01:35:44,236 - INFO - [상태] 포지션 없음, 자본금: $6349.60
2026-01-26 01:35:44,236 - INFO - [지표] ADX=nan, Bull=nan, Bear=nan
2026-01-26 01:40:44,239 - INFO - [상태] 포지션 없음, 자본금: $6349.60
2026-01-26 01:40:44,239 - INFO - [지표] ADX=nan, Bull=nan, Bear=nan
2026-01-26 01:45:00,268 - INFO - [EMA] 증분계산: prev=88456.57, close=87809.4, new=88406.79
2026-01-26 01:45:00,278 - INFO - 15m | 16:30 | O:87906.5 H:88031.6 L:87625.7 C:87809.4
2026-01-26 01:45:00,278 - INFO - 지표: ADX=32.0, ATR=238.1, Bull=False, Bear=True
2026-01-26 01:45:00,278 - INFO - [LIVE] SHORT 신호 감지!
2026-01-26 01:45:00,279 - INFO - ==================================================
2026-01-26 01:45:00,279 - INFO - [LIVE] SHORT 진입 준비
2026-01-26 01:45:00,279 - INFO - 진입가: $87809.40
2026-01-26 01:45:00,279 - INFO - 손절가: $88845.00 (1.18%)
2026-01-26 01:45:00,279 - INFO - 익절가: $86739.11 (1.22%)
2026-01-26 01:45:00,279 - INFO - 레버리지: 5.56x
2026-01-26 01:45:00,279 - INFO - 포지션 크기: 0.402050 BTC ($35303.75)
2026-01-26 01:45:00,279 - INFO - ==================================================
2026-01-26 01:45:00,368 - INFO - Leverage 설정: 6x
2026-01-26 01:45:00,412 - INFO - Market Order 체결: SHORT 0.402
2026-01-26 01:45:00,988 - INFO - 실제 체결가: $87806.60, 수량: 0.402000
2026-01-26 01:45:01,169 - INFO - LIMIT Close 주문: SHORT 0.402 @ $86736.3, ID: 42362038230
2026-01-26 01:45:01,169 - INFO - TP 주문 설정: $86736.31
2026-01-26 01:45:01,264 - INFO - STOP_MARKET 주문 (Algo): $88845.0, AlgoID: 3000000412807287
2026-01-26 01:45:01,264 - INFO - SL 주문 설정: $88845.00
2026-01-26 01:45:01,265 - INFO - 거래 기록 저장: ENTRY @ $87806.60
2026-01-26 01:45:01,265 - INFO - [LIVE] SHORT 진입 완료!
2026-01-26 01:45:44,280 - INFO - [상태] 포지션: SHORT, 진입가: $87806.60, 현재가: $87766.20, 미실현PnL: $16.24
2026-01-26 01:45:44,280 - INFO - [지표] ADX=nan, Bull=nan, Bear=nan
2026-01-26 01:50:44,322 - INFO - [상태] 포지션: SHORT, 진입가: $87806.60, 현재가: $87810.10, 미실현PnL: $-1.41
2026-01-26 01:50:44,323 - INFO - [지표] ADX=nan, Bull=nan, Bear=nan
2026-01-26 01:55:44,363 - INFO - [상태] 포지션: SHORT, 진입가: $87806.60, 현재가: $87934.20, 미실현PnL: $-51.30
2026-01-26 01:55:44,364 - INFO - [지표] ADX=nan, Bull=nan, Bear=nan
2026-01-26 02:00:00,238 - INFO - [EMA] 증분계산: prev=88406.79, close=87956.0, new=88372.11
2026-01-26 02:00:00,245 - INFO - 15m | 16:45 | O:87810.5 H:87997.9 L:87665.2 C:87956.0
2026-01-26 02:00:00,245 - INFO - 지표: ADX=34.5, ATR=246.0, Bull=False, Bear=True
2026-01-26 02:00:44,403 - INFO - [상태] 포지션: SHORT, 진입가: $87806.60, 현재가: $87975.60, 미실현PnL: $-67.94
2026-01-26 02:00:44,403 - INFO - [지표] ADX=nan, Bull=nan, Bear=nan
2026-01-26 02:05:44,444 - INFO - [상태] 포지션: SHORT, 진입가: $87806.60, 현재가: $87834.10, 미실현PnL: $-11.06
2026-01-26 02:05:44,445 - INFO - [지표] ADX=nan, Bull=nan, Bear=nan
2026-01-26 02:10:44,492 - INFO - [상태] 포지션: SHORT, 진입가: $87806.60, 현재가: $87835.80, 미실현PnL: $-11.74
2026-01-26 02:10:44,492 - INFO - [지표] ADX=nan, Bull=nan, Bear=nan
2026-01-26 02:15:00,064 - INFO - [EMA] 증분계산: prev=88372.11, close=87731.1, new=88322.80
2026-01-26 02:15:00,074 - INFO - 15m | 17:00 | O:87956.0 H:87982.2 L:87711.1 C:87731.1
2026-01-26 02:15:00,074 - INFO - 지표: ADX=36.7, ATR=248.1, Bull=False, Bear=True
2026-01-26 02:15:44,535 - INFO - [상태] 포지션: SHORT, 진입가: $87806.60, 현재가: $87790.00, 미실현PnL: $6.67
2026-01-26 02:15:44,535 - INFO - [지표] ADX=nan, Bull=nan, Bear=nan
2026-01-26 02:20:44,577 - INFO - [상태] 포지션: SHORT, 진입가: $87806.60, 현재가: $87825.00, 미실현PnL: $-7.40
2026-01-26 02:20:44,578 - INFO - [지표] ADX=nan, Bull=nan, Bear=nan
2026-01-26 02:25:44,617 - INFO - [상태] 포지션: SHORT, 진입가: $87806.60, 현재가: $87736.70, 미실현PnL: $28.10
2026-01-26 02:25:44,618 - INFO - [지표] ADX=nan, Bull=nan, Bear=nan
2026-01-26 02:30:00,423 - INFO - [EMA] 증분계산: prev=88322.80, close=87760.8, new=88279.57
2026-01-26 02:30:00,430 - INFO - 15m | 17:15 | O:87730.0 H:87898.3 L:87632.1 C:87760.8
2026-01-26 02:30:00,430 - INFO - 지표: ADX=39.0, ATR=249.6, Bull=False, Bear=True
2026-01-26 02:30:44,658 - INFO - [상태] 포지션: SHORT, 진입가: $87806.60, 현재가: $87781.10, 미실현PnL: $10.25
2026-01-26 02:30:44,659 - INFO - [지표] ADX=nan, Bull=nan, Bear=nan
2026-01-26 02:35:44,700 - INFO - [상태] 포지션: SHORT, 진입가: $87806.60, 현재가: $87758.10, 미실현PnL: $19.50
2026-01-26 02:35:44,700 - INFO - [지표] ADX=nan, Bull=nan, Bear=nan
2026-01-26 02:40:44,742 - INFO - [상태] 포지션: SHORT, 진입가: $87806.60, 현재가: $87785.20, 미실현PnL: $8.60
2026-01-26 02:40:44,743 - INFO - [지표] ADX=nan, Bull=nan, Bear=nan
2026-01-26 02:45:00,091 - INFO - [EMA] 증분계산: prev=88279.57, close=87875.7, new=88248.51
2026-01-26 02:45:00,101 - INFO - 15m | 17:30 | O:87760.9 H:87885.2 L:87641.7 C:87875.7
2026-01-26 02:45:00,101 - INFO - 지표: ADX=41.1, ATR=249.1, Bull=False, Bear=True
2026-01-26 02:45:44,785 - INFO - [상태] 포지션: SHORT, 진입가: $87806.60, 현재가: $87850.00, 미실현PnL: $-17.45
2026-01-26 02:45:44,785 - INFO - [지표] ADX=nan, Bull=nan, Bear=nan
2026-01-26 02:50:44,828 - INFO - [상태] 포지션: SHORT, 진입가: $87806.60, 현재가: $87803.90, 미실현PnL: $1.09
2026-01-26 02:50:44,828 - INFO - [지표] ADX=nan, Bull=nan, Bear=nan
2026-01-26 02:55:44,868 - INFO - [상태] 포지션: SHORT, 진입가: $87806.60, 현재가: $87766.80, 미실현PnL: $16.00
2026-01-26 02:55:44,869 - INFO - [지표] ADX=nan, Bull=nan, Bear=nan
2026-01-26 03:00:00,223 - INFO - [EMA] 증분계산: prev=88248.51, close=87754.1, new=88210.47
2026-01-26 03:00:00,230 - INFO - 15m | 17:45 | O:87872.7 H:87874.9 L:87684.0 C:87754.1
2026-01-26 03:00:00,230 - INFO - 지표: ADX=43.0, ATR=244.3, Bull=False, Bear=True
2026-01-26 03:00:44,911 - INFO - [상태] 포지션: SHORT, 진입가: $87806.60, 현재가: $87756.70, 미실현PnL: $20.06
2026-01-26 03:00:44,912 - INFO - [지표] ADX=nan, Bull=nan, Bear=nan
2026-01-26 03:05:44,953 - INFO - [상태] 포지션: SHORT, 진입가: $87806.60, 현재가: $87770.90, 미실현PnL: $14.35
2026-01-26 03:05:44,953 - INFO - [지표] ADX=nan, Bull=nan, Bear=nan
2026-01-26 03:10:44,997 - INFO - [상태] 포지션: SHORT, 진입가: $87806.60, 현재가: $87785.90, 미실현PnL: $8.32
2026-01-26 03:10:44,997 - INFO - [지표] ADX=nan, Bull=nan, Bear=nan
2026-01-26 03:15:00,081 - INFO - [EMA] 증분계산: prev=88210.47, close=87579.0, new=88161.90
2026-01-26 03:15:00,091 - INFO - 15m | 18:00 | O:87754.1 H:87860.6 L:87325.4 C:87579.0
2026-01-26 03:15:00,091 - INFO - 지표: ADX=45.4, ATR=268.5, Bull=False, Bear=True
2026-01-26 03:15:45,036 - INFO - [상태] 포지션: SHORT, 진입가: $87806.60, 현재가: $87690.10, 미실현PnL: $46.83
2026-01-26 03:15:45,036 - INFO - [지표] ADX=nan, Bull=nan, Bear=nan
2026-01-26 03:20:45,083 - INFO - [상태] 포지션: SHORT, 진입가: $87806.60, 현재가: $87629.90, 미실현PnL: $71.03
2026-01-26 03:20:45,083 - INFO - [지표] ADX=nan, Bull=nan, Bear=nan
2026-01-26 03:25:45,124 - INFO - [상태] 포지션: SHORT, 진입가: $87806.60, 현재가: $87480.10, 미실현PnL: $131.25
2026-01-26 03:25:45,124 - INFO - [지표] ADX=nan, Bull=nan, Bear=nan
2026-01-26 03:30:00,142 - INFO - [EMA] 증분계산: prev=88161.90, close=87409.1, new=88103.99
2026-01-26 03:30:00,149 - INFO - 15m | 18:15 | O:87579.8 H:87764.2 L:87285.7 C:87409.1
2026-01-26 03:30:00,149 - INFO - 지표: ADX=47.7, ATR=286.0, Bull=False, Bear=True
2026-01-26 03:30:45,167 - INFO - [상태] 포지션: SHORT, 진입가: $87806.60, 현재가: $87436.80, 미실현PnL: $148.66
2026-01-26 03:30:45,167 - INFO - [지표] ADX=nan, Bull=nan, Bear=nan
2026-01-26 03:35:45,208 - INFO - [상태] 포지션: SHORT, 진입가: $87806.60, 현재가: $87341.50, 미실현PnL: $186.97
2026-01-26 03:35:45,208 - INFO - [지표] ADX=nan, Bull=nan, Bear=nan
2026-01-26 03:40:45,252 - INFO - [상태] 포지션: SHORT, 진입가: $87806.60, 현재가: $87259.50, 미실현PnL: $219.93
2026-01-26 03:40:45,252 - INFO - [지표] ADX=nan, Bull=nan, Bear=nan
2026-01-26 03:44:50,128 - INFO - [LIVE] TP 체결 감지: $86736.31
2026-01-26 03:44:50,128 - INFO - [LIVE] TP 청산: PnL=$430.26, 수수료=$14.1193, 순익=$416.14
2026-01-26 03:44:50,128 - INFO - [LIVE] 자본금 업데이트: $6349.60 → $6765.73
2026-01-26 03:44:50,168 - INFO - 모든 대기 주문 취소 완료
2026-01-26 03:44:50,720 - WARNING - [자본금 동기화] 로컬: $6765.73 → 사용가능: $6724.12 (실제 잔고 $7471.25의 90%)
2026-01-26 03:44:50,720 - INFO - 거래 기록 저장: TP @ $86736.31
2026-01-26 03:45:00,053 - INFO - [EMA] 증분계산: prev=88103.99, close=86946.0, new=88014.92
2026-01-26 03:45:00,063 - INFO - 15m | 18:30 | O:87413.0 H:87472.9 L:86663.0 C:86946.0
2026-01-26 03:45:00,063 - INFO - 지표: ADX=50.3, ATR=329.7, Bull=False, Bear=True
2026-01-26 03:45:45,253 - INFO - [상태] 포지션 없음, 자본금: $6724.12
2026-01-26 03:45:45,254 - INFO - [지표] ADX=nan, Bull=nan, Bear=nan
2026-01-26 03:50:45,255 - INFO - [상태] 포지션 없음, 자본금: $6724.12
2026-01-26 03:50:45,255 - INFO - [지표] ADX=nan, Bull=nan, Bear=nan
2026-01-26 03:55:45,256 - INFO - [상태] 포지션 없음, 자본금: $6724.12
2026-01-26 03:55:45,257 - INFO - [지표] ADX=nan, Bull=nan, Bear=nan
2026-01-26 04:00:00,049 - INFO - [EMA] 증분계산: prev=88014.92, close=87284.5, new=87958.73
2026-01-26 04:00:00,055 - INFO - 15m | 18:45 | O:86946.0 H:87349.6 L:86875.1 C:87284.5
2026-01-26 04:00:00,055 - INFO - 지표: ADX=52.8, ATR=341.8, Bull=False, Bear=True
2026-01-26 04:00:45,258 - INFO - [상태] 포지션 없음, 자본금: $6724.12
2026-01-26 04:00:45,258 - INFO - [지표] ADX=nan, Bull=nan, Bear=nan
2026-01-26 04:05:45,259 - INFO - [상태] 포지션 없음, 자본금: $6724.12
2026-01-26 04:05:45,260 - INFO - [지표] ADX=nan, Bull=nan, Bear=nan
2026-01-26 04:10:45,266 - INFO - [상태] 포지션 없음, 자본금: $6724.12
2026-01-26 04:10:45,266 - INFO - [지표] ADX=nan, Bull=nan, Bear=nan
2026-01-26 04:15:00,460 - INFO - [EMA] 증분계산: prev=87958.73, close=87169.0, new=87897.98
2026-01-26 04:15:00,466 - INFO - 15m | 19:00 | O:87284.6 H:87382.0 L:87088.7 C:87169.0
2026-01-26 04:15:00,466 - INFO - 지표: ADX=54.8, ATR=337.7, Bull=False, Bear=True
2026-01-26 04:15:45,269 - INFO - [상태] 포지션 없음, 자본금: $6724.12
2026-01-26 04:15:45,270 - INFO - [지표] ADX=nan, Bull=nan, Bear=nan
2026-01-26 04:20:45,270 - INFO - [상태] 포지션 없음, 자본금: $6724.12
2026-01-26 04:20:45,271 - INFO - [지표] ADX=nan, Bull=nan, Bear=nan
2026-01-26 04:25:45,271 - INFO - [상태] 포지션 없음, 자본금: $6724.12
2026-01-26 04:25:45,272 - INFO - [지표] ADX=nan, Bull=nan, Bear=nan
2026-01-26 04:30:00,026 - INFO - [EMA] 증분계산: prev=87897.98, close=86364.9, new=87780.05
2026-01-26 04:30:00,033 - INFO - 15m | 19:15 | O:87165.7 H:87204.1 L:86300.0 C:86364.9
2026-01-26 04:30:00,033 - INFO - 지표: ADX=57.2, ATR=384.9, Bull=False, Bear=True
2026-01-26 04:30:45,272 - INFO - [상태] 포지션 없음, 자본금: $6724.12
2026-01-26 04:30:45,273 - INFO - [지표] ADX=nan, Bull=nan, Bear=nan
2026-01-26 04:35:45,274 - INFO - [상태] 포지션 없음, 자본금: $6724.12
2026-01-26 04:35:45,274 - INFO - [지표] ADX=nan, Bull=nan, Bear=nan
2026-01-26 04:40:45,275 - INFO - [상태] 포지션 없음, 자본금: $6724.12
2026-01-26 04:40:45,275 - INFO - [지표] ADX=nan, Bull=nan, Bear=nan
2026-01-26 04:45:00,460 - INFO - [EMA] 증분계산: prev=87780.05, close=86592.0, new=87688.66
2026-01-26 04:45:00,470 - INFO - 15m | 19:30 | O:86364.1 H:86744.6 L:86168.0 C:86592.0
2026-01-26 04:45:00,470 - INFO - 지표: ADX=59.4, ATR=400.9, Bull=False, Bear=True
2026-01-26 04:45:45,276 - INFO - [상태] 포지션 없음, 자본금: $6724.12
2026-01-26 04:45:45,276 - INFO - [지표] ADX=nan, Bull=nan, Bear=nan
2026-01-26 04:50:45,277 - INFO - [상태] 포지션 없음, 자본금: $6724.12
2026-01-26 04:50:45,277 - INFO - [지표] ADX=nan, Bull=nan, Bear=nan
2026-01-26 04:55:45,278 - INFO - [상태] 포지션 없음, 자본금: $6724.12
2026-01-26 04:55:45,279 - INFO - [지표] ADX=nan, Bull=nan, Bear=nan
2026-01-26 05:00:01,227 - INFO - [EMA] 증분계산: prev=87688.66, close=86389.9, new=87588.76
2026-01-26 05:00:01,234 - INFO - 15m | 19:45 | O:86592.1 H:86592.1 L:86035.8 C:86389.9
2026-01-26 05:00:01,234 - INFO - 지표: ADX=61.5, ATR=413.8, Bull=False, Bear=True
2026-01-26 05:00:45,280 - INFO - [상태] 포지션 없음, 자본금: $6724.12
2026-01-26 05:00:45,280 - INFO - [지표] ADX=nan, Bull=nan, Bear=nan
2026-01-26 05:05:45,280 - INFO - [상태] 포지션 없음, 자본금: $6724.12
2026-01-26 05:05:45,281 - INFO - [지표] ADX=nan, Bull=nan, Bear=nan
2026-01-26 05:10:45,282 - INFO - [상태] 포지션 없음, 자본금: $6724.12
2026-01-26 05:10:45,282 - INFO - [지표] ADX=nan, Bull=nan, Bear=nan
2026-01-26 05:15:00,271 - INFO - [EMA] 증분계산: prev=87588.76, close=86335.0, new=87492.32
2026-01-26 05:15:00,278 - INFO - 15m | 20:00 | O:86389.9 H:86611.2 L:86259.1 C:86335.0
2026-01-26 05:15:00,278 - INFO - 지표: ADX=63.3, ATR=408.7, Bull=False, Bear=True
2026-01-26 05:15:45,283 - INFO - [상태] 포지션 없음, 자본금: $6724.12
2026-01-26 05:15:45,284 - INFO - [지표] ADX=nan, Bull=nan, Bear=nan
2026-01-26 05:20:45,285 - INFO - [상태] 포지션 없음, 자본금: $6724.12
2026-01-26 05:20:45,285 - INFO - [지표] ADX=nan, Bull=nan, Bear=nan
2026-01-26 05:25:45,287 - INFO - [상태] 포지션 없음, 자본금: $6724.12
2026-01-26 05:25:45,287 - INFO - [지표] ADX=nan, Bull=nan, Bear=nan
2026-01-26 05:30:00,106 - INFO - [EMA] 증분계산: prev=87492.32, close=86381.1, new=87406.84
2026-01-26 05:30:00,115 - INFO - 15m | 20:15 | O:86331.0 H:86423.3 L:86152.2 C:86381.1
2026-01-26 05:30:00,116 - INFO - 지표: ADX=65.1, ATR=397.2, Bull=False, Bear=True
2026-01-26 05:30:45,289 - INFO - [상태] 포지션 없음, 자본금: $6724.12
2026-01-26 05:30:45,290 - INFO - [지표] ADX=nan, Bull=nan, Bear=nan
2026-01-26 05:35:45,291 - INFO - [상태] 포지션 없음, 자본금: $6724.12
2026-01-26 05:35:45,292 - INFO - [지표] ADX=nan, Bull=nan, Bear=nan
2026-01-26 05:40:45,292 - INFO - [상태] 포지션 없음, 자본금: $6724.12
2026-01-26 05:40:45,293 - INFO - [지표] ADX=nan, Bull=nan, Bear=nan
2026-01-26 05:45:00,897 - INFO - [EMA] 증분계산: prev=87406.84, close=86229.8, new=87316.30
2026-01-26 05:45:00,903 - INFO - 15m | 20:30 | O:86381.5 H:86408.9 L:86111.5 C:86229.8
2026-01-26 05:45:00,903 - INFO - 지표: ADX=66.7, ATR=388.9, Bull=False, Bear=True
2026-01-26 05:45:45,294 - INFO - [상태] 포지션 없음, 자본금: $6724.12
2026-01-26 05:45:45,295 - INFO - [지표] ADX=nan, Bull=nan, Bear=nan
2026-01-26 05:50:45,296 - INFO - [상태] 포지션 없음, 자본금: $6724.12
2026-01-26 05:50:45,296 - INFO - [지표] ADX=nan, Bull=nan, Bear=nan
2026-01-26 05:55:45,298 - INFO - [상태] 포지션 없음, 자본금: $6724.12
2026-01-26 05:55:45,298 - INFO - [지표] ADX=nan, Bull=nan, Bear=nan
2026-01-26 06:00:01,293 - INFO - [EMA] 증분계산: prev=87316.30, close=86552.5, new=87257.54
2026-01-26 06:00:01,300 - INFO - 15m | 20:45 | O:86222.9 H:86561.3 L:86151.0 C:86552.5
2026-01-26 06:00:01,300 - INFO - 지표: ADX=67.2, ATR=390.7, Bull=False, Bear=True
2026-01-26 06:00:45,299 - INFO - [상태] 포지션 없음, 자본금: $6724.12
2026-01-26 06:00:45,300 - INFO - [지표] ADX=nan, Bull=nan, Bear=nan
2026-01-26 06:05:45,300 - INFO - [상태] 포지션 없음, 자본금: $6724.12
2026-01-26 06:05:45,300 - INFO - [지표] ADX=nan, Bull=nan, Bear=nan
2026-01-26 06:10:45,301 - INFO - [상태] 포지션 없음, 자본금: $6724.12
2026-01-26 06:10:45,301 - INFO - [지표] ADX=nan, Bull=nan, Bear=nan
2026-01-26 06:15:00,065 - INFO - [EMA] 증분계산: prev=87257.54, close=86818.5, new=87223.77
2026-01-26 06:15:00,074 - INFO - 15m | 21:00 | O:86552.5 H:86829.9 L:86515.4 C:86818.5
2026-01-26 06:15:00,074 - INFO - 지표: ADX=66.1, ATR=384.3, Bull=False, Bear=True
2026-01-26 06:15:45,303 - INFO - [상태] 포지션 없음, 자본금: $6724.12
2026-01-26 06:15:45,303 - INFO - [지표] ADX=nan, Bull=nan, Bear=nan
2026-01-26 06:20:45,308 - INFO - [상태] 포지션 없음, 자본금: $6724.12
2026-01-26 06:20:45,308 - INFO - [지표] ADX=nan, Bull=nan, Bear=nan
2026-01-26 06:25:45,309 - INFO - [상태] 포지션 없음, 자본금: $6724.12
2026-01-26 06:25:45,309 - INFO - [지표] ADX=nan, Bull=nan, Bear=nan
2026-01-26 06:30:00,064 - INFO - [EMA] 증분계산: prev=87223.77, close=86866.5, new=87196.29
2026-01-26 06:30:00,073 - INFO - 15m | 21:15 | O:86818.0 H:86907.1 L:86717.5 C:86866.5
2026-01-26 06:30:00,074 - INFO - 지표: ADX=64.6, ATR=368.1, Bull=False, Bear=True
2026-01-26 06:30:45,314 - INFO - [상태] 포지션 없음, 자본금: $6724.12
2026-01-26 06:30:45,314 - INFO - [지표] ADX=nan, Bull=nan, Bear=nan
2026-01-26 06:35:45,315 - INFO - [상태] 포지션 없음, 자본금: $6724.12
2026-01-26 06:35:45,315 - INFO - [지표] ADX=nan, Bull=nan, Bear=nan
2026-01-26 06:40:45,317 - INFO - [상태] 포지션 없음, 자본금: $6724.12
2026-01-26 06:40:45,317 - INFO - [지표] ADX=nan, Bull=nan, Bear=nan
2026-01-26 06:45:01,202 - INFO - [EMA] 증분계산: prev=87196.29, close=86435.3, new=87137.75
2026-01-26 06:45:01,212 - INFO - 15m | 21:30 | O:86866.4 H:86871.9 L:86300.2 C:86435.3
2026-01-26 06:45:01,212 - INFO - 지표: ADX=64.0, ATR=385.1, Bull=False, Bear=True
2026-01-26 06:45:45,319 - INFO - [상태] 포지션 없음, 자본금: $6724.12
2026-01-26 06:45:45,320 - INFO - [지표] ADX=nan, Bull=nan, Bear=nan
2026-01-26 06:50:45,320 - INFO - [상태] 포지션 없음, 자본금: $6724.12
2026-01-26 06:50:45,321 - INFO - [지표] ADX=nan, Bull=nan, Bear=nan
2026-01-26 06:55:45,323 - INFO - [상태] 포지션 없음, 자본금: $6724.12
2026-01-26 06:55:45,324 - INFO - [지표] ADX=nan, Bull=nan, Bear=nan
2026-01-26 07:00:00,130 - INFO - [EMA] 증분계산: prev=87137.75, close=86473.0, new=87086.62
2026-01-26 07:00:00,140 - INFO - 15m | 21:45 | O:86435.3 H:86567.0 L:86387.1 C:86473.0
2026-01-26 07:00:00,140 - INFO - 지표: ADX=63.4, ATR=368.0, Bull=False, Bear=True
2026-01-26 07:00:45,326 - INFO - [상태] 포지션 없음, 자본금: $6724.12
2026-01-26 07:00:45,327 - INFO - [지표] ADX=nan, Bull=nan, Bear=nan
2026-01-26 07:05:45,331 - INFO - [상태] 포지션 없음, 자본금: $6724.12
2026-01-26 07:05:45,331 - INFO - [지표] ADX=nan, Bull=nan, Bear=nan
2026-01-26 07:10:45,332 - INFO - [상태] 포지션 없음, 자본금: $6724.12
2026-01-26 07:10:45,332 - INFO - [지표] ADX=nan, Bull=nan, Bear=nan
2026-01-26 07:15:01,063 - INFO - [EMA] 증분계산: prev=87086.62, close=86410.8, new=87034.63
2026-01-26 07:15:01,069 - INFO - 15m | 22:00 | O:86473.0 H:86491.7 L:86244.1 C:86410.8
2026-01-26 07:15:01,070 - INFO - 지표: ADX=63.0, ATR=358.0, Bull=False, Bear=True
2026-01-26 07:15:45,334 - INFO - [상태] 포지션 없음, 자본금: $6724.12
2026-01-26 07:15:45,335 - INFO - [지표] ADX=nan, Bull=nan, Bear=nan
2026-01-26 07:20:45,337 - INFO - [상태] 포지션 없음, 자본금: $6724.12
2026-01-26 07:20:45,338 - INFO - [지표] ADX=nan, Bull=nan, Bear=nan
2026-01-26 07:25:45,339 - INFO - [상태] 포지션 없음, 자본금: $6724.12
2026-01-26 07:25:45,340 - INFO - [지표] ADX=nan, Bull=nan, Bear=nan
2026-01-26 07:30:00,470 - INFO - [EMA] 증분계산: prev=87034.63, close=86224.0, new=86972.27
2026-01-26 07:30:00,480 - INFO - 15m | 22:15 | O:86410.2 H:86424.6 L:86148.1 C:86224.0
2026-01-26 07:30:00,480 - INFO - 지표: ADX=62.8, ATR=351.2, Bull=False, Bear=True
2026-01-26 07:30:45,342 - INFO - [상태] 포지션 없음, 자본금: $6724.12
2026-01-26 07:30:45,343 - INFO - [지표] ADX=nan, Bull=nan, Bear=nan
2026-01-26 07:35:45,345 - INFO - [상태] 포지션 없음, 자본금: $6724.12
2026-01-26 07:35:45,345 - INFO - [지표] ADX=nan, Bull=nan, Bear=nan
2026-01-26 07:40:45,347 - INFO - [상태] 포지션 없음, 자본금: $6724.12
2026-01-26 07:40:45,347 - INFO - [지표] ADX=nan, Bull=nan, Bear=nan
2026-01-26 07:45:00,447 - INFO - [EMA] 증분계산: prev=86972.27, close=86526.3, new=86937.97
2026-01-26 07:45:00,457 - INFO - 15m | 22:30 | O:86224.1 H:86597.5 L:86120.1 C:86526.3
2026-01-26 07:45:00,457 - INFO - 지표: ADX=61.7, ATR=361.7, Bull=False, Bear=True
2026-01-26 07:45:45,349 - INFO - [상태] 포지션 없음, 자본금: $6724.12
2026-01-26 07:45:45,349 - INFO - [지표] ADX=nan, Bull=nan, Bear=nan
2026-01-26 07:50:45,351 - INFO - [상태] 포지션 없음, 자본금: $6724.12
2026-01-26 07:50:45,351 - INFO - [지표] ADX=nan, Bull=nan, Bear=nan
2026-01-26 07:55:45,352 - INFO - [상태] 포지션 없음, 자본금: $6724.12
2026-01-26 07:55:45,352 - INFO - [지표] ADX=nan, Bull=nan, Bear=nan
2026-01-26 08:00:00,160 - INFO - [EMA] 증분계산: prev=86937.97, close=86421.8, new=86898.26
2026-01-26 08:00:00,170 - INFO - 15m | 22:45 | O:86526.4 H:86538.4 L:86175.4 C:86421.8
2026-01-26 08:00:00,170 - INFO - 지표: ADX=60.7, ATR=361.8, Bull=False, Bear=True
2026-01-26 08:00:45,354 - INFO - [상태] 포지션 없음, 자본금: $6724.12
2026-01-26 08:00:45,354 - INFO - [지표] ADX=nan, Bull=nan, Bear=nan
2026-01-26 08:05:45,356 - INFO - [상태] 포지션 없음, 자본금: $6724.12
2026-01-26 08:05:45,356 - INFO - [지표] ADX=nan, Bull=nan, Bear=nan
2026-01-26 08:10:45,358 - INFO - [상태] 포지션 없음, 자본금: $6724.12
2026-01-26 08:10:45,358 - INFO - [지표] ADX=nan, Bull=nan, Bear=nan
2026-01-26 08:15:00,239 - INFO - [EMA] 증분계산: prev=86898.26, close=86281.9, new=86850.85
2026-01-26 08:15:00,246 - INFO - 15m | 23:00 | O:86423.0 H:86494.7 L:85964.1 C:86281.9
2026-01-26 08:15:00,246 - INFO - 지표: ADX=60.1, ATR=375.9, Bull=False, Bear=True
2026-01-26 08:15:45,359 - INFO - [상태] 포지션 없음, 자본금: $6724.12
2026-01-26 08:15:45,360 - INFO - [지표] ADX=nan, Bull=nan, Bear=nan
2026-01-26 08:20:45,361 - INFO - [상태] 포지션 없음, 자본금: $6724.12
2026-01-26 08:20:45,361 - INFO - [지표] ADX=nan, Bull=nan, Bear=nan
2026-01-26 08:25:45,363 - INFO - [상태] 포지션 없음, 자본금: $6724.12
2026-01-26 08:25:45,364 - INFO - [지표] ADX=nan, Bull=nan, Bear=nan
2026-01-26 08:30:00,423 - INFO - [EMA] 증분계산: prev=86850.85, close=86382.9, new=86814.85
2026-01-26 08:30:00,429 - INFO - 15m | 23:15 | O:86278.1 H:86642.1 L:86104.6 C:86382.9
2026-01-26 08:30:00,429 - INFO - 지표: ADX=58.8, ATR=389.3, Bull=False, Bear=True
2026-01-26 08:30:45,370 - INFO - [상태] 포지션 없음, 자본금: $6724.12
2026-01-26 08:30:45,370 - INFO - [지표] ADX=nan, Bull=nan, Bear=nan
2026-01-26 08:35:45,371 - INFO - [상태] 포지션 없음, 자본금: $6724.12
2026-01-26 08:35:45,371 - INFO - [지표] ADX=nan, Bull=nan, Bear=nan
2026-01-26 08:40:45,373 - INFO - [상태] 포지션 없음, 자본금: $6724.12
2026-01-26 08:40:45,373 - INFO - [지표] ADX=nan, Bull=nan, Bear=nan
2026-01-26 08:45:00,070 - INFO - [EMA] 증분계산: prev=86814.85, close=86316.8, new=86776.54
2026-01-26 08:45:00,079 - INFO - 15m | 23:30 | O:86383.0 H:86487.5 L:86144.3 C:86316.8
2026-01-26 08:45:00,079 - INFO - 지표: ADX=57.6, ATR=385.5, Bull=False, Bear=True
2026-01-26 08:45:45,380 - INFO - [상태] 포지션 없음, 자본금: $6724.12
2026-01-26 08:45:45,381 - INFO - [지표] ADX=nan, Bull=nan, Bear=nan
2026-01-26 08:50:45,382 - INFO - [상태] 포지션 없음, 자본금: $6724.12
2026-01-26 08:50:45,382 - INFO - [지표] ADX=nan, Bull=nan, Bear=nan
2026-01-26 08:55:45,385 - INFO - [상태] 포지션 없음, 자본금: $6724.12
2026-01-26 08:55:45,385 - INFO - [지표] ADX=nan, Bull=nan, Bear=nan
