2026-01-19 09:00:00,084 - INFO - === 로그 파일 시작: logs/hyper_usdt_2026-01-19.log ===
2026-01-19 09:00:00,084 - INFO - [EMA] 증분계산: prev=95173.42, close=93614.0, new=95053.47
2026-01-19 09:00:00,091 - INFO - 15m | 23:45 | O:94429.0 H:94429.1 L:93550.3 C:93614.0
2026-01-19 09:00:00,091 - INFO - 지표: ADX=33.1, ATR=277.2, Bull=False, Bear=True
2026-01-19 09:00:00,091 - INFO - [LIVE] SHORT 신호 감지!
2026-01-19 09:00:00,091 - INFO - ==================================================
2026-01-19 09:00:00,091 - INFO - [LIVE] SHORT 진입 준비
2026-01-19 09:00:00,091 - INFO - 진입가: $93614.00
2026-01-19 09:00:00,091 - INFO - 손절가: $95490.00 (2.00%)
2026-01-19 09:00:00,091 - INFO - 익절가: $92328.51 (1.37%)
2026-01-19 09:00:00,091 - INFO - 레버리지: 3.33x
2026-01-19 09:00:00,091 - INFO - 포지션 크기: 0.190811 BTC ($17862.58)
2026-01-19 09:00:00,091 - INFO - ==================================================
2026-01-19 09:00:00,210 - INFO - Leverage 설정: 3x
2026-01-19 09:00:01,425 - ERROR - 시장가 주문 실패: APIError(code=-2019): Margin is insufficient.
2026-01-19 09:00:01,425 - ERROR - 시장가 진입 실패
2026-01-19 09:04:17,025 - INFO - [상태] 포지션 없음, 자본금: $5364.14
2026-01-19 09:04:17,025 - INFO - [지표] ADX=nan, Bull=nan, Bear=nan
2026-01-19 09:09:17,026 - INFO - [상태] 포지션 없음, 자본금: $5364.14
2026-01-19 09:09:17,026 - INFO - [지표] ADX=nan, Bull=nan, Bear=nan
2026-01-19 09:14:17,027 - INFO - [상태] 포지션 없음, 자본금: $5364.14
2026-01-19 09:14:17,027 - INFO - [지표] ADX=nan, Bull=nan, Bear=nan
2026-01-19 09:15:00,027 - INFO - [EMA] 증분계산: prev=95053.47, close=92399.1, new=94849.28
2026-01-19 09:15:00,034 - INFO - 15m | 00:00 | O:93614.0 H:93614.1 L:91800.0 C:92399.1
2026-01-19 09:15:00,034 - INFO - 지표: ADX=37.0, ATR=430.9, Bull=False, Bear=True
2026-01-19 09:15:00,034 - INFO - [LIVE] SHORT 신호 감지!
2026-01-19 09:15:00,034 - INFO - ==================================================
2026-01-19 09:15:00,034 - INFO - [LIVE] SHORT 진입 준비
2026-01-19 09:15:00,034 - INFO - 진입가: $92399.10
2026-01-19 09:15:00,034 - INFO - 손절가: $95490.00 (3.35%)
2026-01-19 09:15:00,034 - INFO - 익절가: $90453.95 (2.11%)
2026-01-19 09:15:00,034 - INFO - 레버리지: 2.03x
2026-01-19 09:15:00,034 - INFO - 포지션 크기: 0.117850 BTC ($10889.20)
2026-01-19 09:15:00,034 - INFO - ==================================================
2026-01-19 09:15:00,122 - INFO - Leverage 설정: 2x
2026-01-19 09:15:00,171 - ERROR - 시장가 주문 실패: APIError(code=-2019): Margin is insufficient.
2026-01-19 09:15:00,171 - ERROR - 시장가 진입 실패
2026-01-19 09:19:17,028 - INFO - [상태] 포지션 없음, 자본금: $5364.14
2026-01-19 09:19:17,028 - INFO - [지표] ADX=nan, Bull=nan, Bear=nan
2026-01-19 09:24:17,030 - INFO - [상태] 포지션 없음, 자본금: $5364.14
2026-01-19 09:24:17,030 - INFO - [지표] ADX=nan, Bull=nan, Bear=nan
2026-01-19 09:29:17,030 - INFO - [상태] 포지션 없음, 자본금: $5364.14
2026-01-19 09:29:17,031 - INFO - [지표] ADX=nan, Bull=nan, Bear=nan
2026-01-19 09:30:00,073 - INFO - [EMA] 증분계산: prev=94849.28, close=92582.6, new=94674.92
2026-01-19 09:30:00,083 - INFO - 15m | 00:15 | O:92399.0 H:92780.0 L:92086.9 C:92582.6
2026-01-19 09:30:00,083 - INFO - 지표: ADX=40.6, ATR=457.1, Bull=False, Bear=True
2026-01-19 09:30:00,084 - INFO - [LIVE] SHORT 신호 감지!
2026-01-19 09:30:00,084 - INFO - ==================================================
2026-01-19 09:30:00,084 - INFO - [LIVE] SHORT 진입 준비
2026-01-19 09:30:00,084 - INFO - 진입가: $92582.60
2026-01-19 09:30:00,084 - INFO - 손절가: $95490.00 (3.14%)
2026-01-19 09:30:00,084 - INFO - 익절가: $90524.51 (2.22%)
2026-01-19 09:30:00,084 - INFO - 레버리지: 2.16x
2026-01-19 09:30:00,084 - INFO - 포지션 크기: 0.125148 BTC ($11586.54)
2026-01-19 09:30:00,084 - INFO - ==================================================
2026-01-19 09:30:00,165 - INFO - Leverage 설정: 2x
2026-01-19 09:30:00,207 - ERROR - 시장가 주문 실패: APIError(code=-2019): Margin is insufficient.
2026-01-19 09:30:00,207 - ERROR - 시장가 진입 실패
2026-01-19 09:34:17,031 - INFO - [상태] 포지션 없음, 자본금: $5364.14
2026-01-19 09:34:17,032 - INFO - [지표] ADX=nan, Bull=nan, Bear=nan
2026-01-19 09:39:17,032 - INFO - [상태] 포지션 없음, 자본금: $5364.14
2026-01-19 09:39:17,033 - INFO - [지표] ADX=nan, Bull=nan, Bear=nan
2026-01-19 09:44:17,035 - INFO - [상태] 포지션 없음, 자본금: $5364.14
2026-01-19 09:44:17,035 - INFO - [지표] ADX=nan, Bull=nan, Bear=nan
2026-01-19 09:45:00,038 - INFO - [EMA] 증분계산: prev=94674.92, close=92916.0, new=94539.62
2026-01-19 09:45:00,047 - INFO - 15m | 00:30 | O:92582.6 H:93000.0 L:92226.2 C:92916.0
2026-01-19 09:45:00,047 - INFO - 지표: ADX=43.0, ATR=488.8, Bull=False, Bear=True
2026-01-19 09:49:17,036 - INFO - [상태] 포지션 없음, 자본금: $5364.14
2026-01-19 09:49:17,036 - INFO - [지표] ADX=nan, Bull=nan, Bear=nan
2026-01-19 09:54:17,038 - INFO - [상태] 포지션 없음, 자본금: $5364.14
2026-01-19 09:54:17,038 - INFO - [지표] ADX=nan, Bull=nan, Bear=nan
2026-01-19 09:59:17,039 - INFO - [상태] 포지션 없음, 자본금: $5364.14
2026-01-19 09:59:17,039 - INFO - [지표] ADX=nan, Bull=nan, Bear=nan
2026-01-19 10:00:00,290 - INFO - [EMA] 증분계산: prev=94539.62, close=92658.3, new=94394.90
2026-01-19 10:00:00,296 - INFO - 15m | 00:45 | O:92916.0 H:92916.1 L:92650.0 C:92658.3
2026-01-19 10:00:00,296 - INFO - 지표: ADX=45.3, ATR=466.5, Bull=False, Bear=True
2026-01-19 10:04:17,041 - INFO - [상태] 포지션 없음, 자본금: $5364.14
2026-01-19 10:04:17,041 - INFO - [지표] ADX=nan, Bull=nan, Bear=nan
2026-01-19 10:09:17,042 - INFO - [상태] 포지션 없음, 자본금: $5364.14
2026-01-19 10:09:17,043 - INFO - [지표] ADX=nan, Bull=nan, Bear=nan
2026-01-19 10:14:17,044 - INFO - [상태] 포지션 없음, 자본금: $5364.14
2026-01-19 10:14:17,044 - INFO - [지표] ADX=nan, Bull=nan, Bear=nan
2026-01-19 10:15:00,041 - INFO - [EMA] 증분계산: prev=94394.90, close=92696.2, new=94264.24
2026-01-19 10:15:00,047 - INFO - 15m | 01:00 | O:92658.2 H:92811.0 L:92438.0 C:92696.2
2026-01-19 10:15:00,047 - INFO - 지표: ADX=47.5, ATR=457.1, Bull=False, Bear=True
2026-01-19 10:19:17,046 - INFO - [상태] 포지션 없음, 자본금: $5364.14
2026-01-19 10:19:17,046 - INFO - [지표] ADX=nan, Bull=nan, Bear=nan
2026-01-19 10:24:17,047 - INFO - [상태] 포지션 없음, 자본금: $5364.14
2026-01-19 10:24:17,047 - INFO - [지표] ADX=nan, Bull=nan, Bear=nan
2026-01-19 10:29:17,048 - INFO - [상태] 포지션 없음, 자본금: $5364.14
2026-01-19 10:29:17,048 - INFO - [지표] ADX=nan, Bull=nan, Bear=nan
2026-01-19 10:30:00,072 - INFO - [EMA] 증분계산: prev=94264.24, close=92511.9, new=94129.44
2026-01-19 10:30:00,082 - INFO - 15m | 01:15 | O:92696.2 H:92825.6 L:92511.9 C:92511.9
2026-01-19 10:30:00,082 - INFO - 지표: ADX=49.5, ATR=442.8, Bull=False, Bear=True
2026-01-19 10:34:17,050 - INFO - [상태] 포지션 없음, 자본금: $5364.14
2026-01-19 10:34:17,050 - INFO - [지표] ADX=nan, Bull=nan, Bear=nan
2026-01-19 10:39:17,051 - INFO - [상태] 포지션 없음, 자본금: $5364.14
2026-01-19 10:39:17,051 - INFO - [지표] ADX=nan, Bull=nan, Bear=nan
2026-01-19 10:44:17,054 - INFO - [상태] 포지션 없음, 자본금: $5364.14
2026-01-19 10:44:17,054 - INFO - [지표] ADX=nan, Bull=nan, Bear=nan
2026-01-19 10:45:00,105 - INFO - [EMA] 증분계산: prev=94129.44, close=92458.0, new=94000.87
2026-01-19 10:45:00,112 - INFO - 15m | 01:30 | O:92512.0 H:92749.4 L:92450.4 C:92458.0
2026-01-19 10:45:00,112 - INFO - 지표: ADX=51.5, ATR=428.4, Bull=False, Bear=True
2026-01-19 10:49:17,055 - INFO - [상태] 포지션 없음, 자본금: $5364.14
2026-01-19 10:49:17,055 - INFO - [지표] ADX=nan, Bull=nan, Bear=nan
2026-01-19 10:54:17,056 - INFO - [상태] 포지션 없음, 자본금: $5364.14
2026-01-19 10:54:17,056 - INFO - [지표] ADX=nan, Bull=nan, Bear=nan
2026-01-19 10:59:17,057 - INFO - [상태] 포지션 없음, 자본금: $5364.14
2026-01-19 10:59:17,057 - INFO - [지표] ADX=nan, Bull=nan, Bear=nan
2026-01-19 11:00:00,026 - INFO - [EMA] 증분계산: prev=94000.87, close=92542.2, new=93888.66
2026-01-19 11:00:00,035 - INFO - 15m | 01:45 | O:92458.0 H:92550.0 L:92173.7 C:92542.2
2026-01-19 11:00:00,035 - INFO - 지표: ADX=53.4, ATR=423.2, Bull=False, Bear=True
2026-01-19 11:04:17,058 - INFO - [상태] 포지션 없음, 자본금: $5364.14
2026-01-19 11:04:17,058 - INFO - [지표] ADX=nan, Bull=nan, Bear=nan
2026-01-19 11:09:17,060 - INFO - [상태] 포지션 없음, 자본금: $5364.14
2026-01-19 11:09:17,060 - INFO - [지표] ADX=nan, Bull=nan, Bear=nan
2026-01-19 11:14:17,061 - INFO - [상태] 포지션 없음, 자본금: $5364.14
2026-01-19 11:14:17,061 - INFO - [지표] ADX=nan, Bull=nan, Bear=nan
2026-01-19 11:15:00,103 - INFO - [EMA] 증분계산: prev=93888.66, close=92375.3, new=93772.25
2026-01-19 11:15:00,112 - INFO - 15m | 02:00 | O:92542.3 H:92565.9 L:92338.3 C:92375.3
2026-01-19 11:15:00,113 - INFO - 지표: ADX=55.1, ATR=403.7, Bull=False, Bear=True
2026-01-19 11:19:17,063 - INFO - [상태] 포지션 없음, 자본금: $5364.14
2026-01-19 11:19:17,063 - INFO - [지표] ADX=nan, Bull=nan, Bear=nan
2026-01-19 11:24:17,064 - INFO - [상태] 포지션 없음, 자본금: $5364.14
2026-01-19 11:24:17,064 - INFO - [지표] ADX=nan, Bull=nan, Bear=nan
2026-01-19 11:29:17,066 - INFO - [상태] 포지션 없음, 자본금: $5364.14
2026-01-19 11:29:17,066 - INFO - [지표] ADX=nan, Bull=nan, Bear=nan
2026-01-19 11:30:00,288 - INFO - [EMA] 증분계산: prev=93772.25, close=92448.8, new=93670.45
2026-01-19 11:30:00,298 - INFO - 15m | 02:15 | O:92375.2 H:92639.4 L:92333.4 C:92448.8
2026-01-19 11:30:00,298 - INFO - 지표: ADX=56.3, ATR=393.9, Bull=False, Bear=True
2026-01-19 11:34:17,068 - INFO - [상태] 포지션 없음, 자본금: $5364.14
2026-01-19 11:34:17,068 - INFO - [지표] ADX=nan, Bull=nan, Bear=nan
2026-01-19 11:39:17,068 - INFO - [상태] 포지션 없음, 자본금: $5364.14
2026-01-19 11:39:17,069 - INFO - [지표] ADX=nan, Bull=nan, Bear=nan
2026-01-19 11:44:17,071 - INFO - [상태] 포지션 없음, 자본금: $5364.14
2026-01-19 11:44:17,071 - INFO - [지표] ADX=nan, Bull=nan, Bear=nan
2026-01-19 11:45:00,125 - INFO - [EMA] 증분계산: prev=93670.45, close=92517.3, new=93581.74
2026-01-19 11:45:00,135 - INFO - 15m | 02:30 | O:92448.9 H:92565.3 L:92395.5 C:92517.3
2026-01-19 11:45:00,135 - INFO - 지표: ADX=57.5, ATR=371.5, Bull=False, Bear=True
2026-01-19 11:49:17,072 - INFO - [상태] 포지션 없음, 자본금: $5364.14
2026-01-19 11:49:17,072 - INFO - [지표] ADX=nan, Bull=nan, Bear=nan
2026-01-19 11:54:17,074 - INFO - [상태] 포지션 없음, 자본금: $5364.14
2026-01-19 11:54:17,074 - INFO - [지표] ADX=nan, Bull=nan, Bear=nan
2026-01-19 11:59:17,076 - INFO - [상태] 포지션 없음, 자본금: $5364.14
2026-01-19 11:59:17,076 - INFO - [지표] ADX=nan, Bull=nan, Bear=nan
2026-01-19 12:00:00,195 - INFO - [EMA] 증분계산: prev=93581.74, close=92516.7, new=93499.82
2026-01-19 12:00:00,205 - INFO - 15m | 02:45 | O:92517.4 H:92574.7 L:92450.0 C:92516.7
2026-01-19 12:00:00,205 - INFO - 지표: ADX=58.5, ATR=346.8, Bull=False, Bear=True
2026-01-19 12:04:17,077 - INFO - [상태] 포지션 없음, 자본금: $5364.14
2026-01-19 12:04:17,077 - INFO - [지표] ADX=nan, Bull=nan, Bear=nan
2026-01-19 12:09:17,078 - INFO - [상태] 포지션 없음, 자본금: $5364.14
2026-01-19 12:09:17,078 - INFO - [지표] ADX=nan, Bull=nan, Bear=nan
2026-01-19 12:14:17,079 - INFO - [상태] 포지션 없음, 자본금: $5364.14
2026-01-19 12:14:17,079 - INFO - [지표] ADX=nan, Bull=nan, Bear=nan
2026-01-19 12:15:00,299 - INFO - [EMA] 증분계산: prev=93499.82, close=92697.5, new=93438.10
2026-01-19 12:15:00,309 - INFO - 15m | 03:00 | O:92516.8 H:92721.5 L:92500.6 C:92697.5
2026-01-19 12:15:00,309 - INFO - 지표: ADX=58.6, ATR=334.2, Bull=False, Bear=True
2026-01-19 12:19:17,080 - INFO - [상태] 포지션 없음, 자본금: $5364.14
2026-01-19 12:19:17,081 - INFO - [지표] ADX=nan, Bull=nan, Bear=nan
2026-01-19 12:24:17,083 - INFO - [상태] 포지션 없음, 자본금: $5364.14
2026-01-19 12:24:17,083 - INFO - [지표] ADX=nan, Bull=nan, Bear=nan
2026-01-19 12:29:17,084 - INFO - [상태] 포지션 없음, 자본금: $5364.14
2026-01-19 12:29:17,084 - INFO - [지표] ADX=nan, Bull=nan, Bear=nan
2026-01-19 12:30:00,043 - INFO - [EMA] 증분계산: prev=93438.10, close=92505.5, new=93366.36
2026-01-19 12:30:00,052 - INFO - 15m | 03:15 | O:92697.5 H:92748.4 L:92450.0 C:92505.5
2026-01-19 12:30:00,052 - INFO - 지표: ADX=58.8, ATR=330.6, Bull=False, Bear=True
2026-01-19 12:34:17,085 - INFO - [상태] 포지션 없음, 자본금: $5364.14
2026-01-19 12:34:17,085 - INFO - [지표] ADX=nan, Bull=nan, Bear=nan
2026-01-19 12:39:17,086 - INFO - [상태] 포지션 없음, 자본금: $5364.14
2026-01-19 12:39:17,087 - INFO - [지표] ADX=nan, Bull=nan, Bear=nan
2026-01-19 12:44:17,088 - INFO - [상태] 포지션 없음, 자본금: $5364.14
2026-01-19 12:44:17,088 - INFO - [지표] ADX=nan, Bull=nan, Bear=nan
2026-01-19 12:45:00,261 - INFO - [EMA] 증분계산: prev=93366.36, close=92600.0, new=93307.41
2026-01-19 12:45:00,270 - INFO - 15m | 03:30 | O:92505.6 H:92619.8 L:92475.0 C:92600.0
2026-01-19 12:45:00,270 - INFO - 지표: ADX=59.0, ATR=312.0, Bull=False, Bear=True
2026-01-19 12:49:17,090 - INFO - [상태] 포지션 없음, 자본금: $5364.14
2026-01-19 12:49:17,090 - INFO - [지표] ADX=nan, Bull=nan, Bear=nan
2026-01-19 12:54:17,091 - INFO - [상태] 포지션 없음, 자본금: $5364.14
2026-01-19 12:54:17,092 - INFO - [지표] ADX=nan, Bull=nan, Bear=nan
2026-01-19 12:59:17,093 - INFO - [상태] 포지션 없음, 자본금: $5364.14
2026-01-19 12:59:17,093 - INFO - [지표] ADX=nan, Bull=nan, Bear=nan
2026-01-19 13:00:00,046 - INFO - [EMA] 증분계산: prev=93307.41, close=92656.6, new=93257.35
2026-01-19 13:00:00,056 - INFO - 15m | 03:45 | O:92600.0 H:92675.1 L:92575.2 C:92656.6
2026-01-19 13:00:00,056 - INFO - 지표: ADX=58.8, ATR=290.8, Bull=False, Bear=True
2026-01-19 13:04:17,094 - INFO - [상태] 포지션 없음, 자본금: $5364.14
2026-01-19 13:04:17,095 - INFO - [지표] ADX=nan, Bull=nan, Bear=nan
2026-01-19 13:09:17,095 - INFO - [상태] 포지션 없음, 자본금: $5364.14
2026-01-19 13:09:17,096 - INFO - [지표] ADX=nan, Bull=nan, Bear=nan
2026-01-19 13:14:17,096 - INFO - [상태] 포지션 없음, 자본금: $5364.14
2026-01-19 13:14:17,096 - INFO - [지표] ADX=nan, Bull=nan, Bear=nan
2026-01-19 13:15:00,102 - INFO - [EMA] 증분계산: prev=93257.35, close=92566.1, new=93204.18
2026-01-19 13:15:00,108 - INFO - 15m | 04:00 | O:92656.7 H:92708.8 L:92566.0 C:92566.1
2026-01-19 13:15:00,109 - INFO - 지표: ADX=58.4, ATR=276.0, Bull=False, Bear=True
2026-01-19 13:19:17,097 - INFO - [상태] 포지션 없음, 자본금: $5364.14
2026-01-19 13:19:17,097 - INFO - [지표] ADX=nan, Bull=nan, Bear=nan
2026-01-19 13:24:17,099 - INFO - [상태] 포지션 없음, 자본금: $5364.14
2026-01-19 13:24:17,099 - INFO - [지표] ADX=nan, Bull=nan, Bear=nan
2026-01-19 13:29:17,100 - INFO - [상태] 포지션 없음, 자본금: $5364.14
2026-01-19 13:29:17,101 - INFO - [지표] ADX=nan, Bull=nan, Bear=nan
2026-01-19 13:30:00,538 - INFO - [EMA] 증분계산: prev=93204.18, close=92639.6, new=93160.75
2026-01-19 13:30:00,548 - INFO - 15m | 04:15 | O:92566.2 H:92665.9 L:92459.0 C:92639.6
2026-01-19 13:30:00,548 - INFO - 지표: ADX=58.2, ATR=269.1, Bull=False, Bear=True
2026-01-19 13:34:17,102 - INFO - [상태] 포지션 없음, 자본금: $5364.14
2026-01-19 13:34:17,103 - INFO - [지표] ADX=nan, Bull=nan, Bear=nan
2026-01-19 13:39:17,104 - INFO - [상태] 포지션 없음, 자본금: $5364.14
2026-01-19 13:39:17,104 - INFO - [지표] ADX=nan, Bull=nan, Bear=nan
2026-01-19 13:44:17,105 - INFO - [상태] 포지션 없음, 자본금: $5364.14
2026-01-19 13:44:17,105 - INFO - [지표] ADX=nan, Bull=nan, Bear=nan
2026-01-19 13:45:00,686 - INFO - [EMA] 증분계산: prev=93160.75, close=92640.2, new=93120.70
2026-01-19 13:45:00,693 - INFO - 15m | 04:30 | O:92639.6 H:92664.1 L:92513.5 C:92640.2
2026-01-19 13:45:00,693 - INFO - 지표: ADX=58.1, ATR=257.3, Bull=False, Bear=True
2026-01-19 13:49:17,106 - INFO - [상태] 포지션 없음, 자본금: $5364.14
2026-01-19 13:49:17,107 - INFO - [지표] ADX=nan, Bull=nan, Bear=nan
2026-01-19 13:54:17,108 - INFO - [상태] 포지션 없음, 자본금: $5364.14
2026-01-19 13:54:17,108 - INFO - [지표] ADX=nan, Bull=nan, Bear=nan
2026-01-19 13:59:17,111 - INFO - [상태] 포지션 없음, 자본금: $5364.14
2026-01-19 13:59:17,111 - INFO - [지표] ADX=nan, Bull=nan, Bear=nan
2026-01-19 14:00:00,221 - INFO - [EMA] 증분계산: prev=93120.70, close=92614.4, new=93081.76
2026-01-19 14:00:00,228 - INFO - 15m | 04:45 | O:92640.2 H:92700.0 L:92610.1 C:92614.4
2026-01-19 14:00:00,228 - INFO - 지표: ADX=57.7, ATR=240.5, Bull=False, Bear=True
2026-01-19 14:04:17,112 - INFO - [상태] 포지션 없음, 자본금: $5364.14
2026-01-19 14:04:17,112 - INFO - [지표] ADX=nan, Bull=nan, Bear=nan
2026-01-19 14:09:17,113 - INFO - [상태] 포지션 없음, 자본금: $5364.14
2026-01-19 14:09:17,114 - INFO - [지표] ADX=nan, Bull=nan, Bear=nan
2026-01-19 14:14:17,115 - INFO - [상태] 포지션 없음, 자본금: $5364.14
2026-01-19 14:14:17,115 - INFO - [지표] ADX=nan, Bull=nan, Bear=nan
2026-01-19 14:15:00,279 - INFO - [EMA] 증분계산: prev=93081.76, close=92606.2, new=93045.18
2026-01-19 14:15:00,288 - INFO - 15m | 05:00 | O:92614.3 H:92726.5 L:92606.2 C:92606.2
2026-01-19 14:15:00,289 - INFO - 지표: ADX=57.1, ATR=228.5, Bull=False, Bear=True
2026-01-19 14:19:17,116 - INFO - [상태] 포지션 없음, 자본금: $5364.14
2026-01-19 14:19:17,117 - INFO - [지표] ADX=nan, Bull=nan, Bear=nan
2026-01-19 14:24:17,118 - INFO - [상태] 포지션 없음, 자본금: $5364.14
2026-01-19 14:24:17,119 - INFO - [지표] ADX=nan, Bull=nan, Bear=nan
2026-01-19 14:29:17,120 - INFO - [상태] 포지션 없음, 자본금: $5364.14
2026-01-19 14:29:17,120 - INFO - [지표] ADX=nan, Bull=nan, Bear=nan
2026-01-19 14:30:00,450 - INFO - [EMA] 증분계산: prev=93045.18, close=92618.5, new=93012.36
2026-01-19 14:30:00,457 - INFO - 15m | 05:15 | O:92606.3 H:92635.3 L:92524.3 C:92618.5
2026-01-19 14:30:00,457 - INFO - 지표: ADX=56.8, ATR=216.8, Bull=False, Bear=True
2026-01-19 14:34:17,121 - INFO - [상태] 포지션 없음, 자본금: $5364.14
2026-01-19 14:34:17,121 - INFO - [지표] ADX=nan, Bull=nan, Bear=nan
2026-01-19 14:39:17,123 - INFO - [상태] 포지션 없음, 자본금: $5364.14
2026-01-19 14:39:17,124 - INFO - [지표] ADX=nan, Bull=nan, Bear=nan
2026-01-19 14:44:17,124 - INFO - [상태] 포지션 없음, 자본금: $5364.14
2026-01-19 14:44:17,124 - INFO - [지표] ADX=nan, Bull=nan, Bear=nan
2026-01-19 14:45:00,162 - INFO - [EMA] 증분계산: prev=93012.36, close=92567.7, new=92978.15
2026-01-19 14:45:00,169 - INFO - 15m | 05:30 | O:92618.6 H:92767.5 L:92536.7 C:92567.7
2026-01-19 14:45:00,169 - INFO - 지표: ADX=55.5, ATR=218.2, Bull=False, Bear=True
2026-01-19 14:49:17,125 - INFO - [상태] 포지션 없음, 자본금: $5364.14
2026-01-19 14:49:17,126 - INFO - [지표] ADX=nan, Bull=nan, Bear=nan
2026-01-19 14:54:17,126 - INFO - [상태] 포지션 없음, 자본금: $5364.14
2026-01-19 14:54:17,127 - INFO - [지표] ADX=nan, Bull=nan, Bear=nan
2026-01-19 14:59:17,128 - INFO - [상태] 포지션 없음, 자본금: $5364.14
2026-01-19 14:59:17,128 - INFO - [지표] ADX=nan, Bull=nan, Bear=nan
2026-01-19 15:00:00,083 - INFO - [EMA] 증분계산: prev=92978.15, close=92471.4, new=92939.17
2026-01-19 15:00:00,093 - INFO - 15m | 05:45 | O:92567.7 H:92616.2 L:92454.5 C:92471.4
2026-01-19 15:00:00,093 - INFO - 지표: ADX=54.6, ATR=212.5, Bull=False, Bear=True
2026-01-19 15:04:17,128 - INFO - [상태] 포지션 없음, 자본금: $5364.14
2026-01-19 15:04:17,129 - INFO - [지표] ADX=nan, Bull=nan, Bear=nan
2026-01-19 15:09:17,130 - INFO - [상태] 포지션 없음, 자본금: $5364.14
2026-01-19 15:09:17,131 - INFO - [지표] ADX=nan, Bull=nan, Bear=nan
2026-01-19 15:14:17,133 - INFO - [상태] 포지션 없음, 자본금: $5364.14
2026-01-19 15:14:17,134 - INFO - [지표] ADX=nan, Bull=nan, Bear=nan
2026-01-19 15:15:00,377 - INFO - [EMA] 증분계산: prev=92939.17, close=92496.8, new=92905.14
2026-01-19 15:15:00,384 - INFO - 15m | 06:00 | O:92471.4 H:92549.6 L:92367.2 C:92496.8
2026-01-19 15:15:00,384 - INFO - 지표: ADX=54.0, ATR=209.5, Bull=False, Bear=True
2026-01-19 15:19:17,135 - INFO - [상태] 포지션 없음, 자본금: $5364.14
2026-01-19 15:19:17,135 - INFO - [지표] ADX=nan, Bull=nan, Bear=nan
2026-01-19 15:24:17,137 - INFO - [상태] 포지션 없음, 자본금: $5364.14
2026-01-19 15:24:17,137 - INFO - [지표] ADX=nan, Bull=nan, Bear=nan
2026-01-19 15:29:17,138 - INFO - [상태] 포지션 없음, 자본금: $5364.14
2026-01-19 15:29:17,139 - INFO - [지표] ADX=nan, Bull=nan, Bear=nan
2026-01-19 15:30:00,156 - INFO - [EMA] 증분계산: prev=92905.14, close=92489.9, new=92873.20
2026-01-19 15:30:00,163 - INFO - 15m | 06:15 | O:92496.9 H:92564.1 L:92344.5 C:92489.9
2026-01-19 15:30:00,163 - INFO - 지표: ADX=53.5, ATR=210.5, Bull=False, Bear=True
2026-01-19 15:34:17,140 - INFO - [상태] 포지션 없음, 자본금: $5364.14
2026-01-19 15:34:17,140 - INFO - [지표] ADX=nan, Bull=nan, Bear=nan
2026-01-19 15:39:17,141 - INFO - [상태] 포지션 없음, 자본금: $5364.14
2026-01-19 15:39:17,141 - INFO - [지표] ADX=nan, Bull=nan, Bear=nan
2026-01-19 15:44:17,142 - INFO - [상태] 포지션 없음, 자본금: $5364.14
2026-01-19 15:44:17,142 - INFO - [지표] ADX=nan, Bull=nan, Bear=nan
2026-01-19 15:45:00,130 - INFO - [EMA] 증분계산: prev=92873.20, close=92504.0, new=92844.80
2026-01-19 15:45:00,140 - INFO - 15m | 06:30 | O:92490.0 H:92569.6 L:92424.4 C:92504.0
2026-01-19 15:45:00,140 - INFO - 지표: ADX=52.9, ATR=204.0, Bull=False, Bear=True
2026-01-19 15:49:17,143 - INFO - [상태] 포지션 없음, 자본금: $5364.14
2026-01-19 15:49:17,144 - INFO - [지표] ADX=nan, Bull=nan, Bear=nan
2026-01-19 15:54:17,145 - INFO - [상태] 포지션 없음, 자본금: $5364.14
2026-01-19 15:54:17,146 - INFO - [지표] ADX=nan, Bull=nan, Bear=nan
2026-01-19 15:59:17,146 - INFO - [상태] 포지션 없음, 자본금: $5364.14
2026-01-19 15:59:17,146 - INFO - [지표] ADX=nan, Bull=nan, Bear=nan
2026-01-19 16:00:00,086 - INFO - [EMA] 증분계산: prev=92844.80, close=92542.8, new=92821.57
2026-01-19 16:00:00,093 - INFO - 15m | 06:45 | O:92504.0 H:92591.9 L:92498.7 C:92542.8
2026-01-19 16:00:00,093 - INFO - 지표: ADX=52.2, ATR=192.9, Bull=False, Bear=True
2026-01-19 16:04:17,147 - INFO - [상태] 포지션 없음, 자본금: $5364.14
2026-01-19 16:04:17,148 - INFO - [지표] ADX=nan, Bull=nan, Bear=nan
2026-01-19 16:09:17,148 - INFO - [상태] 포지션 없음, 자본금: $5364.14
2026-01-19 16:09:17,149 - INFO - [지표] ADX=nan, Bull=nan, Bear=nan
2026-01-19 16:14:17,151 - INFO - [상태] 포지션 없음, 자본금: $5364.14
2026-01-19 16:14:17,151 - INFO - [지표] ADX=nan, Bull=nan, Bear=nan
2026-01-19 16:15:00,613 - INFO - [EMA] 증분계산: prev=92821.57, close=92580.3, new=92803.01
2026-01-19 16:15:00,622 - INFO - 15m | 07:00 | O:92542.9 H:92600.0 L:92510.0 C:92580.3
2026-01-19 16:15:00,622 - INFO - 지표: ADX=51.5, ATR=182.6, Bull=False, Bear=True
2026-01-19 16:19:17,152 - INFO - [상태] 포지션 없음, 자본금: $5364.14
2026-01-19 16:19:17,152 - INFO - [지표] ADX=nan, Bull=nan, Bear=nan
2026-01-19 16:24:17,154 - INFO - [상태] 포지션 없음, 자본금: $5364.14
2026-01-19 16:24:17,154 - INFO - [지표] ADX=nan, Bull=nan, Bear=nan
2026-01-19 16:29:17,155 - INFO - [상태] 포지션 없음, 자본금: $5364.14
2026-01-19 16:29:17,156 - INFO - [지표] ADX=nan, Bull=nan, Bear=nan
2026-01-19 16:30:00,092 - INFO - [EMA] 증분계산: prev=92803.01, close=92569.3, new=92785.03
2026-01-19 16:30:00,099 - INFO - 15m | 07:15 | O:92580.2 H:92620.0 L:92554.1 C:92569.3
2026-01-19 16:30:00,099 - INFO - 지표: ADX=50.7, ATR=170.9, Bull=False, Bear=True
2026-01-19 16:34:17,156 - INFO - [상태] 포지션 없음, 자본금: $5364.14
2026-01-19 16:34:17,156 - INFO - [지표] ADX=nan, Bull=nan, Bear=nan
2026-01-19 16:39:17,157 - INFO - [상태] 포지션 없음, 자본금: $5364.14
2026-01-19 16:39:17,158 - INFO - [지표] ADX=nan, Bull=nan, Bear=nan
2026-01-19 16:44:17,160 - INFO - [상태] 포지션 없음, 자본금: $5364.14
2026-01-19 16:44:17,160 - INFO - [지표] ADX=nan, Bull=nan, Bear=nan
2026-01-19 16:45:00,047 - INFO - [EMA] 증분계산: prev=92785.03, close=92656.6, new=92775.15
2026-01-19 16:45:00,057 - INFO - 15m | 07:30 | O:92569.2 H:92665.1 L:92527.3 C:92656.6
2026-01-19 16:45:00,057 - INFO - 지표: ADX=49.5, ATR=167.6, Bull=False, Bear=True
2026-01-19 16:49:17,161 - INFO - [상태] 포지션 없음, 자본금: $5364.14
2026-01-19 16:49:17,161 - INFO - [지표] ADX=nan, Bull=nan, Bear=nan
2026-01-19 16:54:17,162 - INFO - [상태] 포지션 없음, 자본금: $5364.14
2026-01-19 16:54:17,163 - INFO - [지표] ADX=nan, Bull=nan, Bear=nan
2026-01-19 16:59:17,164 - INFO - [상태] 포지션 없음, 자본금: $5364.14
2026-01-19 16:59:17,164 - INFO - [지표] ADX=nan, Bull=nan, Bear=nan
2026-01-19 17:00:00,217 - INFO - [EMA] 증분계산: prev=92775.15, close=92787.9, new=92776.13
2026-01-19 17:00:00,227 - INFO - 15m | 07:45 | O:92656.6 H:92810.0 L:92606.4 C:92787.9
2026-01-19 17:00:00,227 - INFO - 지표: ADX=47.1, ATR=171.2, Bull=False, Bear=True
2026-01-19 17:04:17,165 - INFO - [상태] 포지션 없음, 자본금: $5364.14
2026-01-19 17:04:17,165 - INFO - [지표] ADX=nan, Bull=nan, Bear=nan
2026-01-19 17:09:17,166 - INFO - [상태] 포지션 없음, 자본금: $5364.14
2026-01-19 17:09:17,166 - INFO - [지표] ADX=nan, Bull=nan, Bear=nan
2026-01-19 17:14:17,168 - INFO - [상태] 포지션 없음, 자본금: $5364.14
2026-01-19 17:14:17,168 - INFO - [지표] ADX=nan, Bull=nan, Bear=nan
2026-01-19 17:15:00,169 - INFO - [EMA] 증분계산: prev=92776.13, close=92714.3, new=92771.38
2026-01-19 17:15:00,179 - INFO - 15m | 08:00 | O:92787.8 H:92791.6 L:92635.0 C:92714.3
2026-01-19 17:15:00,179 - INFO - 지표: ADX=44.8, ATR=169.8, Bull=False, Bear=True
2026-01-19 17:15:00,179 - INFO - [LIVE] SHORT 신호 감지!
2026-01-19 17:15:00,179 - INFO - ==================================================
2026-01-19 17:15:00,179 - INFO - [LIVE] SHORT 진입 준비
2026-01-19 17:15:00,179 - INFO - 진입가: $92714.30
2026-01-19 17:15:00,179 - INFO - 손절가: $92825.60 (0.12%)
2026-01-19 17:15:00,179 - INFO - 익절가: $91891.61 (0.89%)
2026-01-19 17:15:00,179 - INFO - 레버리지: 31.81x
2026-01-19 17:15:00,179 - INFO - 포지션 크기: 1.840420 BTC ($170633.24)
2026-01-19 17:15:00,179 - INFO - ==================================================
2026-01-19 17:15:00,270 - INFO - Leverage 설정: 31x
2026-01-19 17:15:00,313 - ERROR - 시장가 주문 실패: APIError(code=-2019): Margin is insufficient.
2026-01-19 17:15:00,313 - ERROR - 시장가 진입 실패
2026-01-19 17:19:17,170 - INFO - [상태] 포지션 없음, 자본금: $5364.14
2026-01-19 17:19:17,170 - INFO - [지표] ADX=nan, Bull=nan, Bear=nan
2026-01-19 17:24:17,172 - INFO - [상태] 포지션 없음, 자본금: $5364.14
2026-01-19 17:24:17,172 - INFO - [지표] ADX=nan, Bull=nan, Bear=nan
2026-01-19 17:29:17,173 - INFO - [상태] 포지션 없음, 자본금: $5364.14
2026-01-19 17:29:17,173 - INFO - [지표] ADX=nan, Bull=nan, Bear=nan
2026-01-19 17:30:00,087 - INFO - [EMA] 증분계산: prev=92771.38, close=92907.0, new=92781.81
2026-01-19 17:30:00,097 - INFO - 15m | 08:15 | O:92714.3 H:93192.2 L:92695.5 C:92907.0
2026-01-19 17:30:00,097 - INFO - 지표: ADX=43.0, ATR=202.5, Bull=False, Bear=True
2026-01-19 17:34:17,174 - INFO - [상태] 포지션 없음, 자본금: $5364.14
2026-01-19 17:34:17,174 - INFO - [지표] ADX=nan, Bull=nan, Bear=nan
2026-01-19 17:39:17,175 - INFO - [상태] 포지션 없음, 자본금: $5364.14
2026-01-19 17:39:17,176 - INFO - [지표] ADX=nan, Bull=nan, Bear=nan
2026-01-19 17:44:17,177 - INFO - [상태] 포지션 없음, 자본금: $5364.14
2026-01-19 17:44:17,177 - INFO - [지표] ADX=nan, Bull=nan, Bear=nan
2026-01-19 17:45:00,032 - INFO - [EMA] 증분계산: prev=92781.81, close=93094.5, new=92805.86
2026-01-19 17:45:00,039 - INFO - 15m | 08:30 | O:92907.0 H:93117.6 L:92816.9 C:93094.5
2026-01-19 17:45:00,039 - INFO - 지표: ADX=41.2, ATR=212.3, Bull=False, Bear=True
2026-01-19 17:49:17,178 - INFO - [상태] 포지션 없음, 자본금: $5364.14
2026-01-19 17:49:17,178 - INFO - [지표] ADX=nan, Bull=nan, Bear=nan
2026-01-19 17:54:17,180 - INFO - [상태] 포지션 없음, 자본금: $5364.14
2026-01-19 17:54:17,180 - INFO - [지표] ADX=nan, Bull=nan, Bear=nan
2026-01-19 17:59:17,181 - INFO - [상태] 포지션 없음, 자본금: $5364.14
2026-01-19 17:59:17,182 - INFO - [지표] ADX=nan, Bull=nan, Bear=nan
2026-01-19 18:00:00,116 - INFO - [EMA] 증분계산: prev=92805.86, close=93200.3, new=92836.20
2026-01-19 18:00:00,122 - INFO - 15m | 08:45 | O:93094.6 H:93312.8 L:93084.8 C:93200.3
2026-01-19 18:00:00,122 - INFO - 지표: ADX=40.5, ATR=213.9, Bull=False, Bear=True
2026-01-19 18:04:17,183 - INFO - [상태] 포지션 없음, 자본금: $5364.14
2026-01-19 18:04:17,183 - INFO - [지표] ADX=nan, Bull=nan, Bear=nan
2026-01-19 18:09:17,185 - INFO - [상태] 포지션 없음, 자본금: $5364.14
2026-01-19 18:09:17,186 - INFO - [지표] ADX=nan, Bull=nan, Bear=nan
2026-01-19 18:14:17,187 - INFO - [상태] 포지션 없음, 자본금: $5364.14
2026-01-19 18:14:17,187 - INFO - [지표] ADX=nan, Bull=nan, Bear=nan
2026-01-19 18:15:00,498 - INFO - [EMA] 증분계산: prev=92836.20, close=92988.9, new=92847.95
2026-01-19 18:15:00,508 - INFO - 15m | 09:00 | O:93200.2 H:93208.7 L:92930.1 C:92988.9
2026-01-19 18:15:00,508 - INFO - 지표: ADX=38.7, ATR=220.3, Bull=False, Bear=True
2026-01-19 18:19:17,188 - INFO - [상태] 포지션 없음, 자본금: $5364.14
2026-01-19 18:19:17,189 - INFO - [지표] ADX=nan, Bull=nan, Bear=nan
2026-01-19 18:24:17,189 - INFO - [상태] 포지션 없음, 자본금: $5364.14
2026-01-19 18:24:17,190 - INFO - [지표] ADX=nan, Bull=nan, Bear=nan
2026-01-19 18:29:17,191 - INFO - [상태] 포지션 없음, 자본금: $5364.14
2026-01-19 18:29:17,191 - INFO - [지표] ADX=nan, Bull=nan, Bear=nan
2026-01-19 18:30:00,387 - INFO - [EMA] 증분계산: prev=92847.95, close=93006.7, new=92860.16
2026-01-19 18:30:00,397 - INFO - 15m | 09:15 | O:92988.9 H:93088.0 L:92893.1 C:93006.7
2026-01-19 18:30:00,397 - INFO - 지표: ADX=36.9, ATR=217.8, Bull=False, Bear=True
2026-01-19 18:34:17,192 - INFO - [상태] 포지션 없음, 자본금: $5364.14
2026-01-19 18:34:17,193 - INFO - [지표] ADX=nan, Bull=nan, Bear=nan
2026-01-19 18:39:17,194 - INFO - [상태] 포지션 없음, 자본금: $5364.14
2026-01-19 18:39:17,194 - INFO - [지표] ADX=nan, Bull=nan, Bear=nan
2026-01-19 18:44:17,195 - INFO - [상태] 포지션 없음, 자본금: $5364.14
2026-01-19 18:44:17,195 - INFO - [지표] ADX=nan, Bull=nan, Bear=nan
2026-01-19 18:45:00,064 - INFO - [EMA] 증분계산: prev=92860.16, close=92908.6, new=92863.89
2026-01-19 18:45:00,073 - INFO - 15m | 09:30 | O:93006.8 H:93028.8 L:92888.0 C:92908.6
2026-01-19 18:45:00,073 - INFO - 지표: ADX=35.2, ATR=210.1, Bull=False, Bear=True
2026-01-19 18:49:17,196 - INFO - [상태] 포지션 없음, 자본금: $5364.14
2026-01-19 18:49:17,196 - INFO - [지표] ADX=nan, Bull=nan, Bear=nan
2026-01-19 18:54:17,198 - INFO - [상태] 포지션 없음, 자본금: $5364.14
2026-01-19 18:54:17,198 - INFO - [지표] ADX=nan, Bull=nan, Bear=nan
2026-01-19 18:59:17,200 - INFO - [상태] 포지션 없음, 자본금: $5364.14
2026-01-19 18:59:17,201 - INFO - [지표] ADX=nan, Bull=nan, Bear=nan
2026-01-19 19:00:00,527 - INFO - [EMA] 증분계산: prev=92863.89, close=93000.0, new=92874.36
2026-01-19 19:00:00,537 - INFO - 15m | 09:45 | O:92908.6 H:93035.3 L:92908.5 C:93000.0
2026-01-19 19:00:00,537 - INFO - 지표: ADX=33.6, ATR=201.8, Bull=False, Bear=True
2026-01-19 19:04:17,203 - INFO - [상태] 포지션 없음, 자본금: $5364.14
2026-01-19 19:04:17,203 - INFO - [지표] ADX=nan, Bull=nan, Bear=nan
2026-01-19 19:09:17,204 - INFO - [상태] 포지션 없음, 자본금: $5364.14
2026-01-19 19:09:17,204 - INFO - [지표] ADX=nan, Bull=nan, Bear=nan
2026-01-19 19:09:22,771 - INFO - 설정 파일 변경 감지, 리로드 완료
2026-01-19 19:12:48,182 - INFO - === 로그 파일 시작: logs/hyper_usdt_2026-01-19.log ===
2026-01-19 19:12:48,183 - INFO - ======================================================================
2026-01-19 19:12:48,183 - INFO - Hyper Scalper V2 Live Trading 시작 (BTCUSDT)
2026-01-19 19:12:48,183 - INFO - 심볼: BTCUSDT, 타임프레임: 15m
2026-01-19 19:12:48,183 - INFO - ======================================================================
2026-01-19 19:12:48,239 - INFO - ============================================================
2026-01-19 19:12:48,239 - INFO - Hyper Scalper V2 Strategy 초기화
2026-01-19 19:12:48,239 - INFO - *** LIVE 거래 모드 ***
2026-01-19 19:12:48,239 - WARNING - *** 실제 자금으로 거래합니다! ***
2026-01-19 19:12:48,239 - INFO - ============================================================
2026-01-19 19:12:48,240 - INFO - 상태 파일 없음 - 새로 시작
2026-01-19 19:12:48,308 - INFO - 초기 자본 설정 (USDT): $5095.93 (잔고 $5364.14의 95%)
2026-01-19 19:12:48,308 - INFO - 상태 파일 없음 - 새로 시작
2026-01-19 19:12:48,308 - INFO - 새로운 거래 세션 시작
2026-01-19 19:12:48,308 - INFO - 과거 15분봉 데이터 로드 중...
2026-01-19 19:12:48,364 - INFO - 과거 데이터 로드 완료: 500개 캔들
2026-01-19 19:12:48,364 - INFO - 15분봉 로드 완료: 500개
2026-01-19 19:12:48,364 - INFO - 현재 지표: EMA25=92874.36, EMA100=93791.20, EMA200=94381.12, ADX=33.57, ATR=201.76
2026-01-19 19:12:48,413 - INFO - 초기 지표 저장 완료: 500개 → trades/indicators_hyper_usdt.csv
2026-01-19 19:12:48,413 - INFO - 모든 태스크 시작 완료
2026-01-19 19:12:48,413 - INFO - 초기 자본금: $5095.93
2026-01-19 19:12:48,537 - INFO - 웹소켓 연결: BTCUSDT (15분봉)
2026-01-19 19:15:00,044 - INFO - [EMA] 증분계산: prev=92874.36, close=92924.8, new=92878.24
2026-01-19 19:15:00,051 - INFO - 15m | 10:00 | O:93000.0 H:93000.0 L:92836.9 C:92924.8
2026-01-19 19:15:00,051 - INFO - 지표: ADX=31.6, ATR=197.9, Bull=False, Bear=True
2026-01-19 19:17:48,415 - INFO - [상태] 포지션 없음, 자본금: $5095.93
2026-01-19 19:17:48,415 - INFO - [지표] ADX=nan, Bull=nan, Bear=nan
2026-01-19 19:22:48,416 - INFO - [상태] 포지션 없음, 자본금: $5095.93
2026-01-19 19:22:48,417 - INFO - [지표] ADX=nan, Bull=nan, Bear=nan
2026-01-19 19:27:48,418 - INFO - [상태] 포지션 없음, 자본금: $5095.93
2026-01-19 19:27:48,418 - INFO - [지표] ADX=nan, Bull=nan, Bear=nan
2026-01-19 19:30:00,391 - INFO - [EMA] 증분계산: prev=92878.24, close=92950.5, new=92883.80
2026-01-19 19:30:00,401 - INFO - 15m | 10:15 | O:92924.9 H:93035.2 L:92924.8 C:92950.5
2026-01-19 19:30:00,401 - INFO - 지표: ADX=30.0, ATR=189.1, Bull=False, Bear=True
2026-01-19 19:32:48,419 - INFO - [상태] 포지션 없음, 자본금: $5095.93
2026-01-19 19:32:48,419 - INFO - [지표] ADX=nan, Bull=nan, Bear=nan
2026-01-19 19:37:48,421 - INFO - [상태] 포지션 없음, 자본금: $5095.93
2026-01-19 19:37:48,421 - INFO - [지표] ADX=nan, Bull=nan, Bear=nan
2026-01-19 19:42:48,422 - INFO - [상태] 포지션 없음, 자본금: $5095.93
2026-01-19 19:42:48,422 - INFO - [지표] ADX=nan, Bull=nan, Bear=nan
2026-01-19 19:45:00,272 - INFO - [EMA] 증분계산: prev=92883.80, close=92971.0, new=92890.50
2026-01-19 19:45:00,279 - INFO - 15m | 10:30 | O:92950.4 H:92985.1 L:92885.7 C:92971.0
2026-01-19 19:45:00,279 - INFO - 지표: ADX=28.2, ATR=180.2, Bull=False, Bear=True
2026-01-19 19:47:48,424 - INFO - [상태] 포지션 없음, 자본금: $5095.93
2026-01-19 19:47:48,424 - INFO - [지표] ADX=nan, Bull=nan, Bear=nan
2026-01-19 19:52:48,425 - INFO - [상태] 포지션 없음, 자본금: $5095.93
2026-01-19 19:52:48,426 - INFO - [지표] ADX=nan, Bull=nan, Bear=nan
2026-01-19 19:57:48,427 - INFO - [상태] 포지션 없음, 자본금: $5095.93
2026-01-19 19:57:48,427 - INFO - [지표] ADX=nan, Bull=nan, Bear=nan
2026-01-19 20:00:00,283 - INFO - [EMA] 증분계산: prev=92890.50, close=93021.2, new=92900.56
2026-01-19 20:00:00,293 - INFO - 15m | 10:45 | O:92971.0 H:93028.3 L:92937.1 C:93021.2
2026-01-19 20:00:00,293 - INFO - 지표: ADX=26.8, ATR=171.3, Bull=False, Bear=True
2026-01-19 20:02:48,428 - INFO - [상태] 포지션 없음, 자본금: $5095.93
2026-01-19 20:02:48,429 - INFO - [지표] ADX=nan, Bull=nan, Bear=nan
2026-01-19 20:07:48,430 - INFO - [상태] 포지션 없음, 자본금: $5095.93
2026-01-19 20:07:48,430 - INFO - [지표] ADX=nan, Bull=nan, Bear=nan
2026-01-19 20:12:48,431 - INFO - [상태] 포지션 없음, 자본금: $5095.93
2026-01-19 20:12:48,431 - INFO - [지표] ADX=nan, Bull=nan, Bear=nan
2026-01-19 20:15:00,205 - INFO - [EMA] 증분계산: prev=92900.56, close=92955.8, new=92904.81
2026-01-19 20:15:00,214 - INFO - 15m | 11:00 | O:93021.2 H:93028.4 L:92916.9 C:92955.8
2026-01-19 20:15:00,215 - INFO - 지표: ADX=25.4, ATR=165.3, Bull=False, Bear=True
2026-01-19 20:17:48,432 - INFO - [상태] 포지션 없음, 자본금: $5095.93
2026-01-19 20:17:48,432 - INFO - [지표] ADX=nan, Bull=nan, Bear=nan
2026-01-19 20:22:48,433 - INFO - [상태] 포지션 없음, 자본금: $5095.93
2026-01-19 20:22:48,433 - INFO - [지표] ADX=nan, Bull=nan, Bear=nan
2026-01-19 20:27:48,434 - INFO - [상태] 포지션 없음, 자본금: $5095.93
2026-01-19 20:27:48,434 - INFO - [지표] ADX=nan, Bull=nan, Bear=nan
2026-01-19 20:30:00,136 - INFO - [EMA] 증분계산: prev=92904.81, close=93083.3, new=92918.54
2026-01-19 20:30:00,146 - INFO - 15m | 11:15 | O:92955.9 H:93122.1 L:92955.8 C:93083.3
2026-01-19 20:30:00,146 - INFO - 지표: ADX=24.7, ATR=165.4, Bull=False, Bear=True
2026-01-19 20:32:48,435 - INFO - [상태] 포지션 없음, 자본금: $5095.93
2026-01-19 20:32:48,436 - INFO - [지표] ADX=nan, Bull=nan, Bear=nan
2026-01-19 20:37:48,437 - INFO - [상태] 포지션 없음, 자본금: $5095.93
2026-01-19 20:37:48,437 - INFO - [지표] ADX=nan, Bull=nan, Bear=nan
2026-01-19 20:42:48,438 - INFO - [상태] 포지션 없음, 자본금: $5095.93
2026-01-19 20:42:48,438 - INFO - [지표] ADX=nan, Bull=nan, Bear=nan
2026-01-19 20:45:00,042 - INFO - [EMA] 증분계산: prev=92918.54, close=93190.9, new=92939.49
2026-01-19 20:45:00,049 - INFO - 15m | 11:30 | O:93083.3 H:93241.2 L:93052.4 C:93190.9
2026-01-19 20:45:00,049 - INFO - 지표: ADX=24.7, ATR=167.7, Bull=False, Bear=True
2026-01-19 20:47:48,439 - INFO - [상태] 포지션 없음, 자본금: $5095.93
2026-01-19 20:47:48,439 - INFO - [지표] ADX=nan, Bull=nan, Bear=nan
2026-01-19 20:52:48,440 - INFO - [상태] 포지션 없음, 자본금: $5095.93
2026-01-19 20:52:48,440 - INFO - [지표] ADX=nan, Bull=nan, Bear=nan
2026-01-19 20:57:48,441 - INFO - [상태] 포지션 없음, 자본금: $5095.93
2026-01-19 20:57:48,442 - INFO - [지표] ADX=nan, Bull=nan, Bear=nan
2026-01-19 21:00:00,118 - INFO - [EMA] 증분계산: prev=92939.49, close=93136.7, new=92954.66
2026-01-19 21:00:00,125 - INFO - 15m | 11:45 | O:93191.0 H:93267.5 L:93123.7 C:93136.7
2026-01-19 21:00:00,125 - INFO - 지표: ADX=24.9, ATR=165.3, Bull=False, Bear=True
2026-01-19 21:02:48,444 - INFO - [상태] 포지션 없음, 자본금: $5095.93
2026-01-19 21:02:48,444 - INFO - [지표] ADX=nan, Bull=nan, Bear=nan
2026-01-19 21:07:48,446 - INFO - [상태] 포지션 없음, 자본금: $5095.93
2026-01-19 21:07:48,446 - INFO - [지표] ADX=nan, Bull=nan, Bear=nan
2026-01-19 21:12:48,447 - INFO - [상태] 포지션 없음, 자본금: $5095.93
2026-01-19 21:12:48,448 - INFO - [지표] ADX=nan, Bull=nan, Bear=nan
2026-01-19 21:15:00,147 - INFO - [EMA] 증분계산: prev=92954.66, close=92997.3, new=92957.94
2026-01-19 21:15:00,156 - INFO - 15m | 12:00 | O:93136.8 H:93136.8 L:92982.6 C:92997.3
2026-01-19 21:15:00,156 - INFO - 지표: ADX=23.8, ATR=164.2, Bull=False, Bear=True
2026-01-19 21:17:48,449 - INFO - [상태] 포지션 없음, 자본금: $5095.93
2026-01-19 21:17:48,450 - INFO - [지표] ADX=nan, Bull=nan, Bear=nan
2026-01-19 21:22:48,450 - INFO - [상태] 포지션 없음, 자본금: $5095.93
2026-01-19 21:22:48,451 - INFO - [지표] ADX=nan, Bull=nan, Bear=nan
2026-01-19 21:27:48,451 - INFO - [상태] 포지션 없음, 자본금: $5095.93
2026-01-19 21:27:48,452 - INFO - [지표] ADX=nan, Bull=nan, Bear=nan
2026-01-19 21:30:00,396 - INFO - [EMA] 증분계산: prev=92957.94, close=92982.4, new=92959.82
2026-01-19 21:30:00,406 - INFO - 15m | 12:15 | O:92997.3 H:93104.3 L:92960.0 C:92982.4
2026-01-19 21:30:00,406 - INFO - 지표: ADX=22.7, ATR=162.2, Bull=False, Bear=True
2026-01-19 21:32:48,454 - INFO - [상태] 포지션 없음, 자본금: $5095.93
2026-01-19 21:32:48,454 - INFO - [지표] ADX=nan, Bull=nan, Bear=nan
2026-01-19 21:37:48,455 - INFO - [상태] 포지션 없음, 자본금: $5095.93
2026-01-19 21:37:48,456 - INFO - [지표] ADX=nan, Bull=nan, Bear=nan
2026-01-19 21:42:48,457 - INFO - [상태] 포지션 없음, 자본금: $5095.93
2026-01-19 21:42:48,457 - INFO - [지표] ADX=nan, Bull=nan, Bear=nan
2026-01-19 21:45:00,178 - INFO - [EMA] 증분계산: prev=92959.82, close=93111.1, new=92971.46
2026-01-19 21:45:00,188 - INFO - 15m | 12:30 | O:92982.4 H:93188.0 L:92982.4 C:93111.1
2026-01-19 21:45:00,188 - INFO - 지표: ADX=22.2, ATR=166.6, Bull=False, Bear=True
2026-01-19 21:47:48,458 - INFO - [상태] 포지션 없음, 자본금: $5095.93
2026-01-19 21:47:48,459 - INFO - [지표] ADX=nan, Bull=nan, Bear=nan
2026-01-19 21:52:48,460 - INFO - [상태] 포지션 없음, 자본금: $5095.93
2026-01-19 21:52:48,460 - INFO - [지표] ADX=nan, Bull=nan, Bear=nan
2026-01-19 21:57:48,461 - INFO - [상태] 포지션 없음, 자본금: $5095.93
2026-01-19 21:57:48,462 - INFO - [지표] ADX=nan, Bull=nan, Bear=nan
2026-01-19 22:00:00,408 - INFO - [EMA] 증분계산: prev=92971.46, close=93025.9, new=92975.65
2026-01-19 22:00:00,417 - INFO - 15m | 12:45 | O:93111.0 H:93149.0 L:92980.0 C:93025.9
2026-01-19 22:00:00,417 - INFO - 지표: ADX=21.7, ATR=166.8, Bull=False, Bear=True
2026-01-19 22:02:48,464 - INFO - [상태] 포지션 없음, 자본금: $5095.93
2026-01-19 22:02:48,464 - INFO - [지표] ADX=nan, Bull=nan, Bear=nan
2026-01-19 22:07:48,466 - INFO - [상태] 포지션 없음, 자본금: $5095.93
2026-01-19 22:07:48,466 - INFO - [지표] ADX=nan, Bull=nan, Bear=nan
2026-01-19 22:12:48,468 - INFO - [상태] 포지션 없음, 자본금: $5095.93
2026-01-19 22:12:48,468 - INFO - [지표] ADX=nan, Bull=nan, Bear=nan
2026-01-19 22:15:00,069 - INFO - [EMA] 증분계산: prev=92975.65, close=92944.5, new=92973.25
2026-01-19 22:15:00,078 - INFO - 15m | 13:00 | O:93025.9 H:93025.9 L:92916.9 C:92944.5
2026-01-19 22:15:00,079 - INFO - 지표: ADX=20.6, ATR=161.0, Bull=False, Bear=True
2026-01-19 22:17:48,469 - INFO - [상태] 포지션 없음, 자본금: $5095.93
2026-01-19 22:17:48,470 - INFO - [지표] ADX=nan, Bull=nan, Bear=nan
2026-01-19 22:22:48,470 - INFO - [상태] 포지션 없음, 자본금: $5095.93
2026-01-19 22:22:48,470 - INFO - [지표] ADX=nan, Bull=nan, Bear=nan
2026-01-19 22:27:48,473 - INFO - [상태] 포지션 없음, 자본금: $5095.93
2026-01-19 22:27:48,473 - INFO - [지표] ADX=nan, Bull=nan, Bear=nan
2026-01-19 22:30:00,230 - INFO - [EMA] 증분계산: prev=92973.25, close=92906.3, new=92968.10
2026-01-19 22:30:00,236 - INFO - 15m | 13:15 | O:92944.4 H:92982.2 L:92741.3 C:92906.3
2026-01-19 22:30:00,236 - INFO - 지표: ADX=19.9, ATR=169.0, Bull=False, Bear=True
2026-01-19 22:32:48,475 - INFO - [상태] 포지션 없음, 자본금: $5095.93
2026-01-19 22:32:48,475 - INFO - [지표] ADX=nan, Bull=nan, Bear=nan
2026-01-19 22:37:48,476 - INFO - [상태] 포지션 없음, 자본금: $5095.93
2026-01-19 22:37:48,477 - INFO - [지표] ADX=nan, Bull=nan, Bear=nan
2026-01-19 22:42:48,478 - INFO - [상태] 포지션 없음, 자본금: $5095.93
2026-01-19 22:42:48,478 - INFO - [지표] ADX=nan, Bull=nan, Bear=nan
2026-01-19 22:45:00,329 - INFO - [EMA] 증분계산: prev=92968.10, close=93031.4, new=92972.97
2026-01-19 22:45:00,339 - INFO - 15m | 13:30 | O:92906.2 H:93117.1 L:92906.2 C:93031.4
2026-01-19 22:45:00,339 - INFO - 지표: ADX=18.7, ATR=173.2, Bull=False, Bear=True
2026-01-19 22:47:48,479 - INFO - [상태] 포지션 없음, 자본금: $5095.93
2026-01-19 22:47:48,479 - INFO - [지표] ADX=nan, Bull=nan, Bear=nan
2026-01-19 22:52:48,480 - INFO - [상태] 포지션 없음, 자본금: $5095.93
2026-01-19 22:52:48,480 - INFO - [지표] ADX=nan, Bull=nan, Bear=nan
2026-01-19 22:57:48,482 - INFO - [상태] 포지션 없음, 자본금: $5095.93
2026-01-19 22:57:48,482 - INFO - [지표] ADX=nan, Bull=nan, Bear=nan
2026-01-19 23:00:00,261 - INFO - [EMA] 증분계산: prev=92972.97, close=92993.0, new=92974.51
2026-01-19 23:00:00,271 - INFO - 15m | 13:45 | O:93031.4 H:93091.5 L:92967.5 C:92993.0
2026-01-19 23:00:00,271 - INFO - 지표: ADX=17.6, ATR=168.3, Bull=False, Bear=True
2026-01-19 23:02:48,484 - INFO - [상태] 포지션 없음, 자본금: $5095.93
2026-01-19 23:02:48,484 - INFO - [지표] ADX=nan, Bull=nan, Bear=nan
2026-01-19 23:07:48,485 - INFO - [상태] 포지션 없음, 자본금: $5095.93
2026-01-19 23:07:48,485 - INFO - [지표] ADX=nan, Bull=nan, Bear=nan
2026-01-19 23:12:48,486 - INFO - [상태] 포지션 없음, 자본금: $5095.93
2026-01-19 23:12:48,487 - INFO - [지표] ADX=nan, Bull=nan, Bear=nan
2026-01-19 23:15:00,232 - INFO - [EMA] 증분계산: prev=92974.51, close=92834.9, new=92963.77
2026-01-19 23:15:00,238 - INFO - 15m | 14:00 | O:92992.9 H:93000.0 L:92750.0 C:92834.9
2026-01-19 23:15:00,238 - INFO - 지표: ADX=17.4, ATR=176.5, Bull=False, Bear=True
2026-01-19 23:17:48,487 - INFO - [상태] 포지션 없음, 자본금: $5095.93
2026-01-19 23:17:48,488 - INFO - [지표] ADX=nan, Bull=nan, Bear=nan
2026-01-19 23:22:48,489 - INFO - [상태] 포지션 없음, 자본금: $5095.93
2026-01-19 23:22:48,490 - INFO - [지표] ADX=nan, Bull=nan, Bear=nan
2026-01-19 23:27:48,491 - INFO - [상태] 포지션 없음, 자본금: $5095.93
2026-01-19 23:27:48,492 - INFO - [지표] ADX=nan, Bull=nan, Bear=nan
2026-01-19 23:30:00,079 - INFO - [EMA] 증분계산: prev=92963.77, close=92828.6, new=92953.37
2026-01-19 23:30:00,086 - INFO - 15m | 14:15 | O:92834.9 H:92949.0 L:92767.3 C:92828.6
2026-01-19 23:30:00,086 - INFO - 지표: ADX=17.3, ATR=177.0, Bull=False, Bear=True
2026-01-19 23:32:48,493 - INFO - [상태] 포지션 없음, 자본금: $5095.93
2026-01-19 23:32:48,493 - INFO - [지표] ADX=nan, Bull=nan, Bear=nan
2026-01-19 23:37:48,494 - INFO - [상태] 포지션 없음, 자본금: $5095.93
2026-01-19 23:37:48,495 - INFO - [지표] ADX=nan, Bull=nan, Bear=nan
2026-01-19 23:42:48,495 - INFO - [상태] 포지션 없음, 자본금: $5095.93
2026-01-19 23:42:48,496 - INFO - [지표] ADX=nan, Bull=nan, Bear=nan
2026-01-19 23:45:00,076 - INFO - [EMA] 증분계산: prev=92953.37, close=92763.8, new=92938.79
2026-01-19 23:45:00,083 - INFO - 15m | 14:30 | O:92828.7 H:92946.4 L:92660.0 C:92763.8
2026-01-19 23:45:00,083 - INFO - 지표: ADX=17.8, ATR=187.9, Bull=False, Bear=True
2026-01-19 23:47:48,497 - INFO - [상태] 포지션 없음, 자본금: $5095.93
2026-01-19 23:47:48,497 - INFO - [지표] ADX=nan, Bull=nan, Bear=nan
2026-01-19 23:52:48,499 - INFO - [상태] 포지션 없음, 자본금: $5095.93
2026-01-19 23:52:48,499 - INFO - [지표] ADX=nan, Bull=nan, Bear=nan
2026-01-19 23:57:48,500 - INFO - [상태] 포지션 없음, 자본금: $5095.93
2026-01-19 23:57:48,500 - INFO - [지표] ADX=nan, Bull=nan, Bear=nan
2026-01-20 00:00:00,288 - INFO - [EMA] 증분계산: prev=92938.79, close=92779.7, new=92926.55
2026-01-20 00:00:00,298 - INFO - 15m | 14:45 | O:92763.7 H:92881.8 L:92713.7 C:92779.7
2026-01-20 00:00:00,298 - INFO - 지표: ADX=18.3, ATR=185.9, Bull=False, Bear=True
2026-01-20 00:02:48,500 - INFO - [상태] 포지션 없음, 자본금: $5095.93
2026-01-20 00:02:48,501 - INFO - [지표] ADX=nan, Bull=nan, Bear=nan
2026-01-20 00:07:48,503 - INFO - [상태] 포지션 없음, 자본금: $5095.93
2026-01-20 00:07:48,504 - INFO - [지표] ADX=nan, Bull=nan, Bear=nan
2026-01-20 00:12:48,505 - INFO - [상태] 포지션 없음, 자본금: $5095.93
2026-01-20 00:12:48,505 - INFO - [지표] ADX=nan, Bull=nan, Bear=nan
2026-01-20 00:15:00,159 - INFO - [EMA] 증분계산: prev=92926.55, close=92996.9, new=92931.96
2026-01-20 00:15:00,165 - INFO - 15m | 15:00 | O:92779.8 H:92998.8 L:92776.4 C:92996.9
2026-01-20 00:15:00,165 - INFO - 지표: ADX=17.7, ATR=189.6, Bull=False, Bear=True
2026-01-20 00:17:48,507 - INFO - [상태] 포지션 없음, 자본금: $5095.93
2026-01-20 00:17:48,507 - INFO - [지표] ADX=nan, Bull=nan, Bear=nan
2026-01-20 00:22:48,509 - INFO - [상태] 포지션 없음, 자본금: $5095.93
2026-01-20 00:22:48,509 - INFO - [지표] ADX=nan, Bull=nan, Bear=nan
2026-01-20 00:27:48,510 - INFO - [상태] 포지션 없음, 자본금: $5095.93
2026-01-20 00:27:48,511 - INFO - [지표] ADX=nan, Bull=nan, Bear=nan
2026-01-20 00:30:00,181 - INFO - [EMA] 증분계산: prev=92931.96, close=92889.2, new=92928.67
2026-01-20 00:30:00,188 - INFO - 15m | 15:15 | O:92996.8 H:93025.2 L:92843.0 C:92889.2
2026-01-20 00:30:00,188 - INFO - 지표: ADX=17.0, ATR=188.8, Bull=False, Bear=True
2026-01-20 00:32:48,512 - INFO - [상태] 포지션 없음, 자본금: $5095.93
2026-01-20 00:32:48,513 - INFO - [지표] ADX=nan, Bull=nan, Bear=nan
2026-01-20 00:37:48,513 - INFO - [상태] 포지션 없음, 자본금: $5095.93
2026-01-20 00:37:48,514 - INFO - [지표] ADX=nan, Bull=nan, Bear=nan
2026-01-20 00:42:48,515 - INFO - [상태] 포지션 없음, 자본금: $5095.93
2026-01-20 00:42:48,516 - INFO - [지표] ADX=nan, Bull=nan, Bear=nan
2026-01-20 00:45:00,618 - INFO - [EMA] 증분계산: prev=92928.67, close=92942.2, new=92929.71
2026-01-20 00:45:00,628 - INFO - 15m | 15:30 | O:92889.3 H:93023.0 L:92872.6 C:92942.2
2026-01-20 00:45:00,629 - INFO - 지표: ADX=16.3, ATR=185.0, Bull=False, Bear=True
2026-01-20 00:47:48,516 - INFO - [상태] 포지션 없음, 자본금: $5095.93
2026-01-20 00:47:48,517 - INFO - [지표] ADX=nan, Bull=nan, Bear=nan
2026-01-20 00:52:48,530 - INFO - [상태] 포지션 없음, 자본금: $5095.93
2026-01-20 00:52:48,530 - INFO - [지표] ADX=nan, Bull=nan, Bear=nan
2026-01-20 00:57:48,531 - INFO - [상태] 포지션 없음, 자본금: $5095.93
2026-01-20 00:57:48,531 - INFO - [지표] ADX=nan, Bull=nan, Bear=nan
2026-01-20 01:00:00,173 - INFO - [EMA] 증분계산: prev=92929.71, close=93013.5, new=92936.16
2026-01-20 01:00:00,183 - INFO - 15m | 15:45 | O:92942.2 H:93051.9 L:92930.8 C:93013.5
2026-01-20 01:00:00,183 - INFO - 지표: ADX=15.5, ATR=178.6, Bull=False, Bear=True
2026-01-20 01:02:48,532 - INFO - [상태] 포지션 없음, 자본금: $5095.93
2026-01-20 01:02:48,533 - INFO - [지표] ADX=nan, Bull=nan, Bear=nan
2026-01-20 01:07:48,533 - INFO - [상태] 포지션 없음, 자본금: $5095.93
2026-01-20 01:07:48,534 - INFO - [지표] ADX=nan, Bull=nan, Bear=nan
2026-01-20 01:12:48,535 - INFO - [상태] 포지션 없음, 자본금: $5095.93
2026-01-20 01:12:48,535 - INFO - [지표] ADX=nan, Bull=nan, Bear=nan
2026-01-20 01:15:00,167 - INFO - [EMA] 증분계산: prev=92936.16, close=93002.1, new=92941.23
2026-01-20 01:15:00,174 - INFO - 15m | 16:00 | O:93013.4 H:93111.5 L:92985.5 C:93002.1
2026-01-20 01:15:00,174 - INFO - 지표: ADX=14.6, ATR=173.4, Bull=False, Bear=True
2026-01-20 01:17:48,536 - INFO - [상태] 포지션 없음, 자본금: $5095.93
2026-01-20 01:17:48,536 - INFO - [지표] ADX=nan, Bull=nan, Bear=nan
2026-01-20 01:22:48,537 - INFO - [상태] 포지션 없음, 자본금: $5095.93
2026-01-20 01:22:48,538 - INFO - [지표] ADX=nan, Bull=nan, Bear=nan
2026-01-20 01:27:48,539 - INFO - [상태] 포지션 없음, 자본금: $5095.93
2026-01-20 01:27:48,539 - INFO - [지표] ADX=nan, Bull=nan, Bear=nan
2026-01-20 01:30:00,291 - INFO - [EMA] 증분계산: prev=92941.23, close=93128.5, new=92955.64
2026-01-20 01:30:00,300 - INFO - 15m | 16:15 | O:93002.1 H:93150.0 L:92947.4 C:93128.5
2026-01-20 01:30:00,300 - INFO - 지표: ADX=14.0, ATR=176.3, Bull=False, Bear=True
2026-01-20 01:32:48,539 - INFO - [상태] 포지션 없음, 자본금: $5095.93
2026-01-20 01:32:48,540 - INFO - [지표] ADX=nan, Bull=nan, Bear=nan
2026-01-20 01:37:48,540 - INFO - [상태] 포지션 없음, 자본금: $5095.93
2026-01-20 01:37:48,541 - INFO - [지표] ADX=nan, Bull=nan, Bear=nan
2026-01-20 01:42:48,542 - INFO - [상태] 포지션 없음, 자본금: $5095.93
2026-01-20 01:42:48,542 - INFO - [지표] ADX=nan, Bull=nan, Bear=nan
2026-01-20 01:45:00,061 - INFO - [EMA] 증분계산: prev=92955.64, close=93175.5, new=92972.55
2026-01-20 01:45:00,067 - INFO - 15m | 16:30 | O:93128.5 H:93220.0 L:93128.5 C:93175.5
2026-01-20 01:45:00,067 - INFO - 지표: ADX=14.0, ATR=167.8, Bull=False, Bear=True
2026-01-20 01:47:48,543 - INFO - [상태] 포지션 없음, 자본금: $5095.93
2026-01-20 01:47:48,543 - INFO - [지표] ADX=nan, Bull=nan, Bear=nan
2026-01-20 01:52:48,544 - INFO - [상태] 포지션 없음, 자본금: $5095.93
2026-01-20 01:52:48,545 - INFO - [지표] ADX=nan, Bull=nan, Bear=nan
2026-01-20 01:57:48,545 - INFO - [상태] 포지션 없음, 자본금: $5095.93
2026-01-20 01:57:48,546 - INFO - [지표] ADX=nan, Bull=nan, Bear=nan
2026-01-20 02:00:00,085 - INFO - [EMA] 증분계산: prev=92972.55, close=93264.9, new=92995.04
2026-01-20 02:00:00,095 - INFO - 15m | 16:45 | O:93175.6 H:93379.0 L:93108.3 C:93264.9
2026-01-20 02:00:00,095 - INFO - 지표: ADX=14.9, ATR=178.1, Bull=False, Bear=True
2026-01-20 02:02:48,548 - INFO - [상태] 포지션 없음, 자본금: $5095.93
2026-01-20 02:02:48,548 - INFO - [지표] ADX=nan, Bull=nan, Bear=nan
2026-01-20 02:07:48,551 - INFO - [상태] 포지션 없음, 자본금: $5095.93
2026-01-20 02:07:48,551 - INFO - [지표] ADX=nan, Bull=nan, Bear=nan
2026-01-20 02:12:48,553 - INFO - [상태] 포지션 없음, 자본금: $5095.93
2026-01-20 02:12:48,553 - INFO - [지표] ADX=nan, Bull=nan, Bear=nan
2026-01-20 02:15:00,220 - INFO - [EMA] 증분계산: prev=92995.04, close=93304.1, new=93018.81
2026-01-20 02:15:00,230 - INFO - 15m | 17:00 | O:93265.0 H:93348.3 L:93097.3 C:93304.1
2026-01-20 02:15:00,230 - INFO - 지표: ADX=15.7, ATR=185.4, Bull=False, Bear=True
2026-01-20 02:17:48,554 - INFO - [상태] 포지션 없음, 자본금: $5095.93
2026-01-20 02:17:48,555 - INFO - [지표] ADX=nan, Bull=nan, Bear=nan
2026-01-20 02:22:48,556 - INFO - [상태] 포지션 없음, 자본금: $5095.93
2026-01-20 02:22:48,556 - INFO - [지표] ADX=nan, Bull=nan, Bear=nan
2026-01-20 02:27:48,558 - INFO - [상태] 포지션 없음, 자본금: $5095.93
2026-01-20 02:27:48,559 - INFO - [지표] ADX=nan, Bull=nan, Bear=nan
2026-01-20 02:30:00,416 - INFO - [EMA] 증분계산: prev=93018.81, close=93261.4, new=93037.47
2026-01-20 02:30:00,426 - INFO - 15m | 17:15 | O:93304.0 H:93351.9 L:93233.3 C:93261.4
2026-01-20 02:30:00,426 - INFO - 지표: ADX=16.5, ATR=178.7, Bull=False, Bear=True
2026-01-20 02:32:48,560 - INFO - [상태] 포지션 없음, 자본금: $5095.93
2026-01-20 02:32:48,560 - INFO - [지표] ADX=nan, Bull=nan, Bear=nan
2026-01-20 02:37:48,561 - INFO - [상태] 포지션 없음, 자본금: $5095.93
2026-01-20 02:37:48,562 - INFO - [지표] ADX=nan, Bull=nan, Bear=nan
2026-01-20 02:42:48,562 - INFO - [상태] 포지션 없음, 자본금: $5095.93
2026-01-20 02:42:48,563 - INFO - [지표] ADX=nan, Bull=nan, Bear=nan
2026-01-20 02:45:00,185 - INFO - [EMA] 증분계산: prev=93037.47, close=93155.4, new=93046.54
2026-01-20 02:45:00,195 - INFO - 15m | 17:30 | O:93261.3 H:93261.4 L:93116.1 C:93155.4
2026-01-20 02:45:00,195 - INFO - 지표: ADX=16.1, ATR=175.4, Bull=False, Bear=True
2026-01-20 02:47:48,564 - INFO - [상태] 포지션 없음, 자본금: $5095.93
2026-01-20 02:47:48,565 - INFO - [지표] ADX=nan, Bull=nan, Bear=nan
2026-01-20 02:52:48,566 - INFO - [상태] 포지션 없음, 자본금: $5095.93
2026-01-20 02:52:48,567 - INFO - [지표] ADX=nan, Bull=nan, Bear=nan
2026-01-20 02:57:48,568 - INFO - [상태] 포지션 없음, 자본금: $5095.93
2026-01-20 02:57:48,568 - INFO - [지표] ADX=nan, Bull=nan, Bear=nan
2026-01-20 03:00:00,255 - INFO - [EMA] 증분계산: prev=93046.54, close=93195.1, new=93057.97
2026-01-20 03:00:00,265 - INFO - 15m | 17:45 | O:93155.3 H:93214.4 L:93122.3 C:93195.1
2026-01-20 03:00:00,265 - INFO - 지표: ADX=15.7, ATR=167.0, Bull=False, Bear=True
2026-01-20 03:02:48,570 - INFO - [상태] 포지션 없음, 자본금: $5095.93
2026-01-20 03:02:48,570 - INFO - [지표] ADX=nan, Bull=nan, Bear=nan
2026-01-20 03:07:48,571 - INFO - [상태] 포지션 없음, 자본금: $5095.93
2026-01-20 03:07:48,572 - INFO - [지표] ADX=nan, Bull=nan, Bear=nan
2026-01-20 03:12:48,573 - INFO - [상태] 포지션 없음, 자본금: $5095.93
2026-01-20 03:12:48,573 - INFO - [지표] ADX=nan, Bull=nan, Bear=nan
2026-01-20 03:15:00,664 - INFO - [EMA] 증분계산: prev=93057.97, close=93060.8, new=93058.19
2026-01-20 03:15:00,674 - INFO - 15m | 18:00 | O:93195.1 H:93226.6 L:93052.8 C:93060.8
2026-01-20 03:15:00,674 - INFO - 지표: ADX=14.7, ATR=167.7, Bull=False, Bear=True
2026-01-20 03:17:48,574 - INFO - [상태] 포지션 없음, 자본금: $5095.93
2026-01-20 03:17:48,574 - INFO - [지표] ADX=nan, Bull=nan, Bear=nan
2026-01-20 03:22:48,576 - INFO - [상태] 포지션 없음, 자본금: $5095.93
2026-01-20 03:22:48,576 - INFO - [지표] ADX=nan, Bull=nan, Bear=nan
2026-01-20 03:27:48,577 - INFO - [상태] 포지션 없음, 자본금: $5095.93
2026-01-20 03:27:48,578 - INFO - [지표] ADX=nan, Bull=nan, Bear=nan
2026-01-20 03:30:00,417 - INFO - [EMA] 증분계산: prev=93058.19, close=92942.9, new=93049.32
2026-01-20 03:30:00,424 - INFO - 15m | 18:15 | O:93060.9 H:93089.8 L:92917.2 C:92942.9
2026-01-20 03:30:00,424 - INFO - 지표: ADX=14.6, ATR=168.2, Bull=False, Bear=True
2026-01-20 03:32:48,578 - INFO - [상태] 포지션 없음, 자본금: $5095.93
2026-01-20 03:32:48,579 - INFO - [지표] ADX=nan, Bull=nan, Bear=nan
2026-01-20 03:37:48,580 - INFO - [상태] 포지션 없음, 자본금: $5095.93
2026-01-20 03:37:48,581 - INFO - [지표] ADX=nan, Bull=nan, Bear=nan
2026-01-20 03:42:48,582 - INFO - [상태] 포지션 없음, 자본금: $5095.93
2026-01-20 03:42:48,583 - INFO - [지표] ADX=nan, Bull=nan, Bear=nan
2026-01-20 03:45:01,765 - INFO - [EMA] 증분계산: prev=93049.32, close=93075.4, new=93051.33
2026-01-20 03:45:01,775 - INFO - 15m | 18:30 | O:92942.9 H:93092.4 L:92888.0 C:93075.4
2026-01-20 03:45:01,775 - INFO - 지표: ADX=14.6, ATR=171.8, Bull=False, Bear=True
2026-01-20 03:47:48,584 - INFO - [상태] 포지션 없음, 자본금: $5095.93
2026-01-20 03:47:48,584 - INFO - [지표] ADX=nan, Bull=nan, Bear=nan
2026-01-20 03:52:48,587 - INFO - [상태] 포지션 없음, 자본금: $5095.93
2026-01-20 03:52:48,587 - INFO - [지표] ADX=nan, Bull=nan, Bear=nan
2026-01-20 03:57:48,588 - INFO - [상태] 포지션 없음, 자본금: $5095.93
2026-01-20 03:57:48,588 - INFO - [지표] ADX=nan, Bull=nan, Bear=nan
2026-01-20 04:00:00,517 - INFO - [EMA] 증분계산: prev=93051.33, close=93022.9, new=93049.14
2026-01-20 04:00:00,524 - INFO - 15m | 18:45 | O:93075.4 H:93090.1 L:92981.2 C:93022.9
2026-01-20 04:00:00,524 - INFO - 지표: ADX=14.7, ATR=165.5, Bull=False, Bear=True
2026-01-20 04:02:48,589 - INFO - [상태] 포지션 없음, 자본금: $5095.93
2026-01-20 04:02:48,590 - INFO - [지표] ADX=nan, Bull=nan, Bear=nan
2026-01-20 04:07:48,590 - INFO - [상태] 포지션 없음, 자본금: $5095.93
2026-01-20 04:07:48,591 - INFO - [지표] ADX=nan, Bull=nan, Bear=nan
2026-01-20 04:12:48,592 - INFO - [상태] 포지션 없음, 자본금: $5095.93
2026-01-20 04:12:48,593 - INFO - [지표] ADX=nan, Bull=nan, Bear=nan
2026-01-20 04:15:00,452 - INFO - [EMA] 증분계산: prev=93049.14, close=93046.1, new=93048.91
2026-01-20 04:15:00,458 - INFO - 15m | 19:00 | O:93023.0 H:93056.4 L:92948.1 C:93046.1
2026-01-20 04:15:00,459 - INFO - 지표: ADX=15.1, ATR=159.8, Bull=False, Bear=True
2026-01-20 04:17:48,594 - INFO - [상태] 포지션 없음, 자본금: $5095.93
2026-01-20 04:17:48,594 - INFO - [지표] ADX=nan, Bull=nan, Bear=nan
2026-01-20 04:22:48,596 - INFO - [상태] 포지션 없음, 자본금: $5095.93
2026-01-20 04:22:48,596 - INFO - [지표] ADX=nan, Bull=nan, Bear=nan
2026-01-20 04:27:48,597 - INFO - [상태] 포지션 없음, 자본금: $5095.93
2026-01-20 04:27:48,597 - INFO - [지표] ADX=nan, Bull=nan, Bear=nan
2026-01-20 04:30:00,171 - INFO - [EMA] 증분계산: prev=93048.91, close=93033.6, new=93047.73
2026-01-20 04:30:00,178 - INFO - 15m | 19:15 | O:93046.1 H:93110.2 L:92998.8 C:93033.6
2026-01-20 04:30:00,178 - INFO - 지표: ADX=14.8, ATR=155.0, Bull=False, Bear=True
2026-01-20 04:32:48,598 - INFO - [상태] 포지션 없음, 자본금: $5095.93
2026-01-20 04:32:48,598 - INFO - [지표] ADX=nan, Bull=nan, Bear=nan
2026-01-20 04:37:48,599 - INFO - [상태] 포지션 없음, 자본금: $5095.93
2026-01-20 04:37:48,600 - INFO - [지표] ADX=nan, Bull=nan, Bear=nan
2026-01-20 04:42:48,600 - INFO - [상태] 포지션 없음, 자본금: $5095.93
2026-01-20 04:42:48,601 - INFO - [지표] ADX=nan, Bull=nan, Bear=nan
2026-01-20 04:45:00,053 - INFO - [EMA] 증분계산: prev=93047.73, close=93105.1, new=93052.14
2026-01-20 04:45:00,062 - INFO - 15m | 19:30 | O:93033.5 H:93105.1 L:92993.7 C:93105.1
2026-01-20 04:45:00,062 - INFO - 지표: ADX=14.6, ATR=150.6, Bull=False, Bear=True
2026-01-20 04:47:48,603 - INFO - [상태] 포지션 없음, 자본금: $5095.93
2026-01-20 04:47:48,603 - INFO - [지표] ADX=nan, Bull=nan, Bear=nan
2026-01-20 04:52:48,609 - INFO - [상태] 포지션 없음, 자본금: $5095.93
2026-01-20 04:52:48,610 - INFO - [지표] ADX=nan, Bull=nan, Bear=nan
2026-01-20 04:57:48,613 - INFO - [상태] 포지션 없음, 자본금: $5095.93
2026-01-20 04:57:48,613 - INFO - [지표] ADX=nan, Bull=nan, Bear=nan
2026-01-20 05:00:01,081 - INFO - [EMA] 증분계산: prev=93052.14, close=93066.2, new=93053.22
2026-01-20 05:00:01,091 - INFO - 15m | 19:45 | O:93105.0 H:93116.6 L:93039.5 C:93066.2
2026-01-20 05:00:01,091 - INFO - 지표: ADX=14.3, ATR=143.3, Bull=False, Bear=True
2026-01-20 05:02:48,614 - INFO - [상태] 포지션 없음, 자본금: $5095.93
2026-01-20 05:02:48,615 - INFO - [지표] ADX=nan, Bull=nan, Bear=nan
2026-01-20 05:07:48,616 - INFO - [상태] 포지션 없음, 자본금: $5095.93
2026-01-20 05:07:48,616 - INFO - [지표] ADX=nan, Bull=nan, Bear=nan
2026-01-20 05:12:48,617 - INFO - [상태] 포지션 없음, 자본금: $5095.93
2026-01-20 05:12:48,617 - INFO - [지표] ADX=nan, Bull=nan, Bear=nan
2026-01-20 05:15:00,600 - INFO - [EMA] 증분계산: prev=93053.22, close=93123.9, new=93058.66
2026-01-20 05:15:00,607 - INFO - 15m | 20:00 | O:93066.2 H:93181.7 L:93066.1 C:93123.9
2026-01-20 05:15:00,607 - INFO - 지표: ADX=13.3, ATR=140.5, Bull=False, Bear=True
2026-01-20 05:17:48,618 - INFO - [상태] 포지션 없음, 자본금: $5095.93
2026-01-20 05:17:48,618 - INFO - [지표] ADX=nan, Bull=nan, Bear=nan
2026-01-20 05:22:48,620 - INFO - [상태] 포지션 없음, 자본금: $5095.93
2026-01-20 05:22:48,620 - INFO - [지표] ADX=nan, Bull=nan, Bear=nan
2026-01-20 05:27:48,621 - INFO - [상태] 포지션 없음, 자본금: $5095.93
2026-01-20 05:27:48,621 - INFO - [지표] ADX=nan, Bull=nan, Bear=nan
2026-01-20 05:30:00,212 - INFO - [EMA] 증분계산: prev=93058.66, close=93203.4, new=93069.79
2026-01-20 05:30:00,222 - INFO - 15m | 20:15 | O:93124.0 H:93241.8 L:93115.8 C:93203.4
2026-01-20 05:30:00,222 - INFO - 지표: ADX=12.9, ATR=139.0, Bull=False, Bear=True
2026-01-20 05:32:48,622 - INFO - [상태] 포지션 없음, 자본금: $5095.93
2026-01-20 05:32:48,623 - INFO - [지표] ADX=nan, Bull=nan, Bear=nan
2026-01-20 05:37:48,625 - INFO - [상태] 포지션 없음, 자본금: $5095.93
2026-01-20 05:37:48,625 - INFO - [지표] ADX=nan, Bull=nan, Bear=nan
2026-01-20 05:42:48,626 - INFO - [상태] 포지션 없음, 자본금: $5095.93
2026-01-20 05:42:48,627 - INFO - [지표] ADX=nan, Bull=nan, Bear=nan
2026-01-20 05:45:00,425 - INFO - [EMA] 증분계산: prev=93069.79, close=93089.3, new=93071.29
2026-01-20 05:45:00,434 - INFO - 15m | 20:30 | O:93203.4 H:93213.8 L:93089.3 C:93089.3
2026-01-20 05:45:00,435 - INFO - 지표: ADX=12.3, ATR=137.6, Bull=False, Bear=True
2026-01-20 05:47:48,630 - INFO - [상태] 포지션 없음, 자본금: $5095.93
2026-01-20 05:47:48,631 - INFO - [지표] ADX=nan, Bull=nan, Bear=nan
2026-01-20 05:52:48,632 - INFO - [상태] 포지션 없음, 자본금: $5095.93
2026-01-20 05:52:48,632 - INFO - [지표] ADX=nan, Bull=nan, Bear=nan
2026-01-20 05:57:48,633 - INFO - [상태] 포지션 없음, 자본금: $5095.93
2026-01-20 05:57:48,634 - INFO - [지표] ADX=nan, Bull=nan, Bear=nan
2026-01-20 06:00:00,185 - INFO - [EMA] 증분계산: prev=93071.29, close=93107.4, new=93074.07
2026-01-20 06:00:00,191 - INFO - 15m | 20:45 | O:93089.3 H:93117.2 L:93055.4 C:93107.4
2026-01-20 06:00:00,191 - INFO - 지표: ADX=11.5, ATR=130.0, Bull=False, Bear=True
2026-01-20 06:02:48,636 - INFO - [상태] 포지션 없음, 자본금: $5095.93
2026-01-20 06:02:48,636 - INFO - [지표] ADX=nan, Bull=nan, Bear=nan
2026-01-20 06:07:48,638 - INFO - [상태] 포지션 없음, 자본금: $5095.93
2026-01-20 06:07:48,639 - INFO - [지표] ADX=nan, Bull=nan, Bear=nan
2026-01-20 06:12:48,640 - INFO - [상태] 포지션 없음, 자본금: $5095.93
2026-01-20 06:12:48,640 - INFO - [지표] ADX=nan, Bull=nan, Bear=nan
2026-01-20 06:15:00,643 - INFO - [EMA] 증분계산: prev=93074.07, close=93064.6, new=93073.34
2026-01-20 06:15:00,650 - INFO - 15m | 21:00 | O:93107.5 H:93312.1 L:93012.6 C:93064.6
2026-01-20 06:15:00,650 - INFO - 지표: ADX=12.2, ATR=147.0, Bull=False, Bear=True
2026-01-20 06:17:48,642 - INFO - [상태] 포지션 없음, 자본금: $5095.93
2026-01-20 06:17:48,643 - INFO - [지표] ADX=nan, Bull=nan, Bear=nan
2026-01-20 06:22:48,646 - INFO - [상태] 포지션 없음, 자본금: $5095.93
2026-01-20 06:22:48,646 - INFO - [지표] ADX=nan, Bull=nan, Bear=nan
2026-01-20 06:27:48,648 - INFO - [상태] 포지션 없음, 자본금: $5095.93
2026-01-20 06:27:48,648 - INFO - [지표] ADX=nan, Bull=nan, Bear=nan
2026-01-20 06:30:00,740 - INFO - [EMA] 증분계산: prev=93073.34, close=93009.7, new=93068.45
2026-01-20 06:30:00,750 - INFO - 15m | 21:15 | O:93064.6 H:93071.8 L:92961.4 C:93009.7
2026-01-20 06:30:00,750 - INFO - 지표: ADX=12.4, ATR=143.3, Bull=False, Bear=True
2026-01-20 06:32:48,650 - INFO - [상태] 포지션 없음, 자본금: $5095.93
2026-01-20 06:32:48,650 - INFO - [지표] ADX=nan, Bull=nan, Bear=nan
2026-01-20 06:37:48,651 - INFO - [상태] 포지션 없음, 자본금: $5095.93
2026-01-20 06:37:48,651 - INFO - [지표] ADX=nan, Bull=nan, Bear=nan
2026-01-20 06:42:48,652 - INFO - [상태] 포지션 없음, 자본금: $5095.93
2026-01-20 06:42:48,653 - INFO - [지표] ADX=nan, Bull=nan, Bear=nan
2026-01-20 06:45:00,324 - INFO - [EMA] 증분계산: prev=93068.45, close=93016.3, new=93064.44
2026-01-20 06:45:00,334 - INFO - 15m | 21:30 | O:93009.8 H:93041.3 L:92965.3 C:93016.3
2026-01-20 06:45:00,334 - INFO - 지표: ADX=12.6, ATR=136.6, Bull=False, Bear=True
2026-01-20 06:47:48,654 - INFO - [상태] 포지션 없음, 자본금: $5095.93
2026-01-20 06:47:48,655 - INFO - [지표] ADX=nan, Bull=nan, Bear=nan
2026-01-20 06:52:48,657 - INFO - [상태] 포지션 없음, 자본금: $5095.93
2026-01-20 06:52:48,657 - INFO - [지표] ADX=nan, Bull=nan, Bear=nan
2026-01-20 06:57:48,659 - INFO - [상태] 포지션 없음, 자본금: $5095.93
2026-01-20 06:57:48,659 - INFO - [지표] ADX=nan, Bull=nan, Bear=nan
2026-01-20 07:00:00,091 - INFO - [EMA] 증분계산: prev=93064.44, close=92968.5, new=93057.06
2026-01-20 07:00:00,097 - INFO - 15m | 21:45 | O:93016.3 H:93016.3 L:92965.9 C:92968.5
2026-01-20 07:00:00,098 - INFO - 지표: ADX=12.8, ATR=128.0, Bull=False, Bear=True
2026-01-20 07:02:48,660 - INFO - [상태] 포지션 없음, 자본금: $5095.93
2026-01-20 07:02:48,660 - INFO - [지표] ADX=nan, Bull=nan, Bear=nan
2026-01-20 07:07:48,662 - INFO - [상태] 포지션 없음, 자본금: $5095.93
2026-01-20 07:07:48,662 - INFO - [지표] ADX=nan, Bull=nan, Bear=nan
2026-01-20 07:12:48,663 - INFO - [상태] 포지션 없음, 자본금: $5095.93
2026-01-20 07:12:48,663 - INFO - [지표] ADX=nan, Bull=nan, Bear=nan
2026-01-20 07:15:00,028 - INFO - [EMA] 증분계산: prev=93057.06, close=92817.8, new=93038.65
2026-01-20 07:15:00,037 - INFO - 15m | 22:00 | O:92968.5 H:93000.0 L:92677.0 C:92817.8
2026-01-20 07:15:00,037 - INFO - 지표: ADX=13.3, ATR=147.5, Bull=False, Bear=True
2026-01-20 07:17:48,666 - INFO - [상태] 포지션 없음, 자본금: $5095.93
2026-01-20 07:17:48,666 - INFO - [지표] ADX=nan, Bull=nan, Bear=nan
2026-01-20 07:22:48,669 - INFO - [상태] 포지션 없음, 자본금: $5095.93
2026-01-20 07:22:48,669 - INFO - [지표] ADX=nan, Bull=nan, Bear=nan
2026-01-20 07:27:48,670 - INFO - [상태] 포지션 없음, 자본금: $5095.93
2026-01-20 07:27:48,671 - INFO - [지표] ADX=nan, Bull=nan, Bear=nan
2026-01-20 07:30:01,183 - INFO - [EMA] 증분계산: prev=93038.65, close=92951.9, new=93031.98
2026-01-20 07:30:01,192 - INFO - 15m | 22:15 | O:92817.7 H:93033.9 L:92817.7 C:92951.9
2026-01-20 07:30:01,192 - INFO - 지표: ADX=13.4, ATR=154.3, Bull=False, Bear=True
2026-01-20 07:32:48,672 - INFO - [상태] 포지션 없음, 자본금: $5095.93
2026-01-20 07:32:48,672 - INFO - [지표] ADX=nan, Bull=nan, Bear=nan
2026-01-20 07:37:48,675 - INFO - [상태] 포지션 없음, 자본금: $5095.93
2026-01-20 07:37:48,676 - INFO - [지표] ADX=nan, Bull=nan, Bear=nan
2026-01-20 07:42:48,677 - INFO - [상태] 포지션 없음, 자본금: $5095.93
2026-01-20 07:42:48,677 - INFO - [지표] ADX=nan, Bull=nan, Bear=nan
2026-01-20 07:45:00,187 - INFO - [EMA] 증분계산: prev=93031.98, close=92786.2, new=93013.07
2026-01-20 07:45:00,196 - INFO - 15m | 22:30 | O:92951.9 H:92951.9 L:92750.0 C:92786.2
2026-01-20 07:45:00,196 - INFO - 지표: ADX=14.0, ATR=159.1, Bull=False, Bear=True
2026-01-20 07:47:48,679 - INFO - [상태] 포지션 없음, 자본금: $5095.93
2026-01-20 07:47:48,679 - INFO - [지표] ADX=nan, Bull=nan, Bear=nan
2026-01-20 07:52:48,680 - INFO - [상태] 포지션 없음, 자본금: $5095.93
2026-01-20 07:52:48,680 - INFO - [지표] ADX=nan, Bull=nan, Bear=nan
2026-01-20 07:57:48,681 - INFO - [상태] 포지션 없음, 자본금: $5095.93
2026-01-20 07:57:48,682 - INFO - [지표] ADX=nan, Bull=nan, Bear=nan
2026-01-20 08:00:00,077 - INFO - [EMA] 증분계산: prev=93013.07, close=92528.1, new=92975.77
2026-01-20 08:00:00,084 - INFO - 15m | 22:45 | O:92786.2 H:92808.0 L:92514.3 C:92528.1
2026-01-20 08:00:00,084 - INFO - 지표: ADX=15.8, ATR=172.6, Bull=False, Bear=True
2026-01-20 08:02:48,682 - INFO - [상태] 포지션 없음, 자본금: $5095.93
2026-01-20 08:02:48,683 - INFO - [지표] ADX=nan, Bull=nan, Bear=nan
2026-01-20 08:07:48,684 - INFO - [상태] 포지션 없음, 자본금: $5095.93
2026-01-20 08:07:48,684 - INFO - [지표] ADX=nan, Bull=nan, Bear=nan
2026-01-20 08:12:48,684 - INFO - [상태] 포지션 없음, 자본금: $5095.93
2026-01-20 08:12:48,685 - INFO - [지표] ADX=nan, Bull=nan, Bear=nan
2026-01-20 08:15:00,046 - INFO - [EMA] 증분계산: prev=92975.77, close=92402.0, new=92931.63
2026-01-20 08:15:00,055 - INFO - 15m | 23:00 | O:92528.0 H:92706.5 L:92177.7 C:92402.0
2026-01-20 08:15:00,055 - INFO - 지표: ADX=18.5, ATR=208.2, Bull=False, Bear=True
2026-01-20 08:17:48,686 - INFO - [상태] 포지션 없음, 자본금: $5095.93
2026-01-20 08:17:48,686 - INFO - [지표] ADX=nan, Bull=nan, Bear=nan
2026-01-20 08:22:48,688 - INFO - [상태] 포지션 없음, 자본금: $5095.93
2026-01-20 08:22:48,688 - INFO - [지표] ADX=nan, Bull=nan, Bear=nan
2026-01-20 08:27:48,689 - INFO - [상태] 포지션 없음, 자본금: $5095.93
2026-01-20 08:27:48,690 - INFO - [지표] ADX=nan, Bull=nan, Bear=nan
2026-01-20 08:30:00,072 - INFO - [EMA] 증분계산: prev=92931.63, close=92505.3, new=92898.84
2026-01-20 08:30:00,082 - INFO - 15m | 23:15 | O:92402.0 H:92538.4 L:92116.0 C:92505.3
2026-01-20 08:30:00,082 - INFO - 지표: ADX=21.2, ATR=229.6, Bull=False, Bear=True
2026-01-20 08:32:48,690 - INFO - [상태] 포지션 없음, 자본금: $5095.93
2026-01-20 08:32:48,690 - INFO - [지표] ADX=nan, Bull=nan, Bear=nan
2026-01-20 08:37:48,692 - INFO - [상태] 포지션 없음, 자본금: $5095.93
2026-01-20 08:37:48,692 - INFO - [지표] ADX=nan, Bull=nan, Bear=nan
2026-01-20 08:42:48,693 - INFO - [상태] 포지션 없음, 자본금: $5095.93
2026-01-20 08:42:48,694 - INFO - [지표] ADX=nan, Bull=nan, Bear=nan
2026-01-20 08:45:00,293 - INFO - [EMA] 증분계산: prev=92898.84, close=92615.8, new=92877.06
2026-01-20 08:45:00,302 - INFO - 15m | 23:30 | O:92505.3 H:92720.3 L:92495.8 C:92615.8
2026-01-20 08:45:00,302 - INFO - 지표: ADX=22.3, ATR=229.1, Bull=False, Bear=True
2026-01-20 08:47:48,695 - INFO - [상태] 포지션 없음, 자본금: $5095.93
2026-01-20 08:47:48,695 - INFO - [지표] ADX=nan, Bull=nan, Bear=nan
2026-01-20 08:52:48,697 - INFO - [상태] 포지션 없음, 자본금: $5095.93
2026-01-20 08:52:48,697 - INFO - [지표] ADX=nan, Bull=nan, Bear=nan
2026-01-20 08:57:48,698 - INFO - [상태] 포지션 없음, 자본금: $5095.93
2026-01-20 08:57:48,698 - INFO - [지표] ADX=nan, Bull=nan, Bear=nan
