2026-01-20 09:00:01,911 - INFO - === 로그 파일 시작: logs/hyper_2026-01-20.log ===
2026-01-20 09:00:01,911 - INFO - [EMA] 증분계산: prev=92837.05, close=92539.4, new=92814.16
2026-01-20 09:00:01,918 - INFO - 15m | 23:45 | O:92570.3 H:92649.0 L:92504.3 C:92539.4
2026-01-20 09:00:01,918 - INFO - 지표: ADX=23.1, ATR=214.8, Bull=False, Bear=True
2026-01-20 09:02:45,362 - INFO - [상태] 포지션 없음, 자본금: $5756.09
2026-01-20 09:02:45,363 - INFO - [지표] ADX=nan, Bull=nan, Bear=nan
2026-01-20 09:07:45,364 - INFO - [상태] 포지션 없음, 자본금: $5756.09
2026-01-20 09:07:45,364 - INFO - [지표] ADX=nan, Bull=nan, Bear=nan
2026-01-20 09:12:45,367 - INFO - [상태] 포지션 없음, 자본금: $5756.09
2026-01-20 09:12:45,367 - INFO - [지표] ADX=nan, Bull=nan, Bear=nan
2026-01-20 09:15:00,519 - INFO - [EMA] 증분계산: prev=92814.16, close=92612.0, new=92798.61
2026-01-20 09:15:00,526 - INFO - 15m | 00:00 | O:92539.5 H:92790.0 L:92495.2 C:92612.0
2026-01-20 09:15:00,526 - INFO - 지표: ADX=23.0, ATR=221.5, Bull=False, Bear=True
2026-01-20 09:17:45,369 - INFO - [상태] 포지션 없음, 자본금: $5756.09
2026-01-20 09:17:45,369 - INFO - [지표] ADX=nan, Bull=nan, Bear=nan
2026-01-20 09:22:45,372 - INFO - [상태] 포지션 없음, 자본금: $5756.09
2026-01-20 09:22:45,373 - INFO - [지표] ADX=nan, Bull=nan, Bear=nan
2026-01-20 09:27:45,375 - INFO - [상태] 포지션 없음, 자본금: $5756.09
2026-01-20 09:27:45,375 - INFO - [지표] ADX=nan, Bull=nan, Bear=nan
2026-01-20 09:30:00,982 - INFO - [EMA] 증분계산: prev=92798.61, close=92386.3, new=92766.89
2026-01-20 09:30:00,989 - INFO - 15m | 00:15 | O:92612.0 H:92620.1 L:92280.0 C:92386.3
2026-01-20 09:30:00,989 - INFO - 지표: ADX=23.7, ATR=231.4, Bull=False, Bear=True
2026-01-20 09:32:45,376 - INFO - [상태] 포지션 없음, 자본금: $5756.09
2026-01-20 09:32:45,376 - INFO - [지표] ADX=nan, Bull=nan, Bear=nan
2026-01-20 09:37:45,377 - INFO - [상태] 포지션 없음, 자본금: $5756.09
2026-01-20 09:37:45,377 - INFO - [지표] ADX=nan, Bull=nan, Bear=nan
2026-01-20 09:42:45,381 - INFO - [상태] 포지션 없음, 자본금: $5756.09
2026-01-20 09:42:45,382 - INFO - [지표] ADX=nan, Bull=nan, Bear=nan
2026-01-20 09:45:00,695 - INFO - [EMA] 증분계산: prev=92766.89, close=92632.6, new=92756.56
2026-01-20 09:45:00,702 - INFO - 15m | 00:30 | O:92386.4 H:92671.2 L:92372.0 C:92632.6
2026-01-20 09:45:00,702 - INFO - 지표: ADX=24.0, ATR=237.0, Bull=False, Bear=True
2026-01-20 09:47:45,383 - INFO - [상태] 포지션 없음, 자본금: $5756.09
2026-01-20 09:47:45,384 - INFO - [지표] ADX=nan, Bull=nan, Bear=nan
2026-01-20 09:52:45,386 - INFO - [상태] 포지션 없음, 자본금: $5756.09
2026-01-20 09:52:45,386 - INFO - [지표] ADX=nan, Bull=nan, Bear=nan
2026-01-20 09:57:45,387 - INFO - [상태] 포지션 없음, 자본금: $5756.09
2026-01-20 09:57:45,388 - INFO - [지표] ADX=nan, Bull=nan, Bear=nan
2026-01-20 10:00:00,319 - INFO - [EMA] 증분계산: prev=92756.56, close=92626.4, new=92746.55
2026-01-20 10:00:00,326 - INFO - 15m | 00:45 | O:92632.6 H:92679.3 L:92539.4 C:92626.4
2026-01-20 10:00:00,326 - INFO - 지표: ADX=24.2, ATR=228.9, Bull=False, Bear=True
2026-01-20 10:02:45,388 - INFO - [상태] 포지션 없음, 자본금: $5756.09
2026-01-20 10:02:45,389 - INFO - [지표] ADX=nan, Bull=nan, Bear=nan
2026-01-20 10:07:45,391 - INFO - [상태] 포지션 없음, 자본금: $5756.09
2026-01-20 10:07:45,391 - INFO - [지표] ADX=nan, Bull=nan, Bear=nan
2026-01-20 10:12:45,392 - INFO - [상태] 포지션 없음, 자본금: $5756.09
2026-01-20 10:12:45,393 - INFO - [지표] ADX=nan, Bull=nan, Bear=nan
2026-01-20 10:15:00,061 - INFO - [EMA] 증분계산: prev=92746.55, close=92642.0, new=92738.51
2026-01-20 10:15:00,067 - INFO - 15m | 01:00 | O:92626.4 H:92722.5 L:92440.0 C:92642.0
2026-01-20 10:15:00,067 - INFO - 지표: ADX=24.8, ATR=233.4, Bull=False, Bear=True
2026-01-20 10:17:45,396 - INFO - [상태] 포지션 없음, 자본금: $5756.09
2026-01-20 10:17:45,397 - INFO - [지표] ADX=nan, Bull=nan, Bear=nan
2026-01-20 10:22:45,398 - INFO - [상태] 포지션 없음, 자본금: $5756.09
2026-01-20 10:22:45,398 - INFO - [지표] ADX=nan, Bull=nan, Bear=nan
2026-01-20 10:27:45,400 - INFO - [상태] 포지션 없음, 자본금: $5756.09
2026-01-20 10:27:45,400 - INFO - [지표] ADX=nan, Bull=nan, Bear=nan
2026-01-20 10:30:00,048 - INFO - [EMA] 증분계산: prev=92738.51, close=92773.0, new=92741.16
2026-01-20 10:30:00,055 - INFO - 15m | 01:15 | O:92642.0 H:92796.8 L:92572.9 C:92773.0
2026-01-20 10:30:00,055 - INFO - 지표: ADX=24.8, ATR=232.6, Bull=False, Bear=True
2026-01-20 10:32:45,401 - INFO - [상태] 포지션 없음, 자본금: $5756.09
2026-01-20 10:32:45,401 - INFO - [지표] ADX=nan, Bull=nan, Bear=nan
2026-01-20 10:37:45,403 - INFO - [상태] 포지션 없음, 자본금: $5756.09
2026-01-20 10:37:45,403 - INFO - [지표] ADX=nan, Bull=nan, Bear=nan
2026-01-20 10:42:45,407 - INFO - [상태] 포지션 없음, 자본금: $5756.09
2026-01-20 10:42:45,407 - INFO - [지표] ADX=nan, Bull=nan, Bear=nan
2026-01-20 10:45:01,503 - INFO - [EMA] 증분계산: prev=92741.16, close=92635.7, new=92733.05
2026-01-20 10:45:01,510 - INFO - 15m | 01:30 | O:92772.6 H:92788.1 L:92580.1 C:92635.7
2026-01-20 10:45:01,510 - INFO - 지표: ADX=24.8, ATR=230.5, Bull=False, Bear=True
2026-01-20 10:47:45,413 - INFO - [상태] 포지션 없음, 자본금: $5756.09
2026-01-20 10:47:45,414 - INFO - [지표] ADX=nan, Bull=nan, Bear=nan
2026-01-20 10:52:45,416 - INFO - [상태] 포지션 없음, 자본금: $5756.09
2026-01-20 10:52:45,416 - INFO - [지표] ADX=nan, Bull=nan, Bear=nan
2026-01-20 10:57:45,418 - INFO - [상태] 포지션 없음, 자본금: $5756.09
2026-01-20 10:57:45,418 - INFO - [지표] ADX=nan, Bull=nan, Bear=nan
2026-01-20 11:00:00,181 - INFO - [EMA] 증분계산: prev=92733.05, close=92646.4, new=92726.38
2026-01-20 11:00:00,190 - INFO - 15m | 01:45 | O:92636.5 H:92758.6 L:92607.7 C:92646.4
2026-01-20 11:00:00,190 - INFO - 지표: ADX=24.8, ATR=223.9, Bull=False, Bear=True
2026-01-20 11:02:45,420 - INFO - [상태] 포지션 없음, 자본금: $5756.09
2026-01-20 11:02:45,420 - INFO - [지표] ADX=nan, Bull=nan, Bear=nan
2026-01-20 11:07:45,421 - INFO - [상태] 포지션 없음, 자본금: $5756.09
2026-01-20 11:07:45,422 - INFO - [지표] ADX=nan, Bull=nan, Bear=nan
2026-01-20 11:12:45,423 - INFO - [상태] 포지션 없음, 자본금: $5756.09
2026-01-20 11:12:45,424 - INFO - [지표] ADX=nan, Bull=nan, Bear=nan
2026-01-20 11:15:00,282 - INFO - [EMA] 증분계산: prev=92726.38, close=92396.6, new=92701.01
2026-01-20 11:15:00,289 - INFO - 15m | 02:00 | O:92647.3 H:92652.2 L:92368.2 C:92396.6
2026-01-20 11:15:00,289 - INFO - 지표: ADX=25.9, ATR=228.9, Bull=False, Bear=True
2026-01-20 11:17:45,425 - INFO - [상태] 포지션 없음, 자본금: $5756.09
2026-01-20 11:17:45,425 - INFO - [지표] ADX=nan, Bull=nan, Bear=nan
2026-01-20 11:22:45,426 - INFO - [상태] 포지션 없음, 자본금: $5756.09
2026-01-20 11:22:45,426 - INFO - [지표] ADX=nan, Bull=nan, Bear=nan
2026-01-20 11:27:45,429 - INFO - [상태] 포지션 없음, 자본금: $5756.09
2026-01-20 11:27:45,429 - INFO - [지표] ADX=nan, Bull=nan, Bear=nan
2026-01-20 11:30:00,153 - INFO - [EMA] 증분계산: prev=92701.01, close=92402.9, new=92678.08
2026-01-20 11:30:00,160 - INFO - 15m | 02:15 | O:92394.5 H:92455.9 L:92284.7 C:92402.9
2026-01-20 11:30:00,160 - INFO - 지표: ADX=27.1, ATR=224.1, Bull=False, Bear=True
2026-01-20 11:32:45,429 - INFO - [상태] 포지션 없음, 자본금: $5756.09
2026-01-20 11:32:45,430 - INFO - [지표] ADX=nan, Bull=nan, Bear=nan
2026-01-20 11:37:45,430 - INFO - [상태] 포지션 없음, 자본금: $5756.09
2026-01-20 11:37:45,431 - INFO - [지표] ADX=nan, Bull=nan, Bear=nan
2026-01-20 11:42:45,433 - INFO - [상태] 포지션 없음, 자본금: $5756.09
2026-01-20 11:42:45,433 - INFO - [지표] ADX=nan, Bull=nan, Bear=nan
2026-01-20 11:45:00,198 - INFO - [EMA] 증분계산: prev=92678.08, close=92524.7, new=92666.28
2026-01-20 11:45:00,208 - INFO - 15m | 02:30 | O:92405.7 H:92594.0 L:92405.7 C:92524.7
2026-01-20 11:45:00,208 - INFO - 지표: ADX=27.2, ATR=221.4, Bull=False, Bear=True
2026-01-20 11:47:45,440 - INFO - [상태] 포지션 없음, 자본금: $5756.09
2026-01-20 11:47:45,440 - INFO - [지표] ADX=nan, Bull=nan, Bear=nan
2026-01-20 11:52:45,442 - INFO - [상태] 포지션 없음, 자본금: $5756.09
2026-01-20 11:52:45,443 - INFO - [지표] ADX=nan, Bull=nan, Bear=nan
2026-01-20 11:57:45,451 - INFO - [상태] 포지션 없음, 자본금: $5756.09
2026-01-20 11:57:45,451 - INFO - [지표] ADX=nan, Bull=nan, Bear=nan
2026-01-20 12:00:00,060 - INFO - [EMA] 증분계산: prev=92666.28, close=92469.4, new=92651.14
2026-01-20 12:00:00,067 - INFO - 15m | 02:45 | O:92524.7 H:92620.0 L:92419.1 C:92469.4
2026-01-20 12:00:00,067 - INFO - 지표: ADX=27.0, ATR=219.7, Bull=False, Bear=True
2026-01-20 12:02:45,454 - INFO - [상태] 포지션 없음, 자본금: $5756.09
2026-01-20 12:02:45,454 - INFO - [지표] ADX=nan, Bull=nan, Bear=nan
2026-01-20 12:07:45,455 - INFO - [상태] 포지션 없음, 자본금: $5756.09
2026-01-20 12:07:45,455 - INFO - [지표] ADX=nan, Bull=nan, Bear=nan
2026-01-20 12:12:45,457 - INFO - [상태] 포지션 없음, 자본금: $5756.09
2026-01-20 12:12:45,457 - INFO - [지표] ADX=nan, Bull=nan, Bear=nan
2026-01-20 12:15:02,220 - INFO - [EMA] 증분계산: prev=92651.14, close=92346.3, new=92627.69
2026-01-20 12:15:02,230 - INFO - 15m | 03:00 | O:92471.0 H:92574.5 L:92300.3 C:92346.3
2026-01-20 12:15:02,230 - INFO - 지표: ADX=27.4, ATR=224.2, Bull=False, Bear=True
2026-01-20 12:17:45,462 - INFO - [상태] 포지션 없음, 자본금: $5756.09
2026-01-20 12:17:45,462 - INFO - [지표] ADX=nan, Bull=nan, Bear=nan
2026-01-20 12:22:45,463 - INFO - [상태] 포지션 없음, 자본금: $5756.09
2026-01-20 12:22:45,464 - INFO - [지표] ADX=nan, Bull=nan, Bear=nan
2026-01-20 12:27:45,465 - INFO - [상태] 포지션 없음, 자본금: $5756.09
2026-01-20 12:27:45,465 - INFO - [지표] ADX=nan, Bull=nan, Bear=nan
2026-01-20 12:30:00,613 - INFO - [EMA] 증분계산: prev=92627.69, close=92286.5, new=92601.44
2026-01-20 12:30:00,623 - INFO - 15m | 03:15 | O:92346.4 H:92421.6 L:92275.7 C:92286.5
2026-01-20 12:30:00,623 - INFO - 지표: ADX=27.9, ATR=217.7, Bull=False, Bear=True
2026-01-20 12:32:45,468 - INFO - [상태] 포지션 없음, 자본금: $5756.09
2026-01-20 12:32:45,468 - INFO - [지표] ADX=nan, Bull=nan, Bear=nan
2026-01-20 12:37:45,470 - INFO - [상태] 포지션 없음, 자본금: $5756.09
2026-01-20 12:37:45,470 - INFO - [지표] ADX=nan, Bull=nan, Bear=nan
2026-01-20 12:42:45,473 - INFO - [상태] 포지션 없음, 자본금: $5756.09
2026-01-20 12:42:45,473 - INFO - [지표] ADX=nan, Bull=nan, Bear=nan
2026-01-20 12:45:01,302 - INFO - [EMA] 증분계산: prev=92601.44, close=92329.2, new=92580.50
2026-01-20 12:45:01,312 - INFO - 15m | 03:30 | O:92286.5 H:92336.3 L:92162.7 C:92329.2
2026-01-20 12:45:01,312 - INFO - 지표: ADX=28.7, ATR=214.0, Bull=False, Bear=True
2026-01-20 12:47:45,476 - INFO - [상태] 포지션 없음, 자본금: $5756.09
2026-01-20 12:47:45,477 - INFO - [지표] ADX=nan, Bull=nan, Bear=nan
2026-01-20 12:52:45,478 - INFO - [상태] 포지션 없음, 자본금: $5756.09
2026-01-20 12:52:45,479 - INFO - [지표] ADX=nan, Bull=nan, Bear=nan
2026-01-20 12:57:45,483 - INFO - [상태] 포지션 없음, 자본금: $5756.09
2026-01-20 12:57:45,484 - INFO - [지표] ADX=nan, Bull=nan, Bear=nan
2026-01-20 13:00:01,100 - INFO - [EMA] 증분계산: prev=92580.50, close=92352.1, new=92562.93
2026-01-20 13:00:01,107 - INFO - 15m | 03:45 | O:92329.1 H:92411.0 L:92276.9 C:92352.1
2026-01-20 13:00:01,107 - INFO - 지표: ADX=28.9, ATR=207.3, Bull=False, Bear=True
2026-01-20 13:02:45,493 - INFO - [상태] 포지션 없음, 자본금: $5756.09
2026-01-20 13:02:45,494 - INFO - [지표] ADX=nan, Bull=nan, Bear=nan
2026-01-20 13:07:45,499 - INFO - [상태] 포지션 없음, 자본금: $5756.09
2026-01-20 13:07:45,500 - INFO - [지표] ADX=nan, Bull=nan, Bear=nan
2026-01-20 13:12:45,501 - INFO - [상태] 포지션 없음, 자본금: $5756.09
2026-01-20 13:12:45,501 - INFO - [지표] ADX=nan, Bull=nan, Bear=nan
2026-01-20 13:15:00,567 - INFO - [EMA] 증분계산: prev=92562.93, close=92222.6, new=92536.75
2026-01-20 13:15:00,574 - INFO - 15m | 04:00 | O:92352.1 H:92395.0 L:92222.6 C:92222.6
2026-01-20 13:15:00,574 - INFO - 지표: ADX=29.3, ATR=204.4, Bull=False, Bear=True
2026-01-20 13:17:45,504 - INFO - [상태] 포지션 없음, 자본금: $5756.09
2026-01-20 13:17:45,504 - INFO - [지표] ADX=nan, Bull=nan, Bear=nan
2026-01-20 13:22:45,507 - INFO - [상태] 포지션 없음, 자본금: $5756.09
2026-01-20 13:22:45,508 - INFO - [지표] ADX=nan, Bull=nan, Bear=nan
2026-01-20 13:27:45,512 - INFO - [상태] 포지션 없음, 자본금: $5756.09
2026-01-20 13:27:45,513 - INFO - [지표] ADX=nan, Bull=nan, Bear=nan
2026-01-20 13:30:00,195 - INFO - [EMA] 증분계산: prev=92536.75, close=92232.0, new=92513.31
2026-01-20 13:30:00,202 - INFO - 15m | 04:15 | O:92222.6 H:92234.8 L:92108.5 C:92232.0
2026-01-20 13:30:00,202 - INFO - 지표: ADX=30.1, ATR=197.9, Bull=False, Bear=True
2026-01-20 13:32:45,515 - INFO - [상태] 포지션 없음, 자본금: $5756.09
2026-01-20 13:32:45,516 - INFO - [지표] ADX=nan, Bull=nan, Bear=nan
2026-01-20 13:37:45,518 - INFO - [상태] 포지션 없음, 자본금: $5756.09
2026-01-20 13:37:45,518 - INFO - [지표] ADX=nan, Bull=nan, Bear=nan
2026-01-20 13:42:45,521 - INFO - [상태] 포지션 없음, 자본금: $5756.09
2026-01-20 13:42:45,521 - INFO - [지표] ADX=nan, Bull=nan, Bear=nan
2026-01-20 13:45:00,560 - INFO - [EMA] 증분계산: prev=92513.31, close=92149.9, new=92485.36
2026-01-20 13:45:00,570 - INFO - 15m | 04:30 | O:92231.9 H:92337.7 L:92127.2 C:92149.9
2026-01-20 13:45:00,570 - INFO - 지표: ADX=30.0, ATR=199.0, Bull=False, Bear=True
2026-01-20 13:47:45,523 - INFO - [상태] 포지션 없음, 자본금: $5756.09
2026-01-20 13:47:45,523 - INFO - [지표] ADX=nan, Bull=nan, Bear=nan
2026-01-20 13:52:45,525 - INFO - [상태] 포지션 없음, 자본금: $5756.09
2026-01-20 13:52:45,525 - INFO - [지표] ADX=nan, Bull=nan, Bear=nan
2026-01-20 13:57:45,526 - INFO - [상태] 포지션 없음, 자본금: $5756.09
2026-01-20 13:57:45,526 - INFO - [지표] ADX=nan, Bull=nan, Bear=nan
2026-01-20 14:00:00,362 - INFO - [EMA] 증분계산: prev=92485.36, close=91984.2, new=92446.81
2026-01-20 14:00:00,369 - INFO - 15m | 04:45 | O:92150.0 H:92187.1 L:91894.4 C:91984.2
2026-01-20 14:00:00,369 - INFO - 지표: ADX=30.8, ATR=206.8, Bull=False, Bear=True
2026-01-20 14:02:45,528 - INFO - [상태] 포지션 없음, 자본금: $5756.09
2026-01-20 14:02:45,528 - INFO - [지표] ADX=nan, Bull=nan, Bear=nan
2026-01-20 14:07:45,529 - INFO - [상태] 포지션 없음, 자본금: $5756.09
2026-01-20 14:07:45,529 - INFO - [지표] ADX=nan, Bull=nan, Bear=nan
2026-01-20 14:12:45,530 - INFO - [상태] 포지션 없음, 자본금: $5756.09
2026-01-20 14:12:45,530 - INFO - [지표] ADX=nan, Bull=nan, Bear=nan
2026-01-20 14:15:00,100 - INFO - [EMA] 증분계산: prev=92446.81, close=91336.0, new=92361.36
2026-01-20 14:15:00,107 - INFO - 15m | 05:00 | O:91985.6 H:92000.1 L:91255.0 C:91336.0
2026-01-20 14:15:00,107 - INFO - 지표: ADX=32.9, ATR=251.6, Bull=False, Bear=True
2026-01-20 14:17:45,533 - INFO - [상태] 포지션 없음, 자본금: $5756.09
2026-01-20 14:17:45,533 - INFO - [지표] ADX=nan, Bull=nan, Bear=nan
2026-01-20 14:22:45,539 - INFO - [상태] 포지션 없음, 자본금: $5756.09
2026-01-20 14:22:45,539 - INFO - [지표] ADX=nan, Bull=nan, Bear=nan
2026-01-20 14:27:45,541 - INFO - [상태] 포지션 없음, 자본금: $5756.09
2026-01-20 14:27:45,541 - INFO - [지표] ADX=nan, Bull=nan, Bear=nan
2026-01-20 14:30:00,059 - INFO - [EMA] 증분계산: prev=92361.36, close=91648.0, new=92306.49
2026-01-20 14:30:00,066 - INFO - 15m | 05:15 | O:91336.0 H:91664.3 L:91204.5 C:91648.0
2026-01-20 14:30:00,066 - INFO - 지표: ADX=34.9, ATR=269.0, Bull=False, Bear=True
2026-01-20 14:32:45,542 - INFO - [상태] 포지션 없음, 자본금: $5756.09
2026-01-20 14:32:45,543 - INFO - [지표] ADX=nan, Bull=nan, Bear=nan
2026-01-20 14:37:45,547 - INFO - [상태] 포지션 없음, 자본금: $5756.09
2026-01-20 14:37:45,548 - INFO - [지표] ADX=nan, Bull=nan, Bear=nan
2026-01-20 14:42:45,549 - INFO - [상태] 포지션 없음, 자본금: $5756.09
2026-01-20 14:42:45,550 - INFO - [지표] ADX=nan, Bull=nan, Bear=nan
2026-01-20 14:45:00,385 - INFO - [EMA] 증분계산: prev=92306.49, close=91543.1, new=92247.76
2026-01-20 14:45:00,392 - INFO - 15m | 05:30 | O:91649.6 H:91709.7 L:91422.1 C:91543.1
2026-01-20 14:45:00,392 - INFO - 지표: ADX=36.5, ATR=270.5, Bull=False, Bear=True
2026-01-20 14:47:45,553 - INFO - [상태] 포지션 없음, 자본금: $5756.09
2026-01-20 14:47:45,553 - INFO - [지표] ADX=nan, Bull=nan, Bear=nan
2026-01-20 14:52:45,555 - INFO - [상태] 포지션 없음, 자본금: $5756.09
2026-01-20 14:52:45,555 - INFO - [지표] ADX=nan, Bull=nan, Bear=nan
2026-01-20 14:57:45,556 - INFO - [상태] 포지션 없음, 자본금: $5756.09
2026-01-20 14:57:45,556 - INFO - [지표] ADX=nan, Bull=nan, Bear=nan
2026-01-20 15:00:00,372 - INFO - [EMA] 증분계산: prev=92247.76, close=91532.0, new=92192.70
2026-01-20 15:00:00,379 - INFO - 15m | 05:45 | O:91543.0 H:91722.5 L:91524.1 C:91532.0
2026-01-20 15:00:00,379 - INFO - 지표: ADX=37.9, ATR=264.5, Bull=False, Bear=True
2026-01-20 15:02:45,557 - INFO - [상태] 포지션 없음, 자본금: $5756.09
2026-01-20 15:02:45,558 - INFO - [지표] ADX=nan, Bull=nan, Bear=nan
2026-01-20 15:07:45,560 - INFO - [상태] 포지션 없음, 자본금: $5756.09
2026-01-20 15:07:45,561 - INFO - [지표] ADX=nan, Bull=nan, Bear=nan
2026-01-20 15:12:45,562 - INFO - [상태] 포지션 없음, 자본금: $5756.09
2026-01-20 15:12:45,562 - INFO - [지표] ADX=nan, Bull=nan, Bear=nan
2026-01-20 15:15:00,139 - INFO - [EMA] 증분계산: prev=92192.70, close=91372.3, new=92129.60
2026-01-20 15:15:00,145 - INFO - 15m | 06:00 | O:91532.0 H:91543.1 L:91351.0 C:91372.3
2026-01-20 15:15:00,146 - INFO - 지표: ADX=39.5, ATR=258.5, Bull=False, Bear=True
2026-01-20 15:17:45,563 - INFO - [상태] 포지션 없음, 자본금: $5756.09
2026-01-20 15:17:45,563 - INFO - [지표] ADX=nan, Bull=nan, Bear=nan
2026-01-20 15:22:45,565 - INFO - [상태] 포지션 없음, 자본금: $5756.09
2026-01-20 15:22:45,566 - INFO - [지표] ADX=nan, Bull=nan, Bear=nan
2026-01-20 15:27:45,566 - INFO - [상태] 포지션 없음, 자본금: $5756.09
2026-01-20 15:27:45,566 - INFO - [지표] ADX=nan, Bull=nan, Bear=nan
2026-01-20 15:30:00,070 - INFO - [EMA] 증분계산: prev=92129.60, close=91164.0, new=92055.32
2026-01-20 15:30:00,079 - INFO - 15m | 06:15 | O:91372.3 H:91419.6 L:90742.0 C:91164.0
2026-01-20 15:30:00,079 - INFO - 지표: ADX=41.8, ATR=293.4, Bull=False, Bear=True
2026-01-20 15:32:45,567 - INFO - [상태] 포지션 없음, 자본금: $5756.09
2026-01-20 15:32:45,567 - INFO - [지표] ADX=nan, Bull=nan, Bear=nan
2026-01-20 15:37:45,572 - INFO - [상태] 포지션 없음, 자본금: $5756.09
2026-01-20 15:37:45,572 - INFO - [지표] ADX=nan, Bull=nan, Bear=nan
2026-01-20 15:42:45,573 - INFO - [상태] 포지션 없음, 자본금: $5756.09
2026-01-20 15:42:45,573 - INFO - [지표] ADX=nan, Bull=nan, Bear=nan
2026-01-20 15:45:00,055 - INFO - [EMA] 증분계산: prev=92055.32, close=91008.5, new=91974.80
2026-01-20 15:45:00,064 - INFO - 15m | 06:30 | O:91164.0 H:91181.7 L:90716.2 C:91008.5
2026-01-20 15:45:00,065 - INFO - 지표: ADX=44.0, ATR=307.8, Bull=False, Bear=True
2026-01-20 15:47:45,575 - INFO - [상태] 포지션 없음, 자본금: $5756.09
2026-01-20 15:47:45,575 - INFO - [지표] ADX=nan, Bull=nan, Bear=nan
2026-01-20 15:52:45,577 - INFO - [상태] 포지션 없음, 자본금: $5756.09
2026-01-20 15:52:45,577 - INFO - [지표] ADX=nan, Bull=nan, Bear=nan
2026-01-20 15:57:45,578 - INFO - [상태] 포지션 없음, 자본금: $5756.09
2026-01-20 15:57:45,578 - INFO - [지표] ADX=nan, Bull=nan, Bear=nan
2026-01-20 16:00:00,522 - INFO - [EMA] 증분계산: prev=91974.80, close=90827.5, new=91886.54
2026-01-20 16:00:00,529 - INFO - 15m | 06:45 | O:91008.4 H:91039.2 L:90666.6 C:90827.5
2026-01-20 16:00:00,529 - INFO - 지표: ADX=46.0, ATR=313.2, Bull=False, Bear=True
2026-01-20 16:02:45,579 - INFO - [상태] 포지션 없음, 자본금: $5756.09
2026-01-20 16:02:45,580 - INFO - [지표] ADX=nan, Bull=nan, Bear=nan
2026-01-20 16:07:45,582 - INFO - [상태] 포지션 없음, 자본금: $5756.09
2026-01-20 16:07:45,582 - INFO - [지표] ADX=nan, Bull=nan, Bear=nan
2026-01-20 16:12:45,584 - INFO - [상태] 포지션 없음, 자본금: $5756.09
2026-01-20 16:12:45,585 - INFO - [지표] ADX=nan, Bull=nan, Bear=nan
2026-01-20 16:15:01,455 - INFO - [EMA] 증분계산: prev=91886.54, close=90920.0, new=91812.19
2026-01-20 16:15:01,461 - INFO - 15m | 07:00 | O:90827.4 H:91045.2 L:90738.5 C:90920.0
2026-01-20 16:15:01,461 - INFO - 지표: ADX=47.9, ATR=312.6, Bull=False, Bear=True
2026-01-20 16:17:45,586 - INFO - [상태] 포지션 없음, 자본금: $5756.09
2026-01-20 16:17:45,586 - INFO - [지표] ADX=nan, Bull=nan, Bear=nan
2026-01-20 16:22:45,587 - INFO - [상태] 포지션 없음, 자본금: $5756.09
2026-01-20 16:22:45,587 - INFO - [지표] ADX=nan, Bull=nan, Bear=nan
2026-01-20 16:27:45,588 - INFO - [상태] 포지션 없음, 자본금: $5756.09
2026-01-20 16:27:45,589 - INFO - [지표] ADX=nan, Bull=nan, Bear=nan
2026-01-20 16:30:00,125 - INFO - [EMA] 증분계산: prev=91812.19, close=90941.3, new=91745.20
2026-01-20 16:30:00,132 - INFO - 15m | 07:15 | O:90920.0 H:90978.1 L:90815.5 C:90941.3
2026-01-20 16:30:00,132 - INFO - 지표: ADX=49.6, ATR=300.1, Bull=False, Bear=True
2026-01-20 16:32:45,590 - INFO - [상태] 포지션 없음, 자본금: $5756.09
2026-01-20 16:32:45,591 - INFO - [지표] ADX=nan, Bull=nan, Bear=nan
2026-01-20 16:37:45,593 - INFO - [상태] 포지션 없음, 자본금: $5756.09
2026-01-20 16:37:45,593 - INFO - [지표] ADX=nan, Bull=nan, Bear=nan
2026-01-20 16:42:45,594 - INFO - [상태] 포지션 없음, 자본금: $5756.09
2026-01-20 16:42:45,595 - INFO - [지표] ADX=nan, Bull=nan, Bear=nan
2026-01-20 16:45:00,079 - INFO - [EMA] 증분계산: prev=91745.20, close=91070.1, new=91693.27
2026-01-20 16:45:00,085 - INFO - 15m | 07:30 | O:90941.3 H:91105.9 L:90870.0 C:91070.1
2026-01-20 16:45:00,085 - INFO - 지표: ADX=50.3, ATR=294.8, Bull=False, Bear=True
2026-01-20 16:47:45,596 - INFO - [상태] 포지션 없음, 자본금: $5756.09
2026-01-20 16:47:45,597 - INFO - [지표] ADX=nan, Bull=nan, Bear=nan
2026-01-20 16:52:45,598 - INFO - [상태] 포지션 없음, 자본금: $5756.09
2026-01-20 16:52:45,598 - INFO - [지표] ADX=nan, Bull=nan, Bear=nan
2026-01-20 16:57:45,600 - INFO - [상태] 포지션 없음, 자본금: $5756.09
2026-01-20 16:57:45,600 - INFO - [지표] ADX=nan, Bull=nan, Bear=nan
2026-01-20 17:00:00,150 - INFO - [EMA] 증분계산: prev=91693.27, close=91063.9, new=91644.86
2026-01-20 17:00:00,156 - INFO - 15m | 07:45 | O:91070.1 H:91188.0 L:91030.0 C:91063.9
2026-01-20 17:00:00,156 - INFO - 지표: ADX=50.4, ATR=283.4, Bull=False, Bear=True
2026-01-20 17:02:45,601 - INFO - [상태] 포지션 없음, 자본금: $5756.09
2026-01-20 17:02:45,601 - INFO - [지표] ADX=nan, Bull=nan, Bear=nan
2026-01-20 17:07:45,602 - INFO - [상태] 포지션 없음, 자본금: $5756.09
2026-01-20 17:07:45,603 - INFO - [지표] ADX=nan, Bull=nan, Bear=nan
2026-01-20 17:12:45,604 - INFO - [상태] 포지션 없음, 자본금: $5756.09
2026-01-20 17:12:45,604 - INFO - [지표] ADX=nan, Bull=nan, Bear=nan
2026-01-20 17:15:00,110 - INFO - [EMA] 증분계산: prev=91644.86, close=90879.6, new=91585.99
2026-01-20 17:15:00,120 - INFO - 15m | 08:00 | O:91063.9 H:91063.9 L:90701.2 C:90879.6
2026-01-20 17:15:00,120 - INFO - 지표: ADX=51.0, ATR=290.0, Bull=False, Bear=True
2026-01-20 17:17:45,605 - INFO - [상태] 포지션 없음, 자본금: $5756.09
2026-01-20 17:17:45,605 - INFO - [지표] ADX=nan, Bull=nan, Bear=nan
2026-01-20 17:22:45,607 - INFO - [상태] 포지션 없음, 자본금: $5756.09
2026-01-20 17:22:45,608 - INFO - [지표] ADX=nan, Bull=nan, Bear=nan
2026-01-20 17:27:45,611 - INFO - [상태] 포지션 없음, 자본금: $5756.09
2026-01-20 17:27:45,611 - INFO - [지표] ADX=nan, Bull=nan, Bear=nan
2026-01-20 17:30:00,465 - INFO - [EMA] 증분계산: prev=91585.99, close=91064.4, new=91545.87
2026-01-20 17:30:00,472 - INFO - 15m | 08:15 | O:90879.7 H:91132.3 L:90786.1 C:91064.4
2026-01-20 17:30:00,472 - INFO - 지표: ADX=51.2, ATR=294.7, Bull=False, Bear=True
2026-01-20 17:32:45,611 - INFO - [상태] 포지션 없음, 자본금: $5756.09
2026-01-20 17:32:45,612 - INFO - [지표] ADX=nan, Bull=nan, Bear=nan
2026-01-20 17:37:45,614 - INFO - [상태] 포지션 없음, 자본금: $5756.09
2026-01-20 17:37:45,614 - INFO - [지표] ADX=nan, Bull=nan, Bear=nan
2026-01-20 17:42:45,616 - INFO - [상태] 포지션 없음, 자본금: $5756.09
2026-01-20 17:42:45,616 - INFO - [지표] ADX=nan, Bull=nan, Bear=nan
2026-01-20 17:45:00,030 - INFO - [EMA] 증분계산: prev=91545.87, close=90738.9, new=91483.79
2026-01-20 17:45:00,036 - INFO - 15m | 08:30 | O:91063.5 H:91063.5 L:90560.0 C:90738.9
2026-01-20 17:45:00,036 - INFO - 지표: ADX=51.8, ATR=312.1, Bull=False, Bear=True
2026-01-20 17:47:45,617 - INFO - [상태] 포지션 없음, 자본금: $5756.09
2026-01-20 17:47:45,618 - INFO - [지표] ADX=nan, Bull=nan, Bear=nan
2026-01-20 17:52:45,621 - INFO - [상태] 포지션 없음, 자본금: $5756.09
2026-01-20 17:52:45,622 - INFO - [지표] ADX=nan, Bull=nan, Bear=nan
2026-01-20 17:57:45,623 - INFO - [상태] 포지션 없음, 자본금: $5756.09
2026-01-20 17:57:45,623 - INFO - [지표] ADX=nan, Bull=nan, Bear=nan
2026-01-20 18:00:00,153 - INFO - [EMA] 증분계산: prev=91483.79, close=90989.8, new=91445.79
2026-01-20 18:00:00,162 - INFO - 15m | 08:45 | O:90738.9 H:91012.3 L:90669.2 C:90989.8
2026-01-20 18:00:00,162 - INFO - 지표: ADX=52.3, ATR=314.7, Bull=False, Bear=True
2026-01-20 18:02:45,626 - INFO - [상태] 포지션 없음, 자본금: $5756.09
2026-01-20 18:02:45,626 - INFO - [지표] ADX=nan, Bull=nan, Bear=nan
2026-01-20 18:07:45,627 - INFO - [상태] 포지션 없음, 자본금: $5756.09
2026-01-20 18:07:45,628 - INFO - [지표] ADX=nan, Bull=nan, Bear=nan
2026-01-20 18:12:45,630 - INFO - [상태] 포지션 없음, 자본금: $5756.09
2026-01-20 18:12:45,630 - INFO - [지표] ADX=nan, Bull=nan, Bear=nan
2026-01-20 18:15:00,703 - INFO - [EMA] 증분계산: prev=91445.79, close=90947.1, new=91407.43
2026-01-20 18:15:00,710 - INFO - 15m | 09:00 | O:90989.7 H:90989.7 L:90860.0 C:90947.1
2026-01-20 18:15:00,710 - INFO - 지표: ADX=52.8, ATR=299.3, Bull=False, Bear=True
2026-01-20 18:17:45,631 - INFO - [상태] 포지션 없음, 자본금: $5756.09
2026-01-20 18:17:45,631 - INFO - [지표] ADX=nan, Bull=nan, Bear=nan
2026-01-20 18:22:45,632 - INFO - [상태] 포지션 없음, 자본금: $5756.09
2026-01-20 18:22:45,632 - INFO - [지표] ADX=nan, Bull=nan, Bear=nan
2026-01-20 18:27:45,633 - INFO - [상태] 포지션 없음, 자본금: $5756.09
2026-01-20 18:27:45,633 - INFO - [지표] ADX=nan, Bull=nan, Bear=nan
2026-01-20 18:30:00,335 - INFO - [EMA] 증분계산: prev=91407.43, close=90937.8, new=91371.31
2026-01-20 18:30:00,345 - INFO - 15m | 09:15 | O:90944.1 H:90973.7 L:90820.8 C:90937.8
2026-01-20 18:30:00,345 - INFO - 지표: ADX=53.4, ATR=287.1, Bull=False, Bear=True
2026-01-20 18:32:45,633 - INFO - [상태] 포지션 없음, 자본금: $5756.09
2026-01-20 18:32:45,633 - INFO - [지표] ADX=nan, Bull=nan, Bear=nan
2026-01-20 18:37:45,636 - INFO - [상태] 포지션 없음, 자본금: $5756.09
2026-01-20 18:37:45,636 - INFO - [지표] ADX=nan, Bull=nan, Bear=nan
2026-01-20 18:42:45,637 - INFO - [상태] 포지션 없음, 자본금: $5756.09
2026-01-20 18:42:45,637 - INFO - [지표] ADX=nan, Bull=nan, Bear=nan
2026-01-20 18:45:00,106 - INFO - [EMA] 증분계산: prev=91371.31, close=90900.4, new=91335.08
2026-01-20 18:45:00,112 - INFO - 15m | 09:30 | O:90937.8 H:90956.9 L:90781.3 C:90900.4
2026-01-20 18:45:00,112 - INFO - 지표: ADX=53.9, ATR=277.8, Bull=False, Bear=True
2026-01-20 18:47:45,639 - INFO - [상태] 포지션 없음, 자본금: $5756.09
2026-01-20 18:47:45,639 - INFO - [지표] ADX=nan, Bull=nan, Bear=nan
2026-01-20 18:52:45,644 - INFO - [상태] 포지션 없음, 자본금: $5756.09
2026-01-20 18:52:45,645 - INFO - [지표] ADX=nan, Bull=nan, Bear=nan
2026-01-20 18:57:45,650 - INFO - [상태] 포지션 없음, 자본금: $5756.09
2026-01-20 18:57:45,650 - INFO - [지표] ADX=nan, Bull=nan, Bear=nan
2026-01-20 19:00:00,917 - INFO - [EMA] 증분계산: prev=91335.08, close=90927.4, new=91303.72
2026-01-20 19:00:00,927 - INFO - 15m | 09:45 | O:90905.7 H:90958.7 L:90828.0 C:90927.4
2026-01-20 19:00:00,927 - INFO - 지표: ADX=54.5, ATR=265.6, Bull=False, Bear=True
2026-01-20 19:02:45,651 - INFO - [상태] 포지션 없음, 자본금: $5756.09
2026-01-20 19:02:45,652 - INFO - [지표] ADX=nan, Bull=nan, Bear=nan
2026-01-20 19:07:45,653 - INFO - [상태] 포지션 없음, 자본금: $5756.09
2026-01-20 19:07:45,653 - INFO - [지표] ADX=nan, Bull=nan, Bear=nan
2026-01-20 19:12:45,654 - INFO - [상태] 포지션 없음, 자본금: $5756.09
2026-01-20 19:12:45,655 - INFO - [지표] ADX=nan, Bull=nan, Bear=nan
2026-01-20 19:15:01,029 - INFO - [EMA] 증분계산: prev=91303.72, close=91066.6, new=91285.48
2026-01-20 19:15:01,039 - INFO - 15m | 10:00 | O:90927.4 H:91072.0 L:90882.1 C:91066.6
2026-01-20 19:15:01,039 - INFO - 지표: ADX=54.0, ATR=259.3, Bull=False, Bear=True
2026-01-20 19:17:45,655 - INFO - [상태] 포지션 없음, 자본금: $5756.09
2026-01-20 19:17:45,655 - INFO - [지표] ADX=nan, Bull=nan, Bear=nan
2026-01-20 19:22:45,657 - INFO - [상태] 포지션 없음, 자본금: $5756.09
2026-01-20 19:22:45,658 - INFO - [지표] ADX=nan, Bull=nan, Bear=nan
2026-01-20 19:27:45,659 - INFO - [상태] 포지션 없음, 자본금: $5756.09
2026-01-20 19:27:45,660 - INFO - [지표] ADX=nan, Bull=nan, Bear=nan
2026-01-20 19:30:00,200 - INFO - [EMA] 증분계산: prev=91285.48, close=91171.0, new=91276.68
2026-01-20 19:30:00,207 - INFO - 15m | 10:15 | O:91067.2 H:91171.8 L:91040.6 C:91171.0
2026-01-20 19:30:00,207 - INFO - 지표: ADX=52.8, ATR=248.6, Bull=False, Bear=True
2026-01-20 19:32:45,661 - INFO - [상태] 포지션 없음, 자본금: $5756.09
2026-01-20 19:32:45,661 - INFO - [지표] ADX=nan, Bull=nan, Bear=nan
2026-01-20 19:37:45,664 - INFO - [상태] 포지션 없음, 자본금: $5756.09
2026-01-20 19:37:45,664 - INFO - [지표] ADX=nan, Bull=nan, Bear=nan
2026-01-20 19:42:45,666 - INFO - [상태] 포지션 없음, 자본금: $5756.09
2026-01-20 19:42:45,666 - INFO - [지표] ADX=nan, Bull=nan, Bear=nan
2026-01-20 19:45:03,032 - INFO - [EMA] 증분계산: prev=91276.68, close=91120.0, new=91264.62
2026-01-20 19:45:03,039 - INFO - 15m | 10:30 | O:91171.1 H:91185.0 L:91027.8 C:91120.0
2026-01-20 19:45:03,039 - INFO - 지표: ADX=51.6, ATR=241.0, Bull=False, Bear=True
2026-01-20 19:47:45,670 - INFO - [상태] 포지션 없음, 자본금: $5756.09
2026-01-20 19:47:45,670 - INFO - [지표] ADX=nan, Bull=nan, Bear=nan
2026-01-20 19:52:45,672 - INFO - [상태] 포지션 없음, 자본금: $5756.09
2026-01-20 19:52:45,672 - INFO - [지표] ADX=nan, Bull=nan, Bear=nan
2026-01-20 19:57:45,678 - INFO - [상태] 포지션 없음, 자본금: $5756.09
2026-01-20 19:57:45,678 - INFO - [지표] ADX=nan, Bull=nan, Bear=nan
2026-01-20 20:00:01,661 - INFO - [EMA] 증분계산: prev=91264.62, close=91150.1, new=91255.82
2026-01-20 20:00:01,667 - INFO - 15m | 10:45 | O:91120.1 H:91180.2 L:91105.5 C:91150.1
2026-01-20 20:00:01,667 - INFO - 지표: ADX=50.5, ATR=227.1, Bull=False, Bear=True
2026-01-20 20:02:45,679 - INFO - [상태] 포지션 없음, 자본금: $5756.09
2026-01-20 20:02:45,679 - INFO - [지표] ADX=nan, Bull=nan, Bear=nan
2026-01-20 20:07:45,681 - INFO - [상태] 포지션 없음, 자본금: $5756.09
2026-01-20 20:07:45,681 - INFO - [지표] ADX=nan, Bull=nan, Bear=nan
2026-01-20 20:12:45,683 - INFO - [상태] 포지션 없음, 자본금: $5756.09
2026-01-20 20:12:45,684 - INFO - [지표] ADX=nan, Bull=nan, Bear=nan
2026-01-20 20:15:00,609 - INFO - [EMA] 증분계산: prev=91255.82, close=91247.6, new=91255.18
2026-01-20 20:15:00,615 - INFO - 15m | 11:00 | O:91150.0 H:91333.3 L:91143.9 C:91247.6
2026-01-20 20:15:00,616 - INFO - 지표: ADX=48.3, ATR=224.0, Bull=False, Bear=True
2026-01-20 20:15:00,616 - INFO - [LIVE] SHORT 신호 감지!
2026-01-20 20:15:00,616 - INFO - ==================================================
2026-01-20 20:15:00,616 - INFO - [LIVE] SHORT 진입 준비
2026-01-20 20:15:00,616 - INFO - 진입가: $91247.60
2026-01-20 20:15:00,616 - INFO - 손절가: $92395.00 (1.26%)
2026-01-20 20:15:00,616 - INFO - 익절가: $90233.93 (1.11%)
2026-01-20 20:15:00,616 - INFO - 레버리지: 5.23x
2026-01-20 20:15:00,616 - INFO - 포지션 크기: 0.329920 BTC ($30104.37)
2026-01-20 20:15:00,616 - INFO - ==================================================
2026-01-20 20:15:00,756 - INFO - Leverage 설정: 5x
2026-01-20 20:15:00,874 - INFO - Market Order 체결: SHORT 0.33
2026-01-20 20:15:01,418 - INFO - 실제 체결가: $91247.60, 수량: 0.330000
2026-01-20 20:15:01,490 - INFO - LIMIT Close 주문: SHORT 0.33 @ $90233.9, ID: 41733751242
2026-01-20 20:15:01,490 - INFO - TP 주문 설정: $90233.93
2026-01-20 20:15:01,551 - INFO - STOP_MARKET 주문 (Algo): $92395.0, AlgoID: 3000000353934710
2026-01-20 20:15:01,551 - INFO - SL 주문 설정: $92395.00
2026-01-20 20:15:01,551 - INFO - 거래 기록 저장: ENTRY @ $91247.60
2026-01-20 20:15:01,551 - INFO - [LIVE] SHORT 진입 완료!
2026-01-20 20:17:45,730 - INFO - [상태] 포지션: SHORT, 진입가: $91247.60, 현재가: $91270.70, 미실현PnL: $-7.62
2026-01-20 20:17:45,730 - INFO - [지표] ADX=nan, Bull=nan, Bear=nan
2026-01-20 20:22:45,777 - INFO - [상태] 포지션: SHORT, 진입가: $91247.60, 현재가: $91224.10, 미실현PnL: $7.76
2026-01-20 20:22:45,777 - INFO - [지표] ADX=nan, Bull=nan, Bear=nan
2026-01-20 20:27:45,821 - INFO - [상태] 포지션: SHORT, 진입가: $91247.60, 현재가: $91319.20, 미실현PnL: $-23.63
2026-01-20 20:27:45,821 - INFO - [지표] ADX=nan, Bull=nan, Bear=nan
2026-01-20 20:30:01,352 - INFO - [EMA] 증분계산: prev=91255.18, close=91295.8, new=91258.31
2026-01-20 20:30:01,359 - INFO - 15m | 11:15 | O:91247.7 H:91329.4 L:91201.1 C:91295.8
2026-01-20 20:30:01,359 - INFO - 지표: ADX=46.3, ATR=216.0, Bull=False, Bear=True
2026-01-20 20:32:45,868 - INFO - [상태] 포지션: SHORT, 진입가: $91247.60, 현재가: $91276.10, 미실현PnL: $-9.41
2026-01-20 20:32:45,868 - INFO - [지표] ADX=nan, Bull=nan, Bear=nan
2026-01-20 20:37:45,910 - INFO - [상태] 포지션: SHORT, 진입가: $91247.60, 현재가: $91217.50, 미실현PnL: $9.93
2026-01-20 20:37:45,911 - INFO - [지표] ADX=nan, Bull=nan, Bear=nan
2026-01-20 20:42:45,956 - INFO - [상태] 포지션: SHORT, 진입가: $91247.60, 현재가: $91192.50, 미실현PnL: $18.18
2026-01-20 20:42:45,957 - INFO - [지표] ADX=nan, Bull=nan, Bear=nan
2026-01-20 20:45:00,142 - INFO - [EMA] 증분계산: prev=91258.31, close=91230.6, new=91256.18
2026-01-20 20:45:00,151 - INFO - 15m | 11:30 | O:91295.8 H:91295.8 L:91150.1 C:91230.6
2026-01-20 20:45:00,152 - INFO - 지표: ADX=44.7, ATR=210.1, Bull=False, Bear=True
2026-01-20 20:47:46,011 - INFO - [상태] 포지션: SHORT, 진입가: $91247.60, 현재가: $91226.90, 미실현PnL: $6.83
2026-01-20 20:47:46,011 - INFO - [지표] ADX=nan, Bull=nan, Bear=nan
2026-01-20 20:52:46,060 - INFO - [상태] 포지션: SHORT, 진입가: $91247.60, 현재가: $91160.20, 미실현PnL: $28.84
2026-01-20 20:52:46,060 - INFO - [지표] ADX=nan, Bull=nan, Bear=nan
2026-01-20 20:57:46,102 - INFO - [상태] 포지션: SHORT, 진입가: $91247.60, 현재가: $91165.10, 미실현PnL: $27.23
2026-01-20 20:57:46,103 - INFO - [지표] ADX=nan, Bull=nan, Bear=nan
2026-01-20 21:00:00,098 - INFO - [EMA] 증분계산: prev=91256.18, close=91113.1, new=91245.17
2026-01-20 21:00:00,105 - INFO - 15m | 11:45 | O:91230.6 H:91237.3 L:91098.1 C:91113.1
2026-01-20 21:00:00,105 - INFO - 지표: ADX=43.4, ATR=204.2, Bull=False, Bear=True
2026-01-20 21:02:46,146 - INFO - [상태] 포지션: SHORT, 진입가: $91247.60, 현재가: $91103.40, 미실현PnL: $47.59
2026-01-20 21:02:46,146 - INFO - [지표] ADX=nan, Bull=nan, Bear=nan
2026-01-20 21:07:46,191 - INFO - [상태] 포지션: SHORT, 진입가: $91247.60, 현재가: $91130.40, 미실현PnL: $38.68
2026-01-20 21:07:46,191 - INFO - [지표] ADX=nan, Bull=nan, Bear=nan
2026-01-20 21:12:46,237 - INFO - [상태] 포지션: SHORT, 진입가: $91247.60, 현재가: $91156.90, 미실현PnL: $29.93
2026-01-20 21:12:46,238 - INFO - [지표] ADX=nan, Bull=nan, Bear=nan
2026-01-20 21:15:00,674 - INFO - [EMA] 증분계산: prev=91245.17, close=91173.4, new=91239.65
2026-01-20 21:15:00,680 - INFO - 15m | 12:00 | O:91114.2 H:91218.1 L:91073.1 C:91173.4
2026-01-20 21:15:00,680 - INFO - 지표: ADX=42.4, ATR=199.3, Bull=False, Bear=True
2026-01-20 21:17:46,282 - INFO - [상태] 포지션: SHORT, 진입가: $91247.60, 현재가: $91154.80, 미실현PnL: $30.62
2026-01-20 21:17:46,283 - INFO - [지표] ADX=nan, Bull=nan, Bear=nan
2026-01-20 21:22:46,327 - INFO - [상태] 포지션: SHORT, 진입가: $91247.60, 현재가: $90990.50, 미실현PnL: $84.84
2026-01-20 21:22:46,328 - INFO - [지표] ADX=nan, Bull=nan, Bear=nan
2026-01-20 21:27:46,373 - INFO - [상태] 포지션: SHORT, 진입가: $91247.60, 현재가: $91068.90, 미실현PnL: $58.97
2026-01-20 21:27:46,373 - INFO - [지표] ADX=nan, Bull=nan, Bear=nan
2026-01-20 21:30:00,227 - INFO - [EMA] 증분계산: prev=91239.65, close=91050.0, new=91225.06
2026-01-20 21:30:00,234 - INFO - 15m | 12:15 | O:91171.6 H:91199.1 L:90941.5 C:91050.0
2026-01-20 21:30:00,234 - INFO - 지표: ADX=42.0, ATR=204.2, Bull=False, Bear=True
2026-01-20 21:32:46,416 - INFO - [상태] 포지션: SHORT, 진입가: $91247.60, 현재가: $91089.90, 미실현PnL: $52.04
2026-01-20 21:32:46,416 - INFO - [지표] ADX=nan, Bull=nan, Bear=nan
2026-01-20 21:37:46,462 - INFO - [상태] 포지션: SHORT, 진입가: $91247.60, 현재가: $91081.10, 미실현PnL: $54.95
2026-01-20 21:37:46,462 - INFO - [지표] ADX=nan, Bull=nan, Bear=nan
2026-01-20 21:42:46,507 - INFO - [상태] 포지션: SHORT, 진입가: $91247.60, 현재가: $91122.00, 미실현PnL: $41.45
2026-01-20 21:42:46,507 - INFO - [지표] ADX=nan, Bull=nan, Bear=nan
2026-01-20 21:45:00,171 - INFO - [EMA] 증분계산: prev=91225.06, close=91073.6, new=91213.41
2026-01-20 21:45:00,178 - INFO - 15m | 12:30 | O:91050.0 H:91135.1 L:91045.6 C:91073.6
2026-01-20 21:45:00,178 - INFO - 지표: ADX=41.6, ATR=194.6, Bull=False, Bear=True
2026-01-20 21:47:46,549 - INFO - [상태] 포지션: SHORT, 진입가: $91247.60, 현재가: $91084.30, 미실현PnL: $53.89
2026-01-20 21:47:46,549 - INFO - [지표] ADX=nan, Bull=nan, Bear=nan
2026-01-20 21:52:46,595 - INFO - [상태] 포지션: SHORT, 진입가: $91247.60, 현재가: $91108.80, 미실현PnL: $45.80
2026-01-20 21:52:46,595 - INFO - [지표] ADX=nan, Bull=nan, Bear=nan
2026-01-20 21:57:46,640 - INFO - [상태] 포지션: SHORT, 진입가: $91247.60, 현재가: $91180.30, 미실현PnL: $22.21
2026-01-20 21:57:46,640 - INFO - [지표] ADX=nan, Bull=nan, Bear=nan
2026-01-20 22:00:00,048 - INFO - [EMA] 증분계산: prev=91213.41, close=91185.0, new=91211.22
2026-01-20 22:00:00,055 - INFO - 15m | 12:45 | O:91073.7 H:91194.8 L:91057.7 C:91185.0
2026-01-20 22:00:00,055 - INFO - 지표: ADX=40.7, ATR=189.8, Bull=False, Bear=True
2026-01-20 22:02:46,688 - INFO - [상태] 포지션: SHORT, 진입가: $91247.60, 현재가: $91103.00, 미실현PnL: $47.72
2026-01-20 22:02:46,688 - INFO - [지표] ADX=nan, Bull=nan, Bear=nan
2026-01-20 22:07:46,733 - INFO - [상태] 포지션: SHORT, 진입가: $91247.60, 현재가: $90935.00, 미실현PnL: $103.16
2026-01-20 22:07:46,734 - INFO - [지표] ADX=nan, Bull=nan, Bear=nan
2026-01-20 22:12:46,776 - INFO - [상태] 포지션: SHORT, 진입가: $91247.60, 현재가: $90798.70, 미실현PnL: $148.14
2026-01-20 22:12:46,776 - INFO - [지표] ADX=nan, Bull=nan, Bear=nan
2026-01-20 22:15:00,535 - INFO - [EMA] 증분계산: prev=91211.22, close=90817.6, new=91180.95
2026-01-20 22:15:00,542 - INFO - 15m | 13:00 | O:91180.5 H:91200.0 L:90777.0 C:90817.6
2026-01-20 22:15:00,542 - INFO - 지표: ADX=41.0, ATR=209.2, Bull=False, Bear=True
2026-01-20 22:17:46,822 - INFO - [상태] 포지션: SHORT, 진입가: $91247.60, 현재가: $90900.10, 미실현PnL: $114.68
2026-01-20 22:17:46,822 - INFO - [지표] ADX=nan, Bull=nan, Bear=nan
2026-01-20 22:22:46,867 - INFO - [상태] 포지션: SHORT, 진입가: $91247.60, 현재가: $90911.60, 미실현PnL: $110.88
2026-01-20 22:22:46,867 - INFO - [지표] ADX=nan, Bull=nan, Bear=nan
2026-01-20 22:27:46,909 - INFO - [상태] 포지션: SHORT, 진입가: $91247.60, 현재가: $90882.00, 미실현PnL: $120.65
2026-01-20 22:27:46,909 - INFO - [지표] ADX=nan, Bull=nan, Bear=nan
2026-01-20 22:30:00,655 - INFO - [EMA] 증분계산: prev=91180.95, close=90777.4, new=91149.90
2026-01-20 22:30:00,665 - INFO - 15m | 13:15 | O:90817.5 H:90962.4 L:90772.9 C:90777.4
2026-01-20 22:30:00,665 - INFO - 지표: ADX=41.4, ATR=207.6, Bull=False, Bear=True
2026-01-20 22:32:46,953 - INFO - [상태] 포지션: SHORT, 진입가: $91247.60, 현재가: $90833.20, 미실현PnL: $136.75
2026-01-20 22:32:46,953 - INFO - [지표] ADX=nan, Bull=nan, Bear=nan
2026-01-20 22:37:46,994 - INFO - [상태] 포지션: SHORT, 진입가: $91247.60, 현재가: $90871.30, 미실현PnL: $124.18
2026-01-20 22:37:46,994 - INFO - [지표] ADX=nan, Bull=nan, Bear=nan
2026-01-20 22:42:47,037 - INFO - [상태] 포지션: SHORT, 진입가: $91247.60, 현재가: $90899.10, 미실현PnL: $115.01
2026-01-20 22:42:47,037 - INFO - [지표] ADX=nan, Bull=nan, Bear=nan
2026-01-20 22:45:00,653 - INFO - [EMA] 증분계산: prev=91149.90, close=90915.9, new=91131.90
2026-01-20 22:45:00,660 - INFO - 15m | 13:30 | O:90777.5 H:91013.9 L:90666.0 C:90915.9
2026-01-20 22:45:00,660 - INFO - 지표: ADX=42.0, ATR=219.3, Bull=False, Bear=True
2026-01-20 22:47:47,079 - INFO - [상태] 포지션: SHORT, 진입가: $91247.60, 현재가: $90907.60, 미실현PnL: $112.20
2026-01-20 22:47:47,079 - INFO - [지표] ADX=nan, Bull=nan, Bear=nan
2026-01-20 22:52:47,123 - INFO - [상태] 포지션: SHORT, 진입가: $91247.60, 현재가: $90930.40, 미실현PnL: $104.68
2026-01-20 22:52:47,123 - INFO - [지표] ADX=nan, Bull=nan, Bear=nan
2026-01-20 22:57:47,169 - INFO - [상태] 포지션: SHORT, 진입가: $91247.60, 현재가: $90857.70, 미실현PnL: $128.67
2026-01-20 22:57:47,169 - INFO - [지표] ADX=nan, Bull=nan, Bear=nan
2026-01-20 23:00:00,607 - INFO - [EMA] 증분계산: prev=91131.90, close=90855.0, new=91110.60
2026-01-20 23:00:00,616 - INFO - 15m | 13:45 | O:90914.4 H:90966.7 L:90813.0 C:90855.0
2026-01-20 23:00:00,616 - INFO - 지표: ADX=42.6, ATR=213.8, Bull=False, Bear=True
2026-01-20 23:02:47,212 - INFO - [상태] 포지션: SHORT, 진입가: $91247.60, 현재가: $90968.00, 미실현PnL: $92.27
2026-01-20 23:02:47,212 - INFO - [지표] ADX=nan, Bull=nan, Bear=nan
2026-01-20 23:07:47,254 - INFO - [상태] 포지션: SHORT, 진입가: $91247.60, 현재가: $91031.70, 미실현PnL: $71.25
2026-01-20 23:07:47,255 - INFO - [지표] ADX=nan, Bull=nan, Bear=nan
2026-01-20 23:12:47,297 - INFO - [상태] 포지션: SHORT, 진입가: $91247.60, 현재가: $90987.30, 미실현PnL: $85.90
2026-01-20 23:12:47,297 - INFO - [지표] ADX=nan, Bull=nan, Bear=nan
2026-01-20 23:15:00,471 - INFO - [EMA] 증분계산: prev=91110.60, close=90987.3, new=91101.12
2026-01-20 23:15:00,478 - INFO - 15m | 14:00 | O:90855.0 H:91041.8 L:90848.5 C:90987.3
2026-01-20 23:15:00,478 - INFO - 지표: ADX=42.4, ATR=212.1, Bull=False, Bear=True
2026-01-20 23:17:47,341 - INFO - [상태] 포지션: SHORT, 진입가: $91247.60, 현재가: $90862.40, 미실현PnL: $127.12
2026-01-20 23:17:47,341 - INFO - [지표] ADX=nan, Bull=nan, Bear=nan
2026-01-20 23:22:47,385 - INFO - [상태] 포지션: SHORT, 진입가: $91247.60, 현재가: $90872.90, 미실현PnL: $123.65
2026-01-20 23:22:47,386 - INFO - [지표] ADX=nan, Bull=nan, Bear=nan
2026-01-20 23:27:47,427 - INFO - [상태] 포지션: SHORT, 진입가: $91247.60, 현재가: $90873.90, 미실현PnL: $123.32
2026-01-20 23:27:47,427 - INFO - [지표] ADX=nan, Bull=nan, Bear=nan
2026-01-20 23:30:00,046 - INFO - [EMA] 증분계산: prev=91101.12, close=90889.2, new=91084.82
2026-01-20 23:30:00,052 - INFO - 15m | 14:15 | O:90987.3 H:90989.9 L:90619.8 C:90889.2
2026-01-20 23:30:00,052 - INFO - 지표: ADX=43.0, ATR=225.3, Bull=False, Bear=True
2026-01-20 23:32:47,475 - INFO - [상태] 포지션: SHORT, 진입가: $91247.60, 현재가: $90780.20, 미실현PnL: $154.24
2026-01-20 23:32:47,475 - INFO - [지표] ADX=nan, Bull=nan, Bear=nan
2026-01-20 23:37:47,516 - INFO - [상태] 포지션: SHORT, 진입가: $91247.60, 현재가: $90754.00, 미실현PnL: $162.89
2026-01-20 23:37:47,516 - INFO - [지표] ADX=nan, Bull=nan, Bear=nan
2026-01-20 23:42:47,559 - INFO - [상태] 포지션: SHORT, 진입가: $91247.60, 현재가: $90803.40, 미실현PnL: $146.59
2026-01-20 23:42:47,559 - INFO - [지표] ADX=nan, Bull=nan, Bear=nan
2026-01-20 23:45:00,234 - INFO - [EMA] 증분계산: prev=91084.82, close=90966.8, new=91075.74
2026-01-20 23:45:00,244 - INFO - 15m | 14:30 | O:90887.4 H:91287.5 L:90574.6 C:90966.8
2026-01-20 23:45:00,244 - INFO - 지표: ADX=41.4, ATR=265.9, Bull=False, Bear=True
2026-01-20 23:47:47,600 - INFO - [상태] 포지션: SHORT, 진입가: $91247.60, 현재가: $90455.20, 미실현PnL: $261.49
2026-01-20 23:47:47,601 - INFO - [지표] ADX=nan, Bull=nan, Bear=nan
2026-01-20 23:49:08,369 - INFO - [LIVE] TP 체결 감지: $90233.93
2026-01-20 23:49:08,369 - INFO - [LIVE] TP 청산: PnL=$334.51, 수수료=$12.0447, 순익=$322.47
2026-01-20 23:49:08,369 - INFO - [LIVE] 자본금 업데이트: $5756.09 → $6078.56
2026-01-20 23:49:08,410 - INFO - 모든 대기 주문 취소 완료
2026-01-20 23:49:08,963 - WARNING - [자본금 동기화] 로컬: $6078.56 → 사용가능: $6062.45 (실제 잔고 $6381.52의 95%)
2026-01-20 23:49:08,963 - INFO - 거래 기록 저장: TP @ $90233.93
2026-01-20 23:52:47,601 - INFO - [상태] 포지션 없음, 자본금: $6062.45
2026-01-20 23:52:47,602 - INFO - [지표] ADX=nan, Bull=nan, Bear=nan
2026-01-20 23:57:47,603 - INFO - [상태] 포지션 없음, 자본금: $6062.45
2026-01-20 23:57:47,604 - INFO - [지표] ADX=nan, Bull=nan, Bear=nan
2026-01-21 00:00:00,068 - INFO - [EMA] 증분계산: prev=91075.74, close=90431.9, new=91026.21
2026-01-21 00:00:00,074 - INFO - 15m | 14:45 | O:90967.1 H:90973.7 L:90157.2 C:90431.9
2026-01-21 00:00:00,075 - INFO - 지표: ADX=41.2, ATR=311.8, Bull=False, Bear=True
2026-01-21 00:00:00,075 - INFO - [LIVE] SHORT 신호 감지!
2026-01-21 00:00:00,075 - INFO - ==================================================
2026-01-21 00:00:00,075 - INFO - [LIVE] SHORT 진입 준비
2026-01-21 00:00:00,075 - INFO - 진입가: $90431.90
2026-01-21 00:00:00,075 - INFO - 손절가: $91333.30 (1.00%)
2026-01-21 00:00:00,075 - INFO - 익절가: $89050.02 (1.53%)
2026-01-21 00:00:00,075 - INFO - 레버리지: 6.5x
2026-01-21 00:00:00,075 - INFO - 포지션 크기: 0.435752 BTC ($39405.90)
2026-01-21 00:00:00,075 - INFO - ==================================================
2026-01-21 00:00:00,225 - INFO - Leverage 설정: 6x
2026-01-21 00:00:00,266 - ERROR - 시장가 주문 실패: APIError(code=-2019): Margin is insufficient.
2026-01-21 00:00:00,266 - ERROR - 시장가 진입 실패
2026-01-21 00:02:47,606 - INFO - [상태] 포지션 없음, 자본금: $6062.45
2026-01-21 00:02:47,606 - INFO - [지표] ADX=nan, Bull=nan, Bear=nan
2026-01-21 00:07:47,607 - INFO - [상태] 포지션 없음, 자본금: $6062.45
2026-01-21 00:07:47,608 - INFO - [지표] ADX=nan, Bull=nan, Bear=nan
2026-01-21 00:12:47,608 - INFO - [상태] 포지션 없음, 자본금: $6062.45
2026-01-21 00:12:47,608 - INFO - [지표] ADX=nan, Bull=nan, Bear=nan
2026-01-21 00:15:00,035 - INFO - [EMA] 증분계산: prev=91026.21, close=90192.6, new=90962.09
2026-01-21 00:15:00,042 - INFO - 15m | 15:00 | O:90429.7 H:90506.1 L:89746.3 C:90192.6
2026-01-21 00:15:00,042 - INFO - 지표: ADX=41.9, ATR=349.1, Bull=False, Bear=True
2026-01-21 00:15:00,042 - INFO - [LIVE] SHORT 신호 감지!
2026-01-21 00:15:00,042 - INFO - ==================================================
2026-01-21 00:15:00,042 - INFO - [LIVE] SHORT 진입 준비
2026-01-21 00:15:00,042 - INFO - 진입가: $90192.60
2026-01-21 00:15:00,042 - INFO - 손절가: $91333.30 (1.26%)
2026-01-21 00:15:00,042 - INFO - 익절가: $88654.11 (1.71%)
2026-01-21 00:15:00,042 - INFO - 레버리지: 5.21x
2026-01-21 00:15:00,042 - INFO - 포지션 크기: 0.350199 BTC ($31585.35)
2026-01-21 00:15:00,042 - INFO - ==================================================
2026-01-21 00:15:00,132 - INFO - Leverage 설정: 5x
2026-01-21 00:15:00,177 - INFO - Market Order 체결: SHORT 0.35
2026-01-21 00:15:00,757 - INFO - 실제 체결가: $90189.36, 수량: 0.350000
2026-01-21 00:15:00,822 - INFO - LIMIT Close 주문: SHORT 0.35 @ $88650.9, ID: 41758174947
2026-01-21 00:15:00,822 - INFO - TP 주문 설정: $88650.87
2026-01-21 00:15:00,904 - INFO - STOP_MARKET 주문 (Algo): $91333.3, AlgoID: 3000000356078070
2026-01-21 00:15:00,904 - INFO - SL 주문 설정: $91333.30
2026-01-21 00:15:00,904 - INFO - 거래 기록 저장: ENTRY @ $90189.36
2026-01-21 00:15:00,904 - INFO - [LIVE] SHORT 진입 완료!
2026-01-21 00:17:47,652 - INFO - [상태] 포지션: SHORT, 진입가: $90189.36, 현재가: $90343.00, 미실현PnL: $-53.78
2026-01-21 00:17:47,652 - INFO - [지표] ADX=nan, Bull=nan, Bear=nan
2026-01-21 00:22:47,693 - INFO - [상태] 포지션: SHORT, 진입가: $90189.36, 현재가: $90378.30, 미실현PnL: $-66.13
2026-01-21 00:22:47,694 - INFO - [지표] ADX=nan, Bull=nan, Bear=nan
2026-01-21 00:27:47,734 - INFO - [상태] 포지션: SHORT, 진입가: $90189.36, 현재가: $90503.30, 미실현PnL: $-109.88
2026-01-21 00:27:47,734 - INFO - [지표] ADX=nan, Bull=nan, Bear=nan
2026-01-21 00:30:00,033 - INFO - [EMA] 증분계산: prev=90962.09, close=90517.6, new=90927.90
2026-01-21 00:30:00,039 - INFO - 15m | 15:15 | O:90196.2 H:90631.4 L:89905.4 C:90517.6
2026-01-21 00:30:00,039 - INFO - 지표: ADX=41.9, ATR=380.5, Bull=False, Bear=True
2026-01-21 00:32:47,774 - INFO - [상태] 포지션: SHORT, 진입가: $90189.36, 현재가: $90563.40, 미실현PnL: $-130.92
2026-01-21 00:32:47,774 - INFO - [지표] ADX=nan, Bull=nan, Bear=nan
2026-01-21 00:37:47,814 - INFO - [상태] 포지션: SHORT, 진입가: $90189.36, 현재가: $90547.20, 미실현PnL: $-125.25
2026-01-21 00:37:47,815 - INFO - [지표] ADX=nan, Bull=nan, Bear=nan
2026-01-21 00:42:47,857 - INFO - [상태] 포지션: SHORT, 진입가: $90189.36, 현재가: $90420.30, 미실현PnL: $-80.83
2026-01-21 00:42:47,857 - INFO - [지표] ADX=nan, Bull=nan, Bear=nan
2026-01-21 00:45:00,059 - INFO - [EMA] 증분계산: prev=90927.90, close=90427.8, new=90889.43
2026-01-21 00:45:00,065 - INFO - 15m | 15:30 | O:90518.3 H:90700.0 L:90414.0 C:90427.8
2026-01-21 00:45:00,065 - INFO - 지표: ADX=41.6, ATR=372.7, Bull=False, Bear=True
2026-01-21 00:47:47,898 - INFO - [상태] 포지션: SHORT, 진입가: $90189.36, 현재가: $90337.20, 미실현PnL: $-51.75
2026-01-21 00:47:47,899 - INFO - [지표] ADX=nan, Bull=nan, Bear=nan
2026-01-21 00:52:47,941 - INFO - [상태] 포지션: SHORT, 진입가: $90189.36, 현재가: $90350.00, 미실현PnL: $-56.23
2026-01-21 00:52:47,941 - INFO - [지표] ADX=nan, Bull=nan, Bear=nan
2026-01-21 00:57:47,984 - INFO - [상태] 포지션: SHORT, 진입가: $90189.36, 현재가: $90417.60, 미실현PnL: $-79.89
2026-01-21 00:57:47,984 - INFO - [지표] ADX=nan, Bull=nan, Bear=nan
2026-01-21 01:00:01,688 - INFO - [EMA] 증분계산: prev=90889.43, close=90573.9, new=90865.16
2026-01-21 01:00:01,694 - INFO - 15m | 15:45 | O:90424.5 H:90583.7 L:90245.3 C:90573.9
2026-01-21 01:00:01,694 - INFO - 지표: ADX=41.6, ATR=369.8, Bull=False, Bear=True
2026-01-21 01:02:48,025 - INFO - [상태] 포지션: SHORT, 진입가: $90189.36, 현재가: $90600.00, 미실현PnL: $-143.73
2026-01-21 01:02:48,026 - INFO - [지표] ADX=nan, Bull=nan, Bear=nan
2026-01-21 01:07:48,068 - INFO - [상태] 포지션: SHORT, 진입가: $90189.36, 현재가: $90570.70, 미실현PnL: $-133.47
2026-01-21 01:07:48,068 - INFO - [지표] ADX=nan, Bull=nan, Bear=nan
2026-01-21 01:12:48,111 - INFO - [상태] 포지션: SHORT, 진입가: $90189.36, 현재가: $90739.20, 미실현PnL: $-192.45
2026-01-21 01:12:48,111 - INFO - [지표] ADX=nan, Bull=nan, Bear=nan
2026-01-21 01:15:00,672 - INFO - [EMA] 증분계산: prev=90865.16, close=90649.8, new=90848.59
2026-01-21 01:15:00,679 - INFO - 15m | 16:00 | O:90572.5 H:90758.0 L:90400.5 C:90649.8
2026-01-21 01:15:00,679 - INFO - 지표: ADX=40.8, ATR=368.8, Bull=False, Bear=True
2026-01-21 01:17:48,150 - INFO - [상태] 포지션: SHORT, 진입가: $90189.36, 현재가: $90757.80, 미실현PnL: $-198.96
2026-01-21 01:17:48,151 - INFO - [지표] ADX=nan, Bull=nan, Bear=nan
2026-01-21 01:22:48,193 - INFO - [상태] 포지션: SHORT, 진입가: $90189.36, 현재가: $90694.10, 미실현PnL: $-176.66
2026-01-21 01:22:48,193 - INFO - [지표] ADX=nan, Bull=nan, Bear=nan
2026-01-21 01:27:48,238 - INFO - [상태] 포지션: SHORT, 진입가: $90189.36, 현재가: $90501.30, 미실현PnL: $-109.18
2026-01-21 01:27:48,238 - INFO - [지표] ADX=nan, Bull=nan, Bear=nan
2026-01-21 01:30:00,189 - INFO - [EMA] 증분계산: prev=90848.59, close=90506.7, new=90822.29
2026-01-21 01:30:00,198 - INFO - 15m | 16:15 | O:90645.3 H:90870.1 L:90446.2 C:90506.7
2026-01-21 01:30:00,198 - INFO - 지표: ADX=39.5, ATR=373.4, Bull=False, Bear=True
2026-01-21 01:32:48,279 - INFO - [상태] 포지션: SHORT, 진입가: $90189.36, 현재가: $90440.90, 미실현PnL: $-88.04
2026-01-21 01:32:48,280 - INFO - [지표] ADX=nan, Bull=nan, Bear=nan
2026-01-21 01:37:48,322 - INFO - [상태] 포지션: SHORT, 진입가: $90189.36, 현재가: $90337.30, 미실현PnL: $-51.78
2026-01-21 01:37:48,322 - INFO - [지표] ADX=nan, Bull=nan, Bear=nan
2026-01-21 01:42:48,365 - INFO - [상태] 포지션: SHORT, 진입가: $90189.36, 현재가: $90051.60, 미실현PnL: $48.21
2026-01-21 01:42:48,366 - INFO - [지표] ADX=nan, Bull=nan, Bear=nan
2026-01-21 01:45:00,192 - INFO - [EMA] 증분계산: prev=90822.29, close=90021.6, new=90760.70
2026-01-21 01:45:00,199 - INFO - 15m | 16:30 | O:90506.6 H:90541.7 L:89980.2 C:90021.6
2026-01-21 01:45:00,199 - INFO - 지표: ADX=39.4, ATR=389.0, Bull=False, Bear=True
2026-01-21 01:47:48,409 - INFO - [상태] 포지션: SHORT, 진입가: $90189.36, 현재가: $90019.30, 미실현PnL: $59.52
2026-01-21 01:47:48,409 - INFO - [지표] ADX=nan, Bull=nan, Bear=nan
2026-01-21 01:52:48,454 - INFO - [상태] 포지션: SHORT, 진입가: $90189.36, 현재가: $90028.90, 미실현PnL: $56.16
2026-01-21 01:52:48,455 - INFO - [지표] ADX=nan, Bull=nan, Bear=nan
2026-01-21 01:57:48,506 - INFO - [상태] 포지션: SHORT, 진입가: $90189.36, 현재가: $90074.10, 미실현PnL: $40.34
2026-01-21 01:57:48,506 - INFO - [지표] ADX=nan, Bull=nan, Bear=nan
2026-01-21 02:00:00,102 - INFO - [EMA] 증분계산: prev=90760.70, close=90052.1, new=90706.19
2026-01-21 02:00:00,112 - INFO - 15m | 16:45 | O:90022.8 H:90143.6 L:89909.9 C:90052.1
2026-01-21 02:00:00,112 - INFO - 지표: ADX=39.4, ATR=376.1, Bull=False, Bear=True
2026-01-21 02:02:48,553 - INFO - [상태] 포지션: SHORT, 진입가: $90189.36, 현재가: $90000.00, 미실현PnL: $66.27
2026-01-21 02:02:48,553 - INFO - [지표] ADX=nan, Bull=nan, Bear=nan
2026-01-21 02:07:48,595 - INFO - [상태] 포지션: SHORT, 진입가: $90189.36, 현재가: $90348.10, 미실현PnL: $-55.56
2026-01-21 02:07:48,596 - INFO - [지표] ADX=nan, Bull=nan, Bear=nan
2026-01-21 02:12:48,635 - INFO - [상태] 포지션: SHORT, 진입가: $90189.36, 현재가: $90332.40, 미실현PnL: $-50.07
2026-01-21 02:12:48,636 - INFO - [지표] ADX=nan, Bull=nan, Bear=nan
2026-01-21 02:15:00,202 - INFO - [EMA] 증분계산: prev=90706.19, close=90361.0, new=90679.64
2026-01-21 02:15:00,208 - INFO - 15m | 17:00 | O:90055.5 H:90385.9 L:89940.8 C:90361.0
2026-01-21 02:15:00,209 - INFO - 지표: ADX=38.4, ATR=381.9, Bull=False, Bear=True
2026-01-21 02:17:48,677 - INFO - [상태] 포지션: SHORT, 진입가: $90189.36, 현재가: $90281.10, 미실현PnL: $-32.11
2026-01-21 02:17:48,677 - INFO - [지표] ADX=nan, Bull=nan, Bear=nan
2026-01-21 02:22:48,718 - INFO - [상태] 포지션: SHORT, 진입가: $90189.36, 현재가: $90197.00, 미실현PnL: $-2.68
2026-01-21 02:22:48,719 - INFO - [지표] ADX=nan, Bull=nan, Bear=nan
2026-01-21 02:27:48,760 - INFO - [상태] 포지션: SHORT, 진입가: $90189.36, 현재가: $90104.30, 미실현PnL: $29.77
2026-01-21 02:27:48,760 - INFO - [지표] ADX=nan, Bull=nan, Bear=nan
2026-01-21 02:30:00,481 - INFO - [EMA] 증분계산: prev=90679.64, close=90108.1, new=90635.67
2026-01-21 02:30:00,488 - INFO - 15m | 17:15 | O:90362.1 H:90412.2 L:90081.3 C:90108.1
2026-01-21 02:30:00,488 - INFO - 지표: ADX=37.4, ATR=377.6, Bull=False, Bear=True
2026-01-21 02:32:48,804 - INFO - [상태] 포지션: SHORT, 진입가: $90189.36, 현재가: $90000.00, 미실현PnL: $66.27
2026-01-21 02:32:48,804 - INFO - [지표] ADX=nan, Bull=nan, Bear=nan
2026-01-21 02:37:48,845 - INFO - [상태] 포지션: SHORT, 진입가: $90189.36, 현재가: $89614.20, 미실현PnL: $201.30
2026-01-21 02:37:48,845 - INFO - [지표] ADX=nan, Bull=nan, Bear=nan
2026-01-21 02:42:48,886 - INFO - [상태] 포지션: SHORT, 진입가: $90189.36, 현재가: $89678.50, 미실현PnL: $178.80
2026-01-21 02:42:48,886 - INFO - [지표] ADX=nan, Bull=nan, Bear=nan
2026-01-21 02:45:00,076 - INFO - [EMA] 증분계산: prev=90635.67, close=89574.9, new=90554.08
2026-01-21 02:45:00,083 - INFO - 15m | 17:30 | O:90109.6 H:90109.8 L:89568.0 C:89574.9
2026-01-21 02:45:00,083 - INFO - 지표: ADX=37.5, ATR=391.3, Bull=False, Bear=True
2026-01-21 02:47:48,927 - INFO - [상태] 포지션: SHORT, 진입가: $90189.36, 현재가: $89436.00, 미실현PnL: $263.67
2026-01-21 02:47:48,927 - INFO - [지표] ADX=nan, Bull=nan, Bear=nan
2026-01-21 02:52:48,969 - INFO - [상태] 포지션: SHORT, 진입가: $90189.36, 현재가: $89440.20, 미실현PnL: $262.20
2026-01-21 02:52:48,970 - INFO - [지표] ADX=nan, Bull=nan, Bear=nan
2026-01-21 02:57:49,012 - INFO - [상태] 포지션: SHORT, 진입가: $90189.36, 현재가: $89678.10, 미실현PnL: $178.94
2026-01-21 02:57:49,012 - INFO - [지표] ADX=nan, Bull=nan, Bear=nan
2026-01-21 03:00:00,123 - INFO - [EMA] 증분계산: prev=90554.08, close=89666.0, new=90485.76
2026-01-21 03:00:00,132 - INFO - 15m | 17:45 | O:89574.9 H:89727.4 L:89316.1 C:89666.0
2026-01-21 03:00:00,133 - INFO - 지표: ADX=38.1, ATR=393.0, Bull=False, Bear=True
2026-01-21 03:02:49,056 - INFO - [상태] 포지션: SHORT, 진입가: $90189.36, 현재가: $89745.30, 미실현PnL: $155.42
2026-01-21 03:02:49,056 - INFO - [지표] ADX=nan, Bull=nan, Bear=nan
2026-01-21 03:07:49,097 - INFO - [상태] 포지션: SHORT, 진입가: $90189.36, 현재가: $89736.10, 미실현PnL: $158.64
2026-01-21 03:07:49,097 - INFO - [지표] ADX=nan, Bull=nan, Bear=nan
2026-01-21 03:12:49,138 - INFO - [상태] 포지션: SHORT, 진입가: $90189.36, 현재가: $89714.70, 미실현PnL: $166.13
2026-01-21 03:12:49,139 - INFO - [지표] ADX=nan, Bull=nan, Bear=nan
2026-01-21 03:15:00,064 - INFO - [EMA] 증분계산: prev=90485.76, close=89792.2, new=90432.41
2026-01-21 03:15:00,070 - INFO - 15m | 18:00 | O:89666.0 H:89797.9 L:89582.0 C:89792.2
2026-01-21 03:15:00,070 - INFO - 지표: ADX=38.3, ATR=378.2, Bull=False, Bear=True
2026-01-21 03:17:49,179 - INFO - [상태] 포지션: SHORT, 진입가: $90189.36, 현재가: $89801.30, 미실현PnL: $135.82
2026-01-21 03:17:49,179 - INFO - [지표] ADX=nan, Bull=nan, Bear=nan
2026-01-21 03:22:49,219 - INFO - [상태] 포지션: SHORT, 진입가: $90189.36, 현재가: $89643.90, 미실현PnL: $190.91
2026-01-21 03:22:49,219 - INFO - [지표] ADX=nan, Bull=nan, Bear=nan
2026-01-21 03:27:49,265 - INFO - [상태] 포지션: SHORT, 진입가: $90189.36, 현재가: $89750.90, 미실현PnL: $153.46
2026-01-21 03:27:49,265 - INFO - [지표] ADX=nan, Bull=nan, Bear=nan
2026-01-21 03:30:00,210 - INFO - [EMA] 증분계산: prev=90432.41, close=89613.5, new=90369.42
2026-01-21 03:30:00,220 - INFO - 15m | 18:15 | O:89792.1 H:89843.3 L:89522.2 C:89613.5
2026-01-21 03:30:00,220 - INFO - 지표: ADX=38.6, ATR=373.4, Bull=False, Bear=True
2026-01-21 03:32:49,308 - INFO - [상태] 포지션: SHORT, 진입가: $90189.36, 현재가: $89602.10, 미실현PnL: $205.54
2026-01-21 03:32:49,308 - INFO - [지표] ADX=nan, Bull=nan, Bear=nan
2026-01-21 03:37:49,352 - INFO - [상태] 포지션: SHORT, 진입가: $90189.36, 현재가: $89453.40, 미실현PnL: $257.58
2026-01-21 03:37:49,352 - INFO - [지표] ADX=nan, Bull=nan, Bear=nan
2026-01-21 03:42:49,392 - INFO - [상태] 포지션: SHORT, 진입가: $90189.36, 현재가: $89398.10, 미실현PnL: $276.94
2026-01-21 03:42:49,393 - INFO - [지표] ADX=nan, Bull=nan, Bear=nan
2026-01-21 03:45:00,129 - INFO - [EMA] 증분계산: prev=90369.42, close=89405.1, new=90295.24
2026-01-21 03:45:00,136 - INFO - 15m | 18:30 | O:89615.9 H:89645.4 L:89324.2 C:89405.1
2026-01-21 03:45:00,136 - INFO - 지표: ADX=39.2, ATR=369.1, Bull=False, Bear=True
2026-01-21 03:47:49,441 - INFO - [상태] 포지션: SHORT, 진입가: $90189.36, 현재가: $89364.70, 미실현PnL: $288.63
2026-01-21 03:47:49,441 - INFO - [지표] ADX=nan, Bull=nan, Bear=nan
2026-01-21 03:52:49,485 - INFO - [상태] 포지션: SHORT, 진입가: $90189.36, 현재가: $89453.70, 미실현PnL: $257.48
2026-01-21 03:52:49,486 - INFO - [지표] ADX=nan, Bull=nan, Bear=nan
2026-01-21 03:57:49,529 - INFO - [상태] 포지션: SHORT, 진입가: $90189.36, 현재가: $89430.40, 미실현PnL: $265.63
2026-01-21 03:57:49,529 - INFO - [지표] ADX=nan, Bull=nan, Bear=nan
2026-01-21 04:00:00,054 - INFO - [EMA] 증분계산: prev=90295.24, close=89383.0, new=90225.07
2026-01-21 04:00:00,060 - INFO - 15m | 18:45 | O:89406.1 H:89521.1 L:89264.9 C:89383.0
2026-01-21 04:00:00,060 - INFO - 지표: ADX=39.9, ATR=359.7, Bull=False, Bear=True
2026-01-21 04:02:49,572 - INFO - [상태] 포지션: SHORT, 진입가: $90189.36, 현재가: $89449.10, 미실현PnL: $259.09
2026-01-21 04:02:49,573 - INFO - [지표] ADX=nan, Bull=nan, Bear=nan
2026-01-21 04:07:49,622 - INFO - [상태] 포지션: SHORT, 진입가: $90189.36, 현재가: $89575.40, 미실현PnL: $214.88
2026-01-21 04:07:49,623 - INFO - [지표] ADX=nan, Bull=nan, Bear=nan
2026-01-21 04:12:49,666 - INFO - [상태] 포지션: SHORT, 진입가: $90189.36, 현재가: $89496.40, 미실현PnL: $242.53
2026-01-21 04:12:49,666 - INFO - [지표] ADX=nan, Bull=nan, Bear=nan
2026-01-21 04:15:00,311 - INFO - [EMA] 증분계산: prev=90225.07, close=89458.0, new=90166.06
2026-01-21 04:15:00,318 - INFO - 15m | 19:00 | O:89379.7 H:89682.9 L:89316.0 C:89458.0
2026-01-21 04:15:00,318 - INFO - 지표: ADX=39.8, ATR=360.3, Bull=False, Bear=True
2026-01-21 04:17:49,710 - INFO - [상태] 포지션: SHORT, 진입가: $90189.36, 현재가: $89577.80, 미실현PnL: $214.04
2026-01-21 04:17:49,710 - INFO - [지표] ADX=nan, Bull=nan, Bear=nan
2026-01-21 04:22:49,752 - INFO - [상태] 포지션: SHORT, 진입가: $90189.36, 현재가: $89495.20, 미실현PnL: $242.95
2026-01-21 04:22:49,753 - INFO - [지표] ADX=nan, Bull=nan, Bear=nan
2026-01-21 04:27:49,796 - INFO - [상태] 포지션: SHORT, 진입가: $90189.36, 현재가: $89430.70, 미실현PnL: $265.53
2026-01-21 04:27:49,796 - INFO - [지표] ADX=nan, Bull=nan, Bear=nan
2026-01-21 04:30:00,089 - INFO - [EMA] 증분계산: prev=90166.06, close=89372.8, new=90105.04
2026-01-21 04:30:00,098 - INFO - 15m | 19:15 | O:89458.0 H:89579.9 L:89368.3 C:89372.8
2026-01-21 04:30:00,098 - INFO - 지표: ADX=39.7, ATR=347.9, Bull=False, Bear=True
2026-01-21 04:32:49,837 - INFO - [상태] 포지션: SHORT, 진입가: $90189.36, 현재가: $89346.80, 미실현PnL: $294.89
2026-01-21 04:32:49,838 - INFO - [지표] ADX=nan, Bull=nan, Bear=nan
2026-01-21 04:37:49,878 - INFO - [상태] 포지션: SHORT, 진입가: $90189.36, 현재가: $89319.10, 미실현PnL: $304.59
2026-01-21 04:37:49,878 - INFO - [지표] ADX=nan, Bull=nan, Bear=nan
2026-01-21 04:42:49,920 - INFO - [상태] 포지션: SHORT, 진입가: $90189.36, 현재가: $89397.00, 미실현PnL: $277.32
2026-01-21 04:42:49,920 - INFO - [지표] ADX=nan, Bull=nan, Bear=nan
2026-01-21 04:45:00,556 - INFO - [EMA] 증분계산: prev=90105.04, close=89328.9, new=90045.34
2026-01-21 04:45:00,566 - INFO - 15m | 19:30 | O:89372.8 H:89440.2 L:89165.4 C:89328.9
2026-01-21 04:45:00,566 - INFO - 지표: ADX=40.0, ATR=341.8, Bull=False, Bear=True
2026-01-21 04:47:49,963 - INFO - [상태] 포지션: SHORT, 진입가: $90189.36, 현재가: $89310.40, 미실현PnL: $307.63
2026-01-21 04:47:49,963 - INFO - [지표] ADX=nan, Bull=nan, Bear=nan
2026-01-21 04:52:50,006 - INFO - [상태] 포지션: SHORT, 진입가: $90189.36, 현재가: $89446.50, 미실현PnL: $260.00
2026-01-21 04:52:50,006 - INFO - [지표] ADX=nan, Bull=nan, Bear=nan
2026-01-21 04:57:50,047 - INFO - [상태] 포지션: SHORT, 진입가: $90189.36, 현재가: $89597.10, 미실현PnL: $207.29
2026-01-21 04:57:50,047 - INFO - [지표] ADX=nan, Bull=nan, Bear=nan
2026-01-21 05:00:00,136 - INFO - [EMA] 증분계산: prev=90045.34, close=89594.9, new=90010.69
2026-01-21 05:00:00,143 - INFO - 15m | 19:45 | O:89329.0 H:89666.3 L:89241.4 C:89594.9
2026-01-21 05:00:00,143 - INFO - 지표: ADX=39.2, ATR=348.7, Bull=False, Bear=True
2026-01-21 05:02:50,086 - INFO - [상태] 포지션: SHORT, 진입가: $90189.36, 현재가: $89461.80, 미실현PnL: $254.64
2026-01-21 05:02:50,086 - INFO - [지표] ADX=nan, Bull=nan, Bear=nan
2026-01-21 05:07:50,128 - INFO - [상태] 포지션: SHORT, 진입가: $90189.36, 현재가: $89316.50, 미실현PnL: $305.50
2026-01-21 05:07:50,129 - INFO - [지표] ADX=nan, Bull=nan, Bear=nan
2026-01-21 05:12:50,170 - INFO - [상태] 포지션: SHORT, 진입가: $90189.36, 현재가: $89365.20, 미실현PnL: $288.45
2026-01-21 05:12:50,171 - INFO - [지표] ADX=nan, Bull=nan, Bear=nan
2026-01-21 05:15:00,049 - INFO - [EMA] 증분계산: prev=90010.69, close=89273.5, new=89953.98
2026-01-21 05:15:00,055 - INFO - 15m | 20:00 | O:89597.4 H:89597.4 L:89258.1 C:89273.5
2026-01-21 05:15:00,056 - INFO - 지표: ADX=38.5, ATR=347.9, Bull=False, Bear=True
2026-01-21 05:17:50,212 - INFO - [상태] 포지션: SHORT, 진입가: $90189.36, 현재가: $89548.30, 미실현PnL: $224.37
2026-01-21 05:17:50,213 - INFO - [지표] ADX=nan, Bull=nan, Bear=nan
2026-01-21 05:22:50,257 - INFO - [상태] 포지션: SHORT, 진입가: $90189.36, 현재가: $89612.60, 미실현PnL: $201.86
2026-01-21 05:22:50,257 - INFO - [지표] ADX=nan, Bull=nan, Bear=nan
2026-01-21 05:27:50,300 - INFO - [상태] 포지션: SHORT, 진입가: $90189.36, 현재가: $89646.20, 미실현PnL: $190.10
2026-01-21 05:27:50,301 - INFO - [지표] ADX=nan, Bull=nan, Bear=nan
2026-01-21 05:30:00,071 - INFO - [EMA] 증분계산: prev=89953.98, close=89640.0, new=89929.83
2026-01-21 05:30:00,077 - INFO - 15m | 20:15 | O:89273.4 H:89717.5 L:89273.4 C:89640.0
2026-01-21 05:30:00,078 - INFO - 지표: ADX=37.3, ATR=356.0, Bull=False, Bear=True
2026-01-21 05:32:50,341 - INFO - [상태] 포지션: SHORT, 진입가: $90189.36, 현재가: $89599.40, 미실현PnL: $206.48
2026-01-21 05:32:50,341 - INFO - [지표] ADX=nan, Bull=nan, Bear=nan
2026-01-21 05:37:50,382 - INFO - [상태] 포지션: SHORT, 진입가: $90189.36, 현재가: $89544.10, 미실현PnL: $225.84
2026-01-21 05:37:50,382 - INFO - [지표] ADX=nan, Bull=nan, Bear=nan
2026-01-21 05:42:50,424 - INFO - [상태] 포지션: SHORT, 진입가: $90189.36, 현재가: $89556.50, 미실현PnL: $221.50
2026-01-21 05:42:50,425 - INFO - [지표] ADX=nan, Bull=nan, Bear=nan
2026-01-21 05:45:00,282 - INFO - [EMA] 증분계산: prev=89929.83, close=89534.4, new=89899.41
2026-01-21 05:45:00,288 - INFO - 15m | 20:30 | O:89640.1 H:89688.6 L:89478.1 C:89534.4
2026-01-21 05:45:00,288 - INFO - 지표: ADX=36.2, ATR=343.8, Bull=False, Bear=True
2026-01-21 05:47:50,467 - INFO - [상태] 포지션: SHORT, 진입가: $90189.36, 현재가: $89716.80, 미실현PnL: $165.39
2026-01-21 05:47:50,467 - INFO - [지표] ADX=nan, Bull=nan, Bear=nan
2026-01-21 05:52:50,509 - INFO - [상태] 포지션: SHORT, 진입가: $90189.36, 현재가: $89599.50, 미실현PnL: $206.45
2026-01-21 05:52:50,509 - INFO - [지표] ADX=nan, Bull=nan, Bear=nan
2026-01-21 05:57:50,551 - INFO - [상태] 포지션: SHORT, 진입가: $90189.36, 현재가: $89547.10, 미실현PnL: $224.79
2026-01-21 05:57:50,551 - INFO - [지표] ADX=nan, Bull=nan, Bear=nan
2026-01-21 06:00:00,073 - INFO - [EMA] 증분계산: prev=89899.41, close=89608.4, new=89877.03
2026-01-21 06:00:00,080 - INFO - 15m | 20:45 | O:89530.3 H:89733.3 L:89404.6 C:89608.4
2026-01-21 06:00:00,080 - INFO - 지표: ADX=35.4, ATR=342.6, Bull=False, Bear=True
2026-01-21 06:02:50,594 - INFO - [상태] 포지션: SHORT, 진입가: $90189.36, 현재가: $89552.50, 미실현PnL: $222.90
2026-01-21 06:02:50,594 - INFO - [지표] ADX=nan, Bull=nan, Bear=nan
2026-01-21 06:07:50,636 - INFO - [상태] 포지션: SHORT, 진입가: $90189.36, 현재가: $89605.80, 미실현PnL: $204.24
2026-01-21 06:07:50,636 - INFO - [지표] ADX=nan, Bull=nan, Bear=nan
2026-01-21 06:12:50,678 - INFO - [상태] 포지션: SHORT, 진입가: $90189.36, 현재가: $89693.90, 미실현PnL: $173.41
2026-01-21 06:12:50,678 - INFO - [지표] ADX=nan, Bull=nan, Bear=nan
2026-01-21 06:15:00,241 - INFO - [EMA] 증분계산: prev=89877.03, close=89669.7, new=89861.08
2026-01-21 06:15:00,248 - INFO - 15m | 21:00 | O:89612.0 H:89710.7 L:89495.7 C:89669.7
2026-01-21 06:15:00,248 - INFO - 지표: ADX=34.7, ATR=331.9, Bull=False, Bear=True
2026-01-21 06:17:50,726 - INFO - [상태] 포지션: SHORT, 진입가: $90189.36, 현재가: $89620.70, 미실현PnL: $199.03
2026-01-21 06:17:50,727 - INFO - [지표] ADX=nan, Bull=nan, Bear=nan
2026-01-21 06:22:50,771 - INFO - [상태] 포지션: SHORT, 진입가: $90189.36, 현재가: $89550.70, 미실현PnL: $223.53
2026-01-21 06:22:50,772 - INFO - [지표] ADX=nan, Bull=nan, Bear=nan
2026-01-21 06:27:50,816 - INFO - [상태] 포지션: SHORT, 진입가: $90189.36, 현재가: $89552.60, 미실현PnL: $222.86
2026-01-21 06:27:50,816 - INFO - [지표] ADX=nan, Bull=nan, Bear=nan
2026-01-21 06:30:00,311 - INFO - [EMA] 증분계산: prev=89861.08, close=89497.0, new=89833.07
2026-01-21 06:30:00,320 - INFO - 15m | 21:15 | O:89669.6 H:89677.7 L:89458.8 C:89497.0
2026-01-21 06:30:00,320 - INFO - 지표: ADX=34.1, ATR=322.5, Bull=False, Bear=True
2026-01-21 06:32:50,864 - INFO - [상태] 포지션: SHORT, 진입가: $90189.36, 현재가: $89480.80, 미실현PnL: $247.99
2026-01-21 06:32:50,864 - INFO - [지표] ADX=nan, Bull=nan, Bear=nan
2026-01-21 06:37:50,906 - INFO - [상태] 포지션: SHORT, 진입가: $90189.36, 현재가: $89404.80, 미실현PnL: $274.59
2026-01-21 06:37:50,906 - INFO - [지표] ADX=nan, Bull=nan, Bear=nan
2026-01-21 06:42:50,949 - INFO - [상태] 포지션: SHORT, 진입가: $90189.36, 현재가: $89408.80, 미실현PnL: $273.19
2026-01-21 06:42:50,950 - INFO - [지표] ADX=nan, Bull=nan, Bear=nan
2026-01-21 06:45:00,275 - INFO - [EMA] 증분계산: prev=89833.07, close=89421.2, new=89801.39
2026-01-21 06:45:00,285 - INFO - 15m | 21:30 | O:89496.0 H:89498.9 L:89341.6 C:89421.2
2026-01-21 06:45:00,285 - INFO - 지표: ADX=34.0, ATR=308.8, Bull=False, Bear=True
2026-01-21 06:47:50,994 - INFO - [상태] 포지션: SHORT, 진입가: $90189.36, 현재가: $89369.10, 미실현PnL: $287.09
2026-01-21 06:47:50,994 - INFO - [지표] ADX=nan, Bull=nan, Bear=nan
2026-01-21 06:52:51,044 - INFO - [상태] 포지션: SHORT, 진입가: $90189.36, 현재가: $89367.40, 미실현PnL: $287.68
2026-01-21 06:52:51,044 - INFO - [지표] ADX=nan, Bull=nan, Bear=nan
2026-01-21 06:57:51,088 - INFO - [상태] 포지션: SHORT, 진입가: $90189.36, 현재가: $89417.10, 미실현PnL: $270.29
2026-01-21 06:57:51,088 - INFO - [지표] ADX=nan, Bull=nan, Bear=nan
2026-01-21 07:00:00,231 - INFO - [EMA] 증분계산: prev=89801.39, close=89348.4, new=89766.54
2026-01-21 07:00:00,238 - INFO - 15m | 21:45 | O:89421.3 H:89466.6 L:89289.9 C:89348.4
2026-01-21 07:00:00,238 - INFO - 지표: ADX=34.0, ATR=297.7, Bull=False, Bear=True
2026-01-21 07:02:51,131 - INFO - [상태] 포지션: SHORT, 진입가: $90189.36, 현재가: $89383.50, 미실현PnL: $282.05
2026-01-21 07:02:51,132 - INFO - [지표] ADX=nan, Bull=nan, Bear=nan
2026-01-21 07:07:51,176 - INFO - [상태] 포지션: SHORT, 진입가: $90189.36, 현재가: $89472.20, 미실현PnL: $251.00
2026-01-21 07:07:51,176 - INFO - [지표] ADX=nan, Bull=nan, Bear=nan
2026-01-21 07:12:51,219 - INFO - [상태] 포지션: SHORT, 진입가: $90189.36, 현재가: $89435.80, 미실현PnL: $263.74
2026-01-21 07:12:51,220 - INFO - [지표] ADX=nan, Bull=nan, Bear=nan
2026-01-21 07:15:00,776 - INFO - [EMA] 증분계산: prev=89766.54, close=89507.7, new=89746.63
2026-01-21 07:15:00,783 - INFO - 15m | 22:00 | O:89348.4 H:89507.7 L:89316.4 C:89507.7
2026-01-21 07:15:00,783 - INFO - 지표: ADX=33.7, ATR=288.9, Bull=False, Bear=True
2026-01-21 07:17:51,263 - INFO - [상태] 포지션: SHORT, 진입가: $90189.36, 현재가: $89509.90, 미실현PnL: $237.81
2026-01-21 07:17:51,263 - INFO - [지표] ADX=nan, Bull=nan, Bear=nan
2026-01-21 07:22:51,309 - INFO - [상태] 포지션: SHORT, 진입가: $90189.36, 현재가: $89479.90, 미실현PnL: $248.31
2026-01-21 07:22:51,309 - INFO - [지표] ADX=nan, Bull=nan, Bear=nan
2026-01-21 07:27:51,352 - INFO - [상태] 포지션: SHORT, 진입가: $90189.36, 현재가: $89381.40, 미실현PnL: $282.78
2026-01-21 07:27:51,352 - INFO - [지표] ADX=nan, Bull=nan, Bear=nan
2026-01-21 07:30:00,988 - INFO - [EMA] 증분계산: prev=89746.63, close=89391.8, new=89719.34
2026-01-21 07:30:00,997 - INFO - 15m | 22:15 | O:89508.0 H:89528.1 L:89329.3 C:89391.8
2026-01-21 07:30:00,997 - INFO - 지표: ADX=33.4, ATR=281.4, Bull=False, Bear=True
2026-01-21 07:32:51,401 - INFO - [상태] 포지션: SHORT, 진입가: $90189.36, 현재가: $89343.60, 미실현PnL: $296.01
2026-01-21 07:32:51,401 - INFO - [지표] ADX=nan, Bull=nan, Bear=nan
2026-01-21 07:33:30,937 - INFO - [LIVE] TP 체결 감지: $88650.87
2026-01-21 07:33:30,937 - INFO - [LIVE] TP 청산: PnL=$538.47, 수수료=$12.6265, 순익=$525.84
2026-01-21 07:33:30,937 - INFO - [LIVE] 자본금 업데이트: $6062.45 → $6588.29
2026-01-21 07:33:30,979 - INFO - 모든 대기 주문 취소 완료
2026-01-21 07:33:31,531 - WARNING - [자본금 동기화] 로컬: $6588.29 → 사용가능: $6563.74 (실제 잔고 $6909.20의 95%)
2026-01-21 07:33:31,531 - INFO - 거래 기록 저장: TP @ $88650.87
2026-01-21 07:37:51,403 - INFO - [상태] 포지션 없음, 자본금: $6563.74
2026-01-21 07:37:51,403 - INFO - [지표] ADX=nan, Bull=nan, Bear=nan
2026-01-21 07:42:51,403 - INFO - [상태] 포지션 없음, 자본금: $6563.74
2026-01-21 07:42:51,404 - INFO - [지표] ADX=nan, Bull=nan, Bear=nan
2026-01-21 07:45:00,056 - INFO - [EMA] 증분계산: prev=89719.34, close=88456.4, new=89622.19
2026-01-21 07:45:00,062 - INFO - 15m | 22:30 | O:89391.9 H:89407.8 L:87698.0 C:88456.4
2026-01-21 07:45:00,062 - INFO - 지표: ADX=35.9, ATR=400.4, Bull=False, Bear=True
2026-01-21 07:47:51,406 - INFO - [상태] 포지션 없음, 자본금: $6563.74
2026-01-21 07:47:51,406 - INFO - [지표] ADX=nan, Bull=nan, Bear=nan
2026-01-21 07:52:51,408 - INFO - [상태] 포지션 없음, 자본금: $6563.74
2026-01-21 07:52:51,408 - INFO - [지표] ADX=nan, Bull=nan, Bear=nan
2026-01-21 07:57:51,410 - INFO - [상태] 포지션 없음, 자본금: $6563.74
2026-01-21 07:57:51,410 - INFO - [지표] ADX=nan, Bull=nan, Bear=nan
2026-01-21 08:00:00,088 - INFO - [EMA] 증분계산: prev=89622.19, close=88372.0, new=89526.02
2026-01-21 08:00:00,097 - INFO - 15m | 22:45 | O:88456.4 H:88550.0 L:88063.3 C:88372.0
2026-01-21 08:00:00,097 - INFO - 지표: ADX=38.2, ATR=407.6, Bull=False, Bear=True
2026-01-21 08:02:51,411 - INFO - [상태] 포지션 없음, 자본금: $6563.74
2026-01-21 08:02:51,412 - INFO - [지표] ADX=nan, Bull=nan, Bear=nan
2026-01-21 08:07:51,413 - INFO - [상태] 포지션 없음, 자본금: $6563.74
2026-01-21 08:07:51,413 - INFO - [지표] ADX=nan, Bull=nan, Bear=nan
2026-01-21 08:12:51,415 - INFO - [상태] 포지션 없음, 자본금: $6563.74
2026-01-21 08:12:51,416 - INFO - [지표] ADX=nan, Bull=nan, Bear=nan
2026-01-21 08:15:00,034 - INFO - [EMA] 증분계산: prev=89526.02, close=88069.1, new=89413.95
2026-01-21 08:15:00,044 - INFO - 15m | 23:00 | O:88373.1 H:88374.8 L:87959.4 C:88069.1
2026-01-21 08:15:00,044 - INFO - 지표: ADX=40.4, ATR=408.2, Bull=False, Bear=True
2026-01-21 08:17:51,416 - INFO - [상태] 포지션 없음, 자본금: $6563.74
2026-01-21 08:17:51,417 - INFO - [지표] ADX=nan, Bull=nan, Bear=nan
2026-01-21 08:22:51,418 - INFO - [상태] 포지션 없음, 자본금: $6563.74
2026-01-21 08:22:51,418 - INFO - [지표] ADX=nan, Bull=nan, Bear=nan
2026-01-21 08:27:51,420 - INFO - [상태] 포지션 없음, 자본금: $6563.74
2026-01-21 08:27:51,420 - INFO - [지표] ADX=nan, Bull=nan, Bear=nan
2026-01-21 08:30:00,144 - INFO - [EMA] 증분계산: prev=89413.95, close=87995.0, new=89304.80
2026-01-21 08:30:00,151 - INFO - 15m | 23:15 | O:88069.1 H:88154.6 L:87759.4 C:87995.0
2026-01-21 08:30:00,151 - INFO - 지표: ADX=42.7, ATR=407.2, Bull=False, Bear=True
2026-01-21 08:32:51,421 - INFO - [상태] 포지션 없음, 자본금: $6563.74
2026-01-21 08:32:51,421 - INFO - [지표] ADX=nan, Bull=nan, Bear=nan
2026-01-21 08:37:51,424 - INFO - [상태] 포지션 없음, 자본금: $6563.74
2026-01-21 08:37:51,425 - INFO - [지표] ADX=nan, Bull=nan, Bear=nan
2026-01-21 08:42:51,426 - INFO - [상태] 포지션 없음, 자본금: $6563.74
2026-01-21 08:42:51,426 - INFO - [지표] ADX=nan, Bull=nan, Bear=nan
2026-01-21 08:45:00,053 - INFO - [EMA] 증분계산: prev=89304.80, close=88360.9, new=89232.19
2026-01-21 08:45:00,063 - INFO - 15m | 23:30 | O:87995.0 H:88399.0 L:87995.0 C:88360.9
2026-01-21 08:45:00,063 - INFO - 지표: ADX=43.6, ATR=406.9, Bull=False, Bear=True
2026-01-21 08:47:51,427 - INFO - [상태] 포지션 없음, 자본금: $6563.74
2026-01-21 08:47:51,428 - INFO - [지표] ADX=nan, Bull=nan, Bear=nan
2026-01-21 08:52:51,428 - INFO - [상태] 포지션 없음, 자본금: $6563.74
2026-01-21 08:52:51,429 - INFO - [지표] ADX=nan, Bull=nan, Bear=nan
2026-01-21 08:57:51,431 - INFO - [상태] 포지션 없음, 자본금: $6563.74
2026-01-21 08:57:51,432 - INFO - [지표] ADX=nan, Bull=nan, Bear=nan
