2026-01-17 09:00:00,077 - INFO - === 로그 파일 시작: logs/hyper_2026-01-17.log ===
2026-01-17 09:00:00,077 - INFO - [EMA] 증분계산: prev=95251.15, close=95480.0, new=95268.76
2026-01-17 09:00:00,083 - INFO - 15m | 23:45 | O:95396.0 H:95525.1 L:95396.0 C:95480.0
2026-01-17 09:00:00,084 - INFO - 지표: ADX=10.7, ATR=186.4, Bull=False, Bear=False
2026-01-17 09:01:14,244 - INFO - [상태] 포지션 없음, 자본금: $6059.05
2026-01-17 09:01:14,244 - INFO - [지표] ADX=nan, Bull=nan, Bear=nan
2026-01-17 09:06:14,245 - INFO - [상태] 포지션 없음, 자본금: $6059.05
2026-01-17 09:06:14,246 - INFO - [지표] ADX=nan, Bull=nan, Bear=nan
2026-01-17 09:11:14,248 - INFO - [상태] 포지션 없음, 자본금: $6059.05
2026-01-17 09:11:14,248 - INFO - [지표] ADX=nan, Bull=nan, Bear=nan
2026-01-17 09:15:00,108 - INFO - [EMA] 증분계산: prev=95268.76, close=95468.9, new=95284.15
2026-01-17 09:15:00,118 - INFO - 15m | 00:00 | O:95480.0 H:95515.5 L:95444.8 C:95468.9
2026-01-17 09:15:00,118 - INFO - 지표: ADX=10.4, ATR=176.8, Bull=False, Bear=False
2026-01-17 09:16:14,249 - INFO - [상태] 포지션 없음, 자본금: $6059.05
2026-01-17 09:16:14,250 - INFO - [지표] ADX=nan, Bull=nan, Bear=nan
2026-01-17 09:21:14,252 - INFO - [상태] 포지션 없음, 자본금: $6059.05
2026-01-17 09:21:14,252 - INFO - [지표] ADX=nan, Bull=nan, Bear=nan
2026-01-17 09:26:14,253 - INFO - [상태] 포지션 없음, 자본금: $6059.05
2026-01-17 09:26:14,253 - INFO - [지표] ADX=nan, Bull=nan, Bear=nan
2026-01-17 09:30:03,036 - INFO - [EMA] 증분계산: prev=95284.15, close=95401.1, new=95293.15
2026-01-17 09:30:03,043 - INFO - 15m | 00:15 | O:95469.0 H:95502.0 L:95401.0 C:95401.1
2026-01-17 09:30:03,043 - INFO - 지표: ADX=9.7, ATR=170.5, Bull=False, Bear=False
2026-01-17 09:31:14,258 - INFO - [상태] 포지션 없음, 자본금: $6059.05
2026-01-17 09:31:14,258 - INFO - [지표] ADX=nan, Bull=nan, Bear=nan
2026-01-17 09:36:14,260 - INFO - [상태] 포지션 없음, 자본금: $6059.05
2026-01-17 09:36:14,260 - INFO - [지표] ADX=nan, Bull=nan, Bear=nan
2026-01-17 09:41:14,265 - INFO - [상태] 포지션 없음, 자본금: $6059.05
2026-01-17 09:41:14,265 - INFO - [지표] ADX=nan, Bull=nan, Bear=nan
2026-01-17 09:45:00,254 - INFO - [EMA] 증분계산: prev=95293.15, close=95398.5, new=95301.25
2026-01-17 09:45:00,264 - INFO - 15m | 00:30 | O:95401.1 H:95461.5 L:95360.0 C:95398.5
2026-01-17 09:45:00,264 - INFO - 지표: ADX=9.2, ATR=164.7, Bull=False, Bear=False
2026-01-17 09:46:14,266 - INFO - [상태] 포지션 없음, 자본금: $6059.05
2026-01-17 09:46:14,266 - INFO - [지표] ADX=nan, Bull=nan, Bear=nan
2026-01-17 09:51:14,267 - INFO - [상태] 포지션 없음, 자본금: $6059.05
2026-01-17 09:51:14,267 - INFO - [지표] ADX=nan, Bull=nan, Bear=nan
2026-01-17 09:56:14,268 - INFO - [상태] 포지션 없음, 자본금: $6059.05
2026-01-17 09:56:14,268 - INFO - [지표] ADX=nan, Bull=nan, Bear=nan
2026-01-17 10:00:01,139 - INFO - [EMA] 증분계산: prev=95301.25, close=95398.5, new=95308.73
2026-01-17 10:00:01,146 - INFO - 15m | 00:45 | O:95398.1 H:95462.2 L:95378.6 C:95398.5
2026-01-17 10:00:01,146 - INFO - 지표: ADX=8.8, ATR=158.0, Bull=False, Bear=False
2026-01-17 10:01:14,270 - INFO - [상태] 포지션 없음, 자본금: $6059.05
2026-01-17 10:01:14,270 - INFO - [지표] ADX=nan, Bull=nan, Bear=nan
2026-01-17 10:06:14,271 - INFO - [상태] 포지션 없음, 자본금: $6059.05
2026-01-17 10:06:14,272 - INFO - [지표] ADX=nan, Bull=nan, Bear=nan
2026-01-17 10:11:14,277 - INFO - [상태] 포지션 없음, 자본금: $6059.05
2026-01-17 10:11:14,278 - INFO - [지표] ADX=nan, Bull=nan, Bear=nan
2026-01-17 10:15:00,393 - INFO - [EMA] 증분계산: prev=95308.73, close=95391.0, new=95315.06
2026-01-17 10:15:00,400 - INFO - 15m | 01:00 | O:95396.0 H:95471.0 L:95363.2 C:95391.0
2026-01-17 10:15:00,400 - INFO - 지표: ADX=8.6, ATR=153.8, Bull=False, Bear=True
2026-01-17 10:16:14,282 - INFO - [상태] 포지션 없음, 자본금: $6059.05
2026-01-17 10:16:14,282 - INFO - [지표] ADX=nan, Bull=nan, Bear=nan
2026-01-17 10:21:14,286 - INFO - [상태] 포지션 없음, 자본금: $6059.05
2026-01-17 10:21:14,287 - INFO - [지표] ADX=nan, Bull=nan, Bear=nan
2026-01-17 10:26:14,294 - INFO - [상태] 포지션 없음, 자본금: $6059.05
2026-01-17 10:26:14,295 - INFO - [지표] ADX=nan, Bull=nan, Bear=nan
2026-01-17 10:30:02,567 - INFO - [EMA] 증분계산: prev=95315.06, close=95405.9, new=95322.05
2026-01-17 10:30:02,574 - INFO - 15m | 01:15 | O:95389.2 H:95433.1 L:95389.2 C:95405.9
2026-01-17 10:30:02,574 - INFO - 지표: ADX=8.3, ATR=144.6, Bull=False, Bear=False
2026-01-17 10:31:14,301 - INFO - [상태] 포지션 없음, 자본금: $6059.05
2026-01-17 10:31:14,301 - INFO - [지표] ADX=nan, Bull=nan, Bear=nan
2026-01-17 10:36:14,303 - INFO - [상태] 포지션 없음, 자본금: $6059.05
2026-01-17 10:36:14,303 - INFO - [지표] ADX=nan, Bull=nan, Bear=nan
2026-01-17 10:41:14,307 - INFO - [상태] 포지션 없음, 자본금: $6059.05
2026-01-17 10:41:14,307 - INFO - [지표] ADX=nan, Bull=nan, Bear=nan
2026-01-17 10:45:00,493 - INFO - [EMA] 증분계산: prev=95322.05, close=95332.0, new=95322.81
2026-01-17 10:45:00,500 - INFO - 15m | 01:30 | O:95406.6 H:95433.3 L:95324.0 C:95332.0
2026-01-17 10:45:00,500 - INFO - 지표: ADX=8.6, ATR=141.7, Bull=False, Bear=True
2026-01-17 10:46:14,309 - INFO - [상태] 포지션 없음, 자본금: $6059.05
2026-01-17 10:46:14,310 - INFO - [지표] ADX=nan, Bull=nan, Bear=nan
2026-01-17 10:51:14,318 - INFO - [상태] 포지션 없음, 자본금: $6059.05
2026-01-17 10:51:14,318 - INFO - [지표] ADX=nan, Bull=nan, Bear=nan
2026-01-17 10:56:14,324 - INFO - [상태] 포지션 없음, 자본금: $6059.05
2026-01-17 10:56:14,324 - INFO - [지표] ADX=nan, Bull=nan, Bear=nan
2026-01-17 11:00:00,340 - INFO - [EMA] 증분계산: prev=95322.81, close=95328.0, new=95323.21
2026-01-17 11:00:00,349 - INFO - 15m | 01:45 | O:95334.3 H:95367.0 L:95313.2 C:95328.0
2026-01-17 11:00:00,350 - INFO - 지표: ADX=9.0, ATR=134.4, Bull=False, Bear=True
2026-01-17 11:01:14,331 - INFO - [상태] 포지션 없음, 자본금: $6059.05
2026-01-17 11:01:14,331 - INFO - [지표] ADX=nan, Bull=nan, Bear=nan
2026-01-17 11:06:14,332 - INFO - [상태] 포지션 없음, 자본금: $6059.05
2026-01-17 11:06:14,333 - INFO - [지표] ADX=nan, Bull=nan, Bear=nan
2026-01-17 11:11:14,339 - INFO - [상태] 포지션 없음, 자본금: $6059.05
2026-01-17 11:11:14,339 - INFO - [지표] ADX=nan, Bull=nan, Bear=nan
2026-01-17 11:15:03,045 - INFO - [EMA] 증분계산: prev=95323.21, close=95221.1, new=95315.36
2026-01-17 11:15:03,052 - INFO - 15m | 02:00 | O:95327.1 H:95357.7 L:95213.9 C:95221.1
2026-01-17 11:15:03,052 - INFO - 지표: ADX=10.1, ATR=135.1, Bull=False, Bear=True
2026-01-17 11:16:14,344 - INFO - [상태] 포지션 없음, 자본금: $6059.05
2026-01-17 11:16:14,344 - INFO - [지표] ADX=nan, Bull=nan, Bear=nan
2026-01-17 11:21:14,351 - INFO - [상태] 포지션 없음, 자본금: $6059.05
2026-01-17 11:21:14,351 - INFO - [지표] ADX=nan, Bull=nan, Bear=nan
2026-01-17 11:26:14,357 - INFO - [상태] 포지션 없음, 자본금: $6059.05
2026-01-17 11:26:14,357 - INFO - [지표] ADX=nan, Bull=nan, Bear=nan
2026-01-17 11:30:00,587 - INFO - [EMA] 증분계산: prev=95315.36, close=95227.1, new=95308.57
2026-01-17 11:30:00,594 - INFO - 15m | 02:15 | O:95221.0 H:95237.5 L:95187.5 C:95227.1
2026-01-17 11:30:00,594 - INFO - 지표: ADX=11.4, ATR=128.1, Bull=False, Bear=True
2026-01-17 11:31:14,359 - INFO - [상태] 포지션 없음, 자본금: $6059.05
2026-01-17 11:31:14,360 - INFO - [지표] ADX=nan, Bull=nan, Bear=nan
2026-01-17 11:36:14,364 - INFO - [상태] 포지션 없음, 자본금: $6059.05
2026-01-17 11:36:14,365 - INFO - [지표] ADX=nan, Bull=nan, Bear=nan
2026-01-17 11:41:14,365 - INFO - [상태] 포지션 없음, 자본금: $6059.05
2026-01-17 11:41:14,366 - INFO - [지표] ADX=nan, Bull=nan, Bear=nan
2026-01-17 11:45:00,549 - INFO - [EMA] 증분계산: prev=95308.57, close=95250.0, new=95304.06
2026-01-17 11:45:00,558 - INFO - 15m | 02:30 | O:95227.1 H:95303.9 L:95119.2 C:95250.0
2026-01-17 11:45:00,559 - INFO - 지표: ADX=12.9, ATR=132.8, Bull=False, Bear=True
2026-01-17 11:46:14,370 - INFO - [상태] 포지션 없음, 자본금: $6059.05
2026-01-17 11:46:14,370 - INFO - [지표] ADX=nan, Bull=nan, Bear=nan
2026-01-17 11:51:14,374 - INFO - [상태] 포지션 없음, 자본금: $6059.05
2026-01-17 11:51:14,374 - INFO - [지표] ADX=nan, Bull=nan, Bear=nan
2026-01-17 11:56:14,377 - INFO - [상태] 포지션 없음, 자본금: $6059.05
2026-01-17 11:56:14,378 - INFO - [지표] ADX=nan, Bull=nan, Bear=nan
2026-01-17 12:00:03,041 - INFO - [EMA] 증분계산: prev=95304.06, close=95302.3, new=95303.93
2026-01-17 12:00:03,051 - INFO - 15m | 02:45 | O:95250.0 H:95330.6 L:95205.1 C:95302.3
2026-01-17 12:00:03,051 - INFO - 지표: ADX=14.1, ATR=132.2, Bull=False, Bear=True
2026-01-17 12:01:14,381 - INFO - [상태] 포지션 없음, 자본금: $6059.05
2026-01-17 12:01:14,381 - INFO - [지표] ADX=nan, Bull=nan, Bear=nan
2026-01-17 12:06:14,384 - INFO - [상태] 포지션 없음, 자본금: $6059.05
2026-01-17 12:06:14,384 - INFO - [지표] ADX=nan, Bull=nan, Bear=nan
2026-01-17 12:11:14,388 - INFO - [상태] 포지션 없음, 자본금: $6059.05
2026-01-17 12:11:14,388 - INFO - [지표] ADX=nan, Bull=nan, Bear=nan
2026-01-17 12:15:00,580 - INFO - [EMA] 증분계산: prev=95303.93, close=95249.0, new=95299.70
2026-01-17 12:15:00,589 - INFO - 15m | 03:00 | O:95302.3 H:95314.9 L:95244.7 C:95249.0
2026-01-17 12:15:00,589 - INFO - 지표: ADX=15.1, ATR=127.0, Bull=False, Bear=True
2026-01-17 12:16:14,389 - INFO - [상태] 포지션 없음, 자본금: $6059.05
2026-01-17 12:16:14,389 - INFO - [지표] ADX=nan, Bull=nan, Bear=nan
2026-01-17 12:21:14,390 - INFO - [상태] 포지션 없음, 자본금: $6059.05
2026-01-17 12:21:14,391 - INFO - [지표] ADX=nan, Bull=nan, Bear=nan
2026-01-17 12:26:14,396 - INFO - [상태] 포지션 없음, 자본금: $6059.05
2026-01-17 12:26:14,397 - INFO - [지표] ADX=nan, Bull=nan, Bear=nan
2026-01-17 12:30:00,041 - INFO - [EMA] 증분계산: prev=95299.70, close=95266.4, new=95297.14
2026-01-17 12:30:00,051 - INFO - 15m | 03:15 | O:95249.1 H:95272.6 L:95227.1 C:95266.4
2026-01-17 12:30:00,051 - INFO - 지표: ADX=16.3, ATR=120.2, Bull=False, Bear=True
2026-01-17 12:31:14,398 - INFO - [상태] 포지션 없음, 자본금: $6059.05
2026-01-17 12:31:14,398 - INFO - [지표] ADX=nan, Bull=nan, Bear=nan
2026-01-17 12:36:14,399 - INFO - [상태] 포지션 없음, 자본금: $6059.05
2026-01-17 12:36:14,399 - INFO - [지표] ADX=nan, Bull=nan, Bear=nan
2026-01-17 12:41:14,401 - INFO - [상태] 포지션 없음, 자본금: $6059.05
2026-01-17 12:41:14,401 - INFO - [지표] ADX=nan, Bull=nan, Bear=nan
2026-01-17 12:45:00,956 - INFO - [EMA] 증분계산: prev=95297.14, close=95274.2, new=95295.38
2026-01-17 12:45:00,965 - INFO - 15m | 03:30 | O:95266.4 H:95280.0 L:95201.0 C:95274.2
2026-01-17 12:45:00,966 - INFO - 지표: ADX=17.5, ATR=116.8, Bull=False, Bear=True
2026-01-17 12:46:14,402 - INFO - [상태] 포지션 없음, 자본금: $6059.05
2026-01-17 12:46:14,402 - INFO - [지표] ADX=nan, Bull=nan, Bear=nan
2026-01-17 12:51:14,403 - INFO - [상태] 포지션 없음, 자본금: $6059.05
2026-01-17 12:51:14,404 - INFO - [지표] ADX=nan, Bull=nan, Bear=nan
2026-01-17 12:56:14,405 - INFO - [상태] 포지션 없음, 자본금: $6059.05
2026-01-17 12:56:14,405 - INFO - [지표] ADX=nan, Bull=nan, Bear=nan
2026-01-17 13:00:00,082 - INFO - [EMA] 증분계산: prev=95295.38, close=95300.0, new=95295.73
2026-01-17 13:00:00,092 - INFO - 15m | 03:45 | O:95275.2 H:95325.8 L:95207.5 C:95300.0
2026-01-17 13:00:00,092 - INFO - 지표: ADX=18.0, ATR=116.9, Bull=False, Bear=True
2026-01-17 13:01:14,407 - INFO - [상태] 포지션 없음, 자본금: $6059.05
2026-01-17 13:01:14,408 - INFO - [지표] ADX=nan, Bull=nan, Bear=nan
2026-01-17 13:06:14,408 - INFO - [상태] 포지션 없음, 자본금: $6059.05
2026-01-17 13:06:14,409 - INFO - [지표] ADX=nan, Bull=nan, Bear=nan
2026-01-17 13:11:14,411 - INFO - [상태] 포지션 없음, 자본금: $6059.05
2026-01-17 13:11:14,411 - INFO - [지표] ADX=nan, Bull=nan, Bear=nan
2026-01-17 13:15:01,214 - INFO - [EMA] 증분계산: prev=95295.73, close=95258.0, new=95292.83
2026-01-17 13:15:01,223 - INFO - 15m | 04:00 | O:95300.1 H:95308.9 L:95246.1 C:95258.0
2026-01-17 13:15:01,223 - INFO - 지표: ADX=18.4, ATR=112.4, Bull=False, Bear=True
2026-01-17 13:16:14,416 - INFO - [상태] 포지션 없음, 자본금: $6059.05
2026-01-17 13:16:14,417 - INFO - [지표] ADX=nan, Bull=nan, Bear=nan
2026-01-17 13:21:14,420 - INFO - [상태] 포지션 없음, 자본금: $6059.05
2026-01-17 13:21:14,420 - INFO - [지표] ADX=nan, Bull=nan, Bear=nan
2026-01-17 13:26:14,422 - INFO - [상태] 포지션 없음, 자본금: $6059.05
2026-01-17 13:26:14,422 - INFO - [지표] ADX=nan, Bull=nan, Bear=nan
2026-01-17 13:30:00,728 - INFO - [EMA] 증분계산: prev=95292.83, close=95263.0, new=95290.54
2026-01-17 13:30:00,737 - INFO - 15m | 04:15 | O:95258.0 H:95273.6 L:95190.0 C:95263.0
2026-01-17 13:30:00,738 - INFO - 지표: ADX=19.3, ATR=110.0, Bull=False, Bear=True
2026-01-17 13:31:14,423 - INFO - [상태] 포지션 없음, 자본금: $6059.05
2026-01-17 13:31:14,424 - INFO - [지표] ADX=nan, Bull=nan, Bear=nan
2026-01-17 13:36:14,427 - INFO - [상태] 포지션 없음, 자본금: $6059.05
2026-01-17 13:36:14,427 - INFO - [지표] ADX=nan, Bull=nan, Bear=nan
2026-01-17 13:41:14,432 - INFO - [상태] 포지션 없음, 자본금: $6059.05
2026-01-17 13:41:14,433 - INFO - [지표] ADX=nan, Bull=nan, Bear=nan
2026-01-17 13:45:00,034 - INFO - [EMA] 증분계산: prev=95290.54, close=95279.1, new=95289.66
2026-01-17 13:45:00,043 - INFO - 15m | 04:30 | O:95263.0 H:95280.6 L:95207.3 C:95279.1
2026-01-17 13:45:00,044 - INFO - 지표: ADX=20.0, ATR=106.9, Bull=False, Bear=True
2026-01-17 13:46:14,438 - INFO - [상태] 포지션 없음, 자본금: $6059.05
2026-01-17 13:46:14,438 - INFO - [지표] ADX=nan, Bull=nan, Bear=nan
2026-01-17 13:51:14,442 - INFO - [상태] 포지션 없음, 자본금: $6059.05
2026-01-17 13:51:14,443 - INFO - [지표] ADX=nan, Bull=nan, Bear=nan
2026-01-17 13:56:14,445 - INFO - [상태] 포지션 없음, 자본금: $6059.05
2026-01-17 13:56:14,445 - INFO - [지표] ADX=nan, Bull=nan, Bear=nan
2026-01-17 14:00:00,919 - INFO - [EMA] 증분계산: prev=95289.66, close=95245.4, new=95286.25
2026-01-17 14:00:00,928 - INFO - 15m | 04:45 | O:95279.0 H:95296.0 L:95228.9 C:95245.4
2026-01-17 14:00:00,928 - INFO - 지표: ADX=20.4, ATR=103.6, Bull=False, Bear=True
2026-01-17 14:01:14,447 - INFO - [상태] 포지션 없음, 자본금: $6059.05
2026-01-17 14:01:14,447 - INFO - [지표] ADX=nan, Bull=nan, Bear=nan
2026-01-17 14:06:14,450 - INFO - [상태] 포지션 없음, 자본금: $6059.05
2026-01-17 14:06:14,450 - INFO - [지표] ADX=nan, Bull=nan, Bear=nan
2026-01-17 14:11:14,452 - INFO - [상태] 포지션 없음, 자본금: $6059.05
2026-01-17 14:11:14,453 - INFO - [지표] ADX=nan, Bull=nan, Bear=nan
2026-01-17 14:15:00,112 - INFO - [EMA] 증분계산: prev=95286.25, close=95220.9, new=95281.22
2026-01-17 14:15:00,121 - INFO - 15m | 05:00 | O:95245.4 H:95322.9 L:95214.0 C:95220.9
2026-01-17 14:15:00,121 - INFO - 지표: ADX=20.4, ATR=104.1, Bull=False, Bear=True
2026-01-17 14:16:14,456 - INFO - [상태] 포지션 없음, 자본금: $6059.05
2026-01-17 14:16:14,456 - INFO - [지표] ADX=nan, Bull=nan, Bear=nan
2026-01-17 14:21:14,458 - INFO - [상태] 포지션 없음, 자본금: $6059.05
2026-01-17 14:21:14,458 - INFO - [지표] ADX=nan, Bull=nan, Bear=nan
2026-01-17 14:26:14,458 - INFO - [상태] 포지션 없음, 자본금: $6059.05
2026-01-17 14:26:14,459 - INFO - [지표] ADX=nan, Bull=nan, Bear=nan
2026-01-17 14:30:02,057 - INFO - [EMA] 증분계산: prev=95281.22, close=95257.8, new=95279.42
2026-01-17 14:30:02,066 - INFO - 15m | 05:15 | O:95220.9 H:95274.9 L:95220.9 C:95257.8
2026-01-17 14:30:02,067 - INFO - 지표: ADX=20.3, ATR=99.9, Bull=False, Bear=True
2026-01-17 14:31:14,460 - INFO - [상태] 포지션 없음, 자본금: $6059.05
2026-01-17 14:31:14,461 - INFO - [지표] ADX=nan, Bull=nan, Bear=nan
2026-01-17 14:36:14,463 - INFO - [상태] 포지션 없음, 자본금: $6059.05
2026-01-17 14:36:14,463 - INFO - [지표] ADX=nan, Bull=nan, Bear=nan
2026-01-17 14:41:14,467 - INFO - [상태] 포지션 없음, 자본금: $6059.05
2026-01-17 14:41:14,468 - INFO - [지표] ADX=nan, Bull=nan, Bear=nan
2026-01-17 14:45:01,609 - INFO - [EMA] 증분계산: prev=95279.42, close=95252.0, new=95277.31
2026-01-17 14:45:01,619 - INFO - 15m | 05:30 | O:95257.8 H:95261.7 L:95225.1 C:95252.0
2026-01-17 14:45:01,619 - INFO - 지표: ADX=20.3, ATR=94.6, Bull=False, Bear=True
2026-01-17 14:46:14,469 - INFO - [상태] 포지션 없음, 자본금: $6059.05
2026-01-17 14:46:14,469 - INFO - [지표] ADX=nan, Bull=nan, Bear=nan
2026-01-17 14:51:14,473 - INFO - [상태] 포지션 없음, 자본금: $6059.05
2026-01-17 14:51:14,473 - INFO - [지표] ADX=nan, Bull=nan, Bear=nan
2026-01-17 14:56:14,475 - INFO - [상태] 포지션 없음, 자본금: $6059.05
2026-01-17 14:56:14,475 - INFO - [지표] ADX=nan, Bull=nan, Bear=nan
2026-01-17 15:00:02,059 - INFO - [EMA] 증분계산: prev=95277.31, close=95250.0, new=95275.21
2026-01-17 15:00:02,068 - INFO - 15m | 05:45 | O:95252.0 H:95259.8 L:95220.5 C:95250.0
2026-01-17 15:00:02,068 - INFO - 지표: ADX=20.3, ATR=90.0, Bull=False, Bear=True
2026-01-17 15:01:14,477 - INFO - [상태] 포지션 없음, 자본금: $6059.05
2026-01-17 15:01:14,477 - INFO - [지표] ADX=nan, Bull=nan, Bear=nan
2026-01-17 15:06:14,478 - INFO - [상태] 포지션 없음, 자본금: $6059.05
2026-01-17 15:06:14,478 - INFO - [지표] ADX=nan, Bull=nan, Bear=nan
2026-01-17 15:11:14,479 - INFO - [상태] 포지션 없음, 자본금: $6059.05
2026-01-17 15:11:14,480 - INFO - [지표] ADX=nan, Bull=nan, Bear=nan
2026-01-17 15:15:02,613 - INFO - [EMA] 증분계산: prev=95275.21, close=95180.8, new=95267.95
2026-01-17 15:15:02,623 - INFO - 15m | 06:00 | O:95250.0 H:95250.0 L:95123.0 C:95180.8
2026-01-17 15:15:02,623 - INFO - 지표: ADX=21.4, ATR=93.1, Bull=False, Bear=True
2026-01-17 15:16:14,482 - INFO - [상태] 포지션 없음, 자본금: $6059.05
2026-01-17 15:16:14,483 - INFO - [지표] ADX=nan, Bull=nan, Bear=nan
2026-01-17 15:21:14,487 - INFO - [상태] 포지션 없음, 자본금: $6059.05
2026-01-17 15:21:14,487 - INFO - [지표] ADX=nan, Bull=nan, Bear=nan
2026-01-17 15:26:14,491 - INFO - [상태] 포지션 없음, 자본금: $6059.05
2026-01-17 15:26:14,491 - INFO - [지표] ADX=nan, Bull=nan, Bear=nan
2026-01-17 15:30:01,311 - INFO - [EMA] 증분계산: prev=95267.95, close=95153.7, new=95259.16
2026-01-17 15:30:01,321 - INFO - 15m | 06:15 | O:95180.8 H:95180.8 L:95134.4 C:95153.7
2026-01-17 15:30:01,321 - INFO - 지표: ADX=22.4, ATR=89.2, Bull=False, Bear=True
2026-01-17 15:31:14,494 - INFO - [상태] 포지션 없음, 자본금: $6059.05
2026-01-17 15:31:14,495 - INFO - [지표] ADX=nan, Bull=nan, Bear=nan
2026-01-17 15:36:14,497 - INFO - [상태] 포지션 없음, 자본금: $6059.05
2026-01-17 15:36:14,497 - INFO - [지표] ADX=nan, Bull=nan, Bear=nan
2026-01-17 15:41:14,500 - INFO - [상태] 포지션 없음, 자본금: $6059.05
2026-01-17 15:41:14,500 - INFO - [지표] ADX=nan, Bull=nan, Bear=nan
2026-01-17 15:45:02,112 - INFO - [EMA] 증분계산: prev=95259.16, close=95204.7, new=95254.97
2026-01-17 15:45:02,122 - INFO - 15m | 06:30 | O:95153.7 H:95285.9 L:95153.7 C:95204.7
2026-01-17 15:45:02,122 - INFO - 지표: ADX=21.5, ATR=92.8, Bull=False, Bear=True
2026-01-17 15:46:14,502 - INFO - [상태] 포지션 없음, 자본금: $6059.05
2026-01-17 15:46:14,502 - INFO - [지표] ADX=nan, Bull=nan, Bear=nan
2026-01-17 15:51:14,506 - INFO - [상태] 포지션 없음, 자본금: $6059.05
2026-01-17 15:51:14,506 - INFO - [지표] ADX=nan, Bull=nan, Bear=nan
2026-01-17 15:56:14,509 - INFO - [상태] 포지션 없음, 자본금: $6059.05
2026-01-17 15:56:14,509 - INFO - [지표] ADX=nan, Bull=nan, Bear=nan
2026-01-17 16:00:00,951 - INFO - [EMA] 증분계산: prev=95254.97, close=95162.5, new=95247.86
2026-01-17 16:00:00,960 - INFO - 15m | 06:45 | O:95205.0 H:95205.0 L:95157.0 C:95162.5
2026-01-17 16:00:00,961 - INFO - 지표: ADX=20.6, ATR=89.0, Bull=False, Bear=True
2026-01-17 16:01:14,513 - INFO - [상태] 포지션 없음, 자본금: $6059.05
2026-01-17 16:01:14,513 - INFO - [지표] ADX=nan, Bull=nan, Bear=nan
2026-01-17 16:06:14,514 - INFO - [상태] 포지션 없음, 자본금: $6059.05
2026-01-17 16:06:14,515 - INFO - [지표] ADX=nan, Bull=nan, Bear=nan
2026-01-17 16:11:14,519 - INFO - [상태] 포지션 없음, 자본금: $6059.05
2026-01-17 16:11:14,519 - INFO - [지표] ADX=nan, Bull=nan, Bear=nan
2026-01-17 16:15:00,084 - INFO - [EMA] 증분계산: prev=95247.86, close=95064.9, new=95233.78
2026-01-17 16:15:00,091 - INFO - 15m | 07:00 | O:95162.5 H:95162.5 L:95023.0 C:95064.9
2026-01-17 16:15:00,091 - INFO - 지표: ADX=21.3, ATR=93.3, Bull=False, Bear=True
2026-01-17 16:16:14,520 - INFO - [상태] 포지션 없음, 자본금: $6059.05
2026-01-17 16:16:14,521 - INFO - [지표] ADX=nan, Bull=nan, Bear=nan
2026-01-17 16:21:14,525 - INFO - [상태] 포지션 없음, 자본금: $6059.05
2026-01-17 16:21:14,526 - INFO - [지표] ADX=nan, Bull=nan, Bear=nan
2026-01-17 16:26:14,527 - INFO - [상태] 포지션 없음, 자본금: $6059.05
2026-01-17 16:26:14,528 - INFO - [지표] ADX=nan, Bull=nan, Bear=nan
2026-01-17 16:30:01,141 - INFO - [EMA] 증분계산: prev=95233.78, close=95119.0, new=95224.96
2026-01-17 16:30:01,147 - INFO - 15m | 07:15 | O:95064.9 H:95137.0 L:95050.6 C:95119.0
2026-01-17 16:30:01,147 - INFO - 지표: ADX=21.9, ATR=92.7, Bull=False, Bear=True
2026-01-17 16:31:14,530 - INFO - [상태] 포지션 없음, 자본금: $6059.05
2026-01-17 16:31:14,530 - INFO - [지표] ADX=nan, Bull=nan, Bear=nan
2026-01-17 16:36:14,533 - INFO - [상태] 포지션 없음, 자본금: $6059.05
2026-01-17 16:36:14,533 - INFO - [지표] ADX=nan, Bull=nan, Bear=nan
2026-01-17 16:41:14,534 - INFO - [상태] 포지션 없음, 자본금: $6059.05
2026-01-17 16:41:14,535 - INFO - [지표] ADX=nan, Bull=nan, Bear=nan
2026-01-17 16:45:01,917 - INFO - [EMA] 증분계산: prev=95224.96, close=95085.4, new=95214.22
2026-01-17 16:45:01,926 - INFO - 15m | 07:30 | O:95119.6 H:95137.3 L:95085.3 C:95085.4
2026-01-17 16:45:01,926 - INFO - 지표: ADX=22.4, ATR=89.3, Bull=False, Bear=True
2026-01-17 16:46:14,538 - INFO - [상태] 포지션 없음, 자본금: $6059.05
2026-01-17 16:46:14,538 - INFO - [지표] ADX=nan, Bull=nan, Bear=nan
2026-01-17 16:51:14,539 - INFO - [상태] 포지션 없음, 자본금: $6059.05
2026-01-17 16:51:14,539 - INFO - [지표] ADX=nan, Bull=nan, Bear=nan
2026-01-17 16:56:14,543 - INFO - [상태] 포지션 없음, 자본금: $6059.05
2026-01-17 16:56:14,543 - INFO - [지표] ADX=nan, Bull=nan, Bear=nan
2026-01-17 17:00:01,650 - INFO - [EMA] 증분계산: prev=95214.22, close=95039.0, new=95200.74
2026-01-17 17:00:01,657 - INFO - 15m | 07:45 | O:95085.4 H:95085.4 L:94979.8 C:95039.0
2026-01-17 17:00:01,657 - INFO - 지표: ADX=23.8, ATR=90.7, Bull=False, Bear=True
2026-01-17 17:01:14,546 - INFO - [상태] 포지션 없음, 자본금: $6059.05
2026-01-17 17:01:14,547 - INFO - [지표] ADX=nan, Bull=nan, Bear=nan
2026-01-17 17:06:14,548 - INFO - [상태] 포지션 없음, 자본금: $6059.05
2026-01-17 17:06:14,549 - INFO - [지표] ADX=nan, Bull=nan, Bear=nan
2026-01-17 17:11:14,549 - INFO - [상태] 포지션 없음, 자본금: $6059.05
2026-01-17 17:11:14,550 - INFO - [지표] ADX=nan, Bull=nan, Bear=nan
2026-01-17 17:15:00,721 - INFO - [EMA] 증분계산: prev=95200.74, close=95111.0, new=95193.84
2026-01-17 17:15:00,727 - INFO - 15m | 08:00 | O:95039.0 H:95143.0 L:94959.0 C:95111.0
2026-01-17 17:15:00,727 - INFO - 지표: ADX=24.2, ATR=98.4, Bull=False, Bear=True
2026-01-17 17:16:14,551 - INFO - [상태] 포지션 없음, 자본금: $6059.05
2026-01-17 17:16:14,551 - INFO - [지표] ADX=nan, Bull=nan, Bear=nan
2026-01-17 17:21:14,552 - INFO - [상태] 포지션 없음, 자본금: $6059.05
2026-01-17 17:21:14,553 - INFO - [지표] ADX=nan, Bull=nan, Bear=nan
2026-01-17 17:26:14,554 - INFO - [상태] 포지션 없음, 자본금: $6059.05
2026-01-17 17:26:14,554 - INFO - [지표] ADX=nan, Bull=nan, Bear=nan
2026-01-17 17:30:00,561 - INFO - [EMA] 증분계산: prev=95193.84, close=95150.0, new=95190.47
2026-01-17 17:30:00,567 - INFO - 15m | 08:15 | O:95111.1 H:95176.7 L:95105.1 C:95150.0
2026-01-17 17:30:00,567 - INFO - 지표: ADX=24.0, ATR=96.2, Bull=False, Bear=True
2026-01-17 17:31:14,555 - INFO - [상태] 포지션 없음, 자본금: $6059.05
2026-01-17 17:31:14,556 - INFO - [지표] ADX=nan, Bull=nan, Bear=nan
2026-01-17 17:36:14,557 - INFO - [상태] 포지션 없음, 자본금: $6059.05
2026-01-17 17:36:14,558 - INFO - [지표] ADX=nan, Bull=nan, Bear=nan
2026-01-17 17:41:14,560 - INFO - [상태] 포지션 없음, 자본금: $6059.05
2026-01-17 17:41:14,560 - INFO - [지표] ADX=nan, Bull=nan, Bear=nan
2026-01-17 17:45:02,412 - INFO - [EMA] 증분계산: prev=95190.47, close=95149.0, new=95187.28
2026-01-17 17:45:02,418 - INFO - 15m | 08:30 | O:95150.0 H:95194.8 L:95146.6 C:95149.0
2026-01-17 17:45:02,419 - INFO - 지표: ADX=23.5, ATR=92.2, Bull=False, Bear=True
2026-01-17 17:46:14,562 - INFO - [상태] 포지션 없음, 자본금: $6059.05
2026-01-17 17:46:14,562 - INFO - [지표] ADX=nan, Bull=nan, Bear=nan
2026-01-17 17:51:14,564 - INFO - [상태] 포지션 없음, 자본금: $6059.05
2026-01-17 17:51:14,564 - INFO - [지표] ADX=nan, Bull=nan, Bear=nan
2026-01-17 17:56:14,566 - INFO - [상태] 포지션 없음, 자본금: $6059.05
2026-01-17 17:56:14,566 - INFO - [지표] ADX=nan, Bull=nan, Bear=nan
2026-01-17 18:00:00,046 - INFO - [EMA] 증분계산: prev=95187.28, close=95194.9, new=95187.86
2026-01-17 18:00:00,053 - INFO - 15m | 08:45 | O:95149.1 H:95203.0 L:95149.1 C:95194.9
2026-01-17 18:00:00,053 - INFO - 지표: ADX=22.9, ATR=89.0, Bull=False, Bear=True
2026-01-17 18:01:14,569 - INFO - [상태] 포지션 없음, 자본금: $6059.05
2026-01-17 18:01:14,569 - INFO - [지표] ADX=nan, Bull=nan, Bear=nan
2026-01-17 18:06:14,570 - INFO - [상태] 포지션 없음, 자본금: $6059.05
2026-01-17 18:06:14,570 - INFO - [지표] ADX=nan, Bull=nan, Bear=nan
2026-01-17 18:11:14,571 - INFO - [상태] 포지션 없음, 자본금: $6059.05
2026-01-17 18:11:14,572 - INFO - [지표] ADX=nan, Bull=nan, Bear=nan
2026-01-17 18:15:01,075 - INFO - [EMA] 증분계산: prev=95187.86, close=95145.5, new=95184.60
2026-01-17 18:15:01,085 - INFO - 15m | 09:00 | O:95194.9 H:95205.0 L:95145.5 C:95145.5
2026-01-17 18:15:01,085 - INFO - 지표: ADX=22.4, ATR=86.6, Bull=False, Bear=True
2026-01-17 18:16:14,574 - INFO - [상태] 포지션 없음, 자본금: $6059.05
2026-01-17 18:16:14,574 - INFO - [지표] ADX=nan, Bull=nan, Bear=nan
2026-01-17 18:21:14,576 - INFO - [상태] 포지션 없음, 자본금: $6059.05
2026-01-17 18:21:14,576 - INFO - [지표] ADX=nan, Bull=nan, Bear=nan
2026-01-17 18:26:14,577 - INFO - [상태] 포지션 없음, 자본금: $6059.05
2026-01-17 18:26:14,578 - INFO - [지표] ADX=nan, Bull=nan, Bear=nan
2026-01-17 18:30:02,044 - INFO - [EMA] 증분계산: prev=95184.60, close=95176.9, new=95184.01
2026-01-17 18:30:02,054 - INFO - 15m | 09:15 | O:95145.5 H:95178.3 L:95107.7 C:95176.9
2026-01-17 18:30:02,054 - INFO - 지표: ADX=22.5, ATR=85.2, Bull=False, Bear=True
2026-01-17 18:31:14,579 - INFO - [상태] 포지션 없음, 자본금: $6059.05
2026-01-17 18:31:14,579 - INFO - [지표] ADX=nan, Bull=nan, Bear=nan
2026-01-17 18:36:14,582 - INFO - [상태] 포지션 없음, 자본금: $6059.05
2026-01-17 18:36:14,582 - INFO - [지표] ADX=nan, Bull=nan, Bear=nan
2026-01-17 18:41:14,583 - INFO - [상태] 포지션 없음, 자본금: $6059.05
2026-01-17 18:41:14,583 - INFO - [지표] ADX=nan, Bull=nan, Bear=nan
2026-01-17 18:45:01,838 - INFO - [EMA] 증분계산: prev=95184.01, close=95209.0, new=95185.93
2026-01-17 18:45:01,844 - INFO - 15m | 09:30 | O:95176.9 H:95229.2 L:95136.0 C:95209.0
2026-01-17 18:45:01,845 - INFO - 지표: ADX=21.6, ATR=85.9, Bull=False, Bear=True
2026-01-17 18:46:14,584 - INFO - [상태] 포지션 없음, 자본금: $6059.05
2026-01-17 18:46:14,585 - INFO - [지표] ADX=nan, Bull=nan, Bear=nan
2026-01-17 18:51:14,586 - INFO - [상태] 포지션 없음, 자본금: $6059.05
2026-01-17 18:51:14,586 - INFO - [지표] ADX=nan, Bull=nan, Bear=nan
2026-01-17 18:56:14,587 - INFO - [상태] 포지션 없음, 자본금: $6059.05
2026-01-17 18:56:14,588 - INFO - [지표] ADX=nan, Bull=nan, Bear=nan
2026-01-17 19:00:01,654 - INFO - [EMA] 증분계산: prev=95185.93, close=95206.5, new=95187.52
2026-01-17 19:00:01,661 - INFO - 15m | 09:45 | O:95209.0 H:95241.3 L:95197.5 C:95206.5
2026-01-17 19:00:01,661 - INFO - 지표: ADX=20.6, ATR=82.4, Bull=False, Bear=True
2026-01-17 19:01:14,590 - INFO - [상태] 포지션 없음, 자본금: $6059.05
2026-01-17 19:01:14,591 - INFO - [지표] ADX=nan, Bull=nan, Bear=nan
2026-01-17 19:06:14,592 - INFO - [상태] 포지션 없음, 자본금: $6059.05
2026-01-17 19:06:14,592 - INFO - [지표] ADX=nan, Bull=nan, Bear=nan
2026-01-17 19:11:14,594 - INFO - [상태] 포지션 없음, 자본금: $6059.05
2026-01-17 19:11:14,595 - INFO - [지표] ADX=nan, Bull=nan, Bear=nan
2026-01-17 19:15:01,096 - INFO - [EMA] 증분계산: prev=95187.52, close=95202.3, new=95188.65
2026-01-17 19:15:01,102 - INFO - 15m | 10:00 | O:95206.6 H:95207.0 L:95157.7 C:95202.3
2026-01-17 19:15:01,102 - INFO - 지표: ADX=20.2, ATR=79.6, Bull=False, Bear=True
2026-01-17 19:16:14,597 - INFO - [상태] 포지션 없음, 자본금: $6059.05
2026-01-17 19:16:14,597 - INFO - [지표] ADX=nan, Bull=nan, Bear=nan
2026-01-17 19:21:14,600 - INFO - [상태] 포지션 없음, 자본금: $6059.05
2026-01-17 19:21:14,600 - INFO - [지표] ADX=nan, Bull=nan, Bear=nan
2026-01-17 19:26:14,602 - INFO - [상태] 포지션 없음, 자본금: $6059.05
2026-01-17 19:26:14,603 - INFO - [지표] ADX=nan, Bull=nan, Bear=nan
2026-01-17 19:30:00,109 - INFO - [EMA] 증분계산: prev=95188.65, close=95181.8, new=95188.13
2026-01-17 19:30:00,118 - INFO - 15m | 10:15 | O:95202.3 H:95220.0 L:95167.0 C:95181.8
2026-01-17 19:30:00,118 - INFO - 지표: ADX=19.6, ATR=77.4, Bull=False, Bear=True
2026-01-17 19:31:14,604 - INFO - [상태] 포지션 없음, 자본금: $6059.05
2026-01-17 19:31:14,605 - INFO - [지표] ADX=nan, Bull=nan, Bear=nan
2026-01-17 19:36:14,606 - INFO - [상태] 포지션 없음, 자본금: $6059.05
2026-01-17 19:36:14,606 - INFO - [지표] ADX=nan, Bull=nan, Bear=nan
2026-01-17 19:41:14,608 - INFO - [상태] 포지션 없음, 자본금: $6059.05
2026-01-17 19:41:14,609 - INFO - [지표] ADX=nan, Bull=nan, Bear=nan
2026-01-17 19:45:00,246 - INFO - [EMA] 증분계산: prev=95188.13, close=95102.5, new=95181.54
2026-01-17 19:45:00,253 - INFO - 15m | 10:30 | O:95181.8 H:95181.9 L:95100.8 C:95102.5
2026-01-17 19:45:00,253 - INFO - 지표: ADX=19.9, ATR=77.7, Bull=False, Bear=True
2026-01-17 19:46:14,611 - INFO - [상태] 포지션 없음, 자본금: $6059.05
2026-01-17 19:46:14,611 - INFO - [지표] ADX=nan, Bull=nan, Bear=nan
2026-01-17 19:51:14,613 - INFO - [상태] 포지션 없음, 자본금: $6059.05
2026-01-17 19:51:14,613 - INFO - [지표] ADX=nan, Bull=nan, Bear=nan
2026-01-17 19:56:14,614 - INFO - [상태] 포지션 없음, 자본금: $6059.05
2026-01-17 19:56:14,615 - INFO - [지표] ADX=nan, Bull=nan, Bear=nan
2026-01-17 20:00:02,685 - INFO - [EMA] 증분계산: prev=95181.54, close=95045.0, new=95171.04
2026-01-17 20:00:02,692 - INFO - 15m | 10:45 | O:95102.5 H:95102.5 L:95042.9 C:95045.0
2026-01-17 20:00:02,692 - INFO - 지표: ADX=20.8, ATR=76.2, Bull=False, Bear=True
2026-01-17 20:01:14,616 - INFO - [상태] 포지션 없음, 자본금: $6059.05
2026-01-17 20:01:14,616 - INFO - [지표] ADX=nan, Bull=nan, Bear=nan
2026-01-17 20:06:14,618 - INFO - [상태] 포지션 없음, 자본금: $6059.05
2026-01-17 20:06:14,618 - INFO - [지표] ADX=nan, Bull=nan, Bear=nan
2026-01-17 20:11:14,619 - INFO - [상태] 포지션 없음, 자본금: $6059.05
2026-01-17 20:11:14,620 - INFO - [지표] ADX=nan, Bull=nan, Bear=nan
2026-01-17 20:15:00,340 - INFO - [EMA] 증분계산: prev=95171.04, close=95067.6, new=95163.08
2026-01-17 20:15:00,350 - INFO - 15m | 11:00 | O:95045.1 H:95074.1 L:95004.5 C:95067.6
2026-01-17 20:15:00,350 - INFO - 지표: ADX=21.9, ATR=75.7, Bull=False, Bear=True
2026-01-17 20:16:14,622 - INFO - [상태] 포지션 없음, 자본금: $6059.05
2026-01-17 20:16:14,622 - INFO - [지표] ADX=nan, Bull=nan, Bear=nan
2026-01-17 20:21:14,623 - INFO - [상태] 포지션 없음, 자본금: $6059.05
2026-01-17 20:21:14,624 - INFO - [지표] ADX=nan, Bull=nan, Bear=nan
2026-01-17 20:26:14,625 - INFO - [상태] 포지션 없음, 자본금: $6059.05
2026-01-17 20:26:14,625 - INFO - [지표] ADX=nan, Bull=nan, Bear=nan
2026-01-17 20:30:00,597 - INFO - [EMA] 증분계산: prev=95163.08, close=95233.1, new=95168.47
2026-01-17 20:30:00,604 - INFO - 15m | 11:15 | O:95067.7 H:95239.9 L:95067.7 C:95233.1
2026-01-17 20:30:00,604 - INFO - 지표: ADX=20.5, ATR=83.7, Bull=False, Bear=True
2026-01-17 20:31:14,627 - INFO - [상태] 포지션 없음, 자본금: $6059.05
2026-01-17 20:31:14,627 - INFO - [지표] ADX=nan, Bull=nan, Bear=nan
2026-01-17 20:36:14,628 - INFO - [상태] 포지션 없음, 자본금: $6059.05
2026-01-17 20:36:14,629 - INFO - [지표] ADX=nan, Bull=nan, Bear=nan
2026-01-17 20:41:14,630 - INFO - [상태] 포지션 없음, 자본금: $6059.05
2026-01-17 20:41:14,630 - INFO - [지표] ADX=nan, Bull=nan, Bear=nan
2026-01-17 20:45:00,364 - INFO - [EMA] 증분계산: prev=95168.47, close=95256.0, new=95175.20
2026-01-17 20:45:00,374 - INFO - 15m | 11:30 | O:95233.1 H:95256.0 L:95195.9 C:95256.0
2026-01-17 20:45:00,374 - INFO - 지표: ADX=19.1, ATR=81.7, Bull=False, Bear=True
2026-01-17 20:46:14,631 - INFO - [상태] 포지션 없음, 자본금: $6059.05
2026-01-17 20:46:14,631 - INFO - [지표] ADX=nan, Bull=nan, Bear=nan
2026-01-17 20:51:14,633 - INFO - [상태] 포지션 없음, 자본금: $6059.05
2026-01-17 20:51:14,633 - INFO - [지표] ADX=nan, Bull=nan, Bear=nan
2026-01-17 20:56:14,634 - INFO - [상태] 포지션 없음, 자본금: $6059.05
2026-01-17 20:56:14,635 - INFO - [지표] ADX=nan, Bull=nan, Bear=nan
2026-01-17 21:00:00,041 - INFO - [EMA] 증분계산: prev=95175.20, close=95261.0, new=95181.80
2026-01-17 21:00:00,051 - INFO - 15m | 11:45 | O:95256.0 H:95263.3 L:95222.2 C:95261.0
2026-01-17 21:00:00,051 - INFO - 지표: ADX=17.8, ATR=78.4, Bull=False, Bear=True
2026-01-17 21:01:14,635 - INFO - [상태] 포지션 없음, 자본금: $6059.05
2026-01-17 21:01:14,636 - INFO - [지표] ADX=nan, Bull=nan, Bear=nan
2026-01-17 21:06:14,636 - INFO - [상태] 포지션 없음, 자본금: $6059.05
2026-01-17 21:06:14,637 - INFO - [지표] ADX=nan, Bull=nan, Bear=nan
2026-01-17 21:11:14,638 - INFO - [상태] 포지션 없음, 자본금: $6059.05
2026-01-17 21:11:14,639 - INFO - [지표] ADX=nan, Bull=nan, Bear=nan
2026-01-17 21:15:00,174 - INFO - [EMA] 증분계산: prev=95181.80, close=95285.3, new=95189.76
2026-01-17 21:15:00,183 - INFO - 15m | 12:00 | O:95257.7 H:95291.8 L:95216.3 C:95285.3
2026-01-17 21:15:00,183 - INFO - 지표: ADX=17.0, ATR=78.1, Bull=False, Bear=True
2026-01-17 21:16:14,640 - INFO - [상태] 포지션 없음, 자본금: $6059.05
2026-01-17 21:16:14,640 - INFO - [지표] ADX=nan, Bull=nan, Bear=nan
2026-01-17 21:21:14,641 - INFO - [상태] 포지션 없음, 자본금: $6059.05
2026-01-17 21:21:14,642 - INFO - [지표] ADX=nan, Bull=nan, Bear=nan
2026-01-17 21:26:14,643 - INFO - [상태] 포지션 없음, 자본금: $6059.05
2026-01-17 21:26:14,644 - INFO - [지표] ADX=nan, Bull=nan, Bear=nan
2026-01-17 21:30:00,547 - INFO - [EMA] 증분계산: prev=95189.76, close=95211.4, new=95191.43
2026-01-17 21:30:00,554 - INFO - 15m | 12:15 | O:95285.3 H:95349.2 L:95171.5 C:95211.4
2026-01-17 21:30:00,554 - INFO - 지표: ADX=16.9, ATR=86.4, Bull=False, Bear=True
2026-01-17 21:31:14,645 - INFO - [상태] 포지션 없음, 자본금: $6059.05
2026-01-17 21:31:14,645 - INFO - [지표] ADX=nan, Bull=nan, Bear=nan
2026-01-17 21:36:14,647 - INFO - [상태] 포지션 없음, 자본금: $6059.05
2026-01-17 21:36:14,647 - INFO - [지표] ADX=nan, Bull=nan, Bear=nan
2026-01-17 21:41:14,649 - INFO - [상태] 포지션 없음, 자본금: $6059.05
2026-01-17 21:41:14,649 - INFO - [지표] ADX=nan, Bull=nan, Bear=nan
2026-01-17 21:45:00,610 - INFO - [EMA] 증분계산: prev=95191.43, close=95213.9, new=95193.15
2026-01-17 21:45:00,617 - INFO - 15m | 12:30 | O:95211.3 H:95225.4 L:95183.8 C:95213.9
2026-01-17 21:45:00,617 - INFO - 지표: ADX=16.8, ATR=82.7, Bull=False, Bear=True
2026-01-17 21:46:14,650 - INFO - [상태] 포지션 없음, 자본금: $6059.05
2026-01-17 21:46:14,651 - INFO - [지표] ADX=nan, Bull=nan, Bear=nan
2026-01-17 21:51:14,652 - INFO - [상태] 포지션 없음, 자본금: $6059.05
2026-01-17 21:51:14,653 - INFO - [지표] ADX=nan, Bull=nan, Bear=nan
2026-01-17 21:56:14,660 - INFO - [상태] 포지션 없음, 자본금: $6059.05
2026-01-17 21:56:14,660 - INFO - [지표] ADX=nan, Bull=nan, Bear=nan
2026-01-17 22:00:00,663 - INFO - [EMA] 증분계산: prev=95193.15, close=95198.7, new=95193.58
2026-01-17 22:00:00,669 - INFO - 15m | 12:45 | O:95213.9 H:95213.9 L:95180.9 C:95198.7
2026-01-17 22:00:00,670 - INFO - 지표: ADX=16.7, ATR=78.5, Bull=False, Bear=True
2026-01-17 22:01:14,665 - INFO - [상태] 포지션 없음, 자본금: $6059.05
2026-01-17 22:01:14,666 - INFO - [지표] ADX=nan, Bull=nan, Bear=nan
2026-01-17 22:06:14,672 - INFO - [상태] 포지션 없음, 자본금: $6059.05
2026-01-17 22:06:14,673 - INFO - [지표] ADX=nan, Bull=nan, Bear=nan
2026-01-17 22:11:14,674 - INFO - [상태] 포지션 없음, 자본금: $6059.05
2026-01-17 22:11:14,674 - INFO - [지표] ADX=nan, Bull=nan, Bear=nan
2026-01-17 22:15:00,272 - INFO - [EMA] 증분계산: prev=95193.58, close=95177.8, new=95192.37
2026-01-17 22:15:00,278 - INFO - 15m | 13:00 | O:95198.7 H:95209.4 L:95133.0 C:95177.8
2026-01-17 22:15:00,278 - INFO - 지표: ADX=15.8, ATR=78.4, Bull=False, Bear=True
2026-01-17 22:16:14,675 - INFO - [상태] 포지션 없음, 자본금: $6059.05
2026-01-17 22:16:14,675 - INFO - [지표] ADX=nan, Bull=nan, Bear=nan
2026-01-17 22:21:14,677 - INFO - [상태] 포지션 없음, 자본금: $6059.05
2026-01-17 22:21:14,677 - INFO - [지표] ADX=nan, Bull=nan, Bear=nan
2026-01-17 22:26:14,680 - INFO - [상태] 포지션 없음, 자본금: $6059.05
2026-01-17 22:26:14,680 - INFO - [지표] ADX=nan, Bull=nan, Bear=nan
2026-01-17 22:30:00,080 - INFO - [EMA] 증분계산: prev=95192.37, close=95294.7, new=95200.24
2026-01-17 22:30:00,086 - INFO - 15m | 13:15 | O:95177.8 H:95319.9 L:95155.0 C:95294.7
2026-01-17 22:30:00,086 - INFO - 지표: ADX=16.2, ATR=85.6, Bull=False, Bear=True
2026-01-17 22:31:14,683 - INFO - [상태] 포지션 없음, 자본금: $6059.05
2026-01-17 22:31:14,683 - INFO - [지표] ADX=nan, Bull=nan, Bear=nan
2026-01-17 22:36:14,684 - INFO - [상태] 포지션 없음, 자본금: $6059.05
2026-01-17 22:36:14,685 - INFO - [지표] ADX=nan, Bull=nan, Bear=nan
2026-01-17 22:41:14,686 - INFO - [상태] 포지션 없음, 자본금: $6059.05
2026-01-17 22:41:14,687 - INFO - [지표] ADX=nan, Bull=nan, Bear=nan
2026-01-17 22:45:01,099 - INFO - [EMA] 증분계산: prev=95200.24, close=95368.9, new=95213.21
2026-01-17 22:45:01,109 - INFO - 15m | 13:30 | O:95294.7 H:95384.9 L:95258.7 C:95368.9
2026-01-17 22:45:01,109 - INFO - 지표: ADX=17.2, ATR=89.0, Bull=False, Bear=False
2026-01-17 22:46:14,688 - INFO - [상태] 포지션 없음, 자본금: $6059.05
2026-01-17 22:46:14,689 - INFO - [지표] ADX=nan, Bull=nan, Bear=nan
2026-01-17 22:51:14,690 - INFO - [상태] 포지션 없음, 자본금: $6059.05
2026-01-17 22:51:14,691 - INFO - [지표] ADX=nan, Bull=nan, Bear=nan
2026-01-17 22:56:14,693 - INFO - [상태] 포지션 없음, 자본금: $6059.05
2026-01-17 22:56:14,694 - INFO - [지표] ADX=nan, Bull=nan, Bear=nan
2026-01-17 23:00:00,312 - INFO - [EMA] 증분계산: prev=95213.21, close=95375.4, new=95225.69
2026-01-17 23:00:00,319 - INFO - 15m | 13:45 | O:95368.9 H:95382.7 L:95337.0 C:95375.4
2026-01-17 23:00:00,319 - INFO - 지표: ADX=18.2, ATR=85.4, Bull=False, Bear=False
2026-01-17 23:01:14,695 - INFO - [상태] 포지션 없음, 자본금: $6059.05
2026-01-17 23:01:14,695 - INFO - [지표] ADX=nan, Bull=nan, Bear=nan
2026-01-17 23:06:14,698 - INFO - [상태] 포지션 없음, 자본금: $6059.05
2026-01-17 23:06:14,698 - INFO - [지표] ADX=nan, Bull=nan, Bear=nan
2026-01-17 23:11:14,700 - INFO - [상태] 포지션 없음, 자본금: $6059.05
2026-01-17 23:11:14,700 - INFO - [지표] ADX=nan, Bull=nan, Bear=nan
2026-01-17 23:15:00,048 - INFO - [EMA] 증분계산: prev=95225.69, close=95374.2, new=95237.11
2026-01-17 23:15:00,055 - INFO - 15m | 14:00 | O:95375.4 H:95375.4 L:95289.9 C:95374.2
2026-01-17 23:15:00,055 - INFO - 지표: ADX=18.3, ATR=85.4, Bull=False, Bear=False
2026-01-17 23:16:14,703 - INFO - [상태] 포지션 없음, 자본금: $6059.05
2026-01-17 23:16:14,703 - INFO - [지표] ADX=nan, Bull=nan, Bear=nan
2026-01-17 23:21:14,705 - INFO - [상태] 포지션 없음, 자본금: $6059.05
2026-01-17 23:21:14,705 - INFO - [지표] ADX=nan, Bull=nan, Bear=nan
2026-01-17 23:26:14,706 - INFO - [상태] 포지션 없음, 자본금: $6059.05
2026-01-17 23:26:14,707 - INFO - [지표] ADX=nan, Bull=nan, Bear=nan
2026-01-17 23:30:00,104 - INFO - [EMA] 증분계산: prev=95237.11, close=95399.5, new=95249.60
2026-01-17 23:30:00,111 - INFO - 15m | 14:15 | O:95374.2 H:95425.1 L:95318.2 C:95399.5
2026-01-17 23:30:00,111 - INFO - 지표: ADX=18.9, ATR=87.2, Bull=False, Bear=False
2026-01-17 23:31:14,708 - INFO - [상태] 포지션 없음, 자본금: $6059.05
2026-01-17 23:31:14,708 - INFO - [지표] ADX=nan, Bull=nan, Bear=nan
2026-01-17 23:36:14,711 - INFO - [상태] 포지션 없음, 자본금: $6059.05
2026-01-17 23:36:14,711 - INFO - [지표] ADX=nan, Bull=nan, Bear=nan
2026-01-17 23:41:14,713 - INFO - [상태] 포지션 없음, 자본금: $6059.05
2026-01-17 23:41:14,713 - INFO - [지표] ADX=nan, Bull=nan, Bear=nan
2026-01-17 23:45:00,065 - INFO - [EMA] 증분계산: prev=95249.60, close=95381.1, new=95259.72
2026-01-17 23:45:00,074 - INFO - 15m | 14:30 | O:95398.4 H:95483.6 L:95368.7 C:95381.1
2026-01-17 23:45:00,074 - INFO - 지표: ADX=19.9, ATR=89.5, Bull=False, Bear=False
2026-01-17 23:46:14,727 - INFO - [상태] 포지션 없음, 자본금: $6059.05
2026-01-17 23:46:14,727 - INFO - [지표] ADX=nan, Bull=nan, Bear=nan
2026-01-17 23:51:14,733 - INFO - [상태] 포지션 없음, 자본금: $6059.05
2026-01-17 23:51:14,733 - INFO - [지표] ADX=nan, Bull=nan, Bear=nan
2026-01-17 23:56:14,735 - INFO - [상태] 포지션 없음, 자본금: $6059.05
2026-01-17 23:56:14,735 - INFO - [지표] ADX=nan, Bull=nan, Bear=nan
2026-01-18 00:00:00,122 - INFO - [EMA] 증분계산: prev=95259.72, close=95403.1, new=95270.75
2026-01-18 00:00:00,129 - INFO - 15m | 14:45 | O:95386.5 H:95429.2 L:95335.1 C:95403.1
2026-01-18 00:00:00,129 - INFO - 지표: ADX=20.3, ATR=89.9, Bull=False, Bear=False
2026-01-18 00:01:14,739 - INFO - [상태] 포지션 없음, 자본금: $6059.05
2026-01-18 00:01:14,739 - INFO - [지표] ADX=nan, Bull=nan, Bear=nan
2026-01-18 00:06:14,743 - INFO - [상태] 포지션 없음, 자본금: $6059.05
2026-01-18 00:06:14,743 - INFO - [지표] ADX=nan, Bull=nan, Bear=nan
2026-01-18 00:11:14,746 - INFO - [상태] 포지션 없음, 자본금: $6059.05
2026-01-18 00:11:14,747 - INFO - [지표] ADX=nan, Bull=nan, Bear=nan
2026-01-18 00:15:01,193 - INFO - [EMA] 증분계산: prev=95270.75, close=95429.2, new=95282.94
2026-01-18 00:15:01,200 - INFO - 15m | 15:00 | O:95403.1 H:95583.1 L:95384.6 C:95429.2
2026-01-18 00:15:01,200 - INFO - 지표: ADX=21.9, ATR=98.9, Bull=False, Bear=False
2026-01-18 00:16:14,748 - INFO - [상태] 포지션 없음, 자본금: $6059.05
2026-01-18 00:16:14,749 - INFO - [지표] ADX=nan, Bull=nan, Bear=nan
2026-01-18 00:21:14,750 - INFO - [상태] 포지션 없음, 자본금: $6059.05
2026-01-18 00:21:14,750 - INFO - [지표] ADX=nan, Bull=nan, Bear=nan
2026-01-18 00:26:14,754 - INFO - [상태] 포지션 없음, 자본금: $6059.05
2026-01-18 00:26:14,754 - INFO - [지표] ADX=nan, Bull=nan, Bear=nan
2026-01-18 00:30:00,097 - INFO - [EMA] 증분계산: prev=95282.94, close=95441.9, new=95295.16
2026-01-18 00:30:00,104 - INFO - 15m | 15:15 | O:95429.3 H:95492.3 L:95358.3 C:95441.9
2026-01-18 00:30:00,104 - INFO - 지표: ADX=23.0, ATR=101.8, Bull=False, Bear=False
2026-01-18 00:31:14,756 - INFO - [상태] 포지션 없음, 자본금: $6059.05
2026-01-18 00:31:14,756 - INFO - [지표] ADX=nan, Bull=nan, Bear=nan
2026-01-18 00:36:14,759 - INFO - [상태] 포지션 없음, 자본금: $6059.05
2026-01-18 00:36:14,760 - INFO - [지표] ADX=nan, Bull=nan, Bear=nan
2026-01-18 00:41:14,761 - INFO - [상태] 포지션 없음, 자본금: $6059.05
2026-01-18 00:41:14,761 - INFO - [지표] ADX=nan, Bull=nan, Bear=nan
2026-01-18 00:45:00,113 - INFO - [EMA] 증분계산: prev=95295.16, close=95524.5, new=95312.81
2026-01-18 00:45:00,120 - INFO - 15m | 15:30 | O:95441.9 H:95531.3 L:95431.5 C:95524.5
2026-01-18 00:45:00,120 - INFO - 지표: ADX=24.2, ATR=101.7, Bull=False, Bear=False
2026-01-18 00:46:14,763 - INFO - [상태] 포지션 없음, 자본금: $6059.05
2026-01-18 00:46:14,764 - INFO - [지표] ADX=nan, Bull=nan, Bear=nan
2026-01-18 00:51:14,766 - INFO - [상태] 포지션 없음, 자본금: $6059.05
2026-01-18 00:51:14,766 - INFO - [지표] ADX=nan, Bull=nan, Bear=nan
2026-01-18 00:56:14,769 - INFO - [상태] 포지션 없음, 자본금: $6059.05
2026-01-18 00:56:14,770 - INFO - [지표] ADX=nan, Bull=nan, Bear=nan
2026-01-18 01:00:00,045 - INFO - [EMA] 증분계산: prev=95312.81, close=95511.5, new=95328.09
2026-01-18 01:00:00,051 - INFO - 15m | 15:45 | O:95524.5 H:95536.2 L:95364.8 C:95511.5
2026-01-18 01:00:00,052 - INFO - 지표: ADX=24.4, ATR=107.5, Bull=False, Bear=False
2026-01-18 01:01:14,777 - INFO - [상태] 포지션 없음, 자본금: $6059.05
2026-01-18 01:01:14,777 - INFO - [지표] ADX=nan, Bull=nan, Bear=nan
2026-01-18 01:06:14,778 - INFO - [상태] 포지션 없음, 자본금: $6059.05
2026-01-18 01:06:14,779 - INFO - [지표] ADX=nan, Bull=nan, Bear=nan
2026-01-18 01:11:14,793 - INFO - [상태] 포지션 없음, 자본금: $6059.05
2026-01-18 01:11:14,794 - INFO - [지표] ADX=nan, Bull=nan, Bear=nan
2026-01-18 01:15:01,074 - INFO - [EMA] 증분계산: prev=95328.09, close=95433.6, new=95336.21
2026-01-18 01:15:01,083 - INFO - 15m | 16:00 | O:95513.0 H:95513.1 L:95407.1 C:95433.6
2026-01-18 01:15:01,083 - INFO - 지표: ADX=24.6, ATR=107.4, Bull=False, Bear=False
2026-01-18 01:16:14,795 - INFO - [상태] 포지션 없음, 자본금: $6059.05
2026-01-18 01:16:14,796 - INFO - [지표] ADX=nan, Bull=nan, Bear=nan
2026-01-18 01:21:14,799 - INFO - [상태] 포지션 없음, 자본금: $6059.05
2026-01-18 01:21:14,799 - INFO - [지표] ADX=nan, Bull=nan, Bear=nan
2026-01-18 01:26:14,800 - INFO - [상태] 포지션 없음, 자본금: $6059.05
2026-01-18 01:26:14,801 - INFO - [지표] ADX=nan, Bull=nan, Bear=nan
2026-01-18 01:30:00,135 - INFO - [EMA] 증분계산: prev=95336.21, close=95411.4, new=95341.99
2026-01-18 01:30:00,145 - INFO - 15m | 16:15 | O:95433.6 H:95452.5 L:95207.2 C:95411.4
2026-01-18 01:30:00,145 - INFO - 지표: ADX=23.2, ATR=118.8, Bull=False, Bear=False
2026-01-18 01:31:14,802 - INFO - [상태] 포지션 없음, 자본금: $6059.05
2026-01-18 01:31:14,802 - INFO - [지표] ADX=nan, Bull=nan, Bear=nan
2026-01-18 01:36:14,803 - INFO - [상태] 포지션 없음, 자본금: $6059.05
2026-01-18 01:36:14,804 - INFO - [지표] ADX=nan, Bull=nan, Bear=nan
2026-01-18 01:41:14,805 - INFO - [상태] 포지션 없음, 자본금: $6059.05
2026-01-18 01:41:14,806 - INFO - [지표] ADX=nan, Bull=nan, Bear=nan
2026-01-18 01:45:00,100 - INFO - [EMA] 증분계산: prev=95341.99, close=95315.1, new=95339.92
2026-01-18 01:45:00,107 - INFO - 15m | 16:30 | O:95409.1 H:95409.2 L:95235.0 C:95315.1
2026-01-18 01:45:00,107 - INFO - 지표: ADX=21.9, ATR=123.6, Bull=False, Bear=False
2026-01-18 01:46:14,808 - INFO - [상태] 포지션 없음, 자본금: $6059.05
2026-01-18 01:46:14,808 - INFO - [지표] ADX=nan, Bull=nan, Bear=nan
2026-01-18 01:51:14,810 - INFO - [상태] 포지션 없음, 자본금: $6059.05
2026-01-18 01:51:14,810 - INFO - [지표] ADX=nan, Bull=nan, Bear=nan
2026-01-18 01:56:14,813 - INFO - [상태] 포지션 없음, 자본금: $6059.05
2026-01-18 01:56:14,814 - INFO - [지표] ADX=nan, Bull=nan, Bear=nan
2026-01-18 02:00:00,295 - INFO - [EMA] 증분계산: prev=95339.92, close=95245.0, new=95332.62
2026-01-18 02:00:00,302 - INFO - 15m | 16:45 | O:95315.0 H:95315.0 L:95145.0 C:95245.0
2026-01-18 02:00:00,302 - INFO - 지표: ADX=21.4, ATR=127.5, Bull=False, Bear=False
2026-01-18 02:01:14,817 - INFO - [상태] 포지션 없음, 자본금: $6059.05
2026-01-18 02:01:14,817 - INFO - [지표] ADX=nan, Bull=nan, Bear=nan
2026-01-18 02:06:14,819 - INFO - [상태] 포지션 없음, 자본금: $6059.05
2026-01-18 02:06:14,820 - INFO - [지표] ADX=nan, Bull=nan, Bear=nan
2026-01-18 02:11:14,822 - INFO - [상태] 포지션 없음, 자본금: $6059.05
2026-01-18 02:11:14,822 - INFO - [지표] ADX=nan, Bull=nan, Bear=nan
2026-01-18 02:15:00,627 - INFO - [EMA] 증분계산: prev=95332.62, close=95299.1, new=95330.04
2026-01-18 02:15:00,637 - INFO - 15m | 17:00 | O:95245.0 H:95326.0 L:95221.0 C:95299.1
2026-01-18 02:15:00,637 - INFO - 지표: ADX=20.9, ATR=125.6, Bull=False, Bear=False
2026-01-18 02:16:14,824 - INFO - [상태] 포지션 없음, 자본금: $6059.05
2026-01-18 02:16:14,825 - INFO - [지표] ADX=nan, Bull=nan, Bear=nan
2026-01-18 02:21:14,827 - INFO - [상태] 포지션 없음, 자본금: $6059.05
2026-01-18 02:21:14,827 - INFO - [지표] ADX=nan, Bull=nan, Bear=nan
2026-01-18 02:26:14,830 - INFO - [상태] 포지션 없음, 자본금: $6059.05
2026-01-18 02:26:14,831 - INFO - [지표] ADX=nan, Bull=nan, Bear=nan
2026-01-18 02:30:00,293 - INFO - [EMA] 증분계산: prev=95330.04, close=95351.8, new=95331.72
2026-01-18 02:30:00,302 - INFO - 15m | 17:15 | O:95299.1 H:95356.5 L:95275.0 C:95351.8
2026-01-18 02:30:00,302 - INFO - 지표: ADX=20.1, ATR=122.0, Bull=False, Bear=False
2026-01-18 02:31:14,833 - INFO - [상태] 포지션 없음, 자본금: $6059.05
2026-01-18 02:31:14,833 - INFO - [지표] ADX=nan, Bull=nan, Bear=nan
2026-01-18 02:36:14,835 - INFO - [상태] 포지션 없음, 자본금: $6059.05
2026-01-18 02:36:14,836 - INFO - [지표] ADX=nan, Bull=nan, Bear=nan
2026-01-18 02:41:14,837 - INFO - [상태] 포지션 없음, 자본금: $6059.05
2026-01-18 02:41:14,837 - INFO - [지표] ADX=nan, Bull=nan, Bear=nan
2026-01-18 02:45:01,126 - INFO - [EMA] 증분계산: prev=95331.72, close=95370.8, new=95334.72
2026-01-18 02:45:01,136 - INFO - 15m | 17:30 | O:95351.9 H:95380.0 L:95317.2 C:95370.8
2026-01-18 02:45:01,136 - INFO - 지표: ADX=19.1, ATR=117.0, Bull=False, Bear=False
2026-01-18 02:46:14,841 - INFO - [상태] 포지션 없음, 자본금: $6059.05
2026-01-18 02:46:14,842 - INFO - [지표] ADX=nan, Bull=nan, Bear=nan
2026-01-18 02:51:14,844 - INFO - [상태] 포지션 없음, 자본금: $6059.05
2026-01-18 02:51:14,844 - INFO - [지표] ADX=nan, Bull=nan, Bear=nan
2026-01-18 02:56:14,850 - INFO - [상태] 포지션 없음, 자본금: $6059.05
2026-01-18 02:56:14,850 - INFO - [지표] ADX=nan, Bull=nan, Bear=nan
2026-01-18 03:00:00,285 - INFO - [EMA] 증분계산: prev=95334.72, close=95302.6, new=95332.25
2026-01-18 03:00:00,292 - INFO - 15m | 17:45 | O:95370.8 H:95370.8 L:95254.0 C:95302.6
2026-01-18 03:00:00,292 - INFO - 지표: ADX=18.7, ATR=117.0, Bull=False, Bear=False
2026-01-18 03:01:14,851 - INFO - [상태] 포지션 없음, 자본금: $6059.05
2026-01-18 03:01:14,852 - INFO - [지표] ADX=nan, Bull=nan, Bear=nan
2026-01-18 03:06:14,853 - INFO - [상태] 포지션 없음, 자본금: $6059.05
2026-01-18 03:06:14,853 - INFO - [지표] ADX=nan, Bull=nan, Bear=nan
2026-01-18 03:11:14,857 - INFO - [상태] 포지션 없음, 자본금: $6059.05
2026-01-18 03:11:14,857 - INFO - [지표] ADX=nan, Bull=nan, Bear=nan
2026-01-18 03:15:00,050 - INFO - [EMA] 증분계산: prev=95332.25, close=95360.7, new=95334.44
2026-01-18 03:15:00,060 - INFO - 15m | 18:00 | O:95302.7 H:95381.3 L:95269.2 C:95360.7
2026-01-18 03:15:00,060 - INFO - 지표: ADX=18.3, ATR=116.6, Bull=False, Bear=False
2026-01-18 03:16:14,861 - INFO - [상태] 포지션 없음, 자본금: $6059.05
2026-01-18 03:16:14,862 - INFO - [지표] ADX=nan, Bull=nan, Bear=nan
2026-01-18 03:21:14,864 - INFO - [상태] 포지션 없음, 자본금: $6059.05
2026-01-18 03:21:14,864 - INFO - [지표] ADX=nan, Bull=nan, Bear=nan
2026-01-18 03:26:14,866 - INFO - [상태] 포지션 없음, 자본금: $6059.05
2026-01-18 03:26:14,867 - INFO - [지표] ADX=nan, Bull=nan, Bear=nan
2026-01-18 03:30:00,094 - INFO - [EMA] 증분계산: prev=95334.44, close=95392.5, new=95338.91
2026-01-18 03:30:00,101 - INFO - 15m | 18:15 | O:95360.7 H:95401.0 L:95360.7 C:95392.5
2026-01-18 03:30:00,101 - INFO - 지표: ADX=17.6, ATR=110.2, Bull=False, Bear=False
2026-01-18 03:31:14,870 - INFO - [상태] 포지션 없음, 자본금: $6059.05
2026-01-18 03:31:14,870 - INFO - [지표] ADX=nan, Bull=nan, Bear=nan
2026-01-18 03:36:14,873 - INFO - [상태] 포지션 없음, 자본금: $6059.05
2026-01-18 03:36:14,874 - INFO - [지표] ADX=nan, Bull=nan, Bear=nan
2026-01-18 03:41:14,877 - INFO - [상태] 포지션 없음, 자본금: $6059.05
2026-01-18 03:41:14,878 - INFO - [지표] ADX=nan, Bull=nan, Bear=nan
2026-01-18 03:45:00,094 - INFO - [EMA] 증분계산: prev=95338.91, close=95381.6, new=95342.19
2026-01-18 03:45:00,103 - INFO - 15m | 18:30 | O:95392.5 H:95406.7 L:95369.8 C:95381.6
2026-01-18 03:45:00,103 - INFO - 지표: ADX=16.9, ATR=104.1, Bull=False, Bear=False
2026-01-18 03:46:14,883 - INFO - [상태] 포지션 없음, 자본금: $6059.05
2026-01-18 03:46:14,883 - INFO - [지표] ADX=nan, Bull=nan, Bear=nan
2026-01-18 03:51:14,888 - INFO - [상태] 포지션 없음, 자본금: $6059.05
2026-01-18 03:51:14,889 - INFO - [지표] ADX=nan, Bull=nan, Bear=nan
2026-01-18 03:56:14,893 - INFO - [상태] 포지션 없음, 자본금: $6059.05
2026-01-18 03:56:14,893 - INFO - [지표] ADX=nan, Bull=nan, Bear=nan
2026-01-18 04:00:03,040 - INFO - [EMA] 증분계산: prev=95342.19, close=95362.0, new=95343.71
2026-01-18 04:00:03,049 - INFO - 15m | 18:45 | O:95381.6 H:95388.0 L:95345.6 C:95362.0
2026-01-18 04:00:03,049 - INFO - 지표: ADX=16.5, ATR=99.0, Bull=False, Bear=False
2026-01-18 04:01:14,897 - INFO - [상태] 포지션 없음, 자본금: $6059.05
2026-01-18 04:01:14,897 - INFO - [지표] ADX=nan, Bull=nan, Bear=nan
2026-01-18 04:06:14,901 - INFO - [상태] 포지션 없음, 자본금: $6059.05
2026-01-18 04:06:14,902 - INFO - [지표] ADX=nan, Bull=nan, Bear=nan
2026-01-18 04:11:14,905 - INFO - [상태] 포지션 없음, 자본금: $6059.05
2026-01-18 04:11:14,905 - INFO - [지표] ADX=nan, Bull=nan, Bear=nan
2026-01-18 04:15:00,250 - INFO - [EMA] 증분계산: prev=95343.71, close=95329.7, new=95342.64
2026-01-18 04:15:00,257 - INFO - 15m | 19:00 | O:95362.1 H:95362.1 L:95320.4 C:95329.7
2026-01-18 04:15:00,257 - INFO - 지표: ADX=16.5, ATR=94.2, Bull=False, Bear=False
2026-01-18 04:16:14,908 - INFO - [상태] 포지션 없음, 자본금: $6059.05
2026-01-18 04:16:14,908 - INFO - [지표] ADX=nan, Bull=nan, Bear=nan
2026-01-18 04:21:14,910 - INFO - [상태] 포지션 없음, 자본금: $6059.05
2026-01-18 04:21:14,911 - INFO - [지표] ADX=nan, Bull=nan, Bear=nan
2026-01-18 04:26:14,914 - INFO - [상태] 포지션 없음, 자본금: $6059.05
2026-01-18 04:26:14,914 - INFO - [지표] ADX=nan, Bull=nan, Bear=nan
2026-01-18 04:30:03,041 - INFO - [EMA] 증분계산: prev=95342.64, close=95280.9, new=95337.89
2026-01-18 04:30:03,048 - INFO - 15m | 19:15 | O:95328.7 H:95328.7 L:95273.8 C:95280.9
2026-01-18 04:30:03,048 - INFO - 지표: ADX=16.9, ATR=91.0, Bull=False, Bear=False
2026-01-18 04:31:14,916 - INFO - [상태] 포지션 없음, 자본금: $6059.05
2026-01-18 04:31:14,916 - INFO - [지표] ADX=nan, Bull=nan, Bear=nan
2026-01-18 04:36:14,920 - INFO - [상태] 포지션 없음, 자본금: $6059.05
2026-01-18 04:36:14,920 - INFO - [지표] ADX=nan, Bull=nan, Bear=nan
2026-01-18 04:41:14,935 - INFO - [상태] 포지션 없음, 자본금: $6059.05
2026-01-18 04:41:14,935 - INFO - [지표] ADX=nan, Bull=nan, Bear=nan
2026-01-18 04:45:00,590 - INFO - [EMA] 증분계산: prev=95337.89, close=95230.0, new=95329.59
2026-01-18 04:45:00,599 - INFO - 15m | 19:30 | O:95281.7 H:95308.4 L:95230.0 C:95230.0
2026-01-18 04:45:00,599 - INFO - 지표: ADX=17.7, ATR=90.0, Bull=False, Bear=False
2026-01-18 04:46:14,937 - INFO - [상태] 포지션 없음, 자본금: $6059.05
2026-01-18 04:46:14,938 - INFO - [지표] ADX=nan, Bull=nan, Bear=nan
2026-01-18 04:51:14,948 - INFO - [상태] 포지션 없음, 자본금: $6059.05
2026-01-18 04:51:14,948 - INFO - [지표] ADX=nan, Bull=nan, Bear=nan
2026-01-18 04:56:14,950 - INFO - [상태] 포지션 없음, 자본금: $6059.05
2026-01-18 04:56:14,950 - INFO - [지표] ADX=nan, Bull=nan, Bear=nan
2026-01-18 05:00:01,518 - INFO - [EMA] 증분계산: prev=95329.59, close=95235.9, new=95322.38
2026-01-18 05:00:01,527 - INFO - 15m | 19:45 | O:95230.0 H:95246.1 L:95214.8 C:95235.9
2026-01-18 05:00:01,527 - INFO - 지표: ADX=18.7, ATR=85.1, Bull=False, Bear=False
2026-01-18 05:01:14,952 - INFO - [상태] 포지션 없음, 자본금: $6059.05
2026-01-18 05:01:14,952 - INFO - [지표] ADX=nan, Bull=nan, Bear=nan
2026-01-18 05:06:14,956 - INFO - [상태] 포지션 없음, 자본금: $6059.05
2026-01-18 05:06:14,957 - INFO - [지표] ADX=nan, Bull=nan, Bear=nan
2026-01-18 05:11:14,959 - INFO - [상태] 포지션 없음, 자본금: $6059.05
2026-01-18 05:11:14,959 - INFO - [지표] ADX=nan, Bull=nan, Bear=nan
2026-01-18 05:15:00,746 - INFO - [EMA] 증분계산: prev=95322.38, close=95222.2, new=95314.67
2026-01-18 05:15:00,754 - INFO - 15m | 20:00 | O:95235.9 H:95247.2 L:95220.6 C:95222.2
2026-01-18 05:15:00,754 - INFO - 지표: ADX=19.5, ATR=80.2, Bull=False, Bear=False
2026-01-18 05:16:14,964 - INFO - [상태] 포지션 없음, 자본금: $6059.05
2026-01-18 05:16:14,964 - INFO - [지표] ADX=nan, Bull=nan, Bear=nan
2026-01-18 05:21:14,965 - INFO - [상태] 포지션 없음, 자본금: $6059.05
2026-01-18 05:21:14,966 - INFO - [지표] ADX=nan, Bull=nan, Bear=nan
2026-01-18 05:26:14,969 - INFO - [상태] 포지션 없음, 자본금: $6059.05
2026-01-18 05:26:14,969 - INFO - [지표] ADX=nan, Bull=nan, Bear=nan
2026-01-18 05:30:00,093 - INFO - [EMA] 증분계산: prev=95314.67, close=95259.1, new=95310.40
2026-01-18 05:30:00,100 - INFO - 15m | 20:15 | O:95222.2 H:95334.5 L:95221.1 C:95259.1
2026-01-18 05:30:00,100 - INFO - 지표: ADX=18.8, ATR=83.0, Bull=False, Bear=False
2026-01-18 05:31:14,973 - INFO - [상태] 포지션 없음, 자본금: $6059.05
2026-01-18 05:31:14,973 - INFO - [지표] ADX=nan, Bull=nan, Bear=nan
2026-01-18 05:36:14,975 - INFO - [상태] 포지션 없음, 자본금: $6059.05
2026-01-18 05:36:14,975 - INFO - [지표] ADX=nan, Bull=nan, Bear=nan
2026-01-18 05:41:14,977 - INFO - [상태] 포지션 없음, 자본금: $6059.05
2026-01-18 05:41:14,977 - INFO - [지표] ADX=nan, Bull=nan, Bear=nan
2026-01-18 05:45:00,613 - INFO - [EMA] 증분계산: prev=95310.40, close=95257.2, new=95306.31
2026-01-18 05:45:00,620 - INFO - 15m | 20:30 | O:95259.1 H:95259.1 L:95221.0 C:95257.2
2026-01-18 05:45:00,620 - INFO - 지표: ADX=18.2, ATR=79.2, Bull=False, Bear=False
2026-01-18 05:46:14,979 - INFO - [상태] 포지션 없음, 자본금: $6059.05
2026-01-18 05:46:14,979 - INFO - [지표] ADX=nan, Bull=nan, Bear=nan
2026-01-18 05:51:14,980 - INFO - [상태] 포지션 없음, 자본금: $6059.05
2026-01-18 05:51:14,981 - INFO - [지표] ADX=nan, Bull=nan, Bear=nan
2026-01-18 05:56:14,982 - INFO - [상태] 포지션 없음, 자본금: $6059.05
2026-01-18 05:56:14,982 - INFO - [지표] ADX=nan, Bull=nan, Bear=nan
2026-01-18 06:00:00,034 - INFO - [EMA] 증분계산: prev=95306.31, close=95314.3, new=95306.92
2026-01-18 06:00:00,041 - INFO - 15m | 20:45 | O:95257.2 H:95320.0 L:95257.2 C:95314.3
2026-01-18 06:00:00,041 - INFO - 지표: ADX=17.0, ATR=77.9, Bull=False, Bear=False
2026-01-18 06:01:14,983 - INFO - [상태] 포지션 없음, 자본금: $6059.05
2026-01-18 06:01:14,983 - INFO - [지표] ADX=nan, Bull=nan, Bear=nan
2026-01-18 06:06:14,985 - INFO - [상태] 포지션 없음, 자본금: $6059.05
2026-01-18 06:06:14,986 - INFO - [지표] ADX=nan, Bull=nan, Bear=nan
2026-01-18 06:11:14,989 - INFO - [상태] 포지션 없음, 자본금: $6059.05
2026-01-18 06:11:14,989 - INFO - [지표] ADX=nan, Bull=nan, Bear=nan
2026-01-18 06:15:01,416 - INFO - [EMA] 증분계산: prev=95306.92, close=95282.5, new=95305.04
2026-01-18 06:15:01,423 - INFO - 15m | 21:00 | O:95314.2 H:95325.3 L:95282.5 C:95282.5
2026-01-18 06:15:01,423 - INFO - 지표: ADX=16.1, ATR=74.9, Bull=False, Bear=False
2026-01-18 06:16:14,993 - INFO - [상태] 포지션 없음, 자본금: $6059.05
2026-01-18 06:16:14,994 - INFO - [지표] ADX=nan, Bull=nan, Bear=nan
2026-01-18 06:21:15,010 - INFO - [상태] 포지션 없음, 자본금: $6059.05
2026-01-18 06:21:15,011 - INFO - [지표] ADX=nan, Bull=nan, Bear=nan
2026-01-18 06:26:15,014 - INFO - [상태] 포지션 없음, 자본금: $6059.05
2026-01-18 06:26:15,015 - INFO - [지표] ADX=nan, Bull=nan, Bear=nan
2026-01-18 06:30:00,103 - INFO - [EMA] 증분계산: prev=95305.04, close=95305.0, new=95305.04
2026-01-18 06:30:00,110 - INFO - 15m | 21:15 | O:95282.5 H:95355.0 L:95282.5 C:95305.0
2026-01-18 06:30:00,110 - INFO - 지표: ADX=15.6, ATR=74.7, Bull=False, Bear=False
2026-01-18 06:31:15,016 - INFO - [상태] 포지션 없음, 자본금: $6059.05
2026-01-18 06:31:15,016 - INFO - [지표] ADX=nan, Bull=nan, Bear=nan
2026-01-18 06:36:15,019 - INFO - [상태] 포지션 없음, 자본금: $6059.05
2026-01-18 06:36:15,019 - INFO - [지표] ADX=nan, Bull=nan, Bear=nan
2026-01-18 06:41:15,022 - INFO - [상태] 포지션 없음, 자본금: $6059.05
2026-01-18 06:41:15,022 - INFO - [지표] ADX=nan, Bull=nan, Bear=nan
2026-01-18 06:45:01,773 - INFO - [EMA] 증분계산: prev=95305.04, close=95231.5, new=95299.38
2026-01-18 06:45:01,780 - INFO - 15m | 21:30 | O:95305.0 H:95305.0 L:95218.0 C:95231.5
2026-01-18 06:45:01,780 - INFO - 지표: ADX=14.8, ATR=75.8, Bull=False, Bear=True
2026-01-18 06:46:15,025 - INFO - [상태] 포지션 없음, 자본금: $6059.05
2026-01-18 06:46:15,026 - INFO - [지표] ADX=nan, Bull=nan, Bear=nan
2026-01-18 06:51:15,029 - INFO - [상태] 포지션 없음, 자본금: $6059.05
2026-01-18 06:51:15,030 - INFO - [지표] ADX=nan, Bull=nan, Bear=nan
2026-01-18 06:56:15,034 - INFO - [상태] 포지션 없음, 자본금: $6059.05
2026-01-18 06:56:15,034 - INFO - [지표] ADX=nan, Bull=nan, Bear=nan
2026-01-18 07:00:00,283 - INFO - [EMA] 증분계산: prev=95299.38, close=95248.6, new=95295.48
2026-01-18 07:00:00,290 - INFO - 15m | 21:45 | O:95231.5 H:95256.1 L:95210.0 C:95248.6
2026-01-18 07:00:00,290 - INFO - 지표: ADX=14.1, ATR=73.3, Bull=False, Bear=True
2026-01-18 07:01:15,036 - INFO - [상태] 포지션 없음, 자본금: $6059.05
2026-01-18 07:01:15,036 - INFO - [지표] ADX=nan, Bull=nan, Bear=nan
2026-01-18 07:06:15,048 - INFO - [상태] 포지션 없음, 자본금: $6059.05
2026-01-18 07:06:15,048 - INFO - [지표] ADX=nan, Bull=nan, Bear=nan
2026-01-18 07:11:15,065 - INFO - [상태] 포지션 없음, 자본금: $6059.05
2026-01-18 07:11:15,065 - INFO - [지표] ADX=nan, Bull=nan, Bear=nan
2026-01-18 07:15:02,576 - INFO - [EMA] 증분계산: prev=95295.48, close=95120.2, new=95281.99
2026-01-18 07:15:02,582 - INFO - 15m | 22:00 | O:95248.6 H:95249.0 L:95086.1 C:95120.2
2026-01-18 07:15:02,582 - INFO - 지표: ADX=14.9, ATR=80.8, Bull=False, Bear=True
2026-01-18 07:16:15,066 - INFO - [상태] 포지션 없음, 자본금: $6059.05
2026-01-18 07:16:15,067 - INFO - [지표] ADX=nan, Bull=nan, Bear=nan
2026-01-18 07:21:15,072 - INFO - [상태] 포지션 없음, 자본금: $6059.05
2026-01-18 07:21:15,073 - INFO - [지표] ADX=nan, Bull=nan, Bear=nan
2026-01-18 07:26:15,077 - INFO - [상태] 포지션 없음, 자본금: $6059.05
2026-01-18 07:26:15,077 - INFO - [지표] ADX=nan, Bull=nan, Bear=nan
2026-01-18 07:30:01,086 - INFO - [EMA] 증분계산: prev=95281.99, close=95119.9, new=95269.53
2026-01-18 07:30:01,093 - INFO - 15m | 22:15 | O:95120.2 H:95186.9 L:95100.0 C:95119.9
2026-01-18 07:30:01,093 - INFO - 지표: ADX=15.7, ATR=81.3, Bull=False, Bear=True
2026-01-18 07:31:15,081 - INFO - [상태] 포지션 없음, 자본금: $6059.05
2026-01-18 07:31:15,081 - INFO - [지표] ADX=nan, Bull=nan, Bear=nan
2026-01-18 07:36:15,083 - INFO - [상태] 포지션 없음, 자본금: $6059.05
2026-01-18 07:36:15,083 - INFO - [지표] ADX=nan, Bull=nan, Bear=nan
2026-01-18 07:41:15,085 - INFO - [상태] 포지션 없음, 자본금: $6059.05
2026-01-18 07:41:15,085 - INFO - [지표] ADX=nan, Bull=nan, Bear=nan
2026-01-18 07:45:00,113 - INFO - [EMA] 증분계산: prev=95269.53, close=95079.5, new=95254.91
2026-01-18 07:45:00,122 - INFO - 15m | 22:30 | O:95119.9 H:95123.0 L:95000.0 C:95079.5
2026-01-18 07:45:00,122 - INFO - 지표: ADX=17.3, ATR=84.7, Bull=False, Bear=True
2026-01-18 07:46:15,087 - INFO - [상태] 포지션 없음, 자본금: $6059.05
2026-01-18 07:46:15,087 - INFO - [지표] ADX=nan, Bull=nan, Bear=nan
2026-01-18 07:51:15,088 - INFO - [상태] 포지션 없음, 자본금: $6059.05
2026-01-18 07:51:15,089 - INFO - [지표] ADX=nan, Bull=nan, Bear=nan
2026-01-18 07:56:15,090 - INFO - [상태] 포지션 없음, 자본금: $6059.05
2026-01-18 07:56:15,090 - INFO - [지표] ADX=nan, Bull=nan, Bear=nan
2026-01-18 08:00:00,058 - INFO - [EMA] 증분계산: prev=95254.91, close=95099.9, new=95242.98
2026-01-18 08:00:00,067 - INFO - 15m | 22:45 | O:95079.4 H:95177.4 L:94967.4 C:95099.9
2026-01-18 08:00:00,067 - INFO - 지표: ADX=17.9, ATR=95.2, Bull=False, Bear=True
2026-01-18 08:01:15,092 - INFO - [상태] 포지션 없음, 자본금: $6059.05
2026-01-18 08:01:15,092 - INFO - [지표] ADX=nan, Bull=nan, Bear=nan
2026-01-18 08:06:15,093 - INFO - [상태] 포지션 없음, 자본금: $6059.05
2026-01-18 08:06:15,094 - INFO - [지표] ADX=nan, Bull=nan, Bear=nan
2026-01-18 08:11:15,096 - INFO - [상태] 포지션 없음, 자본금: $6059.05
2026-01-18 08:11:15,096 - INFO - [지표] ADX=nan, Bull=nan, Bear=nan
2026-01-18 08:15:00,315 - INFO - [EMA] 증분계산: prev=95242.98, close=95112.3, new=95232.93
2026-01-18 08:15:00,321 - INFO - 15m | 23:00 | O:95099.9 H:95152.0 L:95075.0 C:95112.3
2026-01-18 08:15:00,321 - INFO - 지표: ADX=18.4, ATR=93.7, Bull=False, Bear=True
2026-01-18 08:16:15,098 - INFO - [상태] 포지션 없음, 자본금: $6059.05
2026-01-18 08:16:15,099 - INFO - [지표] ADX=nan, Bull=nan, Bear=nan
2026-01-18 08:21:15,103 - INFO - [상태] 포지션 없음, 자본금: $6059.05
2026-01-18 08:21:15,104 - INFO - [지표] ADX=nan, Bull=nan, Bear=nan
2026-01-18 08:26:15,105 - INFO - [상태] 포지션 없음, 자본금: $6059.05
2026-01-18 08:26:15,105 - INFO - [지표] ADX=nan, Bull=nan, Bear=nan
2026-01-18 08:30:00,056 - INFO - [EMA] 증분계산: prev=95232.93, close=95062.2, new=95219.80
2026-01-18 08:30:00,062 - INFO - 15m | 23:15 | O:95112.3 H:95128.8 L:95062.1 C:95062.2
2026-01-18 08:30:00,063 - INFO - 지표: ADX=19.1, ATR=91.4, Bull=False, Bear=True
2026-01-18 08:31:15,108 - INFO - [상태] 포지션 없음, 자본금: $6059.05
2026-01-18 08:31:15,108 - INFO - [지표] ADX=nan, Bull=nan, Bear=nan
2026-01-18 08:36:15,108 - INFO - [상태] 포지션 없음, 자본금: $6059.05
2026-01-18 08:36:15,109 - INFO - [지표] ADX=nan, Bull=nan, Bear=nan
2026-01-18 08:41:15,110 - INFO - [상태] 포지션 없음, 자본금: $6059.05
2026-01-18 08:41:15,110 - INFO - [지표] ADX=nan, Bull=nan, Bear=nan
2026-01-18 08:45:00,122 - INFO - [EMA] 증분계산: prev=95219.80, close=95095.1, new=95210.21
2026-01-18 08:45:00,128 - INFO - 15m | 23:30 | O:95065.0 H:95114.7 L:95046.3 C:95095.1
2026-01-18 08:45:00,129 - INFO - 지표: ADX=19.8, ATR=89.5, Bull=False, Bear=True
2026-01-18 08:46:15,117 - INFO - [상태] 포지션 없음, 자본금: $6059.05
2026-01-18 08:46:15,117 - INFO - [지표] ADX=nan, Bull=nan, Bear=nan
2026-01-18 08:51:15,118 - INFO - [상태] 포지션 없음, 자본금: $6059.05
2026-01-18 08:51:15,118 - INFO - [지표] ADX=nan, Bull=nan, Bear=nan
2026-01-18 08:56:15,119 - INFO - [상태] 포지션 없음, 자본금: $6059.05
2026-01-18 08:56:15,119 - INFO - [지표] ADX=nan, Bull=nan, Bear=nan
