2026-01-21 09:00:00,077 - INFO - === 로그 파일 시작: logs/hyper_2026-01-21.log ===
2026-01-21 09:00:00,077 - INFO - [EMA] 증분계산: prev=89232.19, close=88303.1, new=89160.72
2026-01-21 09:00:00,086 - INFO - 15m | 23:45 | O:88360.9 H:88399.1 L:88209.0 C:88303.1
2026-01-21 09:00:00,086 - INFO - 지표: ADX=44.5, ATR=388.8, Bull=False, Bear=True
2026-01-21 09:02:51,433 - INFO - [상태] 포지션 없음, 자본금: $6563.74
2026-01-21 09:02:51,433 - INFO - [지표] ADX=nan, Bull=nan, Bear=nan
2026-01-21 09:07:51,437 - INFO - [상태] 포지션 없음, 자본금: $6563.74
2026-01-21 09:07:51,438 - INFO - [지표] ADX=nan, Bull=nan, Bear=nan
2026-01-21 09:12:51,439 - INFO - [상태] 포지션 없음, 자본금: $6563.74
2026-01-21 09:12:51,440 - INFO - [지표] ADX=nan, Bull=nan, Bear=nan
2026-01-21 09:15:00,380 - INFO - [EMA] 증분계산: prev=89160.72, close=88296.1, new=89094.21
2026-01-21 09:15:00,387 - INFO - 15m | 00:00 | O:88302.1 H:88499.2 L:88247.3 C:88296.1
2026-01-21 09:15:00,387 - INFO - 지표: ADX=44.9, ATR=377.4, Bull=False, Bear=True
2026-01-21 09:17:51,441 - INFO - [상태] 포지션 없음, 자본금: $6563.74
2026-01-21 09:17:51,441 - INFO - [지표] ADX=nan, Bull=nan, Bear=nan
2026-01-21 09:22:51,442 - INFO - [상태] 포지션 없음, 자본금: $6563.74
2026-01-21 09:22:51,443 - INFO - [지표] ADX=nan, Bull=nan, Bear=nan
2026-01-21 09:27:51,443 - INFO - [상태] 포지션 없음, 자본금: $6563.74
2026-01-21 09:27:51,444 - INFO - [지표] ADX=nan, Bull=nan, Bear=nan
2026-01-21 09:30:00,106 - INFO - [EMA] 증분계산: prev=89094.21, close=88444.1, new=89044.21
2026-01-21 09:30:00,112 - INFO - 15m | 00:15 | O:88296.0 H:88495.2 L:88108.6 C:88444.1
2026-01-21 09:30:00,113 - INFO - 지표: ADX=45.5, ATR=378.2, Bull=False, Bear=True
2026-01-21 09:32:51,450 - INFO - [상태] 포지션 없음, 자본금: $6563.74
2026-01-21 09:32:51,450 - INFO - [지표] ADX=nan, Bull=nan, Bear=nan
2026-01-21 09:37:51,451 - INFO - [상태] 포지션 없음, 자본금: $6563.74
2026-01-21 09:37:51,452 - INFO - [지표] ADX=nan, Bull=nan, Bear=nan
2026-01-21 09:42:51,453 - INFO - [상태] 포지션 없음, 자본금: $6563.74
2026-01-21 09:42:51,453 - INFO - [지표] ADX=nan, Bull=nan, Bear=nan
2026-01-21 09:45:00,588 - INFO - [EMA] 증분계산: prev=89044.21, close=88723.9, new=89019.57
2026-01-21 09:45:00,595 - INFO - 15m | 00:30 | O:88444.1 H:88813.7 L:88381.8 C:88723.9
2026-01-21 09:45:00,595 - INFO - 지표: ADX=44.6, ATR=382.7, Bull=False, Bear=True
2026-01-21 09:47:51,454 - INFO - [상태] 포지션 없음, 자본금: $6563.74
2026-01-21 09:47:51,454 - INFO - [지표] ADX=nan, Bull=nan, Bear=nan
2026-01-21 09:52:51,456 - INFO - [상태] 포지션 없음, 자본금: $6563.74
2026-01-21 09:52:51,456 - INFO - [지표] ADX=nan, Bull=nan, Bear=nan
2026-01-21 09:57:51,457 - INFO - [상태] 포지션 없음, 자본금: $6563.74
2026-01-21 09:57:51,457 - INFO - [지표] ADX=nan, Bull=nan, Bear=nan
2026-01-21 10:00:00,431 - INFO - [EMA] 증분계산: prev=89019.57, close=88806.0, new=89003.14
2026-01-21 10:00:00,437 - INFO - 15m | 00:45 | O:88723.9 H:88863.3 L:88698.3 C:88806.0
2026-01-21 10:00:00,437 - INFO - 지표: ADX=43.6, ATR=364.5, Bull=False, Bear=True
2026-01-21 10:02:51,461 - INFO - [상태] 포지션 없음, 자본금: $6563.74
2026-01-21 10:02:51,462 - INFO - [지표] ADX=nan, Bull=nan, Bear=nan
2026-01-21 10:07:51,465 - INFO - [상태] 포지션 없음, 자본금: $6563.74
2026-01-21 10:07:51,465 - INFO - [지표] ADX=nan, Bull=nan, Bear=nan
2026-01-21 10:12:51,467 - INFO - [상태] 포지션 없음, 자본금: $6563.74
2026-01-21 10:12:51,468 - INFO - [지표] ADX=nan, Bull=nan, Bear=nan
2026-01-21 10:15:00,702 - INFO - [EMA] 증분계산: prev=89003.14, close=88963.8, new=89000.11
2026-01-21 10:15:00,710 - INFO - 15m | 01:00 | O:88806.1 H:88989.4 L:88714.2 C:88963.8
2026-01-21 10:15:00,710 - INFO - 지표: ADX=42.2, ATR=357.1, Bull=False, Bear=True
2026-01-21 10:17:51,469 - INFO - [상태] 포지션 없음, 자본금: $6563.74
2026-01-21 10:17:51,469 - INFO - [지표] ADX=nan, Bull=nan, Bear=nan
2026-01-21 10:22:51,470 - INFO - [상태] 포지션 없음, 자본금: $6563.74
2026-01-21 10:22:51,471 - INFO - [지표] ADX=nan, Bull=nan, Bear=nan
2026-01-21 10:27:51,474 - INFO - [상태] 포지션 없음, 자본금: $6563.74
2026-01-21 10:27:51,474 - INFO - [지표] ADX=nan, Bull=nan, Bear=nan
2026-01-21 10:30:00,426 - INFO - [EMA] 증분계산: prev=89000.11, close=88944.3, new=88995.82
2026-01-21 10:30:00,433 - INFO - 15m | 01:15 | O:88963.8 H:89027.2 L:88795.3 C:88944.3
2026-01-21 10:30:00,433 - INFO - 지표: ADX=40.8, ATR=346.6, Bull=False, Bear=True
2026-01-21 10:30:00,434 - INFO - [LIVE] SHORT 신호 감지!
2026-01-21 10:30:00,434 - INFO - ==================================================
2026-01-21 10:30:00,434 - INFO - [LIVE] SHORT 진입 준비
2026-01-21 10:30:00,434 - INFO - 진입가: $88944.30
2026-01-21 10:30:00,434 - INFO - 손절가: $89843.30 (1.01%)
2026-01-21 10:30:00,434 - INFO - 익절가: $87417.22 (1.72%)
2026-01-21 10:30:00,434 - INFO - 레버리지: 6.42x
2026-01-21 10:30:00,434 - INFO - 포지션 크기: 0.473771 BTC ($42139.21)
2026-01-21 10:30:00,434 - INFO - ==================================================
2026-01-21 10:30:00,523 - INFO - Leverage 설정: 6x
2026-01-21 10:30:00,569 - ERROR - 시장가 주문 실패: APIError(code=-2019): Margin is insufficient.
2026-01-21 10:30:00,569 - ERROR - 시장가 진입 실패
2026-01-21 10:32:51,475 - INFO - [상태] 포지션 없음, 자본금: $6563.74
2026-01-21 10:32:51,476 - INFO - [지표] ADX=nan, Bull=nan, Bear=nan
2026-01-21 10:37:51,478 - INFO - [상태] 포지션 없음, 자본금: $6563.74
2026-01-21 10:37:51,478 - INFO - [지표] ADX=nan, Bull=nan, Bear=nan
2026-01-21 10:42:44,692 - INFO - === 로그 파일 시작: logs/hyper_2026-01-21.log ===
2026-01-21 10:42:44,692 - INFO - ======================================================================
2026-01-21 10:42:44,692 - INFO - Hyper Scalper V2 Live Trading 시작
2026-01-21 10:42:44,692 - INFO - 심볼: BTCUSDC, 타임프레임: 15m
2026-01-21 10:42:44,692 - INFO - ======================================================================
2026-01-21 10:42:44,751 - INFO - ============================================================
2026-01-21 10:42:44,751 - INFO - Hyper Scalper V2 Strategy 초기화
2026-01-21 10:42:44,751 - INFO - *** LIVE 거래 모드 ***
2026-01-21 10:42:44,751 - WARNING - *** 실제 자금으로 거래합니다! ***
2026-01-21 10:42:44,751 - INFO - ============================================================
2026-01-21 10:42:44,752 - INFO - 상태 복구 완료: 2026-01-20T22:33:31.531902+00:00
2026-01-21 10:42:44,752 - INFO - 저장된 자본 복구: $6563.74
2026-01-21 10:42:44,752 - INFO - 상태 복구 완료: 2026-01-20T22:33:31.531902+00:00
2026-01-21 10:42:44,752 - INFO - 이전 상태 복구 중...
2026-01-21 10:42:44,752 - INFO - 자본금 복구: $6563.74
2026-01-21 10:42:44,819 - INFO - 과거 15분봉 데이터 로드 중...
2026-01-21 10:42:44,873 - INFO - 과거 데이터 로드 완료: 500개 캔들
2026-01-21 10:42:44,873 - INFO - 15분봉 로드 완료: 500개
2026-01-21 10:42:44,873 - INFO - 현재 지표: EMA25=88995.82, EMA100=90396.48, EMA200=91537.38, ADX=40.78, ATR=346.65
2026-01-21 10:42:44,891 - INFO - 초기 지표 저장 완료: 500개 → trades/indicators_hyper.csv
2026-01-21 10:42:44,891 - INFO - 모든 태스크 시작 완료
2026-01-21 10:42:44,891 - INFO - 초기 자본금: $6563.74
2026-01-21 10:42:45,009 - INFO - 웹소켓 연결: BTCUSDC (15분봉)
2026-01-21 10:44:48,611 - INFO - === 로그 파일 시작: logs/hyper_2026-01-21.log ===
2026-01-21 10:44:48,611 - INFO - ======================================================================
2026-01-21 10:44:48,611 - INFO - Hyper Scalper V2 Live Trading 시작
2026-01-21 10:44:48,611 - INFO - 심볼: BTCUSDC, 타임프레임: 15m
2026-01-21 10:44:48,611 - INFO - ======================================================================
2026-01-21 10:44:48,673 - INFO - ============================================================
2026-01-21 10:44:48,673 - INFO - Hyper Scalper V2 Strategy 초기화
2026-01-21 10:44:48,673 - INFO - *** LIVE 거래 모드 ***
2026-01-21 10:44:48,673 - WARNING - *** 실제 자금으로 거래합니다! ***
2026-01-21 10:44:48,673 - INFO - ============================================================
2026-01-21 10:44:48,674 - INFO - 상태 파일 없음 - 새로 시작
2026-01-21 10:44:48,751 - INFO - 초기 자본 설정 (USDC): $6218.28 (잔고 $6909.20의 90%)
2026-01-21 10:44:48,751 - INFO - 상태 파일 없음 - 새로 시작
2026-01-21 10:44:48,751 - INFO - 새로운 거래 세션 시작
2026-01-21 10:44:48,751 - INFO - 과거 15분봉 데이터 로드 중...
2026-01-21 10:44:48,806 - INFO - 과거 데이터 로드 완료: 500개 캔들
2026-01-21 10:44:48,806 - INFO - 15분봉 로드 완료: 500개
2026-01-21 10:44:48,806 - INFO - 현재 지표: EMA25=88995.82, EMA100=90396.48, EMA200=91537.38, ADX=40.78, ATR=346.65
2026-01-21 10:44:48,823 - INFO - 초기 지표 저장 완료: 500개 → trades/indicators_hyper.csv
2026-01-21 10:44:48,823 - INFO - 모든 태스크 시작 완료
2026-01-21 10:44:48,823 - INFO - 초기 자본금: $6218.28
2026-01-21 10:44:48,945 - INFO - 웹소켓 연결: BTCUSDC (15분봉)
2026-01-21 10:45:00,554 - INFO - [EMA] 증분계산: prev=88995.82, close=88910.4, new=88989.25
2026-01-21 10:45:00,560 - INFO - 15m | 01:30 | O:88943.5 H:89004.6 L:88856.9 C:88910.4
2026-01-21 10:45:00,560 - INFO - 지표: ADX=39.4, ATR=330.1, Bull=False, Bear=True
2026-01-21 10:45:00,561 - INFO - [LIVE] SHORT 신호 감지!
2026-01-21 10:45:00,561 - INFO - ==================================================
2026-01-21 10:45:00,561 - INFO - [LIVE] SHORT 진입 준비
2026-01-21 10:45:00,561 - INFO - 진입가: $88910.40
2026-01-21 10:45:00,561 - INFO - 손절가: $89733.30 (0.93%)
2026-01-21 10:45:00,561 - INFO - 익절가: $87452.98 (1.64%)
2026-01-21 10:45:00,561 - INFO - 레버리지: 6.96x
2026-01-21 10:45:00,561 - INFO - 포지션 크기: 0.486773 BTC ($43279.22)
2026-01-21 10:45:00,561 - INFO - ==================================================
2026-01-21 10:45:00,815 - INFO - Leverage 설정: 6x
2026-01-21 10:45:00,924 - ERROR - 시장가 주문 실패: APIError(code=-2019): Margin is insufficient.
2026-01-21 10:45:00,924 - ERROR - 시장가 진입 실패
2026-01-21 10:49:48,825 - INFO - [상태] 포지션 없음, 자본금: $6218.28
2026-01-21 10:49:48,826 - INFO - [지표] ADX=nan, Bull=nan, Bear=nan
2026-01-21 10:54:48,826 - INFO - [상태] 포지션 없음, 자본금: $6218.28
2026-01-21 10:54:48,827 - INFO - [지표] ADX=nan, Bull=nan, Bear=nan
2026-01-21 10:55:19,323 - INFO - === 로그 파일 시작: logs/hyper_2026-01-21.log ===
2026-01-21 10:55:19,323 - INFO - ======================================================================
2026-01-21 10:55:19,323 - INFO - Hyper Scalper V2 Live Trading 시작
2026-01-21 10:55:19,323 - INFO - 심볼: BTCUSDC, 타임프레임: 15m
2026-01-21 10:55:19,323 - INFO - ======================================================================
2026-01-21 10:55:19,386 - INFO - ============================================================
2026-01-21 10:55:19,386 - INFO - Hyper Scalper V2 Strategy 초기화
2026-01-21 10:55:19,386 - INFO - *** LIVE 거래 모드 ***
2026-01-21 10:55:19,386 - WARNING - *** 실제 자금으로 거래합니다! ***
2026-01-21 10:55:19,386 - INFO - ============================================================
2026-01-21 10:55:19,387 - INFO - 상태 파일 없음 - 새로 시작
2026-01-21 10:55:19,454 - INFO - 초기 자본 설정 (USDC): $6218.28 (잔고 $6909.20의 90%)
2026-01-21 10:55:19,454 - INFO - 상태 파일 없음 - 새로 시작
2026-01-21 10:55:19,454 - INFO - 새로운 거래 세션 시작
2026-01-21 10:55:19,454 - INFO - 과거 15분봉 데이터 로드 중...
2026-01-21 10:55:19,514 - INFO - 과거 데이터 로드 완료: 500개 캔들
2026-01-21 10:55:19,514 - INFO - 15분봉 로드 완료: 500개
2026-01-21 10:55:19,514 - INFO - 현재 지표: EMA25=88989.25, EMA100=90367.05, EMA200=91511.16, ADX=39.42, ATR=330.07
2026-01-21 10:55:19,540 - INFO - 초기 지표 저장 완료: 500개 → trades/indicators_hyper.csv
2026-01-21 10:55:19,540 - INFO - 모든 태스크 시작 완료
2026-01-21 10:55:19,540 - INFO - 초기 자본금: $6218.28
2026-01-21 10:55:19,659 - INFO - 웹소켓 연결: BTCUSDC (15분봉)
2026-01-21 11:00:00,167 - INFO - [EMA] 증분계산: prev=88989.25, close=88899.9, new=88982.38
2026-01-21 11:00:00,174 - INFO - 15m | 01:45 | O:88909.2 H:89038.3 L:88851.7 C:88899.9
2026-01-21 11:00:00,174 - INFO - 지표: ADX=38.0, ATR=318.1, Bull=False, Bear=True
2026-01-21 11:00:00,174 - INFO - [LIVE] SHORT 신호 감지!
2026-01-21 11:00:00,175 - INFO - ==================================================
2026-01-21 11:00:00,175 - INFO - [LIVE] SHORT 진입 준비
2026-01-21 11:00:00,175 - INFO - 진입가: $88899.90
2026-01-21 11:00:00,175 - INFO - 손절가: $89733.30 (0.94%)
2026-01-21 11:00:00,175 - INFO - 익절가: $87492.71 (1.58%)
2026-01-21 11:00:00,175 - INFO - 레버리지: 6.88x
2026-01-21 11:00:00,175 - INFO - 포지션 크기: 0.481235 BTC ($42781.76)
2026-01-21 11:00:00,175 - INFO - ==================================================
2026-01-21 11:00:00,266 - INFO - Leverage 설정: 7x
2026-01-21 11:00:00,309 - INFO - Market Order 체결: SHORT 0.481
2026-01-21 11:00:00,900 - INFO - 실제 체결가: $88902.63, 수량: 0.481000
2026-01-21 11:00:00,957 - INFO - LIMIT Close 주문: SHORT 0.481 @ $87495.4, ID: 41821596018
2026-01-21 11:00:00,957 - INFO - TP 주문 설정: $87495.44
2026-01-21 11:00:01,032 - INFO - STOP_MARKET 주문 (Algo): $89733.3, AlgoID: 3000000360914793
2026-01-21 11:00:01,032 - INFO - SL 주문 설정: $89733.30
2026-01-21 11:00:01,032 - INFO - 거래 기록 저장: ENTRY @ $88902.63
2026-01-21 11:00:01,032 - INFO - [LIVE] SHORT 진입 완료!
2026-01-21 11:00:19,587 - INFO - [상태] 포지션: SHORT, 진입가: $88902.63, 현재가: $88931.20, 미실현PnL: $-13.74
2026-01-21 11:00:19,587 - INFO - [지표] ADX=nan, Bull=nan, Bear=nan
2026-01-21 11:05:19,627 - INFO - [상태] 포지션: SHORT, 진입가: $88902.63, 현재가: $89097.30, 미실현PnL: $-93.63
2026-01-21 11:05:19,628 - INFO - [지표] ADX=nan, Bull=nan, Bear=nan
2026-01-21 11:10:19,670 - INFO - [상태] 포지션: SHORT, 진입가: $88902.63, 현재가: $89103.70, 미실현PnL: $-96.71
2026-01-21 11:10:19,671 - INFO - [지표] ADX=nan, Bull=nan, Bear=nan
2026-01-21 11:15:01,299 - INFO - [EMA] 증분계산: prev=88982.38, close=89149.6, new=88995.24
2026-01-21 11:15:01,306 - INFO - 15m | 02:00 | O:88900.0 H:89233.0 L:88896.2 C:89149.6
2026-01-21 11:15:01,307 - INFO - 지표: ADX=35.9, ATR=319.7, Bull=False, Bear=True
2026-01-21 11:15:19,710 - INFO - [상태] 포지션: SHORT, 진입가: $88902.63, 현재가: $89162.10, 미실현PnL: $-124.80
2026-01-21 11:15:19,710 - INFO - [지표] ADX=nan, Bull=nan, Bear=nan
2026-01-21 11:20:19,760 - INFO - [상태] 포지션: SHORT, 진입가: $88902.63, 현재가: $89180.00, 미실현PnL: $-133.41
2026-01-21 11:20:19,760 - INFO - [지표] ADX=nan, Bull=nan, Bear=nan
2026-01-21 11:25:19,804 - INFO - [상태] 포지션: SHORT, 진입가: $88902.63, 현재가: $89119.80, 미실현PnL: $-104.46
2026-01-21 11:25:19,805 - INFO - [지표] ADX=nan, Bull=nan, Bear=nan
2026-01-21 11:30:03,033 - INFO - [EMA] 증분계산: prev=88995.24, close=88988.5, new=88994.72
2026-01-21 11:30:03,040 - INFO - 15m | 02:15 | O:89147.0 H:89184.9 L:88960.2 C:88988.5
2026-01-21 11:30:03,040 - INFO - 지표: ADX=33.9, ATR=311.8, Bull=False, Bear=True
2026-01-21 11:30:19,851 - INFO - [상태] 포지션: SHORT, 진입가: $88902.63, 현재가: $88992.00, 미실현PnL: $-42.99
2026-01-21 11:30:19,852 - INFO - [지표] ADX=nan, Bull=nan, Bear=nan
2026-01-21 11:35:19,900 - INFO - [상태] 포지션: SHORT, 진입가: $88902.63, 현재가: $88906.20, 미실현PnL: $-1.72
2026-01-21 11:35:19,900 - INFO - [지표] ADX=nan, Bull=nan, Bear=nan
2026-01-21 11:40:19,944 - INFO - [상태] 포지션: SHORT, 진입가: $88902.63, 현재가: $88973.20, 미실현PnL: $-33.94
2026-01-21 11:40:19,944 - INFO - [지표] ADX=nan, Bull=nan, Bear=nan
2026-01-21 11:45:00,086 - INFO - [EMA] 증분계산: prev=88994.72, close=88965.0, new=88992.43
2026-01-21 11:45:00,096 - INFO - 15m | 02:30 | O:88987.2 H:89057.7 L:88861.3 C:88965.0
2026-01-21 11:45:00,096 - INFO - 지표: ADX=32.4, ATR=302.1, Bull=False, Bear=True
2026-01-21 11:45:19,986 - INFO - [상태] 포지션: SHORT, 진입가: $88902.63, 현재가: $88967.70, 미실현PnL: $-31.30
2026-01-21 11:45:19,987 - INFO - [지표] ADX=nan, Bull=nan, Bear=nan
2026-01-21 11:50:20,030 - INFO - [상태] 포지션: SHORT, 진입가: $88902.63, 현재가: $89007.70, 미실현PnL: $-50.54
2026-01-21 11:50:20,031 - INFO - [지표] ADX=nan, Bull=nan, Bear=nan
2026-01-21 11:55:20,073 - INFO - [상태] 포지션: SHORT, 진입가: $88902.63, 현재가: $89014.60, 미실현PnL: $-53.86
2026-01-21 11:55:20,073 - INFO - [지표] ADX=nan, Bull=nan, Bear=nan
2026-01-21 12:00:01,055 - INFO - [EMA] 증분계산: prev=88992.43, close=88930.0, new=88987.63
2026-01-21 12:00:01,062 - INFO - 15m | 02:45 | O:88964.9 H:89056.5 L:88913.8 C:88930.0
2026-01-21 12:00:01,062 - INFO - 지표: ADX=31.0, ATR=288.9, Bull=False, Bear=True
2026-01-21 12:00:20,115 - INFO - [상태] 포지션: SHORT, 진입가: $88902.63, 현재가: $88928.00, 미실현PnL: $-12.20
2026-01-21 12:00:20,116 - INFO - [지표] ADX=nan, Bull=nan, Bear=nan
2026-01-21 12:05:20,184 - INFO - [상태] 포지션: SHORT, 진입가: $88902.63, 현재가: $89059.60, 미실현PnL: $-75.50
2026-01-21 12:05:20,184 - INFO - [지표] ADX=nan, Bull=nan, Bear=nan
2026-01-21 12:10:20,239 - INFO - [상태] 포지션: SHORT, 진입가: $88902.63, 현재가: $89096.70, 미실현PnL: $-93.35
2026-01-21 12:10:20,240 - INFO - [지표] ADX=nan, Bull=nan, Bear=nan
2026-01-21 12:15:01,290 - INFO - [EMA] 증분계산: prev=88987.63, close=89093.8, new=88995.80
2026-01-21 12:15:01,297 - INFO - 15m | 03:00 | O:88930.0 H:89130.5 L:88911.3 C:89093.8
2026-01-21 12:15:01,297 - INFO - 지표: ADX=29.4, ATR=283.1, Bull=False, Bear=True
2026-01-21 12:15:20,287 - INFO - [상태] 포지션: SHORT, 진입가: $88902.63, 현재가: $89064.00, 미실현PnL: $-77.62
2026-01-21 12:15:20,287 - INFO - [지표] ADX=nan, Bull=nan, Bear=nan
2026-01-21 12:20:20,330 - INFO - [상태] 포지션: SHORT, 진입가: $88902.63, 현재가: $89088.50, 미실현PnL: $-89.40
2026-01-21 12:20:20,331 - INFO - [지표] ADX=nan, Bull=nan, Bear=nan
2026-01-21 12:25:20,373 - INFO - [상태] 포지션: SHORT, 진입가: $88902.63, 현재가: $89119.30, 미실현PnL: $-104.22
2026-01-21 12:25:20,373 - INFO - [지표] ADX=nan, Bull=nan, Bear=nan
2026-01-21 12:30:00,485 - INFO - [EMA] 증분계산: prev=88995.80, close=89155.0, new=89008.04
2026-01-21 12:30:00,495 - INFO - 15m | 03:15 | O:89093.8 H:89159.3 L:89023.1 C:89155.0
2026-01-21 12:30:00,495 - INFO - 지표: ADX=27.7, ATR=270.8, Bull=False, Bear=True
2026-01-21 12:30:20,416 - INFO - [상태] 포지션: SHORT, 진입가: $88902.63, 현재가: $89127.90, 미실현PnL: $-108.35
2026-01-21 12:30:20,416 - INFO - [지표] ADX=nan, Bull=nan, Bear=nan
2026-01-21 12:35:20,459 - INFO - [상태] 포지션: SHORT, 진입가: $88902.63, 현재가: $89152.30, 미실현PnL: $-120.09
2026-01-21 12:35:20,459 - INFO - [지표] ADX=nan, Bull=nan, Bear=nan
2026-01-21 12:40:20,499 - INFO - [상태] 포지션: SHORT, 진입가: $88902.63, 현재가: $89241.10, 미실현PnL: $-162.80
2026-01-21 12:40:20,500 - INFO - [지표] ADX=nan, Bull=nan, Bear=nan
2026-01-21 12:45:00,057 - INFO - [EMA] 증분계산: prev=89008.04, close=89424.1, new=89040.05
2026-01-21 12:45:00,066 - INFO - 15m | 03:30 | O:89155.0 H:89477.0 L:89103.6 C:89424.1
2026-01-21 12:45:00,066 - INFO - 지표: ADX=26.7, ATR=279.4, Bull=False, Bear=True
2026-01-21 12:45:20,541 - INFO - [상태] 포지션: SHORT, 진입가: $88902.63, 현재가: $89391.60, 미실현PnL: $-235.19
2026-01-21 12:45:20,541 - INFO - [지표] ADX=nan, Bull=nan, Bear=nan
2026-01-21 12:50:20,581 - INFO - [상태] 포지션: SHORT, 진입가: $88902.63, 현재가: $89352.50, 미실현PnL: $-216.39
2026-01-21 12:50:20,582 - INFO - [지표] ADX=nan, Bull=nan, Bear=nan
2026-01-21 12:55:20,624 - INFO - [상태] 포지션: SHORT, 진입가: $88902.63, 현재가: $89302.60, 미실현PnL: $-192.38
2026-01-21 12:55:20,624 - INFO - [지표] ADX=nan, Bull=nan, Bear=nan
2026-01-21 13:00:00,064 - INFO - [EMA] 증분계산: prev=89040.05, close=89307.9, new=89060.65
2026-01-21 13:00:00,071 - INFO - 15m | 03:45 | O:89424.1 H:89428.7 L:89260.5 C:89307.9
2026-01-21 13:00:00,072 - INFO - 지표: ADX=25.7, ATR=270.1, Bull=False, Bear=True
2026-01-21 13:00:20,664 - INFO - [상태] 포지션: SHORT, 진입가: $88902.63, 현재가: $89297.10, 미실현PnL: $-189.74
2026-01-21 13:00:20,664 - INFO - [지표] ADX=nan, Bull=nan, Bear=nan
2026-01-21 13:05:20,706 - INFO - [상태] 포지션: SHORT, 진입가: $88902.63, 현재가: $89339.50, 미실현PnL: $-210.13
2026-01-21 13:05:20,707 - INFO - [지표] ADX=nan, Bull=nan, Bear=nan
2026-01-21 13:10:20,749 - INFO - [상태] 포지션: SHORT, 진입가: $88902.63, 현재가: $89342.20, 미실현PnL: $-211.43
2026-01-21 13:10:20,750 - INFO - [지표] ADX=nan, Bull=nan, Bear=nan
2026-01-21 13:15:00,049 - INFO - [EMA] 증분계산: prev=89060.65, close=89225.9, new=89073.36
2026-01-21 13:15:00,056 - INFO - 15m | 04:00 | O:89307.9 H:89364.6 L:89225.9 C:89225.9
2026-01-21 13:15:00,056 - INFO - 지표: ADX=24.6, ATR=259.1, Bull=False, Bear=True
2026-01-21 13:15:20,791 - INFO - [상태] 포지션: SHORT, 진입가: $88902.63, 현재가: $89221.80, 미실현PnL: $-153.52
2026-01-21 13:15:20,792 - INFO - [지표] ADX=nan, Bull=nan, Bear=nan
2026-01-21 13:20:20,832 - INFO - [상태] 포지션: SHORT, 진입가: $88902.63, 현재가: $89286.90, 미실현PnL: $-184.83
2026-01-21 13:20:20,833 - INFO - [지표] ADX=nan, Bull=nan, Bear=nan
2026-01-21 13:25:20,876 - INFO - [상태] 포지션: SHORT, 진입가: $88902.63, 현재가: $89321.40, 미실현PnL: $-201.43
2026-01-21 13:25:20,876 - INFO - [지표] ADX=nan, Bull=nan, Bear=nan
2026-01-21 13:30:00,703 - INFO - [EMA] 증분계산: prev=89073.36, close=89373.2, new=89096.43
2026-01-21 13:30:00,713 - INFO - 15m | 04:15 | O:89226.0 H:89377.0 L:89215.0 C:89373.2
2026-01-21 13:30:00,713 - INFO - 지표: ADX=23.6, ATR=251.1, Bull=False, Bear=True
2026-01-21 13:30:20,916 - INFO - [상태] 포지션: SHORT, 진입가: $88902.63, 현재가: $89369.10, 미실현PnL: $-224.37
2026-01-21 13:30:20,916 - INFO - [지표] ADX=nan, Bull=nan, Bear=nan
2026-01-21 13:35:20,958 - INFO - [상태] 포지션: SHORT, 진입가: $88902.63, 현재가: $89290.20, 미실현PnL: $-186.42
2026-01-21 13:35:20,959 - INFO - [지표] ADX=nan, Bull=nan, Bear=nan
2026-01-21 13:40:21,000 - INFO - [상태] 포지션: SHORT, 진입가: $88902.63, 현재가: $89343.10, 미실현PnL: $-211.86
2026-01-21 13:40:21,001 - INFO - [지표] ADX=nan, Bull=nan, Bear=nan
2026-01-21 13:45:01,105 - INFO - [EMA] 증분계산: prev=89096.43, close=89449.9, new=89123.62
2026-01-21 13:45:01,112 - INFO - 15m | 04:30 | O:89374.6 H:89450.0 L:89269.0 C:89449.9
2026-01-21 13:45:01,112 - INFO - 지표: ADX=23.1, ATR=245.2, Bull=False, Bear=True
2026-01-21 13:45:21,041 - INFO - [상태] 포지션: SHORT, 진입가: $88902.63, 현재가: $89437.50, 미실현PnL: $-257.27
2026-01-21 13:45:21,041 - INFO - [지표] ADX=nan, Bull=nan, Bear=nan
2026-01-21 13:50:21,085 - INFO - [상태] 포지션: SHORT, 진입가: $88902.63, 현재가: $89442.40, 미실현PnL: $-259.63
2026-01-21 13:50:21,085 - INFO - [지표] ADX=nan, Bull=nan, Bear=nan
2026-01-21 13:55:21,127 - INFO - [상태] 포지션: SHORT, 진입가: $88902.63, 현재가: $89315.30, 미실현PnL: $-198.49
2026-01-21 13:55:21,127 - INFO - [지표] ADX=nan, Bull=nan, Bear=nan
2026-01-21 14:00:01,101 - INFO - [EMA] 증분계산: prev=89123.62, close=89311.4, new=89138.06
2026-01-21 14:00:01,111 - INFO - 15m | 04:45 | O:89450.0 H:89509.5 L:89311.4 C:89311.4
2026-01-21 14:00:01,111 - INFO - 지표: ADX=22.8, ATR=241.3, Bull=False, Bear=True
2026-01-21 14:00:21,167 - INFO - [상태] 포지션: SHORT, 진입가: $88902.63, 현재가: $89332.70, 미실현PnL: $-206.86
2026-01-21 14:00:21,168 - INFO - [지표] ADX=nan, Bull=nan, Bear=nan
2026-01-21 14:05:21,211 - INFO - [상태] 포지션: SHORT, 진입가: $88902.63, 현재가: $89377.60, 미실현PnL: $-228.46
2026-01-21 14:05:21,211 - INFO - [지표] ADX=nan, Bull=nan, Bear=nan
2026-01-21 14:10:21,274 - INFO - [상태] 포지션: SHORT, 진입가: $88902.63, 현재가: $89405.90, 미실현PnL: $-242.07
2026-01-21 14:10:21,274 - INFO - [지표] ADX=nan, Bull=nan, Bear=nan
2026-01-21 14:15:01,687 - INFO - [EMA] 증분계산: prev=89138.06, close=89452.2, new=89162.23
2026-01-21 14:15:01,694 - INFO - 15m | 05:00 | O:89311.4 H:89467.2 L:89299.9 C:89452.2
2026-01-21 14:15:01,694 - INFO - 지표: ADX=22.5, ATR=235.1, Bull=False, Bear=True
2026-01-21 14:15:21,315 - INFO - [상태] 포지션: SHORT, 진입가: $88902.63, 현재가: $89462.00, 미실현PnL: $-269.06
2026-01-21 14:15:21,315 - INFO - [지표] ADX=nan, Bull=nan, Bear=nan
2026-01-21 14:20:21,357 - INFO - [상태] 포지션: SHORT, 진입가: $88902.63, 현재가: $89490.10, 미실현PnL: $-282.57
2026-01-21 14:20:21,357 - INFO - [지표] ADX=nan, Bull=nan, Bear=nan
2026-01-21 14:25:21,399 - INFO - [상태] 포지션: SHORT, 진입가: $88902.63, 현재가: $89463.40, 미실현PnL: $-269.73
2026-01-21 14:25:21,399 - INFO - [지표] ADX=nan, Bull=nan, Bear=nan
2026-01-21 14:30:00,257 - INFO - [EMA] 증분계산: prev=89162.23, close=89470.1, new=89185.91
2026-01-21 14:30:00,267 - INFO - 15m | 05:15 | O:89452.2 H:89516.0 L:89404.6 C:89470.1
2026-01-21 14:30:00,267 - INFO - 지표: ADX=22.4, ATR=224.8, Bull=False, Bear=True
2026-01-21 14:30:21,442 - INFO - [상태] 포지션: SHORT, 진입가: $88902.63, 현재가: $89488.10, 미실현PnL: $-281.61
2026-01-21 14:30:21,443 - INFO - [지표] ADX=nan, Bull=nan, Bear=nan
2026-01-21 14:35:21,486 - INFO - [상태] 포지션: SHORT, 진입가: $88902.63, 현재가: $89573.70, 미실현PnL: $-322.78
2026-01-21 14:35:21,486 - INFO - [지표] ADX=nan, Bull=nan, Bear=nan
2026-01-21 14:38:34,152 - WARNING - [LIVE] SL 체결 감지: $89733.30
2026-01-21 14:38:34,152 - WARNING - [LIVE] SL 청산: PnL=$-399.55, 수수료=$34.3696, 순익=$-433.92
2026-01-21 14:38:34,152 - WARNING - [LIVE] 자본금 업데이트: $6218.28 → $5784.36
2026-01-21 14:38:34,194 - INFO - 모든 대기 주문 취소 완료
2026-01-21 14:38:34,747 - WARNING - [자본금 동기화] 로컬: $5784.36 → 사용가능: $5809.76 (실제 잔고 $6455.29의 90%)
2026-01-21 14:38:34,747 - INFO - 거래 기록 저장: SL @ $89733.30
2026-01-21 14:40:21,487 - INFO - [상태] 포지션 없음, 자본금: $5809.76
2026-01-21 14:40:21,487 - INFO - [지표] ADX=nan, Bull=nan, Bear=nan
2026-01-21 14:45:00,074 - INFO - [EMA] 증분계산: prev=89185.91, close=89813.0, new=89234.15
2026-01-21 14:45:00,081 - INFO - 15m | 05:30 | O:89470.1 H:89826.0 L:89470.1 C:89813.0
2026-01-21 14:45:00,081 - INFO - 지표: ADX=23.5, ATR=235.7, Bull=False, Bear=True
2026-01-21 14:45:21,490 - INFO - [상태] 포지션 없음, 자본금: $5809.76
2026-01-21 14:45:21,491 - INFO - [지표] ADX=nan, Bull=nan, Bear=nan
2026-01-21 14:50:21,492 - INFO - [상태] 포지션 없음, 자본금: $5809.76
2026-01-21 14:50:21,492 - INFO - [지표] ADX=nan, Bull=nan, Bear=nan
2026-01-21 14:55:21,494 - INFO - [상태] 포지션 없음, 자본금: $5809.76
2026-01-21 14:55:21,494 - INFO - [지표] ADX=nan, Bull=nan, Bear=nan
2026-01-21 15:00:00,180 - INFO - [EMA] 증분계산: prev=89234.15, close=89839.8, new=89280.74
2026-01-21 15:00:00,187 - INFO - 15m | 05:45 | O:89813.0 H:90041.2 L:89776.4 C:89839.8
2026-01-21 15:00:00,187 - INFO - 지표: ADX=25.2, ATR=238.2, Bull=False, Bear=True
2026-01-21 15:00:21,495 - INFO - [상태] 포지션 없음, 자본금: $5809.76
2026-01-21 15:00:21,495 - INFO - [지표] ADX=nan, Bull=nan, Bear=nan
2026-01-21 15:05:21,496 - INFO - [상태] 포지션 없음, 자본금: $5809.76
2026-01-21 15:05:21,497 - INFO - [지표] ADX=nan, Bull=nan, Bear=nan
2026-01-21 15:10:21,498 - INFO - [상태] 포지션 없음, 자본금: $5809.76
2026-01-21 15:10:21,499 - INFO - [지표] ADX=nan, Bull=nan, Bear=nan
2026-01-21 15:15:00,049 - INFO - [EMA] 증분계산: prev=89280.74, close=89782.0, new=89319.30
2026-01-21 15:15:00,059 - INFO - 15m | 06:00 | O:89839.7 H:89839.7 L:89675.1 C:89782.0
2026-01-21 15:15:00,059 - INFO - 지표: ADX=26.0, ATR=232.0, Bull=False, Bear=True
2026-01-21 15:15:21,500 - INFO - [상태] 포지션 없음, 자본금: $5809.76
2026-01-21 15:15:21,500 - INFO - [지표] ADX=nan, Bull=nan, Bear=nan
2026-01-21 15:20:21,501 - INFO - [상태] 포지션 없음, 자본금: $5809.76
2026-01-21 15:20:21,502 - INFO - [지표] ADX=nan, Bull=nan, Bear=nan
2026-01-21 15:25:21,503 - INFO - [상태] 포지션 없음, 자본금: $5809.76
2026-01-21 15:25:21,504 - INFO - [지표] ADX=nan, Bull=nan, Bear=nan
2026-01-21 15:30:00,594 - INFO - [EMA] 증분계산: prev=89319.30, close=89764.2, new=89353.52
2026-01-21 15:30:00,601 - INFO - 15m | 06:15 | O:89781.5 H:89798.8 L:89697.0 C:89764.2
2026-01-21 15:30:00,601 - INFO - 지표: ADX=26.8, ATR=221.2, Bull=False, Bear=True
2026-01-21 15:30:21,505 - INFO - [상태] 포지션 없음, 자본금: $5809.76
2026-01-21 15:30:21,505 - INFO - [지표] ADX=nan, Bull=nan, Bear=nan
2026-01-21 15:35:21,506 - INFO - [상태] 포지션 없음, 자본금: $5809.76
2026-01-21 15:35:21,507 - INFO - [지표] ADX=nan, Bull=nan, Bear=nan
2026-01-21 15:40:21,508 - INFO - [상태] 포지션 없음, 자본금: $5809.76
2026-01-21 15:40:21,508 - INFO - [지표] ADX=nan, Bull=nan, Bear=nan
2026-01-21 15:45:00,184 - INFO - [EMA] 증분계산: prev=89353.52, close=89498.7, new=89364.69
2026-01-21 15:45:00,194 - INFO - 15m | 06:30 | O:89761.5 H:89767.9 L:89475.0 C:89498.7
2026-01-21 15:45:00,194 - INFO - 지표: ADX=26.1, ATR=227.2, Bull=False, Bear=True
2026-01-21 15:45:21,509 - INFO - [상태] 포지션 없음, 자본금: $5809.76
2026-01-21 15:45:21,510 - INFO - [지표] ADX=nan, Bull=nan, Bear=nan
2026-01-21 15:50:21,511 - INFO - [상태] 포지션 없음, 자본금: $5809.76
2026-01-21 15:50:21,512 - INFO - [지표] ADX=nan, Bull=nan, Bear=nan
2026-01-21 15:55:21,514 - INFO - [상태] 포지션 없음, 자본금: $5809.76
2026-01-21 15:55:21,514 - INFO - [지표] ADX=nan, Bull=nan, Bear=nan
2026-01-21 16:00:01,121 - INFO - [EMA] 증분계산: prev=89364.69, close=89535.0, new=89377.79
2026-01-21 16:00:01,127 - INFO - 15m | 06:45 | O:89498.7 H:89538.3 L:89372.3 C:89535.0
2026-01-21 16:00:01,128 - INFO - 지표: ADX=25.0, ATR=222.1, Bull=False, Bear=True
2026-01-21 16:00:21,516 - INFO - [상태] 포지션 없음, 자본금: $5809.76
2026-01-21 16:00:21,516 - INFO - [지표] ADX=nan, Bull=nan, Bear=nan
2026-01-21 16:05:21,517 - INFO - [상태] 포지션 없음, 자본금: $5809.76
2026-01-21 16:05:21,518 - INFO - [지표] ADX=nan, Bull=nan, Bear=nan
2026-01-21 16:10:21,520 - INFO - [상태] 포지션 없음, 자본금: $5809.76
2026-01-21 16:10:21,520 - INFO - [지표] ADX=nan, Bull=nan, Bear=nan
2026-01-21 16:15:00,337 - INFO - [EMA] 증분계산: prev=89377.79, close=89414.7, new=89380.63
2026-01-21 16:15:00,344 - INFO - 15m | 07:00 | O:89535.0 H:89649.9 L:89380.0 C:89414.7
2026-01-21 16:15:00,344 - INFO - 지표: ADX=24.4, ATR=226.1, Bull=False, Bear=True
2026-01-21 16:15:21,524 - INFO - [상태] 포지션 없음, 자본금: $5809.76
2026-01-21 16:15:21,524 - INFO - [지표] ADX=nan, Bull=nan, Bear=nan
2026-01-21 16:20:21,529 - INFO - [상태] 포지션 없음, 자본금: $5809.76
2026-01-21 16:20:21,529 - INFO - [지표] ADX=nan, Bull=nan, Bear=nan
2026-01-21 16:25:21,532 - INFO - [상태] 포지션 없음, 자본금: $5809.76
2026-01-21 16:25:21,533 - INFO - [지표] ADX=nan, Bull=nan, Bear=nan
2026-01-21 16:30:00,188 - INFO - [EMA] 증분계산: prev=89380.63, close=89505.1, new=89390.20
2026-01-21 16:30:00,198 - INFO - 15m | 07:15 | O:89414.9 H:89559.6 L:89412.2 C:89505.1
2026-01-21 16:30:00,198 - INFO - 지표: ADX=23.8, ATR=219.5, Bull=False, Bear=True
2026-01-21 16:30:21,533 - INFO - [상태] 포지션 없음, 자본금: $5809.76
2026-01-21 16:30:21,534 - INFO - [지표] ADX=nan, Bull=nan, Bear=nan
2026-01-21 16:35:21,536 - INFO - [상태] 포지션 없음, 자본금: $5809.76
2026-01-21 16:35:21,537 - INFO - [지표] ADX=nan, Bull=nan, Bear=nan
2026-01-21 16:40:21,538 - INFO - [상태] 포지션 없음, 자본금: $5809.76
2026-01-21 16:40:21,538 - INFO - [지표] ADX=nan, Bull=nan, Bear=nan
2026-01-21 16:45:00,474 - INFO - [EMA] 증분계산: prev=89390.20, close=89111.5, new=89368.76
2026-01-21 16:45:00,481 - INFO - 15m | 07:30 | O:89505.0 H:89505.0 L:89055.0 C:89111.5
2026-01-21 16:45:00,482 - INFO - 지표: ADX=22.7, ATR=238.7, Bull=False, Bear=True
2026-01-21 16:45:21,539 - INFO - [상태] 포지션 없음, 자본금: $5809.76
2026-01-21 16:45:21,540 - INFO - [지표] ADX=nan, Bull=nan, Bear=nan
2026-01-21 16:50:21,541 - INFO - [상태] 포지션 없음, 자본금: $5809.76
2026-01-21 16:50:21,541 - INFO - [지표] ADX=nan, Bull=nan, Bear=nan
2026-01-21 16:55:21,542 - INFO - [상태] 포지션 없음, 자본금: $5809.76
2026-01-21 16:55:21,542 - INFO - [지표] ADX=nan, Bull=nan, Bear=nan
2026-01-21 17:00:01,711 - INFO - [EMA] 증분계산: prev=89368.76, close=89092.9, new=89347.54
2026-01-21 17:00:01,717 - INFO - 15m | 07:45 | O:89111.4 H:89153.8 L:88969.3 C:89092.9
2026-01-21 17:00:01,717 - INFO - 지표: ADX=21.9, ATR=234.2, Bull=False, Bear=True
2026-01-21 17:00:21,545 - INFO - [상태] 포지션 없음, 자본금: $5809.76
2026-01-21 17:00:21,545 - INFO - [지표] ADX=nan, Bull=nan, Bear=nan
2026-01-21 17:05:21,546 - INFO - [상태] 포지션 없음, 자본금: $5809.76
2026-01-21 17:05:21,546 - INFO - [지표] ADX=nan, Bull=nan, Bear=nan
2026-01-21 17:10:21,549 - INFO - [상태] 포지션 없음, 자본금: $5809.76
2026-01-21 17:10:21,549 - INFO - [지표] ADX=nan, Bull=nan, Bear=nan
2026-01-21 17:15:00,066 - INFO - [EMA] 증분계산: prev=89347.54, close=89039.9, new=89323.88
2026-01-21 17:15:00,072 - INFO - 15m | 08:00 | O:89092.4 H:89200.0 L:89019.1 C:89039.9
2026-01-21 17:15:00,073 - INFO - 지표: ADX=21.0, ATR=229.8, Bull=False, Bear=True
2026-01-21 17:15:21,551 - INFO - [상태] 포지션 없음, 자본금: $5809.76
2026-01-21 17:15:21,551 - INFO - [지표] ADX=nan, Bull=nan, Bear=nan
2026-01-21 17:20:21,554 - INFO - [상태] 포지션 없음, 자본금: $5809.76
2026-01-21 17:20:21,554 - INFO - [지표] ADX=nan, Bull=nan, Bear=nan
2026-01-21 17:25:21,556 - INFO - [상태] 포지션 없음, 자본금: $5809.76
2026-01-21 17:25:21,556 - INFO - [지표] ADX=nan, Bull=nan, Bear=nan
2026-01-21 17:30:00,659 - INFO - [EMA] 증분계산: prev=89323.88, close=89136.5, new=89309.46
2026-01-21 17:30:00,669 - INFO - 15m | 08:15 | O:89040.0 H:89265.8 L:89040.0 C:89136.5
2026-01-21 17:30:00,669 - INFO - 지표: ADX=19.9, ATR=229.4, Bull=False, Bear=True
2026-01-21 17:30:21,558 - INFO - [상태] 포지션 없음, 자본금: $5809.76
2026-01-21 17:30:21,559 - INFO - [지표] ADX=nan, Bull=nan, Bear=nan
2026-01-21 17:35:21,561 - INFO - [상태] 포지션 없음, 자본금: $5809.76
2026-01-21 17:35:21,561 - INFO - [지표] ADX=nan, Bull=nan, Bear=nan
2026-01-21 17:40:21,563 - INFO - [상태] 포지션 없음, 자본금: $5809.76
2026-01-21 17:40:21,563 - INFO - [지표] ADX=nan, Bull=nan, Bear=nan
2026-01-21 17:45:03,020 - INFO - [EMA] 증분계산: prev=89309.46, close=88917.5, new=89279.31
2026-01-21 17:45:03,030 - INFO - 15m | 08:30 | O:89135.4 H:89180.4 L:88868.7 C:88917.5
2026-01-21 17:45:03,030 - INFO - 지표: ADX=19.5, ATR=236.3, Bull=False, Bear=True
2026-01-21 17:45:21,565 - INFO - [상태] 포지션 없음, 자본금: $5809.76
2026-01-21 17:45:21,565 - INFO - [지표] ADX=nan, Bull=nan, Bear=nan
2026-01-21 17:50:21,566 - INFO - [상태] 포지션 없음, 자본금: $5809.76
2026-01-21 17:50:21,567 - INFO - [지표] ADX=nan, Bull=nan, Bear=nan
2026-01-21 17:55:21,569 - INFO - [상태] 포지션 없음, 자본금: $5809.76
2026-01-21 17:55:21,569 - INFO - [지표] ADX=nan, Bull=nan, Bear=nan
2026-01-21 18:00:00,081 - INFO - [EMA] 증분계산: prev=89279.31, close=89078.9, new=89263.90
2026-01-21 18:00:00,088 - INFO - 15m | 08:45 | O:88917.4 H:89128.6 L:88914.7 C:89078.9
2026-01-21 18:00:00,088 - INFO - 지표: ADX=19.2, ATR=234.4, Bull=False, Bear=True
2026-01-21 18:00:21,573 - INFO - [상태] 포지션 없음, 자본금: $5809.76
2026-01-21 18:00:21,573 - INFO - [지표] ADX=nan, Bull=nan, Bear=nan
2026-01-21 18:05:21,574 - INFO - [상태] 포지션 없음, 자본금: $5809.76
2026-01-21 18:05:21,574 - INFO - [지표] ADX=nan, Bull=nan, Bear=nan
2026-01-21 18:10:21,578 - INFO - [상태] 포지션 없음, 자본금: $5809.76
2026-01-21 18:10:21,579 - INFO - [지표] ADX=nan, Bull=nan, Bear=nan
2026-01-21 18:15:00,795 - INFO - [EMA] 증분계산: prev=89263.90, close=89168.6, new=89256.57
2026-01-21 18:15:00,802 - INFO - 15m | 09:00 | O:89077.0 H:89188.0 L:89051.4 C:89168.6
2026-01-21 18:15:00,802 - INFO - 지표: ADX=18.5, ATR=226.3, Bull=False, Bear=True
2026-01-21 18:15:21,580 - INFO - [상태] 포지션 없음, 자본금: $5809.76
2026-01-21 18:15:21,581 - INFO - [지표] ADX=nan, Bull=nan, Bear=nan
2026-01-21 18:20:21,582 - INFO - [상태] 포지션 없음, 자본금: $5809.76
2026-01-21 18:20:21,582 - INFO - [지표] ADX=nan, Bull=nan, Bear=nan
2026-01-21 18:25:21,584 - INFO - [상태] 포지션 없음, 자본금: $5809.76
2026-01-21 18:25:21,584 - INFO - [지표] ADX=nan, Bull=nan, Bear=nan
2026-01-21 18:30:00,250 - INFO - [EMA] 증분계산: prev=89256.57, close=89287.2, new=89258.92
2026-01-21 18:30:00,257 - INFO - 15m | 09:15 | O:89167.6 H:89336.8 L:89167.6 C:89287.2
2026-01-21 18:30:00,257 - INFO - 지표: ADX=17.3, ATR=221.5, Bull=False, Bear=True
2026-01-21 18:30:21,586 - INFO - [상태] 포지션 없음, 자본금: $5809.76
2026-01-21 18:30:21,587 - INFO - [지표] ADX=nan, Bull=nan, Bear=nan
2026-01-21 18:35:21,590 - INFO - [상태] 포지션 없음, 자본금: $5809.76
2026-01-21 18:35:21,591 - INFO - [지표] ADX=nan, Bull=nan, Bear=nan
2026-01-21 18:40:21,592 - INFO - [상태] 포지션 없음, 자본금: $5809.76
2026-01-21 18:40:21,593 - INFO - [지표] ADX=nan, Bull=nan, Bear=nan
2026-01-21 18:45:00,160 - INFO - [EMA] 증분계산: prev=89258.92, close=89298.2, new=89261.94
2026-01-21 18:45:00,167 - INFO - 15m | 09:30 | O:89287.1 H:89385.1 L:89227.2 C:89298.2
2026-01-21 18:45:00,167 - INFO - 지표: ADX=16.3, ATR=216.2, Bull=False, Bear=True
2026-01-21 18:45:21,595 - INFO - [상태] 포지션 없음, 자본금: $5809.76
2026-01-21 18:45:21,595 - INFO - [지표] ADX=nan, Bull=nan, Bear=nan
2026-01-21 18:50:21,598 - INFO - [상태] 포지션 없음, 자본금: $5809.76
2026-01-21 18:50:21,598 - INFO - [지표] ADX=nan, Bull=nan, Bear=nan
2026-01-21 18:55:21,599 - INFO - [상태] 포지션 없음, 자본금: $5809.76
2026-01-21 18:55:21,599 - INFO - [지표] ADX=nan, Bull=nan, Bear=nan
2026-01-21 19:00:02,310 - INFO - [EMA] 증분계산: prev=89261.94, close=88999.0, new=89241.72
2026-01-21 19:00:02,320 - INFO - 15m | 09:45 | O:89298.1 H:89324.9 L:88942.8 C:88999.0
2026-01-21 19:00:02,320 - INFO - 지표: ADX=16.2, ATR=230.0, Bull=False, Bear=True
2026-01-21 19:00:21,601 - INFO - [상태] 포지션 없음, 자본금: $5809.76
2026-01-21 19:00:21,602 - INFO - [지표] ADX=nan, Bull=nan, Bear=nan
2026-01-21 19:05:21,602 - INFO - [상태] 포지션 없음, 자본금: $5809.76
2026-01-21 19:05:21,603 - INFO - [지표] ADX=nan, Bull=nan, Bear=nan
2026-01-21 19:10:21,604 - INFO - [상태] 포지션 없음, 자본금: $5809.76
2026-01-21 19:10:21,604 - INFO - [지표] ADX=nan, Bull=nan, Bear=nan
2026-01-21 19:15:00,706 - INFO - [EMA] 증분계산: prev=89241.72, close=89185.7, new=89237.41
2026-01-21 19:15:00,715 - INFO - 15m | 10:00 | O:88998.8 H:89227.8 L:88950.0 C:89185.7
2026-01-21 19:15:00,716 - INFO - 지표: ADX=16.0, ATR=234.0, Bull=False, Bear=True
2026-01-21 19:15:21,606 - INFO - [상태] 포지션 없음, 자본금: $5809.76
2026-01-21 19:15:21,606 - INFO - [지표] ADX=nan, Bull=nan, Bear=nan
2026-01-21 19:20:21,607 - INFO - [상태] 포지션 없음, 자본금: $5809.76
2026-01-21 19:20:21,608 - INFO - [지표] ADX=nan, Bull=nan, Bear=nan
2026-01-21 19:25:21,613 - INFO - [상태] 포지션 없음, 자본금: $5809.76
2026-01-21 19:25:21,613 - INFO - [지표] ADX=nan, Bull=nan, Bear=nan
2026-01-21 19:30:00,656 - INFO - [EMA] 증분계산: prev=89237.41, close=89217.9, new=89235.91
2026-01-21 19:30:00,663 - INFO - 15m | 10:15 | O:89186.3 H:89282.4 L:89166.0 C:89217.9
2026-01-21 19:30:00,663 - INFO - 지표: ADX=15.6, ATR=224.2, Bull=False, Bear=True
2026-01-21 19:30:21,621 - INFO - [상태] 포지션 없음, 자본금: $5809.76
2026-01-21 19:30:21,621 - INFO - [지표] ADX=nan, Bull=nan, Bear=nan
2026-01-21 19:35:21,624 - INFO - [상태] 포지션 없음, 자본금: $5809.76
2026-01-21 19:35:21,625 - INFO - [지표] ADX=nan, Bull=nan, Bear=nan
2026-01-21 19:40:21,626 - INFO - [상태] 포지션 없음, 자본금: $5809.76
2026-01-21 19:40:21,626 - INFO - [지표] ADX=nan, Bull=nan, Bear=nan
2026-01-21 19:45:03,045 - INFO - [EMA] 증분계산: prev=89235.91, close=89202.3, new=89233.32
2026-01-21 19:45:03,051 - INFO - 15m | 10:30 | O:89217.9 H:89282.4 L:89121.7 C:89202.3
2026-01-21 19:45:03,051 - INFO - 지표: ADX=15.4, ATR=218.9, Bull=False, Bear=True
2026-01-21 19:45:21,628 - INFO - [상태] 포지션 없음, 자본금: $5809.76
2026-01-21 19:45:21,629 - INFO - [지표] ADX=nan, Bull=nan, Bear=nan
2026-01-21 19:50:21,642 - INFO - [상태] 포지션 없음, 자본금: $5809.76
2026-01-21 19:50:21,642 - INFO - [지표] ADX=nan, Bull=nan, Bear=nan
2026-01-21 19:55:21,644 - INFO - [상태] 포지션 없음, 자본금: $5809.76
2026-01-21 19:55:21,644 - INFO - [지표] ADX=nan, Bull=nan, Bear=nan
2026-01-21 20:00:00,117 - INFO - [EMA] 증분계산: prev=89233.32, close=89127.2, new=89225.16
2026-01-21 20:00:00,124 - INFO - 15m | 10:45 | O:89197.4 H:89206.8 L:89118.3 C:89127.2
2026-01-21 20:00:00,124 - INFO - 지표: ADX=15.2, ATR=208.1, Bull=False, Bear=True
2026-01-21 20:00:21,645 - INFO - [상태] 포지션 없음, 자본금: $5809.76
2026-01-21 20:00:21,646 - INFO - [지표] ADX=nan, Bull=nan, Bear=nan
2026-01-21 20:05:21,647 - INFO - [상태] 포지션 없음, 자본금: $5809.76
2026-01-21 20:05:21,647 - INFO - [지표] ADX=nan, Bull=nan, Bear=nan
2026-01-21 20:10:21,648 - INFO - [상태] 포지션 없음, 자본금: $5809.76
2026-01-21 20:10:21,648 - INFO - [지표] ADX=nan, Bull=nan, Bear=nan
2026-01-21 20:15:00,411 - INFO - [EMA] 증분계산: prev=89225.16, close=89189.1, new=89222.39
2026-01-21 20:15:00,418 - INFO - 15m | 11:00 | O:89125.7 H:89201.4 L:89030.3 C:89189.1
2026-01-21 20:15:00,418 - INFO - 지표: ADX=15.5, ATR=205.0, Bull=False, Bear=True
2026-01-21 20:15:21,650 - INFO - [상태] 포지션 없음, 자본금: $5809.76
2026-01-21 20:15:21,650 - INFO - [지표] ADX=nan, Bull=nan, Bear=nan
2026-01-21 20:20:21,652 - INFO - [상태] 포지션 없음, 자본금: $5809.76
2026-01-21 20:20:21,652 - INFO - [지표] ADX=nan, Bull=nan, Bear=nan
2026-01-21 20:25:21,655 - INFO - [상태] 포지션 없음, 자본금: $5809.76
2026-01-21 20:25:21,656 - INFO - [지표] ADX=nan, Bull=nan, Bear=nan
2026-01-21 20:30:03,042 - INFO - [EMA] 증분계산: prev=89222.39, close=89215.5, new=89221.86
2026-01-21 20:30:03,049 - INFO - 15m | 11:15 | O:89189.1 H:89272.4 L:89161.0 C:89215.5
2026-01-21 20:30:03,049 - INFO - 지표: ADX=15.2, ATR=197.2, Bull=False, Bear=True
2026-01-21 20:30:21,661 - INFO - [상태] 포지션 없음, 자본금: $5809.76
2026-01-21 20:30:21,661 - INFO - [지표] ADX=nan, Bull=nan, Bear=nan
2026-01-21 20:35:21,663 - INFO - [상태] 포지션 없음, 자본금: $5809.76
2026-01-21 20:35:21,664 - INFO - [지표] ADX=nan, Bull=nan, Bear=nan
2026-01-21 20:40:21,668 - INFO - [상태] 포지션 없음, 자본금: $5809.76
2026-01-21 20:40:21,668 - INFO - [지표] ADX=nan, Bull=nan, Bear=nan
2026-01-21 20:45:00,762 - INFO - [EMA] 증분계산: prev=89221.86, close=89167.4, new=89217.67
2026-01-21 20:45:00,769 - INFO - 15m | 11:30 | O:89212.9 H:89230.9 L:89115.4 C:89167.4
2026-01-21 20:45:00,769 - INFO - 지표: ADX=15.3, ATR=190.4, Bull=False, Bear=True
2026-01-21 20:45:21,674 - INFO - [상태] 포지션 없음, 자본금: $5809.76
2026-01-21 20:45:21,674 - INFO - [지표] ADX=nan, Bull=nan, Bear=nan
2026-01-21 20:50:21,676 - INFO - [상태] 포지션 없음, 자본금: $5809.76
2026-01-21 20:50:21,676 - INFO - [지표] ADX=nan, Bull=nan, Bear=nan
2026-01-21 20:55:21,679 - INFO - [상태] 포지션 없음, 자본금: $5809.76
2026-01-21 20:55:21,680 - INFO - [지표] ADX=nan, Bull=nan, Bear=nan
2026-01-21 21:00:00,099 - INFO - [EMA] 증분계산: prev=89217.67, close=88680.1, new=89176.32
2026-01-21 21:00:00,109 - INFO - 15m | 11:45 | O:89167.4 H:89190.0 L:88572.6 C:88680.1
2026-01-21 21:00:00,109 - INFO - 지표: ADX=17.2, ATR=226.0, Bull=False, Bear=True
2026-01-21 21:00:21,681 - INFO - [상태] 포지션 없음, 자본금: $5809.76
2026-01-21 21:00:21,681 - INFO - [지표] ADX=nan, Bull=nan, Bear=nan
2026-01-21 21:05:21,682 - INFO - [상태] 포지션 없음, 자본금: $5809.76
2026-01-21 21:05:21,683 - INFO - [지표] ADX=nan, Bull=nan, Bear=nan
2026-01-21 21:10:21,683 - INFO - [상태] 포지션 없음, 자본금: $5809.76
2026-01-21 21:10:21,684 - INFO - [지표] ADX=nan, Bull=nan, Bear=nan
2026-01-21 21:15:00,239 - INFO - [EMA] 증분계산: prev=89176.32, close=88283.4, new=89107.63
2026-01-21 21:15:00,246 - INFO - 15m | 12:00 | O:88680.0 H:88755.3 L:88102.4 C:88283.4
2026-01-21 21:15:00,246 - INFO - 지표: ADX=20.0, ATR=261.5, Bull=False, Bear=True
2026-01-21 21:15:21,684 - INFO - [상태] 포지션 없음, 자본금: $5809.76
2026-01-21 21:15:21,685 - INFO - [지표] ADX=nan, Bull=nan, Bear=nan
2026-01-21 21:20:21,685 - INFO - [상태] 포지션 없음, 자본금: $5809.76
2026-01-21 21:20:21,686 - INFO - [지표] ADX=nan, Bull=nan, Bear=nan
2026-01-21 21:25:21,687 - INFO - [상태] 포지션 없음, 자본금: $5809.76
2026-01-21 21:25:21,687 - INFO - [지표] ADX=nan, Bull=nan, Bear=nan
2026-01-21 21:30:00,385 - INFO - [EMA] 증분계산: prev=89107.63, close=88255.0, new=89042.04
2026-01-21 21:30:00,392 - INFO - 15m | 12:15 | O:88284.0 H:88382.9 L:88108.0 C:88255.0
2026-01-21 21:30:00,392 - INFO - 지표: ADX=22.6, ATR=262.6, Bull=False, Bear=True
2026-01-21 21:30:21,687 - INFO - [상태] 포지션 없음, 자본금: $5809.76
2026-01-21 21:30:21,688 - INFO - [지표] ADX=nan, Bull=nan, Bear=nan
2026-01-21 21:35:21,689 - INFO - [상태] 포지션 없음, 자본금: $5809.76
2026-01-21 21:35:21,689 - INFO - [지표] ADX=nan, Bull=nan, Bear=nan
2026-01-21 21:40:21,690 - INFO - [상태] 포지션 없음, 자본금: $5809.76
2026-01-21 21:40:21,690 - INFO - [지표] ADX=nan, Bull=nan, Bear=nan
2026-01-21 21:45:00,994 - INFO - [EMA] 증분계산: prev=89042.04, close=88514.0, new=89001.42
2026-01-21 21:45:01,004 - INFO - 15m | 12:30 | O:88249.5 H:88566.2 L:88175.3 C:88514.0
2026-01-21 21:45:01,004 - INFO - 지표: ADX=23.9, ATR=273.3, Bull=False, Bear=True
2026-01-21 21:45:21,691 - INFO - [상태] 포지션 없음, 자본금: $5809.76
2026-01-21 21:45:21,692 - INFO - [지표] ADX=nan, Bull=nan, Bear=nan
2026-01-21 21:50:21,693 - INFO - [상태] 포지션 없음, 자본금: $5809.76
2026-01-21 21:50:21,693 - INFO - [지표] ADX=nan, Bull=nan, Bear=nan
2026-01-21 21:55:21,694 - INFO - [상태] 포지션 없음, 자본금: $5809.76
2026-01-21 21:55:21,695 - INFO - [지표] ADX=nan, Bull=nan, Bear=nan
2026-01-21 22:00:00,073 - INFO - [EMA] 증분계산: prev=89001.42, close=88628.0, new=88972.70
2026-01-21 22:00:00,080 - INFO - 15m | 12:45 | O:88515.0 H:88657.9 L:88418.2 C:88628.0
2026-01-21 22:00:00,080 - INFO - 지표: ADX=24.7, ATR=270.5, Bull=False, Bear=True
2026-01-21 22:00:21,696 - INFO - [상태] 포지션 없음, 자본금: $5809.76
2026-01-21 22:00:21,696 - INFO - [지표] ADX=nan, Bull=nan, Bear=nan
2026-01-21 22:05:21,698 - INFO - [상태] 포지션 없음, 자본금: $5809.76
2026-01-21 22:05:21,698 - INFO - [지표] ADX=nan, Bull=nan, Bear=nan
2026-01-21 22:10:21,699 - INFO - [상태] 포지션 없음, 자본금: $5809.76
2026-01-21 22:10:21,700 - INFO - [지표] ADX=nan, Bull=nan, Bear=nan
2026-01-21 22:15:01,746 - INFO - [EMA] 증분계산: prev=88972.70, close=88830.0, new=88961.72
2026-01-21 22:15:01,756 - INFO - 15m | 13:00 | O:88627.9 H:88900.0 L:88560.8 C:88830.0
2026-01-21 22:15:01,756 - INFO - 지표: ADX=24.2, ATR=276.3, Bull=False, Bear=True
2026-01-21 22:15:21,701 - INFO - [상태] 포지션 없음, 자본금: $5809.76
2026-01-21 22:15:21,701 - INFO - [지표] ADX=nan, Bull=nan, Bear=nan
2026-01-21 22:20:21,704 - INFO - [상태] 포지션 없음, 자본금: $5809.76
2026-01-21 22:20:21,704 - INFO - [지표] ADX=nan, Bull=nan, Bear=nan
2026-01-21 22:25:21,709 - INFO - [상태] 포지션 없음, 자본금: $5809.76
2026-01-21 22:25:21,710 - INFO - [지표] ADX=nan, Bull=nan, Bear=nan
2026-01-21 22:30:00,540 - INFO - [EMA] 증분계산: prev=88961.72, close=88740.8, new=88944.73
2026-01-21 22:30:00,550 - INFO - 15m | 13:15 | O:88827.4 H:88864.6 L:88661.7 C:88740.8
2026-01-21 22:30:00,550 - INFO - 지표: ADX=23.8, ATR=270.1, Bull=False, Bear=True
2026-01-21 22:30:21,713 - INFO - [상태] 포지션 없음, 자본금: $5809.76
2026-01-21 22:30:21,714 - INFO - [지표] ADX=nan, Bull=nan, Bear=nan
2026-01-21 22:35:21,718 - INFO - [상태] 포지션 없음, 자본금: $5809.76
2026-01-21 22:35:21,719 - INFO - [지표] ADX=nan, Bull=nan, Bear=nan
2026-01-21 22:40:21,724 - INFO - [상태] 포지션 없음, 자본금: $5809.76
2026-01-21 22:40:21,724 - INFO - [지표] ADX=nan, Bull=nan, Bear=nan
2026-01-21 22:45:00,170 - INFO - [EMA] 증분계산: prev=88944.73, close=88606.4, new=88918.70
2026-01-21 22:45:00,180 - INFO - 15m | 13:30 | O:88740.8 H:88915.4 L:88571.4 C:88606.4
2026-01-21 22:45:00,180 - INFO - 지표: ADX=23.6, ATR=276.3, Bull=False, Bear=True
2026-01-21 22:45:21,725 - INFO - [상태] 포지션 없음, 자본금: $5809.76
2026-01-21 22:45:21,726 - INFO - [지표] ADX=nan, Bull=nan, Bear=nan
2026-01-21 22:50:21,728 - INFO - [상태] 포지션 없음, 자본금: $5809.76
2026-01-21 22:50:21,728 - INFO - [지표] ADX=nan, Bull=nan, Bear=nan
2026-01-21 22:55:21,730 - INFO - [상태] 포지션 없음, 자본금: $5809.76
2026-01-21 22:55:21,730 - INFO - [지표] ADX=nan, Bull=nan, Bear=nan
2026-01-21 23:00:00,084 - INFO - [EMA] 증분계산: prev=88918.70, close=88560.0, new=88891.11
2026-01-21 23:00:00,091 - INFO - 15m | 13:45 | O:88606.4 H:88776.6 L:88450.0 C:88560.0
2026-01-21 23:00:00,091 - INFO - 지표: ADX=23.9, ATR=280.5, Bull=False, Bear=True
2026-01-21 23:00:21,731 - INFO - [상태] 포지션 없음, 자본금: $5809.76
2026-01-21 23:00:21,732 - INFO - [지표] ADX=nan, Bull=nan, Bear=nan
2026-01-21 23:05:21,732 - INFO - [상태] 포지션 없음, 자본금: $5809.76
2026-01-21 23:05:21,733 - INFO - [지표] ADX=nan, Bull=nan, Bear=nan
2026-01-21 23:10:21,733 - INFO - [상태] 포지션 없음, 자본금: $5809.76
2026-01-21 23:10:21,734 - INFO - [지표] ADX=nan, Bull=nan, Bear=nan
2026-01-21 23:15:00,082 - INFO - [EMA] 증분계산: prev=88891.11, close=89467.6, new=88935.46
2026-01-21 23:15:00,089 - INFO - 15m | 14:00 | O:88559.6 H:89620.0 L:88500.1 C:89467.6
2026-01-21 23:15:00,089 - INFO - 지표: ADX=23.3, ATR=350.4, Bull=False, Bear=True
2026-01-21 23:15:21,735 - INFO - [상태] 포지션 없음, 자본금: $5809.76
2026-01-21 23:15:21,735 - INFO - [지표] ADX=nan, Bull=nan, Bear=nan
2026-01-21 23:20:21,736 - INFO - [상태] 포지션 없음, 자본금: $5809.76
2026-01-21 23:20:21,736 - INFO - [지표] ADX=nan, Bull=nan, Bear=nan
2026-01-21 23:25:21,739 - INFO - [상태] 포지션 없음, 자본금: $5809.76
2026-01-21 23:25:21,739 - INFO - [지표] ADX=nan, Bull=nan, Bear=nan
2026-01-21 23:30:00,057 - INFO - [EMA] 증분계산: prev=88935.46, close=89495.0, new=88978.50
2026-01-21 23:30:00,063 - INFO - 15m | 14:15 | O:89460.8 H:89600.0 L:89231.2 C:89495.0
2026-01-21 23:30:00,063 - INFO - 지표: ADX=22.7, ATR=352.0, Bull=False, Bear=True
2026-01-21 23:30:21,740 - INFO - [상태] 포지션 없음, 자본금: $5809.76
2026-01-21 23:30:21,740 - INFO - [지표] ADX=nan, Bull=nan, Bear=nan
2026-01-21 23:35:21,741 - INFO - [상태] 포지션 없음, 자본금: $5809.76
2026-01-21 23:35:21,741 - INFO - [지표] ADX=nan, Bull=nan, Bear=nan
2026-01-21 23:40:21,742 - INFO - [상태] 포지션 없음, 자본금: $5809.76
2026-01-21 23:40:21,743 - INFO - [지표] ADX=nan, Bull=nan, Bear=nan
2026-01-21 23:45:00,082 - INFO - [EMA] 증분계산: prev=88978.50, close=89560.0, new=89023.23
2026-01-21 23:45:00,089 - INFO - 15m | 14:30 | O:89485.3 H:89897.4 L:89363.9 C:89560.0
2026-01-21 23:45:00,089 - INFO - 지표: ADX=22.9, ATR=367.1, Bull=False, Bear=True
2026-01-21 23:45:21,744 - INFO - [상태] 포지션 없음, 자본금: $5809.76
2026-01-21 23:45:21,744 - INFO - [지표] ADX=nan, Bull=nan, Bear=nan
2026-01-21 23:50:21,744 - INFO - [상태] 포지션 없음, 자본금: $5809.76
2026-01-21 23:50:21,745 - INFO - [지표] ADX=nan, Bull=nan, Bear=nan
2026-01-21 23:55:21,747 - INFO - [상태] 포지션 없음, 자본금: $5809.76
2026-01-21 23:55:21,747 - INFO - [지표] ADX=nan, Bull=nan, Bear=nan
2026-01-22 00:00:00,028 - INFO - [EMA] 증분계산: prev=89023.23, close=89692.1, new=89074.68
2026-01-22 00:00:00,035 - INFO - 15m | 14:45 | O:89561.8 H:89834.3 L:89245.6 C:89692.1
2026-01-22 00:00:00,035 - INFO - 지표: ADX=22.7, ATR=385.6, Bull=False, Bear=True
2026-01-22 00:00:21,749 - INFO - [상태] 포지션 없음, 자본금: $5809.76
2026-01-22 00:00:21,749 - INFO - [지표] ADX=nan, Bull=nan, Bear=nan
2026-01-22 00:05:21,750 - INFO - [상태] 포지션 없음, 자본금: $5809.76
2026-01-22 00:05:21,751 - INFO - [지표] ADX=nan, Bull=nan, Bear=nan
2026-01-22 00:10:21,751 - INFO - [상태] 포지션 없음, 자본금: $5809.76
2026-01-22 00:10:21,752 - INFO - [지표] ADX=nan, Bull=nan, Bear=nan
2026-01-22 00:15:00,043 - INFO - [EMA] 증분계산: prev=89074.68, close=90240.9, new=89164.39
2026-01-22 00:15:00,049 - INFO - 15m | 15:00 | O:89690.0 H:90260.0 L:89636.1 C:90240.9
2026-01-22 00:15:00,050 - INFO - 지표: ADX=23.4, ATR=405.4, Bull=False, Bear=True
2026-01-22 00:15:21,753 - INFO - [상태] 포지션 없음, 자본금: $5809.76
2026-01-22 00:15:21,753 - INFO - [지표] ADX=nan, Bull=nan, Bear=nan
2026-01-22 00:20:21,755 - INFO - [상태] 포지션 없음, 자본금: $5809.76
2026-01-22 00:20:21,755 - INFO - [지표] ADX=nan, Bull=nan, Bear=nan
2026-01-22 00:25:21,756 - INFO - [상태] 포지션 없음, 자본금: $5809.76
2026-01-22 00:25:21,757 - INFO - [지표] ADX=nan, Bull=nan, Bear=nan
2026-01-22 00:30:00,848 - INFO - [EMA] 증분계산: prev=89164.39, close=89923.5, new=89222.78
2026-01-22 00:30:00,854 - INFO - 15m | 15:15 | O:90240.9 H:90463.7 L:89884.6 C:89923.5
2026-01-22 00:30:00,854 - INFO - 지표: ADX=24.4, ATR=419.9, Bull=False, Bear=True
2026-01-22 00:30:21,759 - INFO - [상태] 포지션 없음, 자본금: $5809.76
2026-01-22 00:30:21,759 - INFO - [지표] ADX=nan, Bull=nan, Bear=nan
2026-01-22 00:35:21,761 - INFO - [상태] 포지션 없음, 자본금: $5809.76
2026-01-22 00:35:21,762 - INFO - [지표] ADX=nan, Bull=nan, Bear=nan
2026-01-22 00:40:21,763 - INFO - [상태] 포지션 없음, 자본금: $5809.76
2026-01-22 00:40:21,763 - INFO - [지표] ADX=nan, Bull=nan, Bear=nan
2026-01-22 00:45:00,598 - INFO - [EMA] 증분계산: prev=89222.78, close=90010.0, new=89283.34
2026-01-22 00:45:00,605 - INFO - 15m | 15:30 | O:89923.5 H:90097.2 L:89732.8 C:90010.0
2026-01-22 00:45:00,605 - INFO - 지표: ADX=24.7, ATR=415.3, Bull=False, Bear=True
2026-01-22 00:45:21,764 - INFO - [상태] 포지션 없음, 자본금: $5809.76
2026-01-22 00:45:21,765 - INFO - [지표] ADX=nan, Bull=nan, Bear=nan
2026-01-22 00:50:21,766 - INFO - [상태] 포지션 없음, 자본금: $5809.76
2026-01-22 00:50:21,766 - INFO - [지표] ADX=nan, Bull=nan, Bear=nan
2026-01-22 00:55:21,768 - INFO - [상태] 포지션 없음, 자본금: $5809.76
2026-01-22 00:55:21,768 - INFO - [지표] ADX=nan, Bull=nan, Bear=nan
2026-01-22 01:00:00,042 - INFO - [EMA] 증분계산: prev=89283.34, close=90176.7, new=89352.06
2026-01-22 01:00:00,052 - INFO - 15m | 15:45 | O:90007.7 H:90276.5 L:89874.2 C:90176.7
2026-01-22 01:00:00,052 - INFO - 지표: ADX=25.4, ATR=414.2, Bull=False, Bear=True
2026-01-22 01:00:21,771 - INFO - [상태] 포지션 없음, 자본금: $5809.76
2026-01-22 01:00:21,771 - INFO - [지표] ADX=nan, Bull=nan, Bear=nan
2026-01-22 01:05:21,771 - INFO - [상태] 포지션 없음, 자본금: $5809.76
2026-01-22 01:05:21,772 - INFO - [지표] ADX=nan, Bull=nan, Bear=nan
2026-01-22 01:10:21,772 - INFO - [상태] 포지션 없음, 자본금: $5809.76
2026-01-22 01:10:21,773 - INFO - [지표] ADX=nan, Bull=nan, Bear=nan
2026-01-22 01:15:00,058 - INFO - [EMA] 증분계산: prev=89352.06, close=89646.3, new=89374.69
2026-01-22 01:15:00,065 - INFO - 15m | 16:00 | O:90176.8 H:90261.0 L:89633.6 C:89646.3
2026-01-22 01:15:00,065 - INFO - 지표: ADX=25.2, ATR=432.0, Bull=False, Bear=True
2026-01-22 01:15:21,773 - INFO - [상태] 포지션 없음, 자본금: $5809.76
2026-01-22 01:15:21,774 - INFO - [지표] ADX=nan, Bull=nan, Bear=nan
2026-01-22 01:20:21,776 - INFO - [상태] 포지션 없음, 자본금: $5809.76
2026-01-22 01:20:21,776 - INFO - [지표] ADX=nan, Bull=nan, Bear=nan
2026-01-22 01:25:21,778 - INFO - [상태] 포지션 없음, 자본금: $5809.76
2026-01-22 01:25:21,779 - INFO - [지표] ADX=nan, Bull=nan, Bear=nan
2026-01-22 01:30:00,557 - INFO - [EMA] 증분계산: prev=89374.69, close=89483.2, new=89383.04
2026-01-22 01:30:00,567 - INFO - 15m | 16:15 | O:89646.4 H:89725.9 L:89151.1 C:89483.2
2026-01-22 01:30:00,567 - INFO - 지표: ADX=23.5, ATR=443.9, Bull=False, Bear=True
2026-01-22 01:30:21,780 - INFO - [상태] 포지션 없음, 자본금: $5809.76
2026-01-22 01:30:21,781 - INFO - [지표] ADX=nan, Bull=nan, Bear=nan
2026-01-22 01:35:21,782 - INFO - [상태] 포지션 없음, 자본금: $5809.76
2026-01-22 01:35:21,783 - INFO - [지표] ADX=nan, Bull=nan, Bear=nan
2026-01-22 01:40:21,785 - INFO - [상태] 포지션 없음, 자본금: $5809.76
2026-01-22 01:40:21,785 - INFO - [지표] ADX=nan, Bull=nan, Bear=nan
2026-01-22 01:45:00,085 - INFO - [EMA] 증분계산: prev=89383.04, close=88065.7, new=89281.71
2026-01-22 01:45:00,091 - INFO - 15m | 16:30 | O:89486.6 H:89486.6 L:88014.0 C:88065.7
2026-01-22 01:45:00,091 - INFO - 지표: ADX=23.8, ATR=529.6, Bull=False, Bear=True
2026-01-22 01:45:21,787 - INFO - [상태] 포지션 없음, 자본금: $5809.76
2026-01-22 01:45:21,787 - INFO - [지표] ADX=nan, Bull=nan, Bear=nan
2026-01-22 01:50:21,788 - INFO - [상태] 포지션 없음, 자본금: $5809.76
2026-01-22 01:50:21,788 - INFO - [지표] ADX=nan, Bull=nan, Bear=nan
2026-01-22 01:55:21,789 - INFO - [상태] 포지션 없음, 자본금: $5809.76
2026-01-22 01:55:21,789 - INFO - [지표] ADX=nan, Bull=nan, Bear=nan
2026-01-22 02:00:00,027 - INFO - [EMA] 증분계산: prev=89281.71, close=87497.9, new=89144.49
2026-01-22 02:00:00,033 - INFO - 15m | 16:45 | O:88065.6 H:88581.8 L:87475.3 C:87497.9
2026-01-22 02:00:00,034 - INFO - 지표: ADX=24.8, ATR=577.7, Bull=False, Bear=True
2026-01-22 02:00:21,790 - INFO - [상태] 포지션 없음, 자본금: $5809.76
2026-01-22 02:00:21,790 - INFO - [지표] ADX=nan, Bull=nan, Bear=nan
2026-01-22 02:05:21,792 - INFO - [상태] 포지션 없음, 자본금: $5809.76
2026-01-22 02:05:21,792 - INFO - [지표] ADX=nan, Bull=nan, Bear=nan
2026-01-22 02:10:21,793 - INFO - [상태] 포지션 없음, 자본금: $5809.76
2026-01-22 02:10:21,793 - INFO - [지표] ADX=nan, Bull=nan, Bear=nan
2026-01-22 02:15:00,059 - INFO - [EMA] 증분계산: prev=89144.49, close=87217.9, new=88996.29
2026-01-22 02:15:00,065 - INFO - 15m | 17:00 | O:87497.9 H:88014.1 L:87145.1 C:87217.9
2026-01-22 02:15:00,065 - INFO - 지표: ADX=26.0, ATR=601.9, Bull=False, Bear=True
2026-01-22 02:15:21,795 - INFO - [상태] 포지션 없음, 자본금: $5809.76
2026-01-22 02:15:21,795 - INFO - [지표] ADX=nan, Bull=nan, Bear=nan
2026-01-22 02:20:21,796 - INFO - [상태] 포지션 없음, 자본금: $5809.76
2026-01-22 02:20:21,797 - INFO - [지표] ADX=nan, Bull=nan, Bear=nan
2026-01-22 02:25:21,798 - INFO - [상태] 포지션 없음, 자본금: $5809.76
2026-01-22 02:25:21,799 - INFO - [지표] ADX=nan, Bull=nan, Bear=nan
2026-01-22 02:30:00,220 - INFO - [EMA] 증분계산: prev=88996.29, close=87681.5, new=88895.15
2026-01-22 02:30:00,229 - INFO - 15m | 17:15 | O:87221.6 H:87782.6 L:87157.3 C:87681.5
2026-01-22 02:30:00,229 - INFO - 지표: ADX=27.1, ATR=603.9, Bull=False, Bear=True
2026-01-22 02:30:21,800 - INFO - [상태] 포지션 없음, 자본금: $5809.76
2026-01-22 02:30:21,800 - INFO - [지표] ADX=nan, Bull=nan, Bear=nan
2026-01-22 02:35:21,801 - INFO - [상태] 포지션 없음, 자본금: $5809.76
2026-01-22 02:35:21,801 - INFO - [지표] ADX=nan, Bull=nan, Bear=nan
2026-01-22 02:40:21,802 - INFO - [상태] 포지션 없음, 자본금: $5809.76
2026-01-22 02:40:21,802 - INFO - [지표] ADX=nan, Bull=nan, Bear=nan
2026-01-22 02:45:00,078 - INFO - [EMA] 증분계산: prev=88895.15, close=87819.9, new=88812.44
2026-01-22 02:45:00,085 - INFO - 15m | 17:30 | O:87674.6 H:88062.5 L:87396.4 C:87819.9
2026-01-22 02:45:00,085 - INFO - 지표: ADX=27.4, ATR=609.1, Bull=False, Bear=True
2026-01-22 02:45:21,803 - INFO - [상태] 포지션 없음, 자본금: $5809.76
2026-01-22 02:45:21,803 - INFO - [지표] ADX=nan, Bull=nan, Bear=nan
2026-01-22 02:50:21,805 - INFO - [상태] 포지션 없음, 자본금: $5809.76
2026-01-22 02:50:21,805 - INFO - [지표] ADX=nan, Bull=nan, Bear=nan
2026-01-22 02:55:21,807 - INFO - [상태] 포지션 없음, 자본금: $5809.76
2026-01-22 02:55:21,807 - INFO - [지표] ADX=nan, Bull=nan, Bear=nan
2026-01-22 03:00:00,063 - INFO - [EMA] 증분계산: prev=88812.44, close=87832.3, new=88737.05
2026-01-22 03:00:00,070 - INFO - 15m | 17:45 | O:87817.7 H:87969.4 L:87745.4 C:87832.3
2026-01-22 03:00:00,070 - INFO - 지표: ADX=27.7, ATR=577.0, Bull=False, Bear=True
2026-01-22 03:00:21,808 - INFO - [상태] 포지션 없음, 자본금: $5809.76
2026-01-22 03:00:21,808 - INFO - [지표] ADX=nan, Bull=nan, Bear=nan
2026-01-22 03:05:21,832 - INFO - [상태] 포지션 없음, 자본금: $5809.76
2026-01-22 03:05:21,832 - INFO - [지표] ADX=nan, Bull=nan, Bear=nan
2026-01-22 03:10:21,834 - INFO - [상태] 포지션 없음, 자본금: $5809.76
2026-01-22 03:10:21,834 - INFO - [지표] ADX=nan, Bull=nan, Bear=nan
2026-01-22 03:15:00,137 - INFO - [EMA] 증분계산: prev=88737.05, close=87813.7, new=88666.02
2026-01-22 03:15:00,147 - INFO - 15m | 18:00 | O:87835.9 H:87992.9 L:87487.7 C:87813.7
2026-01-22 03:15:00,147 - INFO - 지표: ADX=28.4, ATR=571.0, Bull=False, Bear=True
2026-01-22 03:15:21,836 - INFO - [상태] 포지션 없음, 자본금: $5809.76
2026-01-22 03:15:21,836 - INFO - [지표] ADX=nan, Bull=nan, Bear=nan
2026-01-22 03:20:21,837 - INFO - [상태] 포지션 없음, 자본금: $5809.76
2026-01-22 03:20:21,838 - INFO - [지표] ADX=nan, Bull=nan, Bear=nan
2026-01-22 03:25:21,839 - INFO - [상태] 포지션 없음, 자본금: $5809.76
2026-01-22 03:25:21,839 - INFO - [지표] ADX=nan, Bull=nan, Bear=nan
2026-01-22 03:30:00,336 - INFO - [EMA] 증분계산: prev=88666.02, close=87921.2, new=88608.72
2026-01-22 03:30:00,345 - INFO - 15m | 18:15 | O:87814.1 H:87962.5 L:87746.5 C:87921.2
2026-01-22 03:30:00,345 - INFO - 지표: ADX=29.0, ATR=541.4, Bull=False, Bear=True
2026-01-22 03:30:21,841 - INFO - [상태] 포지션 없음, 자본금: $5809.76
2026-01-22 03:30:21,841 - INFO - [지표] ADX=nan, Bull=nan, Bear=nan
2026-01-22 03:35:21,842 - INFO - [상태] 포지션 없음, 자본금: $5809.76
2026-01-22 03:35:21,843 - INFO - [지표] ADX=nan, Bull=nan, Bear=nan
2026-01-22 03:40:21,844 - INFO - [상태] 포지션 없음, 자본금: $5809.76
2026-01-22 03:40:21,844 - INFO - [지표] ADX=nan, Bull=nan, Bear=nan
2026-01-22 03:45:00,242 - INFO - [EMA] 증분계산: prev=88608.72, close=88024.6, new=88563.79
2026-01-22 03:45:00,249 - INFO - 15m | 18:30 | O:87922.0 H:88155.9 L:87847.9 C:88024.6
2026-01-22 03:45:00,249 - INFO - 지표: ADX=28.9, ATR=522.0, Bull=False, Bear=True
2026-01-22 03:45:21,847 - INFO - [상태] 포지션 없음, 자본금: $5809.76
2026-01-22 03:45:21,847 - INFO - [지표] ADX=nan, Bull=nan, Bear=nan
2026-01-22 03:50:21,848 - INFO - [상태] 포지션 없음, 자본금: $5809.76
2026-01-22 03:50:21,848 - INFO - [지표] ADX=nan, Bull=nan, Bear=nan
2026-01-22 03:55:21,849 - INFO - [상태] 포지션 없음, 자본금: $5809.76
2026-01-22 03:55:21,849 - INFO - [지표] ADX=nan, Bull=nan, Bear=nan
2026-01-22 04:00:00,042 - INFO - [EMA] 증분계산: prev=88563.79, close=88381.6, new=88549.78
2026-01-22 04:00:00,048 - INFO - 15m | 18:45 | O:88024.6 H:88566.4 L:88015.8 C:88381.6
2026-01-22 04:00:00,048 - INFO - 지표: ADX=27.8, ATR=524.4, Bull=False, Bear=True
2026-01-22 04:00:21,850 - INFO - [상태] 포지션 없음, 자본금: $5809.76
2026-01-22 04:00:21,851 - INFO - [지표] ADX=nan, Bull=nan, Bear=nan
2026-01-22 04:05:21,852 - INFO - [상태] 포지션 없음, 자본금: $5809.76
2026-01-22 04:05:21,853 - INFO - [지표] ADX=nan, Bull=nan, Bear=nan
2026-01-22 04:10:21,854 - INFO - [상태] 포지션 없음, 자본금: $5809.76
2026-01-22 04:10:21,854 - INFO - [지표] ADX=nan, Bull=nan, Bear=nan
2026-01-22 04:15:00,544 - INFO - [EMA] 증분계산: prev=88549.78, close=88297.3, new=88530.36
2026-01-22 04:15:00,551 - INFO - 15m | 19:00 | O:88382.4 H:88549.9 L:88188.0 C:88297.3
2026-01-22 04:15:00,551 - INFO - 지표: ADX=26.8, ATR=510.8, Bull=False, Bear=True
2026-01-22 04:15:21,855 - INFO - [상태] 포지션 없음, 자본금: $5809.76
2026-01-22 04:15:21,856 - INFO - [지표] ADX=nan, Bull=nan, Bear=nan
2026-01-22 04:20:21,857 - INFO - [상태] 포지션 없음, 자본금: $5809.76
2026-01-22 04:20:21,858 - INFO - [지표] ADX=nan, Bull=nan, Bear=nan
2026-01-22 04:25:21,858 - INFO - [상태] 포지션 없음, 자본금: $5809.76
2026-01-22 04:25:21,859 - INFO - [지표] ADX=nan, Bull=nan, Bear=nan
2026-01-22 04:30:00,032 - INFO - [EMA] 증분계산: prev=88530.36, close=89552.5, new=88608.98
2026-01-22 04:30:00,038 - INFO - 15m | 19:15 | O:88297.4 H:89640.8 L:88266.7 C:89552.5
2026-01-22 04:30:00,039 - INFO - 지표: ADX=26.1, ATR=582.8, Bull=False, Bear=True
2026-01-22 04:30:21,860 - INFO - [상태] 포지션 없음, 자본금: $5809.76
2026-01-22 04:30:21,860 - INFO - [지표] ADX=nan, Bull=nan, Bear=nan
2026-01-22 04:35:21,862 - INFO - [상태] 포지션 없음, 자본금: $5809.76
2026-01-22 04:35:21,862 - INFO - [지표] ADX=nan, Bull=nan, Bear=nan
2026-01-22 04:40:21,863 - INFO - [상태] 포지션 없음, 자본금: $5809.76
2026-01-22 04:40:21,863 - INFO - [지표] ADX=nan, Bull=nan, Bear=nan
2026-01-22 04:45:00,063 - INFO - [EMA] 증분계산: prev=88608.98, close=89947.4, new=88711.94
2026-01-22 04:45:00,069 - INFO - 15m | 19:30 | O:89558.9 H:90090.0 L:89415.1 C:89947.4
2026-01-22 04:45:00,069 - INFO - 지표: ADX=26.0, ATR=590.4, Bull=False, Bear=True
2026-01-22 04:45:21,864 - INFO - [상태] 포지션 없음, 자본금: $5809.76
2026-01-22 04:45:21,865 - INFO - [지표] ADX=nan, Bull=nan, Bear=nan
2026-01-22 04:50:21,865 - INFO - [상태] 포지션 없음, 자본금: $5809.76
2026-01-22 04:50:21,866 - INFO - [지표] ADX=nan, Bull=nan, Bear=nan
2026-01-22 04:55:21,867 - INFO - [상태] 포지션 없음, 자본금: $5809.76
2026-01-22 04:55:21,867 - INFO - [지표] ADX=nan, Bull=nan, Bear=nan
2026-01-22 05:00:00,066 - INFO - [EMA] 증분계산: prev=88711.94, close=90265.5, new=88831.44
2026-01-22 05:00:00,072 - INFO - 15m | 19:45 | O:89960.2 H:90369.4 L:89807.0 C:90265.5
2026-01-22 05:00:00,073 - INFO - 지표: ADX=26.4, ATR=588.1, Bull=False, Bear=False
2026-01-22 05:00:21,869 - INFO - [상태] 포지션 없음, 자본금: $5809.76
2026-01-22 05:00:21,870 - INFO - [지표] ADX=nan, Bull=nan, Bear=nan
2026-01-22 05:05:21,872 - INFO - [상태] 포지션 없음, 자본금: $5809.76
2026-01-22 05:05:21,872 - INFO - [지표] ADX=nan, Bull=nan, Bear=nan
2026-01-22 05:10:21,873 - INFO - [상태] 포지션 없음, 자본금: $5809.76
2026-01-22 05:10:21,873 - INFO - [지표] ADX=nan, Bull=nan, Bear=nan
2026-01-22 05:15:00,073 - INFO - [EMA] 증분계산: prev=88831.44, close=89824.3, new=88907.82
2026-01-22 05:15:00,079 - INFO - 15m | 20:00 | O:90271.9 H:90293.9 L:89640.2 C:89824.3
2026-01-22 05:15:00,079 - INFO - 지표: ADX=26.3, ATR=593.6, Bull=False, Bear=True
2026-01-22 05:15:21,874 - INFO - [상태] 포지션 없음, 자본금: $5809.76
2026-01-22 05:15:21,874 - INFO - [지표] ADX=nan, Bull=nan, Bear=nan
2026-01-22 05:20:21,875 - INFO - [상태] 포지션 없음, 자본금: $5809.76
2026-01-22 05:20:21,875 - INFO - [지표] ADX=nan, Bull=nan, Bear=nan
2026-01-22 05:25:21,876 - INFO - [상태] 포지션 없음, 자본금: $5809.76
2026-01-22 05:25:21,876 - INFO - [지표] ADX=nan, Bull=nan, Bear=nan
2026-01-22 05:30:00,038 - INFO - [EMA] 증분계산: prev=88907.82, close=89663.2, new=88965.92
2026-01-22 05:30:00,047 - INFO - 15m | 20:15 | O:89827.5 H:89834.4 L:89356.7 C:89663.2
2026-01-22 05:30:00,047 - INFO - 지표: ADX=25.6, ATR=583.9, Bull=False, Bear=True
2026-01-22 05:30:21,877 - INFO - [상태] 포지션 없음, 자본금: $5809.76
2026-01-22 05:30:21,877 - INFO - [지표] ADX=nan, Bull=nan, Bear=nan
2026-01-22 05:35:21,878 - INFO - [상태] 포지션 없음, 자본금: $5809.76
2026-01-22 05:35:21,878 - INFO - [지표] ADX=nan, Bull=nan, Bear=nan
2026-01-22 05:40:21,880 - INFO - [상태] 포지션 없음, 자본금: $5809.76
2026-01-22 05:40:21,880 - INFO - [지표] ADX=nan, Bull=nan, Bear=nan
2026-01-22 05:45:00,053 - INFO - [EMA] 증분계산: prev=88965.92, close=89809.2, new=89030.79
2026-01-22 05:45:00,063 - INFO - 15m | 20:30 | O:89659.2 H:89942.8 L:89510.1 C:89809.2
2026-01-22 05:45:00,063 - INFO - 지표: ADX=25.1, ATR=571.3, Bull=False, Bear=True
2026-01-22 05:45:21,881 - INFO - [상태] 포지션 없음, 자본금: $5809.76
2026-01-22 05:45:21,881 - INFO - [지표] ADX=nan, Bull=nan, Bear=nan
2026-01-22 05:50:21,882 - INFO - [상태] 포지션 없음, 자본금: $5809.76
2026-01-22 05:50:21,882 - INFO - [지표] ADX=nan, Bull=nan, Bear=nan
2026-01-22 05:55:21,882 - INFO - [상태] 포지션 없음, 자본금: $5809.76
2026-01-22 05:55:21,883 - INFO - [지표] ADX=nan, Bull=nan, Bear=nan
2026-01-22 06:00:00,086 - INFO - [EMA] 증분계산: prev=89030.79, close=90120.7, new=89114.63
2026-01-22 06:00:00,095 - INFO - 15m | 20:45 | O:89814.4 H:90138.2 L:89797.8 C:90120.7
2026-01-22 06:00:00,096 - INFO - 지표: ADX=24.9, ATR=552.1, Bull=False, Bear=True
2026-01-22 06:00:21,884 - INFO - [상태] 포지션 없음, 자본금: $5809.76
2026-01-22 06:00:21,884 - INFO - [지표] ADX=nan, Bull=nan, Bear=nan
2026-01-22 06:05:21,887 - INFO - [상태] 포지션 없음, 자본금: $5809.76
2026-01-22 06:05:21,887 - INFO - [지표] ADX=nan, Bull=nan, Bear=nan
2026-01-22 06:10:21,888 - INFO - [상태] 포지션 없음, 자본금: $5809.76
2026-01-22 06:10:21,889 - INFO - [지표] ADX=nan, Bull=nan, Bear=nan
2026-01-22 06:15:00,106 - INFO - [EMA] 증분계산: prev=89114.63, close=90014.7, new=89183.87
2026-01-22 06:15:00,116 - INFO - 15m | 21:00 | O:90123.5 H:90132.2 L:89863.8 C:90014.7
2026-01-22 06:15:00,116 - INFO - 지표: ADX=24.8, ATR=528.4, Bull=False, Bear=True
2026-01-22 06:15:21,890 - INFO - [상태] 포지션 없음, 자본금: $5809.76
2026-01-22 06:15:21,890 - INFO - [지표] ADX=nan, Bull=nan, Bear=nan
2026-01-22 06:20:21,891 - INFO - [상태] 포지션 없음, 자본금: $5809.76
2026-01-22 06:20:21,891 - INFO - [지표] ADX=nan, Bull=nan, Bear=nan
2026-01-22 06:25:21,894 - INFO - [상태] 포지션 없음, 자본금: $5809.76
2026-01-22 06:25:21,895 - INFO - [지표] ADX=nan, Bull=nan, Bear=nan
2026-01-22 06:30:00,432 - INFO - [EMA] 증분계산: prev=89183.87, close=89987.9, new=89245.71
2026-01-22 06:30:00,438 - INFO - 15m | 21:15 | O:90014.6 H:90257.9 L:89954.1 C:89987.9
2026-01-22 06:30:00,439 - INFO - 지표: ADX=24.9, ATR=509.7, Bull=False, Bear=True
2026-01-22 06:30:21,896 - INFO - [상태] 포지션 없음, 자본금: $5809.76
2026-01-22 06:30:21,896 - INFO - [지표] ADX=nan, Bull=nan, Bear=nan
2026-01-22 06:35:21,897 - INFO - [상태] 포지션 없음, 자본금: $5809.76
2026-01-22 06:35:21,898 - INFO - [지표] ADX=nan, Bull=nan, Bear=nan
2026-01-22 06:40:21,901 - INFO - [상태] 포지션 없음, 자본금: $5809.76
2026-01-22 06:40:21,901 - INFO - [지표] ADX=nan, Bull=nan, Bear=nan
2026-01-22 06:45:00,044 - INFO - [EMA] 증분계산: prev=89245.71, close=90159.1, new=89315.97
2026-01-22 06:45:00,051 - INFO - 15m | 21:30 | O:89987.8 H:90183.0 L:89971.4 C:90159.1
2026-01-22 06:45:00,051 - INFO - 지표: ADX=24.9, ATR=484.9, Bull=False, Bear=True
2026-01-22 06:45:21,904 - INFO - [상태] 포지션 없음, 자본금: $5809.76
2026-01-22 06:45:21,904 - INFO - [지표] ADX=nan, Bull=nan, Bear=nan
2026-01-22 06:50:21,906 - INFO - [상태] 포지션 없음, 자본금: $5809.76
2026-01-22 06:50:21,906 - INFO - [지표] ADX=nan, Bull=nan, Bear=nan
2026-01-22 06:55:21,908 - INFO - [상태] 포지션 없음, 자본금: $5809.76
2026-01-22 06:55:21,908 - INFO - [지표] ADX=nan, Bull=nan, Bear=nan
2026-01-22 07:00:02,157 - INFO - [EMA] 증분계산: prev=89315.97, close=90162.1, new=89381.06
2026-01-22 07:00:02,164 - INFO - 15m | 21:45 | O:90159.1 H:90196.8 L:90059.1 C:90162.1
2026-01-22 07:00:02,164 - INFO - 지표: ADX=25.0, ATR=455.9, Bull=False, Bear=True
2026-01-22 07:00:21,912 - INFO - [상태] 포지션 없음, 자본금: $5809.76
2026-01-22 07:00:21,913 - INFO - [지표] ADX=nan, Bull=nan, Bear=nan
2026-01-22 07:05:21,915 - INFO - [상태] 포지션 없음, 자본금: $5809.76
2026-01-22 07:05:21,915 - INFO - [지표] ADX=nan, Bull=nan, Bear=nan
2026-01-22 07:10:21,917 - INFO - [상태] 포지션 없음, 자본금: $5809.76
2026-01-22 07:10:21,917 - INFO - [지표] ADX=nan, Bull=nan, Bear=nan
2026-01-22 07:15:00,244 - INFO - [EMA] 증분계산: prev=89381.06, close=90125.3, new=89438.31
2026-01-22 07:15:00,251 - INFO - 15m | 22:00 | O:90162.0 H:90302.3 L:90113.9 C:90125.3
2026-01-22 07:15:00,251 - INFO - 지표: ADX=25.3, ATR=433.6, Bull=False, Bear=False
2026-01-22 07:15:21,921 - INFO - [상태] 포지션 없음, 자본금: $5809.76
2026-01-22 07:15:21,921 - INFO - [지표] ADX=nan, Bull=nan, Bear=nan
2026-01-22 07:20:21,922 - INFO - [상태] 포지션 없음, 자본금: $5809.76
2026-01-22 07:20:21,922 - INFO - [지표] ADX=nan, Bull=nan, Bear=nan
2026-01-22 07:25:21,924 - INFO - [상태] 포지션 없음, 자본금: $5809.76
2026-01-22 07:25:21,924 - INFO - [지표] ADX=nan, Bull=nan, Bear=nan
2026-01-22 07:30:00,059 - INFO - [EMA] 증분계산: prev=89438.31, close=89902.7, new=89474.03
2026-01-22 07:30:00,068 - INFO - 15m | 22:15 | O:90121.4 H:90145.2 L:89844.5 C:89902.7
2026-01-22 07:30:00,069 - INFO - 지표: ADX=24.7, ATR=422.6, Bull=False, Bear=False
2026-01-22 07:30:21,928 - INFO - [상태] 포지션 없음, 자본금: $5809.76
2026-01-22 07:30:21,928 - INFO - [지표] ADX=nan, Bull=nan, Bear=nan
2026-01-22 07:35:21,933 - INFO - [상태] 포지션 없음, 자본금: $5809.76
2026-01-22 07:35:21,933 - INFO - [지표] ADX=nan, Bull=nan, Bear=nan
2026-01-22 07:40:21,935 - INFO - [상태] 포지션 없음, 자본금: $5809.76
2026-01-22 07:40:21,935 - INFO - [지표] ADX=nan, Bull=nan, Bear=nan
2026-01-22 07:45:00,874 - INFO - [EMA] 증분계산: prev=89474.03, close=89862.8, new=89503.94
2026-01-22 07:45:00,884 - INFO - 15m | 22:30 | O:89902.7 H:90018.3 L:89800.0 C:89862.8
2026-01-22 07:45:00,884 - INFO - 지표: ADX=24.0, ATR=405.5, Bull=False, Bear=False
2026-01-22 07:45:21,937 - INFO - [상태] 포지션 없음, 자본금: $5809.76
2026-01-22 07:45:21,937 - INFO - [지표] ADX=nan, Bull=nan, Bear=nan
2026-01-22 07:50:21,938 - INFO - [상태] 포지션 없음, 자본금: $5809.76
2026-01-22 07:50:21,938 - INFO - [지표] ADX=nan, Bull=nan, Bear=nan
2026-01-22 07:55:21,939 - INFO - [상태] 포지션 없음, 자본금: $5809.76
2026-01-22 07:55:21,940 - INFO - [지표] ADX=nan, Bull=nan, Bear=nan
2026-01-22 08:00:00,067 - INFO - [EMA] 증분계산: prev=89503.94, close=89667.0, new=89516.48
2026-01-22 08:00:00,076 - INFO - 15m | 22:45 | O:89859.7 H:89911.0 L:89662.0 C:89667.0
2026-01-22 08:00:00,076 - INFO - 지표: ADX=23.0, ATR=392.5, Bull=False, Bear=False
2026-01-22 08:00:21,941 - INFO - [상태] 포지션 없음, 자본금: $5809.76
2026-01-22 08:00:21,942 - INFO - [지표] ADX=nan, Bull=nan, Bear=nan
2026-01-22 08:05:21,943 - INFO - [상태] 포지션 없음, 자본금: $5809.76
2026-01-22 08:05:21,944 - INFO - [지표] ADX=nan, Bull=nan, Bear=nan
2026-01-22 08:10:21,944 - INFO - [상태] 포지션 없음, 자본금: $5809.76
2026-01-22 08:10:21,945 - INFO - [지표] ADX=nan, Bull=nan, Bear=nan
2026-01-22 08:15:00,412 - INFO - [EMA] 증분계산: prev=89516.48, close=90089.6, new=89560.57
2026-01-22 08:15:00,422 - INFO - 15m | 23:00 | O:89667.0 H:90131.1 L:89614.8 C:90089.6
2026-01-22 08:15:00,422 - INFO - 지표: ADX=22.5, ATR=402.8, Bull=False, Bear=False
2026-01-22 08:15:21,946 - INFO - [상태] 포지션 없음, 자본금: $5809.76
2026-01-22 08:15:21,946 - INFO - [지표] ADX=nan, Bull=nan, Bear=nan
2026-01-22 08:20:21,948 - INFO - [상태] 포지션 없음, 자본금: $5809.76
2026-01-22 08:20:21,948 - INFO - [지표] ADX=nan, Bull=nan, Bear=nan
2026-01-22 08:25:21,951 - INFO - [상태] 포지션 없음, 자본금: $5809.76
2026-01-22 08:25:21,951 - INFO - [지표] ADX=nan, Bull=nan, Bear=nan
2026-01-22 08:30:00,517 - INFO - [EMA] 증분계산: prev=89560.57, close=89924.9, new=89588.59
2026-01-22 08:30:00,524 - INFO - 15m | 23:15 | O:90089.6 H:90089.6 L:89783.0 C:89924.9
2026-01-22 08:30:00,524 - INFO - 지표: ADX=22.1, ATR=394.8, Bull=False, Bear=False
2026-01-22 08:30:21,953 - INFO - [상태] 포지션 없음, 자본금: $5809.76
2026-01-22 08:30:21,953 - INFO - [지표] ADX=nan, Bull=nan, Bear=nan
2026-01-22 08:35:21,955 - INFO - [상태] 포지션 없음, 자본금: $5809.76
2026-01-22 08:35:21,955 - INFO - [지표] ADX=nan, Bull=nan, Bear=nan
2026-01-22 08:40:21,956 - INFO - [상태] 포지션 없음, 자본금: $5809.76
2026-01-22 08:40:21,956 - INFO - [지표] ADX=nan, Bull=nan, Bear=nan
2026-01-22 08:45:00,130 - INFO - [EMA] 증분계산: prev=89588.59, close=89452.4, new=89578.12
2026-01-22 08:45:00,137 - INFO - 15m | 23:30 | O:89924.8 H:89924.8 L:89452.4 C:89452.4
2026-01-22 08:45:00,137 - INFO - 지표: ADX=20.7, ATR=401.3, Bull=False, Bear=False
2026-01-22 08:45:21,957 - INFO - [상태] 포지션 없음, 자본금: $5809.76
2026-01-22 08:45:21,957 - INFO - [지표] ADX=nan, Bull=nan, Bear=nan
2026-01-22 08:50:21,957 - INFO - [상태] 포지션 없음, 자본금: $5809.76
2026-01-22 08:50:21,958 - INFO - [지표] ADX=nan, Bull=nan, Bear=nan
2026-01-22 08:55:21,962 - INFO - [상태] 포지션 없음, 자본금: $5809.76
2026-01-22 08:55:21,962 - INFO - [지표] ADX=nan, Bull=nan, Bear=nan
