2026-01-22 09:00:00,043 - INFO - === 로그 파일 시작: logs/hyper_2026-01-22.log ===
2026-01-22 09:00:00,043 - INFO - [EMA] 증분계산: prev=89578.12, close=89342.8, new=89560.02
2026-01-22 09:00:00,050 - INFO - 15m | 23:45 | O:89452.4 H:89529.5 L:89256.8 C:89342.8
2026-01-22 09:00:00,050 - INFO - 지표: ADX=19.6, ATR=390.6, Bull=False, Bear=False
2026-01-22 09:00:21,963 - INFO - [상태] 포지션 없음, 자본금: $5809.76
2026-01-22 09:00:21,964 - INFO - [지표] ADX=nan, Bull=nan, Bear=nan
2026-01-22 09:05:21,965 - INFO - [상태] 포지션 없음, 자본금: $5809.76
2026-01-22 09:05:21,965 - INFO - [지표] ADX=nan, Bull=nan, Bear=nan
2026-01-22 09:10:21,967 - INFO - [상태] 포지션 없음, 자본금: $5809.76
2026-01-22 09:10:21,967 - INFO - [지표] ADX=nan, Bull=nan, Bear=nan
2026-01-22 09:15:00,798 - INFO - [EMA] 증분계산: prev=89560.02, close=89612.0, new=89564.01
2026-01-22 09:15:00,805 - INFO - 15m | 00:00 | O:89348.3 H:89634.9 L:89348.3 C:89612.0
2026-01-22 09:15:00,805 - INFO - 지표: ADX=18.2, ATR=382.4, Bull=False, Bear=False
2026-01-22 09:15:21,968 - INFO - [상태] 포지션 없음, 자본금: $5809.76
2026-01-22 09:15:21,969 - INFO - [지표] ADX=nan, Bull=nan, Bear=nan
2026-01-22 09:20:21,971 - INFO - [상태] 포지션 없음, 자본금: $5809.76
2026-01-22 09:20:21,972 - INFO - [지표] ADX=nan, Bull=nan, Bear=nan
2026-01-22 09:25:21,976 - INFO - [상태] 포지션 없음, 자본금: $5809.76
2026-01-22 09:25:21,976 - INFO - [지표] ADX=nan, Bull=nan, Bear=nan
2026-01-22 09:30:00,215 - INFO - [EMA] 증분계산: prev=89564.01, close=89747.4, new=89578.12
2026-01-22 09:30:00,221 - INFO - 15m | 00:15 | O:89612.0 H:89812.5 L:89504.4 C:89747.4
2026-01-22 09:30:00,221 - INFO - 지표: ADX=17.4, ATR=376.2, Bull=False, Bear=False
2026-01-22 09:30:21,977 - INFO - [상태] 포지션 없음, 자본금: $5809.76
2026-01-22 09:30:21,977 - INFO - [지표] ADX=nan, Bull=nan, Bear=nan
2026-01-22 09:35:21,978 - INFO - [상태] 포지션 없음, 자본금: $5809.76
2026-01-22 09:35:21,978 - INFO - [지표] ADX=nan, Bull=nan, Bear=nan
2026-01-22 09:40:21,979 - INFO - [상태] 포지션 없음, 자본금: $5809.76
2026-01-22 09:40:21,980 - INFO - [지표] ADX=nan, Bull=nan, Bear=nan
2026-01-22 09:45:00,103 - INFO - [EMA] 증분계산: prev=89578.12, close=89838.7, new=89598.17
2026-01-22 09:45:00,110 - INFO - 15m | 00:30 | O:89748.1 H:89917.1 L:89735.7 C:89838.7
2026-01-22 09:45:00,110 - INFO - 지표: ADX=16.8, ATR=359.9, Bull=False, Bear=False
2026-01-22 09:45:21,983 - INFO - [상태] 포지션 없음, 자본금: $5809.76
2026-01-22 09:45:21,984 - INFO - [지표] ADX=nan, Bull=nan, Bear=nan
2026-01-22 09:50:21,985 - INFO - [상태] 포지션 없음, 자본금: $5809.76
2026-01-22 09:50:21,985 - INFO - [지표] ADX=nan, Bull=nan, Bear=nan
2026-01-22 09:55:21,989 - INFO - [상태] 포지션 없음, 자본금: $5809.76
2026-01-22 09:55:21,989 - INFO - [지표] ADX=nan, Bull=nan, Bear=nan
2026-01-22 10:00:00,596 - INFO - [EMA] 증분계산: prev=89598.17, close=89813.3, new=89614.71
2026-01-22 10:00:00,603 - INFO - 15m | 00:45 | O:89838.7 H:89951.0 L:89766.2 C:89813.3
2026-01-22 10:00:00,603 - INFO - 지표: ADX=16.4, ATR=345.3, Bull=False, Bear=False
2026-01-22 10:00:21,991 - INFO - [상태] 포지션 없음, 자본금: $5809.76
2026-01-22 10:00:21,991 - INFO - [지표] ADX=nan, Bull=nan, Bear=nan
2026-01-22 10:05:21,994 - INFO - [상태] 포지션 없음, 자본금: $5809.76
2026-01-22 10:05:21,994 - INFO - [지표] ADX=nan, Bull=nan, Bear=nan
2026-01-22 10:10:21,997 - INFO - [상태] 포지션 없음, 자본금: $5809.76
2026-01-22 10:10:21,997 - INFO - [지표] ADX=nan, Bull=nan, Bear=nan
2026-01-22 10:15:00,527 - INFO - [EMA] 증분계산: prev=89614.71, close=89915.3, new=89637.84
2026-01-22 10:15:00,534 - INFO - 15m | 01:00 | O:89813.2 H:90033.8 L:89726.5 C:89915.3
2026-01-22 10:15:00,534 - INFO - 지표: ADX=16.3, ATR=342.2, Bull=False, Bear=False
2026-01-22 10:15:21,999 - INFO - [상태] 포지션 없음, 자본금: $5809.76
2026-01-22 10:15:22,000 - INFO - [지표] ADX=nan, Bull=nan, Bear=nan
2026-01-22 10:20:22,000 - INFO - [상태] 포지션 없음, 자본금: $5809.76
2026-01-22 10:20:22,001 - INFO - [지표] ADX=nan, Bull=nan, Bear=nan
2026-01-22 10:25:22,003 - INFO - [상태] 포지션 없음, 자본금: $5809.76
2026-01-22 10:25:22,004 - INFO - [지표] ADX=nan, Bull=nan, Bear=nan
2026-01-22 10:30:00,217 - INFO - [EMA] 증분계산: prev=89637.84, close=90027.2, new=89667.79
2026-01-22 10:30:00,224 - INFO - 15m | 01:15 | O:89915.4 H:90103.8 L:89897.0 C:90027.2
2026-01-22 10:30:00,224 - INFO - 지표: ADX=16.3, ATR=330.9, Bull=False, Bear=False
2026-01-22 10:30:22,005 - INFO - [상태] 포지션 없음, 자본금: $5809.76
2026-01-22 10:30:22,005 - INFO - [지표] ADX=nan, Bull=nan, Bear=nan
2026-01-22 10:35:22,007 - INFO - [상태] 포지션 없음, 자본금: $5809.76
2026-01-22 10:35:22,007 - INFO - [지표] ADX=nan, Bull=nan, Bear=nan
2026-01-22 10:40:22,008 - INFO - [상태] 포지션 없음, 자본금: $5809.76
2026-01-22 10:40:22,009 - INFO - [지표] ADX=nan, Bull=nan, Bear=nan
2026-01-22 10:45:00,061 - INFO - [EMA] 증분계산: prev=89667.79, close=89900.0, new=89685.65
2026-01-22 10:45:00,068 - INFO - 15m | 01:30 | O:90025.7 H:90095.2 L:89813.1 C:89900.0
2026-01-22 10:45:00,068 - INFO - 지표: ADX=16.1, ATR=326.8, Bull=False, Bear=False
2026-01-22 10:45:22,010 - INFO - [상태] 포지션 없음, 자본금: $5809.76
2026-01-22 10:45:22,010 - INFO - [지표] ADX=nan, Bull=nan, Bear=nan
2026-01-22 10:50:22,013 - INFO - [상태] 포지션 없음, 자본금: $5809.76
2026-01-22 10:50:22,013 - INFO - [지표] ADX=nan, Bull=nan, Bear=nan
2026-01-22 10:55:22,015 - INFO - [상태] 포지션 없음, 자본금: $5809.76
2026-01-22 10:55:22,015 - INFO - [지표] ADX=nan, Bull=nan, Bear=nan
2026-01-22 11:00:00,122 - INFO - [EMA] 증분계산: prev=89685.65, close=90005.0, new=89710.22
2026-01-22 11:00:00,129 - INFO - 15m | 01:45 | O:89900.0 H:90075.9 L:89846.2 C:90005.0
2026-01-22 11:00:00,129 - INFO - 지표: ADX=15.8, ATR=318.7, Bull=False, Bear=False
2026-01-22 11:00:22,018 - INFO - [상태] 포지션 없음, 자본금: $5809.76
2026-01-22 11:00:22,018 - INFO - [지표] ADX=nan, Bull=nan, Bear=nan
2026-01-22 11:05:22,021 - INFO - [상태] 포지션 없음, 자본금: $5809.76
2026-01-22 11:05:22,021 - INFO - [지표] ADX=nan, Bull=nan, Bear=nan
2026-01-22 11:10:22,025 - INFO - [상태] 포지션 없음, 자본금: $5809.76
2026-01-22 11:10:22,025 - INFO - [지표] ADX=nan, Bull=nan, Bear=nan
2026-01-22 11:15:00,124 - INFO - [EMA] 증분계산: prev=89710.22, close=90070.6, new=89737.94
2026-01-22 11:15:00,134 - INFO - 15m | 02:00 | O:90004.8 H:90094.0 L:89921.8 C:90070.6
2026-01-22 11:15:00,134 - INFO - 지표: ADX=15.6, ATR=306.5, Bull=False, Bear=False
2026-01-22 11:15:22,030 - INFO - [상태] 포지션 없음, 자본금: $5809.76
2026-01-22 11:15:22,030 - INFO - [지표] ADX=nan, Bull=nan, Bear=nan
2026-01-22 11:20:22,032 - INFO - [상태] 포지션 없음, 자본금: $5809.76
2026-01-22 11:20:22,032 - INFO - [지표] ADX=nan, Bull=nan, Bear=nan
2026-01-22 11:25:22,036 - INFO - [상태] 포지션 없음, 자본금: $5809.76
2026-01-22 11:25:22,037 - INFO - [지표] ADX=nan, Bull=nan, Bear=nan
2026-01-22 11:30:00,664 - INFO - [EMA] 증분계산: prev=89737.94, close=90183.1, new=89772.18
2026-01-22 11:30:00,670 - INFO - 15m | 02:15 | O:90074.9 H:90265.8 L:90032.6 C:90183.1
2026-01-22 11:30:00,670 - INFO - 지표: ADX=16.0, ATR=300.4, Bull=False, Bear=False
2026-01-22 11:30:22,038 - INFO - [상태] 포지션 없음, 자본금: $5809.76
2026-01-22 11:30:22,039 - INFO - [지표] ADX=nan, Bull=nan, Bear=nan
2026-01-22 11:35:22,040 - INFO - [상태] 포지션 없음, 자본금: $5809.76
2026-01-22 11:35:22,040 - INFO - [지표] ADX=nan, Bull=nan, Bear=nan
2026-01-22 11:40:22,042 - INFO - [상태] 포지션 없음, 자본금: $5809.76
2026-01-22 11:40:22,042 - INFO - [지표] ADX=nan, Bull=nan, Bear=nan
2026-01-22 11:45:02,710 - INFO - [EMA] 증분계산: prev=89772.18, close=90020.9, new=89791.31
2026-01-22 11:45:02,718 - INFO - 15m | 02:30 | O:90183.0 H:90183.0 L:89945.0 C:90020.9
2026-01-22 11:45:02,718 - INFO - 지표: ADX=16.0, ATR=295.2, Bull=False, Bear=False
2026-01-22 11:45:22,045 - INFO - [상태] 포지션 없음, 자본금: $5809.76
2026-01-22 11:45:22,045 - INFO - [지표] ADX=nan, Bull=nan, Bear=nan
2026-01-22 11:50:22,046 - INFO - [상태] 포지션 없음, 자본금: $5809.76
2026-01-22 11:50:22,046 - INFO - [지표] ADX=nan, Bull=nan, Bear=nan
2026-01-22 11:55:22,048 - INFO - [상태] 포지션 없음, 자본금: $5809.76
2026-01-22 11:55:22,048 - INFO - [지표] ADX=nan, Bull=nan, Bear=nan
2026-01-22 12:00:00,080 - INFO - [EMA] 증분계산: prev=89791.31, close=89841.3, new=89795.16
2026-01-22 12:00:00,090 - INFO - 15m | 02:45 | O:90020.8 H:90020.8 L:89742.8 C:89841.3
2026-01-22 12:00:00,090 - INFO - 지표: ADX=15.1, ATR=293.8, Bull=False, Bear=False
2026-01-22 12:00:22,050 - INFO - [상태] 포지션 없음, 자본금: $5809.76
2026-01-22 12:00:22,051 - INFO - [지표] ADX=nan, Bull=nan, Bear=nan
2026-01-22 12:05:22,053 - INFO - [상태] 포지션 없음, 자본금: $5809.76
2026-01-22 12:05:22,053 - INFO - [지표] ADX=nan, Bull=nan, Bear=nan
2026-01-22 12:10:22,057 - INFO - [상태] 포지션 없음, 자본금: $5809.76
2026-01-22 12:10:22,058 - INFO - [지표] ADX=nan, Bull=nan, Bear=nan
2026-01-22 12:15:00,203 - INFO - [EMA] 증분계산: prev=89795.16, close=89996.2, new=89810.62
2026-01-22 12:15:00,213 - INFO - 15m | 03:00 | O:89841.3 H:90066.5 L:89841.3 C:89996.2
2026-01-22 12:15:00,213 - INFO - 지표: ADX=14.4, ATR=288.1, Bull=False, Bear=False
2026-01-22 12:15:22,059 - INFO - [상태] 포지션 없음, 자본금: $5809.76
2026-01-22 12:15:22,060 - INFO - [지표] ADX=nan, Bull=nan, Bear=nan
2026-01-22 12:20:22,062 - INFO - [상태] 포지션 없음, 자본금: $5809.76
2026-01-22 12:20:22,062 - INFO - [지표] ADX=nan, Bull=nan, Bear=nan
2026-01-22 12:25:22,065 - INFO - [상태] 포지션 없음, 자본금: $5809.76
2026-01-22 12:25:22,066 - INFO - [지표] ADX=nan, Bull=nan, Bear=nan
2026-01-22 12:30:00,108 - INFO - [EMA] 증분계산: prev=89810.62, close=89837.9, new=89812.72
2026-01-22 12:30:00,115 - INFO - 15m | 03:15 | O:89996.1 H:89996.1 L:89745.5 C:89837.9
2026-01-22 12:30:00,115 - INFO - 지표: ADX=13.4, ATR=285.0, Bull=False, Bear=False
2026-01-22 12:30:22,067 - INFO - [상태] 포지션 없음, 자본금: $5809.76
2026-01-22 12:30:22,067 - INFO - [지표] ADX=nan, Bull=nan, Bear=nan
2026-01-22 12:35:22,068 - INFO - [상태] 포지션 없음, 자본금: $5809.76
2026-01-22 12:35:22,069 - INFO - [지표] ADX=nan, Bull=nan, Bear=nan
2026-01-22 12:40:22,070 - INFO - [상태] 포지션 없음, 자본금: $5809.76
2026-01-22 12:40:22,070 - INFO - [지표] ADX=nan, Bull=nan, Bear=nan
2026-01-22 12:45:00,091 - INFO - [EMA] 증분계산: prev=89812.72, close=89732.7, new=89806.57
2026-01-22 12:45:00,100 - INFO - 15m | 03:30 | O:89835.8 H:89835.8 L:89592.1 C:89732.7
2026-01-22 12:45:00,100 - INFO - 지표: ADX=13.0, ATR=281.7, Bull=False, Bear=False
2026-01-22 12:45:22,072 - INFO - [상태] 포지션 없음, 자본금: $5809.76
2026-01-22 12:45:22,072 - INFO - [지표] ADX=nan, Bull=nan, Bear=nan
2026-01-22 12:50:22,074 - INFO - [상태] 포지션 없음, 자본금: $5809.76
2026-01-22 12:50:22,074 - INFO - [지표] ADX=nan, Bull=nan, Bear=nan
2026-01-22 12:55:22,076 - INFO - [상태] 포지션 없음, 자본금: $5809.76
2026-01-22 12:55:22,077 - INFO - [지표] ADX=nan, Bull=nan, Bear=nan
2026-01-22 13:00:00,083 - INFO - [EMA] 증분계산: prev=89806.57, close=89791.5, new=89805.41
2026-01-22 13:00:00,092 - INFO - 15m | 03:45 | O:89732.7 H:89804.4 L:89714.1 C:89791.5
2026-01-22 13:00:00,093 - INFO - 지표: ADX=12.7, ATR=265.7, Bull=False, Bear=False
2026-01-22 13:00:22,078 - INFO - [상태] 포지션 없음, 자본금: $5809.76
2026-01-22 13:00:22,078 - INFO - [지표] ADX=nan, Bull=nan, Bear=nan
2026-01-22 13:05:22,081 - INFO - [상태] 포지션 없음, 자본금: $5809.76
2026-01-22 13:05:22,082 - INFO - [지표] ADX=nan, Bull=nan, Bear=nan
2026-01-22 13:10:22,083 - INFO - [상태] 포지션 없음, 자본금: $5809.76
2026-01-22 13:10:22,083 - INFO - [지표] ADX=nan, Bull=nan, Bear=nan
2026-01-22 13:15:01,083 - INFO - [EMA] 증분계산: prev=89805.41, close=89779.5, new=89803.41
2026-01-22 13:15:01,090 - INFO - 15m | 04:00 | O:89789.1 H:89887.5 L:89733.1 C:89779.5
2026-01-22 13:15:01,090 - INFO - 지표: ADX=12.0, ATR=256.5, Bull=False, Bear=False
2026-01-22 13:15:22,086 - INFO - [상태] 포지션 없음, 자본금: $5809.76
2026-01-22 13:15:22,086 - INFO - [지표] ADX=nan, Bull=nan, Bear=nan
2026-01-22 13:20:22,087 - INFO - [상태] 포지션 없음, 자본금: $5809.76
2026-01-22 13:20:22,088 - INFO - [지표] ADX=nan, Bull=nan, Bear=nan
2026-01-22 13:25:22,090 - INFO - [상태] 포지션 없음, 자본금: $5809.76
2026-01-22 13:25:22,090 - INFO - [지표] ADX=nan, Bull=nan, Bear=nan
2026-01-22 13:30:00,466 - INFO - [EMA] 증분계산: prev=89803.41, close=89878.1, new=89809.16
2026-01-22 13:30:00,472 - INFO - 15m | 04:15 | O:89779.5 H:89887.4 L:89721.9 C:89878.1
2026-01-22 13:30:00,473 - INFO - 지표: ADX=11.4, ATR=248.9, Bull=False, Bear=False
2026-01-22 13:30:22,092 - INFO - [상태] 포지션 없음, 자본금: $5809.76
2026-01-22 13:30:22,093 - INFO - [지표] ADX=nan, Bull=nan, Bear=nan
2026-01-22 13:35:22,097 - INFO - [상태] 포지션 없음, 자본금: $5809.76
2026-01-22 13:35:22,098 - INFO - [지표] ADX=nan, Bull=nan, Bear=nan
2026-01-22 13:40:22,099 - INFO - [상태] 포지션 없음, 자본금: $5809.76
2026-01-22 13:40:22,099 - INFO - [지표] ADX=nan, Bull=nan, Bear=nan
2026-01-22 13:45:01,260 - INFO - [EMA] 증분계산: prev=89809.16, close=89886.0, new=89815.07
2026-01-22 13:45:01,267 - INFO - 15m | 04:30 | O:89878.0 H:89939.0 L:89798.9 C:89886.0
2026-01-22 13:45:01,267 - INFO - 지표: ADX=10.6, ATR=239.8, Bull=False, Bear=False
2026-01-22 13:45:22,102 - INFO - [상태] 포지션 없음, 자본금: $5809.76
2026-01-22 13:45:22,102 - INFO - [지표] ADX=nan, Bull=nan, Bear=nan
2026-01-22 13:50:22,104 - INFO - [상태] 포지션 없음, 자본금: $5809.76
2026-01-22 13:50:22,104 - INFO - [지표] ADX=nan, Bull=nan, Bear=nan
2026-01-22 13:55:22,106 - INFO - [상태] 포지션 없음, 자본금: $5809.76
2026-01-22 13:55:22,106 - INFO - [지표] ADX=nan, Bull=nan, Bear=nan
2026-01-22 14:00:00,794 - INFO - [EMA] 증분계산: prev=89815.07, close=89893.8, new=89821.13
2026-01-22 14:00:00,804 - INFO - 15m | 04:45 | O:89885.9 H:89976.9 L:89869.6 C:89893.8
2026-01-22 14:00:00,804 - INFO - 지표: ADX=10.0, ATR=228.8, Bull=False, Bear=False
2026-01-22 14:00:22,109 - INFO - [상태] 포지션 없음, 자본금: $5809.76
2026-01-22 14:00:22,109 - INFO - [지표] ADX=nan, Bull=nan, Bear=nan
2026-01-22 14:05:22,111 - INFO - [상태] 포지션 없음, 자본금: $5809.76
2026-01-22 14:05:22,112 - INFO - [지표] ADX=nan, Bull=nan, Bear=nan
2026-01-22 14:10:22,112 - INFO - [상태] 포지션 없음, 자본금: $5809.76
2026-01-22 14:10:22,112 - INFO - [지표] ADX=nan, Bull=nan, Bear=nan
2026-01-22 14:15:01,630 - INFO - [EMA] 증분계산: prev=89821.13, close=89943.3, new=89830.52
2026-01-22 14:15:01,637 - INFO - 15m | 05:00 | O:89895.4 H:89977.4 L:89880.4 C:89943.3
2026-01-22 14:15:01,637 - INFO - 지표: ADX=9.5, ATR=217.8, Bull=False, Bear=False
2026-01-22 14:15:22,113 - INFO - [상태] 포지션 없음, 자본금: $5809.76
2026-01-22 14:15:22,114 - INFO - [지표] ADX=nan, Bull=nan, Bear=nan
2026-01-22 14:20:22,116 - INFO - [상태] 포지션 없음, 자본금: $5809.76
2026-01-22 14:20:22,116 - INFO - [지표] ADX=nan, Bull=nan, Bear=nan
2026-01-22 14:25:22,119 - INFO - [상태] 포지션 없음, 자본금: $5809.76
2026-01-22 14:25:22,119 - INFO - [지표] ADX=nan, Bull=nan, Bear=nan
2026-01-22 14:30:00,098 - INFO - [EMA] 증분계산: prev=89830.52, close=89866.0, new=89833.25
2026-01-22 14:30:00,104 - INFO - 15m | 05:15 | O:89943.4 H:89951.5 L:89856.0 C:89866.0
2026-01-22 14:30:00,104 - INFO - 지표: ADX=8.9, ATR=207.6, Bull=False, Bear=False
2026-01-22 14:30:22,120 - INFO - [상태] 포지션 없음, 자본금: $5809.76
2026-01-22 14:30:22,121 - INFO - [지표] ADX=nan, Bull=nan, Bear=nan
2026-01-22 14:35:22,121 - INFO - [상태] 포지션 없음, 자본금: $5809.76
2026-01-22 14:35:22,122 - INFO - [지표] ADX=nan, Bull=nan, Bear=nan
2026-01-22 14:40:22,124 - INFO - [상태] 포지션 없음, 자본금: $5809.76
2026-01-22 14:40:22,124 - INFO - [지표] ADX=nan, Bull=nan, Bear=nan
2026-01-22 14:45:02,044 - INFO - [EMA] 증분계산: prev=89833.25, close=89898.0, new=89838.23
2026-01-22 14:45:02,051 - INFO - 15m | 05:30 | O:89869.8 H:89940.8 L:89810.6 C:89898.0
2026-01-22 14:45:02,051 - INFO - 지표: ADX=8.5, ATR=201.2, Bull=False, Bear=False
2026-01-22 14:45:22,128 - INFO - [상태] 포지션 없음, 자본금: $5809.76
2026-01-22 14:45:22,128 - INFO - [지표] ADX=nan, Bull=nan, Bear=nan
2026-01-22 14:50:22,134 - INFO - [상태] 포지션 없음, 자본금: $5809.76
2026-01-22 14:50:22,134 - INFO - [지표] ADX=nan, Bull=nan, Bear=nan
2026-01-22 14:55:22,135 - INFO - [상태] 포지션 없음, 자본금: $5809.76
2026-01-22 14:55:22,136 - INFO - [지표] ADX=nan, Bull=nan, Bear=nan
2026-01-22 15:00:00,089 - INFO - [EMA] 증분계산: prev=89838.23, close=89914.3, new=89844.08
2026-01-22 15:00:00,096 - INFO - 15m | 05:45 | O:89897.9 H:89950.0 L:89816.6 C:89914.3
2026-01-22 15:00:00,096 - INFO - 지표: ADX=8.0, ATR=195.5, Bull=False, Bear=False
2026-01-22 15:00:22,138 - INFO - [상태] 포지션 없음, 자본금: $5809.76
2026-01-22 15:00:22,139 - INFO - [지표] ADX=nan, Bull=nan, Bear=nan
2026-01-22 15:05:22,139 - INFO - [상태] 포지션 없음, 자본금: $5809.76
2026-01-22 15:05:22,140 - INFO - [지표] ADX=nan, Bull=nan, Bear=nan
2026-01-22 15:10:22,142 - INFO - [상태] 포지션 없음, 자본금: $5809.76
2026-01-22 15:10:22,142 - INFO - [지표] ADX=nan, Bull=nan, Bear=nan
2026-01-22 15:15:01,971 - INFO - [EMA] 증분계산: prev=89844.08, close=89927.9, new=89850.53
2026-01-22 15:15:01,978 - INFO - 15m | 06:00 | O:89914.3 H:90024.3 L:89784.0 C:89927.9
2026-01-22 15:15:01,978 - INFO - 지표: ADX=7.8, ATR=199.2, Bull=False, Bear=False
2026-01-22 15:15:22,144 - INFO - [상태] 포지션 없음, 자본금: $5809.76
2026-01-22 15:15:22,144 - INFO - [지표] ADX=nan, Bull=nan, Bear=nan
2026-01-22 15:20:22,149 - INFO - [상태] 포지션 없음, 자본금: $5809.76
2026-01-22 15:20:22,149 - INFO - [지표] ADX=nan, Bull=nan, Bear=nan
2026-01-22 15:25:22,152 - INFO - [상태] 포지션 없음, 자본금: $5809.76
2026-01-22 15:25:22,152 - INFO - [지표] ADX=nan, Bull=nan, Bear=nan
2026-01-22 15:30:01,510 - INFO - [EMA] 증분계산: prev=89850.53, close=89900.0, new=89854.34
2026-01-22 15:30:01,519 - INFO - 15m | 06:15 | O:89928.9 H:89981.7 L:89872.2 C:89900.0
2026-01-22 15:30:01,519 - INFO - 지표: ADX=7.5, ATR=191.8, Bull=False, Bear=False
2026-01-22 15:30:22,154 - INFO - [상태] 포지션 없음, 자본금: $5809.76
2026-01-22 15:30:22,155 - INFO - [지표] ADX=nan, Bull=nan, Bear=nan
2026-01-22 15:35:22,156 - INFO - [상태] 포지션 없음, 자본금: $5809.76
2026-01-22 15:35:22,156 - INFO - [지표] ADX=nan, Bull=nan, Bear=nan
2026-01-22 15:40:22,158 - INFO - [상태] 포지션 없음, 자본금: $5809.76
2026-01-22 15:40:22,158 - INFO - [지표] ADX=nan, Bull=nan, Bear=nan
2026-01-22 15:45:00,845 - INFO - [EMA] 증분계산: prev=89854.34, close=90045.7, new=89869.06
2026-01-22 15:45:00,852 - INFO - 15m | 06:30 | O:89899.9 H:90095.2 L:89885.7 C:90045.7
2026-01-22 15:45:00,852 - INFO - 지표: ADX=8.0, ATR=193.2, Bull=False, Bear=False
2026-01-22 15:45:22,162 - INFO - [상태] 포지션 없음, 자본금: $5809.76
2026-01-22 15:45:22,162 - INFO - [지표] ADX=nan, Bull=nan, Bear=nan
2026-01-22 15:50:22,163 - INFO - [상태] 포지션 없음, 자본금: $5809.76
2026-01-22 15:50:22,164 - INFO - [지표] ADX=nan, Bull=nan, Bear=nan
2026-01-22 15:55:22,165 - INFO - [상태] 포지션 없음, 자본금: $5809.76
2026-01-22 15:55:22,165 - INFO - [지표] ADX=nan, Bull=nan, Bear=nan
2026-01-22 16:00:00,085 - INFO - [EMA] 증분계산: prev=89869.06, close=90060.4, new=89883.78
2026-01-22 16:00:00,092 - INFO - 15m | 06:45 | O:90045.7 H:90117.6 L:90033.1 C:90060.4
2026-01-22 16:00:00,092 - INFO - 지표: ADX=8.6, ATR=184.2, Bull=False, Bear=False
2026-01-22 16:00:22,170 - INFO - [상태] 포지션 없음, 자본금: $5809.76
2026-01-22 16:00:22,170 - INFO - [지표] ADX=nan, Bull=nan, Bear=nan
2026-01-22 16:05:22,171 - INFO - [상태] 포지션 없음, 자본금: $5809.76
2026-01-22 16:05:22,171 - INFO - [지표] ADX=nan, Bull=nan, Bear=nan
2026-01-22 16:10:22,172 - INFO - [상태] 포지션 없음, 자본금: $5809.76
2026-01-22 16:10:22,173 - INFO - [지표] ADX=nan, Bull=nan, Bear=nan
2026-01-22 16:15:01,968 - INFO - [EMA] 증분계산: prev=89883.78, close=89949.8, new=89888.85
2026-01-22 16:15:01,978 - INFO - 15m | 07:00 | O:90060.4 H:90091.7 L:89941.8 C:89949.8
2026-01-22 16:15:01,978 - INFO - 지표: ADX=8.5, ATR=181.3, Bull=False, Bear=False
2026-01-22 16:15:22,174 - INFO - [상태] 포지션 없음, 자본금: $5809.76
2026-01-22 16:15:22,174 - INFO - [지표] ADX=nan, Bull=nan, Bear=nan
2026-01-22 16:20:22,175 - INFO - [상태] 포지션 없음, 자본금: $5809.76
2026-01-22 16:20:22,176 - INFO - [지표] ADX=nan, Bull=nan, Bear=nan
2026-01-22 16:25:22,178 - INFO - [상태] 포지션 없음, 자본금: $5809.76
2026-01-22 16:25:22,179 - INFO - [지표] ADX=nan, Bull=nan, Bear=nan
2026-01-22 16:30:00,121 - INFO - [EMA] 증분계산: prev=89888.85, close=89854.9, new=89886.24
2026-01-22 16:30:00,131 - INFO - 15m | 07:15 | O:89949.7 H:89983.0 L:89812.5 C:89854.9
2026-01-22 16:30:00,131 - INFO - 지표: ADX=8.3, ATR=180.4, Bull=False, Bear=False
2026-01-22 16:30:22,180 - INFO - [상태] 포지션 없음, 자본금: $5809.76
2026-01-22 16:30:22,181 - INFO - [지표] ADX=nan, Bull=nan, Bear=nan
2026-01-22 16:35:22,182 - INFO - [상태] 포지션 없음, 자본금: $5809.76
2026-01-22 16:35:22,183 - INFO - [지표] ADX=nan, Bull=nan, Bear=nan
2026-01-22 16:40:22,185 - INFO - [상태] 포지션 없음, 자본금: $5809.76
2026-01-22 16:40:22,185 - INFO - [지표] ADX=nan, Bull=nan, Bear=nan
2026-01-22 16:45:00,062 - INFO - [EMA] 증분계산: prev=89886.24, close=89837.0, new=89882.45
2026-01-22 16:45:00,071 - INFO - 15m | 07:30 | O:89854.9 H:89888.3 L:89787.6 C:89837.0
2026-01-22 16:45:00,071 - INFO - 지표: ADX=8.3, ATR=173.8, Bull=False, Bear=False
2026-01-22 16:45:22,186 - INFO - [상태] 포지션 없음, 자본금: $5809.76
2026-01-22 16:45:22,187 - INFO - [지표] ADX=nan, Bull=nan, Bear=nan
2026-01-22 16:50:22,190 - INFO - [상태] 포지션 없음, 자본금: $5809.76
2026-01-22 16:50:22,191 - INFO - [지표] ADX=nan, Bull=nan, Bear=nan
2026-01-22 16:55:22,192 - INFO - [상태] 포지션 없음, 자본금: $5809.76
2026-01-22 16:55:22,192 - INFO - [지표] ADX=nan, Bull=nan, Bear=nan
2026-01-22 17:00:00,240 - INFO - [EMA] 증분계산: prev=89882.45, close=89716.1, new=89869.66
2026-01-22 17:00:00,247 - INFO - 15m | 07:45 | O:89837.0 H:89855.4 L:89683.5 C:89716.1
2026-01-22 17:00:00,247 - INFO - 지표: ADX=9.0, ATR=173.6, Bull=False, Bear=False
2026-01-22 17:00:22,194 - INFO - [상태] 포지션 없음, 자본금: $5809.76
2026-01-22 17:00:22,195 - INFO - [지표] ADX=nan, Bull=nan, Bear=nan
2026-01-22 17:05:22,198 - INFO - [상태] 포지션 없음, 자본금: $5809.76
2026-01-22 17:05:22,198 - INFO - [지표] ADX=nan, Bull=nan, Bear=nan
2026-01-22 17:10:22,200 - INFO - [상태] 포지션 없음, 자본금: $5809.76
2026-01-22 17:10:22,201 - INFO - [지표] ADX=nan, Bull=nan, Bear=nan
2026-01-22 17:15:00,690 - INFO - [EMA] 증분계산: prev=89869.66, close=89671.9, new=89854.45
2026-01-22 17:15:00,700 - INFO - 15m | 08:00 | O:89716.0 H:89870.0 L:89662.8 C:89671.9
2026-01-22 17:15:00,700 - INFO - 지표: ADX=9.7, ATR=176.4, Bull=False, Bear=False
2026-01-22 17:15:22,204 - INFO - [상태] 포지션 없음, 자본금: $5809.76
2026-01-22 17:15:22,205 - INFO - [지표] ADX=nan, Bull=nan, Bear=nan
2026-01-22 17:20:22,211 - INFO - [상태] 포지션 없음, 자본금: $5809.76
2026-01-22 17:20:22,211 - INFO - [지표] ADX=nan, Bull=nan, Bear=nan
2026-01-22 17:25:22,213 - INFO - [상태] 포지션 없음, 자본금: $5809.76
2026-01-22 17:25:22,213 - INFO - [지표] ADX=nan, Bull=nan, Bear=nan
2026-01-22 17:30:00,292 - INFO - [EMA] 증분계산: prev=89854.45, close=89770.8, new=89848.01
2026-01-22 17:30:00,299 - INFO - 15m | 08:15 | O:89671.9 H:89843.0 L:89653.1 C:89770.8
2026-01-22 17:30:00,299 - INFO - 지표: ADX=10.5, ATR=177.5, Bull=False, Bear=False
2026-01-22 17:30:22,214 - INFO - [상태] 포지션 없음, 자본금: $5809.76
2026-01-22 17:30:22,215 - INFO - [지표] ADX=nan, Bull=nan, Bear=nan
2026-01-22 17:35:22,216 - INFO - [상태] 포지션 없음, 자본금: $5809.76
2026-01-22 17:35:22,216 - INFO - [지표] ADX=nan, Bull=nan, Bear=nan
2026-01-22 17:40:22,218 - INFO - [상태] 포지션 없음, 자본금: $5809.76
2026-01-22 17:40:22,219 - INFO - [지표] ADX=nan, Bull=nan, Bear=nan
2026-01-22 17:45:00,243 - INFO - [EMA] 증분계산: prev=89848.01, close=89726.4, new=89838.66
2026-01-22 17:45:00,249 - INFO - 15m | 08:30 | O:89770.7 H:89810.1 L:89688.9 C:89726.4
2026-01-22 17:45:00,249 - INFO - 지표: ADX=11.1, ATR=172.8, Bull=False, Bear=False
2026-01-22 17:45:22,222 - INFO - [상태] 포지션 없음, 자본금: $5809.76
2026-01-22 17:45:22,222 - INFO - [지표] ADX=nan, Bull=nan, Bear=nan
2026-01-22 17:50:22,231 - INFO - [상태] 포지션 없음, 자본금: $5809.76
2026-01-22 17:50:22,231 - INFO - [지표] ADX=nan, Bull=nan, Bear=nan
2026-01-22 17:55:22,236 - INFO - [상태] 포지션 없음, 자본금: $5809.76
2026-01-22 17:55:22,236 - INFO - [지표] ADX=nan, Bull=nan, Bear=nan
2026-01-22 18:00:01,141 - INFO - [EMA] 증분계산: prev=89838.66, close=89816.6, new=89836.96
2026-01-22 18:00:01,148 - INFO - 15m | 08:45 | O:89726.4 H:89863.8 L:89692.8 C:89816.6
2026-01-22 18:00:01,149 - INFO - 지표: ADX=11.2, ATR=172.7, Bull=False, Bear=False
2026-01-22 18:00:22,238 - INFO - [상태] 포지션 없음, 자본금: $5809.76
2026-01-22 18:00:22,238 - INFO - [지표] ADX=nan, Bull=nan, Bear=nan
2026-01-22 18:05:22,244 - INFO - [상태] 포지션 없음, 자본금: $5809.76
2026-01-22 18:05:22,244 - INFO - [지표] ADX=nan, Bull=nan, Bear=nan
2026-01-22 18:10:22,247 - INFO - [상태] 포지션 없음, 자본금: $5809.76
2026-01-22 18:10:22,247 - INFO - [지표] ADX=nan, Bull=nan, Bear=nan
2026-01-22 18:15:00,123 - INFO - [EMA] 증분계산: prev=89836.96, close=89937.5, new=89844.69
2026-01-22 18:15:00,130 - INFO - 15m | 09:00 | O:89816.5 H:89973.2 L:89786.2 C:89937.5
2026-01-22 18:15:00,130 - INFO - 지표: ADX=10.5, ATR=173.9, Bull=False, Bear=False
2026-01-22 18:15:22,248 - INFO - [상태] 포지션 없음, 자본금: $5809.76
2026-01-22 18:15:22,248 - INFO - [지표] ADX=nan, Bull=nan, Bear=nan
2026-01-22 18:20:22,249 - INFO - [상태] 포지션 없음, 자본금: $5809.76
2026-01-22 18:20:22,249 - INFO - [지표] ADX=nan, Bull=nan, Bear=nan
2026-01-22 18:25:22,253 - INFO - [상태] 포지션 없음, 자본금: $5809.76
2026-01-22 18:25:22,253 - INFO - [지표] ADX=nan, Bull=nan, Bear=nan
2026-01-22 18:30:01,263 - INFO - [EMA] 증분계산: prev=89844.69, close=89905.8, new=89849.39
2026-01-22 18:30:01,270 - INFO - 15m | 09:15 | O:89939.8 H:89984.1 L:89845.1 C:89905.8
2026-01-22 18:30:01,270 - INFO - 지표: ADX=9.9, ATR=171.0, Bull=False, Bear=False
2026-01-22 18:30:22,257 - INFO - [상태] 포지션 없음, 자본금: $5809.76
2026-01-22 18:30:22,257 - INFO - [지표] ADX=nan, Bull=nan, Bear=nan
2026-01-22 18:35:22,258 - INFO - [상태] 포지션 없음, 자본금: $5809.76
2026-01-22 18:35:22,259 - INFO - [지표] ADX=nan, Bull=nan, Bear=nan
2026-01-22 18:40:22,260 - INFO - [상태] 포지션 없음, 자본금: $5809.76
2026-01-22 18:40:22,261 - INFO - [지표] ADX=nan, Bull=nan, Bear=nan
2026-01-22 18:45:00,636 - INFO - [EMA] 증분계산: prev=89849.39, close=90019.4, new=89862.47
2026-01-22 18:45:00,646 - INFO - 15m | 09:30 | O:89905.8 H:90041.8 L:89846.1 C:90019.4
2026-01-22 18:45:00,646 - INFO - 지표: ADX=9.8, ATR=173.0, Bull=False, Bear=False
2026-01-22 18:45:22,263 - INFO - [상태] 포지션 없음, 자본금: $5809.76
2026-01-22 18:45:22,263 - INFO - [지표] ADX=nan, Bull=nan, Bear=nan
2026-01-22 18:50:22,268 - INFO - [상태] 포지션 없음, 자본금: $5809.76
2026-01-22 18:50:22,269 - INFO - [지표] ADX=nan, Bull=nan, Bear=nan
2026-01-22 18:55:22,269 - INFO - [상태] 포지션 없음, 자본금: $5809.76
2026-01-22 18:55:22,270 - INFO - [지표] ADX=nan, Bull=nan, Bear=nan
2026-01-22 19:00:01,159 - INFO - [EMA] 증분계산: prev=89862.47, close=89949.5, new=89869.17
2026-01-22 19:00:01,169 - INFO - 15m | 09:45 | O:90019.4 H:90033.2 L:89931.1 C:89949.5
2026-01-22 19:00:01,169 - INFO - 지표: ADX=9.7, ATR=167.1, Bull=False, Bear=False
2026-01-22 19:00:22,272 - INFO - [상태] 포지션 없음, 자본금: $5809.76
2026-01-22 19:00:22,273 - INFO - [지표] ADX=nan, Bull=nan, Bear=nan
2026-01-22 19:05:22,276 - INFO - [상태] 포지션 없음, 자본금: $5809.76
2026-01-22 19:05:22,276 - INFO - [지표] ADX=nan, Bull=nan, Bear=nan
2026-01-22 19:10:22,279 - INFO - [상태] 포지션 없음, 자본금: $5809.76
2026-01-22 19:10:22,280 - INFO - [지표] ADX=nan, Bull=nan, Bear=nan
2026-01-22 19:15:00,603 - INFO - [EMA] 증분계산: prev=89869.17, close=89949.6, new=89875.35
2026-01-22 19:15:00,610 - INFO - 15m | 10:00 | O:89949.5 H:89975.0 L:89862.9 C:89949.6
2026-01-22 19:15:00,610 - INFO - 지표: ADX=9.0, ATR=162.5, Bull=False, Bear=False
2026-01-22 19:15:22,281 - INFO - [상태] 포지션 없음, 자본금: $5809.76
2026-01-22 19:15:22,281 - INFO - [지표] ADX=nan, Bull=nan, Bear=nan
2026-01-22 19:20:22,284 - INFO - [상태] 포지션 없음, 자본금: $5809.76
2026-01-22 19:20:22,285 - INFO - [지표] ADX=nan, Bull=nan, Bear=nan
2026-01-22 19:25:22,287 - INFO - [상태] 포지션 없음, 자본금: $5809.76
2026-01-22 19:25:22,287 - INFO - [지표] ADX=nan, Bull=nan, Bear=nan
2026-01-22 19:30:00,115 - INFO - [EMA] 증분계산: prev=89875.35, close=89934.8, new=89879.93
2026-01-22 19:30:00,122 - INFO - 15m | 10:15 | O:89949.6 H:90014.7 L:89889.8 C:89934.8
2026-01-22 19:30:00,122 - INFO - 지표: ADX=8.7, ATR=159.4, Bull=False, Bear=False
2026-01-22 19:30:22,288 - INFO - [상태] 포지션 없음, 자본금: $5809.76
2026-01-22 19:30:22,289 - INFO - [지표] ADX=nan, Bull=nan, Bear=nan
2026-01-22 19:35:22,293 - INFO - [상태] 포지션 없음, 자본금: $5809.76
2026-01-22 19:35:22,293 - INFO - [지표] ADX=nan, Bull=nan, Bear=nan
2026-01-22 19:40:22,295 - INFO - [상태] 포지션 없음, 자본금: $5809.76
2026-01-22 19:40:22,295 - INFO - [지표] ADX=nan, Bull=nan, Bear=nan
2026-01-22 19:45:00,063 - INFO - [EMA] 증분계산: prev=89879.93, close=89953.9, new=89885.62
2026-01-22 19:45:00,069 - INFO - 15m | 10:30 | O:89934.7 H:89979.0 L:89915.4 C:89953.9
2026-01-22 19:45:00,070 - INFO - 지표: ADX=8.4, ATR=151.4, Bull=False, Bear=False
2026-01-22 19:45:22,298 - INFO - [상태] 포지션 없음, 자본금: $5809.76
2026-01-22 19:45:22,298 - INFO - [지표] ADX=nan, Bull=nan, Bear=nan
2026-01-22 19:50:22,302 - INFO - [상태] 포지션 없음, 자본금: $5809.76
2026-01-22 19:50:22,303 - INFO - [지표] ADX=nan, Bull=nan, Bear=nan
2026-01-22 19:55:22,306 - INFO - [상태] 포지션 없음, 자본금: $5809.76
2026-01-22 19:55:22,307 - INFO - [지표] ADX=nan, Bull=nan, Bear=nan
2026-01-22 20:00:00,250 - INFO - [EMA] 증분계산: prev=89885.62, close=89983.1, new=89893.12
2026-01-22 20:00:00,260 - INFO - 15m | 10:45 | O:89954.0 H:90015.8 L:89926.2 C:89983.1
2026-01-22 20:00:00,260 - INFO - 지표: ADX=8.5, ATR=146.3, Bull=False, Bear=False
2026-01-22 20:00:22,311 - INFO - [상태] 포지션 없음, 자본금: $5809.76
2026-01-22 20:00:22,311 - INFO - [지표] ADX=nan, Bull=nan, Bear=nan
2026-01-22 20:05:22,315 - INFO - [상태] 포지션 없음, 자본금: $5809.76
2026-01-22 20:05:22,315 - INFO - [지표] ADX=nan, Bull=nan, Bear=nan
2026-01-22 20:10:22,321 - INFO - [상태] 포지션 없음, 자본금: $5809.76
2026-01-22 20:10:22,321 - INFO - [지표] ADX=nan, Bull=nan, Bear=nan
2026-01-22 20:15:00,103 - INFO - [EMA] 증분계산: prev=89893.12, close=89893.1, new=89893.11
2026-01-22 20:15:00,113 - INFO - 15m | 11:00 | O:89982.0 H:90065.2 L:89835.2 C:89893.1
2026-01-22 20:15:00,113 - INFO - 지표: ADX=8.1, ATR=153.2, Bull=False, Bear=False
2026-01-22 20:15:22,324 - INFO - [상태] 포지션 없음, 자본금: $5809.76
2026-01-22 20:15:22,324 - INFO - [지표] ADX=nan, Bull=nan, Bear=nan
2026-01-22 20:20:22,326 - INFO - [상태] 포지션 없음, 자본금: $5809.76
2026-01-22 20:20:22,326 - INFO - [지표] ADX=nan, Bull=nan, Bear=nan
2026-01-22 20:25:22,329 - INFO - [상태] 포지션 없음, 자본금: $5809.76
2026-01-22 20:25:22,329 - INFO - [지표] ADX=nan, Bull=nan, Bear=nan
2026-01-22 20:30:00,408 - INFO - [EMA] 증분계산: prev=89893.11, close=89850.8, new=89889.86
2026-01-22 20:30:00,415 - INFO - 15m | 11:15 | O:89893.2 H:89937.5 L:89806.8 C:89850.8
2026-01-22 20:30:00,415 - INFO - 지표: ADX=8.1, ATR=151.4, Bull=False, Bear=False
2026-01-22 20:30:22,330 - INFO - [상태] 포지션 없음, 자본금: $5809.76
2026-01-22 20:30:22,330 - INFO - [지표] ADX=nan, Bull=nan, Bear=nan
2026-01-22 20:35:22,332 - INFO - [상태] 포지션 없음, 자본금: $5809.76
2026-01-22 20:35:22,332 - INFO - [지표] ADX=nan, Bull=nan, Bear=nan
2026-01-22 20:40:22,334 - INFO - [상태] 포지션 없음, 자본금: $5809.76
2026-01-22 20:40:22,334 - INFO - [지표] ADX=nan, Bull=nan, Bear=nan
2026-01-22 20:45:00,368 - INFO - [EMA] 증분계산: prev=89889.86, close=89886.1, new=89889.57
2026-01-22 20:45:00,378 - INFO - 15m | 11:30 | O:89850.8 H:89932.5 L:89798.9 C:89886.1
2026-01-22 20:45:00,378 - INFO - 지표: ADX=8.1, ATR=149.9, Bull=False, Bear=False
2026-01-22 20:45:22,336 - INFO - [상태] 포지션 없음, 자본금: $5809.76
2026-01-22 20:45:22,337 - INFO - [지표] ADX=nan, Bull=nan, Bear=nan
2026-01-22 20:50:22,339 - INFO - [상태] 포지션 없음, 자본금: $5809.76
2026-01-22 20:50:22,339 - INFO - [지표] ADX=nan, Bull=nan, Bear=nan
2026-01-22 20:55:22,341 - INFO - [상태] 포지션 없음, 자본금: $5809.76
2026-01-22 20:55:22,341 - INFO - [지표] ADX=nan, Bull=nan, Bear=nan
2026-01-22 21:00:00,132 - INFO - [EMA] 증분계산: prev=89889.57, close=89839.6, new=89885.73
2026-01-22 21:00:00,139 - INFO - 15m | 11:45 | O:89885.6 H:89987.5 L:89806.9 C:89839.6
2026-01-22 21:00:00,139 - INFO - 지표: ADX=7.5, ATR=152.4, Bull=False, Bear=False
2026-01-22 21:00:22,342 - INFO - [상태] 포지션 없음, 자본금: $5809.76
2026-01-22 21:00:22,342 - INFO - [지표] ADX=nan, Bull=nan, Bear=nan
2026-01-22 21:05:22,343 - INFO - [상태] 포지션 없음, 자본금: $5809.76
2026-01-22 21:05:22,343 - INFO - [지표] ADX=nan, Bull=nan, Bear=nan
2026-01-22 21:10:22,344 - INFO - [상태] 포지션 없음, 자본금: $5809.76
2026-01-22 21:10:22,345 - INFO - [지표] ADX=nan, Bull=nan, Bear=nan
2026-01-22 21:15:00,505 - INFO - [EMA] 증분계산: prev=89885.73, close=89905.8, new=89887.27
2026-01-22 21:15:00,512 - INFO - 15m | 12:00 | O:89839.6 H:89965.2 L:89770.0 C:89905.8
2026-01-22 21:15:00,512 - INFO - 지표: ADX=7.4, ATR=156.0, Bull=False, Bear=False
2026-01-22 21:15:22,347 - INFO - [상태] 포지션 없음, 자본금: $5809.76
2026-01-22 21:15:22,347 - INFO - [지표] ADX=nan, Bull=nan, Bear=nan
2026-01-22 21:20:22,352 - INFO - [상태] 포지션 없음, 자본금: $5809.76
2026-01-22 21:20:22,352 - INFO - [지표] ADX=nan, Bull=nan, Bear=nan
2026-01-22 21:25:22,356 - INFO - [상태] 포지션 없음, 자본금: $5809.76
2026-01-22 21:25:22,356 - INFO - [지표] ADX=nan, Bull=nan, Bear=nan
2026-01-22 21:30:01,107 - INFO - [EMA] 증분계산: prev=89887.27, close=89914.5, new=89889.37
2026-01-22 21:30:01,113 - INFO - 15m | 12:15 | O:89905.8 H:89946.4 L:89877.8 C:89914.5
2026-01-22 21:30:01,113 - INFO - 지표: ADX=7.2, ATR=148.7, Bull=False, Bear=False
2026-01-22 21:30:22,357 - INFO - [상태] 포지션 없음, 자본금: $5809.76
2026-01-22 21:30:22,357 - INFO - [지표] ADX=nan, Bull=nan, Bear=nan
2026-01-22 21:35:22,362 - INFO - [상태] 포지션 없음, 자본금: $5809.76
2026-01-22 21:35:22,362 - INFO - [지표] ADX=nan, Bull=nan, Bear=nan
2026-01-22 21:40:22,363 - INFO - [상태] 포지션 없음, 자본금: $5809.76
2026-01-22 21:40:22,364 - INFO - [지표] ADX=nan, Bull=nan, Bear=nan
2026-01-22 21:45:00,481 - INFO - [EMA] 증분계산: prev=89889.37, close=89932.9, new=89892.71
2026-01-22 21:45:00,489 - INFO - 15m | 12:30 | O:89917.2 H:89997.9 L:89878.6 C:89932.9
2026-01-22 21:45:00,489 - INFO - 지표: ADX=7.0, ATR=146.3, Bull=False, Bear=False
2026-01-22 21:45:22,367 - INFO - [상태] 포지션 없음, 자본금: $5809.76
2026-01-22 21:45:22,367 - INFO - [지표] ADX=nan, Bull=nan, Bear=nan
2026-01-22 21:50:22,371 - INFO - [상태] 포지션 없음, 자본금: $5809.76
2026-01-22 21:50:22,371 - INFO - [지표] ADX=nan, Bull=nan, Bear=nan
2026-01-22 21:55:22,374 - INFO - [상태] 포지션 없음, 자본금: $5809.76
2026-01-22 21:55:22,374 - INFO - [지표] ADX=nan, Bull=nan, Bear=nan
2026-01-22 22:00:03,049 - INFO - [EMA] 증분계산: prev=89892.71, close=89917.8, new=89894.64
2026-01-22 22:00:03,056 - INFO - 15m | 12:45 | O:89932.8 H:89953.6 L:89882.0 C:89917.8
2026-01-22 22:00:03,056 - INFO - 지표: ADX=6.7, ATR=140.1, Bull=False, Bear=False
2026-01-22 22:00:22,376 - INFO - [상태] 포지션 없음, 자본금: $5809.76
2026-01-22 22:00:22,376 - INFO - [지표] ADX=nan, Bull=nan, Bear=nan
2026-01-22 22:05:22,378 - INFO - [상태] 포지션 없음, 자본금: $5809.76
2026-01-22 22:05:22,379 - INFO - [지표] ADX=nan, Bull=nan, Bear=nan
2026-01-22 22:10:22,383 - INFO - [상태] 포지션 없음, 자본금: $5809.76
2026-01-22 22:10:22,383 - INFO - [지표] ADX=nan, Bull=nan, Bear=nan
2026-01-22 22:15:00,609 - INFO - [EMA] 증분계산: prev=89894.64, close=89946.3, new=89898.62
2026-01-22 22:15:00,619 - INFO - 15m | 13:00 | O:89917.8 H:89953.6 L:89890.6 C:89946.3
2026-01-22 22:15:00,619 - INFO - 지표: ADX=6.4, ATR=133.6, Bull=False, Bear=False
2026-01-22 22:15:22,386 - INFO - [상태] 포지션 없음, 자본금: $5809.76
2026-01-22 22:15:22,386 - INFO - [지표] ADX=nan, Bull=nan, Bear=nan
2026-01-22 22:20:22,387 - INFO - [상태] 포지션 없음, 자본금: $5809.76
2026-01-22 22:20:22,388 - INFO - [지표] ADX=nan, Bull=nan, Bear=nan
2026-01-22 22:25:22,389 - INFO - [상태] 포지션 없음, 자본금: $5809.76
2026-01-22 22:25:22,390 - INFO - [지표] ADX=nan, Bull=nan, Bear=nan
2026-01-22 22:30:00,118 - INFO - [EMA] 증분계산: prev=89898.62, close=90088.5, new=89913.22
2026-01-22 22:30:00,125 - INFO - 15m | 13:15 | O:89946.3 H:90093.6 L:89946.3 C:90088.5
2026-01-22 22:30:00,125 - INFO - 지표: ADX=7.7, ATR=134.8, Bull=False, Bear=False
2026-01-22 22:30:22,391 - INFO - [상태] 포지션 없음, 자본금: $5809.76
2026-01-22 22:30:22,391 - INFO - [지표] ADX=nan, Bull=nan, Bear=nan
2026-01-22 22:35:22,392 - INFO - [상태] 포지션 없음, 자본금: $5809.76
2026-01-22 22:35:22,392 - INFO - [지표] ADX=nan, Bull=nan, Bear=nan
2026-01-22 22:40:22,396 - INFO - [상태] 포지션 없음, 자본금: $5809.76
2026-01-22 22:40:22,397 - INFO - [지표] ADX=nan, Bull=nan, Bear=nan
2026-01-22 22:45:00,056 - INFO - [EMA] 증분계산: prev=89913.22, close=89516.9, new=89882.74
2026-01-22 22:45:00,065 - INFO - 15m | 13:30 | O:90088.4 H:90239.6 L:89440.3 C:89516.9
2026-01-22 22:45:00,065 - INFO - 지표: ADX=9.4, ATR=190.1, Bull=False, Bear=False
2026-01-22 22:45:22,398 - INFO - [상태] 포지션 없음, 자본금: $5809.76
2026-01-22 22:45:22,398 - INFO - [지표] ADX=nan, Bull=nan, Bear=nan
2026-01-22 22:50:22,399 - INFO - [상태] 포지션 없음, 자본금: $5809.76
2026-01-22 22:50:22,400 - INFO - [지표] ADX=nan, Bull=nan, Bear=nan
2026-01-22 22:55:22,402 - INFO - [상태] 포지션 없음, 자본금: $5809.76
2026-01-22 22:55:22,402 - INFO - [지표] ADX=nan, Bull=nan, Bear=nan
2026-01-22 23:00:00,080 - INFO - [EMA] 증분계산: prev=89882.74, close=89511.6, new=89854.19
2026-01-22 23:00:00,086 - INFO - 15m | 13:45 | O:89517.0 H:89632.5 L:89370.1 C:89511.6
2026-01-22 23:00:00,086 - INFO - 지표: ADX=11.4, ATR=196.2, Bull=False, Bear=False
2026-01-22 23:00:22,403 - INFO - [상태] 포지션 없음, 자본금: $5809.76
2026-01-22 23:00:22,404 - INFO - [지표] ADX=nan, Bull=nan, Bear=nan
2026-01-22 23:05:22,404 - INFO - [상태] 포지션 없음, 자본금: $5809.76
2026-01-22 23:05:22,405 - INFO - [지표] ADX=nan, Bull=nan, Bear=nan
2026-01-22 23:10:22,406 - INFO - [상태] 포지션 없음, 자본금: $5809.76
2026-01-22 23:10:22,407 - INFO - [지표] ADX=nan, Bull=nan, Bear=nan
2026-01-22 23:15:00,821 - INFO - [EMA] 증분계산: prev=89854.19, close=89594.7, new=89834.23
2026-01-22 23:15:00,827 - INFO - 15m | 14:00 | O:89511.4 H:89600.5 L:89306.1 C:89594.7
2026-01-22 23:15:00,827 - INFO - 지표: ADX=13.5, ATR=204.4, Bull=False, Bear=False
2026-01-22 23:15:22,407 - INFO - [상태] 포지션 없음, 자본금: $5809.76
2026-01-22 23:15:22,408 - INFO - [지표] ADX=nan, Bull=nan, Bear=nan
2026-01-22 23:20:22,410 - INFO - [상태] 포지션 없음, 자본금: $5809.76
2026-01-22 23:20:22,410 - INFO - [지표] ADX=nan, Bull=nan, Bear=nan
2026-01-22 23:25:22,411 - INFO - [상태] 포지션 없음, 자본금: $5809.76
2026-01-22 23:25:22,411 - INFO - [지표] ADX=nan, Bull=nan, Bear=nan
2026-01-22 23:30:00,090 - INFO - [EMA] 증분계산: prev=89834.23, close=89469.0, new=89806.13
2026-01-22 23:30:00,097 - INFO - 15m | 14:15 | O:89594.7 H:89595.4 L:89243.4 C:89469.0
2026-01-22 23:30:00,097 - INFO - 지표: ADX=15.7, ATR=216.7, Bull=False, Bear=False
2026-01-22 23:30:22,413 - INFO - [상태] 포지션 없음, 자본금: $5809.76
2026-01-22 23:30:22,414 - INFO - [지표] ADX=nan, Bull=nan, Bear=nan
2026-01-22 23:35:22,415 - INFO - [상태] 포지션 없음, 자본금: $5809.76
2026-01-22 23:35:22,415 - INFO - [지표] ADX=nan, Bull=nan, Bear=nan
2026-01-22 23:40:22,416 - INFO - [상태] 포지션 없음, 자본금: $5809.76
2026-01-22 23:40:22,416 - INFO - [지표] ADX=nan, Bull=nan, Bear=nan
2026-01-22 23:45:00,060 - INFO - [EMA] 증분계산: prev=89806.13, close=89383.3, new=89773.61
2026-01-22 23:45:00,070 - INFO - 15m | 14:30 | O:89469.0 H:89633.9 L:89024.6 C:89383.3
2026-01-22 23:45:00,070 - INFO - 지표: ADX=18.4, ATR=249.4, Bull=False, Bear=False
2026-01-22 23:45:22,417 - INFO - [상태] 포지션 없음, 자본금: $5809.76
2026-01-22 23:45:22,417 - INFO - [지표] ADX=nan, Bull=nan, Bear=nan
2026-01-22 23:50:22,418 - INFO - [상태] 포지션 없음, 자본금: $5809.76
2026-01-22 23:50:22,419 - INFO - [지표] ADX=nan, Bull=nan, Bear=nan
2026-01-22 23:55:22,420 - INFO - [상태] 포지션 없음, 자본금: $5809.76
2026-01-22 23:55:22,420 - INFO - [지표] ADX=nan, Bull=nan, Bear=nan
2026-01-23 00:00:00,076 - INFO - [EMA] 증분계산: prev=89773.61, close=88977.7, new=89712.38
2026-01-23 00:00:00,083 - INFO - 15m | 14:45 | O:89387.4 H:89414.7 L:88941.8 C:88977.7
2026-01-23 00:00:00,083 - INFO - 지표: ADX=21.2, ATR=268.0, Bull=False, Bear=False
2026-01-23 00:00:22,421 - INFO - [상태] 포지션 없음, 자본금: $5809.76
2026-01-23 00:00:22,421 - INFO - [지표] ADX=nan, Bull=nan, Bear=nan
2026-01-23 00:05:22,422 - INFO - [상태] 포지션 없음, 자본금: $5809.76
2026-01-23 00:05:22,422 - INFO - [지표] ADX=nan, Bull=nan, Bear=nan
2026-01-23 00:10:22,424 - INFO - [상태] 포지션 없음, 자본금: $5809.76
2026-01-23 00:10:22,424 - INFO - [지표] ADX=nan, Bull=nan, Bear=nan
2026-01-23 00:15:00,147 - INFO - [EMA] 증분계산: prev=89712.38, close=89149.8, new=89669.11
2026-01-23 00:15:00,153 - INFO - 15m | 15:00 | O:88976.3 H:89274.3 L:88896.9 C:89149.8
2026-01-23 00:15:00,153 - INFO - 지표: ADX=23.9, ATR=277.1, Bull=False, Bear=True
2026-01-23 00:15:22,426 - INFO - [상태] 포지션 없음, 자본금: $5809.76
2026-01-23 00:15:22,426 - INFO - [지표] ADX=nan, Bull=nan, Bear=nan
2026-01-23 00:20:22,427 - INFO - [상태] 포지션 없음, 자본금: $5809.76
2026-01-23 00:20:22,427 - INFO - [지표] ADX=nan, Bull=nan, Bear=nan
2026-01-23 00:25:22,428 - INFO - [상태] 포지션 없음, 자본금: $5809.76
2026-01-23 00:25:22,429 - INFO - [지표] ADX=nan, Bull=nan, Bear=nan
2026-01-23 00:30:00,092 - INFO - [EMA] 증분계산: prev=89669.11, close=88565.6, new=89584.22
2026-01-23 00:30:00,101 - INFO - 15m | 15:15 | O:89149.7 H:89264.5 L:88500.4 C:88565.6
2026-01-23 00:30:00,102 - INFO - 지표: ADX=27.1, ATR=317.7, Bull=False, Bear=True
2026-01-23 00:30:22,430 - INFO - [상태] 포지션 없음, 자본금: $5809.76
2026-01-23 00:30:22,431 - INFO - [지표] ADX=nan, Bull=nan, Bear=nan
2026-01-23 00:35:22,431 - INFO - [상태] 포지션 없음, 자본금: $5809.76
2026-01-23 00:35:22,432 - INFO - [지표] ADX=nan, Bull=nan, Bear=nan
2026-01-23 00:40:22,432 - INFO - [상태] 포지션 없음, 자본금: $5809.76
2026-01-23 00:40:22,433 - INFO - [지표] ADX=nan, Bull=nan, Bear=nan
2026-01-23 00:45:00,081 - INFO - [EMA] 증분계산: prev=89584.22, close=89037.1, new=89542.14
2026-01-23 00:45:00,091 - INFO - 15m | 15:30 | O:88562.0 H:89060.3 L:88411.2 C:89037.1
2026-01-23 00:45:00,091 - INFO - 지표: ADX=30.3, ATR=345.3, Bull=False, Bear=True
2026-01-23 00:45:22,433 - INFO - [상태] 포지션 없음, 자본금: $5809.76
2026-01-23 00:45:22,433 - INFO - [지표] ADX=nan, Bull=nan, Bear=nan
2026-01-23 00:50:22,436 - INFO - [상태] 포지션 없음, 자본금: $5809.76
2026-01-23 00:50:22,436 - INFO - [지표] ADX=nan, Bull=nan, Bear=nan
2026-01-23 00:55:22,437 - INFO - [상태] 포지션 없음, 자본금: $5809.76
2026-01-23 00:55:22,437 - INFO - [지표] ADX=nan, Bull=nan, Bear=nan
2026-01-23 01:00:00,052 - INFO - [EMA] 증분계산: prev=89542.14, close=88898.7, new=89492.64
2026-01-23 01:00:00,062 - INFO - 15m | 15:45 | O:89037.0 H:89341.9 L:88829.2 C:88898.7
2026-01-23 01:00:00,062 - INFO - 지표: ADX=31.2, ATR=359.3, Bull=False, Bear=True
2026-01-23 01:00:22,438 - INFO - [상태] 포지션 없음, 자본금: $5809.76
2026-01-23 01:00:22,439 - INFO - [지표] ADX=nan, Bull=nan, Bear=nan
2026-01-23 01:05:22,440 - INFO - [상태] 포지션 없음, 자본금: $5809.76
2026-01-23 01:05:22,441 - INFO - [지표] ADX=nan, Bull=nan, Bear=nan
2026-01-23 01:10:22,442 - INFO - [상태] 포지션 없음, 자본금: $5809.76
2026-01-23 01:10:22,442 - INFO - [지표] ADX=nan, Bull=nan, Bear=nan
2026-01-23 01:15:00,088 - INFO - [EMA] 증분계산: prev=89492.64, close=88735.8, new=89434.42
2026-01-23 01:15:00,095 - INFO - 15m | 16:00 | O:88898.7 H:89110.3 L:88651.7 C:88735.8
2026-01-23 01:15:00,095 - INFO - 지표: ADX=32.4, ATR=367.5, Bull=False, Bear=True
2026-01-23 01:15:22,443 - INFO - [상태] 포지션 없음, 자본금: $5809.76
2026-01-23 01:15:22,444 - INFO - [지표] ADX=nan, Bull=nan, Bear=nan
2026-01-23 01:20:22,445 - INFO - [상태] 포지션 없음, 자본금: $5809.76
2026-01-23 01:20:22,445 - INFO - [지표] ADX=nan, Bull=nan, Bear=nan
2026-01-23 01:25:22,446 - INFO - [상태] 포지션 없음, 자본금: $5809.76
2026-01-23 01:25:22,447 - INFO - [지표] ADX=nan, Bull=nan, Bear=nan
2026-01-23 01:30:00,495 - INFO - [EMA] 증분계산: prev=89434.42, close=88896.6, new=89393.05
2026-01-23 01:30:00,502 - INFO - 15m | 16:15 | O:88731.3 H:89110.0 L:88564.3 C:88896.6
2026-01-23 01:30:00,502 - INFO - 지표: ADX=33.7, ATR=382.4, Bull=False, Bear=True
2026-01-23 01:30:22,448 - INFO - [상태] 포지션 없음, 자본금: $5809.76
2026-01-23 01:30:22,449 - INFO - [지표] ADX=nan, Bull=nan, Bear=nan
2026-01-23 01:35:22,449 - INFO - [상태] 포지션 없음, 자본금: $5809.76
2026-01-23 01:35:22,450 - INFO - [지표] ADX=nan, Bull=nan, Bear=nan
2026-01-23 01:40:22,451 - INFO - [상태] 포지션 없음, 자본금: $5809.76
2026-01-23 01:40:22,451 - INFO - [지표] ADX=nan, Bull=nan, Bear=nan
2026-01-23 01:45:00,433 - INFO - [EMA] 증분계산: prev=89393.05, close=88873.4, new=89353.08
2026-01-23 01:45:00,443 - INFO - 15m | 16:30 | O:88899.5 H:89043.5 L:88668.4 C:88873.4
2026-01-23 01:45:00,443 - INFO - 지표: ADX=35.0, ATR=381.8, Bull=False, Bear=True
2026-01-23 01:45:22,452 - INFO - [상태] 포지션 없음, 자본금: $5809.76
2026-01-23 01:45:22,452 - INFO - [지표] ADX=nan, Bull=nan, Bear=nan
2026-01-23 01:50:22,454 - INFO - [상태] 포지션 없음, 자본금: $5809.76
2026-01-23 01:50:22,454 - INFO - [지표] ADX=nan, Bull=nan, Bear=nan
2026-01-23 01:55:22,455 - INFO - [상태] 포지션 없음, 자본금: $5809.76
2026-01-23 01:55:22,456 - INFO - [지표] ADX=nan, Bull=nan, Bear=nan
2026-01-23 02:00:00,104 - INFO - [EMA] 증분계산: prev=89353.08, close=88951.5, new=89322.19
2026-01-23 02:00:00,111 - INFO - 15m | 16:45 | O:88875.6 H:89177.0 L:88798.0 C:88951.5
2026-01-23 02:00:00,111 - INFO - 지표: ADX=35.2, ATR=381.6, Bull=False, Bear=True
2026-01-23 02:00:22,460 - INFO - [상태] 포지션 없음, 자본금: $5809.76
2026-01-23 02:00:22,460 - INFO - [지표] ADX=nan, Bull=nan, Bear=nan
2026-01-23 02:05:22,461 - INFO - [상태] 포지션 없음, 자본금: $5809.76
2026-01-23 02:05:22,462 - INFO - [지표] ADX=nan, Bull=nan, Bear=nan
2026-01-23 02:10:22,463 - INFO - [상태] 포지션 없음, 자본금: $5809.76
2026-01-23 02:10:22,464 - INFO - [지표] ADX=nan, Bull=nan, Bear=nan
2026-01-23 02:15:00,134 - INFO - [EMA] 증분계산: prev=89322.19, close=89131.4, new=89307.51
2026-01-23 02:15:00,143 - INFO - 15m | 17:00 | O:88951.4 H:89335.7 L:88915.4 C:89131.4
2026-01-23 02:15:00,144 - INFO - 지표: ADX=34.4, ATR=384.8, Bull=False, Bear=True
2026-01-23 02:15:00,144 - INFO - [LIVE] SHORT 신호 감지!
2026-01-23 02:15:00,144 - INFO - ==================================================
2026-01-23 02:15:00,144 - INFO - [LIVE] SHORT 진입 준비
2026-01-23 02:15:00,144 - INFO - 진입가: $89131.40
2026-01-23 02:15:00,144 - INFO - 손절가: $90239.60 (1.24%)
2026-01-23 02:15:00,144 - INFO - 익절가: $87444.02 (1.89%)
2026-01-23 02:15:00,144 - INFO - 레버리지: 5.29x
2026-01-23 02:15:00,144 - INFO - 포지션 크기: 0.344812 BTC ($30733.62)
2026-01-23 02:15:00,144 - INFO - ==================================================
2026-01-23 02:15:00,228 - INFO - Leverage 설정: 6x
2026-01-23 02:15:00,286 - INFO - Market Order 체결: SHORT 0.345
2026-01-23 02:15:00,943 - INFO - 실제 체결가: $89142.00, 수량: 0.345000
2026-01-23 02:15:01,010 - INFO - LIMIT Close 주문: SHORT 0.345 @ $87454.6, ID: 42042843707
2026-01-23 02:15:01,010 - INFO - TP 주문 설정: $87454.61
2026-01-23 02:15:01,162 - INFO - STOP_MARKET 주문 (Algo): $90239.6, AlgoID: 3000000380378071
2026-01-23 02:15:01,162 - INFO - SL 주문 설정: $90239.60
2026-01-23 02:15:01,162 - INFO - 거래 기록 저장: ENTRY @ $89142.00
2026-01-23 02:15:01,162 - INFO - [LIVE] SHORT 진입 완료!
2026-01-23 02:15:22,504 - INFO - [상태] 포지션: SHORT, 진입가: $89142.00, 현재가: $89130.50, 미실현PnL: $3.97
2026-01-23 02:15:22,505 - INFO - [지표] ADX=nan, Bull=nan, Bear=nan
2026-01-23 02:20:22,546 - INFO - [상태] 포지션: SHORT, 진입가: $89142.00, 현재가: $89230.80, 미실현PnL: $-30.64
2026-01-23 02:20:22,546 - INFO - [지표] ADX=nan, Bull=nan, Bear=nan
2026-01-23 02:25:22,588 - INFO - [상태] 포지션: SHORT, 진입가: $89142.00, 현재가: $89186.30, 미실현PnL: $-15.28
2026-01-23 02:25:22,588 - INFO - [지표] ADX=nan, Bull=nan, Bear=nan
2026-01-23 02:30:00,047 - INFO - [EMA] 증분계산: prev=89307.51, close=89056.1, new=89288.17
2026-01-23 02:30:00,054 - INFO - 15m | 17:15 | O:89131.5 H:89343.1 L:88958.0 C:89056.1
2026-01-23 02:30:00,054 - INFO - 지표: ADX=33.7, ATR=384.8, Bull=False, Bear=True
2026-01-23 02:30:22,630 - INFO - [상태] 포지션: SHORT, 진입가: $89142.00, 현재가: $89063.80, 미실현PnL: $26.98
2026-01-23 02:30:22,630 - INFO - [지표] ADX=nan, Bull=nan, Bear=nan
2026-01-23 02:35:22,671 - INFO - [상태] 포지션: SHORT, 진입가: $89142.00, 현재가: $89090.20, 미실현PnL: $17.87
2026-01-23 02:35:22,671 - INFO - [지표] ADX=nan, Bull=nan, Bear=nan
2026-01-23 02:40:22,711 - INFO - [상태] 포지션: SHORT, 진입가: $89142.00, 현재가: $88991.00, 미실현PnL: $52.09
2026-01-23 02:40:22,711 - INFO - [지표] ADX=nan, Bull=nan, Bear=nan
2026-01-23 02:45:00,157 - INFO - [EMA] 증분계산: prev=89288.17, close=89137.6, new=89276.59
2026-01-23 02:45:00,164 - INFO - 15m | 17:30 | O:89058.5 H:89197.4 L:88979.9 C:89137.6
2026-01-23 02:45:00,164 - INFO - 지표: ADX=33.0, ATR=370.9, Bull=False, Bear=True
2026-01-23 02:45:22,753 - INFO - [상태] 포지션: SHORT, 진입가: $89142.00, 현재가: $89172.00, 미실현PnL: $-10.35
2026-01-23 02:45:22,753 - INFO - [지표] ADX=nan, Bull=nan, Bear=nan
2026-01-23 02:50:22,795 - INFO - [상태] 포지션: SHORT, 진입가: $89142.00, 현재가: $89351.70, 미실현PnL: $-72.35
2026-01-23 02:50:22,795 - INFO - [지표] ADX=nan, Bull=nan, Bear=nan
2026-01-23 02:55:22,835 - INFO - [상태] 포지션: SHORT, 진입가: $89142.00, 현재가: $89406.10, 미실현PnL: $-91.11
2026-01-23 02:55:22,835 - INFO - [지표] ADX=nan, Bull=nan, Bear=nan
2026-01-23 03:00:00,676 - INFO - [EMA] 증분계산: prev=89276.59, close=89454.9, new=89290.31
2026-01-23 03:00:00,686 - INFO - 15m | 17:45 | O:89133.8 H:89532.4 L:89133.8 C:89454.9
2026-01-23 03:00:00,686 - INFO - 지표: ADX=30.7, ATR=373.2, Bull=False, Bear=True
2026-01-23 03:00:22,877 - INFO - [상태] 포지션: SHORT, 진입가: $89142.00, 현재가: $89421.50, 미실현PnL: $-96.43
2026-01-23 03:00:22,878 - INFO - [지표] ADX=nan, Bull=nan, Bear=nan
2026-01-23 03:05:22,917 - INFO - [상태] 포지션: SHORT, 진입가: $89142.00, 현재가: $89342.20, 미실현PnL: $-69.07
2026-01-23 03:05:22,918 - INFO - [지표] ADX=nan, Bull=nan, Bear=nan
2026-01-23 03:10:23,071 - INFO - [상태] 포지션: SHORT, 진입가: $89142.00, 현재가: $89450.80, 미실현PnL: $-106.54
2026-01-23 03:10:23,071 - INFO - [지표] ADX=nan, Bull=nan, Bear=nan
2026-01-23 03:15:00,396 - INFO - [EMA] 증분계산: prev=89290.31, close=89375.5, new=89296.86
2026-01-23 03:15:00,403 - INFO - 15m | 18:00 | O:89454.9 H:89521.9 L:89291.1 C:89375.5
2026-01-23 03:15:00,403 - INFO - 지표: ADX=28.6, ATR=361.3, Bull=False, Bear=True
2026-01-23 03:15:23,112 - INFO - [상태] 포지션: SHORT, 진입가: $89142.00, 현재가: $89381.40, 미실현PnL: $-82.59
2026-01-23 03:15:23,112 - INFO - [지표] ADX=nan, Bull=nan, Bear=nan
2026-01-23 03:20:23,153 - INFO - [상태] 포지션: SHORT, 진입가: $89142.00, 현재가: $89606.80, 미실현PnL: $-160.36
2026-01-23 03:20:23,153 - INFO - [지표] ADX=nan, Bull=nan, Bear=nan
2026-01-23 03:25:23,195 - INFO - [상태] 포지션: SHORT, 진입가: $89142.00, 현재가: $89498.40, 미실현PnL: $-122.96
2026-01-23 03:25:23,196 - INFO - [지표] ADX=nan, Bull=nan, Bear=nan
2026-01-23 03:30:00,072 - INFO - [EMA] 증분계산: prev=89296.86, close=89520.0, new=89314.02
2026-01-23 03:30:00,082 - INFO - 15m | 18:15 | O:89375.5 H:89706.1 L:89366.9 C:89520.0
2026-01-23 03:30:00,082 - INFO - 지표: ADX=27.5, ATR=359.5, Bull=False, Bear=True
2026-01-23 03:30:23,238 - INFO - [상태] 포지션: SHORT, 진입가: $89142.00, 현재가: $89528.80, 미실현PnL: $-133.45
2026-01-23 03:30:23,238 - INFO - [지표] ADX=nan, Bull=nan, Bear=nan
2026-01-23 03:35:23,280 - INFO - [상태] 포지션: SHORT, 진입가: $89142.00, 현재가: $89559.00, 미실현PnL: $-143.86
2026-01-23 03:35:23,280 - INFO - [지표] ADX=nan, Bull=nan, Bear=nan
2026-01-23 03:40:23,319 - INFO - [상태] 포지션: SHORT, 진입가: $89142.00, 현재가: $89628.60, 미실현PnL: $-167.88
2026-01-23 03:40:23,320 - INFO - [지표] ADX=nan, Bull=nan, Bear=nan
2026-01-23 03:45:00,989 - INFO - [EMA] 증분계산: prev=89314.02, close=89575.2, new=89334.11
2026-01-23 03:45:00,995 - INFO - 15m | 18:30 | O:89522.5 H:89679.9 L:89499.5 C:89575.2
2026-01-23 03:45:00,995 - INFO - 지표: ADX=26.4, ATR=344.5, Bull=False, Bear=True
2026-01-23 03:45:23,361 - INFO - [상태] 포지션: SHORT, 진입가: $89142.00, 현재가: $89553.00, 미실현PnL: $-141.79
2026-01-23 03:45:23,361 - INFO - [지표] ADX=nan, Bull=nan, Bear=nan
2026-01-23 03:50:23,402 - INFO - [상태] 포지션: SHORT, 진입가: $89142.00, 현재가: $89473.40, 미실현PnL: $-114.33
2026-01-23 03:50:23,403 - INFO - [지표] ADX=nan, Bull=nan, Bear=nan
2026-01-23 03:55:23,444 - INFO - [상태] 포지션: SHORT, 진입가: $89142.00, 현재가: $89294.30, 미실현PnL: $-52.54
2026-01-23 03:55:23,445 - INFO - [지표] ADX=nan, Bull=nan, Bear=nan
2026-01-23 04:00:01,092 - INFO - [EMA] 증분계산: prev=89334.11, close=89247.9, new=89327.48
2026-01-23 04:00:01,102 - INFO - 15m | 18:45 | O:89575.2 H:89625.2 L:89209.5 C:89247.9
2026-01-23 04:00:01,102 - INFO - 지표: ADX=25.1, ATR=350.5, Bull=False, Bear=True
2026-01-23 04:00:23,487 - INFO - [상태] 포지션: SHORT, 진입가: $89142.00, 현재가: $89248.20, 미실현PnL: $-36.64
2026-01-23 04:00:23,488 - INFO - [지표] ADX=nan, Bull=nan, Bear=nan
2026-01-23 04:05:23,529 - INFO - [상태] 포지션: SHORT, 진입가: $89142.00, 현재가: $89150.50, 미실현PnL: $-2.93
2026-01-23 04:05:23,529 - INFO - [지표] ADX=nan, Bull=nan, Bear=nan
2026-01-23 04:10:23,571 - INFO - [상태] 포지션: SHORT, 진입가: $89142.00, 현재가: $89305.60, 미실현PnL: $-56.44
2026-01-23 04:10:23,571 - INFO - [지표] ADX=nan, Bull=nan, Bear=nan
2026-01-23 04:15:00,100 - INFO - [EMA] 증분계산: prev=89327.48, close=89307.9, new=89325.98
2026-01-23 04:15:00,106 - INFO - 15m | 19:00 | O:89247.9 H:89375.0 L:89017.7 C:89307.9
2026-01-23 04:15:00,106 - INFO - 지표: ADX=24.5, ATR=351.0, Bull=False, Bear=True
2026-01-23 04:15:23,620 - INFO - [상태] 포지션: SHORT, 진입가: $89142.00, 현재가: $89263.60, 미실현PnL: $-41.95
2026-01-23 04:15:23,620 - INFO - [지표] ADX=nan, Bull=nan, Bear=nan
2026-01-23 04:20:23,661 - INFO - [상태] 포지션: SHORT, 진입가: $89142.00, 현재가: $89327.40, 미실현PnL: $-63.96
2026-01-23 04:20:23,662 - INFO - [지표] ADX=nan, Bull=nan, Bear=nan
2026-01-23 04:25:23,706 - INFO - [상태] 포지션: SHORT, 진입가: $89142.00, 현재가: $89465.80, 미실현PnL: $-111.71
2026-01-23 04:25:23,706 - INFO - [지표] ADX=nan, Bull=nan, Bear=nan
2026-01-23 04:30:00,112 - INFO - [EMA] 증분계산: prev=89325.98, close=89419.3, new=89333.16
2026-01-23 04:30:00,121 - INFO - 15m | 19:15 | O:89307.9 H:89488.9 L:89210.2 C:89419.3
2026-01-23 04:30:00,121 - INFO - 지표: ADX=23.4, ATR=345.0, Bull=False, Bear=True
2026-01-23 04:30:23,750 - INFO - [상태] 포지션: SHORT, 진입가: $89142.00, 현재가: $89418.70, 미실현PnL: $-95.46
2026-01-23 04:30:23,750 - INFO - [지표] ADX=nan, Bull=nan, Bear=nan
2026-01-23 04:35:23,790 - INFO - [상태] 포지션: SHORT, 진입가: $89142.00, 현재가: $89594.80, 미실현PnL: $-156.22
2026-01-23 04:35:23,791 - INFO - [지표] ADX=nan, Bull=nan, Bear=nan
2026-01-23 04:40:23,834 - INFO - [상태] 포지션: SHORT, 진입가: $89142.00, 현재가: $89742.10, 미실현PnL: $-207.03
2026-01-23 04:40:23,834 - INFO - [지표] ADX=nan, Bull=nan, Bear=nan
2026-01-23 04:45:01,044 - INFO - [EMA] 증분계산: prev=89333.16, close=89743.5, new=89364.72
2026-01-23 04:45:01,054 - INFO - 15m | 19:30 | O:89421.5 H:89793.9 L:89395.4 C:89743.5
2026-01-23 04:45:01,054 - INFO - 지표: ADX=22.3, ATR=349.5, Bull=False, Bear=True
2026-01-23 04:45:23,874 - INFO - [상태] 포지션: SHORT, 진입가: $89142.00, 현재가: $89746.30, 미실현PnL: $-208.48
2026-01-23 04:45:23,875 - INFO - [지표] ADX=nan, Bull=nan, Bear=nan
2026-01-23 04:50:23,918 - INFO - [상태] 포지션: SHORT, 진입가: $89142.00, 현재가: $89615.40, 미실현PnL: $-163.32
2026-01-23 04:50:23,919 - INFO - [지표] ADX=nan, Bull=nan, Bear=nan
2026-01-23 04:55:23,960 - INFO - [상태] 포지션: SHORT, 진입가: $89142.00, 현재가: $89769.30, 미실현PnL: $-216.42
2026-01-23 04:55:23,960 - INFO - [지표] ADX=nan, Bull=nan, Bear=nan
2026-01-23 05:00:00,116 - INFO - [EMA] 증분계산: prev=89364.72, close=89677.5, new=89388.78
2026-01-23 05:00:00,123 - INFO - 15m | 19:45 | O:89743.5 H:89837.9 L:89538.4 C:89677.5
2026-01-23 05:00:00,123 - INFO - 지표: ADX=21.5, ATR=345.3, Bull=False, Bear=True
2026-01-23 05:00:24,006 - INFO - [상태] 포지션: SHORT, 진입가: $89142.00, 현재가: $89667.00, 미실현PnL: $-181.12
2026-01-23 05:00:24,006 - INFO - [지표] ADX=nan, Bull=nan, Bear=nan
2026-01-23 05:05:24,049 - INFO - [상태] 포지션: SHORT, 진입가: $89142.00, 현재가: $89754.70, 미실현PnL: $-211.38
2026-01-23 05:05:24,050 - INFO - [지표] ADX=nan, Bull=nan, Bear=nan
2026-01-23 05:10:24,090 - INFO - [상태] 포지션: SHORT, 진입가: $89142.00, 현재가: $89750.50, 미실현PnL: $-209.93
2026-01-23 05:10:24,090 - INFO - [지표] ADX=nan, Bull=nan, Bear=nan
2026-01-23 05:15:00,599 - INFO - [EMA] 증분계산: prev=89388.78, close=89830.4, new=89422.75
2026-01-23 05:15:00,609 - INFO - 15m | 20:00 | O:89677.5 H:89835.7 L:89601.7 C:89830.4
2026-01-23 05:15:00,609 - INFO - 지표: ADX=20.7, ATR=336.0, Bull=False, Bear=True
2026-01-23 05:15:24,132 - INFO - [상태] 포지션: SHORT, 진입가: $89142.00, 현재가: $89847.80, 미실현PnL: $-243.50
2026-01-23 05:15:24,132 - INFO - [지표] ADX=nan, Bull=nan, Bear=nan
2026-01-23 05:20:24,178 - INFO - [상태] 포지션: SHORT, 진입가: $89142.00, 현재가: $89813.00, 미실현PnL: $-231.49
2026-01-23 05:20:24,179 - INFO - [지표] ADX=nan, Bull=nan, Bear=nan
2026-01-23 05:25:24,221 - INFO - [상태] 포지션: SHORT, 진입가: $89142.00, 현재가: $89569.00, 미실현PnL: $-147.31
2026-01-23 05:25:24,221 - INFO - [지표] ADX=nan, Bull=nan, Bear=nan
2026-01-23 05:30:00,112 - INFO - [EMA] 증분계산: prev=89422.75, close=89469.5, new=89426.35
2026-01-23 05:30:00,119 - INFO - 15m | 20:15 | O:89831.2 H:89857.7 L:89464.5 C:89469.5
2026-01-23 05:30:00,119 - INFO - 지표: ADX=19.3, ATR=340.8, Bull=False, Bear=True
2026-01-23 05:30:24,262 - INFO - [상태] 포지션: SHORT, 진입가: $89142.00, 현재가: $89450.00, 미실현PnL: $-106.26
2026-01-23 05:30:24,262 - INFO - [지표] ADX=nan, Bull=nan, Bear=nan
2026-01-23 05:35:24,302 - INFO - [상태] 포지션: SHORT, 진입가: $89142.00, 현재가: $89549.40, 미실현PnL: $-140.55
2026-01-23 05:35:24,302 - INFO - [지표] ADX=nan, Bull=nan, Bear=nan
2026-01-23 05:40:24,344 - INFO - [상태] 포지션: SHORT, 진입가: $89142.00, 현재가: $89447.70, 미실현PnL: $-105.47
2026-01-23 05:40:24,344 - INFO - [지표] ADX=nan, Bull=nan, Bear=nan
2026-01-23 05:45:00,102 - INFO - [EMA] 증분계산: prev=89426.35, close=89406.6, new=89424.83
2026-01-23 05:45:00,112 - INFO - 15m | 20:30 | O:89469.0 H:89622.0 L:89370.3 C:89406.6
2026-01-23 05:45:00,112 - INFO - 지표: ADX=18.2, ATR=333.4, Bull=False, Bear=True
2026-01-23 05:45:24,385 - INFO - [상태] 포지션: SHORT, 진입가: $89142.00, 현재가: $89421.50, 미실현PnL: $-96.43
2026-01-23 05:45:24,386 - INFO - [지표] ADX=nan, Bull=nan, Bear=nan
2026-01-23 05:50:24,427 - INFO - [상태] 포지션: SHORT, 진입가: $89142.00, 현재가: $89426.80, 미실현PnL: $-98.26
2026-01-23 05:50:24,427 - INFO - [지표] ADX=nan, Bull=nan, Bear=nan
2026-01-23 05:55:24,472 - INFO - [상태] 포지션: SHORT, 진입가: $89142.00, 현재가: $89371.10, 미실현PnL: $-79.04
2026-01-23 05:55:24,473 - INFO - [지표] ADX=nan, Bull=nan, Bear=nan
2026-01-23 06:00:00,096 - INFO - [EMA] 증분계산: prev=89424.83, close=89309.8, new=89415.98
2026-01-23 06:00:00,103 - INFO - 15m | 20:45 | O:89406.7 H:89459.1 L:89290.0 C:89309.8
2026-01-23 06:00:00,103 - INFO - 지표: ADX=17.6, ATR=319.7, Bull=False, Bear=True
2026-01-23 06:00:24,515 - INFO - [상태] 포지션: SHORT, 진입가: $89142.00, 현재가: $89432.10, 미실현PnL: $-100.08
2026-01-23 06:00:24,515 - INFO - [지표] ADX=nan, Bull=nan, Bear=nan
2026-01-23 06:05:24,560 - INFO - [상태] 포지션: SHORT, 진입가: $89142.00, 현재가: $89337.00, 미실현PnL: $-67.27
2026-01-23 06:05:24,560 - INFO - [지표] ADX=nan, Bull=nan, Bear=nan
2026-01-23 06:10:24,604 - INFO - [상태] 포지션: SHORT, 진입가: $89142.00, 현재가: $89525.90, 미실현PnL: $-132.45
2026-01-23 06:10:24,604 - INFO - [지표] ADX=nan, Bull=nan, Bear=nan
2026-01-23 06:15:00,621 - INFO - [EMA] 증분계산: prev=89415.98, close=89445.9, new=89418.28
2026-01-23 06:15:00,631 - INFO - 15m | 21:00 | O:89307.3 H:89537.4 L:89278.4 C:89445.9
2026-01-23 06:15:00,631 - INFO - 지표: ADX=16.6, ATR=314.6, Bull=False, Bear=True
2026-01-23 06:15:24,644 - INFO - [상태] 포지션: SHORT, 진입가: $89142.00, 현재가: $89456.70, 미실현PnL: $-108.57
2026-01-23 06:15:24,644 - INFO - [지표] ADX=nan, Bull=nan, Bear=nan
2026-01-23 06:20:24,687 - INFO - [상태] 포지션: SHORT, 진입가: $89142.00, 현재가: $89513.20, 미실현PnL: $-128.06
2026-01-23 06:20:24,687 - INFO - [지표] ADX=nan, Bull=nan, Bear=nan
2026-01-23 06:25:24,738 - INFO - [상태] 포지션: SHORT, 진입가: $89142.00, 현재가: $89520.00, 미실현PnL: $-130.41
2026-01-23 06:25:24,738 - INFO - [지표] ADX=nan, Bull=nan, Bear=nan
2026-01-23 06:30:01,081 - INFO - [EMA] 증분계산: prev=89418.28, close=89474.7, new=89422.62
2026-01-23 06:30:01,087 - INFO - 15m | 21:15 | O:89445.8 H:89571.9 L:89441.0 C:89474.7
2026-01-23 06:30:01,088 - INFO - 지표: ADX=15.5, ATR=299.3, Bull=False, Bear=True
2026-01-23 06:30:24,780 - INFO - [상태] 포지션: SHORT, 진입가: $89142.00, 현재가: $89486.60, 미실현PnL: $-118.89
2026-01-23 06:30:24,780 - INFO - [지표] ADX=nan, Bull=nan, Bear=nan
2026-01-23 06:35:24,822 - INFO - [상태] 포지션: SHORT, 진입가: $89142.00, 현재가: $89437.50, 미실현PnL: $-101.95
2026-01-23 06:35:24,823 - INFO - [지표] ADX=nan, Bull=nan, Bear=nan
2026-01-23 06:40:24,867 - INFO - [상태] 포지션: SHORT, 진입가: $89142.00, 현재가: $89403.80, 미실현PnL: $-90.32
2026-01-23 06:40:24,867 - INFO - [지표] ADX=nan, Bull=nan, Bear=nan
2026-01-23 06:45:00,067 - INFO - [EMA] 증분계산: prev=89422.62, close=89287.3, new=89412.21
2026-01-23 06:45:00,073 - INFO - 15m | 21:30 | O:89476.5 H:89508.0 L:89287.3 C:89287.3
2026-01-23 06:45:00,073 - INFO - 지표: ADX=15.1, ATR=292.8, Bull=False, Bear=True
2026-01-23 06:45:24,909 - INFO - [상태] 포지션: SHORT, 진입가: $89142.00, 현재가: $89192.80, 미실현PnL: $-17.53
2026-01-23 06:45:24,909 - INFO - [지표] ADX=nan, Bull=nan, Bear=nan
2026-01-23 06:50:24,953 - INFO - [상태] 포지션: SHORT, 진입가: $89142.00, 현재가: $89262.00, 미실현PnL: $-41.40
2026-01-23 06:50:24,954 - INFO - [지표] ADX=nan, Bull=nan, Bear=nan
2026-01-23 06:55:25,001 - INFO - [상태] 포지션: SHORT, 진입가: $89142.00, 현재가: $89261.50, 미실현PnL: $-41.23
2026-01-23 06:55:25,001 - INFO - [지표] ADX=nan, Bull=nan, Bear=nan
2026-01-23 07:00:00,041 - INFO - [EMA] 증분계산: prev=89412.21, close=89160.9, new=89392.88
2026-01-23 07:00:00,048 - INFO - 15m | 21:45 | O:89287.3 H:89290.6 L:89134.3 C:89160.9
2026-01-23 07:00:00,048 - INFO - 지표: ADX=15.5, ATR=281.4, Bull=False, Bear=True
2026-01-23 07:00:25,044 - INFO - [상태] 포지션: SHORT, 진입가: $89142.00, 현재가: $89169.20, 미실현PnL: $-9.38
2026-01-23 07:00:25,044 - INFO - [지표] ADX=nan, Bull=nan, Bear=nan
2026-01-23 07:05:25,087 - INFO - [상태] 포지션: SHORT, 진입가: $89142.00, 현재가: $89149.00, 미실현PnL: $-2.42
2026-01-23 07:05:25,087 - INFO - [지표] ADX=nan, Bull=nan, Bear=nan
2026-01-23 07:10:25,130 - INFO - [상태] 포지션: SHORT, 진입가: $89142.00, 현재가: $89190.60, 미실현PnL: $-16.77
2026-01-23 07:10:25,131 - INFO - [지표] ADX=nan, Bull=nan, Bear=nan
2026-01-23 07:15:02,057 - INFO - [EMA] 증분계산: prev=89392.88, close=89384.9, new=89392.27
2026-01-23 07:15:02,064 - INFO - 15m | 22:00 | O:89160.8 H:89472.2 L:89038.4 C:89384.9
2026-01-23 07:15:02,064 - INFO - 지표: ADX=14.8, ATR=294.1, Bull=False, Bear=True
2026-01-23 07:15:25,178 - INFO - [상태] 포지션: SHORT, 진입가: $89142.00, 현재가: $89400.40, 미실현PnL: $-89.15
2026-01-23 07:15:25,178 - INFO - [지표] ADX=nan, Bull=nan, Bear=nan
2026-01-23 07:20:25,220 - INFO - [상태] 포지션: SHORT, 진입가: $89142.00, 현재가: $89262.00, 미실현PnL: $-41.40
2026-01-23 07:20:25,220 - INFO - [지표] ADX=nan, Bull=nan, Bear=nan
2026-01-23 07:25:25,261 - INFO - [상태] 포지션: SHORT, 진입가: $89142.00, 현재가: $89301.70, 미실현PnL: $-55.10
2026-01-23 07:25:25,262 - INFO - [지표] ADX=nan, Bull=nan, Bear=nan
2026-01-23 07:30:00,052 - INFO - [EMA] 증분계산: prev=89392.27, close=89314.4, new=89386.28
2026-01-23 07:30:00,062 - INFO - 15m | 22:15 | O:89384.8 H:89424.4 L:89253.1 C:89314.4
2026-01-23 07:30:00,062 - INFO - 지표: ADX=14.2, ATR=283.9, Bull=False, Bear=True
2026-01-23 07:30:25,306 - INFO - [상태] 포지션: SHORT, 진입가: $89142.00, 현재가: $89302.00, 미실현PnL: $-55.20
2026-01-23 07:30:25,307 - INFO - [지표] ADX=nan, Bull=nan, Bear=nan
2026-01-23 07:35:25,352 - INFO - [상태] 포지션: SHORT, 진입가: $89142.00, 현재가: $89174.90, 미실현PnL: $-11.35
2026-01-23 07:35:25,353 - INFO - [지표] ADX=nan, Bull=nan, Bear=nan
2026-01-23 07:40:25,397 - INFO - [상태] 포지션: SHORT, 진입가: $89142.00, 현재가: $89140.30, 미실현PnL: $0.59
2026-01-23 07:40:25,397 - INFO - [지표] ADX=nan, Bull=nan, Bear=nan
2026-01-23 07:45:00,082 - INFO - [EMA] 증분계산: prev=89386.28, close=89163.3, new=89369.12
2026-01-23 07:45:00,092 - INFO - 15m | 22:30 | O:89314.4 H:89325.1 L:89066.7 C:89163.3
2026-01-23 07:45:00,092 - INFO - 지표: ADX=14.4, ATR=281.7, Bull=False, Bear=True
2026-01-23 07:45:25,440 - INFO - [상태] 포지션: SHORT, 진입가: $89142.00, 현재가: $89189.90, 미실현PnL: $-16.53
2026-01-23 07:45:25,440 - INFO - [지표] ADX=nan, Bull=nan, Bear=nan
2026-01-23 07:50:25,488 - INFO - [상태] 포지션: SHORT, 진입가: $89142.00, 현재가: $89244.30, 미실현PnL: $-35.29
2026-01-23 07:50:25,488 - INFO - [지표] ADX=nan, Bull=nan, Bear=nan
2026-01-23 07:55:25,532 - INFO - [상태] 포지션: SHORT, 진입가: $89142.00, 현재가: $89256.90, 미실현PnL: $-39.64
2026-01-23 07:55:25,532 - INFO - [지표] ADX=nan, Bull=nan, Bear=nan
2026-01-23 08:00:00,034 - INFO - [EMA] 증분계산: prev=89369.12, close=89238.9, new=89359.11
2026-01-23 08:00:00,041 - INFO - 15m | 22:45 | O:89158.2 H:89275.7 L:89158.1 C:89238.9
2026-01-23 08:00:00,041 - INFO - 지표: ADX=14.6, ATR=268.1, Bull=False, Bear=True
2026-01-23 08:00:25,574 - INFO - [상태] 포지션: SHORT, 진입가: $89142.00, 현재가: $89236.80, 미실현PnL: $-32.71
2026-01-23 08:00:25,575 - INFO - [지표] ADX=nan, Bull=nan, Bear=nan
2026-01-23 08:05:25,619 - INFO - [상태] 포지션: SHORT, 진입가: $89142.00, 현재가: $89087.90, 미실현PnL: $18.66
2026-01-23 08:05:25,619 - INFO - [지표] ADX=nan, Bull=nan, Bear=nan
2026-01-23 08:10:25,662 - INFO - [상태] 포지션: SHORT, 진입가: $89142.00, 현재가: $89154.90, 미실현PnL: $-4.45
2026-01-23 08:10:25,662 - INFO - [지표] ADX=nan, Bull=nan, Bear=nan
2026-01-23 08:15:00,388 - INFO - [EMA] 증분계산: prev=89359.11, close=89199.0, new=89346.79
2026-01-23 08:15:00,395 - INFO - 15m | 23:00 | O:89238.8 H:89275.6 L:89057.2 C:89199.0
2026-01-23 08:15:00,395 - INFO - 지표: ADX=15.2, ATR=263.9, Bull=False, Bear=True
2026-01-23 08:15:25,703 - INFO - [상태] 포지션: SHORT, 진입가: $89142.00, 현재가: $89198.80, 미실현PnL: $-19.60
2026-01-23 08:15:25,703 - INFO - [지표] ADX=nan, Bull=nan, Bear=nan
2026-01-23 08:20:25,747 - INFO - [상태] 포지션: SHORT, 진입가: $89142.00, 현재가: $89264.70, 미실현PnL: $-42.33
2026-01-23 08:20:25,748 - INFO - [지표] ADX=nan, Bull=nan, Bear=nan
2026-01-23 08:25:25,793 - INFO - [상태] 포지션: SHORT, 진입가: $89142.00, 현재가: $89351.60, 미실현PnL: $-72.31
2026-01-23 08:25:25,793 - INFO - [지표] ADX=nan, Bull=nan, Bear=nan
2026-01-23 08:30:01,095 - INFO - [EMA] 증분계산: prev=89346.79, close=89335.5, new=89345.92
2026-01-23 08:30:01,102 - INFO - 15m | 23:15 | O:89199.0 H:89413.4 L:89184.4 C:89335.5
2026-01-23 08:30:01,102 - INFO - 지표: ADX=15.0, ATR=261.0, Bull=False, Bear=True
2026-01-23 08:30:25,835 - INFO - [상태] 포지션: SHORT, 진입가: $89142.00, 현재가: $89327.50, 미실현PnL: $-64.00
2026-01-23 08:30:25,835 - INFO - [지표] ADX=nan, Bull=nan, Bear=nan
2026-01-23 08:35:25,886 - INFO - [상태] 포지션: SHORT, 진입가: $89142.00, 현재가: $89440.80, 미실현PnL: $-103.09
2026-01-23 08:35:25,886 - INFO - [지표] ADX=nan, Bull=nan, Bear=nan
2026-01-23 08:40:25,930 - INFO - [상태] 포지션: SHORT, 진입가: $89142.00, 현재가: $89412.10, 미실현PnL: $-93.18
2026-01-23 08:40:25,930 - INFO - [지표] ADX=nan, Bull=nan, Bear=nan
2026-01-23 08:45:00,107 - INFO - [EMA] 증분계산: prev=89345.92, close=89396.3, new=89349.80
2026-01-23 08:45:00,117 - INFO - 15m | 23:30 | O:89335.5 H:89478.5 L:89300.0 C:89396.3
2026-01-23 08:45:00,117 - INFO - 지표: ADX=14.4, ATR=254.1, Bull=False, Bear=True
2026-01-23 08:45:25,971 - INFO - [상태] 포지션: SHORT, 진입가: $89142.00, 현재가: $89412.80, 미실현PnL: $-93.43
2026-01-23 08:45:25,971 - INFO - [지표] ADX=nan, Bull=nan, Bear=nan
2026-01-23 08:50:26,016 - INFO - [상태] 포지션: SHORT, 진입가: $89142.00, 현재가: $89428.30, 미실현PnL: $-98.77
2026-01-23 08:50:26,017 - INFO - [지표] ADX=nan, Bull=nan, Bear=nan
2026-01-23 08:55:26,058 - INFO - [상태] 포지션: SHORT, 진입가: $89142.00, 현재가: $89404.10, 미실현PnL: $-90.42
2026-01-23 08:55:26,059 - INFO - [지표] ADX=nan, Bull=nan, Bear=nan
