2026-01-23 09:00:01,795 - INFO - === 로그 파일 시작: logs/hyper_usdt_2026-01-23.log ===
2026-01-23 09:00:01,795 - INFO - [EMA] 증분계산: prev=89409.78, close=89518.5, new=89418.15
2026-01-23 09:00:01,804 - INFO - 15m | 23:45 | O:89461.7 H:89519.7 L:89461.7 C:89518.5
2026-01-23 09:00:01,804 - INFO - 지표: ADX=13.9, ATR=226.5, Bull=False, Bear=True
2026-01-23 09:00:34,787 - INFO - [상태] 포지션: SHORT, 진입가: $89189.20, 현재가: $89482.00, 미실현PnL: $-87.84
2026-01-23 09:00:34,788 - INFO - [지표] ADX=nan, Bull=nan, Bear=nan
2026-01-23 09:05:34,830 - INFO - [상태] 포지션: SHORT, 진입가: $89189.20, 현재가: $89434.70, 미실현PnL: $-73.65
2026-01-23 09:05:34,830 - INFO - [지표] ADX=nan, Bull=nan, Bear=nan
2026-01-23 09:10:34,872 - INFO - [상태] 포지션: SHORT, 진입가: $89189.20, 현재가: $89518.40, 미실현PnL: $-98.76
2026-01-23 09:10:34,873 - INFO - [지표] ADX=nan, Bull=nan, Bear=nan
2026-01-23 09:15:00,351 - INFO - [EMA] 증분계산: prev=89418.15, close=89500.0, new=89424.44
2026-01-23 09:15:00,360 - INFO - 15m | 00:00 | O:89518.4 H:89518.5 L:89400.0 C:89500.0
2026-01-23 09:15:00,360 - INFO - 지표: ADX=13.6, ATR=215.7, Bull=False, Bear=True
2026-01-23 09:15:34,917 - INFO - [상태] 포지션: SHORT, 진입가: $89189.20, 현재가: $89489.50, 미실현PnL: $-90.09
2026-01-23 09:15:34,917 - INFO - [지표] ADX=nan, Bull=nan, Bear=nan
2026-01-23 09:20:34,958 - INFO - [상태] 포지션: SHORT, 진입가: $89189.20, 현재가: $89579.30, 미실현PnL: $-117.03
2026-01-23 09:20:34,958 - INFO - [지표] ADX=nan, Bull=nan, Bear=nan
2026-01-23 09:25:35,002 - INFO - [상태] 포지션: SHORT, 진입가: $89189.20, 현재가: $89559.90, 미실현PnL: $-111.21
2026-01-23 09:25:35,002 - INFO - [지표] ADX=nan, Bull=nan, Bear=nan
2026-01-23 09:30:00,102 - INFO - [EMA] 증분계산: prev=89424.44, close=89565.6, new=89435.30
2026-01-23 09:30:00,108 - INFO - 15m | 00:15 | O:89500.0 H:89600.0 L:89488.5 C:89565.6
2026-01-23 09:30:00,108 - INFO - 지표: ADX=12.9, ATR=205.2, Bull=False, Bear=True
2026-01-23 09:30:35,043 - INFO - [상태] 포지션: SHORT, 진입가: $89189.20, 현재가: $89555.00, 미실현PnL: $-109.74
2026-01-23 09:30:35,043 - INFO - [지표] ADX=nan, Bull=nan, Bear=nan
2026-01-23 09:35:35,084 - INFO - [상태] 포지션: SHORT, 진입가: $89189.20, 현재가: $89537.60, 미실현PnL: $-104.52
2026-01-23 09:35:35,085 - INFO - [지표] ADX=nan, Bull=nan, Bear=nan
2026-01-23 09:40:35,125 - INFO - [상태] 포지션: SHORT, 진입가: $89189.20, 현재가: $89539.70, 미실현PnL: $-105.15
2026-01-23 09:40:35,125 - INFO - [지표] ADX=nan, Bull=nan, Bear=nan
2026-01-23 09:45:00,053 - INFO - [EMA] 증분계산: prev=89435.30, close=89515.8, new=89441.49
2026-01-23 09:45:00,063 - INFO - 15m | 00:30 | O:89565.7 H:89583.3 L:89464.5 C:89515.8
2026-01-23 09:45:00,063 - INFO - 지표: ADX=12.3, ATR=196.6, Bull=False, Bear=True
2026-01-23 09:45:35,169 - INFO - [상태] 포지션: SHORT, 진입가: $89189.20, 현재가: $89485.20, 미실현PnL: $-88.80
2026-01-23 09:45:35,170 - INFO - [지표] ADX=nan, Bull=nan, Bear=nan
2026-01-23 09:50:35,209 - INFO - [상태] 포지션: SHORT, 진입가: $89189.20, 현재가: $89544.60, 미실현PnL: $-106.62
2026-01-23 09:50:35,209 - INFO - [지표] ADX=nan, Bull=nan, Bear=nan
2026-01-23 09:55:35,255 - INFO - [상태] 포지션: SHORT, 진입가: $89189.20, 현재가: $89571.50, 미실현PnL: $-114.69
2026-01-23 09:55:35,256 - INFO - [지표] ADX=nan, Bull=nan, Bear=nan
2026-01-23 09:57:35,259 - INFO - 설정 파일 변경 감지, 리로드 완료
2026-01-23 10:00:00,212 - INFO - [EMA] 증분계산: prev=89441.49, close=89484.6, new=89444.81
2026-01-23 10:00:00,219 - INFO - 15m | 00:45 | O:89515.8 H:89576.0 L:89477.0 C:89484.6
2026-01-23 10:00:00,219 - INFO - 지표: ADX=11.8, ATR=186.8, Bull=False, Bear=True
2026-01-23 10:00:35,305 - INFO - [상태] 포지션: SHORT, 진입가: $89189.20, 현재가: $89532.30, 미실현PnL: $-102.93
2026-01-23 10:00:35,306 - INFO - [지표] ADX=nan, Bull=nan, Bear=nan
2026-01-23 10:05:35,347 - INFO - [상태] 포지션: SHORT, 진입가: $89189.20, 현재가: $89566.10, 미실현PnL: $-113.07
2026-01-23 10:05:35,347 - INFO - [지표] ADX=nan, Bull=nan, Bear=nan
2026-01-23 10:10:35,392 - INFO - [상태] 포지션: SHORT, 진입가: $89189.20, 현재가: $89576.70, 미실현PnL: $-116.25
2026-01-23 10:10:35,392 - INFO - [지표] ADX=nan, Bull=nan, Bear=nan
2026-01-23 10:15:01,466 - INFO - [EMA] 증분계산: prev=89444.81, close=89558.4, new=89453.55
2026-01-23 10:15:01,476 - INFO - 15m | 01:00 | O:89484.6 H:89645.3 L:89484.6 C:89558.4
2026-01-23 10:15:01,476 - INFO - 지표: ADX=11.1, ATR=184.2, Bull=False, Bear=True
2026-01-23 10:15:35,434 - INFO - [상태] 포지션: SHORT, 진입가: $89189.20, 현재가: $89610.50, 미실현PnL: $-126.39
2026-01-23 10:15:35,435 - INFO - [지표] ADX=nan, Bull=nan, Bear=nan
2026-01-23 10:20:35,476 - INFO - [상태] 포지션: SHORT, 진입가: $89189.20, 현재가: $89635.70, 미실현PnL: $-133.95
2026-01-23 10:20:35,476 - INFO - [지표] ADX=nan, Bull=nan, Bear=nan
2026-01-23 10:25:35,518 - INFO - [상태] 포지션: SHORT, 진입가: $89189.20, 현재가: $89600.00, 미실현PnL: $-123.24
2026-01-23 10:25:35,518 - INFO - [지표] ADX=nan, Bull=nan, Bear=nan
2026-01-23 10:30:00,068 - INFO - [EMA] 증분계산: prev=89453.55, close=89653.6, new=89468.94
2026-01-23 10:30:00,078 - INFO - 15m | 01:15 | O:89558.4 H:89664.1 L:89558.4 C:89653.6
2026-01-23 10:30:00,078 - INFO - 지표: ADX=10.5, ATR=176.4, Bull=False, Bear=True
2026-01-23 10:30:35,560 - INFO - [상태] 포지션: SHORT, 진입가: $89189.20, 현재가: $89664.50, 미실현PnL: $-142.59
2026-01-23 10:30:35,561 - INFO - [지표] ADX=nan, Bull=nan, Bear=nan
2026-01-23 10:35:35,604 - INFO - [상태] 포지션: SHORT, 진입가: $89189.20, 현재가: $89721.90, 미실현PnL: $-159.81
2026-01-23 10:35:35,604 - INFO - [지표] ADX=nan, Bull=nan, Bear=nan
2026-01-23 10:40:35,645 - INFO - [상태] 포지션: SHORT, 진입가: $89189.20, 현재가: $89783.90, 미실현PnL: $-178.41
2026-01-23 10:40:35,645 - INFO - [지표] ADX=nan, Bull=nan, Bear=nan
2026-01-23 10:45:00,805 - INFO - [EMA] 증분계산: prev=89468.94, close=89781.6, new=89492.99
2026-01-23 10:45:00,815 - INFO - 15m | 01:30 | O:89653.7 H:89828.7 L:89600.1 C:89781.6
2026-01-23 10:45:00,815 - INFO - 지표: ADX=10.9, ATR=181.6, Bull=False, Bear=True
2026-01-23 10:45:35,688 - INFO - [상태] 포지션: SHORT, 진입가: $89189.20, 현재가: $89766.80, 미실현PnL: $-173.28
2026-01-23 10:45:35,689 - INFO - [지표] ADX=nan, Bull=nan, Bear=nan
2026-01-23 10:50:35,731 - INFO - [상태] 포지션: SHORT, 진입가: $89189.20, 현재가: $89778.50, 미실현PnL: $-176.79
2026-01-23 10:50:35,731 - INFO - [지표] ADX=nan, Bull=nan, Bear=nan
2026-01-23 10:55:35,773 - INFO - [상태] 포지션: SHORT, 진입가: $89189.20, 현재가: $89797.30, 미실현PnL: $-182.43
2026-01-23 10:55:35,773 - INFO - [지표] ADX=nan, Bull=nan, Bear=nan
2026-01-23 11:00:00,508 - INFO - [EMA] 증분계산: prev=89492.99, close=89893.7, new=89523.81
2026-01-23 11:00:00,515 - INFO - 15m | 01:45 | O:89781.5 H:89900.0 L:89726.7 C:89893.7
2026-01-23 11:00:00,515 - INFO - 지표: ADX=11.6, ATR=180.8, Bull=False, Bear=False
2026-01-23 11:00:35,816 - INFO - [상태] 포지션: SHORT, 진입가: $89189.20, 현재가: $89886.40, 미실현PnL: $-209.16
2026-01-23 11:00:35,816 - INFO - [지표] ADX=nan, Bull=nan, Bear=nan
2026-01-23 11:05:35,857 - INFO - [상태] 포지션: SHORT, 진입가: $89189.20, 현재가: $89811.70, 미실현PnL: $-186.75
2026-01-23 11:05:35,858 - INFO - [지표] ADX=nan, Bull=nan, Bear=nan
2026-01-23 11:10:35,899 - INFO - [상태] 포지션: SHORT, 진입가: $89189.20, 현재가: $89810.00, 미실현PnL: $-186.24
2026-01-23 11:10:35,899 - INFO - [지표] ADX=nan, Bull=nan, Bear=nan
2026-01-23 11:15:00,108 - INFO - [EMA] 증분계산: prev=89523.81, close=89905.0, new=89553.13
2026-01-23 11:15:00,114 - INFO - 15m | 02:00 | O:89893.7 H:89948.9 L:89751.3 C:89905.0
2026-01-23 11:15:00,114 - INFO - 지표: ADX=12.6, ATR=182.5, Bull=False, Bear=False
2026-01-23 11:15:35,939 - INFO - [상태] 포지션: SHORT, 진입가: $89189.20, 현재가: $89834.10, 미실현PnL: $-193.47
2026-01-23 11:15:35,940 - INFO - [지표] ADX=nan, Bull=nan, Bear=nan
2026-01-23 11:20:35,981 - INFO - [상태] 포지션: SHORT, 진입가: $89189.20, 현재가: $89819.40, 미실현PnL: $-189.06
2026-01-23 11:20:35,981 - INFO - [지표] ADX=nan, Bull=nan, Bear=nan
2026-01-23 11:25:36,023 - INFO - [상태] 포지션: SHORT, 진입가: $89189.20, 현재가: $89757.00, 미실현PnL: $-170.34
2026-01-23 11:25:36,023 - INFO - [지표] ADX=nan, Bull=nan, Bear=nan
2026-01-23 11:30:00,095 - INFO - [EMA] 증분계산: prev=89553.13, close=89722.0, new=89566.12
2026-01-23 11:30:00,104 - INFO - 15m | 02:15 | O:89905.0 H:89905.0 L:89683.0 C:89722.0
2026-01-23 11:30:00,104 - INFO - 지표: ADX=12.9, ATR=186.4, Bull=False, Bear=True
2026-01-23 11:30:36,131 - INFO - [상태] 포지션: SHORT, 진입가: $89189.20, 현재가: $89744.70, 미실현PnL: $-166.65
2026-01-23 11:30:36,131 - INFO - [지표] ADX=nan, Bull=nan, Bear=nan
2026-01-23 11:35:36,172 - INFO - [상태] 포지션: SHORT, 진입가: $89189.20, 현재가: $89779.40, 미실현PnL: $-177.06
2026-01-23 11:35:36,173 - INFO - [지표] ADX=nan, Bull=nan, Bear=nan
2026-01-23 11:40:36,215 - INFO - [상태] 포지션: SHORT, 진입가: $89189.20, 현재가: $89782.50, 미실현PnL: $-177.99
2026-01-23 11:40:36,216 - INFO - [지표] ADX=nan, Bull=nan, Bear=nan
2026-01-23 11:45:00,346 - INFO - [EMA] 증분계산: prev=89566.12, close=89740.7, new=89579.55
2026-01-23 11:45:00,353 - INFO - 15m | 02:30 | O:89722.0 H:89789.9 L:89701.0 C:89740.7
2026-01-23 11:45:00,353 - INFO - 지표: ADX=13.2, ATR=176.7, Bull=False, Bear=True
2026-01-23 11:45:36,256 - INFO - [상태] 포지션: SHORT, 진입가: $89189.20, 현재가: $89760.00, 미실현PnL: $-171.24
2026-01-23 11:45:36,256 - INFO - [지표] ADX=nan, Bull=nan, Bear=nan
2026-01-23 11:50:36,299 - INFO - [상태] 포지션: SHORT, 진입가: $89189.20, 현재가: $89696.20, 미실현PnL: $-152.10
2026-01-23 11:50:36,300 - INFO - [지표] ADX=nan, Bull=nan, Bear=nan
2026-01-23 11:55:36,341 - INFO - [상태] 포지션: SHORT, 진입가: $89189.20, 현재가: $89617.40, 미실현PnL: $-128.46
2026-01-23 11:55:36,342 - INFO - [지표] ADX=nan, Bull=nan, Bear=nan
2026-01-23 12:00:00,335 - INFO - [EMA] 증분계산: prev=89579.55, close=89611.2, new=89581.99
2026-01-23 12:00:00,345 - INFO - 15m | 02:45 | O:89740.8 H:89771.9 L:89605.0 C:89611.2
2026-01-23 12:00:00,345 - INFO - 지표: ADX=12.7, ATR=175.7, Bull=False, Bear=False
2026-01-23 12:00:36,384 - INFO - [상태] 포지션: SHORT, 진입가: $89189.20, 현재가: $89599.00, 미실현PnL: $-122.94
2026-01-23 12:00:36,384 - INFO - [지표] ADX=nan, Bull=nan, Bear=nan
2026-01-23 12:05:36,430 - INFO - [상태] 포지션: SHORT, 진입가: $89189.20, 현재가: $89660.00, 미실현PnL: $-141.24
2026-01-23 12:05:36,431 - INFO - [지표] ADX=nan, Bull=nan, Bear=nan
2026-01-23 12:10:36,472 - INFO - [상태] 포지션: SHORT, 진입가: $89189.20, 현재가: $89760.20, 미실현PnL: $-171.30
2026-01-23 12:10:36,473 - INFO - [지표] ADX=nan, Bull=nan, Bear=nan
2026-01-23 12:15:00,031 - INFO - [EMA] 증분계산: prev=89581.99, close=89768.3, new=89596.32
2026-01-23 12:15:00,040 - INFO - 15m | 03:00 | O:89611.3 H:89768.3 L:89590.5 C:89768.3
2026-01-23 12:15:00,040 - INFO - 지표: ADX=12.2, ATR=175.9, Bull=False, Bear=False
2026-01-23 12:15:36,513 - INFO - [상태] 포지션: SHORT, 진입가: $89189.20, 현재가: $89812.80, 미실현PnL: $-187.08
2026-01-23 12:15:36,513 - INFO - [지표] ADX=nan, Bull=nan, Bear=nan
2026-01-23 12:20:36,554 - INFO - [상태] 포지션: SHORT, 진입가: $89189.20, 현재가: $89815.50, 미실현PnL: $-187.89
2026-01-23 12:20:36,555 - INFO - [지표] ADX=nan, Bull=nan, Bear=nan
2026-01-23 12:25:36,597 - INFO - [상태] 포지션: SHORT, 진입가: $89189.20, 현재가: $89853.70, 미실현PnL: $-199.35
2026-01-23 12:25:36,597 - INFO - [지표] ADX=nan, Bull=nan, Bear=nan
2026-01-23 12:30:00,687 - INFO - [EMA] 증분계산: prev=89596.32, close=89851.0, new=89615.91
2026-01-23 12:30:00,693 - INFO - 15m | 03:15 | O:89768.2 H:89875.2 L:89755.5 C:89851.0
2026-01-23 12:30:00,693 - INFO - 지표: ADX=12.4, ATR=170.3, Bull=False, Bear=False
2026-01-23 12:30:36,639 - INFO - [상태] 포지션: SHORT, 진입가: $89189.20, 현재가: $89851.00, 미실현PnL: $-198.54
2026-01-23 12:30:36,640 - INFO - [지표] ADX=nan, Bull=nan, Bear=nan
2026-01-23 12:35:36,680 - INFO - [상태] 포지션: SHORT, 진입가: $89189.20, 현재가: $89800.00, 미실현PnL: $-183.24
2026-01-23 12:35:36,680 - INFO - [지표] ADX=nan, Bull=nan, Bear=nan
2026-01-23 12:40:36,721 - INFO - [상태] 포지션: SHORT, 진입가: $89189.20, 현재가: $89815.60, 미실현PnL: $-187.92
2026-01-23 12:40:36,721 - INFO - [지표] ADX=nan, Bull=nan, Bear=nan
2026-01-23 12:45:00,161 - INFO - [EMA] 증분계산: prev=89615.91, close=89850.0, new=89633.92
2026-01-23 12:45:00,170 - INFO - 15m | 03:30 | O:89851.0 H:89887.3 L:89757.3 C:89850.0
2026-01-23 12:45:00,170 - INFO - 지표: ADX=12.6, ATR=166.2, Bull=False, Bear=False
2026-01-23 12:45:36,762 - INFO - [상태] 포지션: SHORT, 진입가: $89189.20, 현재가: $89849.90, 미실현PnL: $-198.21
2026-01-23 12:45:36,762 - INFO - [지표] ADX=nan, Bull=nan, Bear=nan
2026-01-23 12:50:36,805 - INFO - [상태] 포지션: SHORT, 진입가: $89189.20, 현재가: $89849.50, 미실현PnL: $-198.09
2026-01-23 12:50:36,805 - INFO - [지표] ADX=nan, Bull=nan, Bear=nan
2026-01-23 12:55:36,847 - INFO - [상태] 포지션: SHORT, 진입가: $89189.20, 현재가: $89860.70, 미실현PnL: $-201.45
2026-01-23 12:55:36,848 - INFO - [지표] ADX=nan, Bull=nan, Bear=nan
2026-01-23 13:00:00,041 - INFO - [EMA] 증분계산: prev=89633.92, close=89886.1, new=89653.31
2026-01-23 13:00:00,050 - INFO - 15m | 03:45 | O:89850.0 H:89886.2 L:89814.4 C:89886.1
2026-01-23 13:00:00,050 - INFO - 지표: ADX=12.9, ATR=156.8, Bull=False, Bear=False
2026-01-23 13:00:36,891 - INFO - [상태] 포지션: SHORT, 진입가: $89189.20, 현재가: $89885.70, 미실현PnL: $-208.95
2026-01-23 13:00:36,891 - INFO - [지표] ADX=nan, Bull=nan, Bear=nan
2026-01-23 13:05:36,931 - INFO - [상태] 포지션: SHORT, 진입가: $89189.20, 현재가: $89838.30, 미실현PnL: $-194.73
2026-01-23 13:05:36,932 - INFO - [지표] ADX=nan, Bull=nan, Bear=nan
2026-01-23 13:10:37,053 - INFO - [상태] 포지션: SHORT, 진입가: $89189.20, 현재가: $89932.90, 미실현PnL: $-223.11
2026-01-23 13:10:37,053 - INFO - [지표] ADX=nan, Bull=nan, Bear=nan
2026-01-23 13:15:00,148 - INFO - [EMA] 증분계산: prev=89653.31, close=90034.6, new=89682.64
2026-01-23 13:15:00,155 - INFO - 15m | 04:00 | O:89886.2 H:90046.6 L:89835.4 C:90034.6
2026-01-23 13:15:00,155 - INFO - 지표: ADX=14.0, ATR=162.2, Bull=False, Bear=False
2026-01-23 13:15:37,094 - INFO - [상태] 포지션: SHORT, 진입가: $89189.20, 현재가: $90021.20, 미실현PnL: $-249.60
2026-01-23 13:15:37,094 - INFO - [지표] ADX=nan, Bull=nan, Bear=nan
2026-01-23 13:20:37,134 - INFO - [상태] 포지션: SHORT, 진입가: $89189.20, 현재가: $89935.20, 미실현PnL: $-223.80
2026-01-23 13:20:37,134 - INFO - [지표] ADX=nan, Bull=nan, Bear=nan
2026-01-23 13:25:37,175 - INFO - [상태] 포지션: SHORT, 진입가: $89189.20, 현재가: $89959.90, 미실현PnL: $-231.21
2026-01-23 13:25:37,175 - INFO - [지표] ADX=nan, Bull=nan, Bear=nan
2026-01-23 13:30:00,046 - INFO - [EMA] 증분계산: prev=89682.64, close=89939.5, new=89702.40
2026-01-23 13:30:00,053 - INFO - 15m | 04:15 | O:90034.6 H:90050.0 L:89914.8 C:89939.5
2026-01-23 13:30:00,053 - INFO - 지표: ADX=15.2, ATR=159.5, Bull=False, Bear=False
2026-01-23 13:30:37,217 - INFO - [상태] 포지션: SHORT, 진입가: $89189.20, 현재가: $89911.00, 미실현PnL: $-216.54
2026-01-23 13:30:37,217 - INFO - [지표] ADX=nan, Bull=nan, Bear=nan
2026-01-23 13:35:37,257 - INFO - [상태] 포지션: SHORT, 진입가: $89189.20, 현재가: $89973.70, 미실현PnL: $-235.35
2026-01-23 13:35:37,257 - INFO - [지표] ADX=nan, Bull=nan, Bear=nan
2026-01-23 13:40:37,301 - INFO - [상태] 포지션: SHORT, 진입가: $89189.20, 현재가: $89957.40, 미실현PnL: $-230.46
2026-01-23 13:40:37,301 - INFO - [지표] ADX=nan, Bull=nan, Bear=nan
2026-01-23 13:45:00,036 - INFO - [EMA] 증분계산: prev=89702.40, close=89935.9, new=89720.36
2026-01-23 13:45:00,043 - INFO - 15m | 04:30 | O:89939.4 H:90000.0 L:89870.0 C:89935.9
2026-01-23 13:45:00,043 - INFO - 지표: ADX=15.7, ATR=156.6, Bull=False, Bear=False
2026-01-23 13:45:37,342 - INFO - [상태] 포지션: SHORT, 진입가: $89189.20, 현재가: $89964.90, 미실현PnL: $-232.71
2026-01-23 13:45:37,343 - INFO - [지표] ADX=nan, Bull=nan, Bear=nan
2026-01-23 13:50:37,384 - INFO - [상태] 포지션: SHORT, 진입가: $89189.20, 현재가: $89941.30, 미실현PnL: $-225.63
2026-01-23 13:50:37,384 - INFO - [지표] ADX=nan, Bull=nan, Bear=nan
2026-01-23 13:55:37,424 - INFO - [상태] 포지션: SHORT, 진입가: $89189.20, 현재가: $89946.60, 미실현PnL: $-227.22
2026-01-23 13:55:37,425 - INFO - [지표] ADX=nan, Bull=nan, Bear=nan
2026-01-23 13:59:37,430 - INFO - 설정 파일 변경 감지, 리로드 완료
2026-01-23 14:00:00,381 - INFO - [EMA] 증분계산: prev=89720.36, close=89922.5, new=89735.91
2026-01-23 14:00:00,390 - INFO - 15m | 04:45 | O:89935.9 H:89994.6 L:89922.5 C:89922.5
2026-01-23 14:00:00,391 - INFO - 지표: ADX=16.3, ATR=148.1, Bull=False, Bear=False
2026-01-23 14:00:37,468 - INFO - [상태] 포지션: SHORT, 진입가: $89189.20, 현재가: $89918.70, 미실현PnL: $-218.85
2026-01-23 14:00:37,468 - INFO - [지표] ADX=nan, Bull=nan, Bear=nan
2026-01-23 14:05:37,512 - INFO - [상태] 포지션: SHORT, 진입가: $89189.20, 현재가: $89822.10, 미실현PnL: $-189.87
2026-01-23 14:05:37,513 - INFO - [지표] ADX=nan, Bull=nan, Bear=nan
2026-01-23 14:10:37,628 - INFO - [상태] 포지션: SHORT, 진입가: $89189.20, 현재가: $89844.80, 미실현PnL: $-196.68
2026-01-23 14:10:37,628 - INFO - [지표] ADX=nan, Bull=nan, Bear=nan
2026-01-23 14:15:00,096 - INFO - [EMA] 증분계산: prev=89735.91, close=89844.5, new=89744.27
2026-01-23 14:15:00,105 - INFO - 15m | 05:00 | O:89922.6 H:89928.3 L:89814.0 C:89844.5
2026-01-23 14:15:00,105 - INFO - 지표: ADX=15.7, ATR=144.8, Bull=False, Bear=False
2026-01-23 14:15:37,668 - INFO - [상태] 포지션: SHORT, 진입가: $89189.20, 현재가: $89825.90, 미실현PnL: $-191.01
2026-01-23 14:15:37,669 - INFO - [지표] ADX=nan, Bull=nan, Bear=nan
2026-01-23 14:20:37,708 - INFO - [상태] 포지션: SHORT, 진입가: $89189.20, 현재가: $89778.80, 미실현PnL: $-176.88
2026-01-23 14:20:37,708 - INFO - [지표] ADX=nan, Bull=nan, Bear=nan
2026-01-23 14:25:37,748 - INFO - [상태] 포지션: SHORT, 진입가: $89189.20, 현재가: $89560.70, 미실현PnL: $-111.45
2026-01-23 14:25:37,748 - INFO - [지표] ADX=nan, Bull=nan, Bear=nan
2026-01-23 14:30:00,042 - INFO - [EMA] 증분계산: prev=89744.27, close=89603.5, new=89733.44
2026-01-23 14:30:00,051 - INFO - 15m | 05:15 | O:89844.6 H:89844.6 L:89481.0 C:89603.5
2026-01-23 14:30:00,051 - INFO - 지표: ADX=16.2, ATR=166.6, Bull=False, Bear=False
2026-01-23 14:30:37,788 - INFO - [상태] 포지션: SHORT, 진입가: $89189.20, 현재가: $89583.70, 미실현PnL: $-118.35
2026-01-23 14:30:37,788 - INFO - [지표] ADX=nan, Bull=nan, Bear=nan
2026-01-23 14:35:37,828 - INFO - [상태] 포지션: SHORT, 진입가: $89189.20, 현재가: $89656.90, 미실현PnL: $-140.31
2026-01-23 14:35:37,828 - INFO - [지표] ADX=nan, Bull=nan, Bear=nan
2026-01-23 14:40:37,869 - INFO - [상태] 포지션: SHORT, 진입가: $89189.20, 현재가: $89606.00, 미실현PnL: $-125.04
2026-01-23 14:40:37,869 - INFO - [지표] ADX=nan, Bull=nan, Bear=nan
2026-01-23 14:45:00,141 - INFO - [EMA] 증분계산: prev=89733.44, close=89597.6, new=89722.99
2026-01-23 14:45:00,150 - INFO - 15m | 05:30 | O:89603.5 H:89663.2 L:89573.3 C:89597.6
2026-01-23 14:45:00,150 - INFO - 지표: ADX=16.7, ATR=159.0, Bull=False, Bear=False
2026-01-23 14:45:37,908 - INFO - [상태] 포지션: SHORT, 진입가: $89189.20, 현재가: $89580.00, 미실현PnL: $-117.24
2026-01-23 14:45:37,908 - INFO - [지표] ADX=nan, Bull=nan, Bear=nan
2026-01-23 14:50:37,948 - INFO - [상태] 포지션: SHORT, 진입가: $89189.20, 현재가: $89557.70, 미실현PnL: $-110.55
2026-01-23 14:50:37,949 - INFO - [지표] ADX=nan, Bull=nan, Bear=nan
2026-01-23 14:55:37,988 - INFO - [상태] 포지션: SHORT, 진입가: $89189.20, 현재가: $89504.00, 미실현PnL: $-94.44
2026-01-23 14:55:37,988 - INFO - [지표] ADX=nan, Bull=nan, Bear=nan
2026-01-23 15:00:00,081 - INFO - [EMA] 증분계산: prev=89722.99, close=89573.8, new=89711.51
2026-01-23 15:00:00,087 - INFO - 15m | 05:45 | O:89597.7 H:89640.2 L:89434.4 C:89573.8
2026-01-23 15:00:00,088 - INFO - 지표: ADX=17.8, ATR=163.6, Bull=False, Bear=False
2026-01-23 15:00:38,032 - INFO - [상태] 포지션: SHORT, 진입가: $89189.20, 현재가: $89600.00, 미실현PnL: $-123.24
2026-01-23 15:00:38,033 - INFO - [지표] ADX=nan, Bull=nan, Bear=nan
2026-01-23 15:05:38,072 - INFO - [상태] 포지션: SHORT, 진입가: $89189.20, 현재가: $89685.90, 미실현PnL: $-149.01
2026-01-23 15:05:38,072 - INFO - [지표] ADX=nan, Bull=nan, Bear=nan
2026-01-23 15:10:38,162 - INFO - [상태] 포지션: SHORT, 진입가: $89189.20, 현재가: $89693.70, 미실현PnL: $-151.35
2026-01-23 15:10:38,162 - INFO - [지표] ADX=nan, Bull=nan, Bear=nan
2026-01-23 15:15:00,529 - INFO - [EMA] 증분계산: prev=89711.51, close=89695.1, new=89710.25
2026-01-23 15:15:00,539 - INFO - 15m | 06:00 | O:89573.8 H:89771.1 L:89512.9 C:89695.1
2026-01-23 15:15:00,539 - INFO - 지표: ADX=17.8, ATR=173.1, Bull=False, Bear=False
2026-01-23 15:15:38,202 - INFO - [상태] 포지션: SHORT, 진입가: $89189.20, 현재가: $89667.10, 미실현PnL: $-143.37
2026-01-23 15:15:38,203 - INFO - [지표] ADX=nan, Bull=nan, Bear=nan
2026-01-23 15:20:38,242 - INFO - [상태] 포지션: SHORT, 진입가: $89189.20, 현재가: $89708.20, 미실현PnL: $-155.70
2026-01-23 15:20:38,243 - INFO - [지표] ADX=nan, Bull=nan, Bear=nan
2026-01-23 15:25:38,284 - INFO - [상태] 포지션: SHORT, 진입가: $89189.20, 현재가: $89565.40, 미실현PnL: $-112.86
2026-01-23 15:25:38,284 - INFO - [지표] ADX=nan, Bull=nan, Bear=nan
2026-01-23 15:30:00,067 - INFO - [EMA] 증분계산: prev=89710.25, close=89433.6, new=89688.97
2026-01-23 15:30:00,076 - INFO - 15m | 06:15 | O:89695.0 H:89724.4 L:89358.0 C:89433.6
2026-01-23 15:30:00,077 - INFO - 지표: ADX=18.5, ATR=192.4, Bull=False, Bear=False
2026-01-23 15:30:38,324 - INFO - [상태] 포지션: SHORT, 진입가: $89189.20, 현재가: $89459.00, 미실현PnL: $-80.94
2026-01-23 15:30:38,325 - INFO - [지표] ADX=nan, Bull=nan, Bear=nan
2026-01-23 15:35:38,365 - INFO - [상태] 포지션: SHORT, 진입가: $89189.20, 현재가: $89536.90, 미실현PnL: $-104.31
2026-01-23 15:35:38,365 - INFO - [지표] ADX=nan, Bull=nan, Bear=nan
2026-01-23 15:40:38,414 - INFO - [상태] 포지션: SHORT, 진입가: $89189.20, 현재가: $89554.20, 미실현PnL: $-109.50
2026-01-23 15:40:38,414 - INFO - [지표] ADX=nan, Bull=nan, Bear=nan
2026-01-23 15:45:00,235 - INFO - [EMA] 증분계산: prev=89688.97, close=89609.6, new=89682.86
2026-01-23 15:45:00,245 - INFO - 15m | 06:30 | O:89433.7 H:89628.1 L:89433.0 C:89609.6
2026-01-23 15:45:00,245 - INFO - 지표: ADX=19.1, ATR=192.7, Bull=False, Bear=False
2026-01-23 15:45:38,456 - INFO - [상태] 포지션: SHORT, 진입가: $89189.20, 현재가: $89595.70, 미실현PnL: $-121.95
2026-01-23 15:45:38,457 - INFO - [지표] ADX=nan, Bull=nan, Bear=nan
2026-01-23 15:50:38,498 - INFO - [상태] 포지션: SHORT, 진입가: $89189.20, 현재가: $89597.20, 미실현PnL: $-122.40
2026-01-23 15:50:38,498 - INFO - [지표] ADX=nan, Bull=nan, Bear=nan
2026-01-23 15:55:38,546 - INFO - [상태] 포지션: SHORT, 진입가: $89189.20, 현재가: $89480.10, 미실현PnL: $-87.27
2026-01-23 15:55:38,546 - INFO - [지표] ADX=nan, Bull=nan, Bear=nan
2026-01-23 16:00:00,078 - INFO - [EMA] 증분계산: prev=89682.86, close=89474.9, new=89666.87
2026-01-23 16:00:00,084 - INFO - 15m | 06:45 | O:89609.5 H:89624.6 L:89455.4 C:89474.9
2026-01-23 16:00:00,084 - INFO - 지표: ADX=19.7, ATR=190.3, Bull=False, Bear=False
2026-01-23 16:00:38,588 - INFO - [상태] 포지션: SHORT, 진입가: $89189.20, 현재가: $89500.00, 미실현PnL: $-93.24
2026-01-23 16:00:38,588 - INFO - [지표] ADX=nan, Bull=nan, Bear=nan
2026-01-23 16:05:38,630 - INFO - [상태] 포지션: SHORT, 진입가: $89189.20, 현재가: $89515.80, 미실현PnL: $-97.98
2026-01-23 16:05:38,630 - INFO - [지표] ADX=nan, Bull=nan, Bear=nan
2026-01-23 16:10:38,675 - INFO - [상태] 포지션: SHORT, 진입가: $89189.20, 현재가: $89462.60, 미실현PnL: $-82.02
2026-01-23 16:10:38,676 - INFO - [지표] ADX=nan, Bull=nan, Bear=nan
2026-01-23 16:15:00,061 - INFO - [EMA] 증분계산: prev=89666.87, close=89514.7, new=89655.16
2026-01-23 16:15:00,068 - INFO - 15m | 07:00 | O:89475.0 H:89532.0 L:89432.1 C:89514.7
2026-01-23 16:15:00,068 - INFO - 지표: ADX=20.4, ATR=181.3, Bull=False, Bear=False
2026-01-23 16:15:38,720 - INFO - [상태] 포지션: SHORT, 진입가: $89189.20, 현재가: $89526.60, 미실현PnL: $-101.22
2026-01-23 16:15:38,720 - INFO - [지표] ADX=nan, Bull=nan, Bear=nan
2026-01-23 16:20:38,761 - INFO - [상태] 포지션: SHORT, 진입가: $89189.20, 현재가: $89553.80, 미실현PnL: $-109.38
2026-01-23 16:20:38,761 - INFO - [지표] ADX=nan, Bull=nan, Bear=nan
2026-01-23 16:25:38,801 - INFO - [상태] 포지션: SHORT, 진입가: $89189.20, 현재가: $89638.10, 미실현PnL: $-134.67
2026-01-23 16:25:38,801 - INFO - [지표] ADX=nan, Bull=nan, Bear=nan
2026-01-23 16:30:00,028 - INFO - [EMA] 증분계산: prev=89655.16, close=89600.0, new=89650.92
2026-01-23 16:30:00,037 - INFO - 15m | 07:15 | O:89514.7 H:89653.5 L:89511.8 C:89600.0
2026-01-23 16:30:00,037 - INFO - 지표: ADX=20.0, ATR=177.3, Bull=False, Bear=False
2026-01-23 16:30:38,844 - INFO - [상태] 포지션: SHORT, 진입가: $89189.20, 현재가: $89572.90, 미실현PnL: $-115.11
2026-01-23 16:30:38,845 - INFO - [지표] ADX=nan, Bull=nan, Bear=nan
2026-01-23 16:35:38,887 - INFO - [상태] 포지션: SHORT, 진입가: $89189.20, 현재가: $89621.30, 미실현PnL: $-129.63
2026-01-23 16:35:38,888 - INFO - [지표] ADX=nan, Bull=nan, Bear=nan
2026-01-23 16:40:38,928 - INFO - [상태] 포지션: SHORT, 진입가: $89189.20, 현재가: $89558.90, 미실현PnL: $-110.91
2026-01-23 16:40:38,929 - INFO - [지표] ADX=nan, Bull=nan, Bear=nan
2026-01-23 16:45:00,062 - INFO - [EMA] 증분계산: prev=89650.92, close=89537.0, new=89642.16
2026-01-23 16:45:00,071 - INFO - 15m | 07:30 | O:89600.1 H:89640.8 L:89502.4 C:89537.0
2026-01-23 16:45:00,071 - INFO - 지표: ADX=19.7, ATR=173.4, Bull=False, Bear=False
2026-01-23 16:45:38,972 - INFO - [상태] 포지션: SHORT, 진입가: $89189.20, 현재가: $89487.60, 미실현PnL: $-89.52
2026-01-23 16:45:38,972 - INFO - [지표] ADX=nan, Bull=nan, Bear=nan
2026-01-23 16:50:39,017 - INFO - [상태] 포지션: SHORT, 진입가: $89189.20, 현재가: $89441.00, 미실현PnL: $-75.54
2026-01-23 16:50:39,017 - INFO - [지표] ADX=nan, Bull=nan, Bear=nan
2026-01-23 16:55:39,059 - INFO - [상태] 포지션: SHORT, 진입가: $89189.20, 현재가: $89511.90, 미실현PnL: $-96.81
2026-01-23 16:55:39,059 - INFO - [지표] ADX=nan, Bull=nan, Bear=nan
2026-01-23 17:00:01,881 - INFO - [EMA] 증분계산: prev=89642.16, close=89497.2, new=89631.00
2026-01-23 17:00:01,888 - INFO - 15m | 07:45 | O:89537.1 H:89576.7 L:89400.1 C:89497.2
2026-01-23 17:00:01,888 - INFO - 지표: ADX=20.0, ATR=173.8, Bull=False, Bear=False
2026-01-23 17:00:39,103 - INFO - [상태] 포지션: SHORT, 진입가: $89189.20, 현재가: $89489.70, 미실현PnL: $-90.15
2026-01-23 17:00:39,103 - INFO - [지표] ADX=nan, Bull=nan, Bear=nan
2026-01-23 17:05:39,144 - INFO - [상태] 포지션: SHORT, 진입가: $89189.20, 현재가: $89563.50, 미실현PnL: $-112.29
2026-01-23 17:05:39,145 - INFO - [지표] ADX=nan, Bull=nan, Bear=nan
2026-01-23 17:10:39,273 - INFO - [상태] 포지션: SHORT, 진입가: $89189.20, 현재가: $89544.10, 미실현PnL: $-106.47
2026-01-23 17:10:39,274 - INFO - [지표] ADX=nan, Bull=nan, Bear=nan
2026-01-23 17:15:00,646 - INFO - [EMA] 증분계산: prev=89631.00, close=89511.2, new=89621.79
2026-01-23 17:15:00,656 - INFO - 15m | 08:00 | O:89497.3 H:89590.9 L:89440.9 C:89511.2
2026-01-23 17:15:00,656 - INFO - 지표: ADX=20.2, ATR=171.4, Bull=False, Bear=False
2026-01-23 17:15:39,317 - INFO - [상태] 포지션: SHORT, 진입가: $89189.20, 현재가: $89513.30, 미실현PnL: $-97.23
2026-01-23 17:15:39,317 - INFO - [지표] ADX=nan, Bull=nan, Bear=nan
2026-01-23 17:20:39,360 - INFO - [상태] 포지션: SHORT, 진입가: $89189.20, 현재가: $89458.70, 미실현PnL: $-80.85
2026-01-23 17:20:39,360 - INFO - [지표] ADX=nan, Bull=nan, Bear=nan
2026-01-23 17:25:39,403 - INFO - [상태] 포지션: SHORT, 진입가: $89189.20, 현재가: $89445.90, 미실현PnL: $-77.01
2026-01-23 17:25:39,403 - INFO - [지표] ADX=nan, Bull=nan, Bear=nan
2026-01-23 17:30:00,355 - INFO - [EMA] 증분계산: prev=89621.79, close=89290.4, new=89596.30
2026-01-23 17:30:00,365 - INFO - 15m | 08:15 | O:89511.2 H:89529.4 L:89285.5 C:89290.4
2026-01-23 17:30:00,365 - INFO - 지표: ADX=21.1, ATR=178.6, Bull=False, Bear=True
2026-01-23 17:30:39,445 - INFO - [상태] 포지션: SHORT, 진입가: $89189.20, 현재가: $89324.90, 미실현PnL: $-40.71
2026-01-23 17:30:39,445 - INFO - [지표] ADX=nan, Bull=nan, Bear=nan
2026-01-23 17:35:39,487 - INFO - [상태] 포지션: SHORT, 진입가: $89189.20, 현재가: $89182.90, 미실현PnL: $1.89
2026-01-23 17:35:39,487 - INFO - [지표] ADX=nan, Bull=nan, Bear=nan
2026-01-23 17:40:39,528 - INFO - [상태] 포지션: SHORT, 진입가: $89189.20, 현재가: $89233.50, 미실현PnL: $-13.29
2026-01-23 17:40:39,529 - INFO - [지표] ADX=nan, Bull=nan, Bear=nan
2026-01-23 17:45:00,044 - INFO - [EMA] 증분계산: prev=89596.30, close=89318.8, new=89574.95
2026-01-23 17:45:00,054 - INFO - 15m | 08:30 | O:89290.3 H:89362.2 L:89099.0 C:89318.8
2026-01-23 17:45:00,054 - INFO - 지표: ADX=22.7, ATR=187.1, Bull=False, Bear=True
2026-01-23 17:45:39,568 - INFO - [상태] 포지션: SHORT, 진입가: $89189.20, 현재가: $89371.40, 미실현PnL: $-54.66
2026-01-23 17:45:39,568 - INFO - [지표] ADX=nan, Bull=nan, Bear=nan
2026-01-23 17:50:39,609 - INFO - [상태] 포지션: SHORT, 진입가: $89189.20, 현재가: $89239.20, 미실현PnL: $-15.00
2026-01-23 17:50:39,610 - INFO - [지표] ADX=nan, Bull=nan, Bear=nan
2026-01-23 17:55:39,653 - INFO - [상태] 포지션: SHORT, 진입가: $89189.20, 현재가: $89148.70, 미실현PnL: $12.15
2026-01-23 17:55:39,653 - INFO - [지표] ADX=nan, Bull=nan, Bear=nan
2026-01-23 18:00:00,155 - INFO - [EMA] 증분계산: prev=89574.95, close=89185.1, new=89544.96
2026-01-23 18:00:00,164 - INFO - 15m | 08:45 | O:89318.8 H:89387.9 L:89140.1 C:89185.1
2026-01-23 18:00:00,165 - INFO - 지표: ADX=24.0, ATR=193.2, Bull=False, Bear=True
2026-01-23 18:00:39,692 - INFO - [상태] 포지션: SHORT, 진입가: $89189.20, 현재가: $89165.30, 미실현PnL: $7.17
2026-01-23 18:00:39,693 - INFO - [지표] ADX=nan, Bull=nan, Bear=nan
2026-01-23 18:05:39,734 - INFO - [상태] 포지션: SHORT, 진입가: $89189.20, 현재가: $89313.50, 미실현PnL: $-37.29
2026-01-23 18:05:39,734 - INFO - [지표] ADX=nan, Bull=nan, Bear=nan
2026-01-23 18:10:39,789 - INFO - [상태] 포지션: SHORT, 진입가: $89189.20, 현재가: $89312.60, 미실현PnL: $-37.02
2026-01-23 18:10:39,790 - INFO - [지표] ADX=nan, Bull=nan, Bear=nan
2026-01-23 18:15:00,088 - INFO - [EMA] 증분계산: prev=89544.96, close=89191.9, new=89517.80
2026-01-23 18:15:00,097 - INFO - 15m | 09:00 | O:89185.1 H:89350.0 L:89164.2 C:89191.9
2026-01-23 18:15:00,097 - INFO - 지표: ADX=25.2, ATR=192.4, Bull=False, Bear=True
2026-01-23 18:15:39,833 - INFO - [상태] 포지션: SHORT, 진입가: $89189.20, 현재가: $89166.40, 미실현PnL: $6.84
2026-01-23 18:15:39,833 - INFO - [지표] ADX=nan, Bull=nan, Bear=nan
2026-01-23 18:20:39,875 - INFO - [상태] 포지션: SHORT, 진입가: $89189.20, 현재가: $89081.00, 미실현PnL: $32.46
2026-01-23 18:20:39,875 - INFO - [지표] ADX=nan, Bull=nan, Bear=nan
2026-01-23 18:25:39,916 - INFO - [상태] 포지션: SHORT, 진입가: $89189.20, 현재가: $89132.00, 미실현PnL: $17.16
2026-01-23 18:25:39,916 - INFO - [지표] ADX=nan, Bull=nan, Bear=nan
2026-01-23 18:30:00,031 - INFO - [EMA] 증분계산: prev=89517.80, close=89126.7, new=89487.72
2026-01-23 18:30:00,040 - INFO - 15m | 09:15 | O:89191.9 H:89192.0 L:88939.3 C:89126.7
2026-01-23 18:30:00,041 - INFO - 지표: ADX=27.1, ATR=198.5, Bull=False, Bear=True
2026-01-23 18:30:39,955 - INFO - [상태] 포지션: SHORT, 진입가: $89189.20, 현재가: $89115.60, 미실현PnL: $22.08
2026-01-23 18:30:39,956 - INFO - [지표] ADX=nan, Bull=nan, Bear=nan
2026-01-23 18:35:39,997 - INFO - [상태] 포지션: SHORT, 진입가: $89189.20, 현재가: $89018.60, 미실현PnL: $51.18
2026-01-23 18:35:39,997 - INFO - [지표] ADX=nan, Bull=nan, Bear=nan
2026-01-23 18:40:40,038 - INFO - [상태] 포지션: SHORT, 진입가: $89189.20, 현재가: $89070.90, 미실현PnL: $35.49
2026-01-23 18:40:40,038 - INFO - [지표] ADX=nan, Bull=nan, Bear=nan
2026-01-23 18:45:00,101 - INFO - [EMA] 증분계산: prev=89487.72, close=88979.1, new=89448.59
2026-01-23 18:45:00,108 - INFO - 15m | 09:30 | O:89127.0 H:89149.7 L:88931.8 C:88979.1
2026-01-23 18:45:00,108 - INFO - 지표: ADX=28.9, ATR=200.4, Bull=False, Bear=True
2026-01-23 18:45:40,081 - INFO - [상태] 포지션: SHORT, 진입가: $89189.20, 현재가: $88852.10, 미실현PnL: $101.13
2026-01-23 18:45:40,081 - INFO - [지표] ADX=nan, Bull=nan, Bear=nan
2026-01-23 18:50:40,127 - INFO - [상태] 포지션: SHORT, 진입가: $89189.20, 현재가: $88940.30, 미실현PnL: $74.67
2026-01-23 18:50:40,127 - INFO - [지표] ADX=nan, Bull=nan, Bear=nan
2026-01-23 18:55:40,167 - INFO - [상태] 포지션: SHORT, 진입가: $89189.20, 현재가: $88942.20, 미실현PnL: $74.10
2026-01-23 18:55:40,167 - INFO - [지표] ADX=nan, Bull=nan, Bear=nan
2026-01-23 19:00:00,074 - INFO - [EMA] 증분계산: prev=89448.59, close=88939.9, new=89409.46
2026-01-23 19:00:00,080 - INFO - 15m | 09:45 | O:88979.0 H:88980.2 L:88850.0 C:88939.9
2026-01-23 19:00:00,081 - INFO - 지표: ADX=30.8, ATR=193.4, Bull=False, Bear=True
2026-01-23 19:00:40,208 - INFO - [상태] 포지션: SHORT, 진입가: $89189.20, 현재가: $88929.20, 미실현PnL: $78.00
2026-01-23 19:00:40,208 - INFO - [지표] ADX=nan, Bull=nan, Bear=nan
2026-01-23 19:05:40,247 - INFO - [상태] 포지션: SHORT, 진입가: $89189.20, 현재가: $89014.10, 미실현PnL: $52.53
2026-01-23 19:05:40,247 - INFO - [지표] ADX=nan, Bull=nan, Bear=nan
2026-01-23 19:10:40,289 - INFO - [상태] 포지션: SHORT, 진입가: $89189.20, 현재가: $88934.40, 미실현PnL: $76.44
2026-01-23 19:10:40,289 - INFO - [지표] ADX=nan, Bull=nan, Bear=nan
2026-01-23 19:15:00,153 - INFO - [EMA] 증분계산: prev=89409.46, close=89020.8, new=89379.57
2026-01-23 19:15:00,162 - INFO - 15m | 10:00 | O:88940.0 H:89055.1 L:88823.3 C:89020.8
2026-01-23 19:15:00,162 - INFO - 지표: ADX=31.8, ATR=197.2, Bull=False, Bear=True
2026-01-23 19:15:40,332 - INFO - [상태] 포지션: SHORT, 진입가: $89189.20, 현재가: $88980.00, 미실현PnL: $62.76
2026-01-23 19:15:40,332 - INFO - [지표] ADX=nan, Bull=nan, Bear=nan
2026-01-23 19:20:40,373 - INFO - [상태] 포지션: SHORT, 진입가: $89189.20, 현재가: $89074.60, 미실현PnL: $34.38
2026-01-23 19:20:40,373 - INFO - [지표] ADX=nan, Bull=nan, Bear=nan
2026-01-23 19:25:40,414 - INFO - [상태] 포지션: SHORT, 진입가: $89189.20, 현재가: $89063.70, 미실현PnL: $37.65
2026-01-23 19:25:40,415 - INFO - [지표] ADX=nan, Bull=nan, Bear=nan
2026-01-23 19:30:00,069 - INFO - [EMA] 증분계산: prev=89379.57, close=89070.3, new=89355.78
2026-01-23 19:30:00,079 - INFO - 15m | 10:15 | O:89020.8 H:89100.0 L:88966.1 C:89070.3
2026-01-23 19:30:00,079 - INFO - 지표: ADX=32.4, ATR=190.9, Bull=False, Bear=True
2026-01-23 19:30:40,457 - INFO - [상태] 포지션: SHORT, 진입가: $89189.20, 현재가: $89060.10, 미실현PnL: $38.73
2026-01-23 19:30:40,457 - INFO - [지표] ADX=nan, Bull=nan, Bear=nan
2026-01-23 19:35:40,505 - INFO - [상태] 포지션: SHORT, 진입가: $89189.20, 현재가: $89032.60, 미실현PnL: $46.98
2026-01-23 19:35:40,506 - INFO - [지표] ADX=nan, Bull=nan, Bear=nan
2026-01-23 19:40:40,547 - INFO - [상태] 포지션: SHORT, 진입가: $89189.20, 현재가: $89032.60, 미실현PnL: $46.98
2026-01-23 19:40:40,547 - INFO - [지표] ADX=nan, Bull=nan, Bear=nan
2026-01-23 19:45:00,104 - INFO - [EMA] 증분계산: prev=89355.78, close=89081.6, new=89334.69
2026-01-23 19:45:00,114 - INFO - 15m | 10:30 | O:89070.3 H:89093.6 L:88944.0 C:89081.6
2026-01-23 19:45:00,114 - INFO - 지표: ADX=32.9, ATR=186.8, Bull=False, Bear=True
2026-01-23 19:45:40,588 - INFO - [상태] 포지션: SHORT, 진입가: $89189.20, 현재가: $89120.30, 미실현PnL: $20.67
2026-01-23 19:45:40,588 - INFO - [지표] ADX=nan, Bull=nan, Bear=nan
2026-01-23 19:50:40,628 - INFO - [상태] 포지션: SHORT, 진입가: $89189.20, 현재가: $89022.40, 미실현PnL: $50.04
2026-01-23 19:50:40,629 - INFO - [지표] ADX=nan, Bull=nan, Bear=nan
2026-01-23 19:55:40,672 - INFO - [상태] 포지션: SHORT, 진입가: $89189.20, 현재가: $89002.40, 미실현PnL: $56.04
2026-01-23 19:55:40,673 - INFO - [지표] ADX=nan, Bull=nan, Bear=nan
2026-01-23 20:00:00,376 - INFO - [EMA] 증분계산: prev=89334.69, close=89016.6, new=89310.22
2026-01-23 20:00:00,386 - INFO - 15m | 10:45 | O:89081.6 H:89120.3 L:88980.0 C:89016.6
2026-01-23 20:00:00,386 - INFO - 지표: ADX=33.2, ATR=182.1, Bull=False, Bear=True
2026-01-23 20:00:40,731 - INFO - [상태] 포지션: SHORT, 진입가: $89189.20, 현재가: $88972.30, 미실현PnL: $65.07
2026-01-23 20:00:40,732 - INFO - [지표] ADX=nan, Bull=nan, Bear=nan
2026-01-23 20:05:40,773 - INFO - [상태] 포지션: SHORT, 진입가: $89189.20, 현재가: $89097.50, 미실현PnL: $27.51
2026-01-23 20:05:40,773 - INFO - [지표] ADX=nan, Bull=nan, Bear=nan
2026-01-23 20:10:40,814 - INFO - [상태] 포지션: SHORT, 진입가: $89189.20, 현재가: $89149.90, 미실현PnL: $11.79
2026-01-23 20:10:40,814 - INFO - [지표] ADX=nan, Bull=nan, Bear=nan
2026-01-23 20:15:00,324 - INFO - [EMA] 증분계산: prev=89310.22, close=89182.3, new=89300.38
2026-01-23 20:15:00,334 - INFO - 15m | 11:00 | O:89016.6 H:89200.0 L:88966.7 C:89182.3
2026-01-23 20:15:00,334 - INFO - 지표: ADX=32.7, ATR=187.2, Bull=False, Bear=True
2026-01-23 20:15:40,853 - INFO - [상태] 포지션: SHORT, 진입가: $89189.20, 현재가: $89165.40, 미실현PnL: $7.14
2026-01-23 20:15:40,853 - INFO - [지표] ADX=nan, Bull=nan, Bear=nan
2026-01-23 20:20:40,895 - INFO - [상태] 포지션: SHORT, 진입가: $89189.20, 현재가: $89215.80, 미실현PnL: $-7.98
2026-01-23 20:20:40,896 - INFO - [지표] ADX=nan, Bull=nan, Bear=nan
2026-01-23 20:25:40,941 - INFO - [상태] 포지션: SHORT, 진입가: $89189.20, 현재가: $89189.40, 미실현PnL: $-0.06
2026-01-23 20:25:40,941 - INFO - [지표] ADX=nan, Bull=nan, Bear=nan
2026-01-23 20:30:01,211 - INFO - [EMA] 증분계산: prev=89300.38, close=89194.5, new=89292.23
2026-01-23 20:30:01,217 - INFO - 15m | 11:15 | O:89182.3 H:89240.8 L:89164.2 C:89194.5
2026-01-23 20:30:01,217 - INFO - 지표: ADX=31.8, ATR=176.2, Bull=False, Bear=True
2026-01-23 20:30:40,983 - INFO - [상태] 포지션: SHORT, 진입가: $89189.20, 현재가: $89200.00, 미실현PnL: $-3.24
2026-01-23 20:30:40,983 - INFO - [지표] ADX=nan, Bull=nan, Bear=nan
2026-01-23 20:35:41,024 - INFO - [상태] 포지션: SHORT, 진입가: $89189.20, 현재가: $89255.80, 미실현PnL: $-19.98
2026-01-23 20:35:41,024 - INFO - [지표] ADX=nan, Bull=nan, Bear=nan
2026-01-23 20:40:41,075 - INFO - [상태] 포지션: SHORT, 진입가: $89189.20, 현재가: $89242.20, 미실현PnL: $-15.90
2026-01-23 20:40:41,075 - INFO - [지표] ADX=nan, Bull=nan, Bear=nan
2026-01-23 20:45:00,818 - INFO - [EMA] 증분계산: prev=89292.23, close=89211.7, new=89286.04
2026-01-23 20:45:00,828 - INFO - 15m | 11:30 | O:89194.4 H:89319.0 L:89189.4 C:89211.7
2026-01-23 20:45:00,828 - INFO - 지표: ADX=30.2, ATR=171.5, Bull=False, Bear=True
2026-01-23 20:45:41,117 - INFO - [상태] 포지션: SHORT, 진입가: $89189.20, 현재가: $89219.90, 미실현PnL: $-9.21
2026-01-23 20:45:41,117 - INFO - [지표] ADX=nan, Bull=nan, Bear=nan
2026-01-23 20:50:41,162 - INFO - [상태] 포지션: SHORT, 진입가: $89189.20, 현재가: $89222.00, 미실현PnL: $-9.84
2026-01-23 20:50:41,162 - INFO - [지표] ADX=nan, Bull=nan, Bear=nan
2026-01-23 20:55:41,203 - INFO - [상태] 포지션: SHORT, 진입가: $89189.20, 현재가: $89209.10, 미실현PnL: $-5.97
2026-01-23 20:55:41,204 - INFO - [지표] ADX=nan, Bull=nan, Bear=nan
2026-01-23 21:00:01,248 - INFO - [EMA] 증분계산: prev=89286.04, close=89171.2, new=89277.21
2026-01-23 21:00:01,254 - INFO - 15m | 11:45 | O:89211.6 H:89248.6 L:89130.0 C:89171.2
2026-01-23 21:00:01,254 - INFO - 지표: ADX=29.2, ATR=166.2, Bull=False, Bear=True
2026-01-23 21:00:41,247 - INFO - [상태] 포지션: SHORT, 진입가: $89189.20, 현재가: $89154.10, 미실현PnL: $10.53
2026-01-23 21:00:41,248 - INFO - [지표] ADX=nan, Bull=nan, Bear=nan
2026-01-23 21:05:41,291 - INFO - [상태] 포지션: SHORT, 진입가: $89189.20, 현재가: $89201.30, 미실현PnL: $-3.63
2026-01-23 21:05:41,292 - INFO - [지표] ADX=nan, Bull=nan, Bear=nan
2026-01-23 21:10:41,332 - INFO - [상태] 포지션: SHORT, 진입가: $89189.20, 현재가: $89205.20, 미실현PnL: $-4.80
2026-01-23 21:10:41,332 - INFO - [지표] ADX=nan, Bull=nan, Bear=nan
2026-01-23 21:15:00,336 - INFO - [EMA] 증분계산: prev=89277.21, close=89120.0, new=89265.11
2026-01-23 21:15:00,342 - INFO - 15m | 12:00 | O:89171.3 H:89214.5 L:89120.0 C:89120.0
2026-01-23 21:15:00,342 - INFO - 지표: ADX=28.4, ATR=159.0, Bull=False, Bear=True
2026-01-23 21:15:41,374 - INFO - [상태] 포지션: SHORT, 진입가: $89189.20, 현재가: $89105.00, 미실현PnL: $25.26
2026-01-23 21:15:41,374 - INFO - [지표] ADX=nan, Bull=nan, Bear=nan
2026-01-23 21:20:41,416 - INFO - [상태] 포지션: SHORT, 진입가: $89189.20, 현재가: $89106.30, 미실현PnL: $24.87
2026-01-23 21:20:41,416 - INFO - [지표] ADX=nan, Bull=nan, Bear=nan
2026-01-23 21:25:41,458 - INFO - [상태] 포지션: SHORT, 진입가: $89189.20, 현재가: $89143.40, 미실현PnL: $13.74
2026-01-23 21:25:41,458 - INFO - [지표] ADX=nan, Bull=nan, Bear=nan
2026-01-23 21:30:00,131 - INFO - [EMA] 증분계산: prev=89265.11, close=89128.6, new=89254.61
2026-01-23 21:30:00,137 - INFO - 15m | 12:15 | O:89120.0 H:89151.6 L:89089.7 C:89128.6
2026-01-23 21:30:00,137 - INFO - 지표: ADX=27.7, ATR=149.3, Bull=False, Bear=True
2026-01-23 21:30:41,500 - INFO - [상태] 포지션: SHORT, 진입가: $89189.20, 현재가: $89149.30, 미실현PnL: $11.97
2026-01-23 21:30:41,500 - INFO - [지표] ADX=nan, Bull=nan, Bear=nan
2026-01-23 21:35:41,547 - INFO - [상태] 포지션: SHORT, 진입가: $89189.20, 현재가: $89082.80, 미실현PnL: $31.92
2026-01-23 21:35:41,547 - INFO - [지표] ADX=nan, Bull=nan, Bear=nan
2026-01-23 21:40:41,590 - INFO - [상태] 포지션: SHORT, 진입가: $89189.20, 현재가: $89144.40, 미실현PnL: $13.44
2026-01-23 21:40:41,590 - INFO - [지표] ADX=nan, Bull=nan, Bear=nan
2026-01-23 21:45:00,068 - INFO - [EMA] 증분계산: prev=89254.61, close=89207.7, new=89251.00
2026-01-23 21:45:00,077 - INFO - 15m | 12:30 | O:89128.7 H:89207.7 L:89056.6 C:89207.7
2026-01-23 21:45:00,078 - INFO - 지표: ADX=26.6, ATR=149.5, Bull=False, Bear=True
2026-01-23 21:45:41,631 - INFO - [상태] 포지션: SHORT, 진입가: $89189.20, 현재가: $89247.80, 미실현PnL: $-17.58
2026-01-23 21:45:41,632 - INFO - [지표] ADX=nan, Bull=nan, Bear=nan
2026-01-23 21:50:41,681 - INFO - [상태] 포지션: SHORT, 진입가: $89189.20, 현재가: $89285.60, 미실현PnL: $-28.92
2026-01-23 21:50:41,681 - INFO - [지표] ADX=nan, Bull=nan, Bear=nan
2026-01-23 21:55:41,724 - INFO - [상태] 포지션: SHORT, 진입가: $89189.20, 현재가: $89277.80, 미실현PnL: $-26.58
2026-01-23 21:55:41,725 - INFO - [지표] ADX=nan, Bull=nan, Bear=nan
2026-01-23 22:00:00,175 - INFO - [EMA] 증분계산: prev=89251.00, close=89220.0, new=89248.62
2026-01-23 22:00:00,181 - INFO - 15m | 12:45 | O:89207.6 H:89342.0 L:89207.6 C:89220.0
2026-01-23 22:00:00,181 - INFO - 지표: ADX=25.0, ATR=148.0, Bull=False, Bear=True
2026-01-23 22:00:41,765 - INFO - [상태] 포지션: SHORT, 진입가: $89189.20, 현재가: $89205.70, 미실현PnL: $-4.95
2026-01-23 22:00:41,766 - INFO - [지표] ADX=nan, Bull=nan, Bear=nan
2026-01-23 22:05:41,808 - INFO - [상태] 포지션: SHORT, 진입가: $89189.20, 현재가: $89263.50, 미실현PnL: $-22.29
2026-01-23 22:05:41,809 - INFO - [지표] ADX=nan, Bull=nan, Bear=nan
2026-01-23 22:10:41,853 - INFO - [상태] 포지션: SHORT, 진입가: $89189.20, 현재가: $89326.90, 미실현PnL: $-41.31
2026-01-23 22:10:41,853 - INFO - [지표] ADX=nan, Bull=nan, Bear=nan
2026-01-23 22:15:00,877 - INFO - [EMA] 증분계산: prev=89248.62, close=89365.9, new=89257.64
2026-01-23 22:15:00,886 - INFO - 15m | 13:00 | O:89220.0 H:89380.0 L:89189.8 C:89365.9
2026-01-23 22:15:00,887 - INFO - 지표: ADX=23.8, ATR=152.2, Bull=False, Bear=True
2026-01-23 22:15:41,893 - INFO - [상태] 포지션: SHORT, 진입가: $89189.20, 현재가: $89373.90, 미실현PnL: $-55.41
2026-01-23 22:15:41,893 - INFO - [지표] ADX=nan, Bull=nan, Bear=nan
2026-01-23 22:20:41,937 - INFO - [상태] 포지션: SHORT, 진입가: $89189.20, 현재가: $89390.20, 미실현PnL: $-60.30
2026-01-23 22:20:41,937 - INFO - [지표] ADX=nan, Bull=nan, Bear=nan
2026-01-23 22:25:41,985 - INFO - [상태] 포지션: SHORT, 진입가: $89189.20, 현재가: $89308.30, 미실현PnL: $-35.73
2026-01-23 22:25:41,985 - INFO - [지표] ADX=nan, Bull=nan, Bear=nan
2026-01-23 22:30:00,036 - INFO - [EMA] 증분계산: prev=89257.64, close=89222.9, new=89254.97
2026-01-23 22:30:00,042 - INFO - 15m | 13:15 | O:89365.8 H:89392.3 L:89222.9 C:89222.9
2026-01-23 22:30:00,042 - INFO - 지표: ADX=22.8, ATR=153.9, Bull=False, Bear=True
2026-01-23 22:30:42,026 - INFO - [상태] 포지션: SHORT, 진입가: $89189.20, 현재가: $89213.70, 미실현PnL: $-7.35
2026-01-23 22:30:42,026 - INFO - [지표] ADX=nan, Bull=nan, Bear=nan
2026-01-23 22:35:42,069 - INFO - [상태] 포지션: SHORT, 진입가: $89189.20, 현재가: $89245.40, 미실현PnL: $-16.86
2026-01-23 22:35:42,070 - INFO - [지표] ADX=nan, Bull=nan, Bear=nan
2026-01-23 22:40:42,111 - INFO - [상태] 포지션: SHORT, 진입가: $89189.20, 현재가: $89213.60, 미실현PnL: $-7.32
2026-01-23 22:40:42,111 - INFO - [지표] ADX=nan, Bull=nan, Bear=nan
2026-01-23 22:45:00,104 - INFO - [EMA] 증분계산: prev=89254.97, close=89318.7, new=89259.87
2026-01-23 22:45:00,113 - INFO - 15m | 13:30 | O:89223.0 H:89322.0 L:89202.1 C:89318.7
2026-01-23 22:45:00,113 - INFO - 지표: ADX=21.6, ATR=150.5, Bull=False, Bear=True
2026-01-23 22:45:42,153 - INFO - [상태] 포지션: SHORT, 진입가: $89189.20, 현재가: $89342.00, 미실현PnL: $-45.84
2026-01-23 22:45:42,153 - INFO - [지표] ADX=nan, Bull=nan, Bear=nan
2026-01-23 22:50:42,195 - INFO - [상태] 포지션: SHORT, 진입가: $89189.20, 현재가: $89287.50, 미실현PnL: $-29.49
2026-01-23 22:50:42,195 - INFO - [지표] ADX=nan, Bull=nan, Bear=nan
2026-01-23 22:55:42,238 - INFO - [상태] 포지션: SHORT, 진입가: $89189.20, 현재가: $89319.90, 미실현PnL: $-39.21
2026-01-23 22:55:42,239 - INFO - [지표] ADX=nan, Bull=nan, Bear=nan
2026-01-23 23:00:00,529 - INFO - [EMA] 증분계산: prev=89259.87, close=89310.6, new=89263.77
2026-01-23 23:00:00,539 - INFO - 15m | 13:45 | O:89318.8 H:89411.2 L:89265.3 C:89310.6
2026-01-23 23:00:00,539 - INFO - 지표: ADX=21.3, ATR=150.1, Bull=False, Bear=True
2026-01-23 23:00:42,283 - INFO - [상태] 포지션: SHORT, 진입가: $89189.20, 현재가: $89296.70, 미실현PnL: $-32.25
2026-01-23 23:00:42,283 - INFO - [지표] ADX=nan, Bull=nan, Bear=nan
2026-01-23 23:05:42,327 - INFO - [상태] 포지션: SHORT, 진입가: $89189.20, 현재가: $89393.40, 미실현PnL: $-61.26
2026-01-23 23:05:42,327 - INFO - [지표] ADX=nan, Bull=nan, Bear=nan
2026-01-23 23:10:42,371 - INFO - [상태] 포지션: SHORT, 진입가: $89189.20, 현재가: $89395.10, 미실현PnL: $-61.77
2026-01-23 23:10:42,371 - INFO - [지표] ADX=nan, Bull=nan, Bear=nan
2026-01-23 23:15:00,037 - INFO - [EMA] 증분계산: prev=89263.77, close=89409.0, new=89274.94
2026-01-23 23:15:00,046 - INFO - 15m | 14:00 | O:89310.5 H:89430.7 L:89206.9 C:89409.0
2026-01-23 23:15:00,046 - INFO - 지표: ADX=20.4, ATR=157.4, Bull=False, Bear=True
2026-01-23 23:15:42,413 - INFO - [상태] 포지션: SHORT, 진입가: $89189.20, 현재가: $89393.50, 미실현PnL: $-61.29
2026-01-23 23:15:42,413 - INFO - [지표] ADX=nan, Bull=nan, Bear=nan
2026-01-23 23:20:42,453 - INFO - [상태] 포지션: SHORT, 진입가: $89189.20, 현재가: $89407.90, 미실현PnL: $-65.61
2026-01-23 23:20:42,453 - INFO - [지표] ADX=nan, Bull=nan, Bear=nan
2026-01-23 23:25:42,493 - INFO - [상태] 포지션: SHORT, 진입가: $89189.20, 현재가: $89585.10, 미실현PnL: $-118.77
2026-01-23 23:25:42,494 - INFO - [지표] ADX=nan, Bull=nan, Bear=nan
2026-01-23 23:30:00,105 - INFO - [EMA] 증분계산: prev=89274.94, close=89638.2, new=89302.89
2026-01-23 23:30:00,115 - INFO - 15m | 14:15 | O:89409.0 H:89689.8 L:89378.1 C:89638.2
2026-01-23 23:30:00,115 - INFO - 지표: ADX=21.1, ATR=172.9, Bull=False, Bear=True
2026-01-23 23:30:42,535 - INFO - [상태] 포지션: SHORT, 진입가: $89189.20, 현재가: $89665.90, 미실현PnL: $-143.01
2026-01-23 23:30:42,535 - INFO - [지표] ADX=nan, Bull=nan, Bear=nan
2026-01-23 23:35:42,591 - INFO - [상태] 포지션: SHORT, 진입가: $89189.20, 현재가: $89055.00, 미실현PnL: $40.26
2026-01-23 23:35:42,591 - INFO - [지표] ADX=nan, Bull=nan, Bear=nan
2026-01-23 23:40:42,635 - INFO - [상태] 포지션: SHORT, 진입가: $89189.20, 현재가: $88762.30, 미실현PnL: $128.07
2026-01-23 23:40:42,636 - INFO - [지표] ADX=nan, Bull=nan, Bear=nan
2026-01-23 23:45:00,094 - INFO - [EMA] 증분계산: prev=89302.89, close=88926.1, new=89273.90
2026-01-23 23:45:00,104 - INFO - 15m | 14:30 | O:89638.2 H:89691.7 L:88590.6 C:88926.1
2026-01-23 23:45:00,104 - INFO - 지표: ADX=21.6, ATR=265.7, Bull=False, Bear=True
2026-01-23 23:45:42,677 - INFO - [상태] 포지션: SHORT, 진입가: $89189.20, 현재가: $88851.30, 미실현PnL: $101.37
2026-01-23 23:45:42,678 - INFO - [지표] ADX=nan, Bull=nan, Bear=nan
2026-01-23 23:50:42,727 - INFO - [상태] 포지션: SHORT, 진입가: $89189.20, 현재가: $88808.50, 미실현PnL: $114.21
2026-01-23 23:50:42,727 - INFO - [지표] ADX=nan, Bull=nan, Bear=nan
2026-01-23 23:55:42,769 - INFO - [상태] 포지션: SHORT, 진입가: $89189.20, 현재가: $88903.30, 미실현PnL: $85.77
2026-01-23 23:55:42,770 - INFO - [지표] ADX=nan, Bull=nan, Bear=nan
2026-01-24 00:00:00,030 - INFO - [EMA] 증분계산: prev=89273.90, close=88976.0, new=89250.99
2026-01-24 00:00:00,037 - INFO - 15m | 14:45 | O:88926.1 H:89099.1 L:88650.0 C:88976.0
2026-01-24 00:00:00,037 - INFO - 지표: ADX=22.0, ATR=284.0, Bull=False, Bear=True
2026-01-24 00:00:42,813 - INFO - [상태] 포지션: SHORT, 진입가: $89189.20, 현재가: $88981.30, 미실현PnL: $62.37
2026-01-24 00:00:42,813 - INFO - [지표] ADX=nan, Bull=nan, Bear=nan
2026-01-24 00:05:42,860 - INFO - [상태] 포지션: SHORT, 진입가: $89189.20, 현재가: $88911.00, 미실현PnL: $83.46
2026-01-24 00:05:42,860 - INFO - [지표] ADX=nan, Bull=nan, Bear=nan
2026-01-24 00:10:42,903 - INFO - [상태] 포지션: SHORT, 진입가: $89189.20, 현재가: $89068.00, 미실현PnL: $36.36
2026-01-24 00:10:42,903 - INFO - [지표] ADX=nan, Bull=nan, Bear=nan
2026-01-24 00:15:00,079 - INFO - [EMA] 증분계산: prev=89250.99, close=88783.2, new=89215.00
2026-01-24 00:15:00,086 - INFO - 15m | 15:00 | O:88976.0 H:89157.6 L:88725.7 C:88783.2
2026-01-24 00:15:00,086 - INFO - 지표: ADX=22.1, ATR=298.8, Bull=False, Bear=True
2026-01-24 00:15:42,945 - INFO - [상태] 포지션: SHORT, 진입가: $89189.20, 현재가: $88820.30, 미실현PnL: $110.67
2026-01-24 00:15:42,945 - INFO - [지표] ADX=nan, Bull=nan, Bear=nan
2026-01-24 00:20:42,993 - INFO - [상태] 포지션: SHORT, 진입가: $89189.20, 현재가: $88852.30, 미실현PnL: $101.07
2026-01-24 00:20:42,993 - INFO - [지표] ADX=nan, Bull=nan, Bear=nan
2026-01-24 00:25:43,033 - INFO - [상태] 포지션: SHORT, 진입가: $89189.20, 현재가: $89137.70, 미실현PnL: $15.45
2026-01-24 00:25:43,033 - INFO - [지표] ADX=nan, Bull=nan, Bear=nan
2026-01-24 00:30:00,076 - INFO - [EMA] 증분계산: prev=89215.00, close=88931.1, new=89193.17
2026-01-24 00:30:00,082 - INFO - 15m | 15:15 | O:88783.2 H:89250.0 L:88530.0 C:88931.1
2026-01-24 00:30:00,082 - INFO - 지표: ADX=22.8, ATR=340.9, Bull=False, Bear=True
2026-01-24 00:30:43,077 - INFO - [상태] 포지션: SHORT, 진입가: $89189.20, 현재가: $88911.50, 미실현PnL: $83.31
2026-01-24 00:30:43,077 - INFO - [지표] ADX=nan, Bull=nan, Bear=nan
2026-01-24 00:35:43,118 - INFO - [상태] 포지션: SHORT, 진입가: $89189.20, 현재가: $88915.80, 미실현PnL: $82.02
2026-01-24 00:35:43,118 - INFO - [지표] ADX=nan, Bull=nan, Bear=nan
2026-01-24 00:40:43,161 - INFO - [상태] 포지션: SHORT, 진입가: $89189.20, 현재가: $89184.80, 미실현PnL: $1.32
2026-01-24 00:40:43,162 - INFO - [지표] ADX=nan, Bull=nan, Bear=nan
2026-01-24 00:45:00,074 - INFO - [EMA] 증분계산: prev=89193.17, close=89219.5, new=89195.19
2026-01-24 00:45:00,084 - INFO - 15m | 15:30 | O:88931.1 H:89247.2 L:88884.0 C:89219.5
2026-01-24 00:45:00,084 - INFO - 지표: ADX=23.5, ATR=343.2, Bull=False, Bear=True
2026-01-24 00:45:43,203 - INFO - [상태] 포지션: SHORT, 진입가: $89189.20, 현재가: $89334.70, 미실현PnL: $-43.65
2026-01-24 00:45:43,204 - INFO - [지표] ADX=nan, Bull=nan, Bear=nan
2026-01-24 00:50:43,247 - INFO - [상태] 포지션: SHORT, 진입가: $89189.20, 현재가: $89605.00, 미실현PnL: $-124.74
2026-01-24 00:50:43,248 - INFO - [지표] ADX=nan, Bull=nan, Bear=nan
2026-01-24 00:55:43,292 - INFO - [상태] 포지션: SHORT, 진입가: $89189.20, 현재가: $89551.40, 미실현PnL: $-108.66
2026-01-24 00:55:43,292 - INFO - [지표] ADX=nan, Bull=nan, Bear=nan
2026-01-24 01:00:00,034 - INFO - [EMA] 증분계산: prev=89195.19, close=89711.2, new=89234.88
2026-01-24 01:00:00,044 - INFO - 15m | 15:45 | O:89219.5 H:89847.2 L:89212.4 C:89711.2
2026-01-24 01:00:00,044 - INFO - 지표: ADX=22.3, ATR=372.3, Bull=False, Bear=False
2026-01-24 01:00:43,335 - INFO - [상태] 포지션: SHORT, 진입가: $89189.20, 현재가: $89659.90, 미실현PnL: $-141.21
2026-01-24 01:00:43,335 - INFO - [지표] ADX=nan, Bull=nan, Bear=nan
2026-01-24 01:05:43,385 - INFO - [상태] 포지션: SHORT, 진입가: $89189.20, 현재가: $89874.70, 미실현PnL: $-205.65
2026-01-24 01:05:43,385 - INFO - [지표] ADX=nan, Bull=nan, Bear=nan
2026-01-24 01:10:43,429 - INFO - [상태] 포지션: SHORT, 진입가: $89189.20, 현재가: $89720.00, 미실현PnL: $-159.24
2026-01-24 01:10:43,429 - INFO - [지표] ADX=nan, Bull=nan, Bear=nan
2026-01-24 01:15:00,064 - INFO - [EMA] 증분계산: prev=89234.88, close=89709.7, new=89271.41
2026-01-24 01:15:00,070 - INFO - 15m | 16:00 | O:89711.2 H:89932.9 L:89600.0 C:89709.7
2026-01-24 01:15:00,070 - INFO - 지표: ADX=21.5, ATR=368.4, Bull=False, Bear=False
2026-01-24 01:15:43,474 - INFO - [상태] 포지션: SHORT, 진입가: $89189.20, 현재가: $89661.70, 미실현PnL: $-141.75
2026-01-24 01:15:43,474 - INFO - [지표] ADX=nan, Bull=nan, Bear=nan
2026-01-24 01:20:43,515 - INFO - [상태] 포지션: SHORT, 진입가: $89189.20, 현재가: $89639.90, 미실현PnL: $-135.21
2026-01-24 01:20:43,515 - INFO - [지표] ADX=nan, Bull=nan, Bear=nan
2026-01-24 01:25:43,558 - INFO - [상태] 포지션: SHORT, 진입가: $89189.20, 현재가: $89652.70, 미실현PnL: $-139.05
2026-01-24 01:25:43,558 - INFO - [지표] ADX=nan, Bull=nan, Bear=nan
2026-01-24 01:30:00,253 - INFO - [EMA] 증분계산: prev=89271.41, close=89528.5, new=89291.18
2026-01-24 01:30:00,263 - INFO - 15m | 16:15 | O:89709.7 H:89726.2 L:89466.6 C:89528.5
2026-01-24 01:30:00,263 - INFO - 지표: ADX=20.2, ATR=357.5, Bull=False, Bear=True
2026-01-24 01:30:43,601 - INFO - [상태] 포지션: SHORT, 진입가: $89189.20, 현재가: $89570.70, 미실현PnL: $-114.45
2026-01-24 01:30:43,602 - INFO - [지표] ADX=nan, Bull=nan, Bear=nan
2026-01-24 01:35:43,645 - INFO - [상태] 포지션: SHORT, 진입가: $89189.20, 현재가: $89831.60, 미실현PnL: $-192.72
2026-01-24 01:35:43,645 - INFO - [지표] ADX=nan, Bull=nan, Bear=nan
2026-01-24 01:40:43,687 - INFO - [상태] 포지션: SHORT, 진입가: $89189.20, 현재가: $90163.10, 미실현PnL: $-292.17
2026-01-24 01:40:43,687 - INFO - [지표] ADX=nan, Bull=nan, Bear=nan
2026-01-24 01:41:18,996 - WARNING - [LIVE] SL 체결 감지: $90309.50
2026-01-24 01:41:18,996 - WARNING - [LIVE] SL 청산: PnL=$-336.09, 수수료=$26.9248, 순익=$-363.01
2026-01-24 01:41:18,996 - WARNING - [LIVE] 자본금 업데이트: $5221.58 → $4858.57
2026-01-24 01:41:19,039 - INFO - 모든 대기 주문 취소 완료
2026-01-24 01:41:19,592 - WARNING - [자본금 동기화] 로컬: $4858.57 → 사용가능: $4897.66 (실제 잔고 $5441.84의 90%)
2026-01-24 01:41:19,592 - INFO - 거래 기록 저장: SL @ $90309.50
2026-01-24 01:45:00,145 - INFO - [EMA] 증분계산: prev=89291.18, close=90233.1, new=89363.64
2026-01-24 01:45:00,154 - INFO - 15m | 16:30 | O:89528.5 H:90400.0 L:89438.0 C:90233.1
2026-01-24 01:45:00,155 - INFO - 지표: ADX=20.9, ATR=418.0, Bull=False, Bear=False
2026-01-24 01:45:43,688 - INFO - [상태] 포지션 없음, 자본금: $4897.66
2026-01-24 01:45:43,688 - INFO - [지표] ADX=nan, Bull=nan, Bear=nan
2026-01-24 01:50:43,690 - INFO - [상태] 포지션 없음, 자본금: $4897.66
2026-01-24 01:50:43,691 - INFO - [지표] ADX=nan, Bull=nan, Bear=nan
2026-01-24 01:55:43,691 - INFO - [상태] 포지션 없음, 자본금: $4897.66
2026-01-24 01:55:43,691 - INFO - [지표] ADX=nan, Bull=nan, Bear=nan
2026-01-24 02:00:00,080 - INFO - [EMA] 증분계산: prev=89363.64, close=90079.0, new=89418.67
2026-01-24 02:00:00,087 - INFO - 15m | 16:45 | O:90233.0 H:90455.0 L:90066.9 C:90079.0
2026-01-24 02:00:00,087 - INFO - 지표: ADX=21.6, ATR=415.0, Bull=False, Bear=False
2026-01-24 02:00:43,693 - INFO - [상태] 포지션 없음, 자본금: $4897.66
2026-01-24 02:00:43,693 - INFO - [지표] ADX=nan, Bull=nan, Bear=nan
2026-01-24 02:05:43,693 - INFO - [상태] 포지션 없음, 자본금: $4897.66
2026-01-24 02:05:43,694 - INFO - [지표] ADX=nan, Bull=nan, Bear=nan
2026-01-24 02:10:43,694 - INFO - [상태] 포지션 없음, 자본금: $4897.66
2026-01-24 02:10:43,694 - INFO - [지표] ADX=nan, Bull=nan, Bear=nan
2026-01-24 02:15:00,148 - INFO - [EMA] 증분계산: prev=89418.67, close=90166.5, new=89476.19
2026-01-24 02:15:00,155 - INFO - 15m | 17:00 | O:90079.1 H:90166.5 L:89931.2 C:90166.5
2026-01-24 02:15:00,155 - INFO - 지표: ADX=21.8, ATR=397.0, Bull=False, Bear=False
2026-01-24 02:15:43,695 - INFO - [상태] 포지션 없음, 자본금: $4897.66
2026-01-24 02:15:43,695 - INFO - [지표] ADX=nan, Bull=nan, Bear=nan
2026-01-24 02:20:43,696 - INFO - [상태] 포지션 없음, 자본금: $4897.66
2026-01-24 02:20:43,697 - INFO - [지표] ADX=nan, Bull=nan, Bear=nan
2026-01-24 02:25:43,698 - INFO - [상태] 포지션 없음, 자본금: $4897.66
2026-01-24 02:25:43,699 - INFO - [지표] ADX=nan, Bull=nan, Bear=nan
2026-01-24 02:30:00,029 - INFO - [EMA] 증분계산: prev=89476.19, close=90945.1, new=89589.19
2026-01-24 02:30:00,038 - INFO - 15m | 17:15 | O:90166.6 H:90968.4 L:90166.6 C:90945.1
2026-01-24 02:30:00,038 - INFO - 지표: ADX=23.4, ATR=437.5, Bull=False, Bear=False
2026-01-24 02:30:43,700 - INFO - [상태] 포지션 없음, 자본금: $4897.66
2026-01-24 02:30:43,700 - INFO - [지표] ADX=nan, Bull=nan, Bear=nan
2026-01-24 02:35:43,701 - INFO - [상태] 포지션 없음, 자본금: $4897.66
2026-01-24 02:35:43,701 - INFO - [지표] ADX=nan, Bull=nan, Bear=nan
2026-01-24 02:40:43,702 - INFO - [상태] 포지션 없음, 자본금: $4897.66
2026-01-24 02:40:43,702 - INFO - [지표] ADX=nan, Bull=nan, Bear=nan
2026-01-24 02:45:00,092 - INFO - [EMA] 증분계산: prev=89589.19, close=90795.9, new=89682.01
2026-01-24 02:45:00,098 - INFO - 15m | 17:30 | O:90945.1 H:91195.0 L:90723.9 C:90795.9
2026-01-24 02:45:00,098 - INFO - 지표: ADX=25.2, ATR=440.9, Bull=False, Bear=False
2026-01-24 02:45:43,703 - INFO - [상태] 포지션 없음, 자본금: $4897.66
2026-01-24 02:45:43,704 - INFO - [지표] ADX=nan, Bull=nan, Bear=nan
2026-01-24 02:50:43,705 - INFO - [상태] 포지션 없음, 자본금: $4897.66
2026-01-24 02:50:43,706 - INFO - [지표] ADX=nan, Bull=nan, Bear=nan
2026-01-24 02:55:43,707 - INFO - [상태] 포지션 없음, 자본금: $4897.66
2026-01-24 02:55:43,707 - INFO - [지표] ADX=nan, Bull=nan, Bear=nan
2026-01-24 03:00:00,086 - INFO - [EMA] 증분계산: prev=89682.01, close=90576.0, new=89750.78
2026-01-24 03:00:00,093 - INFO - 15m | 17:45 | O:90796.0 H:91025.9 L:90517.5 C:90576.0
2026-01-24 03:00:00,093 - INFO - 지표: ADX=26.1, ATR=447.6, Bull=False, Bear=False
2026-01-24 03:00:43,709 - INFO - [상태] 포지션 없음, 자본금: $4897.66
2026-01-24 03:00:43,709 - INFO - [지표] ADX=nan, Bull=nan, Bear=nan
2026-01-24 03:05:43,712 - INFO - [상태] 포지션 없음, 자본금: $4897.66
2026-01-24 03:05:43,712 - INFO - [지표] ADX=nan, Bull=nan, Bear=nan
2026-01-24 03:10:43,713 - INFO - [상태] 포지션 없음, 자본금: $4897.66
2026-01-24 03:10:43,713 - INFO - [지표] ADX=nan, Bull=nan, Bear=nan
2026-01-24 03:15:00,035 - INFO - [EMA] 증분계산: prev=89750.78, close=90706.4, new=89824.29
2026-01-24 03:15:00,044 - INFO - 15m | 18:00 | O:90576.0 H:91003.5 L:90411.8 C:90706.4
2026-01-24 03:15:00,044 - INFO - 지표: ADX=26.6, ATR=462.0, Bull=False, Bear=False
2026-01-24 03:15:43,715 - INFO - [상태] 포지션 없음, 자본금: $4897.66
2026-01-24 03:15:43,715 - INFO - [지표] ADX=nan, Bull=nan, Bear=nan
2026-01-24 03:20:43,716 - INFO - [상태] 포지션 없음, 자본금: $4897.66
2026-01-24 03:20:43,716 - INFO - [지표] ADX=nan, Bull=nan, Bear=nan
2026-01-24 03:25:43,717 - INFO - [상태] 포지션 없음, 자본금: $4897.66
2026-01-24 03:25:43,718 - INFO - [지표] ADX=nan, Bull=nan, Bear=nan
2026-01-24 03:30:00,068 - INFO - [EMA] 증분계산: prev=89824.29, close=90828.6, new=89901.54
2026-01-24 03:30:00,078 - INFO - 15m | 18:15 | O:90706.5 H:90915.6 L:90596.9 C:90828.6
2026-01-24 03:30:00,078 - INFO - 지표: ADX=27.1, ATR=447.7, Bull=False, Bear=False
2026-01-24 03:30:43,718 - INFO - [상태] 포지션 없음, 자본금: $4897.66
2026-01-24 03:30:43,718 - INFO - [지표] ADX=nan, Bull=nan, Bear=nan
2026-01-24 03:35:43,719 - INFO - [상태] 포지션 없음, 자본금: $4897.66
2026-01-24 03:35:43,720 - INFO - [지표] ADX=nan, Bull=nan, Bear=nan
2026-01-24 03:40:43,722 - INFO - [상태] 포지션 없음, 자본금: $4897.66
2026-01-24 03:40:43,722 - INFO - [지표] ADX=nan, Bull=nan, Bear=nan
2026-01-24 03:45:00,134 - INFO - [EMA] 증분계산: prev=89901.54, close=90700.8, new=89963.02
2026-01-24 03:45:00,140 - INFO - 15m | 18:30 | O:90828.5 H:90986.0 L:90627.2 C:90700.8
2026-01-24 03:45:00,141 - INFO - 지표: ADX=27.6, ATR=438.8, Bull=False, Bear=False
2026-01-24 03:45:43,723 - INFO - [상태] 포지션 없음, 자본금: $4897.66
2026-01-24 03:45:43,724 - INFO - [지표] ADX=nan, Bull=nan, Bear=nan
2026-01-24 03:50:43,725 - INFO - [상태] 포지션 없음, 자본금: $4897.66
2026-01-24 03:50:43,725 - INFO - [지표] ADX=nan, Bull=nan, Bear=nan
2026-01-24 03:55:43,726 - INFO - [상태] 포지션 없음, 자본금: $4897.66
2026-01-24 03:55:43,726 - INFO - [지표] ADX=nan, Bull=nan, Bear=nan
2026-01-24 04:00:00,045 - INFO - [EMA] 증분계산: prev=89963.02, close=90486.3, new=90003.28
2026-01-24 04:00:00,055 - INFO - 15m | 18:45 | O:90700.9 H:90700.9 L:90447.0 C:90486.3
2026-01-24 04:00:00,055 - INFO - 지표: ADX=27.5, ATR=420.3, Bull=False, Bear=False
2026-01-24 04:00:43,727 - INFO - [상태] 포지션 없음, 자본금: $4897.66
2026-01-24 04:00:43,728 - INFO - [지표] ADX=nan, Bull=nan, Bear=nan
2026-01-24 04:05:43,729 - INFO - [상태] 포지션 없음, 자본금: $4897.66
2026-01-24 04:05:43,730 - INFO - [지표] ADX=nan, Bull=nan, Bear=nan
2026-01-24 04:10:43,731 - INFO - [상태] 포지션 없음, 자본금: $4897.66
2026-01-24 04:10:43,731 - INFO - [지표] ADX=nan, Bull=nan, Bear=nan
2026-01-24 04:15:00,082 - INFO - [EMA] 증분계산: prev=90003.28, close=90228.6, new=90020.61
2026-01-24 04:15:00,092 - INFO - 15m | 19:00 | O:90486.3 H:90499.5 L:90155.9 C:90228.6
2026-01-24 04:15:00,092 - INFO - 지표: ADX=26.3, ATR=412.6, Bull=False, Bear=False
2026-01-24 04:15:43,732 - INFO - [상태] 포지션 없음, 자본금: $4897.66
2026-01-24 04:15:43,732 - INFO - [지표] ADX=nan, Bull=nan, Bear=nan
2026-01-24 04:20:43,733 - INFO - [상태] 포지션 없음, 자본금: $4897.66
2026-01-24 04:20:43,734 - INFO - [지표] ADX=nan, Bull=nan, Bear=nan
2026-01-24 04:25:43,736 - INFO - [상태] 포지션 없음, 자본금: $4897.66
2026-01-24 04:25:43,736 - INFO - [지표] ADX=nan, Bull=nan, Bear=nan
2026-01-24 04:30:00,059 - INFO - [EMA] 증분계산: prev=90020.61, close=89796.0, new=90003.33
2026-01-24 04:30:00,065 - INFO - 15m | 19:15 | O:90228.6 H:90230.6 L:89681.5 C:89796.0
2026-01-24 04:30:00,065 - INFO - 지표: ADX=24.9, ATR=426.3, Bull=False, Bear=False
2026-01-24 04:30:43,737 - INFO - [상태] 포지션 없음, 자본금: $4897.66
2026-01-24 04:30:43,738 - INFO - [지표] ADX=nan, Bull=nan, Bear=nan
2026-01-24 04:35:43,739 - INFO - [상태] 포지션 없음, 자본금: $4897.66
2026-01-24 04:35:43,739 - INFO - [지표] ADX=nan, Bull=nan, Bear=nan
2026-01-24 04:40:43,740 - INFO - [상태] 포지션 없음, 자본금: $4897.66
2026-01-24 04:40:43,740 - INFO - [지표] ADX=nan, Bull=nan, Bear=nan
2026-01-24 04:45:00,078 - INFO - [EMA] 증분계산: prev=90003.33, close=89830.1, new=89990.01
2026-01-24 04:45:00,084 - INFO - 15m | 19:30 | O:89796.6 H:89845.9 L:89550.0 C:89830.1
2026-01-24 04:45:00,084 - INFO - 지표: ADX=23.9, ATR=413.2, Bull=False, Bear=False
2026-01-24 04:45:43,741 - INFO - [상태] 포지션 없음, 자본금: $4897.66
2026-01-24 04:45:43,741 - INFO - [지표] ADX=nan, Bull=nan, Bear=nan
2026-01-24 04:50:43,743 - INFO - [상태] 포지션 없음, 자본금: $4897.66
2026-01-24 04:50:43,743 - INFO - [지표] ADX=nan, Bull=nan, Bear=nan
2026-01-24 04:55:43,744 - INFO - [상태] 포지션 없음, 자본금: $4897.66
2026-01-24 04:55:43,744 - INFO - [지표] ADX=nan, Bull=nan, Bear=nan
2026-01-24 05:00:00,096 - INFO - [EMA] 증분계산: prev=89990.01, close=89938.3, new=89986.03
2026-01-24 05:00:00,105 - INFO - 15m | 19:45 | O:89830.1 H:89986.4 L:89679.1 C:89938.3
2026-01-24 05:00:00,105 - INFO - 지표: ADX=22.6, ATR=402.7, Bull=False, Bear=False
2026-01-24 05:00:43,746 - INFO - [상태] 포지션 없음, 자본금: $4897.66
2026-01-24 05:00:43,746 - INFO - [지표] ADX=nan, Bull=nan, Bear=nan
2026-01-24 05:05:43,747 - INFO - [상태] 포지션 없음, 자본금: $4897.66
2026-01-24 05:05:43,748 - INFO - [지표] ADX=nan, Bull=nan, Bear=nan
2026-01-24 05:10:43,750 - INFO - [상태] 포지션 없음, 자본금: $4897.66
2026-01-24 05:10:43,751 - INFO - [지표] ADX=nan, Bull=nan, Bear=nan
2026-01-24 05:15:00,175 - INFO - [EMA] 증분계산: prev=89986.03, close=90071.3, new=89992.59
2026-01-24 05:15:00,185 - INFO - 15m | 20:00 | O:89938.3 H:90124.1 L:89801.0 C:90071.3
2026-01-24 05:15:00,185 - INFO - 지표: ADX=21.0, ATR=394.7, Bull=False, Bear=False
2026-01-24 05:15:43,752 - INFO - [상태] 포지션 없음, 자본금: $4897.66
2026-01-24 05:15:43,752 - INFO - [지표] ADX=nan, Bull=nan, Bear=nan
2026-01-24 05:20:43,753 - INFO - [상태] 포지션 없음, 자본금: $4897.66
2026-01-24 05:20:43,753 - INFO - [지표] ADX=nan, Bull=nan, Bear=nan
2026-01-24 05:25:43,754 - INFO - [상태] 포지션 없음, 자본금: $4897.66
2026-01-24 05:25:43,754 - INFO - [지표] ADX=nan, Bull=nan, Bear=nan
2026-01-24 05:30:00,227 - INFO - [EMA] 증분계산: prev=89992.59, close=89765.1, new=89975.09
2026-01-24 05:30:00,237 - INFO - 15m | 20:15 | O:90071.3 H:90095.6 L:89762.7 C:89765.1
2026-01-24 05:30:00,237 - INFO - 지표: ADX=19.6, ATR=388.5, Bull=False, Bear=False
2026-01-24 05:30:43,755 - INFO - [상태] 포지션 없음, 자본금: $4897.66
2026-01-24 05:30:43,755 - INFO - [지표] ADX=nan, Bull=nan, Bear=nan
2026-01-24 05:35:43,756 - INFO - [상태] 포지션 없음, 자본금: $4897.66
2026-01-24 05:35:43,756 - INFO - [지표] ADX=nan, Bull=nan, Bear=nan
2026-01-24 05:40:43,757 - INFO - [상태] 포지션 없음, 자본금: $4897.66
2026-01-24 05:40:43,757 - INFO - [지표] ADX=nan, Bull=nan, Bear=nan
2026-01-24 05:45:00,086 - INFO - [EMA] 증분계산: prev=89975.09, close=89375.1, new=89928.94
2026-01-24 05:45:00,093 - INFO - 15m | 20:30 | O:89765.0 H:89765.0 L:89200.0 C:89375.1
2026-01-24 05:45:00,093 - INFO - 지표: ADX=19.6, ATR=406.2, Bull=False, Bear=False
2026-01-24 05:45:43,758 - INFO - [상태] 포지션 없음, 자본금: $4897.66
2026-01-24 05:45:43,759 - INFO - [지표] ADX=nan, Bull=nan, Bear=nan
2026-01-24 05:50:43,759 - INFO - [상태] 포지션 없음, 자본금: $4897.66
2026-01-24 05:50:43,759 - INFO - [지표] ADX=nan, Bull=nan, Bear=nan
2026-01-24 05:55:43,760 - INFO - [상태] 포지션 없음, 자본금: $4897.66
2026-01-24 05:55:43,760 - INFO - [지표] ADX=nan, Bull=nan, Bear=nan
2026-01-24 06:00:00,056 - INFO - [EMA] 증분계산: prev=89928.94, close=89456.4, new=89892.59
2026-01-24 06:00:00,066 - INFO - 15m | 20:45 | O:89375.0 H:89523.6 L:89163.6 C:89456.4
2026-01-24 06:00:00,066 - INFO - 지표: ADX=19.7, ATR=401.6, Bull=False, Bear=False
2026-01-24 06:00:43,761 - INFO - [상태] 포지션 없음, 자본금: $4897.66
2026-01-24 06:00:43,762 - INFO - [지표] ADX=nan, Bull=nan, Bear=nan
2026-01-24 06:05:43,763 - INFO - [상태] 포지션 없음, 자본금: $4897.66
2026-01-24 06:05:43,763 - INFO - [지표] ADX=nan, Bull=nan, Bear=nan
2026-01-24 06:10:43,765 - INFO - [상태] 포지션 없음, 자본금: $4897.66
2026-01-24 06:10:43,765 - INFO - [지표] ADX=nan, Bull=nan, Bear=nan
2026-01-24 06:15:00,059 - INFO - [EMA] 증분계산: prev=89892.59, close=89560.4, new=89867.03
2026-01-24 06:15:00,068 - INFO - 15m | 21:00 | O:89456.5 H:89667.5 L:89397.0 C:89560.4
2026-01-24 06:15:00,068 - INFO - 지표: ADX=19.4, ATR=388.5, Bull=False, Bear=False
2026-01-24 06:15:43,767 - INFO - [상태] 포지션 없음, 자본금: $4897.66
2026-01-24 06:15:43,767 - INFO - [지표] ADX=nan, Bull=nan, Bear=nan
2026-01-24 06:20:43,768 - INFO - [상태] 포지션 없음, 자본금: $4897.66
2026-01-24 06:20:43,769 - INFO - [지표] ADX=nan, Bull=nan, Bear=nan
2026-01-24 06:25:43,770 - INFO - [상태] 포지션 없음, 자본금: $4897.66
2026-01-24 06:25:43,770 - INFO - [지표] ADX=nan, Bull=nan, Bear=nan
2026-01-24 06:30:00,185 - INFO - [EMA] 증분계산: prev=89867.03, close=89550.1, new=89842.65
2026-01-24 06:30:00,195 - INFO - 15m | 21:15 | O:89560.5 H:89643.4 L:89436.7 C:89550.1
2026-01-24 06:30:00,195 - INFO - 지표: ADX=19.0, ATR=370.3, Bull=False, Bear=False
2026-01-24 06:30:43,772 - INFO - [상태] 포지션 없음, 자본금: $4897.66
2026-01-24 06:30:43,773 - INFO - [지표] ADX=nan, Bull=nan, Bear=nan
2026-01-24 06:35:43,773 - INFO - [상태] 포지션 없음, 자본금: $4897.66
2026-01-24 06:35:43,774 - INFO - [지표] ADX=nan, Bull=nan, Bear=nan
2026-01-24 06:40:43,774 - INFO - [상태] 포지션 없음, 자본금: $4897.66
2026-01-24 06:40:43,775 - INFO - [지표] ADX=nan, Bull=nan, Bear=nan
2026-01-24 06:45:00,143 - INFO - [EMA] 증분계산: prev=89842.65, close=89392.4, new=89808.02
2026-01-24 06:45:00,149 - INFO - 15m | 21:30 | O:89550.0 H:89579.5 L:89353.7 C:89392.4
2026-01-24 06:45:00,150 - INFO - 지표: ADX=18.9, ATR=355.8, Bull=False, Bear=False
2026-01-24 06:45:43,776 - INFO - [상태] 포지션 없음, 자본금: $4897.66
2026-01-24 06:45:43,776 - INFO - [지표] ADX=nan, Bull=nan, Bear=nan
2026-01-24 06:50:43,777 - INFO - [상태] 포지션 없음, 자본금: $4897.66
2026-01-24 06:50:43,777 - INFO - [지표] ADX=nan, Bull=nan, Bear=nan
2026-01-24 06:55:43,778 - INFO - [상태] 포지션 없음, 자본금: $4897.66
2026-01-24 06:55:43,779 - INFO - [지표] ADX=nan, Bull=nan, Bear=nan
2026-01-24 07:00:00,086 - INFO - [EMA] 증분계산: prev=89808.02, close=89301.2, new=89769.03
2026-01-24 07:00:00,095 - INFO - 15m | 21:45 | O:89392.5 H:89435.3 L:89268.0 C:89301.2
2026-01-24 07:00:00,096 - INFO - 지표: ADX=19.0, ATR=337.0, Bull=False, Bear=False
2026-01-24 07:00:43,779 - INFO - [상태] 포지션 없음, 자본금: $4897.66
2026-01-24 07:00:43,779 - INFO - [지표] ADX=nan, Bull=nan, Bear=nan
2026-01-24 07:05:43,781 - INFO - [상태] 포지션 없음, 자본금: $4897.66
2026-01-24 07:05:43,781 - INFO - [지표] ADX=nan, Bull=nan, Bear=nan
2026-01-24 07:10:43,783 - INFO - [상태] 포지션 없음, 자본금: $4897.66
2026-01-24 07:10:43,783 - INFO - [지표] ADX=nan, Bull=nan, Bear=nan
2026-01-24 07:15:00,484 - INFO - [EMA] 증분계산: prev=89769.03, close=89583.1, new=89754.73
2026-01-24 07:15:00,493 - INFO - 15m | 22:00 | O:89301.2 H:89719.1 L:89289.0 C:89583.1
2026-01-24 07:15:00,493 - INFO - 지표: ADX=18.2, ATR=346.3, Bull=False, Bear=False
2026-01-24 07:15:43,784 - INFO - [상태] 포지션 없음, 자본금: $4897.66
2026-01-24 07:15:43,785 - INFO - [지표] ADX=nan, Bull=nan, Bear=nan
2026-01-24 07:20:43,785 - INFO - [상태] 포지션 없음, 자본금: $4897.66
2026-01-24 07:20:43,786 - INFO - [지표] ADX=nan, Bull=nan, Bear=nan
2026-01-24 07:25:43,787 - INFO - [상태] 포지션 없음, 자본금: $4897.66
2026-01-24 07:25:43,788 - INFO - [지표] ADX=nan, Bull=nan, Bear=nan
2026-01-24 07:30:00,535 - INFO - [EMA] 증분계산: prev=89754.73, close=89664.5, new=89747.79
2026-01-24 07:30:00,542 - INFO - 15m | 22:15 | O:89583.1 H:89706.1 L:89547.9 C:89664.5
2026-01-24 07:30:00,542 - INFO - 지표: ADX=17.4, ATR=327.5, Bull=False, Bear=False
2026-01-24 07:30:43,789 - INFO - [상태] 포지션 없음, 자본금: $4897.66
2026-01-24 07:30:43,790 - INFO - [지표] ADX=nan, Bull=nan, Bear=nan
2026-01-24 07:35:43,791 - INFO - [상태] 포지션 없음, 자본금: $4897.66
2026-01-24 07:35:43,791 - INFO - [지표] ADX=nan, Bull=nan, Bear=nan
2026-01-24 07:40:43,792 - INFO - [상태] 포지션 없음, 자본금: $4897.66
2026-01-24 07:40:43,792 - INFO - [지표] ADX=nan, Bull=nan, Bear=nan
2026-01-24 07:45:00,862 - INFO - [EMA] 증분계산: prev=89747.79, close=89541.2, new=89731.90
2026-01-24 07:45:00,872 - INFO - 15m | 22:30 | O:89664.4 H:89704.1 L:89541.2 C:89541.2
2026-01-24 07:45:00,872 - INFO - 지표: ADX=16.6, ATR=311.0, Bull=False, Bear=False
2026-01-24 07:45:43,794 - INFO - [상태] 포지션 없음, 자본금: $4897.66
2026-01-24 07:45:43,794 - INFO - [지표] ADX=nan, Bull=nan, Bear=nan
2026-01-24 07:50:43,796 - INFO - [상태] 포지션 없음, 자본금: $4897.66
2026-01-24 07:50:43,797 - INFO - [지표] ADX=nan, Bull=nan, Bear=nan
2026-01-24 07:55:43,798 - INFO - [상태] 포지션 없음, 자본금: $4897.66
2026-01-24 07:55:43,798 - INFO - [지표] ADX=nan, Bull=nan, Bear=nan
2026-01-24 08:00:00,089 - INFO - [EMA] 증분계산: prev=89731.90, close=89585.3, new=89720.62
2026-01-24 08:00:00,096 - INFO - 15m | 22:45 | O:89541.3 H:89613.6 L:89508.5 C:89585.3
2026-01-24 08:00:00,096 - INFO - 지표: ADX=16.0, ATR=290.4, Bull=False, Bear=False
2026-01-24 08:00:43,800 - INFO - [상태] 포지션 없음, 자본금: $4897.66
2026-01-24 08:00:43,801 - INFO - [지표] ADX=nan, Bull=nan, Bear=nan
2026-01-24 08:05:43,803 - INFO - [상태] 포지션 없음, 자본금: $4897.66
2026-01-24 08:05:43,803 - INFO - [지표] ADX=nan, Bull=nan, Bear=nan
2026-01-24 08:10:43,805 - INFO - [상태] 포지션 없음, 자본금: $4897.66
2026-01-24 08:10:43,805 - INFO - [지표] ADX=nan, Bull=nan, Bear=nan
2026-01-24 08:15:00,144 - INFO - [EMA] 증분계산: prev=89720.62, close=89534.6, new=89706.31
2026-01-24 08:15:00,153 - INFO - 15m | 23:00 | O:89585.4 H:89585.4 L:89476.6 C:89534.6
2026-01-24 08:15:00,154 - INFO - 지표: ADX=15.6, ATR=272.3, Bull=False, Bear=False
2026-01-24 08:15:43,807 - INFO - [상태] 포지션 없음, 자본금: $4897.66
2026-01-24 08:15:43,807 - INFO - [지표] ADX=nan, Bull=nan, Bear=nan
2026-01-24 08:20:43,808 - INFO - [상태] 포지션 없음, 자본금: $4897.66
2026-01-24 08:20:43,808 - INFO - [지표] ADX=nan, Bull=nan, Bear=nan
2026-01-24 08:25:43,809 - INFO - [상태] 포지션 없음, 자본금: $4897.66
2026-01-24 08:25:43,809 - INFO - [지표] ADX=nan, Bull=nan, Bear=nan
2026-01-24 08:30:01,137 - INFO - [EMA] 증분계산: prev=89706.31, close=89520.1, new=89691.99
2026-01-24 08:30:01,146 - INFO - 15m | 23:15 | O:89534.5 H:89550.0 L:89459.0 C:89520.1
2026-01-24 08:30:01,146 - INFO - 지표: ADX=15.3, ATR=254.1, Bull=False, Bear=False
2026-01-24 08:30:43,811 - INFO - [상태] 포지션 없음, 자본금: $4897.66
2026-01-24 08:30:43,811 - INFO - [지표] ADX=nan, Bull=nan, Bear=nan
2026-01-24 08:35:43,812 - INFO - [상태] 포지션 없음, 자본금: $4897.66
2026-01-24 08:35:43,812 - INFO - [지표] ADX=nan, Bull=nan, Bear=nan
2026-01-24 08:40:43,816 - INFO - [상태] 포지션 없음, 자본금: $4897.66
2026-01-24 08:40:43,816 - INFO - [지표] ADX=nan, Bull=nan, Bear=nan
2026-01-24 08:45:00,096 - INFO - [EMA] 증분계산: prev=89691.99, close=89476.2, new=89675.39
2026-01-24 08:45:00,106 - INFO - 15m | 23:30 | O:89520.1 H:89540.8 L:89471.5 C:89476.2
2026-01-24 08:45:00,106 - INFO - 지표: ADX=15.0, ATR=235.7, Bull=False, Bear=False
2026-01-24 08:45:43,817 - INFO - [상태] 포지션 없음, 자본금: $4897.66
2026-01-24 08:45:43,818 - INFO - [지표] ADX=nan, Bull=nan, Bear=nan
2026-01-24 08:50:43,819 - INFO - [상태] 포지션 없음, 자본금: $4897.66
2026-01-24 08:50:43,819 - INFO - [지표] ADX=nan, Bull=nan, Bear=nan
2026-01-24 08:55:43,820 - INFO - [상태] 포지션 없음, 자본금: $4897.66
2026-01-24 08:55:43,820 - INFO - [지표] ADX=nan, Bull=nan, Bear=nan
