2026-01-24 09:00:00,036 - INFO - === 로그 파일 시작: logs/hyper_usdt_2026-01-24.log ===
2026-01-24 09:00:00,036 - INFO - [EMA] 증분계산: prev=89675.39, close=89558.7, new=89666.41
2026-01-24 09:00:00,043 - INFO - 15m | 23:45 | O:89476.2 H:89595.7 L:89427.5 C:89558.7
2026-01-24 09:00:00,043 - INFO - 지표: ADX=14.4, ATR=228.9, Bull=False, Bear=False
2026-01-24 09:00:43,823 - INFO - [상태] 포지션 없음, 자본금: $4897.66
2026-01-24 09:00:43,824 - INFO - [지표] ADX=nan, Bull=nan, Bear=nan
2026-01-24 09:05:43,825 - INFO - [상태] 포지션 없음, 자본금: $4897.66
2026-01-24 09:05:43,826 - INFO - [지표] ADX=nan, Bull=nan, Bear=nan
2026-01-24 09:10:43,827 - INFO - [상태] 포지션 없음, 자본금: $4897.66
2026-01-24 09:10:43,827 - INFO - [지표] ADX=nan, Bull=nan, Bear=nan
2026-01-24 09:15:00,180 - INFO - [EMA] 증분계산: prev=89666.41, close=89467.8, new=89651.14
2026-01-24 09:15:00,190 - INFO - 15m | 00:00 | O:89558.7 H:89591.0 L:89467.8 C:89467.8
2026-01-24 09:15:00,190 - INFO - 지표: ADX=13.9, ATR=218.3, Bull=False, Bear=False
2026-01-24 09:15:43,828 - INFO - [상태] 포지션 없음, 자본금: $4897.66
2026-01-24 09:15:43,829 - INFO - [지표] ADX=nan, Bull=nan, Bear=nan
2026-01-24 09:20:43,831 - INFO - [상태] 포지션 없음, 자본금: $4897.66
2026-01-24 09:20:43,831 - INFO - [지표] ADX=nan, Bull=nan, Bear=nan
2026-01-24 09:25:43,832 - INFO - [상태] 포지션 없음, 자본금: $4897.66
2026-01-24 09:25:43,832 - INFO - [지표] ADX=nan, Bull=nan, Bear=nan
2026-01-24 09:30:00,134 - INFO - [EMA] 증분계산: prev=89651.14, close=89420.5, new=89633.39
2026-01-24 09:30:00,144 - INFO - 15m | 00:15 | O:89467.9 H:89532.9 L:89420.4 C:89420.5
2026-01-24 09:30:00,144 - INFO - 지표: ADX=13.6, ATR=207.8, Bull=False, Bear=False
2026-01-24 09:30:43,834 - INFO - [상태] 포지션 없음, 자본금: $4897.66
2026-01-24 09:30:43,834 - INFO - [지표] ADX=nan, Bull=nan, Bear=nan
2026-01-24 09:35:43,835 - INFO - [상태] 포지션 없음, 자본금: $4897.66
2026-01-24 09:35:43,835 - INFO - [지표] ADX=nan, Bull=nan, Bear=nan
2026-01-24 09:40:43,836 - INFO - [상태] 포지션 없음, 자본금: $4897.66
2026-01-24 09:40:43,837 - INFO - [지표] ADX=nan, Bull=nan, Bear=nan
2026-01-24 09:45:00,118 - INFO - [EMA] 증분계산: prev=89633.39, close=89440.2, new=89618.53
2026-01-24 09:45:00,128 - INFO - 15m | 00:30 | O:89420.4 H:89514.4 L:89415.1 C:89440.2
2026-01-24 09:45:00,128 - INFO - 지표: ADX=13.4, ATR=196.9, Bull=False, Bear=False
2026-01-24 09:45:43,837 - INFO - [상태] 포지션 없음, 자본금: $4897.66
2026-01-24 09:45:43,838 - INFO - [지표] ADX=nan, Bull=nan, Bear=nan
2026-01-24 09:50:43,840 - INFO - [상태] 포지션 없음, 자본금: $4897.66
2026-01-24 09:50:43,840 - INFO - [지표] ADX=nan, Bull=nan, Bear=nan
2026-01-24 09:55:43,842 - INFO - [상태] 포지션 없음, 자본금: $4897.66
2026-01-24 09:55:43,842 - INFO - [지표] ADX=nan, Bull=nan, Bear=nan
2026-01-24 10:00:00,059 - INFO - [EMA] 증분계산: prev=89618.53, close=89414.2, new=89602.81
2026-01-24 10:00:00,069 - INFO - 15m | 00:45 | O:89440.1 H:89448.3 L:89383.5 C:89414.2
2026-01-24 10:00:00,069 - INFO - 지표: ADX=13.4, ATR=183.7, Bull=False, Bear=True
2026-01-24 10:00:43,843 - INFO - [상태] 포지션 없음, 자본금: $4897.66
2026-01-24 10:00:43,843 - INFO - [지표] ADX=nan, Bull=nan, Bear=nan
2026-01-24 10:05:43,845 - INFO - [상태] 포지션 없음, 자본금: $4897.66
2026-01-24 10:05:43,845 - INFO - [지표] ADX=nan, Bull=nan, Bear=nan
2026-01-24 10:10:43,847 - INFO - [상태] 포지션 없음, 자본금: $4897.66
2026-01-24 10:10:43,848 - INFO - [지표] ADX=nan, Bull=nan, Bear=nan
2026-01-24 10:15:00,264 - INFO - [EMA] 증분계산: prev=89602.81, close=89477.6, new=89593.18
2026-01-24 10:15:00,270 - INFO - 15m | 01:00 | O:89414.2 H:89481.9 L:89410.6 C:89477.6
2026-01-24 10:15:00,270 - INFO - 지표: ADX=13.1, ATR=172.5, Bull=False, Bear=True
2026-01-24 10:15:43,849 - INFO - [상태] 포지션 없음, 자본금: $4897.66
2026-01-24 10:15:43,849 - INFO - [지표] ADX=nan, Bull=nan, Bear=nan
2026-01-24 10:20:43,851 - INFO - [상태] 포지션 없음, 자본금: $4897.66
2026-01-24 10:20:43,851 - INFO - [지표] ADX=nan, Bull=nan, Bear=nan
2026-01-24 10:25:43,852 - INFO - [상태] 포지션 없음, 자본금: $4897.66
2026-01-24 10:25:43,853 - INFO - [지표] ADX=nan, Bull=nan, Bear=nan
2026-01-24 10:30:00,077 - INFO - [EMA] 증분계산: prev=89593.18, close=89535.2, new=89588.72
2026-01-24 10:30:00,086 - INFO - 15m | 01:15 | O:89477.5 H:89553.6 L:89457.0 C:89535.2
2026-01-24 10:30:00,086 - INFO - 지표: ADX=12.4, ATR=164.9, Bull=False, Bear=True
2026-01-24 10:30:43,855 - INFO - [상태] 포지션 없음, 자본금: $4897.66
2026-01-24 10:30:43,855 - INFO - [지표] ADX=nan, Bull=nan, Bear=nan
2026-01-24 10:35:43,857 - INFO - [상태] 포지션 없음, 자본금: $4897.66
2026-01-24 10:35:43,857 - INFO - [지표] ADX=nan, Bull=nan, Bear=nan
2026-01-24 10:40:43,861 - INFO - [상태] 포지션 없음, 자본금: $4897.66
2026-01-24 10:40:43,861 - INFO - [지표] ADX=nan, Bull=nan, Bear=nan
2026-01-24 10:45:00,371 - INFO - [EMA] 증분계산: prev=89588.72, close=89500.6, new=89581.94
2026-01-24 10:45:00,378 - INFO - 15m | 01:30 | O:89535.2 H:89535.2 L:89431.0 C:89500.6
2026-01-24 10:45:00,378 - INFO - 지표: ADX=11.9, ATR=158.8, Bull=False, Bear=True
2026-01-24 10:45:43,862 - INFO - [상태] 포지션 없음, 자본금: $4897.66
2026-01-24 10:45:43,863 - INFO - [지표] ADX=nan, Bull=nan, Bear=nan
2026-01-24 10:50:43,864 - INFO - [상태] 포지션 없음, 자본금: $4897.66
2026-01-24 10:50:43,865 - INFO - [지표] ADX=nan, Bull=nan, Bear=nan
2026-01-24 10:55:43,866 - INFO - [상태] 포지션 없음, 자본금: $4897.66
2026-01-24 10:55:43,866 - INFO - [지표] ADX=nan, Bull=nan, Bear=nan
2026-01-24 11:00:00,057 - INFO - [EMA] 증분계산: prev=89581.94, close=89512.8, new=89576.63
2026-01-24 11:00:00,063 - INFO - 15m | 01:45 | O:89500.5 H:89513.2 L:89474.4 C:89512.8
2026-01-24 11:00:00,064 - INFO - 지표: ADX=11.4, ATR=146.8, Bull=False, Bear=True
2026-01-24 11:00:43,867 - INFO - [상태] 포지션 없음, 자본금: $4897.66
2026-01-24 11:00:43,867 - INFO - [지표] ADX=nan, Bull=nan, Bear=nan
2026-01-24 11:05:43,868 - INFO - [상태] 포지션 없음, 자본금: $4897.66
2026-01-24 11:05:43,869 - INFO - [지표] ADX=nan, Bull=nan, Bear=nan
2026-01-24 11:10:43,869 - INFO - [상태] 포지션 없음, 자본금: $4897.66
2026-01-24 11:10:43,870 - INFO - [지표] ADX=nan, Bull=nan, Bear=nan
2026-01-24 11:15:00,194 - INFO - [EMA] 증분계산: prev=89576.63, close=89583.3, new=89577.14
2026-01-24 11:15:00,203 - INFO - 15m | 02:00 | O:89512.8 H:89631.3 L:89512.8 C:89583.3
2026-01-24 11:15:00,203 - INFO - 지표: ADX=11.1, ATR=144.0, Bull=False, Bear=True
2026-01-24 11:15:43,872 - INFO - [상태] 포지션 없음, 자본금: $4897.66
2026-01-24 11:15:43,873 - INFO - [지표] ADX=nan, Bull=nan, Bear=nan
2026-01-24 11:20:43,873 - INFO - [상태] 포지션 없음, 자본금: $4897.66
2026-01-24 11:20:43,873 - INFO - [지표] ADX=nan, Bull=nan, Bear=nan
2026-01-24 11:25:43,874 - INFO - [상태] 포지션 없음, 자본금: $4897.66
2026-01-24 11:25:43,874 - INFO - [지표] ADX=nan, Bull=nan, Bear=nan
2026-01-24 11:30:00,772 - INFO - [EMA] 증분계산: prev=89577.14, close=89577.1, new=89577.14
2026-01-24 11:30:00,779 - INFO - 15m | 02:15 | O:89583.3 H:89639.4 L:89552.9 C:89577.1
2026-01-24 11:30:00,779 - INFO - 지표: ADX=10.7, ATR=138.2, Bull=False, Bear=True
2026-01-24 11:30:43,875 - INFO - [상태] 포지션 없음, 자본금: $4897.66
2026-01-24 11:30:43,876 - INFO - [지표] ADX=nan, Bull=nan, Bear=nan
2026-01-24 11:35:43,882 - INFO - [상태] 포지션 없음, 자본금: $4897.66
2026-01-24 11:35:43,882 - INFO - [지표] ADX=nan, Bull=nan, Bear=nan
2026-01-24 11:40:43,883 - INFO - [상태] 포지션 없음, 자본금: $4897.66
2026-01-24 11:40:43,884 - INFO - [지표] ADX=nan, Bull=nan, Bear=nan
2026-01-24 11:45:00,516 - INFO - [EMA] 증분계산: prev=89577.14, close=89650.4, new=89582.77
2026-01-24 11:45:00,523 - INFO - 15m | 02:30 | O:89577.0 H:89650.5 L:89567.7 C:89650.4
2026-01-24 11:45:00,523 - INFO - 지표: ADX=10.5, ATR=132.7, Bull=False, Bear=True
2026-01-24 11:45:43,885 - INFO - [상태] 포지션 없음, 자본금: $4897.66
2026-01-24 11:45:43,886 - INFO - [지표] ADX=nan, Bull=nan, Bear=nan
2026-01-24 11:50:43,886 - INFO - [상태] 포지션 없음, 자본금: $4897.66
2026-01-24 11:50:43,887 - INFO - [지표] ADX=nan, Bull=nan, Bear=nan
2026-01-24 11:55:43,888 - INFO - [상태] 포지션 없음, 자본금: $4897.66
2026-01-24 11:55:43,888 - INFO - [지표] ADX=nan, Bull=nan, Bear=nan
2026-01-24 12:00:00,297 - INFO - [EMA] 증분계산: prev=89582.77, close=89666.2, new=89589.19
2026-01-24 12:00:00,304 - INFO - 15m | 02:45 | O:89650.4 H:89680.0 L:89617.2 C:89666.2
2026-01-24 12:00:00,304 - INFO - 지표: ADX=10.6, ATR=125.7, Bull=False, Bear=True
2026-01-24 12:00:43,890 - INFO - [상태] 포지션 없음, 자본금: $4897.66
2026-01-24 12:00:43,890 - INFO - [지표] ADX=nan, Bull=nan, Bear=nan
2026-01-24 12:05:43,891 - INFO - [상태] 포지션 없음, 자본금: $4897.66
2026-01-24 12:05:43,891 - INFO - [지표] ADX=nan, Bull=nan, Bear=nan
2026-01-24 12:10:43,893 - INFO - [상태] 포지션 없음, 자본금: $4897.66
2026-01-24 12:10:43,893 - INFO - [지표] ADX=nan, Bull=nan, Bear=nan
2026-01-24 12:15:01,002 - INFO - [EMA] 증분계산: prev=89589.19, close=89838.0, new=89608.33
2026-01-24 12:15:01,009 - INFO - 15m | 03:00 | O:89666.3 H:89838.0 L:89631.6 C:89838.0
2026-01-24 12:15:01,009 - INFO - 지표: ADX=11.6, ATR=133.8, Bull=False, Bear=False
2026-01-24 12:15:43,894 - INFO - [상태] 포지션 없음, 자본금: $4897.66
2026-01-24 12:15:43,895 - INFO - [지표] ADX=nan, Bull=nan, Bear=nan
2026-01-24 12:20:43,895 - INFO - [상태] 포지션 없음, 자본금: $4897.66
2026-01-24 12:20:43,896 - INFO - [지표] ADX=nan, Bull=nan, Bear=nan
2026-01-24 12:25:43,897 - INFO - [상태] 포지션 없음, 자본금: $4897.66
2026-01-24 12:25:43,898 - INFO - [지표] ADX=nan, Bull=nan, Bear=nan
2026-01-24 12:30:00,436 - INFO - [EMA] 증분계산: prev=89608.33, close=89893.8, new=89630.29
2026-01-24 12:30:00,445 - INFO - 15m | 03:15 | O:89838.0 H:89893.9 L:89753.5 C:89893.8
2026-01-24 12:30:00,445 - INFO - 지표: ADX=12.8, ATR=134.4, Bull=False, Bear=False
2026-01-24 12:30:43,898 - INFO - [상태] 포지션 없음, 자본금: $4897.66
2026-01-24 12:30:43,898 - INFO - [지표] ADX=nan, Bull=nan, Bear=nan
2026-01-24 12:35:43,900 - INFO - [상태] 포지션 없음, 자본금: $4897.66
2026-01-24 12:35:43,900 - INFO - [지표] ADX=nan, Bull=nan, Bear=nan
2026-01-24 12:40:43,902 - INFO - [상태] 포지션 없음, 자본금: $4897.66
2026-01-24 12:40:43,903 - INFO - [지표] ADX=nan, Bull=nan, Bear=nan
2026-01-24 12:45:00,266 - INFO - [EMA] 증분계산: prev=89630.29, close=89801.8, new=89643.48
2026-01-24 12:45:00,273 - INFO - 15m | 03:30 | O:89893.8 H:89893.8 L:89751.9 C:89801.8
2026-01-24 12:45:00,273 - INFO - 지표: ADX=14.0, ATR=135.2, Bull=False, Bear=False
2026-01-24 12:45:43,904 - INFO - [상태] 포지션 없음, 자본금: $4897.66
2026-01-24 12:45:43,905 - INFO - [지표] ADX=nan, Bull=nan, Bear=nan
2026-01-24 12:50:43,905 - INFO - [상태] 포지션 없음, 자본금: $4897.66
2026-01-24 12:50:43,906 - INFO - [지표] ADX=nan, Bull=nan, Bear=nan
2026-01-24 12:55:43,907 - INFO - [상태] 포지션 없음, 자본금: $4897.66
2026-01-24 12:55:43,907 - INFO - [지표] ADX=nan, Bull=nan, Bear=nan
2026-01-24 13:00:01,594 - INFO - [EMA] 증분계산: prev=89643.48, close=89738.4, new=89650.78
2026-01-24 13:00:01,600 - INFO - 15m | 03:45 | O:89801.8 H:89804.0 L:89704.0 C:89738.4
2026-01-24 13:00:01,600 - INFO - 지표: ADX=14.5, ATR=131.7, Bull=False, Bear=False
2026-01-24 13:00:43,907 - INFO - [상태] 포지션 없음, 자본금: $4897.66
2026-01-24 13:00:43,908 - INFO - [지표] ADX=nan, Bull=nan, Bear=nan
2026-01-24 13:05:43,909 - INFO - [상태] 포지션 없음, 자본금: $4897.66
2026-01-24 13:05:43,910 - INFO - [지표] ADX=nan, Bull=nan, Bear=nan
2026-01-24 13:10:43,910 - INFO - [상태] 포지션 없음, 자본금: $4897.66
2026-01-24 13:10:43,910 - INFO - [지표] ADX=nan, Bull=nan, Bear=nan
2026-01-24 13:15:00,619 - INFO - [EMA] 증분계산: prev=89650.78, close=89770.1, new=89659.96
2026-01-24 13:15:00,625 - INFO - 15m | 04:00 | O:89738.4 H:89795.0 L:89728.6 C:89770.1
2026-01-24 13:15:00,625 - INFO - 지표: ADX=15.1, ATR=125.1, Bull=False, Bear=False
2026-01-24 13:15:43,912 - INFO - [상태] 포지션 없음, 자본금: $4897.66
2026-01-24 13:15:43,913 - INFO - [지표] ADX=nan, Bull=nan, Bear=nan
2026-01-24 13:20:43,914 - INFO - [상태] 포지션 없음, 자본금: $4897.66
2026-01-24 13:20:43,914 - INFO - [지표] ADX=nan, Bull=nan, Bear=nan
2026-01-24 13:25:43,916 - INFO - [상태] 포지션 없음, 자본금: $4897.66
2026-01-24 13:25:43,916 - INFO - [지표] ADX=nan, Bull=nan, Bear=nan
2026-01-24 13:30:01,285 - INFO - [EMA] 증분계산: prev=89659.96, close=89687.3, new=89662.06
2026-01-24 13:30:01,291 - INFO - 15m | 04:15 | O:89770.0 H:89782.0 L:89673.4 C:89687.3
2026-01-24 13:30:01,291 - INFO - 지표: ADX=15.0, ATR=123.5, Bull=False, Bear=False
2026-01-24 13:30:43,917 - INFO - [상태] 포지션 없음, 자본금: $4897.66
2026-01-24 13:30:43,917 - INFO - [지표] ADX=nan, Bull=nan, Bear=nan
2026-01-24 13:35:43,918 - INFO - [상태] 포지션 없음, 자본금: $4897.66
2026-01-24 13:35:43,919 - INFO - [지표] ADX=nan, Bull=nan, Bear=nan
2026-01-24 13:40:43,921 - INFO - [상태] 포지션 없음, 자본금: $4897.66
2026-01-24 13:40:43,921 - INFO - [지표] ADX=nan, Bull=nan, Bear=nan
2026-01-24 13:45:00,591 - INFO - [EMA] 증분계산: prev=89662.06, close=89727.9, new=89667.13
2026-01-24 13:45:00,598 - INFO - 15m | 04:30 | O:89687.2 H:89736.9 L:89687.2 C:89727.9
2026-01-24 13:45:00,598 - INFO - 지표: ADX=14.9, ATR=116.1, Bull=False, Bear=False
2026-01-24 13:45:43,922 - INFO - [상태] 포지션 없음, 자본금: $4897.66
2026-01-24 13:45:43,922 - INFO - [지표] ADX=nan, Bull=nan, Bear=nan
2026-01-24 13:50:43,923 - INFO - [상태] 포지션 없음, 자본금: $4897.66
2026-01-24 13:50:43,923 - INFO - [지표] ADX=nan, Bull=nan, Bear=nan
2026-01-24 13:55:43,924 - INFO - [상태] 포지션 없음, 자본금: $4897.66
2026-01-24 13:55:43,925 - INFO - [지표] ADX=nan, Bull=nan, Bear=nan
2026-01-24 14:00:00,075 - INFO - [EMA] 증분계산: prev=89667.13, close=89806.7, new=89677.86
2026-01-24 14:00:00,082 - INFO - 15m | 04:45 | O:89727.8 H:89820.1 L:89705.5 C:89806.7
2026-01-24 14:00:00,082 - INFO - 지표: ADX=15.5, ATR=116.0, Bull=False, Bear=False
2026-01-24 14:00:43,927 - INFO - [상태] 포지션 없음, 자본금: $4897.66
2026-01-24 14:00:43,927 - INFO - [지표] ADX=nan, Bull=nan, Bear=nan
2026-01-24 14:05:43,928 - INFO - [상태] 포지션 없음, 자본금: $4897.66
2026-01-24 14:05:43,929 - INFO - [지표] ADX=nan, Bull=nan, Bear=nan
2026-01-24 14:10:43,930 - INFO - [상태] 포지션 없음, 자본금: $4897.66
2026-01-24 14:10:43,930 - INFO - [지표] ADX=nan, Bull=nan, Bear=nan
2026-01-24 14:15:00,038 - INFO - [EMA] 증분계산: prev=89677.86, close=89790.7, new=89686.54
2026-01-24 14:15:00,045 - INFO - 15m | 05:00 | O:89806.8 H:89815.0 L:89749.7 C:89790.7
2026-01-24 14:15:00,045 - INFO - 지표: ADX=16.0, ATR=110.9, Bull=False, Bear=False
2026-01-24 14:15:43,932 - INFO - [상태] 포지션 없음, 자본금: $4897.66
2026-01-24 14:15:43,932 - INFO - [지표] ADX=nan, Bull=nan, Bear=nan
2026-01-24 14:20:43,933 - INFO - [상태] 포지션 없음, 자본금: $4897.66
2026-01-24 14:20:43,933 - INFO - [지표] ADX=nan, Bull=nan, Bear=nan
2026-01-24 14:25:43,935 - INFO - [상태] 포지션 없음, 자본금: $4897.66
2026-01-24 14:25:43,936 - INFO - [지표] ADX=nan, Bull=nan, Bear=nan
2026-01-24 14:30:00,555 - INFO - [EMA] 증분계산: prev=89686.54, close=89779.3, new=89693.68
2026-01-24 14:30:00,561 - INFO - 15m | 05:15 | O:89790.6 H:89817.4 L:89779.3 C:89779.3
2026-01-24 14:30:00,561 - INFO - 지표: ADX=16.5, ATR=103.6, Bull=False, Bear=False
2026-01-24 14:30:43,936 - INFO - [상태] 포지션 없음, 자본금: $4897.66
2026-01-24 14:30:43,937 - INFO - [지표] ADX=nan, Bull=nan, Bear=nan
2026-01-24 14:35:43,939 - INFO - [상태] 포지션 없음, 자본금: $4897.66
2026-01-24 14:35:43,939 - INFO - [지표] ADX=nan, Bull=nan, Bear=nan
2026-01-24 14:40:43,941 - INFO - [상태] 포지션 없음, 자본금: $4897.66
2026-01-24 14:40:43,941 - INFO - [지표] ADX=nan, Bull=nan, Bear=nan
2026-01-24 14:45:00,138 - INFO - [EMA] 증분계산: prev=89693.68, close=89730.8, new=89696.53
2026-01-24 14:45:00,147 - INFO - 15m | 05:30 | O:89779.4 H:89779.4 L:89715.5 C:89730.8
2026-01-24 14:45:00,147 - INFO - 지표: ADX=16.2, ATR=99.6, Bull=False, Bear=False
2026-01-24 14:45:43,947 - INFO - [상태] 포지션 없음, 자본금: $4897.66
2026-01-24 14:45:43,947 - INFO - [지표] ADX=nan, Bull=nan, Bear=nan
2026-01-24 14:50:43,949 - INFO - [상태] 포지션 없음, 자본금: $4897.66
2026-01-24 14:50:43,950 - INFO - [지표] ADX=nan, Bull=nan, Bear=nan
2026-01-24 14:55:43,951 - INFO - [상태] 포지션 없음, 자본금: $4897.66
2026-01-24 14:55:43,951 - INFO - [지표] ADX=nan, Bull=nan, Bear=nan
2026-01-24 15:00:00,400 - INFO - [EMA] 증분계산: prev=89696.53, close=89744.5, new=89700.22
2026-01-24 15:00:00,409 - INFO - 15m | 05:45 | O:89730.7 H:89750.0 L:89715.5 C:89744.5
2026-01-24 15:00:00,410 - INFO - 지표: ADX=15.9, ATR=93.1, Bull=False, Bear=False
2026-01-24 15:00:43,952 - INFO - [상태] 포지션 없음, 자본금: $4897.66
2026-01-24 15:00:43,952 - INFO - [지표] ADX=nan, Bull=nan, Bear=nan
2026-01-24 15:05:43,954 - INFO - [상태] 포지션 없음, 자본금: $4897.66
2026-01-24 15:05:43,954 - INFO - [지표] ADX=nan, Bull=nan, Bear=nan
2026-01-24 15:10:43,956 - INFO - [상태] 포지션 없음, 자본금: $4897.66
2026-01-24 15:10:43,957 - INFO - [지표] ADX=nan, Bull=nan, Bear=nan
2026-01-24 15:15:00,198 - INFO - [EMA] 증분계산: prev=89700.22, close=89714.4, new=89701.31
2026-01-24 15:15:00,208 - INFO - 15m | 06:00 | O:89744.5 H:89747.1 L:89687.2 C:89714.4
2026-01-24 15:15:00,208 - INFO - 지표: ADX=15.3, ATR=89.8, Bull=False, Bear=False
2026-01-24 15:15:43,958 - INFO - [상태] 포지션 없음, 자본금: $4897.66
2026-01-24 15:15:43,958 - INFO - [지표] ADX=nan, Bull=nan, Bear=nan
2026-01-24 15:20:43,959 - INFO - [상태] 포지션 없음, 자본금: $4897.66
2026-01-24 15:20:43,960 - INFO - [지표] ADX=nan, Bull=nan, Bear=nan
2026-01-24 15:25:43,961 - INFO - [상태] 포지션 없음, 자본금: $4897.66
2026-01-24 15:25:43,962 - INFO - [지표] ADX=nan, Bull=nan, Bear=nan
2026-01-24 15:30:00,594 - INFO - [EMA] 증분계산: prev=89701.31, close=89624.6, new=89695.41
2026-01-24 15:30:00,603 - INFO - 15m | 06:15 | O:89714.5 H:89714.5 L:89614.4 C:89624.6
2026-01-24 15:30:00,603 - INFO - 지표: ADX=14.5, ATR=90.8, Bull=False, Bear=False
2026-01-24 15:30:43,964 - INFO - [상태] 포지션 없음, 자본금: $4897.66
2026-01-24 15:30:43,964 - INFO - [지표] ADX=nan, Bull=nan, Bear=nan
2026-01-24 15:35:43,966 - INFO - [상태] 포지션 없음, 자본금: $4897.66
2026-01-24 15:35:43,966 - INFO - [지표] ADX=nan, Bull=nan, Bear=nan
2026-01-24 15:40:43,970 - INFO - [상태] 포지션 없음, 자본금: $4897.66
2026-01-24 15:40:43,970 - INFO - [지표] ADX=nan, Bull=nan, Bear=nan
2026-01-24 15:45:01,298 - INFO - [EMA] 증분계산: prev=89695.41, close=89636.0, new=89690.84
2026-01-24 15:45:01,305 - INFO - 15m | 06:30 | O:89624.6 H:89645.3 L:89610.5 C:89636.0
2026-01-24 15:45:01,305 - INFO - 지표: ADX=13.8, ATR=85.2, Bull=False, Bear=False
2026-01-24 15:45:43,972 - INFO - [상태] 포지션 없음, 자본금: $4897.66
2026-01-24 15:45:43,972 - INFO - [지표] ADX=nan, Bull=nan, Bear=nan
2026-01-24 15:50:43,974 - INFO - [상태] 포지션 없음, 자본금: $4897.66
2026-01-24 15:50:43,974 - INFO - [지표] ADX=nan, Bull=nan, Bear=nan
2026-01-24 15:55:43,975 - INFO - [상태] 포지션 없음, 자본금: $4897.66
2026-01-24 15:55:43,976 - INFO - [지표] ADX=nan, Bull=nan, Bear=nan
2026-01-24 16:00:00,377 - INFO - [EMA] 증분계산: prev=89690.84, close=89612.4, new=89684.81
2026-01-24 16:00:00,386 - INFO - 15m | 06:45 | O:89635.9 H:89647.8 L:89611.0 C:89612.4
2026-01-24 16:00:00,386 - INFO - 지표: ADX=13.2, ATR=80.4, Bull=False, Bear=False
2026-01-24 16:00:43,976 - INFO - [상태] 포지션 없음, 자본금: $4897.66
2026-01-24 16:00:43,977 - INFO - [지표] ADX=nan, Bull=nan, Bear=nan
2026-01-24 16:05:43,977 - INFO - [상태] 포지션 없음, 자본금: $4897.66
2026-01-24 16:05:43,977 - INFO - [지표] ADX=nan, Bull=nan, Bear=nan
2026-01-24 16:10:43,978 - INFO - [상태] 포지션 없음, 자본금: $4897.66
2026-01-24 16:10:43,978 - INFO - [지표] ADX=nan, Bull=nan, Bear=nan
2026-01-24 16:15:00,123 - INFO - [EMA] 증분계산: prev=89684.81, close=89616.3, new=89679.54
2026-01-24 16:15:00,133 - INFO - 15m | 07:00 | O:89612.4 H:89626.9 L:89585.6 C:89616.3
2026-01-24 16:15:00,133 - INFO - 지표: ADX=12.9, ATR=76.5, Bull=False, Bear=False
2026-01-24 16:15:43,980 - INFO - [상태] 포지션 없음, 자본금: $4897.66
2026-01-24 16:15:43,980 - INFO - [지표] ADX=nan, Bull=nan, Bear=nan
2026-01-24 16:20:43,982 - INFO - [상태] 포지션 없음, 자본금: $4897.66
2026-01-24 16:20:43,982 - INFO - [지표] ADX=nan, Bull=nan, Bear=nan
2026-01-24 16:25:43,984 - INFO - [상태] 포지션 없음, 자본금: $4897.66
2026-01-24 16:25:43,984 - INFO - [지표] ADX=nan, Bull=nan, Bear=nan
2026-01-24 16:30:00,305 - INFO - [EMA] 증분계산: prev=89679.54, close=89562.7, new=89670.55
2026-01-24 16:30:00,314 - INFO - 15m | 07:15 | O:89616.3 H:89616.4 L:89530.6 C:89562.7
2026-01-24 16:30:00,315 - INFO - 지표: ADX=13.2, ATR=77.4, Bull=False, Bear=False
2026-01-24 16:30:43,985 - INFO - [상태] 포지션 없음, 자본금: $4897.66
2026-01-24 16:30:43,986 - INFO - [지표] ADX=nan, Bull=nan, Bear=nan
2026-01-24 16:35:43,987 - INFO - [상태] 포지션 없음, 자본금: $4897.66
2026-01-24 16:35:43,987 - INFO - [지표] ADX=nan, Bull=nan, Bear=nan
2026-01-24 16:40:43,988 - INFO - [상태] 포지션 없음, 자본금: $4897.66
2026-01-24 16:40:43,989 - INFO - [지표] ADX=nan, Bull=nan, Bear=nan
2026-01-24 16:45:00,225 - INFO - [EMA] 증분계산: prev=89670.55, close=89630.2, new=89667.45
2026-01-24 16:45:00,235 - INFO - 15m | 07:30 | O:89562.8 H:89650.6 L:89560.5 C:89630.2
2026-01-24 16:45:00,235 - INFO - 지표: ADX=13.0, ATR=78.7, Bull=False, Bear=False
2026-01-24 16:45:43,991 - INFO - [상태] 포지션 없음, 자본금: $4897.66
2026-01-24 16:45:43,992 - INFO - [지표] ADX=nan, Bull=nan, Bear=nan
2026-01-24 16:50:43,993 - INFO - [상태] 포지션 없음, 자본금: $4897.66
2026-01-24 16:50:43,994 - INFO - [지표] ADX=nan, Bull=nan, Bear=nan
2026-01-24 16:55:43,995 - INFO - [상태] 포지션 없음, 자본금: $4897.66
2026-01-24 16:55:43,995 - INFO - [지표] ADX=nan, Bull=nan, Bear=nan
2026-01-24 17:00:01,635 - INFO - [EMA] 증분계산: prev=89667.45, close=89581.2, new=89660.81
2026-01-24 17:00:01,645 - INFO - 15m | 07:45 | O:89630.3 H:89667.6 L:89570.8 C:89581.2
2026-01-24 17:00:01,645 - INFO - 지표: ADX=12.6, ATR=80.5, Bull=False, Bear=False
2026-01-24 17:00:43,996 - INFO - [상태] 포지션 없음, 자본금: $4897.66
2026-01-24 17:00:43,997 - INFO - [지표] ADX=nan, Bull=nan, Bear=nan
2026-01-24 17:05:43,998 - INFO - [상태] 포지션 없음, 자본금: $4897.66
2026-01-24 17:05:43,998 - INFO - [지표] ADX=nan, Bull=nan, Bear=nan
2026-01-24 17:10:43,999 - INFO - [상태] 포지션 없음, 자본금: $4897.66
2026-01-24 17:10:44,000 - INFO - [지표] ADX=nan, Bull=nan, Bear=nan
2026-01-24 17:15:00,041 - INFO - [EMA] 증분계산: prev=89660.81, close=89582.3, new=89654.77
2026-01-24 17:15:00,048 - INFO - 15m | 08:00 | O:89581.3 H:89610.5 L:89549.2 C:89582.3
2026-01-24 17:15:00,048 - INFO - 지표: ADX=12.5, ATR=78.6, Bull=False, Bear=False
2026-01-24 17:15:44,001 - INFO - [상태] 포지션 없음, 자본금: $4897.66
2026-01-24 17:15:44,002 - INFO - [지표] ADX=nan, Bull=nan, Bear=nan
2026-01-24 17:20:44,003 - INFO - [상태] 포지션 없음, 자본금: $4897.66
2026-01-24 17:20:44,004 - INFO - [지표] ADX=nan, Bull=nan, Bear=nan
2026-01-24 17:25:44,004 - INFO - [상태] 포지션 없음, 자본금: $4897.66
2026-01-24 17:25:44,005 - INFO - [지표] ADX=nan, Bull=nan, Bear=nan
2026-01-24 17:30:00,246 - INFO - [EMA] 증분계산: prev=89654.77, close=89587.2, new=89649.58
2026-01-24 17:30:00,253 - INFO - 15m | 08:15 | O:89582.3 H:89591.2 L:89578.3 C:89587.2
2026-01-24 17:30:00,253 - INFO - 지표: ADX=12.4, ATR=72.0, Bull=False, Bear=False
2026-01-24 17:30:44,007 - INFO - [상태] 포지션 없음, 자본금: $4897.66
2026-01-24 17:30:44,008 - INFO - [지표] ADX=nan, Bull=nan, Bear=nan
2026-01-24 17:35:44,010 - INFO - [상태] 포지션 없음, 자본금: $4897.66
2026-01-24 17:35:44,010 - INFO - [지표] ADX=nan, Bull=nan, Bear=nan
2026-01-24 17:40:44,011 - INFO - [상태] 포지션 없음, 자본금: $4897.66
2026-01-24 17:40:44,011 - INFO - [지표] ADX=nan, Bull=nan, Bear=nan
2026-01-24 17:45:00,129 - INFO - [EMA] 증분계산: prev=89649.58, close=89635.9, new=89648.52
2026-01-24 17:45:00,136 - INFO - 15m | 08:30 | O:89587.1 H:89635.9 L:89587.1 C:89635.9
2026-01-24 17:45:00,136 - INFO - 지표: ADX=11.6, ATR=69.7, Bull=False, Bear=False
2026-01-24 17:45:44,015 - INFO - [상태] 포지션 없음, 자본금: $4897.66
2026-01-24 17:45:44,016 - INFO - [지표] ADX=nan, Bull=nan, Bear=nan
2026-01-24 17:50:44,019 - INFO - [상태] 포지션 없음, 자본금: $4897.66
2026-01-24 17:50:44,019 - INFO - [지표] ADX=nan, Bull=nan, Bear=nan
2026-01-24 17:55:44,020 - INFO - [상태] 포지션 없음, 자본금: $4897.66
2026-01-24 17:55:44,021 - INFO - [지표] ADX=nan, Bull=nan, Bear=nan
2026-01-24 18:00:00,413 - INFO - [EMA] 증분계산: prev=89648.52, close=89635.2, new=89647.50
2026-01-24 18:00:00,420 - INFO - 15m | 08:45 | O:89635.9 H:89659.2 L:89591.5 C:89635.2
2026-01-24 18:00:00,420 - INFO - 지표: ADX=11.0, ATR=69.5, Bull=False, Bear=False
2026-01-24 18:00:44,021 - INFO - [상태] 포지션 없음, 자본금: $4897.66
2026-01-24 18:00:44,022 - INFO - [지표] ADX=nan, Bull=nan, Bear=nan
2026-01-24 18:05:44,024 - INFO - [상태] 포지션 없음, 자본금: $4897.66
2026-01-24 18:05:44,024 - INFO - [지표] ADX=nan, Bull=nan, Bear=nan
2026-01-24 18:10:44,025 - INFO - [상태] 포지션 없음, 자본금: $4897.66
2026-01-24 18:10:44,025 - INFO - [지표] ADX=nan, Bull=nan, Bear=nan
2026-01-24 18:15:00,593 - INFO - [EMA] 증분계산: prev=89647.50, close=89614.8, new=89644.98
2026-01-24 18:15:00,603 - INFO - 15m | 09:00 | O:89635.3 H:89635.3 L:89580.5 C:89614.8
2026-01-24 18:15:00,603 - INFO - 지표: ADX=10.3, ATR=68.0, Bull=False, Bear=False
2026-01-24 18:15:44,027 - INFO - [상태] 포지션 없음, 자본금: $4897.66
2026-01-24 18:15:44,028 - INFO - [지표] ADX=nan, Bull=nan, Bear=nan
2026-01-24 18:20:44,029 - INFO - [상태] 포지션 없음, 자본금: $4897.66
2026-01-24 18:20:44,030 - INFO - [지표] ADX=nan, Bull=nan, Bear=nan
2026-01-24 18:25:44,032 - INFO - [상태] 포지션 없음, 자본금: $4897.66
2026-01-24 18:25:44,032 - INFO - [지표] ADX=nan, Bull=nan, Bear=nan
2026-01-24 18:30:00,603 - INFO - [EMA] 증분계산: prev=89644.98, close=89590.4, new=89640.78
2026-01-24 18:30:00,610 - INFO - 15m | 09:15 | O:89614.8 H:89614.8 L:89573.1 C:89590.4
2026-01-24 18:30:00,610 - INFO - 지표: ADX=9.6, ATR=65.4, Bull=False, Bear=False
2026-01-24 18:30:44,033 - INFO - [상태] 포지션 없음, 자본금: $4897.66
2026-01-24 18:30:44,033 - INFO - [지표] ADX=nan, Bull=nan, Bear=nan
2026-01-24 18:35:44,034 - INFO - [상태] 포지션 없음, 자본금: $4897.66
2026-01-24 18:35:44,035 - INFO - [지표] ADX=nan, Bull=nan, Bear=nan
2026-01-24 18:40:44,035 - INFO - [상태] 포지션 없음, 자본금: $4897.66
2026-01-24 18:40:44,036 - INFO - [지표] ADX=nan, Bull=nan, Bear=nan
2026-01-24 18:45:00,519 - INFO - [EMA] 증분계산: prev=89640.78, close=89575.6, new=89635.77
2026-01-24 18:45:00,526 - INFO - 15m | 09:30 | O:89590.5 H:89592.8 L:89554.2 C:89575.6
2026-01-24 18:45:00,526 - INFO - 지표: ADX=9.3, ATR=62.7, Bull=False, Bear=False
2026-01-24 18:45:44,036 - INFO - [상태] 포지션 없음, 자본금: $4897.66
2026-01-24 18:45:44,036 - INFO - [지표] ADX=nan, Bull=nan, Bear=nan
2026-01-24 18:50:44,037 - INFO - [상태] 포지션 없음, 자본금: $4897.66
2026-01-24 18:50:44,038 - INFO - [지표] ADX=nan, Bull=nan, Bear=nan
2026-01-24 18:55:44,039 - INFO - [상태] 포지션 없음, 자본금: $4897.66
2026-01-24 18:55:44,040 - INFO - [지표] ADX=nan, Bull=nan, Bear=nan
2026-01-24 19:00:00,039 - INFO - [EMA] 증분계산: prev=89635.77, close=89567.4, new=89630.51
2026-01-24 19:00:00,046 - INFO - 15m | 09:45 | O:89575.6 H:89578.1 L:89560.8 C:89567.4
2026-01-24 19:00:00,046 - INFO - 지표: ADX=8.9, ATR=58.2, Bull=False, Bear=True
2026-01-24 19:00:44,041 - INFO - [상태] 포지션 없음, 자본금: $4897.66
2026-01-24 19:00:44,041 - INFO - [지표] ADX=nan, Bull=nan, Bear=nan
2026-01-24 19:05:44,044 - INFO - [상태] 포지션 없음, 자본금: $4897.66
2026-01-24 19:05:44,044 - INFO - [지표] ADX=nan, Bull=nan, Bear=nan
2026-01-24 19:10:44,045 - INFO - [상태] 포지션 없음, 자본금: $4897.66
2026-01-24 19:10:44,045 - INFO - [지표] ADX=nan, Bull=nan, Bear=nan
2026-01-24 19:15:00,308 - INFO - [EMA] 증분계산: prev=89630.51, close=89596.3, new=89627.88
2026-01-24 19:15:00,314 - INFO - 15m | 10:00 | O:89567.5 H:89631.9 L:89567.4 C:89596.3
2026-01-24 19:15:00,315 - INFO - 지표: ADX=8.9, ATR=58.8, Bull=False, Bear=True
2026-01-24 19:15:44,046 - INFO - [상태] 포지션 없음, 자본금: $4897.66
2026-01-24 19:15:44,047 - INFO - [지표] ADX=nan, Bull=nan, Bear=nan
2026-01-24 19:20:44,048 - INFO - [상태] 포지션 없음, 자본금: $4897.66
2026-01-24 19:20:44,048 - INFO - [지표] ADX=nan, Bull=nan, Bear=nan
2026-01-24 19:25:44,049 - INFO - [상태] 포지션 없음, 자본금: $4897.66
2026-01-24 19:25:44,050 - INFO - [지표] ADX=nan, Bull=nan, Bear=nan
2026-01-24 19:30:00,813 - INFO - [EMA] 증분계산: prev=89627.88, close=89585.7, new=89624.64
2026-01-24 19:30:00,820 - INFO - 15m | 10:15 | O:89596.4 H:89596.4 L:89585.7 C:89585.7
2026-01-24 19:30:00,820 - INFO - 지표: ADX=8.9, ATR=54.0, Bull=False, Bear=True
2026-01-24 19:30:44,050 - INFO - [상태] 포지션 없음, 자본금: $4897.66
2026-01-24 19:30:44,051 - INFO - [지표] ADX=nan, Bull=nan, Bear=nan
2026-01-24 19:35:44,053 - INFO - [상태] 포지션 없음, 자본금: $4897.66
2026-01-24 19:35:44,054 - INFO - [지표] ADX=nan, Bull=nan, Bear=nan
2026-01-24 19:40:44,056 - INFO - [상태] 포지션 없음, 자본금: $4897.66
2026-01-24 19:40:44,056 - INFO - [지표] ADX=nan, Bull=nan, Bear=nan
2026-01-24 19:45:00,259 - INFO - [EMA] 증분계산: prev=89624.64, close=89569.4, new=89620.39
2026-01-24 19:45:00,268 - INFO - 15m | 10:30 | O:89585.7 H:89593.6 L:89539.5 C:89569.4
2026-01-24 19:45:00,268 - INFO - 지표: ADX=8.5, ATR=54.0, Bull=False, Bear=True
2026-01-24 19:45:44,058 - INFO - [상태] 포지션 없음, 자본금: $4897.66
2026-01-24 19:45:44,058 - INFO - [지표] ADX=nan, Bull=nan, Bear=nan
2026-01-24 19:50:44,061 - INFO - [상태] 포지션 없음, 자본금: $4897.66
2026-01-24 19:50:44,061 - INFO - [지표] ADX=nan, Bull=nan, Bear=nan
2026-01-24 19:55:44,062 - INFO - [상태] 포지션 없음, 자본금: $4897.66
2026-01-24 19:55:44,062 - INFO - [지표] ADX=nan, Bull=nan, Bear=nan
2026-01-24 20:00:00,762 - INFO - [EMA] 증분계산: prev=89620.39, close=89590.1, new=89618.06
2026-01-24 20:00:00,768 - INFO - 15m | 10:45 | O:89569.4 H:89599.1 L:89569.3 C:89590.1
2026-01-24 20:00:00,768 - INFO - 지표: ADX=8.1, ATR=51.6, Bull=False, Bear=True
2026-01-24 20:00:44,064 - INFO - [상태] 포지션 없음, 자본금: $4897.66
2026-01-24 20:00:44,065 - INFO - [지표] ADX=nan, Bull=nan, Bear=nan
2026-01-24 20:05:44,068 - INFO - [상태] 포지션 없음, 자본금: $4897.66
2026-01-24 20:05:44,069 - INFO - [지표] ADX=nan, Bull=nan, Bear=nan
2026-01-24 20:10:44,070 - INFO - [상태] 포지션 없음, 자본금: $4897.66
2026-01-24 20:10:44,070 - INFO - [지표] ADX=nan, Bull=nan, Bear=nan
2026-01-24 20:15:00,345 - INFO - [EMA] 증분계산: prev=89618.06, close=89576.4, new=89614.85
2026-01-24 20:15:00,352 - INFO - 15m | 11:00 | O:89590.2 H:89590.2 L:89576.4 C:89576.4
2026-01-24 20:15:00,352 - INFO - 지표: ADX=7.6, ATR=47.8, Bull=False, Bear=True
2026-01-24 20:15:44,073 - INFO - [상태] 포지션 없음, 자본금: $4897.66
2026-01-24 20:15:44,073 - INFO - [지표] ADX=nan, Bull=nan, Bear=nan
2026-01-24 20:20:44,074 - INFO - [상태] 포지션 없음, 자본금: $4897.66
2026-01-24 20:20:44,075 - INFO - [지표] ADX=nan, Bull=nan, Bear=nan
2026-01-24 20:25:44,077 - INFO - [상태] 포지션 없음, 자본금: $4897.66
2026-01-24 20:25:44,078 - INFO - [지표] ADX=nan, Bull=nan, Bear=nan
2026-01-24 20:30:00,100 - INFO - [EMA] 증분계산: prev=89614.85, close=89598.8, new=89613.62
2026-01-24 20:30:00,109 - INFO - 15m | 11:15 | O:89576.4 H:89616.7 L:89576.4 C:89598.8
2026-01-24 20:30:00,110 - INFO - 지표: ADX=7.5, ATR=47.1, Bull=False, Bear=True
2026-01-24 20:30:44,079 - INFO - [상태] 포지션 없음, 자본금: $4897.66
2026-01-24 20:30:44,080 - INFO - [지표] ADX=nan, Bull=nan, Bear=nan
2026-01-24 20:35:44,082 - INFO - [상태] 포지션 없음, 자본금: $4897.66
2026-01-24 20:35:44,083 - INFO - [지표] ADX=nan, Bull=nan, Bear=nan
2026-01-24 20:40:44,084 - INFO - [상태] 포지션 없음, 자본금: $4897.66
2026-01-24 20:40:44,084 - INFO - [지표] ADX=nan, Bull=nan, Bear=nan
2026-01-24 20:45:00,604 - INFO - [EMA] 증분계산: prev=89613.62, close=89615.1, new=89613.73
2026-01-24 20:45:00,610 - INFO - 15m | 11:30 | O:89598.8 H:89641.3 L:89585.4 C:89615.1
2026-01-24 20:45:00,610 - INFO - 지표: ADX=7.8, ATR=47.9, Bull=False, Bear=True
2026-01-24 20:45:44,086 - INFO - [상태] 포지션 없음, 자본금: $4897.66
2026-01-24 20:45:44,087 - INFO - [지표] ADX=nan, Bull=nan, Bear=nan
2026-01-24 20:50:44,089 - INFO - [상태] 포지션 없음, 자본금: $4897.66
2026-01-24 20:50:44,089 - INFO - [지표] ADX=nan, Bull=nan, Bear=nan
2026-01-24 20:55:44,090 - INFO - [상태] 포지션 없음, 자본금: $4897.66
2026-01-24 20:55:44,090 - INFO - [지표] ADX=nan, Bull=nan, Bear=nan
2026-01-24 21:00:01,266 - INFO - [EMA] 증분계산: prev=89613.73, close=89548.5, new=89608.71
2026-01-24 21:00:01,273 - INFO - 15m | 11:45 | O:89615.1 H:89615.1 L:89548.5 C:89548.5
2026-01-24 21:00:01,273 - INFO - 지표: ADX=7.3, ATR=49.8, Bull=False, Bear=True
2026-01-24 21:00:44,094 - INFO - [상태] 포지션 없음, 자본금: $4897.66
2026-01-24 21:00:44,094 - INFO - [지표] ADX=nan, Bull=nan, Bear=nan
2026-01-24 21:05:44,095 - INFO - [상태] 포지션 없음, 자본금: $4897.66
2026-01-24 21:05:44,095 - INFO - [지표] ADX=nan, Bull=nan, Bear=nan
2026-01-24 21:10:44,096 - INFO - [상태] 포지션 없음, 자본금: $4897.66
2026-01-24 21:10:44,097 - INFO - [지표] ADX=nan, Bull=nan, Bear=nan
2026-01-24 21:15:01,475 - INFO - [EMA] 증분계산: prev=89608.71, close=89507.1, new=89600.90
2026-01-24 21:15:01,481 - INFO - 15m | 12:00 | O:89548.5 H:89554.9 L:89504.4 C:89507.1
2026-01-24 21:15:01,481 - INFO - 지표: ADX=7.5, ATR=49.9, Bull=False, Bear=True
2026-01-24 21:15:44,097 - INFO - [상태] 포지션 없음, 자본금: $4897.66
2026-01-24 21:15:44,098 - INFO - [지표] ADX=nan, Bull=nan, Bear=nan
2026-01-24 21:20:44,098 - INFO - [상태] 포지션 없음, 자본금: $4897.66
2026-01-24 21:20:44,099 - INFO - [지표] ADX=nan, Bull=nan, Bear=nan
2026-01-24 21:25:44,101 - INFO - [상태] 포지션 없음, 자본금: $4897.66
2026-01-24 21:25:44,101 - INFO - [지표] ADX=nan, Bull=nan, Bear=nan
2026-01-24 21:30:00,268 - INFO - [EMA] 증분계산: prev=89600.90, close=89526.2, new=89595.15
2026-01-24 21:30:00,278 - INFO - 15m | 12:15 | O:89507.1 H:89530.3 L:89501.5 C:89526.2
2026-01-24 21:30:00,278 - INFO - 지표: ADX=7.8, ATR=47.8, Bull=False, Bear=True
2026-01-24 21:30:44,102 - INFO - [상태] 포지션 없음, 자본금: $4897.66
2026-01-24 21:30:44,103 - INFO - [지표] ADX=nan, Bull=nan, Bear=nan
2026-01-24 21:35:44,104 - INFO - [상태] 포지션 없음, 자본금: $4897.66
2026-01-24 21:35:44,104 - INFO - [지표] ADX=nan, Bull=nan, Bear=nan
2026-01-24 21:40:44,105 - INFO - [상태] 포지션 없음, 자본금: $4897.66
2026-01-24 21:40:44,106 - INFO - [지표] ADX=nan, Bull=nan, Bear=nan
2026-01-24 21:45:00,598 - INFO - [EMA] 증분계산: prev=89595.15, close=89505.1, new=89588.22
2026-01-24 21:45:00,605 - INFO - 15m | 12:30 | O:89526.2 H:89548.5 L:89444.5 C:89505.1
2026-01-24 21:45:00,605 - INFO - 지표: ADX=9.0, ATR=53.4, Bull=False, Bear=True
2026-01-24 21:45:44,108 - INFO - [상태] 포지션 없음, 자본금: $4897.66
2026-01-24 21:45:44,108 - INFO - [지표] ADX=nan, Bull=nan, Bear=nan
2026-01-24 21:50:44,110 - INFO - [상태] 포지션 없음, 자본금: $4897.66
2026-01-24 21:50:44,110 - INFO - [지표] ADX=nan, Bull=nan, Bear=nan
2026-01-24 21:55:44,111 - INFO - [상태] 포지션 없음, 자본금: $4897.66
2026-01-24 21:55:44,112 - INFO - [지표] ADX=nan, Bull=nan, Bear=nan
2026-01-24 22:00:00,724 - INFO - [EMA] 증분계산: prev=89588.22, close=89497.6, new=89581.25
2026-01-24 22:00:00,733 - INFO - 15m | 12:45 | O:89505.1 H:89513.2 L:89487.8 C:89497.6
2026-01-24 22:00:00,733 - INFO - 지표: ADX=10.1, ATR=50.6, Bull=False, Bear=True
2026-01-24 22:00:44,112 - INFO - [상태] 포지션 없음, 자본금: $4897.66
2026-01-24 22:00:44,113 - INFO - [지표] ADX=nan, Bull=nan, Bear=nan
2026-01-24 22:05:44,114 - INFO - [상태] 포지션 없음, 자본금: $4897.66
2026-01-24 22:05:44,114 - INFO - [지표] ADX=nan, Bull=nan, Bear=nan
2026-01-24 22:10:44,116 - INFO - [상태] 포지션 없음, 자본금: $4897.66
2026-01-24 22:10:44,116 - INFO - [지표] ADX=nan, Bull=nan, Bear=nan
2026-01-24 22:15:00,185 - INFO - [EMA] 증분계산: prev=89581.25, close=89497.8, new=89574.83
2026-01-24 22:15:00,195 - INFO - 15m | 13:00 | O:89497.6 H:89500.0 L:89488.8 C:89497.8
2026-01-24 22:15:00,195 - INFO - 지표: ADX=11.1, ATR=46.7, Bull=False, Bear=True
2026-01-24 22:15:44,120 - INFO - [상태] 포지션 없음, 자본금: $4897.66
2026-01-24 22:15:44,120 - INFO - [지표] ADX=nan, Bull=nan, Bear=nan
2026-01-24 22:20:44,121 - INFO - [상태] 포지션 없음, 자본금: $4897.66
2026-01-24 22:20:44,121 - INFO - [지표] ADX=nan, Bull=nan, Bear=nan
2026-01-24 22:25:44,125 - INFO - [상태] 포지션 없음, 자본금: $4897.66
2026-01-24 22:25:44,125 - INFO - [지표] ADX=nan, Bull=nan, Bear=nan
2026-01-24 22:30:01,636 - INFO - [EMA] 증분계산: prev=89574.83, close=89498.1, new=89568.93
2026-01-24 22:30:01,645 - INFO - 15m | 13:15 | O:89497.8 H:89498.1 L:89480.8 C:89498.1
2026-01-24 22:30:01,645 - INFO - 지표: ADX=12.2, ATR=43.7, Bull=False, Bear=True
2026-01-24 22:30:44,126 - INFO - [상태] 포지션 없음, 자본금: $4897.66
2026-01-24 22:30:44,127 - INFO - [지표] ADX=nan, Bull=nan, Bear=nan
2026-01-24 22:35:44,127 - INFO - [상태] 포지션 없음, 자본금: $4897.66
2026-01-24 22:35:44,128 - INFO - [지표] ADX=nan, Bull=nan, Bear=nan
2026-01-24 22:40:44,130 - INFO - [상태] 포지션 없음, 자본금: $4897.66
2026-01-24 22:40:44,130 - INFO - [지표] ADX=nan, Bull=nan, Bear=nan
2026-01-24 22:45:00,118 - INFO - [EMA] 증분계산: prev=89568.93, close=89490.2, new=89562.87
2026-01-24 22:45:00,128 - INFO - 15m | 13:30 | O:89498.1 H:89498.1 L:89474.0 C:89490.2
2026-01-24 22:45:00,128 - INFO - 지표: ADX=13.3, ATR=41.8, Bull=False, Bear=True
2026-01-24 22:45:44,131 - INFO - [상태] 포지션 없음, 자본금: $4897.66
2026-01-24 22:45:44,131 - INFO - [지표] ADX=nan, Bull=nan, Bear=nan
2026-01-24 22:50:44,132 - INFO - [상태] 포지션 없음, 자본금: $4897.66
2026-01-24 22:50:44,133 - INFO - [지표] ADX=nan, Bull=nan, Bear=nan
2026-01-24 22:55:44,134 - INFO - [상태] 포지션 없음, 자본금: $4897.66
2026-01-24 22:55:44,134 - INFO - [지표] ADX=nan, Bull=nan, Bear=nan
2026-01-24 23:00:00,038 - INFO - [EMA] 증분계산: prev=89562.87, close=89321.7, new=89544.32
2026-01-24 23:00:00,048 - INFO - 15m | 13:45 | O:89490.2 H:89500.0 L:89315.6 C:89321.7
2026-01-24 23:00:00,048 - INFO - 지표: ADX=16.2, ATR=56.0, Bull=False, Bear=True
2026-01-24 23:00:44,135 - INFO - [상태] 포지션 없음, 자본금: $4897.66
2026-01-24 23:00:44,135 - INFO - [지표] ADX=nan, Bull=nan, Bear=nan
2026-01-24 23:05:44,136 - INFO - [상태] 포지션 없음, 자본금: $4897.66
2026-01-24 23:05:44,136 - INFO - [지표] ADX=nan, Bull=nan, Bear=nan
2026-01-24 23:10:44,137 - INFO - [상태] 포지션 없음, 자본금: $4897.66
2026-01-24 23:10:44,138 - INFO - [지표] ADX=nan, Bull=nan, Bear=nan
2026-01-24 23:15:00,059 - INFO - [EMA] 증분계산: prev=89544.32, close=89430.2, new=89535.54
2026-01-24 23:15:00,069 - INFO - 15m | 14:00 | O:89321.7 H:89452.8 L:89131.2 C:89430.2
2026-01-24 23:15:00,069 - INFO - 지표: ADX=19.9, ATR=82.6, Bull=False, Bear=True
2026-01-24 23:15:44,139 - INFO - [상태] 포지션 없음, 자본금: $4897.66
2026-01-24 23:15:44,139 - INFO - [지표] ADX=nan, Bull=nan, Bear=nan
2026-01-24 23:20:44,140 - INFO - [상태] 포지션 없음, 자본금: $4897.66
2026-01-24 23:20:44,140 - INFO - [지표] ADX=nan, Bull=nan, Bear=nan
2026-01-24 23:25:44,142 - INFO - [상태] 포지션 없음, 자본금: $4897.66
2026-01-24 23:25:44,142 - INFO - [지표] ADX=nan, Bull=nan, Bear=nan
2026-01-24 23:30:00,319 - INFO - [EMA] 증분계산: prev=89535.54, close=89425.1, new=89527.05
2026-01-24 23:30:00,329 - INFO - 15m | 14:15 | O:89430.2 H:89431.8 L:89388.4 C:89425.1
2026-01-24 23:30:00,329 - INFO - 지표: ADX=23.3, ATR=78.7, Bull=False, Bear=True
2026-01-24 23:30:44,143 - INFO - [상태] 포지션 없음, 자본금: $4897.66
2026-01-24 23:30:44,144 - INFO - [지표] ADX=nan, Bull=nan, Bear=nan
2026-01-24 23:35:44,146 - INFO - [상태] 포지션 없음, 자본금: $4897.66
2026-01-24 23:35:44,147 - INFO - [지표] ADX=nan, Bull=nan, Bear=nan
2026-01-24 23:40:44,148 - INFO - [상태] 포지션 없음, 자본금: $4897.66
2026-01-24 23:40:44,148 - INFO - [지표] ADX=nan, Bull=nan, Bear=nan
2026-01-24 23:45:00,438 - INFO - [EMA] 증분계산: prev=89527.05, close=89453.6, new=89521.40
2026-01-24 23:45:00,445 - INFO - 15m | 14:30 | O:89425.1 H:89471.7 L:89392.1 C:89453.6
2026-01-24 23:45:00,445 - INFO - 지표: ADX=25.6, ATR=78.8, Bull=False, Bear=True
2026-01-24 23:45:44,149 - INFO - [상태] 포지션 없음, 자본금: $4897.66
2026-01-24 23:45:44,149 - INFO - [지표] ADX=nan, Bull=nan, Bear=nan
2026-01-24 23:50:44,150 - INFO - [상태] 포지션 없음, 자본금: $4897.66
2026-01-24 23:50:44,150 - INFO - [지표] ADX=nan, Bull=nan, Bear=nan
2026-01-24 23:55:44,151 - INFO - [상태] 포지션 없음, 자본금: $4897.66
2026-01-24 23:55:44,151 - INFO - [지표] ADX=nan, Bull=nan, Bear=nan
2026-01-25 00:00:00,302 - INFO - [EMA] 증분계산: prev=89521.40, close=89407.7, new=89512.65
2026-01-25 00:00:00,309 - INFO - 15m | 14:45 | O:89453.6 H:89453.6 L:89400.8 C:89407.7
2026-01-25 00:00:00,309 - INFO - 지표: ADX=27.8, ATR=76.2, Bull=False, Bear=True
2026-01-25 00:00:44,152 - INFO - [상태] 포지션 없음, 자본금: $4897.66
2026-01-25 00:00:44,153 - INFO - [지표] ADX=nan, Bull=nan, Bear=nan
2026-01-25 00:05:44,155 - INFO - [상태] 포지션 없음, 자본금: $4897.66
2026-01-25 00:05:44,155 - INFO - [지표] ADX=nan, Bull=nan, Bear=nan
2026-01-25 00:10:44,156 - INFO - [상태] 포지션 없음, 자본금: $4897.66
2026-01-25 00:10:44,157 - INFO - [지표] ADX=nan, Bull=nan, Bear=nan
2026-01-25 00:15:00,118 - INFO - [EMA] 증분계산: prev=89512.65, close=89420.3, new=89505.55
2026-01-25 00:15:00,125 - INFO - 15m | 15:00 | O:89407.7 H:89456.7 L:89384.5 C:89420.3
2026-01-25 00:15:00,125 - INFO - 지표: ADX=29.9, ATR=75.8, Bull=False, Bear=True
2026-01-25 00:15:44,158 - INFO - [상태] 포지션 없음, 자본금: $4897.66
2026-01-25 00:15:44,158 - INFO - [지표] ADX=nan, Bull=nan, Bear=nan
2026-01-25 00:20:44,159 - INFO - [상태] 포지션 없음, 자본금: $4897.66
2026-01-25 00:20:44,160 - INFO - [지표] ADX=nan, Bull=nan, Bear=nan
2026-01-25 00:25:44,160 - INFO - [상태] 포지션 없음, 자본금: $4897.66
2026-01-25 00:25:44,161 - INFO - [지표] ADX=nan, Bull=nan, Bear=nan
2026-01-25 00:30:00,349 - INFO - [EMA] 증분계산: prev=89505.55, close=89354.5, new=89493.93
2026-01-25 00:30:00,356 - INFO - 15m | 15:15 | O:89420.3 H:89423.2 L:89342.6 C:89354.5
2026-01-25 00:30:00,356 - INFO - 지표: ADX=32.1, ATR=76.2, Bull=False, Bear=True
2026-01-25 00:30:44,162 - INFO - [상태] 포지션 없음, 자본금: $4897.66
2026-01-25 00:30:44,162 - INFO - [지표] ADX=nan, Bull=nan, Bear=nan
2026-01-25 00:35:44,162 - INFO - [상태] 포지션 없음, 자본금: $4897.66
2026-01-25 00:35:44,163 - INFO - [지표] ADX=nan, Bull=nan, Bear=nan
2026-01-25 00:40:44,163 - INFO - [상태] 포지션 없음, 자본금: $4897.66
2026-01-25 00:40:44,164 - INFO - [지표] ADX=nan, Bull=nan, Bear=nan
2026-01-25 00:45:01,421 - INFO - [EMA] 증분계산: prev=89493.93, close=89300.0, new=89479.01
2026-01-25 00:45:01,431 - INFO - 15m | 15:30 | O:89354.5 H:89388.3 L:89288.0 C:89300.0
2026-01-25 00:45:01,431 - INFO - 지표: ADX=34.4, ATR=78.7, Bull=False, Bear=True
2026-01-25 00:45:44,165 - INFO - [상태] 포지션 없음, 자본금: $4897.66
2026-01-25 00:45:44,165 - INFO - [지표] ADX=nan, Bull=nan, Bear=nan
2026-01-25 00:50:44,166 - INFO - [상태] 포지션 없음, 자본금: $4897.66
2026-01-25 00:50:44,166 - INFO - [지표] ADX=nan, Bull=nan, Bear=nan
2026-01-25 00:55:44,167 - INFO - [상태] 포지션 없음, 자본금: $4897.66
2026-01-25 00:55:44,167 - INFO - [지표] ADX=nan, Bull=nan, Bear=nan
2026-01-25 01:00:00,069 - INFO - [EMA] 증분계산: prev=89479.01, close=89235.0, new=89460.24
2026-01-25 01:00:00,078 - INFO - 15m | 15:45 | O:89300.0 H:89314.2 L:89215.2 C:89235.0
2026-01-25 01:00:00,078 - INFO - 지표: ADX=37.0, ATR=80.7, Bull=False, Bear=True
2026-01-25 01:00:44,169 - INFO - [상태] 포지션 없음, 자본금: $4897.66
2026-01-25 01:00:44,170 - INFO - [지표] ADX=nan, Bull=nan, Bear=nan
2026-01-25 01:05:44,171 - INFO - [상태] 포지션 없음, 자본금: $4897.66
2026-01-25 01:05:44,171 - INFO - [지표] ADX=nan, Bull=nan, Bear=nan
2026-01-25 01:10:44,173 - INFO - [상태] 포지션 없음, 자본금: $4897.66
2026-01-25 01:10:44,174 - INFO - [지표] ADX=nan, Bull=nan, Bear=nan
2026-01-25 01:15:00,564 - INFO - [EMA] 증분계산: prev=89460.24, close=89207.2, new=89440.78
2026-01-25 01:15:00,573 - INFO - 15m | 16:00 | O:89234.9 H:89332.1 L:89137.3 C:89207.2
2026-01-25 01:15:00,573 - INFO - 지표: ADX=39.6, ATR=92.1, Bull=False, Bear=True
2026-01-25 01:15:44,175 - INFO - [상태] 포지션 없음, 자본금: $4897.66
2026-01-25 01:15:44,175 - INFO - [지표] ADX=nan, Bull=nan, Bear=nan
2026-01-25 01:20:44,176 - INFO - [상태] 포지션 없음, 자본금: $4897.66
2026-01-25 01:20:44,177 - INFO - [지표] ADX=nan, Bull=nan, Bear=nan
2026-01-25 01:25:44,177 - INFO - [상태] 포지션 없음, 자본금: $4897.66
2026-01-25 01:25:44,178 - INFO - [지표] ADX=nan, Bull=nan, Bear=nan
2026-01-25 01:30:00,063 - INFO - [EMA] 증분계산: prev=89440.78, close=89220.5, new=89423.83
2026-01-25 01:30:00,070 - INFO - 15m | 16:15 | O:89207.3 H:89232.1 L:89116.9 C:89220.5
2026-01-25 01:30:00,070 - INFO - 지표: ADX=42.1, ATR=94.4, Bull=False, Bear=True
2026-01-25 01:30:44,179 - INFO - [상태] 포지션 없음, 자본금: $4897.66
2026-01-25 01:30:44,180 - INFO - [지표] ADX=nan, Bull=nan, Bear=nan
2026-01-25 01:35:44,181 - INFO - [상태] 포지션 없음, 자본금: $4897.66
2026-01-25 01:35:44,181 - INFO - [지표] ADX=nan, Bull=nan, Bear=nan
2026-01-25 01:40:44,183 - INFO - [상태] 포지션 없음, 자본금: $4897.66
2026-01-25 01:40:44,183 - INFO - [지표] ADX=nan, Bull=nan, Bear=nan
2026-01-25 01:45:00,512 - INFO - [EMA] 증분계산: prev=89423.83, close=89182.7, new=89405.28
2026-01-25 01:45:00,519 - INFO - 15m | 16:30 | O:89220.5 H:89228.7 L:89145.0 C:89182.7
2026-01-25 01:45:00,519 - INFO - 지표: ADX=44.4, ATR=93.3, Bull=False, Bear=True
2026-01-25 01:45:44,184 - INFO - [상태] 포지션 없음, 자본금: $4897.66
2026-01-25 01:45:44,185 - INFO - [지표] ADX=nan, Bull=nan, Bear=nan
2026-01-25 01:50:44,186 - INFO - [상태] 포지션 없음, 자본금: $4897.66
2026-01-25 01:50:44,186 - INFO - [지표] ADX=nan, Bull=nan, Bear=nan
2026-01-25 01:55:44,188 - INFO - [상태] 포지션 없음, 자본금: $4897.66
2026-01-25 01:55:44,189 - INFO - [지표] ADX=nan, Bull=nan, Bear=nan
2026-01-25 02:00:00,586 - INFO - [EMA] 증분계산: prev=89405.28, close=89248.6, new=89393.23
2026-01-25 02:00:00,596 - INFO - 15m | 16:45 | O:89182.7 H:89275.7 L:89135.0 C:89248.6
2026-01-25 02:00:00,596 - INFO - 지표: ADX=45.4, ATR=98.1, Bull=False, Bear=True
2026-01-25 02:00:44,190 - INFO - [상태] 포지션 없음, 자본금: $4897.66
2026-01-25 02:00:44,191 - INFO - [지표] ADX=nan, Bull=nan, Bear=nan
2026-01-25 02:05:44,192 - INFO - [상태] 포지션 없음, 자본금: $4897.66
2026-01-25 02:05:44,192 - INFO - [지표] ADX=nan, Bull=nan, Bear=nan
2026-01-25 02:10:44,193 - INFO - [상태] 포지션 없음, 자본금: $4897.66
2026-01-25 02:10:44,193 - INFO - [지표] ADX=nan, Bull=nan, Bear=nan
2026-01-25 02:15:00,165 - INFO - [EMA] 증분계산: prev=89393.23, close=89338.2, new=89389.00
2026-01-25 02:15:00,171 - INFO - 15m | 17:00 | O:89248.6 H:89370.3 L:89216.4 C:89338.2
2026-01-25 02:15:00,171 - INFO - 지표: ADX=44.6, ATR=103.7, Bull=False, Bear=True
2026-01-25 02:15:44,196 - INFO - [상태] 포지션 없음, 자본금: $4897.66
2026-01-25 02:15:44,196 - INFO - [지표] ADX=nan, Bull=nan, Bear=nan
2026-01-25 02:20:44,197 - INFO - [상태] 포지션 없음, 자본금: $4897.66
2026-01-25 02:20:44,198 - INFO - [지표] ADX=nan, Bull=nan, Bear=nan
2026-01-25 02:25:44,202 - INFO - [상태] 포지션 없음, 자본금: $4897.66
2026-01-25 02:25:44,202 - INFO - [지표] ADX=nan, Bull=nan, Bear=nan
2026-01-25 02:30:00,210 - INFO - [EMA] 증분계산: prev=89389.00, close=89361.1, new=89386.85
2026-01-25 02:30:00,216 - INFO - 15m | 17:15 | O:89338.3 H:89371.6 L:89296.8 C:89361.1
2026-01-25 02:30:00,216 - INFO - 지표: ADX=43.8, ATR=100.8, Bull=False, Bear=True
2026-01-25 02:30:44,204 - INFO - [상태] 포지션 없음, 자본금: $4897.66
2026-01-25 02:30:44,204 - INFO - [지표] ADX=nan, Bull=nan, Bear=nan
2026-01-25 02:35:44,207 - INFO - [상태] 포지션 없음, 자본금: $4897.66
2026-01-25 02:35:44,208 - INFO - [지표] ADX=nan, Bull=nan, Bear=nan
2026-01-25 02:40:44,208 - INFO - [상태] 포지션 없음, 자본금: $4897.66
2026-01-25 02:40:44,209 - INFO - [지표] ADX=nan, Bull=nan, Bear=nan
2026-01-25 02:45:00,353 - INFO - [EMA] 증분계산: prev=89386.85, close=89283.7, new=89378.92
2026-01-25 02:45:00,362 - INFO - 15m | 17:30 | O:89361.0 H:89361.1 L:89281.7 C:89283.7
2026-01-25 02:45:00,363 - INFO - 지표: ADX=43.3, ATR=98.6, Bull=False, Bear=True
2026-01-25 02:45:44,210 - INFO - [상태] 포지션 없음, 자본금: $4897.66
2026-01-25 02:45:44,211 - INFO - [지표] ADX=nan, Bull=nan, Bear=nan
2026-01-25 02:50:44,213 - INFO - [상태] 포지션 없음, 자본금: $4897.66
2026-01-25 02:50:44,213 - INFO - [지표] ADX=nan, Bull=nan, Bear=nan
2026-01-25 02:55:44,214 - INFO - [상태] 포지션 없음, 자본금: $4897.66
2026-01-25 02:55:44,215 - INFO - [지표] ADX=nan, Bull=nan, Bear=nan
2026-01-25 03:00:00,288 - INFO - [EMA] 증분계산: prev=89378.92, close=89369.6, new=89378.20
2026-01-25 03:00:00,295 - INFO - 15m | 17:45 | O:89283.8 H:89369.7 L:89270.6 C:89369.6
2026-01-25 03:00:00,295 - INFO - 지표: ADX=42.8, ATR=98.7, Bull=False, Bear=True
2026-01-25 03:00:44,215 - INFO - [상태] 포지션 없음, 자본금: $4897.66
2026-01-25 03:00:44,215 - INFO - [지표] ADX=nan, Bull=nan, Bear=nan
2026-01-25 03:05:44,217 - INFO - [상태] 포지션 없음, 자본금: $4897.66
2026-01-25 03:05:44,218 - INFO - [지표] ADX=nan, Bull=nan, Bear=nan
2026-01-25 03:10:44,220 - INFO - [상태] 포지션 없음, 자본금: $4897.66
2026-01-25 03:10:44,221 - INFO - [지표] ADX=nan, Bull=nan, Bear=nan
2026-01-25 03:15:00,043 - INFO - [EMA] 증분계산: prev=89378.20, close=89381.5, new=89378.45
2026-01-25 03:15:00,053 - INFO - 15m | 18:00 | O:89369.6 H:89381.5 L:89340.3 C:89381.5
2026-01-25 03:15:00,053 - INFO - 지표: ADX=42.2, ATR=92.9, Bull=False, Bear=True
2026-01-25 03:15:44,222 - INFO - [상태] 포지션 없음, 자본금: $4897.66
2026-01-25 03:15:44,222 - INFO - [지표] ADX=nan, Bull=nan, Bear=nan
2026-01-25 03:20:44,224 - INFO - [상태] 포지션 없음, 자본금: $4897.66
2026-01-25 03:20:44,224 - INFO - [지표] ADX=nan, Bull=nan, Bear=nan
2026-01-25 03:25:44,226 - INFO - [상태] 포지션 없음, 자본금: $4897.66
2026-01-25 03:25:44,226 - INFO - [지표] ADX=nan, Bull=nan, Bear=nan
2026-01-25 03:30:00,292 - INFO - [EMA] 증분계산: prev=89378.45, close=89389.8, new=89379.33
2026-01-25 03:30:00,302 - INFO - 15m | 18:15 | O:89381.5 H:89398.0 L:89357.0 C:89389.8
2026-01-25 03:30:00,302 - INFO - 지표: ADX=41.2, ATR=87.7, Bull=False, Bear=True
2026-01-25 03:30:44,229 - INFO - [상태] 포지션 없음, 자본금: $4897.66
2026-01-25 03:30:44,230 - INFO - [지표] ADX=nan, Bull=nan, Bear=nan
2026-01-25 03:35:44,231 - INFO - [상태] 포지션 없음, 자본금: $4897.66
2026-01-25 03:35:44,231 - INFO - [지표] ADX=nan, Bull=nan, Bear=nan
2026-01-25 03:40:44,233 - INFO - [상태] 포지션 없음, 자본금: $4897.66
2026-01-25 03:40:44,234 - INFO - [지표] ADX=nan, Bull=nan, Bear=nan
2026-01-25 03:45:00,811 - INFO - [EMA] 증분계산: prev=89379.33, close=89377.2, new=89379.16
2026-01-25 03:45:00,818 - INFO - 15m | 18:30 | O:89389.8 H:89425.2 L:89377.1 C:89377.2
2026-01-25 03:45:00,818 - INFO - 지표: ADX=39.8, ATR=83.8, Bull=False, Bear=True
2026-01-25 03:45:00,818 - INFO - [LIVE] SHORT 신호 감지!
2026-01-25 03:45:00,818 - INFO - ==================================================
2026-01-25 03:45:00,818 - INFO - [LIVE] SHORT 진입 준비
2026-01-25 03:45:00,818 - INFO - 진입가: $89377.20
2026-01-25 03:45:00,818 - INFO - 손절가: $89641.30 (0.30%)
2026-01-25 03:45:00,818 - INFO - 익절가: $88927.59 (0.50%)
2026-01-25 03:45:00,818 - INFO - 레버리지: 15.17x
2026-01-25 03:45:00,818 - INFO - 포지션 크기: 0.831280 BTC ($74297.50)
2026-01-25 03:45:00,819 - INFO - ==================================================
2026-01-25 03:45:02,744 - INFO - Leverage 설정: 16x
2026-01-25 03:45:02,789 - INFO - Market Order 체결: SHORT 0.831
2026-01-25 03:45:03,332 - INFO - 실제 체결가: $89379.90, 수량: 0.831000
2026-01-25 03:45:03,370 - INFO - LIMIT Close 주문: SHORT 0.831 @ $88930.3, ID: 890710965129
2026-01-25 03:45:03,370 - INFO - TP 주문 설정: $88930.29
2026-01-25 03:45:03,418 - INFO - STOP_MARKET 주문 (Algo): $89641.3, AlgoID: 3000000402870979
2026-01-25 03:45:03,418 - INFO - SL 주문 설정: $89641.30
2026-01-25 03:45:03,418 - INFO - 거래 기록 저장: ENTRY @ $89379.90
2026-01-25 03:45:03,418 - INFO - [LIVE] SHORT 진입 완료!
2026-01-25 03:45:44,274 - INFO - [상태] 포지션: SHORT, 진입가: $89379.90, 현재가: $89385.50, 미실현PnL: $-4.65
2026-01-25 03:45:44,275 - INFO - [지표] ADX=nan, Bull=nan, Bear=nan
2026-01-25 03:50:44,315 - INFO - [상태] 포지션: SHORT, 진입가: $89379.90, 현재가: $89377.20, 미실현PnL: $2.24
2026-01-25 03:50:44,315 - INFO - [지표] ADX=nan, Bull=nan, Bear=nan
2026-01-25 03:55:44,356 - INFO - [상태] 포지션: SHORT, 진입가: $89379.90, 현재가: $89358.90, 미실현PnL: $17.45
2026-01-25 03:55:44,356 - INFO - [지표] ADX=nan, Bull=nan, Bear=nan
2026-01-25 04:00:00,334 - INFO - [EMA] 증분계산: prev=89379.16, close=89351.6, new=89377.04
2026-01-25 04:00:00,340 - INFO - 15m | 18:45 | O:89377.2 H:89392.1 L:89351.6 C:89351.6
2026-01-25 04:00:00,340 - INFO - 지표: ADX=38.8, ATR=79.4, Bull=False, Bear=True
2026-01-25 04:00:44,397 - INFO - [상태] 포지션: SHORT, 진입가: $89379.90, 현재가: $89351.70, 미실현PnL: $23.43
2026-01-25 04:00:44,397 - INFO - [지표] ADX=nan, Bull=nan, Bear=nan
2026-01-25 04:05:44,438 - INFO - [상태] 포지션: SHORT, 진입가: $89379.90, 현재가: $89306.00, 미실현PnL: $61.41
2026-01-25 04:05:44,438 - INFO - [지표] ADX=nan, Bull=nan, Bear=nan
2026-01-25 04:10:44,479 - INFO - [상태] 포지션: SHORT, 진입가: $89379.90, 현재가: $89294.60, 미실현PnL: $70.88
2026-01-25 04:10:44,479 - INFO - [지표] ADX=nan, Bull=nan, Bear=nan
2026-01-25 04:15:00,619 - INFO - [EMA] 증분계산: prev=89377.04, close=89270.5, new=89368.85
2026-01-25 04:15:00,625 - INFO - 15m | 19:00 | O:89351.7 H:89351.7 L:89270.4 C:89270.5
2026-01-25 04:15:00,625 - INFO - 지표: ADX=38.7, ATR=79.6, Bull=False, Bear=True
2026-01-25 04:15:44,521 - INFO - [상태] 포지션: SHORT, 진입가: $89379.90, 현재가: $89275.90, 미실현PnL: $86.42
2026-01-25 04:15:44,521 - INFO - [지표] ADX=nan, Bull=nan, Bear=nan
2026-01-25 04:20:44,562 - INFO - [상태] 포지션: SHORT, 진입가: $89379.90, 현재가: $89264.60, 미실현PnL: $95.81
2026-01-25 04:20:44,562 - INFO - [지표] ADX=nan, Bull=nan, Bear=nan
2026-01-25 04:25:44,605 - INFO - [상태] 포지션: SHORT, 진입가: $89379.90, 현재가: $89242.10, 미실현PnL: $114.51
2026-01-25 04:25:44,606 - INFO - [지표] ADX=nan, Bull=nan, Bear=nan
2026-01-25 04:30:01,811 - INFO - [EMA] 증분계산: prev=89368.85, close=89253.6, new=89359.98
2026-01-25 04:30:01,817 - INFO - 15m | 19:15 | O:89270.4 H:89276.0 L:89230.2 C:89253.6
2026-01-25 04:30:01,817 - INFO - 지표: ADX=39.0, ATR=76.2, Bull=False, Bear=True
2026-01-25 04:30:44,650 - INFO - [상태] 포지션: SHORT, 진입가: $89379.90, 현재가: $89253.60, 미실현PnL: $104.96
2026-01-25 04:30:44,651 - INFO - [지표] ADX=nan, Bull=nan, Bear=nan
2026-01-25 04:35:44,695 - INFO - [상태] 포지션: SHORT, 진입가: $89379.90, 현재가: $89279.00, 미실현PnL: $83.85
2026-01-25 04:35:44,695 - INFO - [지표] ADX=nan, Bull=nan, Bear=nan
2026-01-25 04:40:44,738 - INFO - [상태] 포지션: SHORT, 진입가: $89379.90, 현재가: $89273.60, 미실현PnL: $88.34
2026-01-25 04:40:44,738 - INFO - [지표] ADX=nan, Bull=nan, Bear=nan
2026-01-25 04:45:00,133 - INFO - [EMA] 증분계산: prev=89359.98, close=89295.8, new=89355.05
2026-01-25 04:45:00,139 - INFO - 15m | 19:30 | O:89253.7 H:89295.8 L:89247.6 C:89295.8
2026-01-25 04:45:00,139 - INFO - 지표: ADX=38.8, ATR=73.4, Bull=False, Bear=True
2026-01-25 04:45:44,781 - INFO - [상태] 포지션: SHORT, 진입가: $89379.90, 현재가: $89304.80, 미실현PnL: $62.41
2026-01-25 04:45:44,781 - INFO - [지표] ADX=nan, Bull=nan, Bear=nan
2026-01-25 04:50:44,823 - INFO - [상태] 포지션: SHORT, 진입가: $89379.90, 현재가: $89282.60, 미실현PnL: $80.86
2026-01-25 04:50:44,823 - INFO - [지표] ADX=nan, Bull=nan, Bear=nan
2026-01-25 04:55:44,865 - INFO - [상태] 포지션: SHORT, 진입가: $89379.90, 현재가: $89289.90, 미실현PnL: $74.79
2026-01-25 04:55:44,865 - INFO - [지표] ADX=nan, Bull=nan, Bear=nan
2026-01-25 05:00:01,378 - INFO - [EMA] 증분계산: prev=89355.05, close=89286.0, new=89349.73
2026-01-25 05:00:01,384 - INFO - 15m | 19:45 | O:89295.7 H:89321.2 L:89274.8 C:89286.0
2026-01-25 05:00:01,384 - INFO - 지표: ADX=38.2, ATR=70.7, Bull=False, Bear=True
2026-01-25 05:00:44,907 - INFO - [상태] 포지션: SHORT, 진입가: $89379.90, 현재가: $89286.10, 미실현PnL: $77.95
2026-01-25 05:00:44,907 - INFO - [지표] ADX=nan, Bull=nan, Bear=nan
2026-01-25 05:05:44,947 - INFO - [상태] 포지션: SHORT, 진입가: $89379.90, 현재가: $89336.80, 미실현PnL: $35.82
2026-01-25 05:05:44,948 - INFO - [지표] ADX=nan, Bull=nan, Bear=nan
2026-01-25 05:10:44,992 - INFO - [상태] 포지션: SHORT, 진입가: $89379.90, 현재가: $89329.90, 미실현PnL: $41.55
2026-01-25 05:10:44,992 - INFO - [지표] ADX=nan, Bull=nan, Bear=nan
2026-01-25 05:15:00,613 - INFO - [EMA] 증분계산: prev=89349.73, close=89337.0, new=89348.75
2026-01-25 05:15:00,623 - INFO - 15m | 20:00 | O:89286.1 H:89342.2 L:89286.0 C:89337.0
2026-01-25 05:15:00,623 - INFO - 지표: ADX=37.2, ATR=69.3, Bull=False, Bear=True
2026-01-25 05:15:45,036 - INFO - [상태] 포지션: SHORT, 진입가: $89379.90, 현재가: $89346.60, 미실현PnL: $27.67
2026-01-25 05:15:45,037 - INFO - [지표] ADX=nan, Bull=nan, Bear=nan
2026-01-25 05:20:45,077 - INFO - [상태] 포지션: SHORT, 진입가: $89379.90, 현재가: $89330.90, 미실현PnL: $40.72
2026-01-25 05:20:45,078 - INFO - [지표] ADX=nan, Bull=nan, Bear=nan
2026-01-25 05:25:45,119 - INFO - [상태] 포지션: SHORT, 진입가: $89379.90, 현재가: $89350.60, 미실현PnL: $24.35
2026-01-25 05:25:45,119 - INFO - [지표] ADX=nan, Bull=nan, Bear=nan
2026-01-25 05:30:00,152 - INFO - [EMA] 증분계산: prev=89348.75, close=89362.7, new=89349.83
2026-01-25 05:30:00,162 - INFO - 15m | 20:15 | O:89337.1 H:89365.6 L:89330.8 C:89362.7
2026-01-25 05:30:00,162 - INFO - 지표: ADX=35.7, ATR=65.8, Bull=False, Bear=True
2026-01-25 05:30:45,160 - INFO - [상태] 포지션: SHORT, 진입가: $89379.90, 현재가: $89347.00, 미실현PnL: $27.34
2026-01-25 05:30:45,160 - INFO - [지표] ADX=nan, Bull=nan, Bear=nan
2026-01-25 05:35:45,202 - INFO - [상태] 포지션: SHORT, 진입가: $89379.90, 현재가: $89348.60, 미실현PnL: $26.01
2026-01-25 05:35:45,203 - INFO - [지표] ADX=nan, Bull=nan, Bear=nan
2026-01-25 05:40:45,243 - INFO - [상태] 포지션: SHORT, 진입가: $89379.90, 현재가: $89337.50, 미실현PnL: $35.23
2026-01-25 05:40:45,243 - INFO - [지표] ADX=nan, Bull=nan, Bear=nan
2026-01-25 05:45:03,038 - INFO - [EMA] 증분계산: prev=89349.83, close=89337.4, new=89348.87
2026-01-25 05:45:03,045 - INFO - 15m | 20:30 | O:89362.7 H:89362.8 L:89334.9 C:89337.4
2026-01-25 05:45:03,045 - INFO - 지표: ADX=34.4, ATR=62.0, Bull=False, Bear=True
2026-01-25 05:45:45,285 - INFO - [상태] 포지션: SHORT, 진입가: $89379.90, 현재가: $89337.50, 미실현PnL: $35.23
2026-01-25 05:45:45,285 - INFO - [지표] ADX=nan, Bull=nan, Bear=nan
2026-01-25 05:50:45,327 - INFO - [상태] 포지션: SHORT, 진입가: $89379.90, 현재가: $89341.30, 미실현PnL: $32.08
2026-01-25 05:50:45,327 - INFO - [지표] ADX=nan, Bull=nan, Bear=nan
2026-01-25 05:55:45,369 - INFO - [상태] 포지션: SHORT, 진입가: $89379.90, 현재가: $89341.40, 미실현PnL: $31.99
2026-01-25 05:55:45,369 - INFO - [지표] ADX=nan, Bull=nan, Bear=nan
2026-01-25 06:00:03,020 - INFO - [EMA] 증분계산: prev=89348.87, close=89333.7, new=89347.70
2026-01-25 06:00:03,030 - INFO - 15m | 20:45 | O:89337.4 H:89341.4 L:89331.6 C:89333.7
2026-01-25 06:00:03,030 - INFO - 지표: ADX=33.3, ATR=56.8, Bull=False, Bear=True
2026-01-25 06:00:45,410 - INFO - [상태] 포지션: SHORT, 진입가: $89379.90, 현재가: $89335.70, 미실현PnL: $36.73
2026-01-25 06:00:45,410 - INFO - [지표] ADX=nan, Bull=nan, Bear=nan
2026-01-25 06:05:45,452 - INFO - [상태] 포지션: SHORT, 진입가: $89379.90, 현재가: $89253.40, 미실현PnL: $105.12
2026-01-25 06:05:45,453 - INFO - [지표] ADX=nan, Bull=nan, Bear=nan
2026-01-25 06:10:45,496 - INFO - [상태] 포지션: SHORT, 진입가: $89379.90, 현재가: $89253.70, 미실현PnL: $104.87
2026-01-25 06:10:45,496 - INFO - [지표] ADX=nan, Bull=nan, Bear=nan
2026-01-25 06:15:00,551 - INFO - [EMA] 증분계산: prev=89347.70, close=89248.0, new=89340.03
2026-01-25 06:15:00,561 - INFO - 15m | 21:00 | O:89333.7 H:89335.7 L:89219.6 C:89248.0
2026-01-25 06:15:00,561 - INFO - 지표: ADX=33.6, ATR=62.7, Bull=False, Bear=True
2026-01-25 06:15:45,542 - INFO - [상태] 포지션: SHORT, 진입가: $89379.90, 현재가: $89243.70, 미실현PnL: $113.18
2026-01-25 06:15:45,542 - INFO - [지표] ADX=nan, Bull=nan, Bear=nan
2026-01-25 06:20:45,586 - INFO - [상태] 포지션: SHORT, 진입가: $89379.90, 현재가: $89265.20, 미실현PnL: $95.32
2026-01-25 06:20:45,587 - INFO - [지표] ADX=nan, Bull=nan, Bear=nan
2026-01-25 06:25:45,627 - INFO - [상태] 포지션: SHORT, 진입가: $89379.90, 현재가: $89292.90, 미실현PnL: $72.30
2026-01-25 06:25:45,628 - INFO - [지표] ADX=nan, Bull=nan, Bear=nan
2026-01-25 06:30:00,743 - INFO - [EMA] 증분계산: prev=89340.03, close=89285.6, new=89335.85
2026-01-25 06:30:00,752 - INFO - 15m | 21:15 | O:89248.0 H:89301.5 L:89239.7 C:89285.6
2026-01-25 06:30:00,753 - INFO - 지표: ADX=33.8, ATR=62.7, Bull=False, Bear=True
2026-01-25 06:30:45,672 - INFO - [상태] 포지션: SHORT, 진입가: $89379.90, 현재가: $89285.50, 미실현PnL: $78.45
2026-01-25 06:30:45,672 - INFO - [지표] ADX=nan, Bull=nan, Bear=nan
2026-01-25 06:35:45,720 - INFO - [상태] 포지션: SHORT, 진입가: $89379.90, 현재가: $89284.10, 미실현PnL: $79.61
2026-01-25 06:35:45,720 - INFO - [지표] ADX=nan, Bull=nan, Bear=nan
2026-01-25 06:40:45,761 - INFO - [상태] 포지션: SHORT, 진입가: $89379.90, 현재가: $89286.00, 미실현PnL: $78.03
2026-01-25 06:40:45,761 - INFO - [지표] ADX=nan, Bull=nan, Bear=nan
2026-01-25 06:45:00,235 - INFO - [EMA] 증분계산: prev=89335.85, close=89326.7, new=89335.14
2026-01-25 06:45:00,244 - INFO - 15m | 21:30 | O:89285.6 H:89326.7 L:89266.7 C:89326.7
2026-01-25 06:45:00,244 - INFO - 지표: ADX=33.5, ATR=62.4, Bull=False, Bear=True
2026-01-25 06:45:45,800 - INFO - [상태] 포지션: SHORT, 진입가: $89379.90, 현재가: $89308.90, 미실현PnL: $59.00
2026-01-25 06:45:45,801 - INFO - [지표] ADX=nan, Bull=nan, Bear=nan
2026-01-25 06:50:45,840 - INFO - [상태] 포지션: SHORT, 진입가: $89379.90, 현재가: $89301.90, 미실현PnL: $64.82
2026-01-25 06:50:45,841 - INFO - [지표] ADX=nan, Bull=nan, Bear=nan
2026-01-25 06:55:45,886 - INFO - [상태] 포지션: SHORT, 진입가: $89379.90, 현재가: $89320.80, 미실현PnL: $49.11
2026-01-25 06:55:45,886 - INFO - [지표] ADX=nan, Bull=nan, Bear=nan
2026-01-25 07:00:00,272 - INFO - [EMA] 증분계산: prev=89335.14, close=89340.6, new=89335.56
2026-01-25 07:00:00,281 - INFO - 15m | 21:45 | O:89326.7 H:89340.6 L:89284.6 C:89340.6
2026-01-25 07:00:00,281 - INFO - 지표: ADX=32.9, ATR=61.7, Bull=False, Bear=True
2026-01-25 07:00:45,928 - INFO - [상태] 포지션: SHORT, 진입가: $89379.90, 현재가: $89344.00, 미실현PnL: $29.83
2026-01-25 07:00:45,928 - INFO - [지표] ADX=nan, Bull=nan, Bear=nan
2026-01-25 07:05:45,970 - INFO - [상태] 포지션: SHORT, 진입가: $89379.90, 현재가: $89360.10, 미실현PnL: $16.45
2026-01-25 07:05:45,970 - INFO - [지표] ADX=nan, Bull=nan, Bear=nan
2026-01-25 07:10:46,012 - INFO - [상태] 포지션: SHORT, 진입가: $89379.90, 현재가: $89361.90, 미실현PnL: $14.96
2026-01-25 07:10:46,012 - INFO - [지표] ADX=nan, Bull=nan, Bear=nan
2026-01-25 07:15:00,111 - INFO - [EMA] 증분계산: prev=89335.56, close=89426.0, new=89342.52
2026-01-25 07:15:00,121 - INFO - 15m | 22:00 | O:89340.6 H:89444.4 L:89340.6 C:89426.0
2026-01-25 07:15:00,121 - INFO - 지표: ADX=30.6, ATR=66.0, Bull=False, Bear=True
2026-01-25 07:15:46,058 - INFO - [상태] 포지션: SHORT, 진입가: $89379.90, 현재가: $89425.00, 미실현PnL: $-37.48
2026-01-25 07:15:46,058 - INFO - [지표] ADX=nan, Bull=nan, Bear=nan
2026-01-25 07:20:46,102 - INFO - [상태] 포지션: SHORT, 진입가: $89379.90, 현재가: $89386.20, 미실현PnL: $-5.24
2026-01-25 07:20:46,102 - INFO - [지표] ADX=nan, Bull=nan, Bear=nan
2026-01-25 07:25:46,143 - INFO - [상태] 포지션: SHORT, 진입가: $89379.90, 현재가: $89371.20, 미실현PnL: $7.23
2026-01-25 07:25:46,143 - INFO - [지표] ADX=nan, Bull=nan, Bear=nan
2026-01-25 07:30:00,552 - INFO - [EMA] 증분계산: prev=89342.52, close=89358.1, new=89343.72
2026-01-25 07:30:00,562 - INFO - 15m | 22:15 | O:89426.1 H:89444.4 L:89358.1 C:89358.1
2026-01-25 07:30:00,562 - INFO - 지표: ADX=28.5, ATR=68.0, Bull=False, Bear=True
2026-01-25 07:30:46,186 - INFO - [상태] 포지션: SHORT, 진입가: $89379.90, 현재가: $89357.30, 미실현PnL: $18.78
2026-01-25 07:30:46,186 - INFO - [지표] ADX=nan, Bull=nan, Bear=nan
2026-01-25 07:35:46,230 - INFO - [상태] 포지션: SHORT, 진입가: $89379.90, 현재가: $89341.10, 미실현PnL: $32.24
2026-01-25 07:35:46,230 - INFO - [지표] ADX=nan, Bull=nan, Bear=nan
2026-01-25 07:40:46,271 - INFO - [상태] 포지션: SHORT, 진입가: $89379.90, 현재가: $89296.00, 미실현PnL: $69.72
2026-01-25 07:40:46,271 - INFO - [지표] ADX=nan, Bull=nan, Bear=nan
2026-01-25 07:45:00,609 - INFO - [EMA] 증분계산: prev=89343.72, close=89257.1, new=89337.06
2026-01-25 07:45:00,618 - INFO - 15m | 22:30 | O:89358.2 H:89358.2 L:89257.0 C:89257.1
2026-01-25 07:45:00,618 - INFO - 지표: ADX=27.8, ATR=71.3, Bull=False, Bear=True
2026-01-25 07:45:46,314 - INFO - [상태] 포지션: SHORT, 진입가: $89379.90, 현재가: $89310.10, 미실현PnL: $58.00
2026-01-25 07:45:46,314 - INFO - [지표] ADX=nan, Bull=nan, Bear=nan
2026-01-25 07:50:46,359 - INFO - [상태] 포지션: SHORT, 진입가: $89379.90, 현재가: $89327.70, 미실현PnL: $43.38
2026-01-25 07:50:46,359 - INFO - [지표] ADX=nan, Bull=nan, Bear=nan
2026-01-25 07:55:46,401 - INFO - [상태] 포지션: SHORT, 진입가: $89379.90, 현재가: $89329.50, 미실현PnL: $41.88
2026-01-25 07:55:46,402 - INFO - [지표] ADX=nan, Bull=nan, Bear=nan
2026-01-25 08:00:00,271 - INFO - [EMA] 증분계산: prev=89337.06, close=89390.0, new=89341.13
2026-01-25 08:00:00,281 - INFO - 15m | 22:45 | O:89257.1 H:89390.0 L:89257.0 C:89390.0
2026-01-25 08:00:00,281 - INFO - 지표: ADX=26.6, ATR=77.5, Bull=False, Bear=True
2026-01-25 08:00:46,442 - INFO - [상태] 포지션: SHORT, 진입가: $89379.90, 현재가: $89430.00, 미실현PnL: $-41.63
2026-01-25 08:00:46,443 - INFO - [지표] ADX=nan, Bull=nan, Bear=nan
2026-01-25 08:05:46,484 - INFO - [상태] 포지션: SHORT, 진입가: $89379.90, 현재가: $89347.60, 미실현PnL: $26.84
2026-01-25 08:05:46,485 - INFO - [지표] ADX=nan, Bull=nan, Bear=nan
2026-01-25 08:10:46,534 - INFO - [상태] 포지션: SHORT, 진입가: $89379.90, 현재가: $89307.80, 미실현PnL: $59.92
2026-01-25 08:10:46,534 - INFO - [지표] ADX=nan, Bull=nan, Bear=nan
2026-01-25 08:15:00,617 - INFO - [EMA] 증분계산: prev=89341.13, close=89317.9, new=89339.34
2026-01-25 08:15:00,623 - INFO - 15m | 23:00 | O:89390.0 H:89436.7 L:89252.5 C:89317.9
2026-01-25 08:15:00,624 - INFO - 지표: ADX=24.8, ATR=88.2, Bull=False, Bear=True
2026-01-25 08:15:46,576 - INFO - [상태] 포지션: SHORT, 진입가: $89379.90, 현재가: $89331.10, 미실현PnL: $40.55
2026-01-25 08:15:46,577 - INFO - [지표] ADX=nan, Bull=nan, Bear=nan
2026-01-25 08:20:46,618 - INFO - [상태] 포지션: SHORT, 진입가: $89379.90, 현재가: $89331.30, 미실현PnL: $40.39
2026-01-25 08:20:46,619 - INFO - [지표] ADX=nan, Bull=nan, Bear=nan
2026-01-25 08:25:46,661 - INFO - [상태] 포지션: SHORT, 진입가: $89379.90, 현재가: $89326.90, 미실현PnL: $44.04
2026-01-25 08:25:46,662 - INFO - [지표] ADX=nan, Bull=nan, Bear=nan
2026-01-25 08:30:00,676 - INFO - [EMA] 증분계산: prev=89339.34, close=89347.8, new=89339.99
2026-01-25 08:30:00,682 - INFO - 15m | 23:15 | O:89317.9 H:89347.8 L:89285.3 C:89347.8
2026-01-25 08:30:00,682 - INFO - 지표: ADX=23.1, ATR=85.6, Bull=False, Bear=True
2026-01-25 08:30:46,706 - INFO - [상태] 포지션: SHORT, 진입가: $89379.90, 현재가: $89334.90, 미실현PnL: $37.39
2026-01-25 08:30:46,706 - INFO - [지표] ADX=nan, Bull=nan, Bear=nan
2026-01-25 08:35:46,748 - INFO - [상태] 포지션: SHORT, 진입가: $89379.90, 현재가: $89313.90, 미실현PnL: $54.85
2026-01-25 08:35:46,749 - INFO - [지표] ADX=nan, Bull=nan, Bear=nan
2026-01-25 08:40:46,790 - INFO - [상태] 포지션: SHORT, 진입가: $89379.90, 현재가: $89304.10, 미실현PnL: $62.99
2026-01-25 08:40:46,790 - INFO - [지표] ADX=nan, Bull=nan, Bear=nan
2026-01-25 08:45:00,265 - INFO - [EMA] 증분계산: prev=89339.99, close=89275.8, new=89335.05
2026-01-25 08:45:00,274 - INFO - 15m | 23:30 | O:89347.7 H:89347.7 L:89275.8 C:89275.8
2026-01-25 08:45:00,274 - INFO - 지표: ADX=21.7, ATR=84.2, Bull=False, Bear=True
2026-01-25 08:45:46,832 - INFO - [상태] 포지션: SHORT, 진입가: $89379.90, 현재가: $89263.50, 미실현PnL: $96.73
2026-01-25 08:45:46,832 - INFO - [지표] ADX=nan, Bull=nan, Bear=nan
2026-01-25 08:50:46,874 - INFO - [상태] 포지션: SHORT, 진입가: $89379.90, 현재가: $89296.40, 미실현PnL: $69.39
2026-01-25 08:50:46,874 - INFO - [지표] ADX=nan, Bull=nan, Bear=nan
2026-01-25 08:55:46,920 - INFO - [상태] 포지션: SHORT, 진입가: $89379.90, 현재가: $89258.70, 미실현PnL: $100.72
2026-01-25 08:55:46,920 - INFO - [지표] ADX=nan, Bull=nan, Bear=nan
