2026-01-28 09:00:01,594 - INFO - === 로그 파일 시작: logs/hyper_2026-01-28.log ===
2026-01-28 09:00:01,594 - INFO - [EMA] 증분계산: prev=88783.45, close=89111.9, new=88808.72
2026-01-28 09:00:01,600 - INFO - 15m | 23:45 | O:89293.6 H:89368.8 L:89071.2 C:89111.9
2026-01-28 09:00:01,601 - INFO - 지표: ADX=33.6, ATR=281.4, Bull=True, Bear=False
2026-01-28 09:00:50,031 - INFO - [상태] 포지션 없음, 자본금: $6301.33
2026-01-28 09:00:50,031 - INFO - [지표] ADX=nan, Bull=nan, Bear=nan
2026-01-28 09:05:50,037 - INFO - [상태] 포지션 없음, 자본금: $6301.33
2026-01-28 09:05:50,037 - INFO - [지표] ADX=nan, Bull=nan, Bear=nan
2026-01-28 09:10:50,042 - INFO - [상태] 포지션 없음, 자본금: $6301.33
2026-01-28 09:10:50,043 - INFO - [지표] ADX=nan, Bull=nan, Bear=nan
2026-01-28 09:15:00,066 - INFO - [EMA] 증분계산: prev=88808.72, close=89120.1, new=88832.67
2026-01-28 09:15:00,072 - INFO - 15m | 00:00 | O:89112.0 H:89155.2 L:89015.5 C:89120.1
2026-01-28 09:15:00,072 - INFO - 지표: ADX=32.8, ATR=269.6, Bull=True, Bear=False
2026-01-28 09:15:50,044 - INFO - [상태] 포지션 없음, 자본금: $6301.33
2026-01-28 09:15:50,044 - INFO - [지표] ADX=nan, Bull=nan, Bear=nan
2026-01-28 09:20:50,048 - INFO - [상태] 포지션 없음, 자본금: $6301.33
2026-01-28 09:20:50,048 - INFO - [지표] ADX=nan, Bull=nan, Bear=nan
2026-01-28 09:25:50,050 - INFO - [상태] 포지션 없음, 자본금: $6301.33
2026-01-28 09:25:50,050 - INFO - [지표] ADX=nan, Bull=nan, Bear=nan
2026-01-28 09:30:01,164 - INFO - [EMA] 증분계산: prev=88832.67, close=89185.0, new=88859.77
2026-01-28 09:30:01,171 - INFO - 15m | 00:15 | O:89120.0 H:89284.0 L:89034.9 C:89185.0
2026-01-28 09:30:01,171 - INFO - 지표: ADX=32.4, ATR=267.9, Bull=True, Bear=False
2026-01-28 09:30:50,053 - INFO - [상태] 포지션 없음, 자본금: $6301.33
2026-01-28 09:30:50,053 - INFO - [지표] ADX=nan, Bull=nan, Bear=nan
2026-01-28 09:35:50,054 - INFO - [상태] 포지션 없음, 자본금: $6301.33
2026-01-28 09:35:50,054 - INFO - [지표] ADX=nan, Bull=nan, Bear=nan
2026-01-28 09:40:50,055 - INFO - [상태] 포지션 없음, 자본금: $6301.33
2026-01-28 09:40:50,056 - INFO - [지표] ADX=nan, Bull=nan, Bear=nan
2026-01-28 09:45:00,030 - INFO - [EMA] 증분계산: prev=88859.77, close=89076.0, new=88876.40
2026-01-28 09:45:00,040 - INFO - 15m | 00:30 | O:89185.0 H:89185.0 L:89026.2 C:89076.0
2026-01-28 09:45:00,040 - INFO - 지표: ADX=32.1, ATR=258.8, Bull=True, Bear=False
2026-01-28 09:45:50,057 - INFO - [상태] 포지션 없음, 자본금: $6301.33
2026-01-28 09:45:50,057 - INFO - [지표] ADX=nan, Bull=nan, Bear=nan
2026-01-28 09:50:50,057 - INFO - [상태] 포지션 없음, 자본금: $6301.33
2026-01-28 09:50:50,057 - INFO - [지표] ADX=nan, Bull=nan, Bear=nan
2026-01-28 09:55:50,058 - INFO - [상태] 포지션 없음, 자본금: $6301.33
2026-01-28 09:55:50,059 - INFO - [지표] ADX=nan, Bull=nan, Bear=nan
2026-01-28 10:00:00,067 - INFO - [EMA] 증분계산: prev=88876.40, close=89344.4, new=88912.40
2026-01-28 10:00:00,076 - INFO - 15m | 00:45 | O:89076.0 H:89349.1 L:89066.1 C:89344.4
2026-01-28 10:00:00,077 - INFO - 지표: ADX=32.2, ATR=260.8, Bull=True, Bear=False
2026-01-28 10:00:50,061 - INFO - [상태] 포지션 없음, 자본금: $6301.33
2026-01-28 10:00:50,061 - INFO - [지표] ADX=nan, Bull=nan, Bear=nan
2026-01-28 10:05:50,064 - INFO - [상태] 포지션 없음, 자본금: $6301.33
2026-01-28 10:05:50,064 - INFO - [지표] ADX=nan, Bull=nan, Bear=nan
2026-01-28 10:10:50,065 - INFO - [상태] 포지션 없음, 자본금: $6301.33
2026-01-28 10:10:50,065 - INFO - [지표] ADX=nan, Bull=nan, Bear=nan
2026-01-28 10:15:00,168 - INFO - [EMA] 증분계산: prev=88912.40, close=89259.9, new=88939.13
2026-01-28 10:15:00,177 - INFO - 15m | 01:00 | O:89342.6 H:89364.6 L:89214.8 C:89259.9
2026-01-28 10:15:00,177 - INFO - 지표: ADX=32.5, ATR=251.6, Bull=True, Bear=False
2026-01-28 10:15:50,066 - INFO - [상태] 포지션 없음, 자본금: $6301.33
2026-01-28 10:15:50,066 - INFO - [지표] ADX=nan, Bull=nan, Bear=nan
2026-01-28 10:20:50,070 - INFO - [상태] 포지션 없음, 자본금: $6301.33
2026-01-28 10:20:50,070 - INFO - [지표] ADX=nan, Bull=nan, Bear=nan
2026-01-28 10:25:50,073 - INFO - [상태] 포지션 없음, 자본금: $6301.33
2026-01-28 10:25:50,074 - INFO - [지표] ADX=nan, Bull=nan, Bear=nan
2026-01-28 10:30:00,786 - INFO - [EMA] 증분계산: prev=88939.13, close=89200.8, new=88959.26
2026-01-28 10:30:00,793 - INFO - 15m | 01:15 | O:89260.0 H:89376.2 L:89146.8 C:89200.8
2026-01-28 10:30:00,793 - INFO - 지표: ADX=32.2, ATR=249.7, Bull=True, Bear=False
2026-01-28 10:30:50,075 - INFO - [상태] 포지션 없음, 자본금: $6301.33
2026-01-28 10:30:50,076 - INFO - [지표] ADX=nan, Bull=nan, Bear=nan
2026-01-28 10:35:50,079 - INFO - [상태] 포지션 없음, 자본금: $6301.33
2026-01-28 10:35:50,080 - INFO - [지표] ADX=nan, Bull=nan, Bear=nan
2026-01-28 10:40:50,085 - INFO - [상태] 포지션 없음, 자본금: $6301.33
2026-01-28 10:40:50,085 - INFO - [지표] ADX=nan, Bull=nan, Bear=nan
2026-01-28 10:45:01,673 - INFO - [EMA] 증분계산: prev=88959.26, close=89230.3, new=88980.11
2026-01-28 10:45:01,683 - INFO - 15m | 01:30 | O:89200.8 H:89248.9 L:89065.0 C:89230.3
2026-01-28 10:45:01,683 - INFO - 지표: ADX=31.5, ATR=244.2, Bull=True, Bear=False
2026-01-28 10:45:50,091 - INFO - [상태] 포지션 없음, 자본금: $6301.33
2026-01-28 10:45:50,091 - INFO - [지표] ADX=nan, Bull=nan, Bear=nan
2026-01-28 10:50:50,093 - INFO - [상태] 포지션 없음, 자본금: $6301.33
2026-01-28 10:50:50,093 - INFO - [지표] ADX=nan, Bull=nan, Bear=nan
2026-01-28 10:55:50,094 - INFO - [상태] 포지션 없음, 자본금: $6301.33
2026-01-28 10:55:50,095 - INFO - [지표] ADX=nan, Bull=nan, Bear=nan
2026-01-28 11:00:01,194 - INFO - [EMA] 증분계산: prev=88980.11, close=89269.7, new=89002.39
2026-01-28 11:00:01,200 - INFO - 15m | 01:45 | O:89230.3 H:89354.0 L:89168.1 C:89269.7
2026-01-28 11:00:01,201 - INFO - 지표: ADX=31.2, ATR=239.4, Bull=True, Bear=False
2026-01-28 11:00:50,098 - INFO - [상태] 포지션 없음, 자본금: $6301.33
2026-01-28 11:00:50,098 - INFO - [지표] ADX=nan, Bull=nan, Bear=nan
2026-01-28 11:05:50,099 - INFO - [상태] 포지션 없음, 자본금: $6301.33
2026-01-28 11:05:50,099 - INFO - [지표] ADX=nan, Bull=nan, Bear=nan
2026-01-28 11:10:50,102 - INFO - [상태] 포지션 없음, 자본금: $6301.33
2026-01-28 11:10:50,102 - INFO - [지표] ADX=nan, Bull=nan, Bear=nan
2026-01-28 11:15:02,175 - INFO - [EMA] 증분계산: prev=89002.39, close=89152.5, new=89013.93
2026-01-28 11:15:02,182 - INFO - 15m | 02:00 | O:89269.7 H:89328.0 L:89129.2 C:89152.5
2026-01-28 11:15:02,182 - INFO - 지표: ADX=30.7, ATR=236.0, Bull=True, Bear=False
2026-01-28 11:15:50,105 - INFO - [상태] 포지션 없음, 자본금: $6301.33
2026-01-28 11:15:50,105 - INFO - [지표] ADX=nan, Bull=nan, Bear=nan
2026-01-28 11:20:50,107 - INFO - [상태] 포지션 없음, 자본금: $6301.33
2026-01-28 11:20:50,108 - INFO - [지표] ADX=nan, Bull=nan, Bear=nan
2026-01-28 11:25:50,109 - INFO - [상태] 포지션 없음, 자본금: $6301.33
2026-01-28 11:25:50,109 - INFO - [지표] ADX=nan, Bull=nan, Bear=nan
2026-01-28 11:30:00,056 - INFO - [EMA] 증분계산: prev=89013.93, close=89211.2, new=89029.11
2026-01-28 11:30:00,066 - INFO - 15m | 02:15 | O:89152.4 H:89249.9 L:89116.5 C:89211.2
2026-01-28 11:30:00,066 - INFO - 지표: ADX=30.1, ATR=227.4, Bull=True, Bear=False
2026-01-28 11:30:50,115 - INFO - [상태] 포지션 없음, 자본금: $6301.33
2026-01-28 11:30:50,115 - INFO - [지표] ADX=nan, Bull=nan, Bear=nan
2026-01-28 11:35:50,118 - INFO - [상태] 포지션 없음, 자본금: $6301.33
2026-01-28 11:35:50,119 - INFO - [지표] ADX=nan, Bull=nan, Bear=nan
2026-01-28 11:40:50,120 - INFO - [상태] 포지션 없음, 자본금: $6301.33
2026-01-28 11:40:50,121 - INFO - [지표] ADX=nan, Bull=nan, Bear=nan
2026-01-28 11:45:00,476 - INFO - [EMA] 증분계산: prev=89029.11, close=89028.1, new=89029.03
2026-01-28 11:45:00,482 - INFO - 15m | 02:30 | O:89212.8 H:89249.9 L:89017.2 C:89028.1
2026-01-28 11:45:00,482 - INFO - 지표: ADX=28.9, ATR=227.9, Bull=True, Bear=False
2026-01-28 11:45:50,121 - INFO - [상태] 포지션 없음, 자본금: $6301.33
2026-01-28 11:45:50,121 - INFO - [지표] ADX=nan, Bull=nan, Bear=nan
2026-01-28 11:50:50,124 - INFO - [상태] 포지션 없음, 자본금: $6301.33
2026-01-28 11:50:50,125 - INFO - [지표] ADX=nan, Bull=nan, Bear=nan
2026-01-28 11:55:50,125 - INFO - [상태] 포지션 없음, 자본금: $6301.33
2026-01-28 11:55:50,126 - INFO - [지표] ADX=nan, Bull=nan, Bear=nan
2026-01-28 12:00:00,232 - INFO - [EMA] 증분계산: prev=89029.03, close=89150.1, new=89038.34
2026-01-28 12:00:00,239 - INFO - 15m | 02:45 | O:89028.1 H:89159.9 L:88969.1 C:89150.1
2026-01-28 12:00:00,239 - INFO - 지표: ADX=27.5, ATR=224.8, Bull=True, Bear=False
2026-01-28 12:00:50,128 - INFO - [상태] 포지션 없음, 자본금: $6301.33
2026-01-28 12:00:50,128 - INFO - [지표] ADX=nan, Bull=nan, Bear=nan
2026-01-28 12:05:50,129 - INFO - [상태] 포지션 없음, 자본금: $6301.33
2026-01-28 12:05:50,129 - INFO - [지표] ADX=nan, Bull=nan, Bear=nan
2026-01-28 12:10:50,132 - INFO - [상태] 포지션 없음, 자본금: $6301.33
2026-01-28 12:10:50,132 - INFO - [지표] ADX=nan, Bull=nan, Bear=nan
2026-01-28 12:15:00,404 - INFO - [EMA] 증분계산: prev=89038.34, close=88946.9, new=89031.31
2026-01-28 12:15:00,411 - INFO - 15m | 03:00 | O:89150.1 H:89180.3 L:88925.2 C:88946.9
2026-01-28 12:15:00,411 - INFO - 지표: ADX=26.0, ATR=227.3, Bull=True, Bear=False
2026-01-28 12:15:50,134 - INFO - [상태] 포지션 없음, 자본금: $6301.33
2026-01-28 12:15:50,135 - INFO - [지표] ADX=nan, Bull=nan, Bear=nan
2026-01-28 12:20:50,136 - INFO - [상태] 포지션 없음, 자본금: $6301.33
2026-01-28 12:20:50,136 - INFO - [지표] ADX=nan, Bull=nan, Bear=nan
2026-01-28 12:25:50,144 - INFO - [상태] 포지션 없음, 자본금: $6301.33
2026-01-28 12:25:50,144 - INFO - [지표] ADX=nan, Bull=nan, Bear=nan
2026-01-28 12:30:03,048 - INFO - [EMA] 증분계산: prev=89031.31, close=88934.9, new=89023.89
2026-01-28 12:30:03,055 - INFO - 15m | 03:15 | O:88946.8 H:89011.5 L:88861.0 C:88934.9
2026-01-28 12:30:03,055 - INFO - 지표: ADX=24.1, ATR=220.9, Bull=True, Bear=False
2026-01-28 12:30:50,147 - INFO - [상태] 포지션 없음, 자본금: $6301.33
2026-01-28 12:30:50,147 - INFO - [지표] ADX=nan, Bull=nan, Bear=nan
2026-01-28 12:35:50,150 - INFO - [상태] 포지션 없음, 자본금: $6301.33
2026-01-28 12:35:50,150 - INFO - [지표] ADX=nan, Bull=nan, Bear=nan
2026-01-28 12:40:50,153 - INFO - [상태] 포지션 없음, 자본금: $6301.33
2026-01-28 12:40:50,153 - INFO - [지표] ADX=nan, Bull=nan, Bear=nan
2026-01-28 12:45:00,734 - INFO - [EMA] 증분계산: prev=89023.89, close=88939.8, new=89017.43
2026-01-28 12:45:00,741 - INFO - 15m | 03:30 | O:88935.9 H:89034.8 L:88852.0 C:88939.8
2026-01-28 12:45:00,741 - INFO - 지표: ADX=22.5, ATR=217.7, Bull=True, Bear=False
2026-01-28 12:45:50,155 - INFO - [상태] 포지션 없음, 자본금: $6301.33
2026-01-28 12:45:50,155 - INFO - [지표] ADX=nan, Bull=nan, Bear=nan
2026-01-28 12:50:50,158 - INFO - [상태] 포지션 없음, 자본금: $6301.33
2026-01-28 12:50:50,158 - INFO - [지표] ADX=nan, Bull=nan, Bear=nan
2026-01-28 12:55:50,170 - INFO - [상태] 포지션 없음, 자본금: $6301.33
2026-01-28 12:55:50,170 - INFO - [지표] ADX=nan, Bull=nan, Bear=nan
2026-01-28 13:00:01,177 - INFO - [EMA] 증분계산: prev=89017.43, close=88986.1, new=89015.02
2026-01-28 13:00:01,187 - INFO - 15m | 03:45 | O:88943.0 H:89050.0 L:88942.9 C:88986.1
2026-01-28 13:00:01,187 - INFO - 지표: ADX=21.1, ATR=208.8, Bull=True, Bear=False
2026-01-28 13:00:50,171 - INFO - [상태] 포지션 없음, 자본금: $6301.33
2026-01-28 13:00:50,171 - INFO - [지표] ADX=nan, Bull=nan, Bear=nan
2026-01-28 13:05:50,173 - INFO - [상태] 포지션 없음, 자본금: $6301.33
2026-01-28 13:05:50,173 - INFO - [지표] ADX=nan, Bull=nan, Bear=nan
2026-01-28 13:10:50,175 - INFO - [상태] 포지션 없음, 자본금: $6301.33
2026-01-28 13:10:50,176 - INFO - [지표] ADX=nan, Bull=nan, Bear=nan
2026-01-28 13:15:00,874 - INFO - [EMA] 증분계산: prev=89015.02, close=88820.7, new=89000.07
2026-01-28 13:15:00,884 - INFO - 15m | 04:00 | O:88986.0 H:89037.2 L:88787.2 C:88820.7
2026-01-28 13:15:00,884 - INFO - 지표: ADX=20.4, ATR=212.2, Bull=True, Bear=False
2026-01-28 13:15:50,181 - INFO - [상태] 포지션 없음, 자본금: $6301.33
2026-01-28 13:15:50,181 - INFO - [지표] ADX=nan, Bull=nan, Bear=nan
2026-01-28 13:20:50,185 - INFO - [상태] 포지션 없음, 자본금: $6301.33
2026-01-28 13:20:50,185 - INFO - [지표] ADX=nan, Bull=nan, Bear=nan
2026-01-28 13:25:50,186 - INFO - [상태] 포지션 없음, 자본금: $6301.33
2026-01-28 13:25:50,187 - INFO - [지표] ADX=nan, Bull=nan, Bear=nan
2026-01-28 13:30:00,118 - INFO - [EMA] 증분계산: prev=89000.07, close=88812.8, new=88985.66
2026-01-28 13:30:00,125 - INFO - 15m | 04:15 | O:88820.7 H:88825.4 L:88701.1 C:88812.8
2026-01-28 13:30:00,125 - INFO - 지표: ADX=20.2, ATR=204.9, Bull=True, Bear=False
2026-01-28 13:30:50,189 - INFO - [상태] 포지션 없음, 자본금: $6301.33
2026-01-28 13:30:50,189 - INFO - [지표] ADX=nan, Bull=nan, Bear=nan
2026-01-28 13:35:50,194 - INFO - [상태] 포지션 없음, 자본금: $6301.33
2026-01-28 13:35:50,195 - INFO - [지표] ADX=nan, Bull=nan, Bear=nan
2026-01-28 13:40:50,200 - INFO - [상태] 포지션 없음, 자본금: $6301.33
2026-01-28 13:40:50,200 - INFO - [지표] ADX=nan, Bull=nan, Bear=nan
2026-01-28 13:45:01,028 - INFO - [EMA] 증분계산: prev=88985.66, close=88872.0, new=88976.92
2026-01-28 13:45:01,037 - INFO - 15m | 04:30 | O:88811.0 H:88990.0 L:88760.2 C:88872.0
2026-01-28 13:45:01,037 - INFO - 지표: ADX=18.9, ATR=207.0, Bull=True, Bear=False
2026-01-28 13:45:50,203 - INFO - [상태] 포지션 없음, 자본금: $6301.33
2026-01-28 13:45:50,204 - INFO - [지표] ADX=nan, Bull=nan, Bear=nan
2026-01-28 13:50:50,205 - INFO - [상태] 포지션 없음, 자본금: $6301.33
2026-01-28 13:50:50,205 - INFO - [지표] ADX=nan, Bull=nan, Bear=nan
2026-01-28 13:55:50,207 - INFO - [상태] 포지션 없음, 자본금: $6301.33
2026-01-28 13:55:50,208 - INFO - [지표] ADX=nan, Bull=nan, Bear=nan
2026-01-28 14:00:00,879 - INFO - [EMA] 증분계산: prev=88976.92, close=88857.9, new=88967.76
2026-01-28 14:00:00,886 - INFO - 15m | 04:45 | O:88872.0 H:88900.0 L:88840.4 C:88857.9
2026-01-28 14:00:00,886 - INFO - 지표: ADX=17.6, ATR=194.7, Bull=True, Bear=False
2026-01-28 14:00:50,209 - INFO - [상태] 포지션 없음, 자본금: $6301.33
2026-01-28 14:00:50,210 - INFO - [지표] ADX=nan, Bull=nan, Bear=nan
2026-01-28 14:05:50,212 - INFO - [상태] 포지션 없음, 자본금: $6301.33
2026-01-28 14:05:50,212 - INFO - [지표] ADX=nan, Bull=nan, Bear=nan
2026-01-28 14:10:50,216 - INFO - [상태] 포지션 없음, 자본금: $6301.33
2026-01-28 14:10:50,216 - INFO - [지표] ADX=nan, Bull=nan, Bear=nan
2026-01-28 14:15:00,146 - INFO - [EMA] 증분계산: prev=88967.76, close=88788.9, new=88954.01
2026-01-28 14:15:00,156 - INFO - 15m | 05:00 | O:88858.0 H:88940.0 L:88785.3 C:88788.9
2026-01-28 14:15:00,156 - INFO - 지표: ADX=16.8, ATR=191.3, Bull=True, Bear=False
2026-01-28 14:15:50,217 - INFO - [상태] 포지션 없음, 자본금: $6301.33
2026-01-28 14:15:50,218 - INFO - [지표] ADX=nan, Bull=nan, Bear=nan
2026-01-28 14:20:50,220 - INFO - [상태] 포지션 없음, 자본금: $6301.33
2026-01-28 14:20:50,220 - INFO - [지표] ADX=nan, Bull=nan, Bear=nan
2026-01-28 14:25:50,222 - INFO - [상태] 포지션 없음, 자본금: $6301.33
2026-01-28 14:25:50,222 - INFO - [지표] ADX=nan, Bull=nan, Bear=nan
2026-01-28 14:30:01,577 - INFO - [EMA] 증분계산: prev=88954.01, close=88759.2, new=88939.02
2026-01-28 14:30:01,583 - INFO - 15m | 05:15 | O:88788.9 H:88828.4 L:88716.8 C:88759.2
2026-01-28 14:30:01,583 - INFO - 지표: ADX=16.5, ATR=184.7, Bull=True, Bear=False
2026-01-28 14:30:50,225 - INFO - [상태] 포지션 없음, 자본금: $6301.33
2026-01-28 14:30:50,225 - INFO - [지표] ADX=nan, Bull=nan, Bear=nan
2026-01-28 14:35:50,228 - INFO - [상태] 포지션 없음, 자본금: $6301.33
2026-01-28 14:35:50,228 - INFO - [지표] ADX=nan, Bull=nan, Bear=nan
2026-01-28 14:40:50,229 - INFO - [상태] 포지션 없음, 자본금: $6301.33
2026-01-28 14:40:50,230 - INFO - [지표] ADX=nan, Bull=nan, Bear=nan
2026-01-28 14:45:00,829 - INFO - [EMA] 증분계산: prev=88939.02, close=88769.7, new=88926.00
2026-01-28 14:45:00,836 - INFO - 15m | 05:30 | O:88759.2 H:88905.6 L:88750.0 C:88769.7
2026-01-28 14:45:00,836 - INFO - 지표: ADX=15.7, ATR=182.3, Bull=True, Bear=False
2026-01-28 14:45:50,231 - INFO - [상태] 포지션 없음, 자본금: $6301.33
2026-01-28 14:45:50,231 - INFO - [지표] ADX=nan, Bull=nan, Bear=nan
2026-01-28 14:50:50,233 - INFO - [상태] 포지션 없음, 자본금: $6301.33
2026-01-28 14:50:50,233 - INFO - [지표] ADX=nan, Bull=nan, Bear=nan
2026-01-28 14:55:50,234 - INFO - [상태] 포지션 없음, 자본금: $6301.33
2026-01-28 14:55:50,235 - INFO - [지표] ADX=nan, Bull=nan, Bear=nan
2026-01-28 15:00:00,119 - INFO - [EMA] 증분계산: prev=88926.00, close=88954.2, new=88928.17
2026-01-28 15:00:00,125 - INFO - 15m | 05:45 | O:88769.8 H:88971.4 L:88769.0 C:88954.2
2026-01-28 15:00:00,125 - INFO - 지표: ADX=14.7, ATR=184.0, Bull=True, Bear=False
2026-01-28 15:00:50,236 - INFO - [상태] 포지션 없음, 자본금: $6301.33
2026-01-28 15:00:50,236 - INFO - [지표] ADX=nan, Bull=nan, Bear=nan
2026-01-28 15:05:50,237 - INFO - [상태] 포지션 없음, 자본금: $6301.33
2026-01-28 15:05:50,238 - INFO - [지표] ADX=nan, Bull=nan, Bear=nan
2026-01-28 15:10:50,240 - INFO - [상태] 포지션 없음, 자본금: $6301.33
2026-01-28 15:10:50,240 - INFO - [지표] ADX=nan, Bull=nan, Bear=nan
2026-01-28 15:15:00,154 - INFO - [EMA] 증분계산: prev=88928.17, close=89114.1, new=88942.47
2026-01-28 15:15:00,161 - INFO - 15m | 06:00 | O:88954.3 H:89150.0 L:88954.3 C:89114.1
2026-01-28 15:15:00,161 - INFO - 지표: ADX=14.8, ATR=184.9, Bull=True, Bear=False
2026-01-28 15:15:50,242 - INFO - [상태] 포지션 없음, 자본금: $6301.33
2026-01-28 15:15:50,242 - INFO - [지표] ADX=nan, Bull=nan, Bear=nan
2026-01-28 15:20:50,244 - INFO - [상태] 포지션 없음, 자본금: $6301.33
2026-01-28 15:20:50,244 - INFO - [지표] ADX=nan, Bull=nan, Bear=nan
2026-01-28 15:25:50,248 - INFO - [상태] 포지션 없음, 자본금: $6301.33
2026-01-28 15:25:50,248 - INFO - [지표] ADX=nan, Bull=nan, Bear=nan
2026-01-28 15:30:00,426 - INFO - [EMA] 증분계산: prev=88942.47, close=89064.9, new=88951.89
2026-01-28 15:30:00,432 - INFO - 15m | 06:15 | O:89114.0 H:89151.6 L:89051.4 C:89064.9
2026-01-28 15:30:00,432 - INFO - 지표: ADX=14.9, ATR=177.9, Bull=True, Bear=False
2026-01-28 15:30:50,251 - INFO - [상태] 포지션 없음, 자본금: $6301.33
2026-01-28 15:30:50,251 - INFO - [지표] ADX=nan, Bull=nan, Bear=nan
2026-01-28 15:35:50,254 - INFO - [상태] 포지션 없음, 자본금: $6301.33
2026-01-28 15:35:50,254 - INFO - [지표] ADX=nan, Bull=nan, Bear=nan
2026-01-28 15:40:50,256 - INFO - [상태] 포지션 없음, 자본금: $6301.33
2026-01-28 15:40:50,257 - INFO - [지표] ADX=nan, Bull=nan, Bear=nan
2026-01-28 15:45:00,682 - INFO - [EMA] 증분계산: prev=88951.89, close=89050.9, new=88959.50
2026-01-28 15:45:00,692 - INFO - 15m | 06:30 | O:89065.3 H:89218.9 L:88984.9 C:89050.9
2026-01-28 15:45:00,692 - INFO - 지표: ADX=15.4, ATR=182.6, Bull=True, Bear=False
2026-01-28 15:45:50,266 - INFO - [상태] 포지션 없음, 자본금: $6301.33
2026-01-28 15:45:50,267 - INFO - [지표] ADX=nan, Bull=nan, Bear=nan
2026-01-28 15:50:50,273 - INFO - [상태] 포지션 없음, 자본금: $6301.33
2026-01-28 15:50:50,273 - INFO - [지표] ADX=nan, Bull=nan, Bear=nan
2026-01-28 15:55:50,276 - INFO - [상태] 포지션 없음, 자본금: $6301.33
2026-01-28 15:55:50,276 - INFO - [지표] ADX=nan, Bull=nan, Bear=nan
2026-01-28 16:00:00,481 - INFO - [EMA] 증분계산: prev=88959.50, close=89193.6, new=88977.51
2026-01-28 16:00:00,487 - INFO - 15m | 06:45 | O:89050.9 H:89278.6 L:89016.0 C:89193.6
2026-01-28 16:00:00,488 - INFO - 지표: ADX=16.1, ATR=189.2, Bull=True, Bear=False
2026-01-28 16:00:50,286 - INFO - [상태] 포지션 없음, 자본금: $6301.33
2026-01-28 16:00:50,286 - INFO - [지표] ADX=nan, Bull=nan, Bear=nan
2026-01-28 16:05:50,290 - INFO - [상태] 포지션 없음, 자본금: $6301.33
2026-01-28 16:05:50,290 - INFO - [지표] ADX=nan, Bull=nan, Bear=nan
2026-01-28 16:10:50,292 - INFO - [상태] 포지션 없음, 자본금: $6301.33
2026-01-28 16:10:50,292 - INFO - [지표] ADX=nan, Bull=nan, Bear=nan
2026-01-28 16:15:00,415 - INFO - [EMA] 증분계산: prev=88977.51, close=89085.9, new=88985.85
2026-01-28 16:15:00,422 - INFO - 15m | 07:00 | O:89193.6 H:89219.5 L:89060.6 C:89085.9
2026-01-28 16:15:00,422 - INFO - 지표: ADX=16.8, ATR=186.7, Bull=True, Bear=False
2026-01-28 16:15:50,294 - INFO - [상태] 포지션 없음, 자본금: $6301.33
2026-01-28 16:15:50,294 - INFO - [지표] ADX=nan, Bull=nan, Bear=nan
2026-01-28 16:20:50,298 - INFO - [상태] 포지션 없음, 자본금: $6301.33
2026-01-28 16:20:50,299 - INFO - [지표] ADX=nan, Bull=nan, Bear=nan
2026-01-28 16:25:50,309 - INFO - [상태] 포지션 없음, 자본금: $6301.33
2026-01-28 16:25:50,310 - INFO - [지표] ADX=nan, Bull=nan, Bear=nan
2026-01-28 16:30:00,785 - INFO - [EMA] 증분계산: prev=88985.85, close=89128.0, new=88996.78
2026-01-28 16:30:00,795 - INFO - 15m | 07:15 | O:89088.9 H:89155.0 L:89060.6 C:89128.0
2026-01-28 16:30:00,795 - INFO - 지표: ADX=17.5, ATR=179.0, Bull=True, Bear=False
2026-01-28 16:30:50,312 - INFO - [상태] 포지션 없음, 자본금: $6301.33
2026-01-28 16:30:50,312 - INFO - [지표] ADX=nan, Bull=nan, Bear=nan
2026-01-28 16:35:50,314 - INFO - [상태] 포지션 없음, 자본금: $6301.33
2026-01-28 16:35:50,314 - INFO - [지표] ADX=nan, Bull=nan, Bear=nan
2026-01-28 16:40:50,315 - INFO - [상태] 포지션 없음, 자본금: $6301.33
2026-01-28 16:40:50,315 - INFO - [지표] ADX=nan, Bull=nan, Bear=nan
2026-01-28 16:45:01,078 - INFO - [EMA] 증분계산: prev=88996.78, close=89116.0, new=89005.95
2026-01-28 16:45:01,088 - INFO - 15m | 07:30 | O:89128.0 H:89128.0 L:89020.0 C:89116.0
2026-01-28 16:45:01,088 - INFO - 지표: ADX=17.7, ATR=173.1, Bull=True, Bear=False
2026-01-28 16:45:50,316 - INFO - [상태] 포지션 없음, 자본금: $6301.33
2026-01-28 16:45:50,316 - INFO - [지표] ADX=nan, Bull=nan, Bear=nan
2026-01-28 16:50:50,318 - INFO - [상태] 포지션 없음, 자본금: $6301.33
2026-01-28 16:50:50,318 - INFO - [지표] ADX=nan, Bull=nan, Bear=nan
2026-01-28 16:55:50,325 - INFO - [상태] 포지션 없음, 자본금: $6301.33
2026-01-28 16:55:50,325 - INFO - [지표] ADX=nan, Bull=nan, Bear=nan
2026-01-28 17:00:03,064 - INFO - [EMA] 증분계산: prev=89005.95, close=89007.2, new=89006.05
2026-01-28 17:00:03,074 - INFO - 15m | 07:45 | O:89116.1 H:89156.2 L:88976.0 C:89007.2
2026-01-28 17:00:03,074 - INFO - 지표: ADX=17.5, ATR=173.7, Bull=True, Bear=False
2026-01-28 17:00:50,328 - INFO - [상태] 포지션 없음, 자본금: $6301.33
2026-01-28 17:00:50,328 - INFO - [지표] ADX=nan, Bull=nan, Bear=nan
2026-01-28 17:05:50,329 - INFO - [상태] 포지션 없음, 자본금: $6301.33
2026-01-28 17:05:50,330 - INFO - [지표] ADX=nan, Bull=nan, Bear=nan
2026-01-28 17:10:50,330 - INFO - [상태] 포지션 없음, 자본금: $6301.33
2026-01-28 17:10:50,331 - INFO - [지표] ADX=nan, Bull=nan, Bear=nan
2026-01-28 17:15:00,318 - INFO - [EMA] 증분계산: prev=89006.05, close=89011.3, new=89006.45
2026-01-28 17:15:00,325 - INFO - 15m | 08:00 | O:89008.2 H:89136.0 L:88978.6 C:89011.3
2026-01-28 17:15:00,325 - INFO - 지표: ADX=17.2, ATR=172.3, Bull=True, Bear=False
2026-01-28 17:15:50,332 - INFO - [상태] 포지션 없음, 자본금: $6301.33
2026-01-28 17:15:50,332 - INFO - [지표] ADX=nan, Bull=nan, Bear=nan
2026-01-28 17:20:50,339 - INFO - [상태] 포지션 없음, 자본금: $6301.33
2026-01-28 17:20:50,339 - INFO - [지표] ADX=nan, Bull=nan, Bear=nan
2026-01-28 17:25:50,339 - INFO - [상태] 포지션 없음, 자본금: $6301.33
2026-01-28 17:25:50,340 - INFO - [지표] ADX=nan, Bull=nan, Bear=nan
2026-01-28 17:30:00,111 - INFO - [EMA] 증분계산: prev=89006.45, close=88894.8, new=88997.86
2026-01-28 17:30:00,117 - INFO - 15m | 08:15 | O:89011.2 H:89040.6 L:88863.9 C:88894.8
2026-01-28 17:30:00,117 - INFO - 지표: ADX=16.0, ATR=172.7, Bull=True, Bear=False
2026-01-28 17:30:50,342 - INFO - [상태] 포지션 없음, 자본금: $6301.33
2026-01-28 17:30:50,343 - INFO - [지표] ADX=nan, Bull=nan, Bear=nan
2026-01-28 17:35:50,346 - INFO - [상태] 포지션 없음, 자본금: $6301.33
2026-01-28 17:35:50,347 - INFO - [지표] ADX=nan, Bull=nan, Bear=nan
2026-01-28 17:40:50,352 - INFO - [상태] 포지션 없음, 자본금: $6301.33
2026-01-28 17:40:50,353 - INFO - [지표] ADX=nan, Bull=nan, Bear=nan
2026-01-28 17:45:03,046 - INFO - [EMA] 증분계산: prev=88997.86, close=88966.5, new=88995.45
2026-01-28 17:45:03,053 - INFO - 15m | 08:30 | O:88894.8 H:88989.8 L:88865.2 C:88966.5
2026-01-28 17:45:03,053 - INFO - 지표: ADX=14.9, ATR=168.7, Bull=True, Bear=False
2026-01-28 17:45:50,355 - INFO - [상태] 포지션 없음, 자본금: $6301.33
2026-01-28 17:45:50,355 - INFO - [지표] ADX=nan, Bull=nan, Bear=nan
2026-01-28 17:50:50,357 - INFO - [상태] 포지션 없음, 자본금: $6301.33
2026-01-28 17:50:50,358 - INFO - [지표] ADX=nan, Bull=nan, Bear=nan
2026-01-28 17:55:50,359 - INFO - [상태] 포지션 없음, 자본금: $6301.33
2026-01-28 17:55:50,359 - INFO - [지표] ADX=nan, Bull=nan, Bear=nan
2026-01-28 18:00:01,102 - INFO - [EMA] 증분계산: prev=88995.45, close=88804.0, new=88980.72
2026-01-28 18:00:01,108 - INFO - 15m | 08:45 | O:88966.0 H:88966.0 L:88757.3 C:88804.0
2026-01-28 18:00:01,108 - INFO - 지표: ADX=14.8, ATR=172.1, Bull=True, Bear=False
2026-01-28 18:00:50,363 - INFO - [상태] 포지션 없음, 자본금: $6301.33
2026-01-28 18:00:50,364 - INFO - [지표] ADX=nan, Bull=nan, Bear=nan
2026-01-28 18:05:50,365 - INFO - [상태] 포지션 없음, 자본금: $6301.33
2026-01-28 18:05:50,365 - INFO - [지표] ADX=nan, Bull=nan, Bear=nan
2026-01-28 18:10:50,366 - INFO - [상태] 포지션 없음, 자본금: $6301.33
2026-01-28 18:10:50,366 - INFO - [지표] ADX=nan, Bull=nan, Bear=nan
2026-01-28 18:15:03,041 - INFO - [EMA] 증분계산: prev=88980.72, close=88818.0, new=88968.21
2026-01-28 18:15:03,048 - INFO - 15m | 09:00 | O:88804.1 H:88890.4 L:88734.5 C:88818.0
2026-01-28 18:15:03,048 - INFO - 지표: ADX=14.8, ATR=170.7, Bull=True, Bear=False
2026-01-28 18:15:50,367 - INFO - [상태] 포지션 없음, 자본금: $6301.33
2026-01-28 18:15:50,367 - INFO - [지표] ADX=nan, Bull=nan, Bear=nan
2026-01-28 18:20:50,370 - INFO - [상태] 포지션 없음, 자본금: $6301.33
2026-01-28 18:20:50,370 - INFO - [지표] ADX=nan, Bull=nan, Bear=nan
2026-01-28 18:25:50,382 - INFO - [상태] 포지션 없음, 자본금: $6301.33
2026-01-28 18:25:50,382 - INFO - [지표] ADX=nan, Bull=nan, Bear=nan
2026-01-28 18:30:00,303 - INFO - [EMA] 증분계산: prev=88968.21, close=88863.2, new=88960.13
2026-01-28 18:30:00,309 - INFO - 15m | 09:15 | O:88818.1 H:88887.5 L:88729.1 C:88863.2
2026-01-28 18:30:00,310 - INFO - 지표: ADX=14.9, ATR=169.7, Bull=True, Bear=False
2026-01-28 18:30:50,386 - INFO - [상태] 포지션 없음, 자본금: $6301.33
2026-01-28 18:30:50,387 - INFO - [지표] ADX=nan, Bull=nan, Bear=nan
2026-01-28 18:35:50,388 - INFO - [상태] 포지션 없음, 자본금: $6301.33
2026-01-28 18:35:50,388 - INFO - [지표] ADX=nan, Bull=nan, Bear=nan
2026-01-28 18:40:50,390 - INFO - [상태] 포지션 없음, 자본금: $6301.33
2026-01-28 18:40:50,390 - INFO - [지표] ADX=nan, Bull=nan, Bear=nan
2026-01-28 18:45:00,059 - INFO - [EMA] 증분계산: prev=88960.13, close=89183.8, new=88977.34
2026-01-28 18:45:00,066 - INFO - 15m | 09:30 | O:88865.1 H:89318.6 L:88858.0 C:89183.8
2026-01-28 18:45:00,066 - INFO - 지표: ADX=15.8, ATR=193.9, Bull=True, Bear=False
2026-01-28 18:45:50,391 - INFO - [상태] 포지션 없음, 자본금: $6301.33
2026-01-28 18:45:50,391 - INFO - [지표] ADX=nan, Bull=nan, Bear=nan
2026-01-28 18:50:50,392 - INFO - [상태] 포지션 없음, 자본금: $6301.33
2026-01-28 18:50:50,393 - INFO - [지표] ADX=nan, Bull=nan, Bear=nan
2026-01-28 18:55:50,400 - INFO - [상태] 포지션 없음, 자본금: $6301.33
2026-01-28 18:55:50,400 - INFO - [지표] ADX=nan, Bull=nan, Bear=nan
2026-01-28 19:00:00,055 - INFO - [EMA] 증분계산: prev=88977.34, close=89432.2, new=89012.32
2026-01-28 19:00:00,062 - INFO - 15m | 09:45 | O:89183.7 H:89440.0 L:89140.9 C:89432.2
2026-01-28 19:00:00,062 - INFO - 지표: ADX=17.2, ATR=202.7, Bull=True, Bear=False
2026-01-28 19:00:50,401 - INFO - [상태] 포지션 없음, 자본금: $6301.33
2026-01-28 19:00:50,401 - INFO - [지표] ADX=nan, Bull=nan, Bear=nan
2026-01-28 19:05:50,406 - INFO - [상태] 포지션 없음, 자본금: $6301.33
2026-01-28 19:05:50,406 - INFO - [지표] ADX=nan, Bull=nan, Bear=nan
2026-01-28 19:10:50,408 - INFO - [상태] 포지션 없음, 자본금: $6301.33
2026-01-28 19:10:50,408 - INFO - [지표] ADX=nan, Bull=nan, Bear=nan
2026-01-28 19:15:00,161 - INFO - [EMA] 증분계산: prev=89012.32, close=89449.9, new=89045.98
2026-01-28 19:15:00,167 - INFO - 15m | 10:00 | O:89432.1 H:89499.0 L:89299.6 C:89449.9
2026-01-28 19:15:00,167 - INFO - 지표: ADX=18.7, ATR=202.4, Bull=True, Bear=False
2026-01-28 19:15:50,409 - INFO - [상태] 포지션 없음, 자본금: $6301.33
2026-01-28 19:15:50,410 - INFO - [지표] ADX=nan, Bull=nan, Bear=nan
2026-01-28 19:20:50,414 - INFO - [상태] 포지션 없음, 자본금: $6301.33
2026-01-28 19:20:50,414 - INFO - [지표] ADX=nan, Bull=nan, Bear=nan
2026-01-28 19:25:50,421 - INFO - [상태] 포지션 없음, 자본금: $6301.33
2026-01-28 19:25:50,421 - INFO - [지표] ADX=nan, Bull=nan, Bear=nan
2026-01-28 19:30:00,099 - INFO - [EMA] 증분계산: prev=89045.98, close=89208.0, new=89058.45
2026-01-28 19:30:00,109 - INFO - 15m | 10:15 | O:89449.9 H:89586.3 L:89202.7 C:89208.0
2026-01-28 19:30:00,109 - INFO - 지표: ADX=19.3, ATR=217.5, Bull=True, Bear=False
2026-01-28 19:30:50,422 - INFO - [상태] 포지션 없음, 자본금: $6301.33
2026-01-28 19:30:50,423 - INFO - [지표] ADX=nan, Bull=nan, Bear=nan
2026-01-28 19:35:50,429 - INFO - [상태] 포지션 없음, 자본금: $6301.33
2026-01-28 19:35:50,429 - INFO - [지표] ADX=nan, Bull=nan, Bear=nan
2026-01-28 19:40:50,430 - INFO - [상태] 포지션 없음, 자본금: $6301.33
2026-01-28 19:40:50,431 - INFO - [지표] ADX=nan, Bull=nan, Bear=nan
2026-01-28 19:45:00,133 - INFO - [EMA] 증분계산: prev=89058.45, close=89362.2, new=89081.81
2026-01-28 19:45:00,140 - INFO - 15m | 10:30 | O:89208.1 H:89375.4 L:89208.1 C:89362.2
2026-01-28 19:45:00,140 - INFO - 지표: ADX=19.8, ATR=213.3, Bull=True, Bear=False
2026-01-28 19:45:50,434 - INFO - [상태] 포지션 없음, 자본금: $6301.33
2026-01-28 19:45:50,435 - INFO - [지표] ADX=nan, Bull=nan, Bear=nan
2026-01-28 19:50:50,439 - INFO - [상태] 포지션 없음, 자본금: $6301.33
2026-01-28 19:50:50,439 - INFO - [지표] ADX=nan, Bull=nan, Bear=nan
2026-01-28 19:55:50,443 - INFO - [상태] 포지션 없음, 자본금: $6301.33
2026-01-28 19:55:50,443 - INFO - [지표] ADX=nan, Bull=nan, Bear=nan
2026-01-28 20:00:00,330 - INFO - [EMA] 증분계산: prev=89081.81, close=89274.1, new=89096.60
2026-01-28 20:00:00,340 - INFO - 15m | 10:45 | O:89362.1 H:89385.9 L:89269.2 C:89274.1
2026-01-28 20:00:00,340 - INFO - 지표: ADX=20.4, ATR=205.3, Bull=True, Bear=False
2026-01-28 20:00:50,445 - INFO - [상태] 포지션 없음, 자본금: $6301.33
2026-01-28 20:00:50,445 - INFO - [지표] ADX=nan, Bull=nan, Bear=nan
2026-01-28 20:05:50,446 - INFO - [상태] 포지션 없음, 자본금: $6301.33
2026-01-28 20:05:50,447 - INFO - [지표] ADX=nan, Bull=nan, Bear=nan
2026-01-28 20:10:50,449 - INFO - [상태] 포지션 없음, 자본금: $6301.33
2026-01-28 20:10:50,449 - INFO - [지표] ADX=nan, Bull=nan, Bear=nan
2026-01-28 20:15:00,896 - INFO - [EMA] 증분계산: prev=89096.60, close=89202.9, new=89104.78
2026-01-28 20:15:00,905 - INFO - 15m | 11:00 | O:89274.0 H:89339.9 L:89178.5 C:89202.9
2026-01-28 20:15:00,905 - INFO - 지표: ADX=20.1, ATR=201.6, Bull=True, Bear=False
2026-01-28 20:15:50,450 - INFO - [상태] 포지션 없음, 자본금: $6301.33
2026-01-28 20:15:50,451 - INFO - [지표] ADX=nan, Bull=nan, Bear=nan
2026-01-28 20:20:50,452 - INFO - [상태] 포지션 없음, 자본금: $6301.33
2026-01-28 20:20:50,452 - INFO - [지표] ADX=nan, Bull=nan, Bear=nan
2026-01-28 20:25:50,488 - INFO - [상태] 포지션 없음, 자본금: $6301.33
2026-01-28 20:25:50,488 - INFO - [지표] ADX=nan, Bull=nan, Bear=nan
2026-01-28 20:30:00,595 - INFO - [EMA] 증분계산: prev=89104.78, close=89314.4, new=89120.91
2026-01-28 20:30:00,602 - INFO - 15m | 11:15 | O:89202.9 H:89330.1 L:89180.9 C:89314.4
2026-01-28 20:30:00,602 - INFO - 지표: ADX=19.8, ATR=197.3, Bull=True, Bear=False
2026-01-28 20:30:50,490 - INFO - [상태] 포지션 없음, 자본금: $6301.33
2026-01-28 20:30:50,490 - INFO - [지표] ADX=nan, Bull=nan, Bear=nan
2026-01-28 20:35:50,492 - INFO - [상태] 포지션 없음, 자본금: $6301.33
2026-01-28 20:35:50,493 - INFO - [지표] ADX=nan, Bull=nan, Bear=nan
2026-01-28 20:40:50,495 - INFO - [상태] 포지션 없음, 자본금: $6301.33
2026-01-28 20:40:50,496 - INFO - [지표] ADX=nan, Bull=nan, Bear=nan
2026-01-28 20:45:02,576 - INFO - [EMA] 증분계산: prev=89120.91, close=89528.5, new=89152.26
2026-01-28 20:45:02,585 - INFO - 15m | 11:30 | O:89314.4 H:89543.3 L:89221.4 C:89528.5
2026-01-28 20:45:02,585 - INFO - 지표: ADX=20.7, ATR=207.6, Bull=True, Bear=False
2026-01-28 20:45:50,498 - INFO - [상태] 포지션 없음, 자본금: $6301.33
2026-01-28 20:45:50,498 - INFO - [지표] ADX=nan, Bull=nan, Bear=nan
2026-01-28 20:50:50,499 - INFO - [상태] 포지션 없음, 자본금: $6301.33
2026-01-28 20:50:50,499 - INFO - [지표] ADX=nan, Bull=nan, Bear=nan
2026-01-28 20:55:50,501 - INFO - [상태] 포지션 없음, 자본금: $6301.33
2026-01-28 20:55:50,502 - INFO - [지표] ADX=nan, Bull=nan, Bear=nan
2026-01-28 21:00:00,052 - INFO - [EMA] 증분계산: prev=89152.26, close=89938.0, new=89212.70
2026-01-28 21:00:00,059 - INFO - 15m | 11:45 | O:89528.4 H:90027.6 L:89461.3 C:89938.0
2026-01-28 21:00:00,059 - INFO - 지표: ADX=23.1, ATR=237.5, Bull=True, Bear=False
2026-01-28 21:00:50,503 - INFO - [상태] 포지션 없음, 자본금: $6301.33
2026-01-28 21:00:50,504 - INFO - [지표] ADX=nan, Bull=nan, Bear=nan
2026-01-28 21:05:50,504 - INFO - [상태] 포지션 없음, 자본금: $6301.33
2026-01-28 21:05:50,505 - INFO - [지표] ADX=nan, Bull=nan, Bear=nan
2026-01-28 21:10:50,506 - INFO - [상태] 포지션 없음, 자본금: $6301.33
2026-01-28 21:10:50,507 - INFO - [지표] ADX=nan, Bull=nan, Bear=nan
2026-01-28 21:15:00,063 - INFO - [EMA] 증분계산: prev=89212.70, close=89794.0, new=89257.42
2026-01-28 21:15:00,069 - INFO - 15m | 12:00 | O:89938.0 H:90048.0 L:89779.3 C:89794.0
2026-01-28 21:15:00,069 - INFO - 지표: ADX=25.4, ATR=240.1, Bull=True, Bear=False
2026-01-28 21:15:50,508 - INFO - [상태] 포지션 없음, 자본금: $6301.33
2026-01-28 21:15:50,508 - INFO - [지표] ADX=nan, Bull=nan, Bear=nan
2026-01-28 21:20:50,510 - INFO - [상태] 포지션 없음, 자본금: $6301.33
2026-01-28 21:20:50,510 - INFO - [지표] ADX=nan, Bull=nan, Bear=nan
2026-01-28 21:25:50,511 - INFO - [상태] 포지션 없음, 자본금: $6301.33
2026-01-28 21:25:50,511 - INFO - [지표] ADX=nan, Bull=nan, Bear=nan
2026-01-28 21:30:00,245 - INFO - [EMA] 증분계산: prev=89257.42, close=89740.4, new=89294.57
2026-01-28 21:30:00,251 - INFO - 15m | 12:15 | O:89797.3 H:89868.2 L:89660.4 C:89740.4
2026-01-28 21:30:00,251 - INFO - 지표: ADX=26.6, ATR=237.4, Bull=True, Bear=False
2026-01-28 21:30:50,513 - INFO - [상태] 포지션 없음, 자본금: $6301.33
2026-01-28 21:30:50,514 - INFO - [지표] ADX=nan, Bull=nan, Bear=nan
2026-01-28 21:35:50,516 - INFO - [상태] 포지션 없음, 자본금: $6301.33
2026-01-28 21:35:50,516 - INFO - [지표] ADX=nan, Bull=nan, Bear=nan
2026-01-28 21:40:50,517 - INFO - [상태] 포지션 없음, 자본금: $6301.33
2026-01-28 21:40:50,517 - INFO - [지표] ADX=nan, Bull=nan, Bear=nan
2026-01-28 21:45:00,570 - INFO - [EMA] 증분계산: prev=89294.57, close=89768.9, new=89331.06
2026-01-28 21:45:00,579 - INFO - 15m | 12:30 | O:89740.5 H:89865.8 L:89670.8 C:89768.9
2026-01-28 21:45:00,579 - INFO - 지표: ADX=27.7, ATR=233.9, Bull=True, Bear=False
2026-01-28 21:45:50,520 - INFO - [상태] 포지션 없음, 자본금: $6301.33
2026-01-28 21:45:50,520 - INFO - [지표] ADX=nan, Bull=nan, Bear=nan
2026-01-28 21:50:50,521 - INFO - [상태] 포지션 없음, 자본금: $6301.33
2026-01-28 21:50:50,522 - INFO - [지표] ADX=nan, Bull=nan, Bear=nan
2026-01-28 21:55:50,523 - INFO - [상태] 포지션 없음, 자본금: $6301.33
2026-01-28 21:55:50,524 - INFO - [지표] ADX=nan, Bull=nan, Bear=nan
2026-01-28 22:00:00,119 - INFO - [EMA] 증분계산: prev=89331.06, close=89868.1, new=89372.37
2026-01-28 22:00:00,126 - INFO - 15m | 12:45 | O:89769.0 H:89893.4 L:89644.9 C:89868.1
2026-01-28 22:00:00,126 - INFO - 지표: ADX=28.8, ATR=235.1, Bull=True, Bear=False
2026-01-28 22:00:50,525 - INFO - [상태] 포지션 없음, 자본금: $6301.33
2026-01-28 22:00:50,526 - INFO - [지표] ADX=nan, Bull=nan, Bear=nan
2026-01-28 22:05:50,526 - INFO - [상태] 포지션 없음, 자본금: $6301.33
2026-01-28 22:05:50,526 - INFO - [지표] ADX=nan, Bull=nan, Bear=nan
2026-01-28 22:10:50,528 - INFO - [상태] 포지션 없음, 자본금: $6301.33
2026-01-28 22:10:50,529 - INFO - [지표] ADX=nan, Bull=nan, Bear=nan
2026-01-28 22:15:00,135 - INFO - [EMA] 증분계산: prev=89372.37, close=90030.5, new=89422.99
2026-01-28 22:15:00,141 - INFO - 15m | 13:00 | O:89868.1 H:90222.0 L:89821.2 C:90030.5
2026-01-28 22:15:00,142 - INFO - 지표: ADX=30.7, ATR=248.9, Bull=True, Bear=False
2026-01-28 22:15:50,529 - INFO - [상태] 포지션 없음, 자본금: $6301.33
2026-01-28 22:15:50,530 - INFO - [지표] ADX=nan, Bull=nan, Bear=nan
2026-01-28 22:20:50,531 - INFO - [상태] 포지션 없음, 자본금: $6301.33
2026-01-28 22:20:50,531 - INFO - [지표] ADX=nan, Bull=nan, Bear=nan
2026-01-28 22:25:50,533 - INFO - [상태] 포지션 없음, 자본금: $6301.33
2026-01-28 22:25:50,534 - INFO - [지표] ADX=nan, Bull=nan, Bear=nan
2026-01-28 22:30:00,598 - INFO - [EMA] 증분계산: prev=89422.99, close=89999.2, new=89467.32
2026-01-28 22:30:00,607 - INFO - 15m | 13:15 | O:90030.0 H:90160.0 L:89904.6 C:89999.2
2026-01-28 22:30:00,607 - INFO - 지표: ADX=32.5, ATR=249.5, Bull=True, Bear=False
2026-01-28 22:30:50,536 - INFO - [상태] 포지션 없음, 자본금: $6301.33
2026-01-28 22:30:50,536 - INFO - [지표] ADX=nan, Bull=nan, Bear=nan
2026-01-28 22:35:50,537 - INFO - [상태] 포지션 없음, 자본금: $6301.33
2026-01-28 22:35:50,538 - INFO - [지표] ADX=nan, Bull=nan, Bear=nan
2026-01-28 22:40:50,539 - INFO - [상태] 포지션 없음, 자본금: $6301.33
2026-01-28 22:40:50,540 - INFO - [지표] ADX=nan, Bull=nan, Bear=nan
2026-01-28 22:45:00,256 - INFO - [EMA] 증분계산: prev=89467.32, close=90262.2, new=89528.46
2026-01-28 22:45:00,262 - INFO - 15m | 13:30 | O:89997.2 H:90378.6 L:89960.0 C:90262.2
2026-01-28 22:45:00,262 - INFO - 지표: ADX=34.6, ATR=263.6, Bull=True, Bear=False
2026-01-28 22:45:50,542 - INFO - [상태] 포지션 없음, 자본금: $6301.33
2026-01-28 22:45:50,542 - INFO - [지표] ADX=nan, Bull=nan, Bear=nan
2026-01-28 22:50:50,544 - INFO - [상태] 포지션 없음, 자본금: $6301.33
2026-01-28 22:50:50,545 - INFO - [지표] ADX=nan, Bull=nan, Bear=nan
2026-01-28 22:55:50,546 - INFO - [상태] 포지션 없음, 자본금: $6301.33
2026-01-28 22:55:50,546 - INFO - [지표] ADX=nan, Bull=nan, Bear=nan
2026-01-28 23:00:01,064 - INFO - [EMA] 증분계산: prev=89528.46, close=90123.0, new=89574.19
2026-01-28 23:00:01,070 - INFO - 15m | 13:45 | O:90262.2 H:90318.7 L:90024.6 C:90123.0
2026-01-28 23:00:01,070 - INFO - 지표: ADX=36.5, ATR=266.1, Bull=True, Bear=False
2026-01-28 23:00:50,551 - INFO - [상태] 포지션 없음, 자본금: $6301.33
2026-01-28 23:00:50,551 - INFO - [지표] ADX=nan, Bull=nan, Bear=nan
2026-01-28 23:05:50,557 - INFO - [상태] 포지션 없음, 자본금: $6301.33
2026-01-28 23:05:50,558 - INFO - [지표] ADX=nan, Bull=nan, Bear=nan
2026-01-28 23:10:50,559 - INFO - [상태] 포지션 없음, 자본금: $6301.33
2026-01-28 23:10:50,560 - INFO - [지표] ADX=nan, Bull=nan, Bear=nan
2026-01-28 23:15:00,055 - INFO - [EMA] 증분계산: prev=89574.19, close=89991.6, new=89606.30
2026-01-28 23:15:00,062 - INFO - 15m | 14:00 | O:90122.9 H:90122.9 L:89985.0 C:89991.6
2026-01-28 23:15:00,062 - INFO - 지표: ADX=38.0, ATR=255.4, Bull=True, Bear=False
2026-01-28 23:15:50,567 - INFO - [상태] 포지션 없음, 자본금: $6301.33
2026-01-28 23:15:50,567 - INFO - [지표] ADX=nan, Bull=nan, Bear=nan
2026-01-28 23:20:50,568 - INFO - [상태] 포지션 없음, 자본금: $6301.33
2026-01-28 23:20:50,569 - INFO - [지표] ADX=nan, Bull=nan, Bear=nan
2026-01-28 23:25:50,570 - INFO - [상태] 포지션 없음, 자본금: $6301.33
2026-01-28 23:25:50,571 - INFO - [지표] ADX=nan, Bull=nan, Bear=nan
2026-01-28 23:30:00,107 - INFO - [EMA] 증분계산: prev=89606.30, close=89855.5, new=89625.47
2026-01-28 23:30:00,114 - INFO - 15m | 14:15 | O:89991.6 H:90041.8 L:89777.7 C:89855.5
2026-01-28 23:30:00,114 - INFO - 지표: ADX=37.8, ATR=256.2, Bull=True, Bear=False
2026-01-28 23:30:50,572 - INFO - [상태] 포지션 없음, 자본금: $6301.33
2026-01-28 23:30:50,573 - INFO - [지표] ADX=nan, Bull=nan, Bear=nan
2026-01-28 23:35:50,573 - INFO - [상태] 포지션 없음, 자본금: $6301.33
2026-01-28 23:35:50,573 - INFO - [지표] ADX=nan, Bull=nan, Bear=nan
2026-01-28 23:40:50,575 - INFO - [상태] 포지션 없음, 자본금: $6301.33
2026-01-28 23:40:50,575 - INFO - [지표] ADX=nan, Bull=nan, Bear=nan
2026-01-28 23:45:00,155 - INFO - [EMA] 증분계산: prev=89625.47, close=89566.0, new=89620.90
2026-01-28 23:45:00,164 - INFO - 15m | 14:30 | O:89854.7 H:90000.0 L:89490.1 C:89566.0
2026-01-28 23:45:00,165 - INFO - 지표: ADX=35.9, ATR=277.3, Bull=True, Bear=False
2026-01-28 23:45:50,576 - INFO - [상태] 포지션 없음, 자본금: $6301.33
2026-01-28 23:45:50,576 - INFO - [지표] ADX=nan, Bull=nan, Bear=nan
2026-01-28 23:50:50,577 - INFO - [상태] 포지션 없음, 자본금: $6301.33
2026-01-28 23:50:50,578 - INFO - [지표] ADX=nan, Bull=nan, Bear=nan
2026-01-28 23:55:50,578 - INFO - [상태] 포지션 없음, 자본금: $6301.33
2026-01-28 23:55:50,579 - INFO - [지표] ADX=nan, Bull=nan, Bear=nan
2026-01-29 00:00:00,310 - INFO - [EMA] 증분계산: prev=89620.90, close=89474.1, new=89609.60
2026-01-29 00:00:00,320 - INFO - 15m | 14:45 | O:89564.1 H:89636.3 L:89293.3 C:89474.1
2026-01-29 00:00:00,320 - INFO - 지표: ADX=33.4, ATR=282.8, Bull=True, Bear=False
2026-01-29 00:00:50,581 - INFO - [상태] 포지션 없음, 자본금: $6301.33
2026-01-29 00:00:50,581 - INFO - [지표] ADX=nan, Bull=nan, Bear=nan
2026-01-29 00:05:50,583 - INFO - [상태] 포지션 없음, 자본금: $6301.33
2026-01-29 00:05:50,583 - INFO - [지표] ADX=nan, Bull=nan, Bear=nan
2026-01-29 00:10:50,584 - INFO - [상태] 포지션 없음, 자본금: $6301.33
2026-01-29 00:10:50,584 - INFO - [지표] ADX=nan, Bull=nan, Bear=nan
2026-01-29 00:15:00,041 - INFO - [EMA] 증분계산: prev=89609.60, close=88944.8, new=89558.47
2026-01-29 00:15:00,048 - INFO - 15m | 15:00 | O:89474.1 H:89717.0 L:88943.4 C:88944.8
2026-01-29 00:15:00,048 - INFO - 지표: ADX=32.4, ATR=323.7, Bull=True, Bear=False
2026-01-29 00:15:50,585 - INFO - [상태] 포지션 없음, 자본금: $6301.33
2026-01-29 00:15:50,585 - INFO - [지표] ADX=nan, Bull=nan, Bear=nan
2026-01-29 00:20:50,586 - INFO - [상태] 포지션 없음, 자본금: $6301.33
2026-01-29 00:20:50,586 - INFO - [지표] ADX=nan, Bull=nan, Bear=nan
2026-01-29 00:25:50,587 - INFO - [상태] 포지션 없음, 자본금: $6301.33
2026-01-29 00:25:50,587 - INFO - [지표] ADX=nan, Bull=nan, Bear=nan
2026-01-29 00:30:00,107 - INFO - [EMA] 증분계산: prev=89558.47, close=89118.4, new=89524.61
2026-01-29 00:30:00,117 - INFO - 15m | 15:15 | O:88943.8 H:89199.6 L:88756.2 C:89118.4
2026-01-29 00:30:00,117 - INFO - 지표: ADX=32.0, ATR=333.7, Bull=True, Bear=False
2026-01-29 00:30:50,588 - INFO - [상태] 포지션 없음, 자본금: $6301.33
2026-01-29 00:30:50,589 - INFO - [지표] ADX=nan, Bull=nan, Bear=nan
2026-01-29 00:35:50,590 - INFO - [상태] 포지션 없음, 자본금: $6301.33
2026-01-29 00:35:50,590 - INFO - [지표] ADX=nan, Bull=nan, Bear=nan
2026-01-29 00:40:50,592 - INFO - [상태] 포지션 없음, 자본금: $6301.33
2026-01-29 00:40:50,592 - INFO - [지표] ADX=nan, Bull=nan, Bear=nan
2026-01-29 00:45:00,141 - INFO - [EMA] 증분계산: prev=89524.61, close=89367.2, new=89512.51
2026-01-29 00:45:00,147 - INFO - 15m | 15:30 | O:89120.0 H:89412.5 L:89080.3 C:89367.2
2026-01-29 00:45:00,147 - INFO - 지표: ADX=30.7, ATR=333.5, Bull=True, Bear=False
2026-01-29 00:45:50,593 - INFO - [상태] 포지션 없음, 자본금: $6301.33
2026-01-29 00:45:50,593 - INFO - [지표] ADX=nan, Bull=nan, Bear=nan
2026-01-29 00:50:50,595 - INFO - [상태] 포지션 없음, 자본금: $6301.33
2026-01-29 00:50:50,596 - INFO - [지표] ADX=nan, Bull=nan, Bear=nan
2026-01-29 00:55:50,600 - INFO - [상태] 포지션 없음, 자본금: $6301.33
2026-01-29 00:55:50,600 - INFO - [지표] ADX=nan, Bull=nan, Bear=nan
2026-01-29 01:00:01,537 - INFO - [EMA] 증분계산: prev=89512.51, close=89346.1, new=89499.71
2026-01-29 01:00:01,547 - INFO - 15m | 15:45 | O:89367.3 H:89499.6 L:89182.4 C:89346.1
2026-01-29 01:00:01,547 - INFO - 지표: ADX=29.1, ATR=332.2, Bull=True, Bear=False
2026-01-29 01:00:50,602 - INFO - [상태] 포지션 없음, 자본금: $6301.33
2026-01-29 01:00:50,603 - INFO - [지표] ADX=nan, Bull=nan, Bear=nan
2026-01-29 01:05:50,604 - INFO - [상태] 포지션 없음, 자본금: $6301.33
2026-01-29 01:05:50,604 - INFO - [지표] ADX=nan, Bull=nan, Bear=nan
2026-01-29 01:10:50,605 - INFO - [상태] 포지션 없음, 자본금: $6301.33
2026-01-29 01:10:50,606 - INFO - [지표] ADX=nan, Bull=nan, Bear=nan
2026-01-29 01:15:00,079 - INFO - [EMA] 증분계산: prev=89499.71, close=89134.1, new=89471.58
2026-01-29 01:15:00,088 - INFO - 15m | 16:00 | O:89348.0 H:89392.4 L:89102.0 C:89134.1
2026-01-29 01:15:00,088 - INFO - 지표: ADX=27.9, ATR=328.7, Bull=True, Bear=False
2026-01-29 01:15:50,608 - INFO - [상태] 포지션 없음, 자본금: $6301.33
2026-01-29 01:15:50,608 - INFO - [지표] ADX=nan, Bull=nan, Bear=nan
2026-01-29 01:20:50,610 - INFO - [상태] 포지션 없음, 자본금: $6301.33
2026-01-29 01:20:50,610 - INFO - [지표] ADX=nan, Bull=nan, Bear=nan
2026-01-29 01:25:50,613 - INFO - [상태] 포지션 없음, 자본금: $6301.33
2026-01-29 01:25:50,613 - INFO - [지표] ADX=nan, Bull=nan, Bear=nan
2026-01-29 01:30:00,214 - INFO - [EMA] 증분계산: prev=89471.58, close=89615.5, new=89482.65
2026-01-29 01:30:00,220 - INFO - 15m | 16:15 | O:89131.0 H:89622.0 L:89105.5 C:89615.5
2026-01-29 01:30:00,221 - INFO - 지표: ADX=25.9, ATR=344.3, Bull=True, Bear=False
2026-01-29 01:30:50,614 - INFO - [상태] 포지션 없음, 자본금: $6301.33
2026-01-29 01:30:50,615 - INFO - [지표] ADX=nan, Bull=nan, Bear=nan
2026-01-29 01:35:50,616 - INFO - [상태] 포지션 없음, 자본금: $6301.33
2026-01-29 01:35:50,617 - INFO - [지표] ADX=nan, Bull=nan, Bear=nan
2026-01-29 01:40:50,617 - INFO - [상태] 포지션 없음, 자본금: $6301.33
2026-01-29 01:40:50,618 - INFO - [지표] ADX=nan, Bull=nan, Bear=nan
2026-01-29 01:45:00,255 - INFO - [EMA] 증분계산: prev=89482.65, close=89405.0, new=89476.68
2026-01-29 01:45:00,265 - INFO - 15m | 16:30 | O:89614.1 H:89700.0 L:89321.5 C:89405.0
2026-01-29 01:45:00,265 - INFO - 지표: ADX=24.4, ATR=347.2, Bull=True, Bear=False
2026-01-29 01:45:50,618 - INFO - [상태] 포지션 없음, 자본금: $6301.33
2026-01-29 01:45:50,619 - INFO - [지표] ADX=nan, Bull=nan, Bear=nan
2026-01-29 01:50:50,621 - INFO - [상태] 포지션 없음, 자본금: $6301.33
2026-01-29 01:50:50,622 - INFO - [지표] ADX=nan, Bull=nan, Bear=nan
2026-01-29 01:55:50,623 - INFO - [상태] 포지션 없음, 자본금: $6301.33
2026-01-29 01:55:50,623 - INFO - [지표] ADX=nan, Bull=nan, Bear=nan
2026-01-29 02:00:01,334 - INFO - [EMA] 증분계산: prev=89476.68, close=89489.0, new=89477.63
2026-01-29 02:00:01,341 - INFO - 15m | 16:45 | O:89406.3 H:89620.0 L:89361.2 C:89489.0
2026-01-29 02:00:01,341 - INFO - 지표: ADX=22.9, ATR=339.8, Bull=True, Bear=False
2026-01-29 02:00:50,625 - INFO - [상태] 포지션 없음, 자본금: $6301.33
2026-01-29 02:00:50,625 - INFO - [지표] ADX=nan, Bull=nan, Bear=nan
2026-01-29 02:05:50,627 - INFO - [상태] 포지션 없음, 자본금: $6301.33
2026-01-29 02:05:50,627 - INFO - [지표] ADX=nan, Bull=nan, Bear=nan
2026-01-29 02:10:50,628 - INFO - [상태] 포지션 없음, 자본금: $6301.33
2026-01-29 02:10:50,629 - INFO - [지표] ADX=nan, Bull=nan, Bear=nan
2026-01-29 02:15:01,402 - INFO - [EMA] 증분계산: prev=89477.63, close=89585.8, new=89485.95
2026-01-29 02:15:01,408 - INFO - 15m | 17:00 | O:89490.8 H:89647.6 L:89438.0 C:89585.8
2026-01-29 02:15:01,408 - INFO - 지표: ADX=21.7, ATR=329.0, Bull=True, Bear=False
2026-01-29 02:15:50,631 - INFO - [상태] 포지션 없음, 자본금: $6301.33
2026-01-29 02:15:50,631 - INFO - [지표] ADX=nan, Bull=nan, Bear=nan
2026-01-29 02:20:50,632 - INFO - [상태] 포지션 없음, 자본금: $6301.33
2026-01-29 02:20:50,632 - INFO - [지표] ADX=nan, Bull=nan, Bear=nan
2026-01-29 02:25:50,633 - INFO - [상태] 포지션 없음, 자본금: $6301.33
2026-01-29 02:25:50,633 - INFO - [지표] ADX=nan, Bull=nan, Bear=nan
2026-01-29 02:30:00,155 - INFO - [EMA] 증분계산: prev=89485.95, close=89454.4, new=89483.52
2026-01-29 02:30:00,165 - INFO - 15m | 17:15 | O:89585.6 H:89604.1 L:89413.8 C:89454.4
2026-01-29 02:30:00,165 - INFO - 지표: ADX=20.5, ATR=317.4, Bull=True, Bear=False
2026-01-29 02:30:50,635 - INFO - [상태] 포지션 없음, 자본금: $6301.33
2026-01-29 02:30:50,635 - INFO - [지표] ADX=nan, Bull=nan, Bear=nan
2026-01-29 02:35:50,636 - INFO - [상태] 포지션 없음, 자본금: $6301.33
2026-01-29 02:35:50,637 - INFO - [지표] ADX=nan, Bull=nan, Bear=nan
2026-01-29 02:40:50,637 - INFO - [상태] 포지션 없음, 자본금: $6301.33
2026-01-29 02:40:50,638 - INFO - [지표] ADX=nan, Bull=nan, Bear=nan
2026-01-29 02:45:00,545 - INFO - [EMA] 증분계산: prev=89483.52, close=89705.3, new=89500.58
2026-01-29 02:45:00,552 - INFO - 15m | 17:30 | O:89451.5 H:89846.1 L:89139.1 C:89705.3
2026-01-29 02:45:00,552 - INFO - 지표: ADX=19.8, ATR=349.9, Bull=True, Bear=False
2026-01-29 02:45:50,640 - INFO - [상태] 포지션 없음, 자본금: $6301.33
2026-01-29 02:45:50,640 - INFO - [지표] ADX=nan, Bull=nan, Bear=nan
2026-01-29 02:50:50,640 - INFO - [상태] 포지션 없음, 자본금: $6301.33
2026-01-29 02:50:50,641 - INFO - [지표] ADX=nan, Bull=nan, Bear=nan
2026-01-29 02:55:50,642 - INFO - [상태] 포지션 없음, 자본금: $6301.33
2026-01-29 02:55:50,643 - INFO - [지표] ADX=nan, Bull=nan, Bear=nan
2026-01-29 03:00:00,462 - INFO - [EMA] 증분계산: prev=89500.58, close=90033.3, new=89541.56
2026-01-29 03:00:00,469 - INFO - 15m | 17:45 | O:89705.4 H:90458.3 L:89689.7 C:90033.3
2026-01-29 03:00:00,469 - INFO - 지표: ADX=19.7, ATR=384.8, Bull=True, Bear=False
2026-01-29 03:00:50,643 - INFO - [상태] 포지션 없음, 자본금: $6301.33
2026-01-29 03:00:50,644 - INFO - [지표] ADX=nan, Bull=nan, Bear=nan
2026-01-29 03:05:50,645 - INFO - [상태] 포지션 없음, 자본금: $6301.33
2026-01-29 03:05:50,646 - INFO - [지표] ADX=nan, Bull=nan, Bear=nan
2026-01-29 03:10:50,647 - INFO - [상태] 포지션 없음, 자본금: $6301.33
2026-01-29 03:10:50,647 - INFO - [지표] ADX=nan, Bull=nan, Bear=nan
2026-01-29 03:15:00,204 - INFO - [EMA] 증분계산: prev=89541.56, close=89676.8, new=89551.96
2026-01-29 03:15:00,211 - INFO - 15m | 18:00 | O:90034.4 H:90040.9 L:89363.9 C:89676.8
2026-01-29 03:15:00,211 - INFO - 지표: ADX=18.5, ATR=409.1, Bull=True, Bear=False
2026-01-29 03:15:50,648 - INFO - [상태] 포지션 없음, 자본금: $6301.33
2026-01-29 03:15:50,649 - INFO - [지표] ADX=nan, Bull=nan, Bear=nan
2026-01-29 03:20:50,650 - INFO - [상태] 포지션 없음, 자본금: $6301.33
2026-01-29 03:20:50,650 - INFO - [지표] ADX=nan, Bull=nan, Bear=nan
2026-01-29 03:25:50,656 - INFO - [상태] 포지션 없음, 자본금: $6301.33
2026-01-29 03:25:50,656 - INFO - [지표] ADX=nan, Bull=nan, Bear=nan
2026-01-29 03:30:02,484 - INFO - [EMA] 증분계산: prev=89551.96, close=89633.2, new=89558.21
2026-01-29 03:30:02,493 - INFO - 15m | 18:15 | O:89682.5 H:89811.2 L:89572.1 C:89633.2
2026-01-29 03:30:02,494 - INFO - 지표: ADX=17.4, ATR=395.0, Bull=True, Bear=False
2026-01-29 03:30:50,658 - INFO - [상태] 포지션 없음, 자본금: $6301.33
2026-01-29 03:30:50,658 - INFO - [지표] ADX=nan, Bull=nan, Bear=nan
2026-01-29 03:35:50,662 - INFO - [상태] 포지션 없음, 자본금: $6301.33
2026-01-29 03:35:50,662 - INFO - [지표] ADX=nan, Bull=nan, Bear=nan
2026-01-29 03:40:50,663 - INFO - [상태] 포지션 없음, 자본금: $6301.33
2026-01-29 03:40:50,664 - INFO - [지표] ADX=nan, Bull=nan, Bear=nan
2026-01-29 03:45:00,809 - INFO - [EMA] 증분계산: prev=89558.21, close=89496.8, new=89553.49
2026-01-29 03:45:00,818 - INFO - 15m | 18:30 | O:89633.0 H:89682.4 L:89430.3 C:89496.8
2026-01-29 03:45:00,818 - INFO - 지표: ADX=16.4, ATR=383.1, Bull=True, Bear=False
2026-01-29 03:45:50,666 - INFO - [상태] 포지션 없음, 자본금: $6301.33
2026-01-29 03:45:50,666 - INFO - [지표] ADX=nan, Bull=nan, Bear=nan
2026-01-29 03:50:50,674 - INFO - [상태] 포지션 없음, 자본금: $6301.33
2026-01-29 03:50:50,675 - INFO - [지표] ADX=nan, Bull=nan, Bear=nan
2026-01-29 03:55:50,676 - INFO - [상태] 포지션 없음, 자본금: $6301.33
2026-01-29 03:55:50,676 - INFO - [지표] ADX=nan, Bull=nan, Bear=nan
2026-01-29 04:00:00,038 - INFO - [EMA] 증분계산: prev=89553.49, close=89396.9, new=89541.44
2026-01-29 04:00:00,045 - INFO - 15m | 18:45 | O:89496.9 H:89525.9 L:89194.9 C:89396.9
2026-01-29 04:00:00,045 - INFO - 지표: ADX=16.2, ATR=378.7, Bull=True, Bear=False
2026-01-29 04:00:50,676 - INFO - [상태] 포지션 없음, 자본금: $6301.33
2026-01-29 04:00:50,677 - INFO - [지표] ADX=nan, Bull=nan, Bear=nan
2026-01-29 04:05:50,679 - INFO - [상태] 포지션 없음, 자본금: $6301.33
2026-01-29 04:05:50,679 - INFO - [지표] ADX=nan, Bull=nan, Bear=nan
2026-01-29 04:06:42,016 - ERROR - 포지션 동기화 에러: HTTPSConnectionPool(host='fapi.binance.com', port=443): Read timed out. (read timeout=10)
2026-01-29 04:07:22,045 - ERROR - 포지션 동기화 에러: HTTPSConnectionPool(host='fapi.binance.com', port=443): Max retries exceeded with url: /fapi/v3/positionRisk?recvWindow=10000&symbol=BTCUSDC&timestamp=1769627232027&signature=9052380daca623411135f0046f4a8824f975b16fd969e4c8319b975671c64237 (Caused by NameResolutionError("<urllib3.connection.HTTPSConnection object at 0x7ff6b8e0bbe0>: Failed to resolve 'fapi.binance.com' ([Errno -2] Name or service not known)"))
2026-01-29 04:07:22,045 - WARNING - 웹소켓 연결 종료, 재연결 중...
2026-01-29 04:07:27,185 - INFO - 웹소켓 연결: BTCUSDC (15분봉)
2026-01-29 04:08:07,227 - WARNING - 웹소켓 연결 종료, 재연결 중...
2026-01-29 04:08:12,361 - INFO - 웹소켓 연결: BTCUSDC (15분봉)
2026-01-29 04:10:50,680 - INFO - [상태] 포지션 없음, 자본금: $6301.33
2026-01-29 04:10:50,681 - INFO - [지표] ADX=nan, Bull=nan, Bear=nan
2026-01-29 04:15:00,157 - INFO - [EMA] 증분계산: prev=89541.44, close=89239.5, new=89518.22
2026-01-29 04:15:00,167 - INFO - 15m | 19:00 | O:89398.5 H:89585.4 L:88925.2 C:89239.5
2026-01-29 04:15:00,167 - INFO - 지표: ADX=16.7, ATR=402.2, Bull=True, Bear=False
2026-01-29 04:15:50,683 - INFO - [상태] 포지션 없음, 자본금: $6301.33
2026-01-29 04:15:50,683 - INFO - [지표] ADX=nan, Bull=nan, Bear=nan
2026-01-29 04:20:50,684 - INFO - [상태] 포지션 없음, 자본금: $6301.33
2026-01-29 04:20:50,685 - INFO - [지표] ADX=nan, Bull=nan, Bear=nan
2026-01-29 04:25:50,689 - INFO - [상태] 포지션 없음, 자본금: $6301.33
2026-01-29 04:25:50,689 - INFO - [지표] ADX=nan, Bull=nan, Bear=nan
2026-01-29 04:30:00,051 - INFO - [EMA] 증분계산: prev=89518.22, close=89264.0, new=89498.66
2026-01-29 04:30:00,061 - INFO - 15m | 19:15 | O:89238.0 H:89497.1 L:89134.4 C:89264.0
2026-01-29 04:30:00,061 - INFO - 지표: ADX=17.2, ATR=398.9, Bull=True, Bear=False
2026-01-29 04:30:50,691 - INFO - [상태] 포지션 없음, 자본금: $6301.33
2026-01-29 04:30:50,692 - INFO - [지표] ADX=nan, Bull=nan, Bear=nan
2026-01-29 04:35:50,693 - INFO - [상태] 포지션 없음, 자본금: $6301.33
2026-01-29 04:35:50,693 - INFO - [지표] ADX=nan, Bull=nan, Bear=nan
2026-01-29 04:40:50,695 - INFO - [상태] 포지션 없음, 자본금: $6301.33
2026-01-29 04:40:50,695 - INFO - [지표] ADX=nan, Bull=nan, Bear=nan
2026-01-29 04:45:00,042 - INFO - [EMA] 증분계산: prev=89498.66, close=88914.3, new=89453.71
2026-01-29 04:45:00,049 - INFO - 15m | 19:30 | O:89266.6 H:89411.1 L:88855.3 C:88914.3
2026-01-29 04:45:00,049 - INFO - 지표: ADX=18.3, ATR=412.0, Bull=True, Bear=False
2026-01-29 04:45:50,698 - INFO - [상태] 포지션 없음, 자본금: $6301.33
2026-01-29 04:45:50,698 - INFO - [지표] ADX=nan, Bull=nan, Bear=nan
2026-01-29 04:50:50,699 - INFO - [상태] 포지션 없음, 자본금: $6301.33
2026-01-29 04:50:50,699 - INFO - [지표] ADX=nan, Bull=nan, Bear=nan
2026-01-29 04:55:50,702 - INFO - [상태] 포지션 없음, 자본금: $6301.33
2026-01-29 04:55:50,702 - INFO - [지표] ADX=nan, Bull=nan, Bear=nan
2026-01-29 05:00:01,149 - INFO - [EMA] 증분계산: prev=89453.71, close=89252.6, new=89438.24
2026-01-29 05:00:01,159 - INFO - 15m | 19:45 | O:88916.9 H:89457.0 L:88899.0 C:89252.6
2026-01-29 05:00:01,159 - INFO - 지표: ADX=19.1, ATR=424.1, Bull=True, Bear=False
2026-01-29 05:00:50,703 - INFO - [상태] 포지션 없음, 자본금: $6301.33
2026-01-29 05:00:50,704 - INFO - [지표] ADX=nan, Bull=nan, Bear=nan
2026-01-29 05:05:50,706 - INFO - [상태] 포지션 없음, 자본금: $6301.33
2026-01-29 05:05:50,707 - INFO - [지표] ADX=nan, Bull=nan, Bear=nan
2026-01-29 05:10:50,708 - INFO - [상태] 포지션 없음, 자본금: $6301.33
2026-01-29 05:10:50,708 - INFO - [지표] ADX=nan, Bull=nan, Bear=nan
2026-01-29 05:15:00,288 - INFO - [EMA] 증분계산: prev=89438.24, close=89438.1, new=89438.23
2026-01-29 05:15:00,297 - INFO - 15m | 20:00 | O:89252.6 H:89496.4 L:89183.4 C:89438.1
2026-01-29 05:15:00,298 - INFO - 지표: ADX=19.7, ATR=414.9, Bull=True, Bear=False
2026-01-29 05:15:50,709 - INFO - [상태] 포지션 없음, 자본금: $6301.33
2026-01-29 05:15:50,710 - INFO - [지표] ADX=nan, Bull=nan, Bear=nan
2026-01-29 05:20:50,710 - INFO - [상태] 포지션 없음, 자본금: $6301.33
2026-01-29 05:20:50,711 - INFO - [지표] ADX=nan, Bull=nan, Bear=nan
2026-01-29 05:25:50,711 - INFO - [상태] 포지션 없음, 자본금: $6301.33
2026-01-29 05:25:50,712 - INFO - [지표] ADX=nan, Bull=nan, Bear=nan
2026-01-29 05:30:00,545 - INFO - [EMA] 증분계산: prev=89438.23, close=89651.7, new=89454.65
2026-01-29 05:30:00,555 - INFO - 15m | 20:15 | O:89444.2 H:89757.3 L:89318.5 C:89651.7
2026-01-29 05:30:00,555 - INFO - 지표: ADX=19.2, ATR=416.9, Bull=True, Bear=False
2026-01-29 05:30:50,714 - INFO - [상태] 포지션 없음, 자본금: $6301.33
2026-01-29 05:30:50,714 - INFO - [지표] ADX=nan, Bull=nan, Bear=nan
2026-01-29 05:35:50,716 - INFO - [상태] 포지션 없음, 자본금: $6301.33
2026-01-29 05:35:50,716 - INFO - [지표] ADX=nan, Bull=nan, Bear=nan
2026-01-29 05:40:50,717 - INFO - [상태] 포지션 없음, 자본금: $6301.33
2026-01-29 05:40:50,717 - INFO - [지표] ADX=nan, Bull=nan, Bear=nan
2026-01-29 05:45:00,075 - INFO - [EMA] 증분계산: prev=89454.65, close=89098.9, new=89427.28
2026-01-29 05:45:00,085 - INFO - 15m | 20:30 | O:89656.5 H:89656.5 L:89015.5 C:89098.9
2026-01-29 05:45:00,085 - INFO - 지표: ADX=19.5, ATR=435.5, Bull=True, Bear=False
2026-01-29 05:45:50,719 - INFO - [상태] 포지션 없음, 자본금: $6301.33
2026-01-29 05:45:50,719 - INFO - [지표] ADX=nan, Bull=nan, Bear=nan
2026-01-29 05:50:50,721 - INFO - [상태] 포지션 없음, 자본금: $6301.33
2026-01-29 05:50:50,722 - INFO - [지표] ADX=nan, Bull=nan, Bear=nan
2026-01-29 05:55:50,724 - INFO - [상태] 포지션 없음, 자본금: $6301.33
2026-01-29 05:55:50,724 - INFO - [지표] ADX=nan, Bull=nan, Bear=nan
2026-01-29 06:00:00,097 - INFO - [EMA] 증분계산: prev=89427.28, close=88989.4, new=89393.60
2026-01-29 06:00:00,107 - INFO - 15m | 20:45 | O:89097.9 H:89129.8 L:88863.9 C:88989.4
2026-01-29 06:00:00,107 - INFO - 지표: ADX=20.1, ATR=421.4, Bull=True, Bear=False
2026-01-29 06:00:50,725 - INFO - [상태] 포지션 없음, 자본금: $6301.33
2026-01-29 06:00:50,726 - INFO - [지표] ADX=nan, Bull=nan, Bear=nan
2026-01-29 06:05:50,727 - INFO - [상태] 포지션 없음, 자본금: $6301.33
2026-01-29 06:05:50,727 - INFO - [지표] ADX=nan, Bull=nan, Bear=nan
2026-01-29 06:10:50,728 - INFO - [상태] 포지션 없음, 자본금: $6301.33
2026-01-29 06:10:50,728 - INFO - [지표] ADX=nan, Bull=nan, Bear=nan
2026-01-29 06:15:00,577 - INFO - [EMA] 증분계산: prev=89393.60, close=89066.6, new=89368.45
2026-01-29 06:15:00,583 - INFO - 15m | 21:00 | O:88988.2 H:89068.1 L:88719.3 C:89066.6
2026-01-29 06:15:00,583 - INFO - 지표: ADX=21.1, ATR=415.4, Bull=True, Bear=False
2026-01-29 06:15:50,730 - INFO - [상태] 포지션 없음, 자본금: $6301.33
2026-01-29 06:15:50,730 - INFO - [지표] ADX=nan, Bull=nan, Bear=nan
2026-01-29 06:20:50,734 - INFO - [상태] 포지션 없음, 자본금: $6301.33
2026-01-29 06:20:50,735 - INFO - [지표] ADX=nan, Bull=nan, Bear=nan
2026-01-29 06:25:50,735 - INFO - [상태] 포지션 없음, 자본금: $6301.33
2026-01-29 06:25:50,736 - INFO - [지표] ADX=nan, Bull=nan, Bear=nan
2026-01-29 06:30:00,561 - INFO - [EMA] 증분계산: prev=89368.45, close=89031.2, new=89342.51
2026-01-29 06:30:00,571 - INFO - 15m | 21:15 | O:89066.4 H:89133.6 L:88983.1 C:89031.2
2026-01-29 06:30:00,571 - INFO - 지표: ADX=21.6, ATR=393.3, Bull=True, Bear=False
2026-01-29 06:30:50,737 - INFO - [상태] 포지션 없음, 자본금: $6301.33
2026-01-29 06:30:50,737 - INFO - [지표] ADX=nan, Bull=nan, Bear=nan
2026-01-29 06:35:50,741 - INFO - [상태] 포지션 없음, 자본금: $6301.33
2026-01-29 06:35:50,742 - INFO - [지표] ADX=nan, Bull=nan, Bear=nan
2026-01-29 06:40:50,743 - INFO - [상태] 포지션 없음, 자본금: $6301.33
2026-01-29 06:40:50,743 - INFO - [지표] ADX=nan, Bull=nan, Bear=nan
2026-01-29 06:45:03,043 - INFO - [EMA] 증분계산: prev=89342.51, close=89276.6, new=89337.44
2026-01-29 06:45:03,050 - INFO - 15m | 21:30 | O:89029.9 H:89341.1 L:88918.0 C:89276.6
2026-01-29 06:45:03,050 - INFO - 지표: ADX=21.3, ATR=395.8, Bull=True, Bear=False
2026-01-29 06:45:50,745 - INFO - [상태] 포지션 없음, 자본금: $6301.33
2026-01-29 06:45:50,745 - INFO - [지표] ADX=nan, Bull=nan, Bear=nan
2026-01-29 06:50:50,749 - INFO - [상태] 포지션 없음, 자본금: $6301.33
2026-01-29 06:50:50,749 - INFO - [지표] ADX=nan, Bull=nan, Bear=nan
2026-01-29 06:55:50,753 - INFO - [상태] 포지션 없음, 자본금: $6301.33
2026-01-29 06:55:50,753 - INFO - [지표] ADX=nan, Bull=nan, Bear=nan
2026-01-29 07:00:00,181 - INFO - [EMA] 증분계산: prev=89337.44, close=89267.5, new=89332.06
2026-01-29 07:00:00,190 - INFO - 15m | 21:45 | O:89279.3 H:89336.0 L:89172.9 C:89267.5
2026-01-29 07:00:00,190 - INFO - 지표: ADX=21.0, ATR=376.4, Bull=True, Bear=False
2026-01-29 07:00:50,756 - INFO - [상태] 포지션 없음, 자본금: $6301.33
2026-01-29 07:00:50,756 - INFO - [지표] ADX=nan, Bull=nan, Bear=nan
2026-01-29 07:05:50,760 - INFO - [상태] 포지션 없음, 자본금: $6301.33
2026-01-29 07:05:50,760 - INFO - [지표] ADX=nan, Bull=nan, Bear=nan
2026-01-29 07:10:50,769 - INFO - [상태] 포지션 없음, 자본금: $6301.33
2026-01-29 07:10:50,769 - INFO - [지표] ADX=nan, Bull=nan, Bear=nan
2026-01-29 07:15:00,983 - INFO - [EMA] 증분계산: prev=89332.06, close=89139.5, new=89317.24
2026-01-29 07:15:00,993 - INFO - 15m | 22:00 | O:89267.5 H:89339.4 L:89111.4 C:89139.5
2026-01-29 07:15:00,993 - INFO - 지표: ADX=20.9, ATR=364.0, Bull=True, Bear=False
2026-01-29 07:15:50,774 - INFO - [상태] 포지션 없음, 자본금: $6301.33
2026-01-29 07:15:50,774 - INFO - [지표] ADX=nan, Bull=nan, Bear=nan
2026-01-29 07:20:50,778 - INFO - [상태] 포지션 없음, 자본금: $6301.33
2026-01-29 07:20:50,778 - INFO - [지표] ADX=nan, Bull=nan, Bear=nan
2026-01-29 07:25:50,780 - INFO - [상태] 포지션 없음, 자본금: $6301.33
2026-01-29 07:25:50,780 - INFO - [지표] ADX=nan, Bull=nan, Bear=nan
2026-01-29 07:30:00,067 - INFO - [EMA] 증분계산: prev=89317.24, close=89144.9, new=89303.99
2026-01-29 07:30:00,076 - INFO - 15m | 22:15 | O:89139.4 H:89144.9 L:88986.3 C:89144.9
2026-01-29 07:30:00,077 - INFO - 지표: ADX=21.2, ATR=346.9, Bull=True, Bear=False
2026-01-29 07:30:50,785 - INFO - [상태] 포지션 없음, 자본금: $6301.33
2026-01-29 07:30:50,785 - INFO - [지표] ADX=nan, Bull=nan, Bear=nan
2026-01-29 07:35:50,788 - INFO - [상태] 포지션 없음, 자본금: $6301.33
2026-01-29 07:35:50,788 - INFO - [지표] ADX=nan, Bull=nan, Bear=nan
2026-01-29 07:40:50,793 - INFO - [상태] 포지션 없음, 자본금: $6301.33
2026-01-29 07:40:50,793 - INFO - [지표] ADX=nan, Bull=nan, Bear=nan
2026-01-29 07:45:00,610 - INFO - [EMA] 증분계산: prev=89303.99, close=89119.9, new=89289.83
2026-01-29 07:45:00,619 - INFO - 15m | 22:30 | O:89144.9 H:89159.6 L:89046.9 C:89119.9
2026-01-29 07:45:00,619 - INFO - 지표: ADX=21.4, ATR=327.4, Bull=True, Bear=False
2026-01-29 07:45:50,798 - INFO - [상태] 포지션 없음, 자본금: $6301.33
2026-01-29 07:45:50,799 - INFO - [지표] ADX=nan, Bull=nan, Bear=nan
2026-01-29 07:50:50,804 - INFO - [상태] 포지션 없음, 자본금: $6301.33
2026-01-29 07:50:50,804 - INFO - [지표] ADX=nan, Bull=nan, Bear=nan
2026-01-29 07:55:50,806 - INFO - [상태] 포지션 없음, 자본금: $6301.33
2026-01-29 07:55:50,807 - INFO - [지표] ADX=nan, Bull=nan, Bear=nan
2026-01-29 08:00:00,382 - INFO - [EMA] 증분계산: prev=89289.83, close=89241.1, new=89286.08
2026-01-29 08:00:00,389 - INFO - 15m | 22:45 | O:89119.9 H:89277.3 L:89119.9 C:89241.1
2026-01-29 08:00:00,389 - INFO - 지표: ADX=21.0, ATR=313.2, Bull=True, Bear=False
2026-01-29 08:00:50,810 - INFO - [상태] 포지션 없음, 자본금: $6301.33
2026-01-29 08:00:50,811 - INFO - [지표] ADX=nan, Bull=nan, Bear=nan
2026-01-29 08:05:50,813 - INFO - [상태] 포지션 없음, 자본금: $6301.33
2026-01-29 08:05:50,813 - INFO - [지표] ADX=nan, Bull=nan, Bear=nan
2026-01-29 08:10:50,816 - INFO - [상태] 포지션 없음, 자본금: $6301.33
2026-01-29 08:10:50,817 - INFO - [지표] ADX=nan, Bull=nan, Bear=nan
2026-01-29 08:15:00,135 - INFO - [EMA] 증분계산: prev=89286.08, close=89201.7, new=89279.59
2026-01-29 08:15:00,142 - INFO - 15m | 23:00 | O:89241.0 H:89319.3 L:89187.7 C:89201.7
2026-01-29 08:15:00,142 - INFO - 지표: ADX=20.5, ATR=298.1, Bull=True, Bear=False
2026-01-29 08:15:50,819 - INFO - [상태] 포지션 없음, 자본금: $6301.33
2026-01-29 08:15:50,819 - INFO - [지표] ADX=nan, Bull=nan, Bear=nan
2026-01-29 08:20:50,820 - INFO - [상태] 포지션 없음, 자본금: $6301.33
2026-01-29 08:20:50,821 - INFO - [지표] ADX=nan, Bull=nan, Bear=nan
2026-01-29 08:25:50,822 - INFO - [상태] 포지션 없음, 자본금: $6301.33
2026-01-29 08:25:50,822 - INFO - [지표] ADX=nan, Bull=nan, Bear=nan
2026-01-29 08:30:00,651 - INFO - [EMA] 증분계산: prev=89279.59, close=89156.6, new=89270.13
2026-01-29 08:30:00,658 - INFO - 15m | 23:15 | O:89202.7 H:89331.2 L:89116.5 C:89156.6
2026-01-29 08:30:00,658 - INFO - 지표: ADX=20.2, ATR=291.1, Bull=True, Bear=False
2026-01-29 08:30:50,823 - INFO - [상태] 포지션 없음, 자본금: $6301.33
2026-01-29 08:30:50,823 - INFO - [지표] ADX=nan, Bull=nan, Bear=nan
2026-01-29 08:35:50,826 - INFO - [상태] 포지션 없음, 자본금: $6301.33
2026-01-29 08:35:50,826 - INFO - [지표] ADX=nan, Bull=nan, Bear=nan
2026-01-29 08:40:50,828 - INFO - [상태] 포지션 없음, 자본금: $6301.33
2026-01-29 08:40:50,828 - INFO - [지표] ADX=nan, Bull=nan, Bear=nan
2026-01-29 08:45:00,491 - INFO - [EMA] 증분계산: prev=89270.13, close=89165.4, new=89262.07
2026-01-29 08:45:00,498 - INFO - 15m | 23:30 | O:89156.7 H:89197.5 L:89056.9 C:89165.4
2026-01-29 08:45:00,498 - INFO - 지표: ADX=20.2, ATR=278.6, Bull=True, Bear=False
2026-01-29 08:45:50,833 - INFO - [상태] 포지션 없음, 자본금: $6301.33
2026-01-29 08:45:50,833 - INFO - [지표] ADX=nan, Bull=nan, Bear=nan
2026-01-29 08:50:50,835 - INFO - [상태] 포지션 없음, 자본금: $6301.33
2026-01-29 08:50:50,835 - INFO - [지표] ADX=nan, Bull=nan, Bear=nan
2026-01-29 08:55:50,838 - INFO - [상태] 포지션 없음, 자본금: $6301.33
2026-01-29 08:55:50,838 - INFO - [지표] ADX=nan, Bull=nan, Bear=nan
