2026-01-17 09:00:01,426 - INFO - === 로그 파일 시작: logs/hyper_usdt_2026-01-17.log ===
2026-01-17 09:00:01,426 - INFO - [EMA] 증분계산: prev=95273.74, close=95503.7, new=95291.43
2026-01-17 09:00:01,435 - INFO - 15m | 23:45 | O:95414.3 H:95536.2 L:95414.3 C:95503.7
2026-01-17 09:00:01,435 - INFO - 지표: ADX=9.4, ATR=181.4, Bull=False, Bear=False
2026-01-17 09:04:15,937 - INFO - [상태] 포지션 없음, 자본금: $5364.14
2026-01-17 09:04:15,937 - INFO - [지표] ADX=nan, Bull=nan, Bear=nan
2026-01-17 09:09:15,939 - INFO - [상태] 포지션 없음, 자본금: $5364.14
2026-01-17 09:09:15,940 - INFO - [지표] ADX=nan, Bull=nan, Bear=nan
2026-01-17 09:14:15,941 - INFO - [상태] 포지션 없음, 자본금: $5364.14
2026-01-17 09:14:15,941 - INFO - [지표] ADX=nan, Bull=nan, Bear=nan
2026-01-17 09:15:00,228 - INFO - [EMA] 증분계산: prev=95291.43, close=95489.7, new=95306.68
2026-01-17 09:15:00,235 - INFO - 15m | 00:00 | O:95503.8 H:95536.9 L:95467.3 C:95489.7
2026-01-17 09:15:00,235 - INFO - 지표: ADX=8.8, ATR=170.3, Bull=False, Bear=False
2026-01-17 09:19:15,943 - INFO - [상태] 포지션 없음, 자본금: $5364.14
2026-01-17 09:19:15,943 - INFO - [지표] ADX=nan, Bull=nan, Bear=nan
2026-01-17 09:24:15,945 - INFO - [상태] 포지션 없음, 자본금: $5364.14
2026-01-17 09:24:15,946 - INFO - [지표] ADX=nan, Bull=nan, Bear=nan
2026-01-17 09:29:15,947 - INFO - [상태] 포지션 없음, 자본금: $5364.14
2026-01-17 09:29:15,948 - INFO - [지표] ADX=nan, Bull=nan, Bear=nan
2026-01-17 09:30:01,088 - INFO - [EMA] 증분계산: prev=95306.68, close=95428.4, new=95316.04
2026-01-17 09:30:01,094 - INFO - 15m | 00:15 | O:95489.7 H:95520.0 L:95428.3 C:95428.4
2026-01-17 09:30:01,094 - INFO - 지표: ADX=8.4, ATR=162.4, Bull=False, Bear=False
2026-01-17 09:34:15,949 - INFO - [상태] 포지션 없음, 자본금: $5364.14
2026-01-17 09:34:15,949 - INFO - [지표] ADX=nan, Bull=nan, Bear=nan
2026-01-17 09:39:15,951 - INFO - [상태] 포지션 없음, 자본금: $5364.14
2026-01-17 09:39:15,951 - INFO - [지표] ADX=nan, Bull=nan, Bear=nan
2026-01-17 09:44:15,952 - INFO - [상태] 포지션 없음, 자본금: $5364.14
2026-01-17 09:44:15,952 - INFO - [지표] ADX=nan, Bull=nan, Bear=nan
2026-01-17 09:45:00,081 - INFO - [EMA] 증분계산: prev=95316.04, close=95414.3, new=95323.60
2026-01-17 09:45:00,087 - INFO - 15m | 00:30 | O:95428.4 H:95485.8 L:95380.4 C:95414.3
2026-01-17 09:45:00,088 - INFO - 지표: ADX=8.3, ATR=156.7, Bull=False, Bear=True
2026-01-17 09:49:15,954 - INFO - [상태] 포지션 없음, 자본금: $5364.14
2026-01-17 09:49:15,954 - INFO - [지표] ADX=nan, Bull=nan, Bear=nan
2026-01-17 09:54:15,956 - INFO - [상태] 포지션 없음, 자본금: $5364.14
2026-01-17 09:54:15,956 - INFO - [지표] ADX=nan, Bull=nan, Bear=nan
2026-01-17 09:59:15,958 - INFO - [상태] 포지션 없음, 자본금: $5364.14
2026-01-17 09:59:15,958 - INFO - [지표] ADX=nan, Bull=nan, Bear=nan
2026-01-17 10:00:00,042 - INFO - [EMA] 증분계산: prev=95323.60, close=95416.9, new=95330.78
2026-01-17 10:00:00,052 - INFO - 15m | 00:45 | O:95414.3 H:95483.5 L:95401.5 C:95416.9
2026-01-17 10:00:00,052 - INFO - 지표: ADX=8.2, ATR=149.2, Bull=False, Bear=False
2026-01-17 10:04:15,959 - INFO - [상태] 포지션 없음, 자본금: $5364.14
2026-01-17 10:04:15,959 - INFO - [지표] ADX=nan, Bull=nan, Bear=nan
2026-01-17 10:09:15,960 - INFO - [상태] 포지션 없음, 자본금: $5364.14
2026-01-17 10:09:15,960 - INFO - [지표] ADX=nan, Bull=nan, Bear=nan
2026-01-17 10:14:15,961 - INFO - [상태] 포지션 없음, 자본금: $5364.14
2026-01-17 10:14:15,962 - INFO - [지표] ADX=nan, Bull=nan, Bear=nan
2026-01-17 10:15:00,283 - INFO - [EMA] 증분계산: prev=95330.78, close=95410.8, new=95336.94
2026-01-17 10:15:00,289 - INFO - 15m | 01:00 | O:95416.8 H:95487.9 L:95388.7 C:95410.8
2026-01-17 10:15:00,289 - INFO - 지표: ADX=8.3, ATR=144.2, Bull=False, Bear=True
2026-01-17 10:19:15,963 - INFO - [상태] 포지션 없음, 자본금: $5364.14
2026-01-17 10:19:15,963 - INFO - [지표] ADX=nan, Bull=nan, Bear=nan
2026-01-17 10:24:15,965 - INFO - [상태] 포지션 없음, 자본금: $5364.14
2026-01-17 10:24:15,965 - INFO - [지표] ADX=nan, Bull=nan, Bear=nan
2026-01-17 10:29:15,966 - INFO - [상태] 포지션 없음, 자본금: $5364.14
2026-01-17 10:29:15,966 - INFO - [지표] ADX=nan, Bull=nan, Bear=nan
2026-01-17 10:30:01,351 - INFO - [EMA] 증분계산: prev=95336.94, close=95425.7, new=95343.76
2026-01-17 10:30:01,361 - INFO - 15m | 01:15 | O:95410.8 H:95453.4 L:95410.8 C:95425.7
2026-01-17 10:30:01,361 - INFO - 지표: ADX=8.3, ATR=134.1, Bull=False, Bear=False
2026-01-17 10:34:15,967 - INFO - [상태] 포지션 없음, 자본금: $5364.14
2026-01-17 10:34:15,967 - INFO - [지표] ADX=nan, Bull=nan, Bear=nan
2026-01-17 10:39:15,969 - INFO - [상태] 포지션 없음, 자본금: $5364.14
2026-01-17 10:39:15,970 - INFO - [지표] ADX=nan, Bull=nan, Bear=nan
2026-01-17 10:44:15,971 - INFO - [상태] 포지션 없음, 자본금: $5364.14
2026-01-17 10:44:15,971 - INFO - [지표] ADX=nan, Bull=nan, Bear=nan
2026-01-17 10:45:00,424 - INFO - [EMA] 증분계산: prev=95343.76, close=95345.0, new=95343.86
2026-01-17 10:45:00,431 - INFO - 15m | 01:30 | O:95425.7 H:95446.1 L:95340.1 C:95345.0
2026-01-17 10:45:00,431 - INFO - 지표: ADX=8.9, ATR=131.3, Bull=False, Bear=True
2026-01-17 10:49:15,972 - INFO - [상태] 포지션 없음, 자본금: $5364.14
2026-01-17 10:49:15,972 - INFO - [지표] ADX=nan, Bull=nan, Bear=nan
2026-01-17 10:54:15,973 - INFO - [상태] 포지션 없음, 자본금: $5364.14
2026-01-17 10:54:15,974 - INFO - [지표] ADX=nan, Bull=nan, Bear=nan
2026-01-17 10:59:15,974 - INFO - [상태] 포지션 없음, 자본금: $5364.14
2026-01-17 10:59:15,975 - INFO - [지표] ADX=nan, Bull=nan, Bear=nan
2026-01-17 11:00:00,643 - INFO - [EMA] 증분계산: prev=95343.86, close=95344.2, new=95343.88
2026-01-17 11:00:00,649 - INFO - 15m | 01:45 | O:95345.0 H:95375.0 L:95332.8 C:95344.2
2026-01-17 11:00:00,649 - INFO - 지표: ADX=9.6, ATR=122.4, Bull=False, Bear=True
2026-01-17 11:04:15,976 - INFO - [상태] 포지션 없음, 자본금: $5364.14
2026-01-17 11:04:15,976 - INFO - [지표] ADX=nan, Bull=nan, Bear=nan
2026-01-17 11:09:15,977 - INFO - [상태] 포지션 없음, 자본금: $5364.14
2026-01-17 11:09:15,978 - INFO - [지표] ADX=nan, Bull=nan, Bear=nan
2026-01-17 11:14:15,978 - INFO - [상태] 포지션 없음, 자본금: $5364.14
2026-01-17 11:14:15,979 - INFO - [지표] ADX=nan, Bull=nan, Bear=nan
2026-01-17 11:15:00,256 - INFO - [EMA] 증분계산: prev=95343.88, close=95238.4, new=95335.77
2026-01-17 11:15:00,263 - INFO - 15m | 02:00 | O:95344.1 H:95372.8 L:95227.2 C:95238.4
2026-01-17 11:15:00,263 - INFO - 지표: ADX=10.9, ATR=124.7, Bull=False, Bear=True
2026-01-17 11:19:15,981 - INFO - [상태] 포지션 없음, 자본금: $5364.14
2026-01-17 11:19:15,981 - INFO - [지표] ADX=nan, Bull=nan, Bear=nan
2026-01-17 11:24:15,982 - INFO - [상태] 포지션 없음, 자본금: $5364.14
2026-01-17 11:24:15,983 - INFO - [지표] ADX=nan, Bull=nan, Bear=nan
