2026-01-28 09:00:00,032 - INFO - === 로그 파일 시작: logs/hyper_usdt_2026-01-28.log ===
2026-01-28 09:00:00,032 - INFO - [EMA] 증분계산: prev=88868.57, close=89197.8, new=88893.90
2026-01-28 09:00:00,041 - INFO - 15m | 23:45 | O:89377.1 H:89457.2 L:89163.0 C:89197.8
2026-01-28 09:00:00,041 - INFO - 지표: ADX=33.2, ATR=272.6, Bull=True, Bear=False
2026-01-28 09:00:56,970 - INFO - [상태] 포지션 없음, 자본금: $5571.21
2026-01-28 09:00:56,970 - INFO - [지표] ADX=nan, Bull=nan, Bear=nan
2026-01-28 09:05:56,971 - INFO - [상태] 포지션 없음, 자본금: $5571.21
2026-01-28 09:05:56,971 - INFO - [지표] ADX=nan, Bull=nan, Bear=nan
2026-01-28 09:10:56,972 - INFO - [상태] 포지션 없음, 자본금: $5571.21
2026-01-28 09:10:56,972 - INFO - [지표] ADX=nan, Bull=nan, Bear=nan
2026-01-28 09:15:00,193 - INFO - [EMA] 증분계산: prev=88893.90, close=89210.5, new=88918.25
2026-01-28 09:15:00,203 - INFO - 15m | 00:00 | O:89197.8 H:89242.5 L:89102.2 C:89210.5
2026-01-28 09:15:00,203 - INFO - 지표: ADX=32.4, ATR=259.4, Bull=True, Bear=False
2026-01-28 09:15:56,973 - INFO - [상태] 포지션 없음, 자본금: $5571.21
2026-01-28 09:15:56,974 - INFO - [지표] ADX=nan, Bull=nan, Bear=nan
2026-01-28 09:20:56,975 - INFO - [상태] 포지션 없음, 자본금: $5571.21
2026-01-28 09:20:56,976 - INFO - [지표] ADX=nan, Bull=nan, Bear=nan
2026-01-28 09:25:56,977 - INFO - [상태] 포지션 없음, 자본금: $5571.21
2026-01-28 09:25:56,978 - INFO - [지표] ADX=nan, Bull=nan, Bear=nan
2026-01-28 09:30:00,322 - INFO - [EMA] 증분계산: prev=88918.25, close=89275.6, new=88945.74
2026-01-28 09:30:00,331 - INFO - 15m | 00:15 | O:89210.6 H:89375.7 L:89123.9 C:89275.6
2026-01-28 09:30:00,331 - INFO - 지표: ADX=32.0, ATR=258.6, Bull=True, Bear=False
2026-01-28 09:30:56,979 - INFO - [상태] 포지션 없음, 자본금: $5571.21
2026-01-28 09:30:56,979 - INFO - [지표] ADX=nan, Bull=nan, Bear=nan
2026-01-28 09:35:56,981 - INFO - [상태] 포지션 없음, 자본금: $5571.21
2026-01-28 09:35:56,981 - INFO - [지표] ADX=nan, Bull=nan, Bear=nan
2026-01-28 09:40:56,982 - INFO - [상태] 포지션 없음, 자본금: $5571.21
2026-01-28 09:40:56,982 - INFO - [지표] ADX=nan, Bull=nan, Bear=nan
2026-01-28 09:45:01,336 - INFO - [EMA] 증분계산: prev=88945.74, close=89161.7, new=88962.35
2026-01-28 09:45:01,346 - INFO - 15m | 00:30 | O:89275.7 H:89275.7 L:89106.8 C:89161.7
2026-01-28 09:45:01,346 - INFO - 지표: ADX=31.6, ATR=249.7, Bull=True, Bear=False
2026-01-28 09:45:56,983 - INFO - [상태] 포지션 없음, 자본금: $5571.21
2026-01-28 09:45:56,983 - INFO - [지표] ADX=nan, Bull=nan, Bear=nan
2026-01-28 09:50:56,985 - INFO - [상태] 포지션 없음, 자본금: $5571.21
2026-01-28 09:50:56,985 - INFO - [지표] ADX=nan, Bull=nan, Bear=nan
2026-01-28 09:55:56,986 - INFO - [상태] 포지션 없음, 자본금: $5571.21
2026-01-28 09:55:56,987 - INFO - [지표] ADX=nan, Bull=nan, Bear=nan
2026-01-28 10:00:00,042 - INFO - [EMA] 증분계산: prev=88962.35, close=89429.2, new=88998.27
2026-01-28 10:00:00,052 - INFO - 15m | 00:45 | O:89161.6 H:89429.4 L:89158.6 C:89429.2
2026-01-28 10:00:00,052 - INFO - 지표: ADX=31.6, ATR=251.8, Bull=True, Bear=False
2026-01-28 10:00:56,988 - INFO - [상태] 포지션 없음, 자본금: $5571.21
2026-01-28 10:00:56,989 - INFO - [지표] ADX=nan, Bull=nan, Bear=nan
2026-01-28 10:05:56,991 - INFO - [상태] 포지션 없음, 자본금: $5571.21
2026-01-28 10:05:56,991 - INFO - [지표] ADX=nan, Bull=nan, Bear=nan
2026-01-28 10:10:56,992 - INFO - [상태] 포지션 없음, 자본금: $5571.21
2026-01-28 10:10:56,992 - INFO - [지표] ADX=nan, Bull=nan, Bear=nan
2026-01-28 10:15:00,280 - INFO - [EMA] 증분계산: prev=88998.27, close=89341.0, new=89024.63
2026-01-28 10:15:00,287 - INFO - 15m | 01:00 | O:89429.2 H:89449.9 L:89277.6 C:89341.0
2026-01-28 10:15:00,287 - INFO - 지표: ADX=31.8, ATR=243.8, Bull=True, Bear=False
2026-01-28 10:15:56,993 - INFO - [상태] 포지션 없음, 자본금: $5571.21
2026-01-28 10:15:56,994 - INFO - [지표] ADX=nan, Bull=nan, Bear=nan
2026-01-28 10:20:56,995 - INFO - [상태] 포지션 없음, 자본금: $5571.21
2026-01-28 10:20:56,996 - INFO - [지표] ADX=nan, Bull=nan, Bear=nan
2026-01-28 10:25:56,998 - INFO - [상태] 포지션 없음, 자본금: $5571.21
2026-01-28 10:25:56,998 - INFO - [지표] ADX=nan, Bull=nan, Bear=nan
2026-01-28 10:30:00,180 - INFO - [EMA] 증분계산: prev=89024.63, close=89285.7, new=89044.71
2026-01-28 10:30:00,189 - INFO - 15m | 01:15 | O:89341.0 H:89454.6 L:89235.0 C:89285.7
2026-01-28 10:30:00,189 - INFO - 지표: ADX=31.7, ATR=241.4, Bull=True, Bear=False
2026-01-28 10:30:57,000 - INFO - [상태] 포지션 없음, 자본금: $5571.21
2026-01-28 10:30:57,001 - INFO - [지표] ADX=nan, Bull=nan, Bear=nan
2026-01-28 10:35:57,002 - INFO - [상태] 포지션 없음, 자본금: $5571.21
2026-01-28 10:35:57,003 - INFO - [지표] ADX=nan, Bull=nan, Bear=nan
2026-01-28 10:40:57,003 - INFO - [상태] 포지션 없음, 자본금: $5571.21
2026-01-28 10:40:57,004 - INFO - [지표] ADX=nan, Bull=nan, Bear=nan
2026-01-28 10:45:00,245 - INFO - [EMA] 증분계산: prev=89044.71, close=89318.3, new=89065.76
2026-01-28 10:45:00,252 - INFO - 15m | 01:30 | O:89285.7 H:89330.0 L:89153.1 C:89318.3
2026-01-28 10:45:00,252 - INFO - 지표: ADX=31.0, ATR=235.0, Bull=True, Bear=False
2026-01-28 10:45:57,007 - INFO - [상태] 포지션 없음, 자본금: $5571.21
2026-01-28 10:45:57,007 - INFO - [지표] ADX=nan, Bull=nan, Bear=nan
2026-01-28 10:50:57,007 - INFO - [상태] 포지션 없음, 자본금: $5571.21
2026-01-28 10:50:57,008 - INFO - [지표] ADX=nan, Bull=nan, Bear=nan
2026-01-28 10:55:57,009 - INFO - [상태] 포지션 없음, 자본금: $5571.21
2026-01-28 10:55:57,010 - INFO - [지표] ADX=nan, Bull=nan, Bear=nan
2026-01-28 11:00:00,066 - INFO - [EMA] 증분계산: prev=89065.76, close=89360.0, new=89088.39
2026-01-28 11:00:00,073 - INFO - 15m | 01:45 | O:89318.4 H:89440.0 L:89254.9 C:89360.0
2026-01-28 11:00:00,073 - INFO - 지표: ADX=30.8, ATR=230.0, Bull=True, Bear=False
2026-01-28 11:00:57,011 - INFO - [상태] 포지션 없음, 자본금: $5571.21
2026-01-28 11:00:57,011 - INFO - [지표] ADX=nan, Bull=nan, Bear=nan
2026-01-28 11:05:57,012 - INFO - [상태] 포지션 없음, 자본금: $5571.21
2026-01-28 11:05:57,012 - INFO - [지표] ADX=nan, Bull=nan, Bear=nan
2026-01-28 11:10:57,014 - INFO - [상태] 포지션 없음, 자본금: $5571.21
2026-01-28 11:10:57,014 - INFO - [지표] ADX=nan, Bull=nan, Bear=nan
2026-01-28 11:15:00,468 - INFO - [EMA] 증분계산: prev=89088.39, close=89238.1, new=89099.91
2026-01-28 11:15:00,477 - INFO - 15m | 02:00 | O:89360.1 H:89410.0 L:89216.7 C:89238.1
2026-01-28 11:15:00,477 - INFO - 지표: ADX=30.4, ATR=226.3, Bull=True, Bear=False
2026-01-28 11:15:57,016 - INFO - [상태] 포지션 없음, 자본금: $5571.21
2026-01-28 11:15:57,016 - INFO - [지표] ADX=nan, Bull=nan, Bear=nan
2026-01-28 11:20:57,017 - INFO - [상태] 포지션 없음, 자본금: $5571.21
2026-01-28 11:20:57,017 - INFO - [지표] ADX=nan, Bull=nan, Bear=nan
2026-01-28 11:25:57,017 - INFO - [상태] 포지션 없음, 자본금: $5571.21
2026-01-28 11:25:57,017 - INFO - [지표] ADX=nan, Bull=nan, Bear=nan
2026-01-28 11:30:00,054 - INFO - [EMA] 증분계산: prev=89099.91, close=89292.5, new=89114.72
2026-01-28 11:30:00,061 - INFO - 15m | 02:15 | O:89238.2 H:89337.6 L:89202.2 C:89292.5
2026-01-28 11:30:00,061 - INFO - 지표: ADX=29.9, ATR=217.2, Bull=True, Bear=False
2026-01-28 11:30:57,019 - INFO - [상태] 포지션 없음, 자본금: $5571.21
2026-01-28 11:30:57,019 - INFO - [지표] ADX=nan, Bull=nan, Bear=nan
2026-01-28 11:35:57,020 - INFO - [상태] 포지션 없음, 자본금: $5571.21
2026-01-28 11:35:57,020 - INFO - [지표] ADX=nan, Bull=nan, Bear=nan
2026-01-28 11:40:57,020 - INFO - [상태] 포지션 없음, 자본금: $5571.21
2026-01-28 11:40:57,021 - INFO - [지표] ADX=nan, Bull=nan, Bear=nan
2026-01-28 11:45:00,529 - INFO - [EMA] 증분계산: prev=89114.72, close=89111.7, new=89114.49
2026-01-28 11:45:00,539 - INFO - 15m | 02:30 | O:89292.5 H:89330.5 L:89104.2 C:89111.7
2026-01-28 11:45:00,539 - INFO - 지표: ADX=28.8, ATR=218.1, Bull=True, Bear=False
2026-01-28 11:45:57,021 - INFO - [상태] 포지션 없음, 자본금: $5571.21
2026-01-28 11:45:57,021 - INFO - [지표] ADX=nan, Bull=nan, Bear=nan
2026-01-28 11:50:57,023 - INFO - [상태] 포지션 없음, 자본금: $5571.21
2026-01-28 11:50:57,023 - INFO - [지표] ADX=nan, Bull=nan, Bear=nan
2026-01-28 11:55:57,026 - INFO - [상태] 포지션 없음, 자본금: $5571.21
2026-01-28 11:55:57,026 - INFO - [지표] ADX=nan, Bull=nan, Bear=nan
2026-01-28 12:00:00,361 - INFO - [EMA] 증분계산: prev=89114.49, close=89245.1, new=89124.54
2026-01-28 12:00:00,371 - INFO - 15m | 02:45 | O:89111.7 H:89250.4 L:89059.8 C:89245.1
2026-01-28 12:00:00,371 - INFO - 지표: ADX=27.5, ATR=215.4, Bull=True, Bear=False
2026-01-28 12:00:57,027 - INFO - [상태] 포지션 없음, 자본금: $5571.21
2026-01-28 12:00:57,027 - INFO - [지표] ADX=nan, Bull=nan, Bear=nan
2026-01-28 12:05:57,029 - INFO - [상태] 포지션 없음, 자본금: $5571.21
2026-01-28 12:05:57,029 - INFO - [지표] ADX=nan, Bull=nan, Bear=nan
2026-01-28 12:10:57,030 - INFO - [상태] 포지션 없음, 자본금: $5571.21
2026-01-28 12:10:57,030 - INFO - [지표] ADX=nan, Bull=nan, Bear=nan
2026-01-28 12:15:00,151 - INFO - [EMA] 증분계산: prev=89124.54, close=89043.5, new=89118.30
2026-01-28 12:15:00,161 - INFO - 15m | 03:00 | O:89245.1 H:89273.8 L:89021.0 C:89043.5
2026-01-28 12:15:00,161 - INFO - 지표: ADX=26.0, ATR=219.1, Bull=True, Bear=False
2026-01-28 12:15:57,032 - INFO - [상태] 포지션 없음, 자본금: $5571.21
2026-01-28 12:15:57,033 - INFO - [지표] ADX=nan, Bull=nan, Bear=nan
2026-01-28 12:20:57,033 - INFO - [상태] 포지션 없음, 자본금: $5571.21
2026-01-28 12:20:57,033 - INFO - [지표] ADX=nan, Bull=nan, Bear=nan
2026-01-28 12:25:57,034 - INFO - [상태] 포지션 없음, 자본금: $5571.21
2026-01-28 12:25:57,035 - INFO - [지표] ADX=nan, Bull=nan, Bear=nan
2026-01-28 12:30:00,100 - INFO - [EMA] 증분계산: prev=89118.30, close=89026.7, new=89111.26
2026-01-28 12:30:00,109 - INFO - 15m | 03:15 | O:89043.5 H:89089.3 L:88954.7 C:89026.7
2026-01-28 12:30:00,109 - INFO - 지표: ADX=24.2, ATR=210.7, Bull=True, Bear=False
2026-01-28 12:30:57,036 - INFO - [상태] 포지션 없음, 자본금: $5571.21
2026-01-28 12:30:57,037 - INFO - [지표] ADX=nan, Bull=nan, Bear=nan
2026-01-28 12:35:57,038 - INFO - [상태] 포지션 없음, 자본금: $5571.21
2026-01-28 12:35:57,038 - INFO - [지표] ADX=nan, Bull=nan, Bear=nan
2026-01-28 12:40:57,039 - INFO - [상태] 포지션 없음, 자본금: $5571.21
2026-01-28 12:40:57,040 - INFO - [지표] ADX=nan, Bull=nan, Bear=nan
2026-01-28 12:45:01,089 - INFO - [EMA] 증분계산: prev=89111.26, close=89037.2, new=89105.56
2026-01-28 12:45:01,099 - INFO - 15m | 03:30 | O:89026.8 H:89121.6 L:88932.6 C:89037.2
2026-01-28 12:45:01,099 - INFO - 지표: ADX=22.8, ATR=208.5, Bull=True, Bear=False
2026-01-28 12:45:57,040 - INFO - [상태] 포지션 없음, 자본금: $5571.21
2026-01-28 12:45:57,041 - INFO - [지표] ADX=nan, Bull=nan, Bear=nan
2026-01-28 12:50:57,042 - INFO - [상태] 포지션 없음, 자본금: $5571.21
2026-01-28 12:50:57,042 - INFO - [지표] ADX=nan, Bull=nan, Bear=nan
2026-01-28 12:55:57,043 - INFO - [상태] 포지션 없음, 자본금: $5571.21
2026-01-28 12:55:57,044 - INFO - [지표] ADX=nan, Bull=nan, Bear=nan
2026-01-28 13:00:01,198 - INFO - [EMA] 증분계산: prev=89105.56, close=89079.8, new=89103.58
2026-01-28 13:00:01,204 - INFO - 15m | 03:45 | O:89037.1 H:89146.8 L:89017.1 C:89079.8
2026-01-28 13:00:01,204 - INFO - 지표: ADX=21.6, ATR=200.6, Bull=True, Bear=False
2026-01-28 13:00:57,045 - INFO - [상태] 포지션 없음, 자본금: $5571.21
2026-01-28 13:00:57,045 - INFO - [지표] ADX=nan, Bull=nan, Bear=nan
2026-01-28 13:05:57,046 - INFO - [상태] 포지션 없음, 자본금: $5571.21
2026-01-28 13:05:57,046 - INFO - [지표] ADX=nan, Bull=nan, Bear=nan
2026-01-28 13:10:57,047 - INFO - [상태] 포지션 없음, 자본금: $5571.21
2026-01-28 13:10:57,048 - INFO - [지표] ADX=nan, Bull=nan, Bear=nan
2026-01-28 13:15:00,065 - INFO - [EMA] 증분계산: prev=89103.58, close=88904.6, new=89088.27
2026-01-28 13:15:00,072 - INFO - 15m | 04:00 | O:89079.8 H:89128.0 L:88860.0 C:88904.6
2026-01-28 13:15:00,072 - INFO - 지표: ADX=20.6, ATR=207.4, Bull=True, Bear=False
2026-01-28 13:15:57,049 - INFO - [상태] 포지션 없음, 자본금: $5571.21
2026-01-28 13:15:57,050 - INFO - [지표] ADX=nan, Bull=nan, Bear=nan
2026-01-28 13:20:57,050 - INFO - [상태] 포지션 없음, 자본금: $5571.21
2026-01-28 13:20:57,050 - INFO - [지표] ADX=nan, Bull=nan, Bear=nan
2026-01-28 13:25:57,052 - INFO - [상태] 포지션 없음, 자본금: $5571.21
2026-01-28 13:25:57,052 - INFO - [지표] ADX=nan, Bull=nan, Bear=nan
2026-01-28 13:30:00,129 - INFO - [EMA] 증분계산: prev=89088.27, close=88912.4, new=89074.74
2026-01-28 13:30:00,138 - INFO - 15m | 04:15 | O:88904.6 H:88920.2 L:88800.1 C:88912.4
2026-01-28 13:30:00,138 - INFO - 지표: ADX=20.1, ATR=198.6, Bull=True, Bear=False
2026-01-28 13:30:57,054 - INFO - [상태] 포지션 없음, 자본금: $5571.21
2026-01-28 13:30:57,054 - INFO - [지표] ADX=nan, Bull=nan, Bear=nan
2026-01-28 13:35:57,056 - INFO - [상태] 포지션 없음, 자본금: $5571.21
2026-01-28 13:35:57,056 - INFO - [지표] ADX=nan, Bull=nan, Bear=nan
2026-01-28 13:40:57,058 - INFO - [상태] 포지션 없음, 자본금: $5571.21
2026-01-28 13:40:57,058 - INFO - [지표] ADX=nan, Bull=nan, Bear=nan
2026-01-28 13:45:01,480 - INFO - [EMA] 증분계산: prev=89074.74, close=88972.8, new=89066.90
2026-01-28 13:45:01,486 - INFO - 15m | 04:30 | O:88912.3 H:89088.0 L:88854.9 C:88972.8
2026-01-28 13:45:01,487 - INFO - 지표: ADX=18.8, ATR=202.1, Bull=True, Bear=False
2026-01-28 13:45:57,059 - INFO - [상태] 포지션 없음, 자본금: $5571.21
2026-01-28 13:45:57,059 - INFO - [지표] ADX=nan, Bull=nan, Bear=nan
2026-01-28 13:50:57,060 - INFO - [상태] 포지션 없음, 자본금: $5571.21
2026-01-28 13:50:57,060 - INFO - [지표] ADX=nan, Bull=nan, Bear=nan
2026-01-28 13:55:57,062 - INFO - [상태] 포지션 없음, 자본금: $5571.21
2026-01-28 13:55:57,062 - INFO - [지표] ADX=nan, Bull=nan, Bear=nan
2026-01-28 14:00:00,310 - INFO - [EMA] 증분계산: prev=89066.90, close=88944.0, new=89057.45
2026-01-28 14:00:00,320 - INFO - 15m | 04:45 | O:88972.9 H:88995.4 L:88932.4 C:88944.0
2026-01-28 14:00:00,320 - INFO - 지표: ADX=17.6, ATR=188.2, Bull=True, Bear=False
2026-01-28 14:00:57,064 - INFO - [상태] 포지션 없음, 자본금: $5571.21
2026-01-28 14:00:57,064 - INFO - [지표] ADX=nan, Bull=nan, Bear=nan
2026-01-28 14:05:57,065 - INFO - [상태] 포지션 없음, 자본금: $5571.21
2026-01-28 14:05:57,065 - INFO - [지표] ADX=nan, Bull=nan, Bear=nan
2026-01-28 14:10:57,066 - INFO - [상태] 포지션 없음, 자본금: $5571.21
2026-01-28 14:10:57,067 - INFO - [지표] ADX=nan, Bull=nan, Bear=nan
2026-01-28 14:15:00,138 - INFO - [EMA] 증분계산: prev=89057.45, close=88879.2, new=89043.74
2026-01-28 14:15:00,145 - INFO - 15m | 05:00 | O:88944.0 H:89032.2 L:88879.2 C:88879.2
2026-01-28 14:15:00,145 - INFO - 지표: ADX=16.6, ATR=184.7, Bull=True, Bear=False
2026-01-28 14:15:57,069 - INFO - [상태] 포지션 없음, 자본금: $5571.21
2026-01-28 14:15:57,069 - INFO - [지표] ADX=nan, Bull=nan, Bear=nan
2026-01-28 14:20:57,070 - INFO - [상태] 포지션 없음, 자본금: $5571.21
2026-01-28 14:20:57,070 - INFO - [지표] ADX=nan, Bull=nan, Bear=nan
2026-01-28 14:25:57,071 - INFO - [상태] 포지션 없음, 자본금: $5571.21
2026-01-28 14:25:57,071 - INFO - [지표] ADX=nan, Bull=nan, Bear=nan
2026-01-28 14:30:00,360 - INFO - [EMA] 증분계산: prev=89043.74, close=88847.7, new=89028.66
2026-01-28 14:30:00,369 - INFO - 15m | 05:15 | O:88879.3 H:88921.9 L:88796.8 C:88847.7
2026-01-28 14:30:00,369 - INFO - 지표: ADX=16.1, ATR=178.7, Bull=True, Bear=False
2026-01-28 14:30:57,072 - INFO - [상태] 포지션 없음, 자본금: $5571.21
2026-01-28 14:30:57,073 - INFO - [지표] ADX=nan, Bull=nan, Bear=nan
2026-01-28 14:35:57,075 - INFO - [상태] 포지션 없음, 자본금: $5571.21
2026-01-28 14:35:57,075 - INFO - [지표] ADX=nan, Bull=nan, Bear=nan
2026-01-28 14:40:57,076 - INFO - [상태] 포지션 없음, 자본금: $5571.21
2026-01-28 14:40:57,077 - INFO - [지표] ADX=nan, Bull=nan, Bear=nan
2026-01-28 14:45:00,674 - INFO - [EMA] 증분계산: prev=89028.66, close=88854.7, new=89015.28
2026-01-28 14:45:00,683 - INFO - 15m | 05:30 | O:88847.7 H:88994.2 L:88786.0 C:88854.7
2026-01-28 14:45:00,683 - INFO - 지표: ADX=15.1, ATR=181.6, Bull=True, Bear=False
2026-01-28 14:45:57,077 - INFO - [상태] 포지션 없음, 자본금: $5571.21
2026-01-28 14:45:57,078 - INFO - [지표] ADX=nan, Bull=nan, Bear=nan
2026-01-28 14:50:57,079 - INFO - [상태] 포지션 없음, 자본금: $5571.21
2026-01-28 14:50:57,079 - INFO - [지표] ADX=nan, Bull=nan, Bear=nan
2026-01-28 14:55:57,079 - INFO - [상태] 포지션 없음, 자본금: $5571.21
2026-01-28 14:55:57,080 - INFO - [지표] ADX=nan, Bull=nan, Bear=nan
2026-01-28 15:00:00,086 - INFO - [EMA] 증분계산: prev=89015.28, close=89051.1, new=89018.03
2026-01-28 15:00:00,096 - INFO - 15m | 05:45 | O:88854.6 H:89071.0 L:88854.6 C:89051.1
2026-01-28 15:00:00,096 - INFO - 지표: ADX=14.3, ATR=185.1, Bull=True, Bear=False
2026-01-28 15:00:57,081 - INFO - [상태] 포지션 없음, 자본금: $5571.21
2026-01-28 15:00:57,081 - INFO - [지표] ADX=nan, Bull=nan, Bear=nan
2026-01-28 15:05:57,082 - INFO - [상태] 포지션 없음, 자본금: $5571.21
2026-01-28 15:05:57,082 - INFO - [지표] ADX=nan, Bull=nan, Bear=nan
2026-01-28 15:10:57,082 - INFO - [상태] 포지션 없음, 자본금: $5571.21
2026-01-28 15:10:57,083 - INFO - [지표] ADX=nan, Bull=nan, Bear=nan
2026-01-28 15:15:00,142 - INFO - [EMA] 증분계산: prev=89018.03, close=89208.7, new=89032.70
2026-01-28 15:15:00,152 - INFO - 15m | 06:00 | O:89051.1 H:89246.1 L:89051.1 C:89208.7
2026-01-28 15:15:00,152 - INFO - 지표: ADX=14.6, ATR=186.1, Bull=True, Bear=False
2026-01-28 15:15:57,084 - INFO - [상태] 포지션 없음, 자본금: $5571.21
2026-01-28 15:15:57,084 - INFO - [지표] ADX=nan, Bull=nan, Bear=nan
2026-01-28 15:20:57,085 - INFO - [상태] 포지션 없음, 자본금: $5571.21
2026-01-28 15:20:57,085 - INFO - [지표] ADX=nan, Bull=nan, Bear=nan
2026-01-28 15:25:57,087 - INFO - [상태] 포지션 없음, 자본금: $5571.21
2026-01-28 15:25:57,087 - INFO - [지표] ADX=nan, Bull=nan, Bear=nan
2026-01-28 15:30:00,089 - INFO - [EMA] 증분계산: prev=89032.70, close=89156.1, new=89042.19
2026-01-28 15:30:00,099 - INFO - 15m | 06:15 | O:89208.7 H:89246.7 L:89155.9 C:89156.1
2026-01-28 15:30:00,099 - INFO - 지표: ADX=14.9, ATR=176.6, Bull=True, Bear=False
2026-01-28 15:30:57,088 - INFO - [상태] 포지션 없음, 자본금: $5571.21
2026-01-28 15:30:57,088 - INFO - [지표] ADX=nan, Bull=nan, Bear=nan
2026-01-28 15:35:57,089 - INFO - [상태] 포지션 없음, 자본금: $5571.21
2026-01-28 15:35:57,090 - INFO - [지표] ADX=nan, Bull=nan, Bear=nan
2026-01-28 15:40:57,090 - INFO - [상태] 포지션 없음, 자본금: $5571.21
2026-01-28 15:40:57,091 - INFO - [지표] ADX=nan, Bull=nan, Bear=nan
2026-01-28 15:45:00,175 - INFO - [EMA] 증분계산: prev=89042.19, close=89146.7, new=89050.23
2026-01-28 15:45:00,182 - INFO - 15m | 06:30 | O:89156.1 H:89310.0 L:89085.2 C:89146.7
2026-01-28 15:45:00,182 - INFO - 지표: ADX=14.6, ATR=181.4, Bull=True, Bear=False
2026-01-28 15:45:57,092 - INFO - [상태] 포지션 없음, 자본금: $5571.21
2026-01-28 15:45:57,092 - INFO - [지표] ADX=nan, Bull=nan, Bear=nan
2026-01-28 15:50:57,093 - INFO - [상태] 포지션 없음, 자본금: $5571.21
2026-01-28 15:50:57,094 - INFO - [지표] ADX=nan, Bull=nan, Bear=nan
2026-01-28 15:55:57,095 - INFO - [상태] 포지션 없음, 자본금: $5571.21
2026-01-28 15:55:57,095 - INFO - [지표] ADX=nan, Bull=nan, Bear=nan
2026-01-28 16:00:00,080 - INFO - [EMA] 증분계산: prev=89050.23, close=89287.9, new=89068.51
2026-01-28 16:00:00,089 - INFO - 15m | 06:45 | O:89146.6 H:89366.0 L:89109.0 C:89287.9
2026-01-28 16:00:00,089 - INFO - 지표: ADX=14.7, ATR=189.0, Bull=True, Bear=False
2026-01-28 16:00:57,096 - INFO - [상태] 포지션 없음, 자본금: $5571.21
2026-01-28 16:00:57,096 - INFO - [지표] ADX=nan, Bull=nan, Bear=nan
2026-01-28 16:05:57,096 - INFO - [상태] 포지션 없음, 자본금: $5571.21
2026-01-28 16:05:57,097 - INFO - [지표] ADX=nan, Bull=nan, Bear=nan
2026-01-28 16:10:57,098 - INFO - [상태] 포지션 없음, 자본금: $5571.21
2026-01-28 16:10:57,099 - INFO - [지표] ADX=nan, Bull=nan, Bear=nan
2026-01-28 16:15:00,048 - INFO - [EMA] 증분계산: prev=89068.51, close=89186.4, new=89077.58
2026-01-28 16:15:00,058 - INFO - 15m | 07:00 | O:89288.2 H:89318.6 L:89158.2 C:89186.4
2026-01-28 16:15:00,058 - INFO - 지표: ADX=14.7, ATR=186.1, Bull=True, Bear=False
2026-01-28 16:15:57,100 - INFO - [상태] 포지션 없음, 자본금: $5571.21
2026-01-28 16:15:57,101 - INFO - [지표] ADX=nan, Bull=nan, Bear=nan
2026-01-28 16:20:57,103 - INFO - [상태] 포지션 없음, 자본금: $5571.21
2026-01-28 16:20:57,103 - INFO - [지표] ADX=nan, Bull=nan, Bear=nan
2026-01-28 16:25:57,106 - INFO - [상태] 포지션 없음, 자본금: $5571.21
2026-01-28 16:25:57,106 - INFO - [지표] ADX=nan, Bull=nan, Bear=nan
2026-01-28 16:30:00,437 - INFO - [EMA] 증분계산: prev=89077.58, close=89239.6, new=89090.04
2026-01-28 16:30:00,444 - INFO - 15m | 07:15 | O:89186.5 H:89256.6 L:89162.0 C:89239.6
2026-01-28 16:30:00,444 - INFO - 지표: ADX=14.8, ATR=177.0, Bull=True, Bear=False
2026-01-28 16:30:57,107 - INFO - [상태] 포지션 없음, 자본금: $5571.21
2026-01-28 16:30:57,107 - INFO - [지표] ADX=nan, Bull=nan, Bear=nan
2026-01-28 16:35:57,111 - INFO - [상태] 포지션 없음, 자본금: $5571.21
2026-01-28 16:35:57,111 - INFO - [지표] ADX=nan, Bull=nan, Bear=nan
2026-01-28 16:40:57,112 - INFO - [상태] 포지션 없음, 자본금: $5571.21
2026-01-28 16:40:57,112 - INFO - [지표] ADX=nan, Bull=nan, Bear=nan
2026-01-28 16:45:00,330 - INFO - [EMA] 증분계산: prev=89090.04, close=89219.9, new=89100.03
2026-01-28 16:45:00,336 - INFO - 15m | 07:30 | O:89239.6 H:89239.6 L:89127.3 C:89219.9
2026-01-28 16:45:00,336 - INFO - 지표: ADX=14.5, ATR=170.5, Bull=True, Bear=False
2026-01-28 16:45:57,114 - INFO - [상태] 포지션 없음, 자본금: $5571.21
2026-01-28 16:45:57,115 - INFO - [지표] ADX=nan, Bull=nan, Bear=nan
2026-01-28 16:50:57,116 - INFO - [상태] 포지션 없음, 자본금: $5571.21
2026-01-28 16:50:57,116 - INFO - [지표] ADX=nan, Bull=nan, Bear=nan
2026-01-28 16:55:57,118 - INFO - [상태] 포지션 없음, 자본금: $5571.21
2026-01-28 16:55:57,118 - INFO - [지표] ADX=nan, Bull=nan, Bear=nan
2026-01-28 17:00:01,708 - INFO - [EMA] 증분계산: prev=89100.03, close=89106.8, new=89100.55
2026-01-28 17:00:01,714 - INFO - 15m | 07:45 | O:89219.9 H:89260.4 L:89072.1 C:89106.8
2026-01-28 17:00:01,714 - INFO - 지표: ADX=13.8, ATR=172.3, Bull=True, Bear=False
2026-01-28 17:00:57,119 - INFO - [상태] 포지션 없음, 자본금: $5571.21
2026-01-28 17:00:57,120 - INFO - [지표] ADX=nan, Bull=nan, Bear=nan
2026-01-28 17:05:57,121 - INFO - [상태] 포지션 없음, 자본금: $5571.21
2026-01-28 17:05:57,122 - INFO - [지표] ADX=nan, Bull=nan, Bear=nan
2026-01-28 17:10:57,123 - INFO - [상태] 포지션 없음, 자본금: $5571.21
2026-01-28 17:10:57,123 - INFO - [지표] ADX=nan, Bull=nan, Bear=nan
2026-01-28 17:15:00,865 - INFO - [EMA] 증분계산: prev=89100.55, close=89113.2, new=89101.53
2026-01-28 17:15:00,874 - INFO - 15m | 08:00 | O:89106.8 H:89241.0 L:89075.4 C:89113.2
2026-01-28 17:15:00,874 - INFO - 지표: ADX=13.1, ATR=171.6, Bull=True, Bear=False
2026-01-28 17:15:57,124 - INFO - [상태] 포지션 없음, 자본금: $5571.21
2026-01-28 17:15:57,125 - INFO - [지표] ADX=nan, Bull=nan, Bear=nan
2026-01-28 17:20:57,126 - INFO - [상태] 포지션 없음, 자본금: $5571.21
2026-01-28 17:20:57,126 - INFO - [지표] ADX=nan, Bull=nan, Bear=nan
2026-01-28 17:25:57,128 - INFO - [상태] 포지션 없음, 자본금: $5571.21
2026-01-28 17:25:57,128 - INFO - [지표] ADX=nan, Bull=nan, Bear=nan
2026-01-28 17:30:00,081 - INFO - [EMA] 증분계산: prev=89101.53, close=88995.2, new=89093.35
2026-01-28 17:30:00,090 - INFO - 15m | 08:15 | O:89113.2 H:89132.9 L:88972.7 C:88995.2
2026-01-28 17:30:00,091 - INFO - 지표: ADX=12.8, ATR=170.5, Bull=True, Bear=False
2026-01-28 17:30:57,129 - INFO - [상태] 포지션 없음, 자본금: $5571.21
2026-01-28 17:30:57,129 - INFO - [지표] ADX=nan, Bull=nan, Bear=nan
2026-01-28 17:35:57,130 - INFO - [상태] 포지션 없음, 자본금: $5571.21
2026-01-28 17:35:57,131 - INFO - [지표] ADX=nan, Bull=nan, Bear=nan
2026-01-28 17:40:57,132 - INFO - [상태] 포지션 없음, 자본금: $5571.21
2026-01-28 17:40:57,133 - INFO - [지표] ADX=nan, Bull=nan, Bear=nan
2026-01-28 17:45:00,534 - INFO - [EMA] 증분계산: prev=89093.35, close=89064.7, new=89091.14
2026-01-28 17:45:00,544 - INFO - 15m | 08:30 | O:88995.2 H:89082.7 L:88967.4 C:89064.7
2026-01-28 17:45:00,544 - INFO - 지표: ADX=12.5, ATR=164.9, Bull=True, Bear=False
2026-01-28 17:45:57,134 - INFO - [상태] 포지션 없음, 자본금: $5571.21
2026-01-28 17:45:57,135 - INFO - [지표] ADX=nan, Bull=nan, Bear=nan
2026-01-28 17:50:57,135 - INFO - [상태] 포지션 없음, 자본금: $5571.21
2026-01-28 17:50:57,136 - INFO - [지표] ADX=nan, Bull=nan, Bear=nan
2026-01-28 17:55:57,136 - INFO - [상태] 포지션 없음, 자본금: $5571.21
2026-01-28 17:55:57,137 - INFO - [지표] ADX=nan, Bull=nan, Bear=nan
2026-01-28 18:00:00,051 - INFO - [EMA] 증분계산: prev=89091.14, close=88901.1, new=89076.52
2026-01-28 18:00:00,058 - INFO - 15m | 08:45 | O:89064.8 H:89064.8 L:88851.0 C:88901.1
2026-01-28 18:00:00,058 - INFO - 지표: ADX=13.1, ATR=169.8, Bull=True, Bear=False
2026-01-28 18:00:57,138 - INFO - [상태] 포지션 없음, 자본금: $5571.21
2026-01-28 18:00:57,138 - INFO - [지표] ADX=nan, Bull=nan, Bear=nan
2026-01-28 18:05:57,139 - INFO - [상태] 포지션 없음, 자본금: $5571.21
2026-01-28 18:05:57,140 - INFO - [지표] ADX=nan, Bull=nan, Bear=nan
2026-01-28 18:10:57,141 - INFO - [상태] 포지션 없음, 자본금: $5571.21
2026-01-28 18:10:57,141 - INFO - [지표] ADX=nan, Bull=nan, Bear=nan
2026-01-28 18:15:00,292 - INFO - [EMA] 증분계산: prev=89076.52, close=88912.8, new=89063.93
2026-01-28 18:15:00,301 - INFO - 15m | 09:00 | O:88901.1 H:88986.1 L:88833.0 C:88912.8
2026-01-28 18:15:00,302 - INFO - 지표: ADX=13.7, ATR=168.2, Bull=True, Bear=False
2026-01-28 18:15:57,142 - INFO - [상태] 포지션 없음, 자본금: $5571.21
2026-01-28 18:15:57,142 - INFO - [지표] ADX=nan, Bull=nan, Bear=nan
2026-01-28 18:20:57,144 - INFO - [상태] 포지션 없음, 자본금: $5571.21
2026-01-28 18:20:57,144 - INFO - [지표] ADX=nan, Bull=nan, Bear=nan
2026-01-28 18:25:57,146 - INFO - [상태] 포지션 없음, 자본금: $5571.21
2026-01-28 18:25:57,146 - INFO - [지표] ADX=nan, Bull=nan, Bear=nan
2026-01-28 18:30:00,168 - INFO - [EMA] 증분계산: prev=89063.93, close=88968.1, new=89056.56
2026-01-28 18:30:00,174 - INFO - 15m | 09:15 | O:88912.8 H:88989.1 L:88831.9 C:88968.1
2026-01-28 18:30:00,174 - INFO - 지표: ADX=14.3, ATR=167.1, Bull=True, Bear=False
2026-01-28 18:30:57,148 - INFO - [상태] 포지션 없음, 자본금: $5571.21
2026-01-28 18:30:57,149 - INFO - [지표] ADX=nan, Bull=nan, Bear=nan
2026-01-28 18:35:57,150 - INFO - [상태] 포지션 없음, 자본금: $5571.21
2026-01-28 18:35:57,150 - INFO - [지표] ADX=nan, Bull=nan, Bear=nan
2026-01-28 18:40:57,151 - INFO - [상태] 포지션 없음, 자본금: $5571.21
2026-01-28 18:40:57,152 - INFO - [지표] ADX=nan, Bull=nan, Bear=nan
2026-01-28 18:45:00,049 - INFO - [EMA] 증분계산: prev=89056.56, close=89294.9, new=89074.89
2026-01-28 18:45:00,058 - INFO - 15m | 09:30 | O:88968.1 H:89430.0 L:88965.5 C:89294.9
2026-01-28 18:45:00,058 - INFO - 지표: ADX=15.0, ATR=196.8, Bull=True, Bear=False
2026-01-28 18:45:57,153 - INFO - [상태] 포지션 없음, 자본금: $5571.21
2026-01-28 18:45:57,154 - INFO - [지표] ADX=nan, Bull=nan, Bear=nan
2026-01-28 18:50:57,155 - INFO - [상태] 포지션 없음, 자본금: $5571.21
2026-01-28 18:50:57,155 - INFO - [지표] ADX=nan, Bull=nan, Bear=nan
2026-01-28 18:55:57,155 - INFO - [상태] 포지션 없음, 자본금: $5571.21
2026-01-28 18:55:57,156 - INFO - [지표] ADX=nan, Bull=nan, Bear=nan
2026-01-28 19:00:00,056 - INFO - [EMA] 증분계산: prev=89074.89, close=89542.6, new=89110.87
2026-01-28 19:00:00,065 - INFO - 15m | 09:45 | O:89294.8 H:89554.6 L:89238.4 C:89542.6
2026-01-28 19:00:00,066 - INFO - 지표: ADX=16.3, ATR=208.7, Bull=True, Bear=False
2026-01-28 19:00:57,156 - INFO - [상태] 포지션 없음, 자본금: $5571.21
2026-01-28 19:00:57,157 - INFO - [지표] ADX=nan, Bull=nan, Bear=nan
2026-01-28 19:05:57,157 - INFO - [상태] 포지션 없음, 자본금: $5571.21
2026-01-28 19:05:57,157 - INFO - [지표] ADX=nan, Bull=nan, Bear=nan
2026-01-28 19:10:57,158 - INFO - [상태] 포지션 없음, 자본금: $5571.21
2026-01-28 19:10:57,159 - INFO - [지표] ADX=nan, Bull=nan, Bear=nan
2026-01-28 19:15:00,231 - INFO - [EMA] 증분계산: prev=89110.87, close=89543.9, new=89144.18
2026-01-28 19:15:00,240 - INFO - 15m | 10:00 | O:89542.6 H:89591.0 L:89396.1 C:89543.9
2026-01-28 19:15:00,240 - INFO - 지표: ADX=17.6, ATR=207.4, Bull=True, Bear=False
2026-01-28 19:15:57,160 - INFO - [상태] 포지션 없음, 자본금: $5571.21
2026-01-28 19:15:57,160 - INFO - [지표] ADX=nan, Bull=nan, Bear=nan
2026-01-28 19:20:57,161 - INFO - [상태] 포지션 없음, 자본금: $5571.21
2026-01-28 19:20:57,162 - INFO - [지표] ADX=nan, Bull=nan, Bear=nan
2026-01-28 19:25:57,163 - INFO - [상태] 포지션 없음, 자본금: $5571.21
2026-01-28 19:25:57,163 - INFO - [지표] ADX=nan, Bull=nan, Bear=nan
2026-01-28 19:30:00,361 - INFO - [EMA] 증분계산: prev=89144.18, close=89310.6, new=89156.98
2026-01-28 19:30:00,370 - INFO - 15m | 10:15 | O:89544.0 H:89682.5 L:89284.0 C:89310.6
2026-01-28 19:30:00,370 - INFO - 지표: ADX=17.8, ATR=226.5, Bull=True, Bear=False
2026-01-28 19:30:57,165 - INFO - [상태] 포지션 없음, 자본금: $5571.21
2026-01-28 19:30:57,165 - INFO - [지표] ADX=nan, Bull=nan, Bear=nan
2026-01-28 19:35:57,166 - INFO - [상태] 포지션 없음, 자본금: $5571.21
2026-01-28 19:35:57,167 - INFO - [지표] ADX=nan, Bull=nan, Bear=nan
2026-01-28 19:40:57,168 - INFO - [상태] 포지션 없음, 자본금: $5571.21
2026-01-28 19:40:57,169 - INFO - [지표] ADX=nan, Bull=nan, Bear=nan
2026-01-28 19:45:00,133 - INFO - [EMA] 증분계산: prev=89156.98, close=89464.1, new=89180.61
2026-01-28 19:45:00,143 - INFO - 15m | 10:30 | O:89310.7 H:89470.0 L:89310.6 C:89464.1
2026-01-28 19:45:00,143 - INFO - 지표: ADX=18.1, ATR=219.8, Bull=True, Bear=False
2026-01-28 19:45:57,172 - INFO - [상태] 포지션 없음, 자본금: $5571.21
2026-01-28 19:45:57,173 - INFO - [지표] ADX=nan, Bull=nan, Bear=nan
2026-01-28 19:50:57,174 - INFO - [상태] 포지션 없음, 자본금: $5571.21
2026-01-28 19:50:57,174 - INFO - [지표] ADX=nan, Bull=nan, Bear=nan
2026-01-28 19:55:57,175 - INFO - [상태] 포지션 없음, 자본금: $5571.21
2026-01-28 19:55:57,175 - INFO - [지표] ADX=nan, Bull=nan, Bear=nan
2026-01-28 20:00:00,158 - INFO - [EMA] 증분계산: prev=89180.61, close=89368.4, new=89195.05
2026-01-28 20:00:00,164 - INFO - 15m | 10:45 | O:89464.0 H:89481.5 L:89368.4 C:89368.4
2026-01-28 20:00:00,164 - INFO - 지표: ADX=18.4, ATR=209.1, Bull=True, Bear=False
2026-01-28 20:00:57,177 - INFO - [상태] 포지션 없음, 자본금: $5571.21
2026-01-28 20:00:57,177 - INFO - [지표] ADX=nan, Bull=nan, Bear=nan
2026-01-28 20:05:57,178 - INFO - [상태] 포지션 없음, 자본금: $5571.21
2026-01-28 20:05:57,178 - INFO - [지표] ADX=nan, Bull=nan, Bear=nan
2026-01-28 20:10:57,180 - INFO - [상태] 포지션 없음, 자본금: $5571.21
2026-01-28 20:10:57,181 - INFO - [지표] ADX=nan, Bull=nan, Bear=nan
2026-01-28 20:15:00,144 - INFO - [EMA] 증분계산: prev=89195.05, close=89303.5, new=89203.39
2026-01-28 20:15:00,150 - INFO - 15m | 11:00 | O:89368.4 H:89436.3 L:89282.9 C:89303.5
2026-01-28 20:15:00,151 - INFO - 지표: ADX=18.0, ATR=203.5, Bull=True, Bear=False
2026-01-28 20:15:57,181 - INFO - [상태] 포지션 없음, 자본금: $5571.21
2026-01-28 20:15:57,182 - INFO - [지표] ADX=nan, Bull=nan, Bear=nan
2026-01-28 20:20:57,183 - INFO - [상태] 포지션 없음, 자본금: $5571.21
2026-01-28 20:20:57,183 - INFO - [지표] ADX=nan, Bull=nan, Bear=nan
2026-01-28 20:25:57,184 - INFO - [상태] 포지션 없음, 자본금: $5571.21
2026-01-28 20:25:57,185 - INFO - [지표] ADX=nan, Bull=nan, Bear=nan
2026-01-28 20:30:00,333 - INFO - [EMA] 증분계산: prev=89203.39, close=89418.9, new=89219.97
2026-01-28 20:30:00,343 - INFO - 15m | 11:15 | O:89303.4 H:89433.2 L:89284.3 C:89418.9
2026-01-28 20:30:00,343 - INFO - 지표: ADX=17.6, ATR=198.1, Bull=True, Bear=False
2026-01-28 20:30:57,185 - INFO - [상태] 포지션 없음, 자본금: $5571.21
2026-01-28 20:30:57,186 - INFO - [지표] ADX=nan, Bull=nan, Bear=nan
2026-01-28 20:35:57,187 - INFO - [상태] 포지션 없음, 자본금: $5571.21
2026-01-28 20:35:57,188 - INFO - [지표] ADX=nan, Bull=nan, Bear=nan
2026-01-28 20:40:57,188 - INFO - [상태] 포지션 없음, 자본금: $5571.21
2026-01-28 20:40:57,188 - INFO - [지표] ADX=nan, Bull=nan, Bear=nan
2026-01-28 20:45:00,066 - INFO - [EMA] 증분계산: prev=89219.97, close=89628.0, new=89251.36
2026-01-28 20:45:00,073 - INFO - 15m | 11:30 | O:89418.9 H:89636.1 L:89326.7 C:89628.0
2026-01-28 20:45:00,073 - INFO - 지표: ADX=18.4, ATR=209.2, Bull=True, Bear=False
2026-01-28 20:45:57,190 - INFO - [상태] 포지션 없음, 자본금: $5571.21
2026-01-28 20:45:57,190 - INFO - [지표] ADX=nan, Bull=nan, Bear=nan
2026-01-28 20:50:57,192 - INFO - [상태] 포지션 없음, 자본금: $5571.21
2026-01-28 20:50:57,192 - INFO - [지표] ADX=nan, Bull=nan, Bear=nan
2026-01-28 20:55:57,192 - INFO - [상태] 포지션 없음, 자본금: $5571.21
2026-01-28 20:55:57,193 - INFO - [지표] ADX=nan, Bull=nan, Bear=nan
2026-01-28 21:00:00,048 - INFO - [EMA] 증분계산: prev=89251.36, close=90036.9, new=89311.78
2026-01-28 21:00:00,055 - INFO - 15m | 11:45 | O:89627.9 H:90122.0 L:89565.8 C:90036.9
2026-01-28 21:00:00,055 - INFO - 지표: ADX=20.8, ATR=243.9, Bull=True, Bear=False
2026-01-28 21:00:57,194 - INFO - [상태] 포지션 없음, 자본금: $5571.21
2026-01-28 21:00:57,194 - INFO - [지표] ADX=nan, Bull=nan, Bear=nan
2026-01-28 21:05:57,195 - INFO - [상태] 포지션 없음, 자본금: $5571.21
2026-01-28 21:05:57,196 - INFO - [지표] ADX=nan, Bull=nan, Bear=nan
2026-01-28 21:10:57,196 - INFO - [상태] 포지션 없음, 자본금: $5571.21
2026-01-28 21:10:57,197 - INFO - [지표] ADX=nan, Bull=nan, Bear=nan
2026-01-28 21:15:00,063 - INFO - [EMA] 증분계산: prev=89311.78, close=89886.8, new=89356.02
2026-01-28 21:15:00,069 - INFO - 15m | 12:00 | O:90036.9 H:90138.9 L:89875.5 C:89886.8
2026-01-28 21:15:00,069 - INFO - 지표: ADX=23.0, ATR=245.9, Bull=True, Bear=False
2026-01-28 21:15:57,197 - INFO - [상태] 포지션 없음, 자본금: $5571.21
2026-01-28 21:15:57,198 - INFO - [지표] ADX=nan, Bull=nan, Bear=nan
2026-01-28 21:20:57,199 - INFO - [상태] 포지션 없음, 자본금: $5571.21
2026-01-28 21:20:57,199 - INFO - [지표] ADX=nan, Bull=nan, Bear=nan
2026-01-28 21:25:57,200 - INFO - [상태] 포지션 없음, 자본금: $5571.21
2026-01-28 21:25:57,201 - INFO - [지표] ADX=nan, Bull=nan, Bear=nan
2026-01-28 21:30:00,240 - INFO - [EMA] 증분계산: prev=89356.02, close=89824.6, new=89392.06
2026-01-28 21:30:00,247 - INFO - 15m | 12:15 | O:89886.7 H:89951.3 L:89752.9 C:89824.6
2026-01-28 21:30:00,247 - INFO - 지표: ADX=24.2, ATR=241.1, Bull=True, Bear=False
2026-01-28 21:30:57,202 - INFO - [상태] 포지션 없음, 자본금: $5571.21
2026-01-28 21:30:57,202 - INFO - [지표] ADX=nan, Bull=nan, Bear=nan
2026-01-28 21:35:57,203 - INFO - [상태] 포지션 없음, 자본금: $5571.21
2026-01-28 21:35:57,204 - INFO - [지표] ADX=nan, Bull=nan, Bear=nan
2026-01-28 21:40:57,204 - INFO - [상태] 포지션 없음, 자본금: $5571.21
2026-01-28 21:40:57,204 - INFO - [지표] ADX=nan, Bull=nan, Bear=nan
2026-01-28 21:45:00,112 - INFO - [EMA] 증분계산: prev=89392.06, close=89868.6, new=89428.72
2026-01-28 21:45:00,119 - INFO - 15m | 12:30 | O:89824.6 H:89958.5 L:89764.9 C:89868.6
2026-01-28 21:45:00,119 - INFO - 지표: ADX=25.3, ATR=236.4, Bull=True, Bear=False
2026-01-28 21:45:57,206 - INFO - [상태] 포지션 없음, 자본금: $5571.21
2026-01-28 21:45:57,206 - INFO - [지표] ADX=nan, Bull=nan, Bear=nan
2026-01-28 21:50:57,208 - INFO - [상태] 포지션 없음, 자본금: $5571.21
2026-01-28 21:50:57,208 - INFO - [지표] ADX=nan, Bull=nan, Bear=nan
2026-01-28 21:55:57,209 - INFO - [상태] 포지션 없음, 자본금: $5571.21
2026-01-28 21:55:57,210 - INFO - [지표] ADX=nan, Bull=nan, Bear=nan
2026-01-28 22:00:00,094 - INFO - [EMA] 증분계산: prev=89428.72, close=89955.0, new=89469.20
2026-01-28 22:00:00,101 - INFO - 15m | 12:45 | O:89868.6 H:89999.0 L:89739.6 C:89955.0
2026-01-28 22:00:00,101 - INFO - 지표: ADX=26.4, ATR=238.7, Bull=True, Bear=False
2026-01-28 22:00:57,211 - INFO - [상태] 포지션 없음, 자본금: $5571.21
2026-01-28 22:00:57,211 - INFO - [지표] ADX=nan, Bull=nan, Bear=nan
2026-01-28 22:05:57,212 - INFO - [상태] 포지션 없음, 자본금: $5571.21
2026-01-28 22:05:57,213 - INFO - [지표] ADX=nan, Bull=nan, Bear=nan
2026-01-28 22:10:57,213 - INFO - [상태] 포지션 없음, 자본금: $5571.21
2026-01-28 22:10:57,214 - INFO - [지표] ADX=nan, Bull=nan, Bear=nan
2026-01-28 22:15:00,088 - INFO - [EMA] 증분계산: prev=89469.20, close=90130.1, new=89520.04
2026-01-28 22:15:00,098 - INFO - 15m | 13:00 | O:89954.9 H:90338.2 L:89909.0 C:90130.1
2026-01-28 22:15:00,098 - INFO - 지표: ADX=28.4, ATR=257.7, Bull=True, Bear=False
2026-01-28 22:15:57,214 - INFO - [상태] 포지션 없음, 자본금: $5571.21
2026-01-28 22:15:57,215 - INFO - [지표] ADX=nan, Bull=nan, Bear=nan
2026-01-28 22:20:57,216 - INFO - [상태] 포지션 없음, 자본금: $5571.21
2026-01-28 22:20:57,216 - INFO - [지표] ADX=nan, Bull=nan, Bear=nan
2026-01-28 22:25:57,217 - INFO - [상태] 포지션 없음, 자본금: $5571.21
2026-01-28 22:25:57,218 - INFO - [지표] ADX=nan, Bull=nan, Bear=nan
2026-01-28 22:30:00,264 - INFO - [EMA] 증분계산: prev=89520.04, close=90090.5, new=89563.92
2026-01-28 22:30:00,271 - INFO - 15m | 13:15 | O:90130.0 H:90245.6 L:90005.7 C:90090.5
2026-01-28 22:30:00,271 - INFO - 지표: ADX=30.3, ATR=255.9, Bull=True, Bear=False
2026-01-28 22:30:57,218 - INFO - [상태] 포지션 없음, 자본금: $5571.21
2026-01-28 22:30:57,218 - INFO - [지표] ADX=nan, Bull=nan, Bear=nan
2026-01-28 22:35:57,219 - INFO - [상태] 포지션 없음, 자본금: $5571.21
2026-01-28 22:35:57,219 - INFO - [지표] ADX=nan, Bull=nan, Bear=nan
2026-01-28 22:40:57,220 - INFO - [상태] 포지션 없음, 자본금: $5571.21
2026-01-28 22:40:57,220 - INFO - [지표] ADX=nan, Bull=nan, Bear=nan
2026-01-28 22:45:00,045 - INFO - [EMA] 증분계산: prev=89563.92, close=90361.1, new=89625.24
2026-01-28 22:45:00,054 - INFO - 15m | 13:30 | O:90090.5 H:90444.4 L:90053.7 C:90361.1
2026-01-28 22:45:00,055 - INFO - 지표: ADX=32.4, ATR=269.4, Bull=True, Bear=False
2026-01-28 22:45:57,221 - INFO - [상태] 포지션 없음, 자본금: $5571.21
2026-01-28 22:45:57,221 - INFO - [지표] ADX=nan, Bull=nan, Bear=nan
2026-01-28 22:50:57,222 - INFO - [상태] 포지션 없음, 자본금: $5571.21
2026-01-28 22:50:57,222 - INFO - [지표] ADX=nan, Bull=nan, Bear=nan
2026-01-28 22:55:57,224 - INFO - [상태] 포지션 없음, 자본금: $5571.21
2026-01-28 22:55:57,224 - INFO - [지표] ADX=nan, Bull=nan, Bear=nan
2026-01-28 23:00:00,428 - INFO - [EMA] 증분계산: prev=89625.24, close=90220.1, new=89671.00
2026-01-28 23:00:00,438 - INFO - 15m | 13:45 | O:90361.0 H:90412.0 L:90126.0 C:90220.1
2026-01-28 23:00:00,438 - INFO - 지표: ADX=34.4, ATR=271.1, Bull=True, Bear=False
2026-01-28 23:00:57,225 - INFO - [상태] 포지션 없음, 자본금: $5571.21
2026-01-28 23:00:57,226 - INFO - [지표] ADX=nan, Bull=nan, Bear=nan
2026-01-28 23:05:57,227 - INFO - [상태] 포지션 없음, 자본금: $5571.21
2026-01-28 23:05:57,227 - INFO - [지표] ADX=nan, Bull=nan, Bear=nan
2026-01-28 23:10:57,228 - INFO - [상태] 포지션 없음, 자본금: $5571.21
2026-01-28 23:10:57,228 - INFO - [지표] ADX=nan, Bull=nan, Bear=nan
2026-01-28 23:15:00,062 - INFO - [EMA] 증분계산: prev=89671.00, close=90102.4, new=89704.19
2026-01-28 23:15:00,068 - INFO - 15m | 14:00 | O:90220.1 H:90221.3 L:90092.5 C:90102.4
2026-01-28 23:15:00,069 - INFO - 지표: ADX=36.0, ATR=256.8, Bull=True, Bear=False
2026-01-28 23:15:57,229 - INFO - [상태] 포지션 없음, 자본금: $5571.21
2026-01-28 23:15:57,230 - INFO - [지표] ADX=nan, Bull=nan, Bear=nan
2026-01-28 23:20:57,230 - INFO - [상태] 포지션 없음, 자본금: $5571.21
2026-01-28 23:20:57,230 - INFO - [지표] ADX=nan, Bull=nan, Bear=nan
2026-01-28 23:25:57,232 - INFO - [상태] 포지션 없음, 자본금: $5571.21
2026-01-28 23:25:57,232 - INFO - [지표] ADX=nan, Bull=nan, Bear=nan
2026-01-28 23:30:00,174 - INFO - [EMA] 증분계산: prev=89704.19, close=89953.9, new=89723.39
2026-01-28 23:30:00,183 - INFO - 15m | 14:15 | O:90102.3 H:90142.7 L:89884.1 C:89953.9
2026-01-28 23:30:00,183 - INFO - 지표: ADX=35.8, ATR=257.0, Bull=True, Bear=False
2026-01-28 23:30:57,233 - INFO - [상태] 포지션 없음, 자본금: $5571.21
2026-01-28 23:30:57,234 - INFO - [지표] ADX=nan, Bull=nan, Bear=nan
2026-01-28 23:35:57,235 - INFO - [상태] 포지션 없음, 자본금: $5571.21
2026-01-28 23:35:57,235 - INFO - [지표] ADX=nan, Bull=nan, Bear=nan
2026-01-28 23:40:57,237 - INFO - [상태] 포지션 없음, 자본금: $5571.21
2026-01-28 23:40:57,237 - INFO - [지표] ADX=nan, Bull=nan, Bear=nan
2026-01-28 23:45:00,146 - INFO - [EMA] 증분계산: prev=89723.39, close=89664.1, new=89718.83
2026-01-28 23:45:00,153 - INFO - 15m | 14:30 | O:89953.9 H:90102.8 L:89580.2 C:89664.1
2026-01-28 23:45:00,153 - INFO - 지표: ADX=33.9, ATR=283.6, Bull=True, Bear=False
2026-01-28 23:45:57,238 - INFO - [상태] 포지션 없음, 자본금: $5571.21
2026-01-28 23:45:57,238 - INFO - [지표] ADX=nan, Bull=nan, Bear=nan
2026-01-28 23:50:57,239 - INFO - [상태] 포지션 없음, 자본금: $5571.21
2026-01-28 23:50:57,239 - INFO - [지표] ADX=nan, Bull=nan, Bear=nan
2026-01-28 23:55:57,240 - INFO - [상태] 포지션 없음, 자본금: $5571.21
2026-01-28 23:55:57,241 - INFO - [지표] ADX=nan, Bull=nan, Bear=nan
2026-01-29 00:00:00,223 - INFO - [EMA] 증분계산: prev=89718.83, close=89578.1, new=89708.01
2026-01-29 00:00:00,229 - INFO - 15m | 14:45 | O:89664.1 H:89743.8 L:89401.6 C:89578.1
2026-01-29 00:00:00,229 - INFO - 지표: ADX=31.7, ATR=289.4, Bull=True, Bear=False
2026-01-29 00:00:57,241 - INFO - [상태] 포지션 없음, 자본금: $5571.21
2026-01-29 00:00:57,242 - INFO - [지표] ADX=nan, Bull=nan, Bear=nan
2026-01-29 00:05:57,242 - INFO - [상태] 포지션 없음, 자본금: $5571.21
2026-01-29 00:05:57,243 - INFO - [지표] ADX=nan, Bull=nan, Bear=nan
2026-01-29 00:10:57,243 - INFO - [상태] 포지션 없음, 자본금: $5571.21
2026-01-29 00:10:57,244 - INFO - [지표] ADX=nan, Bull=nan, Bear=nan
2026-01-29 00:15:00,042 - INFO - [EMA] 증분계산: prev=89708.01, close=89053.2, new=89657.64
2026-01-29 00:15:00,052 - INFO - 15m | 15:00 | O:89578.1 H:89820.3 L:89050.0 C:89053.2
2026-01-29 00:15:00,052 - INFO - 지표: ADX=30.8, ATR=337.5, Bull=True, Bear=False
2026-01-29 00:15:57,244 - INFO - [상태] 포지션 없음, 자본금: $5571.21
2026-01-29 00:15:57,245 - INFO - [지표] ADX=nan, Bull=nan, Bear=nan
2026-01-29 00:20:57,246 - INFO - [상태] 포지션 없음, 자본금: $5571.21
2026-01-29 00:20:57,246 - INFO - [지표] ADX=nan, Bull=nan, Bear=nan
2026-01-29 00:25:57,247 - INFO - [상태] 포지션 없음, 자본금: $5571.21
2026-01-29 00:25:57,247 - INFO - [지표] ADX=nan, Bull=nan, Bear=nan
2026-01-29 00:30:00,103 - INFO - [EMA] 증분계산: prev=89657.64, close=89224.7, new=89624.33
2026-01-29 00:30:00,109 - INFO - 15m | 15:15 | O:89053.2 H:89307.0 L:88852.2 C:89224.7
2026-01-29 00:30:00,110 - INFO - 지표: ADX=30.6, ATR=349.3, Bull=True, Bear=False
2026-01-29 00:30:57,248 - INFO - [상태] 포지션 없음, 자본금: $5571.21
2026-01-29 00:30:57,249 - INFO - [지표] ADX=nan, Bull=nan, Bear=nan
2026-01-29 00:35:57,250 - INFO - [상태] 포지션 없음, 자본금: $5571.21
2026-01-29 00:35:57,250 - INFO - [지표] ADX=nan, Bull=nan, Bear=nan
2026-01-29 00:40:57,251 - INFO - [상태] 포지션 없음, 자본금: $5571.21
2026-01-29 00:40:57,252 - INFO - [지표] ADX=nan, Bull=nan, Bear=nan
2026-01-29 00:45:00,070 - INFO - [EMA] 증분계산: prev=89624.33, close=89463.6, new=89611.97
2026-01-29 00:45:00,079 - INFO - 15m | 15:30 | O:89224.7 H:89503.7 L:89178.0 C:89463.6
2026-01-29 00:45:00,079 - INFO - 지표: ADX=29.5, ATR=346.9, Bull=True, Bear=False
2026-01-29 00:45:57,252 - INFO - [상태] 포지션 없음, 자본금: $5571.21
2026-01-29 00:45:57,253 - INFO - [지표] ADX=nan, Bull=nan, Bear=nan
2026-01-29 00:50:57,254 - INFO - [상태] 포지션 없음, 자본금: $5571.21
2026-01-29 00:50:57,254 - INFO - [지표] ADX=nan, Bull=nan, Bear=nan
2026-01-29 00:55:57,255 - INFO - [상태] 포지션 없음, 자본금: $5571.21
2026-01-29 00:55:57,255 - INFO - [지표] ADX=nan, Bull=nan, Bear=nan
2026-01-29 01:00:01,539 - INFO - [EMA] 증분계산: prev=89611.97, close=89444.4, new=89599.08
2026-01-29 01:00:01,546 - INFO - 15m | 15:45 | O:89463.5 H:89600.0 L:89272.4 C:89444.4
2026-01-29 01:00:01,546 - INFO - 지표: ADX=28.1, ATR=345.0, Bull=True, Bear=False
2026-01-29 01:00:57,257 - INFO - [상태] 포지션 없음, 자본금: $5571.21
2026-01-29 01:00:57,257 - INFO - [지표] ADX=nan, Bull=nan, Bear=nan
2026-01-29 01:05:57,258 - INFO - [상태] 포지션 없음, 자본금: $5571.21
2026-01-29 01:05:57,259 - INFO - [지표] ADX=nan, Bull=nan, Bear=nan
2026-01-29 01:10:57,260 - INFO - [상태] 포지션 없음, 자본금: $5571.21
2026-01-29 01:10:57,260 - INFO - [지표] ADX=nan, Bull=nan, Bear=nan
2026-01-29 01:15:00,051 - INFO - [EMA] 증분계산: prev=89599.08, close=89226.4, new=89570.41
2026-01-29 01:15:00,057 - INFO - 15m | 16:00 | O:89444.5 H:89490.0 L:89207.3 C:89226.4
2026-01-29 01:15:00,057 - INFO - 지표: ADX=27.0, ATR=338.7, Bull=True, Bear=False
2026-01-29 01:15:57,261 - INFO - [상태] 포지션 없음, 자본금: $5571.21
2026-01-29 01:15:57,262 - INFO - [지표] ADX=nan, Bull=nan, Bear=nan
2026-01-29 01:20:57,263 - INFO - [상태] 포지션 없음, 자본금: $5571.21
2026-01-29 01:20:57,263 - INFO - [지표] ADX=nan, Bull=nan, Bear=nan
2026-01-29 01:25:57,264 - INFO - [상태] 포지션 없음, 자본금: $5571.21
2026-01-29 01:25:57,264 - INFO - [지표] ADX=nan, Bull=nan, Bear=nan
2026-01-29 01:30:00,081 - INFO - [EMA] 증분계산: prev=89570.41, close=89714.5, new=89581.50
2026-01-29 01:30:00,087 - INFO - 15m | 16:15 | O:89226.4 H:89734.4 L:89210.8 C:89714.5
2026-01-29 01:30:00,087 - INFO - 지표: ADX=25.1, ATR=357.2, Bull=True, Bear=False
2026-01-29 01:30:57,265 - INFO - [상태] 포지션 없음, 자본금: $5571.21
2026-01-29 01:30:57,265 - INFO - [지표] ADX=nan, Bull=nan, Bear=nan
2026-01-29 01:35:57,265 - INFO - [상태] 포지션 없음, 자본금: $5571.21
2026-01-29 01:35:57,266 - INFO - [지표] ADX=nan, Bull=nan, Bear=nan
2026-01-29 01:40:57,266 - INFO - [상태] 포지션 없음, 자본금: $5571.21
2026-01-29 01:40:57,267 - INFO - [지표] ADX=nan, Bull=nan, Bear=nan
2026-01-29 01:45:00,030 - INFO - [EMA] 증분계산: prev=89581.50, close=89508.0, new=89575.84
2026-01-29 01:45:00,037 - INFO - 15m | 16:30 | O:89714.4 H:89790.6 L:89419.4 C:89508.0
2026-01-29 01:45:00,037 - INFO - 지표: ADX=23.6, ATR=358.6, Bull=True, Bear=False
2026-01-29 01:45:57,268 - INFO - [상태] 포지션 없음, 자본금: $5571.21
2026-01-29 01:45:57,269 - INFO - [지표] ADX=nan, Bull=nan, Bear=nan
2026-01-29 01:50:57,269 - INFO - [상태] 포지션 없음, 자본금: $5571.21
2026-01-29 01:50:57,270 - INFO - [지표] ADX=nan, Bull=nan, Bear=nan
2026-01-29 01:55:57,270 - INFO - [상태] 포지션 없음, 자본금: $5571.21
2026-01-29 01:55:57,271 - INFO - [지표] ADX=nan, Bull=nan, Bear=nan
2026-01-29 02:00:00,139 - INFO - [EMA] 증분계산: prev=89575.84, close=89588.8, new=89576.84
2026-01-29 02:00:00,148 - INFO - 15m | 16:45 | O:89508.2 H:89718.9 L:89458.3 C:89588.8
2026-01-29 02:00:00,148 - INFO - 지표: ADX=22.1, ATR=348.8, Bull=True, Bear=False
2026-01-29 02:00:57,271 - INFO - [상태] 포지션 없음, 자본금: $5571.21
2026-01-29 02:00:57,272 - INFO - [지표] ADX=nan, Bull=nan, Bear=nan
2026-01-29 02:05:57,272 - INFO - [상태] 포지션 없음, 자본금: $5571.21
2026-01-29 02:05:57,273 - INFO - [지표] ADX=nan, Bull=nan, Bear=nan
2026-01-29 02:10:57,273 - INFO - [상태] 포지션 없음, 자본금: $5571.21
2026-01-29 02:10:57,273 - INFO - [지표] ADX=nan, Bull=nan, Bear=nan
2026-01-29 02:15:00,499 - INFO - [EMA] 증분계산: prev=89576.84, close=89690.0, new=89585.54
2026-01-29 02:15:00,508 - INFO - 15m | 17:00 | O:89588.8 H:89752.4 L:89543.0 C:89690.0
2026-01-29 02:15:00,508 - INFO - 지표: ADX=20.9, ATR=334.9, Bull=True, Bear=False
2026-01-29 02:15:57,278 - INFO - [상태] 포지션 없음, 자본금: $5571.21
2026-01-29 02:15:57,278 - INFO - [지표] ADX=nan, Bull=nan, Bear=nan
2026-01-29 02:20:57,279 - INFO - [상태] 포지션 없음, 자본금: $5571.21
2026-01-29 02:20:57,279 - INFO - [지표] ADX=nan, Bull=nan, Bear=nan
2026-01-29 02:25:57,280 - INFO - [상태] 포지션 없음, 자본금: $5571.21
2026-01-29 02:25:57,281 - INFO - [지표] ADX=nan, Bull=nan, Bear=nan
2026-01-29 02:30:00,156 - INFO - [EMA] 증분계산: prev=89585.54, close=89554.8, new=89583.18
2026-01-29 02:30:00,163 - INFO - 15m | 17:15 | O:89689.9 H:89708.7 L:89515.0 C:89554.8
2026-01-29 02:30:00,163 - INFO - 지표: ADX=19.7, ATR=320.8, Bull=True, Bear=False
2026-01-29 02:30:57,281 - INFO - [상태] 포지션 없음, 자본금: $5571.21
2026-01-29 02:30:57,281 - INFO - [지표] ADX=nan, Bull=nan, Bear=nan
2026-01-29 02:35:57,283 - INFO - [상태] 포지션 없음, 자본금: $5571.21
2026-01-29 02:35:57,283 - INFO - [지표] ADX=nan, Bull=nan, Bear=nan
2026-01-29 02:40:57,286 - INFO - [상태] 포지션 없음, 자본금: $5571.21
2026-01-29 02:40:57,286 - INFO - [지표] ADX=nan, Bull=nan, Bear=nan
2026-01-29 02:45:00,057 - INFO - [EMA] 증분계산: prev=89583.18, close=89814.2, new=89600.95
2026-01-29 02:45:00,063 - INFO - 15m | 17:30 | O:89554.8 H:89949.0 L:89238.8 C:89814.2
2026-01-29 02:45:00,063 - INFO - 지표: ADX=19.2, ATR=359.7, Bull=True, Bear=False
2026-01-29 02:45:57,286 - INFO - [상태] 포지션 없음, 자본금: $5571.21
2026-01-29 02:45:57,287 - INFO - [지표] ADX=nan, Bull=nan, Bear=nan
2026-01-29 02:50:57,288 - INFO - [상태] 포지션 없음, 자본금: $5571.21
2026-01-29 02:50:57,289 - INFO - [지표] ADX=nan, Bull=nan, Bear=nan
2026-01-29 02:55:57,290 - INFO - [상태] 포지션 없음, 자본금: $5571.21
2026-01-29 02:55:57,290 - INFO - [지표] ADX=nan, Bull=nan, Bear=nan
2026-01-29 03:00:00,087 - INFO - [EMA] 증분계산: prev=89600.95, close=90142.9, new=89642.64
2026-01-29 03:00:00,096 - INFO - 15m | 17:45 | O:89814.2 H:90592.7 L:89783.0 C:90142.9
2026-01-29 03:00:00,097 - INFO - 지표: ADX=19.2, ATR=404.7, Bull=True, Bear=False
2026-01-29 03:00:57,290 - INFO - [상태] 포지션 없음, 자본금: $5571.21
2026-01-29 03:00:57,291 - INFO - [지표] ADX=nan, Bull=nan, Bear=nan
2026-01-29 03:05:57,292 - INFO - [상태] 포지션 없음, 자본금: $5571.21
2026-01-29 03:05:57,292 - INFO - [지표] ADX=nan, Bull=nan, Bear=nan
2026-01-29 03:10:57,293 - INFO - [상태] 포지션 없음, 자본금: $5571.21
2026-01-29 03:10:57,294 - INFO - [지표] ADX=nan, Bull=nan, Bear=nan
2026-01-29 03:15:00,032 - INFO - [EMA] 증분계산: prev=89642.64, close=89779.3, new=89653.15
2026-01-29 03:15:00,042 - INFO - 15m | 18:00 | O:90142.9 H:90149.2 L:89457.3 C:89779.3
2026-01-29 03:15:00,042 - INFO - 지표: ADX=18.0, ATR=433.4, Bull=True, Bear=False
2026-01-29 03:15:57,296 - INFO - [상태] 포지션 없음, 자본금: $5571.21
2026-01-29 03:15:57,296 - INFO - [지표] ADX=nan, Bull=nan, Bear=nan
2026-01-29 03:20:57,298 - INFO - [상태] 포지션 없음, 자본금: $5571.21
2026-01-29 03:20:57,298 - INFO - [지표] ADX=nan, Bull=nan, Bear=nan
2026-01-29 03:25:57,299 - INFO - [상태] 포지션 없음, 자본금: $5571.21
2026-01-29 03:25:57,299 - INFO - [지표] ADX=nan, Bull=nan, Bear=nan
2026-01-29 03:30:00,107 - INFO - [EMA] 증분계산: prev=89653.15, close=89735.9, new=89659.52
2026-01-29 03:30:00,113 - INFO - 15m | 18:15 | O:89779.4 H:89911.7 L:89671.3 C:89735.9
2026-01-29 03:30:00,113 - INFO - 지표: ADX=17.0, ATR=414.1, Bull=True, Bear=False
2026-01-29 03:30:57,300 - INFO - [상태] 포지션 없음, 자본금: $5571.21
2026-01-29 03:30:57,301 - INFO - [지표] ADX=nan, Bull=nan, Bear=nan
2026-01-29 03:35:57,303 - INFO - [상태] 포지션 없음, 자본금: $5571.21
2026-01-29 03:35:57,303 - INFO - [지표] ADX=nan, Bull=nan, Bear=nan
2026-01-29 03:40:57,304 - INFO - [상태] 포지션 없음, 자본금: $5571.21
2026-01-29 03:40:57,304 - INFO - [지표] ADX=nan, Bull=nan, Bear=nan
2026-01-29 03:45:00,385 - INFO - [EMA] 증분계산: prev=89659.52, close=89599.8, new=89654.92
2026-01-29 03:45:00,392 - INFO - 15m | 18:30 | O:89735.8 H:89778.0 L:89523.7 C:89599.8
2026-01-29 03:45:00,392 - INFO - 지표: ADX=16.0, ATR=398.1, Bull=True, Bear=False
2026-01-29 03:45:57,305 - INFO - [상태] 포지션 없음, 자본금: $5571.21
2026-01-29 03:45:57,305 - INFO - [지표] ADX=nan, Bull=nan, Bear=nan
2026-01-29 03:50:57,307 - INFO - [상태] 포지션 없음, 자본금: $5571.21
2026-01-29 03:50:57,308 - INFO - [지표] ADX=nan, Bull=nan, Bear=nan
2026-01-29 03:55:57,309 - INFO - [상태] 포지션 없음, 자본금: $5571.21
2026-01-29 03:55:57,310 - INFO - [지표] ADX=nan, Bull=nan, Bear=nan
2026-01-29 04:00:00,039 - INFO - [EMA] 증분계산: prev=89654.92, close=89501.0, new=89643.08
2026-01-29 04:00:00,048 - INFO - 15m | 18:45 | O:89599.7 H:89625.9 L:89216.4 C:89501.0
2026-01-29 04:00:00,048 - INFO - 지표: ADX=16.0, ATR=399.3, Bull=True, Bear=False
2026-01-29 04:00:57,311 - INFO - [상태] 포지션 없음, 자본금: $5571.21
2026-01-29 04:00:57,311 - INFO - [지표] ADX=nan, Bull=nan, Bear=nan
2026-01-29 04:05:57,312 - INFO - [상태] 포지션 없음, 자본금: $5571.21
2026-01-29 04:05:57,313 - INFO - [지표] ADX=nan, Bull=nan, Bear=nan
2026-01-29 04:06:59,480 - ERROR - 포지션 동기화 에러: HTTPSConnectionPool(host='fapi.binance.com', port=443): Read timed out. (read timeout=10)
2026-01-29 04:07:09,491 - WARNING - 웹소켓 연결 종료, 재연결 중...
2026-01-29 04:07:19,629 - INFO - 웹소켓 연결: BTCUSDT (15분봉)
2026-01-29 04:08:19,681 - WARNING - 웹소켓 연결 종료, 재연결 중...
2026-01-29 04:08:24,809 - INFO - 웹소켓 연결: BTCUSDT (15분봉)
2026-01-29 04:10:57,314 - INFO - [상태] 포지션 없음, 자본금: $5571.21
2026-01-29 04:10:57,314 - INFO - [지표] ADX=nan, Bull=nan, Bear=nan
2026-01-29 04:15:00,034 - INFO - [EMA] 증분계산: prev=89643.08, close=89336.1, new=89619.47
2026-01-29 04:15:00,044 - INFO - 15m | 19:00 | O:89500.9 H:89693.9 L:89033.8 C:89336.1
2026-01-29 04:15:00,044 - INFO - 지표: ADX=16.4, ATR=425.4, Bull=True, Bear=False
2026-01-29 04:15:57,315 - INFO - [상태] 포지션 없음, 자본금: $5571.21
2026-01-29 04:15:57,315 - INFO - [지표] ADX=nan, Bull=nan, Bear=nan
2026-01-29 04:20:57,316 - INFO - [상태] 포지션 없음, 자본금: $5571.21
2026-01-29 04:20:57,317 - INFO - [지표] ADX=nan, Bull=nan, Bear=nan
2026-01-29 04:25:57,319 - INFO - [상태] 포지션 없음, 자본금: $5571.21
2026-01-29 04:25:57,319 - INFO - [지표] ADX=nan, Bull=nan, Bear=nan
2026-01-29 04:30:00,234 - INFO - [EMA] 증분계산: prev=89619.47, close=89369.8, new=89600.26
2026-01-29 04:30:00,240 - INFO - 15m | 19:15 | O:89336.0 H:89597.6 L:89236.8 C:89369.8
2026-01-29 04:30:00,241 - INFO - 지표: ADX=16.8, ATR=418.9, Bull=True, Bear=False
2026-01-29 04:30:57,320 - INFO - [상태] 포지션 없음, 자본금: $5571.21
2026-01-29 04:30:57,320 - INFO - [지표] ADX=nan, Bull=nan, Bear=nan
2026-01-29 04:35:57,321 - INFO - [상태] 포지션 없음, 자본금: $5571.21
2026-01-29 04:35:57,321 - INFO - [지표] ADX=nan, Bull=nan, Bear=nan
2026-01-29 04:40:57,323 - INFO - [상태] 포지션 없음, 자본금: $5571.21
2026-01-29 04:40:57,323 - INFO - [지표] ADX=nan, Bull=nan, Bear=nan
2026-01-29 04:45:00,036 - INFO - [EMA] 증분계산: prev=89600.26, close=89009.8, new=89554.84
2026-01-29 04:45:00,042 - INFO - 15m | 19:30 | O:89369.9 H:89514.7 L:88974.0 C:89009.8
2026-01-29 04:45:00,042 - INFO - 지표: ADX=17.8, ATR=431.1, Bull=True, Bear=False
2026-01-29 04:45:57,326 - INFO - [상태] 포지션 없음, 자본금: $5571.21
2026-01-29 04:45:57,326 - INFO - [지표] ADX=nan, Bull=nan, Bear=nan
2026-01-29 04:50:57,327 - INFO - [상태] 포지션 없음, 자본금: $5571.21
2026-01-29 04:50:57,327 - INFO - [지표] ADX=nan, Bull=nan, Bear=nan
2026-01-29 04:55:57,329 - INFO - [상태] 포지션 없음, 자본금: $5571.21
2026-01-29 04:55:57,330 - INFO - [지표] ADX=nan, Bull=nan, Bear=nan
2026-01-29 05:00:01,156 - INFO - [EMA] 증분계산: prev=89554.84, close=89363.6, new=89540.13
2026-01-29 05:00:01,162 - INFO - 15m | 19:45 | O:89009.9 H:89568.1 L:89000.4 C:89363.6
2026-01-29 05:00:01,162 - INFO - 지표: ADX=18.5, ATR=444.7, Bull=True, Bear=False
2026-01-29 05:00:57,332 - INFO - [상태] 포지션 없음, 자본금: $5571.21
2026-01-29 05:00:57,332 - INFO - [지표] ADX=nan, Bull=nan, Bear=nan
2026-01-29 05:05:57,333 - INFO - [상태] 포지션 없음, 자본금: $5571.21
2026-01-29 05:05:57,333 - INFO - [지표] ADX=nan, Bull=nan, Bear=nan
2026-01-29 05:10:57,334 - INFO - [상태] 포지션 없음, 자본금: $5571.21
2026-01-29 05:10:57,334 - INFO - [지표] ADX=nan, Bull=nan, Bear=nan
2026-01-29 05:15:00,504 - INFO - [EMA] 증분계산: prev=89540.13, close=89549.7, new=89540.87
2026-01-29 05:15:00,514 - INFO - 15m | 20:00 | O:89363.5 H:89595.9 L:89302.0 C:89549.7
2026-01-29 05:15:00,514 - INFO - 지표: ADX=19.1, ATR=429.7, Bull=True, Bear=False
2026-01-29 05:15:57,335 - INFO - [상태] 포지션 없음, 자본금: $5571.21
2026-01-29 05:15:57,336 - INFO - [지표] ADX=nan, Bull=nan, Bear=nan
2026-01-29 05:20:57,338 - INFO - [상태] 포지션 없음, 자본금: $5571.21
2026-01-29 05:20:57,338 - INFO - [지표] ADX=nan, Bull=nan, Bear=nan
2026-01-29 05:25:57,339 - INFO - [상태] 포지션 없음, 자본금: $5571.21
2026-01-29 05:25:57,339 - INFO - [지표] ADX=nan, Bull=nan, Bear=nan
2026-01-29 05:30:00,164 - INFO - [EMA] 증분계산: prev=89540.87, close=89762.3, new=89557.90
2026-01-29 05:30:00,171 - INFO - 15m | 20:15 | O:89549.7 H:89880.1 L:89426.1 C:89762.3
2026-01-29 05:30:00,171 - INFO - 지표: ADX=18.4, ATR=432.1, Bull=True, Bear=False
2026-01-29 05:30:57,341 - INFO - [상태] 포지션 없음, 자본금: $5571.21
2026-01-29 05:30:57,341 - INFO - [지표] ADX=nan, Bull=nan, Bear=nan
2026-01-29 05:35:57,343 - INFO - [상태] 포지션 없음, 자본금: $5571.21
2026-01-29 05:35:57,343 - INFO - [지표] ADX=nan, Bull=nan, Bear=nan
2026-01-29 05:40:57,344 - INFO - [상태] 포지션 없음, 자본금: $5571.21
2026-01-29 05:40:57,344 - INFO - [지표] ADX=nan, Bull=nan, Bear=nan
2026-01-29 05:45:00,075 - INFO - [EMA] 증분계산: prev=89557.90, close=89202.8, new=89530.59
2026-01-29 05:45:00,085 - INFO - 15m | 20:30 | O:89762.4 H:89762.4 L:89075.6 C:89202.8
2026-01-29 05:45:00,085 - INFO - 지표: ADX=18.8, ATR=457.6, Bull=True, Bear=False
2026-01-29 05:45:57,345 - INFO - [상태] 포지션 없음, 자본금: $5571.21
2026-01-29 05:45:57,345 - INFO - [지표] ADX=nan, Bull=nan, Bear=nan
2026-01-29 05:50:57,347 - INFO - [상태] 포지션 없음, 자본금: $5571.21
2026-01-29 05:50:57,348 - INFO - [지표] ADX=nan, Bull=nan, Bear=nan
2026-01-29 05:55:57,349 - INFO - [상태] 포지션 없음, 자본금: $5571.21
2026-01-29 05:55:57,349 - INFO - [지표] ADX=nan, Bull=nan, Bear=nan
2026-01-29 06:00:00,097 - INFO - [EMA] 증분계산: prev=89530.59, close=89099.9, new=89497.46
2026-01-29 06:00:00,103 - INFO - 15m | 20:45 | O:89202.8 H:89228.9 L:88964.7 C:89099.9
2026-01-29 06:00:00,104 - INFO - 지표: ADX=19.3, ATR=438.2, Bull=True, Bear=False
2026-01-29 06:00:57,350 - INFO - [상태] 포지션 없음, 자본금: $5571.21
2026-01-29 06:00:57,350 - INFO - [지표] ADX=nan, Bull=nan, Bear=nan
2026-01-29 06:05:57,351 - INFO - [상태] 포지션 없음, 자본금: $5571.21
2026-01-29 06:05:57,351 - INFO - [지표] ADX=nan, Bull=nan, Bear=nan
2026-01-29 06:10:57,352 - INFO - [상태] 포지션 없음, 자본금: $5571.21
2026-01-29 06:10:57,352 - INFO - [지표] ADX=nan, Bull=nan, Bear=nan
2026-01-29 06:15:00,135 - INFO - [EMA] 증분계산: prev=89497.46, close=89176.1, new=89472.74
2026-01-29 06:15:00,145 - INFO - 15m | 21:00 | O:89100.0 H:89185.1 L:88829.0 C:89176.1
2026-01-29 06:15:00,145 - INFO - 지표: ADX=20.1, ATR=430.0, Bull=True, Bear=False
2026-01-29 06:15:57,354 - INFO - [상태] 포지션 없음, 자본금: $5571.21
2026-01-29 06:15:57,354 - INFO - [지표] ADX=nan, Bull=nan, Bear=nan
2026-01-29 06:20:57,355 - INFO - [상태] 포지션 없음, 자본금: $5571.21
2026-01-29 06:20:57,356 - INFO - [지표] ADX=nan, Bull=nan, Bear=nan
2026-01-29 06:25:57,358 - INFO - [상태] 포지션 없음, 자본금: $5571.21
2026-01-29 06:25:57,358 - INFO - [지표] ADX=nan, Bull=nan, Bear=nan
2026-01-29 06:30:00,479 - INFO - [EMA] 증분계산: prev=89472.74, close=89138.9, new=89447.06
2026-01-29 06:30:00,485 - INFO - 15m | 21:15 | O:89176.1 H:89237.7 L:89100.5 C:89138.9
2026-01-29 06:30:00,485 - INFO - 지표: ADX=20.7, ATR=400.7, Bull=True, Bear=False
2026-01-29 06:30:57,359 - INFO - [상태] 포지션 없음, 자본금: $5571.21
2026-01-29 06:30:57,360 - INFO - [지표] ADX=nan, Bull=nan, Bear=nan
2026-01-29 06:35:57,361 - INFO - [상태] 포지션 없음, 자본금: $5571.21
2026-01-29 06:35:57,361 - INFO - [지표] ADX=nan, Bull=nan, Bear=nan
2026-01-29 06:40:57,363 - INFO - [상태] 포지션 없음, 자본금: $5571.21
2026-01-29 06:40:57,363 - INFO - [지표] ADX=nan, Bull=nan, Bear=nan
2026-01-29 06:45:00,058 - INFO - [EMA] 증분계산: prev=89447.06, close=89384.6, new=89442.25
2026-01-29 06:45:00,067 - INFO - 15m | 21:30 | O:89138.9 H:89449.1 L:89029.8 C:89384.6
2026-01-29 06:45:00,067 - INFO - 지표: ADX=20.3, ATR=402.6, Bull=True, Bear=False
2026-01-29 06:45:57,365 - INFO - [상태] 포지션 없음, 자본금: $5571.21
2026-01-29 06:45:57,365 - INFO - [지표] ADX=nan, Bull=nan, Bear=nan
2026-01-29 06:50:57,367 - INFO - [상태] 포지션 없음, 자본금: $5571.21
2026-01-29 06:50:57,368 - INFO - [지표] ADX=nan, Bull=nan, Bear=nan
2026-01-29 06:55:57,368 - INFO - [상태] 포지션 없음, 자본금: $5571.21
2026-01-29 06:55:57,369 - INFO - [지표] ADX=nan, Bull=nan, Bear=nan
2026-01-29 07:00:00,181 - INFO - [EMA] 증분계산: prev=89442.25, close=89369.3, new=89436.64
2026-01-29 07:00:00,187 - INFO - 15m | 21:45 | O:89384.6 H:89446.6 L:89281.8 C:89369.3
2026-01-29 07:00:00,187 - INFO - 지표: ADX=20.0, ATR=378.8, Bull=True, Bear=False
2026-01-29 07:00:57,370 - INFO - [상태] 포지션 없음, 자본금: $5571.21
2026-01-29 07:00:57,370 - INFO - [지표] ADX=nan, Bull=nan, Bear=nan
2026-01-29 07:05:57,370 - INFO - [상태] 포지션 없음, 자본금: $5571.21
2026-01-29 07:05:57,371 - INFO - [지표] ADX=nan, Bull=nan, Bear=nan
2026-01-29 07:10:57,372 - INFO - [상태] 포지션 없음, 자본금: $5571.21
2026-01-29 07:10:57,373 - INFO - [지표] ADX=nan, Bull=nan, Bear=nan
2026-01-29 07:15:00,149 - INFO - [EMA] 증분계산: prev=89436.64, close=89243.7, new=89421.80
2026-01-29 07:15:00,156 - INFO - 15m | 22:00 | O:89369.4 H:89437.6 L:89216.2 C:89243.7
2026-01-29 07:15:00,156 - INFO - 지표: ADX=19.9, ATR=363.1, Bull=True, Bear=False
2026-01-29 07:15:57,374 - INFO - [상태] 포지션 없음, 자본금: $5571.21
2026-01-29 07:15:57,374 - INFO - [지표] ADX=nan, Bull=nan, Bear=nan
2026-01-29 07:20:57,375 - INFO - [상태] 포지션 없음, 자본금: $5571.21
2026-01-29 07:20:57,375 - INFO - [지표] ADX=nan, Bull=nan, Bear=nan
2026-01-29 07:25:57,376 - INFO - [상태] 포지션 없음, 자본금: $5571.21
2026-01-29 07:25:57,376 - INFO - [지표] ADX=nan, Bull=nan, Bear=nan
2026-01-29 07:30:00,088 - INFO - [EMA] 증분계산: prev=89421.80, close=89247.4, new=89408.38
2026-01-29 07:30:00,094 - INFO - 15m | 22:15 | O:89243.8 H:89247.6 L:89093.2 C:89247.4
2026-01-29 07:30:00,094 - INFO - 지표: ADX=20.2, ATR=342.2, Bull=True, Bear=False
2026-01-29 07:30:57,378 - INFO - [상태] 포지션 없음, 자본금: $5571.21
2026-01-29 07:30:57,378 - INFO - [지표] ADX=nan, Bull=nan, Bear=nan
2026-01-29 07:35:57,380 - INFO - [상태] 포지션 없음, 자본금: $5571.21
2026-01-29 07:35:57,380 - INFO - [지표] ADX=nan, Bull=nan, Bear=nan
2026-01-29 07:40:57,382 - INFO - [상태] 포지션 없음, 자본금: $5571.21
2026-01-29 07:40:57,383 - INFO - [지표] ADX=nan, Bull=nan, Bear=nan
2026-01-29 07:45:00,274 - INFO - [EMA] 증분계산: prev=89408.38, close=89225.8, new=89394.34
2026-01-29 07:45:00,280 - INFO - 15m | 22:30 | O:89247.5 H:89262.4 L:89155.9 C:89225.8
2026-01-29 07:45:00,280 - INFO - 지표: ADX=20.4, ATR=318.6, Bull=True, Bear=False
2026-01-29 07:45:57,383 - INFO - [상태] 포지션 없음, 자본금: $5571.21
2026-01-29 07:45:57,384 - INFO - [지표] ADX=nan, Bull=nan, Bear=nan
2026-01-29 07:50:57,386 - INFO - [상태] 포지션 없음, 자본금: $5571.21
2026-01-29 07:50:57,386 - INFO - [지표] ADX=nan, Bull=nan, Bear=nan
2026-01-29 07:55:57,387 - INFO - [상태] 포지션 없음, 자본금: $5571.21
2026-01-29 07:55:57,388 - INFO - [지표] ADX=nan, Bull=nan, Bear=nan
2026-01-29 08:00:00,357 - INFO - [EMA] 증분계산: prev=89394.34, close=89347.1, new=89390.71
2026-01-29 08:00:00,367 - INFO - 15m | 22:45 | O:89225.8 H:89380.0 L:89225.7 C:89347.1
2026-01-29 08:00:00,367 - INFO - 지표: ADX=20.0, ATR=302.2, Bull=True, Bear=False
2026-01-29 08:00:57,388 - INFO - [상태] 포지션 없음, 자본금: $5571.21
2026-01-29 08:00:57,389 - INFO - [지표] ADX=nan, Bull=nan, Bear=nan
2026-01-29 08:05:57,390 - INFO - [상태] 포지션 없음, 자본금: $5571.21
2026-01-29 08:05:57,390 - INFO - [지표] ADX=nan, Bull=nan, Bear=nan
2026-01-29 08:10:57,392 - INFO - [상태] 포지션 없음, 자본금: $5571.21
2026-01-29 08:10:57,392 - INFO - [지표] ADX=nan, Bull=nan, Bear=nan
2026-01-29 08:15:00,134 - INFO - [EMA] 증분계산: prev=89390.71, close=89303.1, new=89383.97
2026-01-29 08:15:00,144 - INFO - 15m | 23:00 | O:89347.1 H:89422.0 L:89294.5 C:89303.1
2026-01-29 08:15:00,144 - INFO - 지표: ADX=19.4, ATR=284.7, Bull=True, Bear=False
2026-01-29 08:15:57,393 - INFO - [상태] 포지션 없음, 자본금: $5571.21
2026-01-29 08:15:57,394 - INFO - [지표] ADX=nan, Bull=nan, Bear=nan
2026-01-29 08:20:57,395 - INFO - [상태] 포지션 없음, 자본금: $5571.21
2026-01-29 08:20:57,395 - INFO - [지표] ADX=nan, Bull=nan, Bear=nan
2026-01-29 08:25:57,398 - INFO - [상태] 포지션 없음, 자본금: $5571.21
2026-01-29 08:25:57,399 - INFO - [지표] ADX=nan, Bull=nan, Bear=nan
2026-01-29 08:30:00,651 - INFO - [EMA] 증분계산: prev=89383.97, close=89253.4, new=89373.92
2026-01-29 08:30:00,661 - INFO - 15m | 23:15 | O:89303.2 H:89433.3 L:89218.6 C:89253.4
2026-01-29 08:30:00,661 - INFO - 지표: ADX=19.2, ATR=277.7, Bull=True, Bear=False
2026-01-29 08:30:57,401 - INFO - [상태] 포지션 없음, 자본금: $5571.21
2026-01-29 08:30:57,401 - INFO - [지표] ADX=nan, Bull=nan, Bear=nan
2026-01-29 08:35:57,402 - INFO - [상태] 포지션 없음, 자본금: $5571.21
2026-01-29 08:35:57,402 - INFO - [지표] ADX=nan, Bull=nan, Bear=nan
2026-01-29 08:40:57,404 - INFO - [상태] 포지션 없음, 자본금: $5571.21
2026-01-29 08:40:57,404 - INFO - [지표] ADX=nan, Bull=nan, Bear=nan
2026-01-29 08:45:00,134 - INFO - [EMA] 증분계산: prev=89373.92, close=89271.8, new=89366.07
2026-01-29 08:45:00,144 - INFO - 15m | 23:30 | O:89253.5 H:89292.6 L:89159.2 C:89271.8
2026-01-29 08:45:00,144 - INFO - 지표: ADX=19.2, ATR=263.3, Bull=True, Bear=False
2026-01-29 08:45:57,405 - INFO - [상태] 포지션 없음, 자본금: $5571.21
2026-01-29 08:45:57,406 - INFO - [지표] ADX=nan, Bull=nan, Bear=nan
2026-01-29 08:50:57,407 - INFO - [상태] 포지션 없음, 자본금: $5571.21
2026-01-29 08:50:57,407 - INFO - [지표] ADX=nan, Bull=nan, Bear=nan
2026-01-29 08:55:57,408 - INFO - [상태] 포지션 없음, 자본금: $5571.21
2026-01-29 08:55:57,409 - INFO - [지표] ADX=nan, Bull=nan, Bear=nan
