2026-01-18 09:00:00,072 - INFO - === 로그 파일 시작: logs/hyper_usdt_2026-01-18.log ===
2026-01-18 09:00:00,072 - INFO - [EMA] 증분계산: prev=95229.37, close=95107.9, new=95220.03
2026-01-18 09:00:00,082 - INFO - 15m | 23:45 | O:95115.0 H:95115.1 L:95081.2 C:95107.9
2026-01-18 09:00:00,082 - INFO - 지표: ADX=18.8, ATR=79.3, Bull=False, Bear=True
2026-01-18 09:04:16,469 - INFO - [상태] 포지션 없음, 자본금: $5364.14
2026-01-18 09:04:16,469 - INFO - [지표] ADX=nan, Bull=nan, Bear=nan
2026-01-18 09:09:16,471 - INFO - [상태] 포지션 없음, 자본금: $5364.14
2026-01-18 09:09:16,472 - INFO - [지표] ADX=nan, Bull=nan, Bear=nan
2026-01-18 09:14:16,475 - INFO - [상태] 포지션 없음, 자본금: $5364.14
2026-01-18 09:14:16,475 - INFO - [지표] ADX=nan, Bull=nan, Bear=nan
2026-01-18 09:15:01,070 - INFO - [EMA] 증분계산: prev=95220.03, close=95143.3, new=95214.13
2026-01-18 09:15:01,077 - INFO - 15m | 00:00 | O:95107.9 H:95191.3 L:95051.1 C:95143.3
2026-01-18 09:15:01,077 - INFO - 지표: ADX=18.1, ATR=85.4, Bull=False, Bear=True
2026-01-18 09:19:16,476 - INFO - [상태] 포지션 없음, 자본금: $5364.14
2026-01-18 09:19:16,476 - INFO - [지표] ADX=nan, Bull=nan, Bear=nan
2026-01-18 09:24:16,477 - INFO - [상태] 포지션 없음, 자본금: $5364.14
2026-01-18 09:24:16,478 - INFO - [지표] ADX=nan, Bull=nan, Bear=nan
2026-01-18 09:29:16,479 - INFO - [상태] 포지션 없음, 자본금: $5364.14
2026-01-18 09:29:16,479 - INFO - [지표] ADX=nan, Bull=nan, Bear=nan
2026-01-18 09:30:00,126 - INFO - [EMA] 증분계산: prev=95214.13, close=95153.6, new=95209.47
2026-01-18 09:30:00,132 - INFO - 15m | 00:15 | O:95143.4 H:95200.9 L:95143.3 C:95153.6
2026-01-18 09:30:00,132 - INFO - 지표: ADX=17.2, ATR=82.6, Bull=False, Bear=True
2026-01-18 09:34:16,481 - INFO - [상태] 포지션 없음, 자본금: $5364.14
2026-01-18 09:34:16,481 - INFO - [지표] ADX=nan, Bull=nan, Bear=nan
2026-01-18 09:39:16,486 - INFO - [상태] 포지션 없음, 자본금: $5364.14
2026-01-18 09:39:16,486 - INFO - [지표] ADX=nan, Bull=nan, Bear=nan
2026-01-18 09:44:16,488 - INFO - [상태] 포지션 없음, 자본금: $5364.14
2026-01-18 09:44:16,488 - INFO - [지표] ADX=nan, Bull=nan, Bear=nan
2026-01-18 09:45:00,341 - INFO - [EMA] 증분계산: prev=95209.47, close=95100.0, new=95201.05
2026-01-18 09:45:00,347 - INFO - 15m | 00:30 | O:95153.6 H:95189.6 L:95089.1 C:95100.0
2026-01-18 09:45:00,347 - INFO - 지표: ADX=17.1, ATR=84.4, Bull=False, Bear=True
2026-01-18 09:49:16,490 - INFO - [상태] 포지션 없음, 자본금: $5364.14
2026-01-18 09:49:16,491 - INFO - [지표] ADX=nan, Bull=nan, Bear=nan
2026-01-18 09:54:16,491 - INFO - [상태] 포지션 없음, 자본금: $5364.14
2026-01-18 09:54:16,492 - INFO - [지표] ADX=nan, Bull=nan, Bear=nan
2026-01-18 09:59:16,493 - INFO - [상태] 포지션 없음, 자본금: $5364.14
2026-01-18 09:59:16,493 - INFO - [지표] ADX=nan, Bull=nan, Bear=nan
2026-01-18 10:00:00,493 - INFO - [EMA] 증분계산: prev=95201.05, close=95073.1, new=95191.21
2026-01-18 10:00:00,499 - INFO - 15m | 00:45 | O:95100.1 H:95100.1 L:95022.8 C:95073.1
2026-01-18 10:00:00,499 - INFO - 지표: ADX=17.8, ATR=83.7, Bull=False, Bear=True
2026-01-18 10:04:16,494 - INFO - [상태] 포지션 없음, 자본금: $5364.14
2026-01-18 10:04:16,494 - INFO - [지표] ADX=nan, Bull=nan, Bear=nan
2026-01-18 10:09:16,496 - INFO - [상태] 포지션 없음, 자본금: $5364.14
2026-01-18 10:09:16,496 - INFO - [지표] ADX=nan, Bull=nan, Bear=nan
2026-01-18 10:14:16,499 - INFO - [상태] 포지션 없음, 자본금: $5364.14
2026-01-18 10:14:16,499 - INFO - [지표] ADX=nan, Bull=nan, Bear=nan
2026-01-18 10:15:00,080 - INFO - [EMA] 증분계산: prev=95191.21, close=94901.6, new=95168.93
2026-01-18 10:15:00,087 - INFO - 15m | 01:00 | O:95073.2 H:95074.1 L:94819.5 C:94901.6
2026-01-18 10:15:00,087 - INFO - 지표: ADX=19.8, ATR=100.8, Bull=False, Bear=True
2026-01-18 10:19:16,500 - INFO - [상태] 포지션 없음, 자본금: $5364.14
2026-01-18 10:19:16,500 - INFO - [지표] ADX=nan, Bull=nan, Bear=nan
2026-01-18 10:24:16,501 - INFO - [상태] 포지션 없음, 자본금: $5364.14
2026-01-18 10:24:16,502 - INFO - [지표] ADX=nan, Bull=nan, Bear=nan
2026-01-18 10:29:16,503 - INFO - [상태] 포지션 없음, 자본금: $5364.14
2026-01-18 10:29:16,504 - INFO - [지표] ADX=nan, Bull=nan, Bear=nan
2026-01-18 10:30:00,201 - INFO - [EMA] 증분계산: prev=95168.93, close=95001.7, new=95156.07
2026-01-18 10:30:00,210 - INFO - 15m | 01:15 | O:94901.5 H:95001.8 L:94861.7 C:95001.7
2026-01-18 10:30:00,210 - INFO - 지표: ADX=21.8, ATR=104.7, Bull=False, Bear=True
2026-01-18 10:34:16,504 - INFO - [상태] 포지션 없음, 자본금: $5364.14
2026-01-18 10:34:16,505 - INFO - [지표] ADX=nan, Bull=nan, Bear=nan
2026-01-18 10:39:16,506 - INFO - [상태] 포지션 없음, 자본금: $5364.14
2026-01-18 10:39:16,506 - INFO - [지표] ADX=nan, Bull=nan, Bear=nan
2026-01-18 10:44:16,509 - INFO - [상태] 포지션 없음, 자본금: $5364.14
2026-01-18 10:44:16,509 - INFO - [지표] ADX=nan, Bull=nan, Bear=nan
2026-01-18 10:45:00,143 - INFO - [EMA] 증분계산: prev=95156.07, close=94950.0, new=95140.22
2026-01-18 10:45:00,153 - INFO - 15m | 01:30 | O:95001.8 H:95044.9 L:94950.0 C:94950.0
2026-01-18 10:45:00,153 - INFO - 지표: ADX=22.9, ATR=103.7, Bull=False, Bear=True
2026-01-18 10:49:16,510 - INFO - [상태] 포지션 없음, 자본금: $5364.14
2026-01-18 10:49:16,511 - INFO - [지표] ADX=nan, Bull=nan, Bear=nan
2026-01-18 10:54:16,512 - INFO - [상태] 포지션 없음, 자본금: $5364.14
2026-01-18 10:54:16,512 - INFO - [지표] ADX=nan, Bull=nan, Bear=nan
2026-01-18 10:59:16,515 - INFO - [상태] 포지션 없음, 자본금: $5364.14
2026-01-18 10:59:16,516 - INFO - [지표] ADX=nan, Bull=nan, Bear=nan
2026-01-18 11:00:00,085 - INFO - [EMA] 증분계산: prev=95140.22, close=94928.9, new=95123.96
2026-01-18 11:00:00,094 - INFO - 15m | 01:45 | O:94950.0 H:94974.0 L:94843.5 C:94928.9
2026-01-18 11:00:00,095 - INFO - 지표: ADX=24.6, ATR=106.4, Bull=False, Bear=True
2026-01-18 11:04:16,518 - INFO - [상태] 포지션 없음, 자본금: $5364.14
2026-01-18 11:04:16,518 - INFO - [지표] ADX=nan, Bull=nan, Bear=nan
2026-01-18 11:09:16,519 - INFO - [상태] 포지션 없음, 자본금: $5364.14
2026-01-18 11:09:16,519 - INFO - [지표] ADX=nan, Bull=nan, Bear=nan
2026-01-18 11:14:16,520 - INFO - [상태] 포지션 없음, 자본금: $5364.14
2026-01-18 11:14:16,520 - INFO - [지표] ADX=nan, Bull=nan, Bear=nan
2026-01-18 11:15:01,055 - INFO - [EMA] 증분계산: prev=95123.96, close=94973.2, new=95112.36
2026-01-18 11:15:01,062 - INFO - 15m | 02:00 | O:94928.8 H:94994.0 L:94928.8 C:94973.2
2026-01-18 11:15:01,062 - INFO - 지표: ADX=25.9, ATR=102.3, Bull=False, Bear=True
2026-01-18 11:19:16,522 - INFO - [상태] 포지션 없음, 자본금: $5364.14
2026-01-18 11:19:16,523 - INFO - [지표] ADX=nan, Bull=nan, Bear=nan
2026-01-18 11:24:16,523 - INFO - [상태] 포지션 없음, 자본금: $5364.14
2026-01-18 11:24:16,523 - INFO - [지표] ADX=nan, Bull=nan, Bear=nan
2026-01-18 11:29:16,526 - INFO - [상태] 포지션 없음, 자본금: $5364.14
2026-01-18 11:29:16,526 - INFO - [지표] ADX=nan, Bull=nan, Bear=nan
2026-01-18 11:30:00,572 - INFO - [EMA] 증분계산: prev=95112.36, close=94976.5, new=95101.91
2026-01-18 11:30:00,581 - INFO - 15m | 02:15 | O:94973.2 H:95034.1 L:94973.2 C:94976.5
2026-01-18 11:30:00,582 - INFO - 지표: ADX=26.4, ATR=98.2, Bull=False, Bear=True
2026-01-18 11:34:16,528 - INFO - [상태] 포지션 없음, 자본금: $5364.14
2026-01-18 11:34:16,528 - INFO - [지표] ADX=nan, Bull=nan, Bear=nan
2026-01-18 11:39:16,529 - INFO - [상태] 포지션 없음, 자본금: $5364.14
2026-01-18 11:39:16,529 - INFO - [지표] ADX=nan, Bull=nan, Bear=nan
2026-01-18 11:44:16,531 - INFO - [상태] 포지션 없음, 자본금: $5364.14
2026-01-18 11:44:16,531 - INFO - [지표] ADX=nan, Bull=nan, Bear=nan
2026-01-18 11:45:00,510 - INFO - [EMA] 증분계산: prev=95101.91, close=94920.7, new=95087.97
2026-01-18 11:45:00,517 - INFO - 15m | 02:30 | O:94976.5 H:94976.5 L:94826.1 C:94920.7
2026-01-18 11:45:00,517 - INFO - 지표: ADX=27.9, ATR=103.4, Bull=False, Bear=True
2026-01-18 11:49:16,532 - INFO - [상태] 포지션 없음, 자본금: $5364.14
2026-01-18 11:49:16,532 - INFO - [지표] ADX=nan, Bull=nan, Bear=nan
2026-01-18 11:54:16,534 - INFO - [상태] 포지션 없음, 자본금: $5364.14
2026-01-18 11:54:16,535 - INFO - [지표] ADX=nan, Bull=nan, Bear=nan
2026-01-18 11:59:16,536 - INFO - [상태] 포지션 없음, 자본금: $5364.14
2026-01-18 11:59:16,536 - INFO - [지표] ADX=nan, Bull=nan, Bear=nan
2026-01-18 12:00:00,414 - INFO - [EMA] 증분계산: prev=95087.97, close=94989.0, new=95080.36
2026-01-18 12:00:00,423 - INFO - 15m | 02:45 | O:94920.7 H:94998.8 L:94920.6 C:94989.0
2026-01-18 12:00:00,423 - INFO - 지표: ADX=28.9, ATR=100.9, Bull=False, Bear=True
2026-01-18 12:04:16,538 - INFO - [상태] 포지션 없음, 자본금: $5364.14
2026-01-18 12:04:16,538 - INFO - [지표] ADX=nan, Bull=nan, Bear=nan
2026-01-18 12:09:16,539 - INFO - [상태] 포지션 없음, 자본금: $5364.14
2026-01-18 12:09:16,539 - INFO - [지표] ADX=nan, Bull=nan, Bear=nan
2026-01-18 12:14:16,540 - INFO - [상태] 포지션 없음, 자본금: $5364.14
2026-01-18 12:14:16,540 - INFO - [지표] ADX=nan, Bull=nan, Bear=nan
2026-01-18 12:15:00,327 - INFO - [EMA] 증분계산: prev=95080.36, close=95021.0, new=95075.79
2026-01-18 12:15:00,336 - INFO - 15m | 03:00 | O:94989.1 H:95033.8 L:94981.2 C:95021.0
2026-01-18 12:15:00,336 - INFO - 지표: ADX=29.3, ATR=96.0, Bull=False, Bear=True
2026-01-18 12:19:16,542 - INFO - [상태] 포지션 없음, 자본금: $5364.14
2026-01-18 12:19:16,542 - INFO - [지표] ADX=nan, Bull=nan, Bear=nan
2026-01-18 12:24:16,543 - INFO - [상태] 포지션 없음, 자본금: $5364.14
2026-01-18 12:24:16,544 - INFO - [지표] ADX=nan, Bull=nan, Bear=nan
2026-01-18 12:29:16,545 - INFO - [상태] 포지션 없음, 자본금: $5364.14
2026-01-18 12:29:16,545 - INFO - [지표] ADX=nan, Bull=nan, Bear=nan
2026-01-18 12:30:00,147 - INFO - [EMA] 증분계산: prev=95075.79, close=95093.6, new=95077.16
2026-01-18 12:30:00,154 - INFO - 15m | 03:15 | O:95021.0 H:95101.0 L:94993.8 C:95093.6
2026-01-18 12:30:00,154 - INFO - 지표: ADX=28.9, ATR=97.2, Bull=False, Bear=True
2026-01-18 12:34:16,546 - INFO - [상태] 포지션 없음, 자본금: $5364.14
2026-01-18 12:34:16,547 - INFO - [지표] ADX=nan, Bull=nan, Bear=nan
2026-01-18 12:39:16,547 - INFO - [상태] 포지션 없음, 자본금: $5364.14
2026-01-18 12:39:16,547 - INFO - [지표] ADX=nan, Bull=nan, Bear=nan
2026-01-18 12:44:16,548 - INFO - [상태] 포지션 없음, 자본금: $5364.14
2026-01-18 12:44:16,549 - INFO - [지표] ADX=nan, Bull=nan, Bear=nan
2026-01-18 12:45:00,085 - INFO - [EMA] 증분계산: prev=95077.16, close=95121.1, new=95080.54
2026-01-18 12:45:00,094 - INFO - 15m | 03:30 | O:95093.6 H:95150.2 L:95093.6 C:95121.1
2026-01-18 12:45:00,094 - INFO - 지표: ADX=27.9, ATR=93.1, Bull=False, Bear=True
2026-01-18 12:49:16,550 - INFO - [상태] 포지션 없음, 자본금: $5364.14
2026-01-18 12:49:16,550 - INFO - [지표] ADX=nan, Bull=nan, Bear=nan
2026-01-18 12:54:16,551 - INFO - [상태] 포지션 없음, 자본금: $5364.14
2026-01-18 12:54:16,552 - INFO - [지표] ADX=nan, Bull=nan, Bear=nan
2026-01-18 12:59:16,552 - INFO - [상태] 포지션 없음, 자본금: $5364.14
2026-01-18 12:59:16,553 - INFO - [지표] ADX=nan, Bull=nan, Bear=nan
2026-01-18 13:00:00,147 - INFO - [EMA] 증분계산: prev=95080.54, close=95155.0, new=95086.27
2026-01-18 13:00:00,157 - INFO - 15m | 03:45 | O:95121.0 H:95175.0 L:95112.6 C:95155.0
2026-01-18 13:00:00,157 - INFO - 지표: ADX=26.7, ATR=90.0, Bull=False, Bear=True
2026-01-18 13:04:16,555 - INFO - [상태] 포지션 없음, 자본금: $5364.14
2026-01-18 13:04:16,556 - INFO - [지표] ADX=nan, Bull=nan, Bear=nan
2026-01-18 13:09:16,557 - INFO - [상태] 포지션 없음, 자본금: $5364.14
2026-01-18 13:09:16,558 - INFO - [지표] ADX=nan, Bull=nan, Bear=nan
2026-01-18 13:14:16,559 - INFO - [상태] 포지션 없음, 자본금: $5364.14
2026-01-18 13:14:16,559 - INFO - [지표] ADX=nan, Bull=nan, Bear=nan
2026-01-18 13:15:00,817 - INFO - [EMA] 증분계산: prev=95086.27, close=95122.3, new=95089.04
2026-01-18 13:15:00,826 - INFO - 15m | 04:00 | O:95155.0 H:95155.0 L:95072.7 C:95122.3
2026-01-18 13:15:00,826 - INFO - 지표: ADX=25.9, ATR=89.3, Bull=False, Bear=True
2026-01-18 13:19:16,561 - INFO - [상태] 포지션 없음, 자본금: $5364.14
2026-01-18 13:19:16,561 - INFO - [지표] ADX=nan, Bull=nan, Bear=nan
2026-01-18 13:24:16,562 - INFO - [상태] 포지션 없음, 자본금: $5364.14
2026-01-18 13:24:16,563 - INFO - [지표] ADX=nan, Bull=nan, Bear=nan
2026-01-18 13:29:16,564 - INFO - [상태] 포지션 없음, 자본금: $5364.14
2026-01-18 13:29:16,564 - INFO - [지표] ADX=nan, Bull=nan, Bear=nan
2026-01-18 13:30:00,528 - INFO - [EMA] 증분계산: prev=95089.04, close=95070.0, new=95087.58
2026-01-18 13:30:00,535 - INFO - 15m | 04:15 | O:95122.2 H:95122.3 L:95060.2 C:95070.0
2026-01-18 13:30:00,535 - INFO - 지표: ADX=25.3, ATR=86.5, Bull=False, Bear=True
2026-01-18 13:34:16,565 - INFO - [상태] 포지션 없음, 자본금: $5364.14
2026-01-18 13:34:16,566 - INFO - [지표] ADX=nan, Bull=nan, Bear=nan
2026-01-18 13:39:16,566 - INFO - [상태] 포지션 없음, 자본금: $5364.14
2026-01-18 13:39:16,567 - INFO - [지표] ADX=nan, Bull=nan, Bear=nan
2026-01-18 13:44:16,568 - INFO - [상태] 포지션 없음, 자본금: $5364.14
2026-01-18 13:44:16,568 - INFO - [지표] ADX=nan, Bull=nan, Bear=nan
2026-01-18 13:45:00,104 - INFO - [EMA] 증분계산: prev=95087.58, close=95080.0, new=95086.99
2026-01-18 13:45:00,111 - INFO - 15m | 04:30 | O:95070.0 H:95091.4 L:95035.1 C:95080.0
2026-01-18 13:45:00,111 - INFO - 지표: ADX=25.0, ATR=83.5, Bull=False, Bear=True
2026-01-18 13:49:16,570 - INFO - [상태] 포지션 없음, 자본금: $5364.14
2026-01-18 13:49:16,570 - INFO - [지표] ADX=nan, Bull=nan, Bear=nan
2026-01-18 13:54:16,573 - INFO - [상태] 포지션 없음, 자본금: $5364.14
2026-01-18 13:54:16,574 - INFO - [지표] ADX=nan, Bull=nan, Bear=nan
2026-01-18 13:59:16,575 - INFO - [상태] 포지션 없음, 자본금: $5364.14
2026-01-18 13:59:16,575 - INFO - [지표] ADX=nan, Bull=nan, Bear=nan
2026-01-18 14:00:00,296 - INFO - [EMA] 증분계산: prev=95086.99, close=95057.4, new=95084.72
2026-01-18 14:00:00,306 - INFO - 15m | 04:45 | O:95080.0 H:95080.1 L:95050.0 C:95057.4
2026-01-18 14:00:00,306 - INFO - 지표: ADX=24.7, ATR=78.2, Bull=False, Bear=True
2026-01-18 14:04:16,577 - INFO - [상태] 포지션 없음, 자본금: $5364.14
2026-01-18 14:04:16,577 - INFO - [지표] ADX=nan, Bull=nan, Bear=nan
2026-01-18 14:09:16,578 - INFO - [상태] 포지션 없음, 자본금: $5364.14
2026-01-18 14:09:16,579 - INFO - [지표] ADX=nan, Bull=nan, Bear=nan
2026-01-18 14:14:16,580 - INFO - [상태] 포지션 없음, 자본금: $5364.14
2026-01-18 14:14:16,580 - INFO - [지표] ADX=nan, Bull=nan, Bear=nan
2026-01-18 14:15:00,624 - INFO - [EMA] 증분계산: prev=95084.72, close=95070.1, new=95083.59
2026-01-18 14:15:00,630 - INFO - 15m | 05:00 | O:95057.4 H:95070.1 L:95008.9 C:95070.1
2026-01-18 14:15:00,630 - INFO - 지표: ADX=24.8, ATR=76.5, Bull=False, Bear=True
2026-01-18 14:19:16,581 - INFO - [상태] 포지션 없음, 자본금: $5364.14
2026-01-18 14:19:16,582 - INFO - [지표] ADX=nan, Bull=nan, Bear=nan
2026-01-18 14:24:16,583 - INFO - [상태] 포지션 없음, 자본금: $5364.14
2026-01-18 14:24:16,584 - INFO - [지표] ADX=nan, Bull=nan, Bear=nan
2026-01-18 14:29:16,585 - INFO - [상태] 포지션 없음, 자본금: $5364.14
2026-01-18 14:29:16,585 - INFO - [지표] ADX=nan, Bull=nan, Bear=nan
2026-01-18 14:30:00,066 - INFO - [EMA] 증분계산: prev=95083.59, close=95099.6, new=95084.82
2026-01-18 14:30:00,073 - INFO - 15m | 05:15 | O:95070.1 H:95110.1 L:95029.8 C:95099.6
2026-01-18 14:30:00,073 - INFO - 지표: ADX=24.3, ATR=76.9, Bull=False, Bear=True
2026-01-18 14:34:16,586 - INFO - [상태] 포지션 없음, 자본금: $5364.14
2026-01-18 14:34:16,586 - INFO - [지표] ADX=nan, Bull=nan, Bear=nan
2026-01-18 14:39:16,588 - INFO - [상태] 포지션 없음, 자본금: $5364.14
2026-01-18 14:39:16,588 - INFO - [지표] ADX=nan, Bull=nan, Bear=nan
2026-01-18 14:44:16,589 - INFO - [상태] 포지션 없음, 자본금: $5364.14
2026-01-18 14:44:16,589 - INFO - [지표] ADX=nan, Bull=nan, Bear=nan
2026-01-18 14:45:00,093 - INFO - [EMA] 증분계산: prev=95084.82, close=95150.0, new=95089.84
2026-01-18 14:45:00,103 - INFO - 15m | 05:30 | O:95099.6 H:95150.0 L:95016.3 C:95150.0
2026-01-18 14:45:00,103 - INFO - 지표: ADX=23.2, ATR=82.5, Bull=False, Bear=True
2026-01-18 14:49:16,590 - INFO - [상태] 포지션 없음, 자본금: $5364.14
2026-01-18 14:49:16,591 - INFO - [지표] ADX=nan, Bull=nan, Bear=nan
2026-01-18 14:54:16,593 - INFO - [상태] 포지션 없음, 자본금: $5364.14
2026-01-18 14:54:16,593 - INFO - [지표] ADX=nan, Bull=nan, Bear=nan
2026-01-18 14:59:16,594 - INFO - [상태] 포지션 없음, 자본금: $5364.14
2026-01-18 14:59:16,594 - INFO - [지표] ADX=nan, Bull=nan, Bear=nan
2026-01-18 15:00:00,101 - INFO - [EMA] 증분계산: prev=95089.84, close=95154.5, new=95094.81
2026-01-18 15:00:00,111 - INFO - 15m | 05:45 | O:95150.0 H:95236.5 L:95111.6 C:95154.5
2026-01-18 15:00:00,111 - INFO - 지표: ADX=21.9, ATR=86.8, Bull=False, Bear=True
2026-01-18 15:04:16,597 - INFO - [상태] 포지션 없음, 자본금: $5364.14
2026-01-18 15:04:16,597 - INFO - [지표] ADX=nan, Bull=nan, Bear=nan
2026-01-18 15:09:16,598 - INFO - [상태] 포지션 없음, 자본금: $5364.14
2026-01-18 15:09:16,599 - INFO - [지표] ADX=nan, Bull=nan, Bear=nan
2026-01-18 15:14:16,600 - INFO - [상태] 포지션 없음, 자본금: $5364.14
2026-01-18 15:14:16,600 - INFO - [지표] ADX=nan, Bull=nan, Bear=nan
2026-01-18 15:15:00,060 - INFO - [EMA] 증분계산: prev=95094.81, close=95141.4, new=95098.40
2026-01-18 15:15:00,067 - INFO - 15m | 06:00 | O:95154.6 H:95169.6 L:95123.3 C:95141.4
2026-01-18 15:15:00,067 - INFO - 지표: ADX=20.7, ATR=82.7, Bull=False, Bear=True
2026-01-18 15:19:16,602 - INFO - [상태] 포지션 없음, 자본금: $5364.14
2026-01-18 15:19:16,602 - INFO - [지표] ADX=nan, Bull=nan, Bear=nan
2026-01-18 15:24:16,603 - INFO - [상태] 포지션 없음, 자본금: $5364.14
2026-01-18 15:24:16,604 - INFO - [지표] ADX=nan, Bull=nan, Bear=nan
2026-01-18 15:29:16,605 - INFO - [상태] 포지션 없음, 자본금: $5364.14
2026-01-18 15:29:16,606 - INFO - [지표] ADX=nan, Bull=nan, Bear=nan
2026-01-18 15:30:00,054 - INFO - [EMA] 증분계산: prev=95098.40, close=95163.1, new=95103.37
2026-01-18 15:30:00,064 - INFO - 15m | 06:15 | O:95141.4 H:95163.1 L:95110.0 C:95163.1
2026-01-18 15:30:00,064 - INFO - 지표: ADX=19.5, ATR=79.8, Bull=False, Bear=True
2026-01-18 15:34:16,609 - INFO - [상태] 포지션 없음, 자본금: $5364.14
2026-01-18 15:34:16,609 - INFO - [지표] ADX=nan, Bull=nan, Bear=nan
2026-01-18 15:39:16,610 - INFO - [상태] 포지션 없음, 자본금: $5364.14
2026-01-18 15:39:16,611 - INFO - [지표] ADX=nan, Bull=nan, Bear=nan
2026-01-18 15:44:16,612 - INFO - [상태] 포지션 없음, 자본금: $5364.14
2026-01-18 15:44:16,612 - INFO - [지표] ADX=nan, Bull=nan, Bear=nan
2026-01-18 15:45:00,121 - INFO - [EMA] 증분계산: prev=95103.37, close=95151.5, new=95107.08
2026-01-18 15:45:00,130 - INFO - 15m | 06:30 | O:95163.1 H:95177.5 L:95117.3 C:95151.5
2026-01-18 15:45:00,130 - INFO - 지표: ADX=18.5, ATR=77.8, Bull=False, Bear=True
2026-01-18 15:49:16,615 - INFO - [상태] 포지션 없음, 자본금: $5364.14
2026-01-18 15:49:16,615 - INFO - [지표] ADX=nan, Bull=nan, Bear=nan
2026-01-18 15:54:16,618 - INFO - [상태] 포지션 없음, 자본금: $5364.14
2026-01-18 15:54:16,618 - INFO - [지표] ADX=nan, Bull=nan, Bear=nan
2026-01-18 15:59:16,619 - INFO - [상태] 포지션 없음, 자본금: $5364.14
2026-01-18 15:59:16,619 - INFO - [지표] ADX=nan, Bull=nan, Bear=nan
2026-01-18 16:00:00,481 - INFO - [EMA] 증분계산: prev=95107.08, close=95142.1, new=95109.77
2026-01-18 16:00:00,488 - INFO - 15m | 06:45 | O:95151.5 H:95152.3 L:95111.4 C:95142.1
2026-01-18 16:00:00,488 - INFO - 지표: ADX=17.5, ATR=74.1, Bull=False, Bear=True
2026-01-18 16:04:16,621 - INFO - [상태] 포지션 없음, 자본금: $5364.14
2026-01-18 16:04:16,621 - INFO - [지표] ADX=nan, Bull=nan, Bear=nan
2026-01-18 16:09:16,622 - INFO - [상태] 포지션 없음, 자본금: $5364.14
2026-01-18 16:09:16,622 - INFO - [지표] ADX=nan, Bull=nan, Bear=nan
2026-01-18 16:14:16,624 - INFO - [상태] 포지션 없음, 자본금: $5364.14
2026-01-18 16:14:16,624 - INFO - [지표] ADX=nan, Bull=nan, Bear=nan
2026-01-18 16:15:00,110 - INFO - [EMA] 증분계산: prev=95109.77, close=95045.1, new=95104.79
2026-01-18 16:15:00,119 - INFO - 15m | 07:00 | O:95142.1 H:95152.2 L:95044.3 C:95045.1
2026-01-18 16:15:00,119 - INFO - 지표: ADX=16.8, ATR=77.5, Bull=False, Bear=True
2026-01-18 16:19:16,625 - INFO - [상태] 포지션 없음, 자본금: $5364.14
2026-01-18 16:19:16,625 - INFO - [지표] ADX=nan, Bull=nan, Bear=nan
2026-01-18 16:24:16,627 - INFO - [상태] 포지션 없음, 자본금: $5364.14
2026-01-18 16:24:16,627 - INFO - [지표] ADX=nan, Bull=nan, Bear=nan
2026-01-18 16:29:16,630 - INFO - [상태] 포지션 없음, 자본금: $5364.14
2026-01-18 16:29:16,630 - INFO - [지표] ADX=nan, Bull=nan, Bear=nan
2026-01-18 16:30:00,115 - INFO - [EMA] 증분계산: prev=95104.79, close=95072.9, new=95102.34
2026-01-18 16:30:00,121 - INFO - 15m | 07:15 | O:95045.0 H:95073.0 L:95019.2 C:95072.9
2026-01-18 16:30:00,121 - INFO - 지표: ADX=16.6, ATR=75.1, Bull=False, Bear=True
2026-01-18 16:34:16,632 - INFO - [상태] 포지션 없음, 자본금: $5364.14
2026-01-18 16:34:16,633 - INFO - [지표] ADX=nan, Bull=nan, Bear=nan
2026-01-18 16:39:16,635 - INFO - [상태] 포지션 없음, 자본금: $5364.14
2026-01-18 16:39:16,635 - INFO - [지표] ADX=nan, Bull=nan, Bear=nan
2026-01-18 16:44:16,637 - INFO - [상태] 포지션 없음, 자본금: $5364.14
2026-01-18 16:44:16,637 - INFO - [지표] ADX=nan, Bull=nan, Bear=nan
2026-01-18 16:45:00,256 - INFO - [EMA] 증분계산: prev=95102.34, close=94998.8, new=95094.38
2026-01-18 16:45:00,262 - INFO - 15m | 07:30 | O:95073.0 H:95073.0 L:94980.0 C:94998.8
2026-01-18 16:45:00,263 - INFO - 지표: ADX=16.8, ATR=76.9, Bull=False, Bear=True
2026-01-18 16:49:16,639 - INFO - [상태] 포지션 없음, 자본금: $5364.14
2026-01-18 16:49:16,639 - INFO - [지표] ADX=nan, Bull=nan, Bear=nan
2026-01-18 16:54:16,640 - INFO - [상태] 포지션 없음, 자본금: $5364.14
2026-01-18 16:54:16,640 - INFO - [지표] ADX=nan, Bull=nan, Bear=nan
2026-01-18 16:59:16,641 - INFO - [상태] 포지션 없음, 자본금: $5364.14
2026-01-18 16:59:16,641 - INFO - [지표] ADX=nan, Bull=nan, Bear=nan
2026-01-18 17:00:00,181 - INFO - [EMA] 증분계산: prev=95094.38, close=94989.9, new=95086.34
2026-01-18 17:00:00,190 - INFO - 15m | 07:45 | O:94998.9 H:95050.6 L:94989.9 C:94989.9
2026-01-18 17:00:00,191 - INFO - 지표: ADX=17.0, ATR=75.3, Bull=False, Bear=True
2026-01-18 17:04:16,642 - INFO - [상태] 포지션 없음, 자본금: $5364.14
2026-01-18 17:04:16,642 - INFO - [지표] ADX=nan, Bull=nan, Bear=nan
2026-01-18 17:09:16,643 - INFO - [상태] 포지션 없음, 자본금: $5364.14
2026-01-18 17:09:16,643 - INFO - [지표] ADX=nan, Bull=nan, Bear=nan
2026-01-18 17:14:16,646 - INFO - [상태] 포지션 없음, 자본금: $5364.14
2026-01-18 17:14:16,647 - INFO - [지표] ADX=nan, Bull=nan, Bear=nan
2026-01-18 17:15:00,274 - INFO - [EMA] 증분계산: prev=95086.34, close=95009.2, new=95080.41
2026-01-18 17:15:00,281 - INFO - 15m | 08:00 | O:94989.9 H:95032.5 L:94980.0 C:95009.2
2026-01-18 17:15:00,281 - INFO - 지표: ADX=17.4, ATR=73.0, Bull=False, Bear=True
2026-01-18 17:19:16,647 - INFO - [상태] 포지션 없음, 자본금: $5364.14
2026-01-18 17:19:16,648 - INFO - [지표] ADX=nan, Bull=nan, Bear=nan
2026-01-18 17:24:16,648 - INFO - [상태] 포지션 없음, 자본금: $5364.14
2026-01-18 17:24:16,649 - INFO - [지표] ADX=nan, Bull=nan, Bear=nan
2026-01-18 17:29:16,650 - INFO - [상태] 포지션 없음, 자본금: $5364.14
2026-01-18 17:29:16,650 - INFO - [지표] ADX=nan, Bull=nan, Bear=nan
2026-01-18 17:30:00,064 - INFO - [EMA] 증분계산: prev=95080.41, close=95075.7, new=95080.04
2026-01-18 17:30:00,071 - INFO - 15m | 08:15 | O:95009.2 H:95077.0 L:94999.6 C:95075.7
2026-01-18 17:30:00,071 - INFO - 지표: ADX=16.8, ATR=73.5, Bull=False, Bear=True
2026-01-18 17:34:16,651 - INFO - [상태] 포지션 없음, 자본금: $5364.14
2026-01-18 17:34:16,652 - INFO - [지표] ADX=nan, Bull=nan, Bear=nan
2026-01-18 17:39:16,690 - INFO - [상태] 포지션 없음, 자본금: $5364.14
2026-01-18 17:39:16,690 - INFO - [지표] ADX=nan, Bull=nan, Bear=nan
2026-01-18 17:44:16,692 - INFO - [상태] 포지션 없음, 자본금: $5364.14
2026-01-18 17:44:16,692 - INFO - [지표] ADX=nan, Bull=nan, Bear=nan
2026-01-18 17:45:00,096 - INFO - [EMA] 증분계산: prev=95080.04, close=95127.0, new=95083.66
2026-01-18 17:45:00,103 - INFO - 15m | 08:30 | O:95075.7 H:95165.5 L:95069.7 C:95127.0
2026-01-18 17:45:00,103 - INFO - 지표: ADX=16.2, ATR=75.7, Bull=False, Bear=True
2026-01-18 17:49:16,693 - INFO - [상태] 포지션 없음, 자본금: $5364.14
2026-01-18 17:49:16,694 - INFO - [지표] ADX=nan, Bull=nan, Bear=nan
2026-01-18 17:54:16,695 - INFO - [상태] 포지션 없음, 자본금: $5364.14
2026-01-18 17:54:16,696 - INFO - [지표] ADX=nan, Bull=nan, Bear=nan
2026-01-18 17:59:16,697 - INFO - [상태] 포지션 없음, 자본금: $5364.14
2026-01-18 17:59:16,697 - INFO - [지표] ADX=nan, Bull=nan, Bear=nan
2026-01-18 18:00:00,080 - INFO - [EMA] 증분계산: prev=95083.66, close=95150.0, new=95088.76
2026-01-18 18:00:00,087 - INFO - 15m | 08:45 | O:95127.0 H:95156.2 L:95114.3 C:95150.0
2026-01-18 18:00:00,087 - INFO - 지표: ADX=15.7, ATR=72.3, Bull=False, Bear=True
2026-01-18 18:04:16,698 - INFO - [상태] 포지션 없음, 자본금: $5364.14
2026-01-18 18:04:16,698 - INFO - [지표] ADX=nan, Bull=nan, Bear=nan
2026-01-18 18:09:16,700 - INFO - [상태] 포지션 없음, 자본금: $5364.14
2026-01-18 18:09:16,700 - INFO - [지표] ADX=nan, Bull=nan, Bear=nan
2026-01-18 18:14:16,701 - INFO - [상태] 포지션 없음, 자본금: $5364.14
2026-01-18 18:14:16,701 - INFO - [지표] ADX=nan, Bull=nan, Bear=nan
2026-01-18 18:15:00,055 - INFO - [EMA] 증분계산: prev=95088.76, close=95153.6, new=95093.75
2026-01-18 18:15:00,064 - INFO - 15m | 09:00 | O:95150.0 H:95156.0 L:95116.0 C:95153.6
2026-01-18 18:15:00,064 - INFO - 지표: ADX=15.2, ATR=69.1, Bull=False, Bear=True
2026-01-18 18:19:16,703 - INFO - [상태] 포지션 없음, 자본금: $5364.14
2026-01-18 18:19:16,703 - INFO - [지표] ADX=nan, Bull=nan, Bear=nan
2026-01-18 18:24:16,704 - INFO - [상태] 포지션 없음, 자본금: $5364.14
2026-01-18 18:24:16,704 - INFO - [지표] ADX=nan, Bull=nan, Bear=nan
2026-01-18 18:29:16,705 - INFO - [상태] 포지션 없음, 자본금: $5364.14
2026-01-18 18:29:16,706 - INFO - [지표] ADX=nan, Bull=nan, Bear=nan
2026-01-18 18:30:00,141 - INFO - [EMA] 증분계산: prev=95093.75, close=95139.9, new=95097.30
2026-01-18 18:30:00,148 - INFO - 15m | 09:15 | O:95153.7 H:95200.0 L:95132.7 C:95139.9
2026-01-18 18:30:00,148 - INFO - 지표: ADX=15.3, ATR=68.9, Bull=False, Bear=True
2026-01-18 18:34:16,707 - INFO - [상태] 포지션 없음, 자본금: $5364.14
2026-01-18 18:34:16,707 - INFO - [지표] ADX=nan, Bull=nan, Bear=nan
2026-01-18 18:39:16,708 - INFO - [상태] 포지션 없음, 자본금: $5364.14
2026-01-18 18:39:16,709 - INFO - [지표] ADX=nan, Bull=nan, Bear=nan
2026-01-18 18:44:16,710 - INFO - [상태] 포지션 없음, 자본금: $5364.14
2026-01-18 18:44:16,710 - INFO - [지표] ADX=nan, Bull=nan, Bear=nan
2026-01-18 18:45:01,071 - INFO - [EMA] 증분계산: prev=95097.30, close=95203.6, new=95105.47
2026-01-18 18:45:01,078 - INFO - 15m | 09:30 | O:95139.9 H:95235.1 L:95139.9 C:95203.6
2026-01-18 18:45:01,078 - INFO - 지표: ADX=15.9, ATR=71.5, Bull=False, Bear=True
2026-01-18 18:49:16,711 - INFO - [상태] 포지션 없음, 자본금: $5364.14
2026-01-18 18:49:16,711 - INFO - [지표] ADX=nan, Bull=nan, Bear=nan
2026-01-18 18:54:16,713 - INFO - [상태] 포지션 없음, 자본금: $5364.14
2026-01-18 18:54:16,714 - INFO - [지표] ADX=nan, Bull=nan, Bear=nan
2026-01-18 18:59:16,714 - INFO - [상태] 포지션 없음, 자본금: $5364.14
2026-01-18 18:59:16,715 - INFO - [지표] ADX=nan, Bull=nan, Bear=nan
2026-01-18 19:00:00,085 - INFO - [EMA] 증분계산: prev=95105.47, close=95233.3, new=95115.31
2026-01-18 19:00:00,095 - INFO - 15m | 09:45 | O:95203.6 H:95252.4 L:95203.6 C:95233.3
2026-01-18 19:00:00,095 - INFO - 지표: ADX=16.6, ATR=69.3, Bull=False, Bear=True
2026-01-18 19:04:16,715 - INFO - [상태] 포지션 없음, 자본금: $5364.14
2026-01-18 19:04:16,716 - INFO - [지표] ADX=nan, Bull=nan, Bear=nan
2026-01-18 19:09:16,717 - INFO - [상태] 포지션 없음, 자본금: $5364.14
2026-01-18 19:09:16,717 - INFO - [지표] ADX=nan, Bull=nan, Bear=nan
2026-01-18 19:14:16,719 - INFO - [상태] 포지션 없음, 자본금: $5364.14
2026-01-18 19:14:16,719 - INFO - [지표] ADX=nan, Bull=nan, Bear=nan
2026-01-18 19:15:00,117 - INFO - [EMA] 증분계산: prev=95115.31, close=95101.7, new=95114.26
2026-01-18 19:15:00,126 - INFO - 15m | 10:00 | O:95233.4 H:95257.4 L:95043.9 C:95101.7
2026-01-18 19:15:00,126 - INFO - 지표: ADX=16.0, ATR=83.7, Bull=False, Bear=True
2026-01-18 19:19:16,722 - INFO - [상태] 포지션 없음, 자본금: $5364.14
2026-01-18 19:19:16,722 - INFO - [지표] ADX=nan, Bull=nan, Bear=nan
2026-01-18 19:24:16,724 - INFO - [상태] 포지션 없음, 자본금: $5364.14
2026-01-18 19:24:16,725 - INFO - [지표] ADX=nan, Bull=nan, Bear=nan
2026-01-18 19:29:16,726 - INFO - [상태] 포지션 없음, 자본금: $5364.14
2026-01-18 19:29:16,726 - INFO - [지표] ADX=nan, Bull=nan, Bear=nan
2026-01-18 19:30:03,038 - INFO - [EMA] 증분계산: prev=95114.26, close=95096.7, new=95112.91
2026-01-18 19:30:03,045 - INFO - 15m | 10:15 | O:95101.8 H:95113.9 L:95072.1 C:95096.7
2026-01-18 19:30:03,045 - INFO - 지표: ADX=15.5, ATR=79.5, Bull=False, Bear=True
2026-01-18 19:34:16,728 - INFO - [상태] 포지션 없음, 자본금: $5364.14
2026-01-18 19:34:16,728 - INFO - [지표] ADX=nan, Bull=nan, Bear=nan
2026-01-18 19:39:16,730 - INFO - [상태] 포지션 없음, 자본금: $5364.14
2026-01-18 19:39:16,731 - INFO - [지표] ADX=nan, Bull=nan, Bear=nan
2026-01-18 19:44:16,732 - INFO - [상태] 포지션 없음, 자본금: $5364.14
2026-01-18 19:44:16,732 - INFO - [지표] ADX=nan, Bull=nan, Bear=nan
2026-01-18 19:45:00,718 - INFO - [EMA] 증분계산: prev=95112.91, close=95136.0, new=95114.69
2026-01-18 19:45:00,728 - INFO - 15m | 10:30 | O:95096.6 H:95142.2 L:95079.9 C:95136.0
2026-01-18 19:45:00,728 - INFO - 지표: ADX=14.6, ATR=77.8, Bull=False, Bear=True
2026-01-18 19:49:16,733 - INFO - [상태] 포지션 없음, 자본금: $5364.14
2026-01-18 19:49:16,734 - INFO - [지표] ADX=nan, Bull=nan, Bear=nan
2026-01-18 19:54:16,734 - INFO - [상태] 포지션 없음, 자본금: $5364.14
2026-01-18 19:54:16,735 - INFO - [지표] ADX=nan, Bull=nan, Bear=nan
2026-01-18 19:59:16,736 - INFO - [상태] 포지션 없음, 자본금: $5364.14
2026-01-18 19:59:16,737 - INFO - [지표] ADX=nan, Bull=nan, Bear=nan
2026-01-18 20:00:01,235 - INFO - [EMA] 증분계산: prev=95114.69, close=95139.9, new=95116.63
2026-01-18 20:00:01,242 - INFO - 15m | 10:45 | O:95136.0 H:95152.5 L:95113.6 C:95139.9
2026-01-18 20:00:01,242 - INFO - 지표: ADX=13.6, ATR=73.9, Bull=False, Bear=True
2026-01-18 20:04:16,737 - INFO - [상태] 포지션 없음, 자본금: $5364.14
2026-01-18 20:04:16,738 - INFO - [지표] ADX=nan, Bull=nan, Bear=nan
2026-01-18 20:09:16,740 - INFO - [상태] 포지션 없음, 자본금: $5364.14
2026-01-18 20:09:16,740 - INFO - [지표] ADX=nan, Bull=nan, Bear=nan
2026-01-18 20:14:16,741 - INFO - [상태] 포지션 없음, 자본금: $5364.14
2026-01-18 20:14:16,741 - INFO - [지표] ADX=nan, Bull=nan, Bear=nan
2026-01-18 20:15:00,092 - INFO - [EMA] 증분계산: prev=95116.63, close=95092.0, new=95114.73
2026-01-18 20:15:00,098 - INFO - 15m | 11:00 | O:95139.9 H:95140.0 L:95065.9 C:95092.0
2026-01-18 20:15:00,098 - INFO - 지표: ADX=13.3, ATR=73.9, Bull=False, Bear=True
2026-01-18 20:19:16,742 - INFO - [상태] 포지션 없음, 자본금: $5364.14
2026-01-18 20:19:16,743 - INFO - [지표] ADX=nan, Bull=nan, Bear=nan
2026-01-18 20:24:16,743 - INFO - [상태] 포지션 없음, 자본금: $5364.14
2026-01-18 20:24:16,744 - INFO - [지표] ADX=nan, Bull=nan, Bear=nan
2026-01-18 20:29:16,745 - INFO - [상태] 포지션 없음, 자본금: $5364.14
2026-01-18 20:29:16,745 - INFO - [지표] ADX=nan, Bull=nan, Bear=nan
2026-01-18 20:30:00,880 - INFO - [EMA] 증분계산: prev=95114.73, close=95072.0, new=95111.44
2026-01-18 20:30:00,887 - INFO - 15m | 11:15 | O:95092.0 H:95095.9 L:95058.3 C:95072.0
2026-01-18 20:30:00,887 - INFO - 지표: ADX=13.2, ATR=70.3, Bull=False, Bear=True
2026-01-18 20:34:16,746 - INFO - [상태] 포지션 없음, 자본금: $5364.14
2026-01-18 20:34:16,746 - INFO - [지표] ADX=nan, Bull=nan, Bear=nan
2026-01-18 20:39:16,747 - INFO - [상태] 포지션 없음, 자본금: $5364.14
2026-01-18 20:39:16,748 - INFO - [지표] ADX=nan, Bull=nan, Bear=nan
2026-01-18 20:44:16,749 - INFO - [상태] 포지션 없음, 자본금: $5364.14
2026-01-18 20:44:16,750 - INFO - [지표] ADX=nan, Bull=nan, Bear=nan
2026-01-18 20:45:00,099 - INFO - [EMA] 증분계산: prev=95111.44, close=95085.7, new=95109.46
2026-01-18 20:45:00,109 - INFO - 15m | 11:30 | O:95071.9 H:95117.1 L:95034.5 C:95085.7
2026-01-18 20:45:00,109 - INFO - 지표: ADX=13.4, ATR=71.5, Bull=False, Bear=True
2026-01-18 20:49:16,752 - INFO - [상태] 포지션 없음, 자본금: $5364.14
2026-01-18 20:49:16,752 - INFO - [지표] ADX=nan, Bull=nan, Bear=nan
2026-01-18 20:54:16,753 - INFO - [상태] 포지션 없음, 자본금: $5364.14
2026-01-18 20:54:16,754 - INFO - [지표] ADX=nan, Bull=nan, Bear=nan
2026-01-18 20:59:16,754 - INFO - [상태] 포지션 없음, 자본금: $5364.14
2026-01-18 20:59:16,754 - INFO - [지표] ADX=nan, Bull=nan, Bear=nan
2026-01-18 21:00:00,052 - INFO - [EMA] 증분계산: prev=95109.46, close=95133.4, new=95111.31
2026-01-18 21:00:00,058 - INFO - 15m | 11:45 | O:95085.6 H:95145.9 L:95069.8 C:95133.4
2026-01-18 21:00:00,058 - INFO - 지표: ADX=13.0, ATR=72.0, Bull=False, Bear=True
2026-01-18 21:04:16,756 - INFO - [상태] 포지션 없음, 자본금: $5364.14
2026-01-18 21:04:16,756 - INFO - [지표] ADX=nan, Bull=nan, Bear=nan
2026-01-18 21:09:16,758 - INFO - [상태] 포지션 없음, 자본금: $5364.14
2026-01-18 21:09:16,759 - INFO - [지표] ADX=nan, Bull=nan, Bear=nan
2026-01-18 21:14:16,760 - INFO - [상태] 포지션 없음, 자본금: $5364.14
2026-01-18 21:14:16,760 - INFO - [지표] ADX=nan, Bull=nan, Bear=nan
2026-01-18 21:15:00,267 - INFO - [EMA] 증분계산: prev=95111.31, close=95081.1, new=95108.98
2026-01-18 21:15:00,274 - INFO - 15m | 12:00 | O:95133.3 H:95145.9 L:95081.0 C:95081.1
2026-01-18 21:15:00,274 - INFO - 지표: ADX=12.7, ATR=71.3, Bull=False, Bear=True
2026-01-18 21:19:16,761 - INFO - [상태] 포지션 없음, 자본금: $5364.14
2026-01-18 21:19:16,762 - INFO - [지표] ADX=nan, Bull=nan, Bear=nan
2026-01-18 21:24:16,764 - INFO - [상태] 포지션 없음, 자본금: $5364.14
2026-01-18 21:24:16,764 - INFO - [지표] ADX=nan, Bull=nan, Bear=nan
2026-01-18 21:29:16,765 - INFO - [상태] 포지션 없음, 자본금: $5364.14
2026-01-18 21:29:16,765 - INFO - [지표] ADX=nan, Bull=nan, Bear=nan
2026-01-18 21:30:00,509 - INFO - [EMA] 증분계산: prev=95108.98, close=95109.0, new=95108.98
2026-01-18 21:30:00,518 - INFO - 15m | 12:15 | O:95081.0 H:95109.2 L:95063.3 C:95109.0
2026-01-18 21:30:00,518 - INFO - 지표: ADX=12.7, ATR=68.7, Bull=False, Bear=True
2026-01-18 21:34:16,766 - INFO - [상태] 포지션 없음, 자본금: $5364.14
2026-01-18 21:34:16,767 - INFO - [지표] ADX=nan, Bull=nan, Bear=nan
2026-01-18 21:39:16,768 - INFO - [상태] 포지션 없음, 자본금: $5364.14
2026-01-18 21:39:16,769 - INFO - [지표] ADX=nan, Bull=nan, Bear=nan
2026-01-18 21:44:16,770 - INFO - [상태] 포지션 없음, 자본금: $5364.14
2026-01-18 21:44:16,770 - INFO - [지표] ADX=nan, Bull=nan, Bear=nan
2026-01-18 21:45:01,409 - INFO - [EMA] 증분계산: prev=95108.98, close=95131.4, new=95110.71
2026-01-18 21:45:01,419 - INFO - 15m | 12:30 | O:95108.9 H:95134.8 L:95083.5 C:95131.4
2026-01-18 21:45:01,419 - INFO - 지표: ADX=12.2, ATR=67.0, Bull=False, Bear=True
2026-01-18 21:49:16,772 - INFO - [상태] 포지션 없음, 자본금: $5364.14
2026-01-18 21:49:16,772 - INFO - [지표] ADX=nan, Bull=nan, Bear=nan
2026-01-18 21:54:16,773 - INFO - [상태] 포지션 없음, 자본금: $5364.14
2026-01-18 21:54:16,773 - INFO - [지표] ADX=nan, Bull=nan, Bear=nan
2026-01-18 21:59:16,774 - INFO - [상태] 포지션 없음, 자본금: $5364.14
2026-01-18 21:59:16,774 - INFO - [지표] ADX=nan, Bull=nan, Bear=nan
2026-01-18 22:00:00,155 - INFO - [EMA] 증분계산: prev=95110.71, close=95071.4, new=95107.68
2026-01-18 22:00:00,162 - INFO - 15m | 12:45 | O:95131.3 H:95131.4 L:95044.0 C:95071.4
2026-01-18 22:00:00,162 - INFO - 지표: ADX=12.4, ATR=69.0, Bull=False, Bear=True
2026-01-18 22:04:16,774 - INFO - [상태] 포지션 없음, 자본금: $5364.14
2026-01-18 22:04:16,775 - INFO - [지표] ADX=nan, Bull=nan, Bear=nan
2026-01-18 22:09:16,777 - INFO - [상태] 포지션 없음, 자본금: $5364.14
2026-01-18 22:09:16,778 - INFO - [지표] ADX=nan, Bull=nan, Bear=nan
2026-01-18 22:14:16,779 - INFO - [상태] 포지션 없음, 자본금: $5364.14
2026-01-18 22:14:16,779 - INFO - [지표] ADX=nan, Bull=nan, Bear=nan
2026-01-18 22:15:00,664 - INFO - [EMA] 증분계산: prev=95107.68, close=95000.0, new=95099.40
2026-01-18 22:15:00,671 - INFO - 15m | 13:00 | O:95071.5 H:95076.8 L:94951.9 C:95000.0
2026-01-18 22:15:00,671 - INFO - 지표: ADX=13.7, ATR=74.6, Bull=False, Bear=True
2026-01-18 22:19:16,780 - INFO - [상태] 포지션 없음, 자본금: $5364.14
2026-01-18 22:19:16,781 - INFO - [지표] ADX=nan, Bull=nan, Bear=nan
2026-01-18 22:24:16,782 - INFO - [상태] 포지션 없음, 자본금: $5364.14
2026-01-18 22:24:16,782 - INFO - [지표] ADX=nan, Bull=nan, Bear=nan
2026-01-18 22:29:16,784 - INFO - [상태] 포지션 없음, 자본금: $5364.14
2026-01-18 22:29:16,784 - INFO - [지표] ADX=nan, Bull=nan, Bear=nan
2026-01-18 22:30:00,147 - INFO - [EMA] 증분계산: prev=95099.40, close=94924.7, new=95085.96
2026-01-18 22:30:00,157 - INFO - 15m | 13:15 | O:94999.9 H:95009.0 L:94850.4 C:94924.7
2026-01-18 22:30:00,157 - INFO - 지표: ADX=15.8, ATR=83.0, Bull=False, Bear=True
2026-01-18 22:34:16,785 - INFO - [상태] 포지션 없음, 자본금: $5364.14
2026-01-18 22:34:16,786 - INFO - [지표] ADX=nan, Bull=nan, Bear=nan
2026-01-18 22:39:16,788 - INFO - [상태] 포지션 없음, 자본금: $5364.14
2026-01-18 22:39:16,788 - INFO - [지표] ADX=nan, Bull=nan, Bear=nan
2026-01-18 22:44:16,789 - INFO - [상태] 포지션 없음, 자본금: $5364.14
2026-01-18 22:44:16,790 - INFO - [지표] ADX=nan, Bull=nan, Bear=nan
2026-01-18 22:45:00,529 - INFO - [EMA] 증분계산: prev=95085.96, close=95118.6, new=95088.47
2026-01-18 22:45:00,538 - INFO - 15m | 13:30 | O:94924.7 H:95158.0 L:94903.5 C:95118.6
2026-01-18 22:45:00,538 - INFO - 지표: ADX=15.4, ATR=100.2, Bull=False, Bear=True
2026-01-18 22:49:16,790 - INFO - [상태] 포지션 없음, 자본금: $5364.14
2026-01-18 22:49:16,791 - INFO - [지표] ADX=nan, Bull=nan, Bear=nan
2026-01-18 22:54:16,792 - INFO - [상태] 포지션 없음, 자본금: $5364.14
2026-01-18 22:54:16,793 - INFO - [지표] ADX=nan, Bull=nan, Bear=nan
2026-01-18 22:59:16,793 - INFO - [상태] 포지션 없음, 자본금: $5364.14
2026-01-18 22:59:16,794 - INFO - [지표] ADX=nan, Bull=nan, Bear=nan
2026-01-18 23:00:00,112 - INFO - [EMA] 증분계산: prev=95088.47, close=95104.9, new=95089.74
2026-01-18 23:00:00,119 - INFO - 15m | 13:45 | O:95118.6 H:95168.4 L:95100.0 C:95104.9
2026-01-18 23:00:00,119 - INFO - 지표: ADX=15.0, ATR=97.0, Bull=False, Bear=True
2026-01-18 23:04:16,794 - INFO - [상태] 포지션 없음, 자본금: $5364.14
2026-01-18 23:04:16,794 - INFO - [지표] ADX=nan, Bull=nan, Bear=nan
2026-01-18 23:09:16,795 - INFO - [상태] 포지션 없음, 자본금: $5364.14
2026-01-18 23:09:16,795 - INFO - [지표] ADX=nan, Bull=nan, Bear=nan
2026-01-18 23:14:16,797 - INFO - [상태] 포지션 없음, 자본금: $5364.14
2026-01-18 23:14:16,797 - INFO - [지표] ADX=nan, Bull=nan, Bear=nan
2026-01-18 23:15:00,192 - INFO - [EMA] 증분계산: prev=95089.74, close=95196.6, new=95097.96
2026-01-18 23:15:00,199 - INFO - 15m | 14:00 | O:95105.0 H:95199.0 L:95100.0 C:95196.6
2026-01-18 23:15:00,199 - INFO - 지표: ADX=14.2, ATR=97.2, Bull=False, Bear=True
2026-01-18 23:19:16,798 - INFO - [상태] 포지션 없음, 자본금: $5364.14
2026-01-18 23:19:16,798 - INFO - [지표] ADX=nan, Bull=nan, Bear=nan
2026-01-18 23:24:16,799 - INFO - [상태] 포지션 없음, 자본금: $5364.14
2026-01-18 23:24:16,799 - INFO - [지표] ADX=nan, Bull=nan, Bear=nan
2026-01-18 23:29:16,800 - INFO - [상태] 포지션 없음, 자본금: $5364.14
2026-01-18 23:29:16,801 - INFO - [지표] ADX=nan, Bull=nan, Bear=nan
2026-01-18 23:30:00,076 - INFO - [EMA] 증분계산: prev=95097.96, close=95132.6, new=95100.62
2026-01-18 23:30:00,083 - INFO - 15m | 14:15 | O:95196.5 H:95326.4 L:95102.0 C:95132.6
2026-01-18 23:30:00,083 - INFO - 지표: ADX=14.3, ATR=109.9, Bull=False, Bear=True
2026-01-18 23:34:16,803 - INFO - [상태] 포지션 없음, 자본금: $5364.14
2026-01-18 23:34:16,803 - INFO - [지표] ADX=nan, Bull=nan, Bear=nan
2026-01-18 23:39:16,805 - INFO - [상태] 포지션 없음, 자본금: $5364.14
2026-01-18 23:39:16,805 - INFO - [지표] ADX=nan, Bull=nan, Bear=nan
2026-01-18 23:44:16,806 - INFO - [상태] 포지션 없음, 자본금: $5364.14
2026-01-18 23:44:16,807 - INFO - [지표] ADX=nan, Bull=nan, Bear=nan
2026-01-18 23:45:00,162 - INFO - [EMA] 증분계산: prev=95100.62, close=95100.0, new=95100.57
2026-01-18 23:45:00,168 - INFO - 15m | 14:30 | O:95132.5 H:95217.5 L:95100.0 C:95100.0
2026-01-18 23:45:00,168 - INFO - 지표: ADX=14.3, ATR=110.7, Bull=False, Bear=True
2026-01-18 23:49:16,808 - INFO - [상태] 포지션 없음, 자본금: $5364.14
2026-01-18 23:49:16,809 - INFO - [지표] ADX=nan, Bull=nan, Bear=nan
2026-01-18 23:54:16,809 - INFO - [상태] 포지션 없음, 자본금: $5364.14
2026-01-18 23:54:16,810 - INFO - [지표] ADX=nan, Bull=nan, Bear=nan
2026-01-18 23:59:16,811 - INFO - [상태] 포지션 없음, 자본금: $5364.14
2026-01-18 23:59:16,811 - INFO - [지표] ADX=nan, Bull=nan, Bear=nan
2026-01-19 00:00:00,095 - INFO - [EMA] 증분계산: prev=95100.57, close=94917.8, new=95086.51
2026-01-19 00:00:00,104 - INFO - 15m | 14:45 | O:95100.1 H:95100.1 L:94890.0 C:94917.8
2026-01-19 00:00:00,104 - INFO - 지표: ADX=14.3, ATR=120.6, Bull=False, Bear=True
2026-01-19 00:04:16,812 - INFO - [상태] 포지션 없음, 자본금: $5364.14
2026-01-19 00:04:16,813 - INFO - [지표] ADX=nan, Bull=nan, Bear=nan
2026-01-19 00:09:16,814 - INFO - [상태] 포지션 없음, 자본금: $5364.14
2026-01-19 00:09:16,815 - INFO - [지표] ADX=nan, Bull=nan, Bear=nan
2026-01-19 00:14:16,816 - INFO - [상태] 포지션 없음, 자본금: $5364.14
2026-01-19 00:14:16,817 - INFO - [지표] ADX=nan, Bull=nan, Bear=nan
2026-01-19 00:15:00,410 - INFO - [EMA] 증분계산: prev=95086.51, close=94973.4, new=95077.81
2026-01-19 00:15:00,419 - INFO - 15m | 15:00 | O:94917.9 H:94987.1 L:94872.9 C:94973.4
2026-01-19 00:15:00,419 - INFO - 지표: ADX=14.5, ATR=120.0, Bull=False, Bear=True
2026-01-19 00:19:16,817 - INFO - [상태] 포지션 없음, 자본금: $5364.14
2026-01-19 00:19:16,818 - INFO - [지표] ADX=nan, Bull=nan, Bear=nan
2026-01-19 00:24:16,820 - INFO - [상태] 포지션 없음, 자본금: $5364.14
2026-01-19 00:24:16,820 - INFO - [지표] ADX=nan, Bull=nan, Bear=nan
2026-01-19 00:29:16,821 - INFO - [상태] 포지션 없음, 자본금: $5364.14
2026-01-19 00:29:16,821 - INFO - [지표] ADX=nan, Bull=nan, Bear=nan
2026-01-19 00:30:00,406 - INFO - [EMA] 증분계산: prev=95077.81, close=95016.7, new=95073.11
2026-01-19 00:30:00,415 - INFO - 15m | 15:15 | O:94973.4 H:95022.4 L:94953.1 C:95016.7
2026-01-19 00:30:00,415 - INFO - 지표: ADX=14.3, ATR=114.9, Bull=False, Bear=True
2026-01-19 00:34:16,823 - INFO - [상태] 포지션 없음, 자본금: $5364.14
2026-01-19 00:34:16,823 - INFO - [지표] ADX=nan, Bull=nan, Bear=nan
2026-01-19 00:39:16,824 - INFO - [상태] 포지션 없음, 자본금: $5364.14
2026-01-19 00:39:16,824 - INFO - [지표] ADX=nan, Bull=nan, Bear=nan
2026-01-19 00:44:16,826 - INFO - [상태] 포지션 없음, 자본금: $5364.14
2026-01-19 00:44:16,827 - INFO - [지표] ADX=nan, Bull=nan, Bear=nan
2026-01-19 00:45:00,034 - INFO - [EMA] 증분계산: prev=95073.11, close=94993.3, new=95066.97
2026-01-19 00:45:00,041 - INFO - 15m | 15:30 | O:95016.6 H:95076.0 L:94983.6 C:94993.3
2026-01-19 00:45:00,041 - INFO - 지표: ADX=13.5, ATR=112.7, Bull=False, Bear=True
2026-01-19 00:49:16,829 - INFO - [상태] 포지션 없음, 자본금: $5364.14
2026-01-19 00:49:16,829 - INFO - [지표] ADX=nan, Bull=nan, Bear=nan
2026-01-19 00:54:16,831 - INFO - [상태] 포지션 없음, 자본금: $5364.14
2026-01-19 00:54:16,831 - INFO - [지표] ADX=nan, Bull=nan, Bear=nan
2026-01-19 00:59:16,832 - INFO - [상태] 포지션 없음, 자본금: $5364.14
2026-01-19 00:59:16,832 - INFO - [지표] ADX=nan, Bull=nan, Bear=nan
2026-01-19 01:00:00,048 - INFO - [EMA] 증분계산: prev=95066.97, close=95067.8, new=95067.04
2026-01-19 01:00:00,054 - INFO - 15m | 15:45 | O:94993.3 H:95076.5 L:94989.9 C:95067.8
2026-01-19 01:00:00,054 - INFO - 지표: ADX=12.8, ATR=110.0, Bull=False, Bear=True
2026-01-19 01:04:16,834 - INFO - [상태] 포지션 없음, 자본금: $5364.14
2026-01-19 01:04:16,834 - INFO - [지표] ADX=nan, Bull=nan, Bear=nan
2026-01-19 01:09:16,835 - INFO - [상태] 포지션 없음, 자본금: $5364.14
2026-01-19 01:09:16,836 - INFO - [지표] ADX=nan, Bull=nan, Bear=nan
2026-01-19 01:14:16,838 - INFO - [상태] 포지션 없음, 자본금: $5364.14
2026-01-19 01:14:16,839 - INFO - [지표] ADX=nan, Bull=nan, Bear=nan
2026-01-19 01:15:00,116 - INFO - [EMA] 증분계산: prev=95067.04, close=95110.0, new=95070.34
2026-01-19 01:15:00,123 - INFO - 15m | 16:00 | O:95067.7 H:95159.9 L:95024.6 C:95110.0
2026-01-19 01:15:00,123 - INFO - 지표: ADX=12.5, ATR=112.6, Bull=False, Bear=True
2026-01-19 01:19:16,841 - INFO - [상태] 포지션 없음, 자본금: $5364.14
2026-01-19 01:19:16,841 - INFO - [지표] ADX=nan, Bull=nan, Bear=nan
2026-01-19 01:24:16,842 - INFO - [상태] 포지션 없음, 자본금: $5364.14
2026-01-19 01:24:16,842 - INFO - [지표] ADX=nan, Bull=nan, Bear=nan
2026-01-19 01:29:16,844 - INFO - [상태] 포지션 없음, 자본금: $5364.14
2026-01-19 01:29:16,845 - INFO - [지표] ADX=nan, Bull=nan, Bear=nan
2026-01-19 01:30:00,155 - INFO - [EMA] 증분계산: prev=95070.34, close=95058.0, new=95069.39
2026-01-19 01:30:00,162 - INFO - 15m | 16:15 | O:95109.9 H:95140.8 L:95037.0 C:95058.0
2026-01-19 01:30:00,162 - INFO - 지표: ADX=12.2, ATR=111.7, Bull=False, Bear=True
2026-01-19 01:34:16,848 - INFO - [상태] 포지션 없음, 자본금: $5364.14
2026-01-19 01:34:16,848 - INFO - [지표] ADX=nan, Bull=nan, Bear=nan
2026-01-19 01:39:16,850 - INFO - [상태] 포지션 없음, 자본금: $5364.14
2026-01-19 01:39:16,851 - INFO - [지표] ADX=nan, Bull=nan, Bear=nan
2026-01-19 01:44:16,853 - INFO - [상태] 포지션 없음, 자본금: $5364.14
2026-01-19 01:44:16,853 - INFO - [지표] ADX=nan, Bull=nan, Bear=nan
2026-01-19 01:45:00,134 - INFO - [EMA] 증분계산: prev=95069.39, close=95134.8, new=95074.42
2026-01-19 01:45:00,144 - INFO - 15m | 16:30 | O:95057.9 H:95147.9 L:95033.3 C:95134.8
2026-01-19 01:45:00,144 - INFO - 지표: ADX=12.0, ATR=112.0, Bull=False, Bear=True
2026-01-19 01:49:16,854 - INFO - [상태] 포지션 없음, 자본금: $5364.14
2026-01-19 01:49:16,855 - INFO - [지표] ADX=nan, Bull=nan, Bear=nan
2026-01-19 01:54:16,856 - INFO - [상태] 포지션 없음, 자본금: $5364.14
2026-01-19 01:54:16,856 - INFO - [지표] ADX=nan, Bull=nan, Bear=nan
2026-01-19 01:59:16,858 - INFO - [상태] 포지션 없음, 자본금: $5364.14
2026-01-19 01:59:16,859 - INFO - [지표] ADX=nan, Bull=nan, Bear=nan
2026-01-19 02:00:00,386 - INFO - [EMA] 증분계산: prev=95074.42, close=95123.6, new=95078.21
2026-01-19 02:00:00,393 - INFO - 15m | 16:45 | O:95134.8 H:95145.0 L:95080.0 C:95123.6
2026-01-19 02:00:00,393 - INFO - 지표: ADX=11.8, ATR=107.3, Bull=False, Bear=True
2026-01-19 02:04:16,860 - INFO - [상태] 포지션 없음, 자본금: $5364.14
2026-01-19 02:04:16,860 - INFO - [지표] ADX=nan, Bull=nan, Bear=nan
2026-01-19 02:09:16,861 - INFO - [상태] 포지션 없음, 자본금: $5364.14
2026-01-19 02:09:16,862 - INFO - [지표] ADX=nan, Bull=nan, Bear=nan
2026-01-19 02:14:16,864 - INFO - [상태] 포지션 없음, 자본금: $5364.14
2026-01-19 02:14:16,864 - INFO - [지표] ADX=nan, Bull=nan, Bear=nan
2026-01-19 02:15:00,056 - INFO - [EMA] 증분계산: prev=95078.21, close=95100.8, new=95079.94
2026-01-19 02:15:00,065 - INFO - 15m | 17:00 | O:95123.6 H:95190.9 L:95083.0 C:95100.8
2026-01-19 02:15:00,065 - INFO - 지표: ADX=12.2, ATR=107.3, Bull=False, Bear=True
2026-01-19 02:19:16,865 - INFO - [상태] 포지션 없음, 자본금: $5364.14
2026-01-19 02:19:16,865 - INFO - [지표] ADX=nan, Bull=nan, Bear=nan
2026-01-19 02:24:16,867 - INFO - [상태] 포지션 없음, 자본금: $5364.14
2026-01-19 02:24:16,867 - INFO - [지표] ADX=nan, Bull=nan, Bear=nan
2026-01-19 02:29:16,869 - INFO - [상태] 포지션 없음, 자본금: $5364.14
2026-01-19 02:29:16,869 - INFO - [지표] ADX=nan, Bull=nan, Bear=nan
2026-01-19 02:30:00,245 - INFO - [EMA] 증분계산: prev=95079.94, close=95224.0, new=95091.03
2026-01-19 02:30:00,252 - INFO - 15m | 17:15 | O:95100.8 H:95243.7 L:95100.8 C:95224.0
2026-01-19 02:30:00,252 - INFO - 지표: ADX=13.0, ATR=110.9, Bull=False, Bear=False
2026-01-19 02:34:16,870 - INFO - [상태] 포지션 없음, 자본금: $5364.14
2026-01-19 02:34:16,870 - INFO - [지표] ADX=nan, Bull=nan, Bear=nan
2026-01-19 02:39:16,871 - INFO - [상태] 포지션 없음, 자본금: $5364.14
2026-01-19 02:39:16,872 - INFO - [지표] ADX=nan, Bull=nan, Bear=nan
2026-01-19 02:44:16,873 - INFO - [상태] 포지션 없음, 자본금: $5364.14
2026-01-19 02:44:16,873 - INFO - [지표] ADX=nan, Bull=nan, Bear=nan
2026-01-19 02:45:00,848 - INFO - [EMA] 증분계산: prev=95091.03, close=95158.1, new=95096.18
2026-01-19 02:45:00,857 - INFO - 15m | 17:30 | O:95224.1 H:95244.0 L:95152.2 C:95158.1
2026-01-19 02:45:00,857 - INFO - 지표: ADX=13.8, ATR=109.0, Bull=False, Bear=True
2026-01-19 02:49:16,874 - INFO - [상태] 포지션 없음, 자본금: $5364.14
2026-01-19 02:49:16,875 - INFO - [지표] ADX=nan, Bull=nan, Bear=nan
2026-01-19 02:54:16,879 - INFO - [상태] 포지션 없음, 자본금: $5364.14
2026-01-19 02:54:16,879 - INFO - [지표] ADX=nan, Bull=nan, Bear=nan
2026-01-19 02:59:16,881 - INFO - [상태] 포지션 없음, 자본금: $5364.14
2026-01-19 02:59:16,881 - INFO - [지표] ADX=nan, Bull=nan, Bear=nan
2026-01-19 03:00:02,180 - INFO - [EMA] 증분계산: prev=95096.18, close=95231.2, new=95106.57
2026-01-19 03:00:02,186 - INFO - 15m | 17:45 | O:95158.2 H:95239.0 L:95158.1 C:95231.2
2026-01-19 03:00:02,186 - INFO - 지표: ADX=14.5, ATR=106.2, Bull=False, Bear=False
2026-01-19 03:04:16,882 - INFO - [상태] 포지션 없음, 자본금: $5364.14
2026-01-19 03:04:16,883 - INFO - [지표] ADX=nan, Bull=nan, Bear=nan
2026-01-19 03:09:16,886 - INFO - [상태] 포지션 없음, 자본금: $5364.14
2026-01-19 03:09:16,886 - INFO - [지표] ADX=nan, Bull=nan, Bear=nan
2026-01-19 03:14:16,887 - INFO - [상태] 포지션 없음, 자본금: $5364.14
2026-01-19 03:14:16,887 - INFO - [지표] ADX=nan, Bull=nan, Bear=nan
2026-01-19 03:15:00,911 - INFO - [EMA] 증분계산: prev=95106.57, close=95188.7, new=95112.89
2026-01-19 03:15:00,918 - INFO - 15m | 18:00 | O:95231.1 H:95236.0 L:95136.4 C:95188.7
2026-01-19 03:15:00,918 - INFO - 지표: ADX=14.8, ATR=105.5, Bull=False, Bear=True
2026-01-19 03:19:16,889 - INFO - [상태] 포지션 없음, 자본금: $5364.14
2026-01-19 03:19:16,889 - INFO - [지표] ADX=nan, Bull=nan, Bear=nan
2026-01-19 03:24:16,889 - INFO - [상태] 포지션 없음, 자본금: $5364.14
2026-01-19 03:24:16,890 - INFO - [지표] ADX=nan, Bull=nan, Bear=nan
2026-01-19 03:29:16,890 - INFO - [상태] 포지션 없음, 자본금: $5364.14
2026-01-19 03:29:16,891 - INFO - [지표] ADX=nan, Bull=nan, Bear=nan
2026-01-19 03:30:00,243 - INFO - [EMA] 증분계산: prev=95112.89, close=95327.8, new=95129.42
2026-01-19 03:30:00,249 - INFO - 15m | 18:15 | O:95188.8 H:95375.9 L:95136.4 C:95327.8
2026-01-19 03:30:00,249 - INFO - 지표: ADX=16.4, ATR=118.9, Bull=False, Bear=False
2026-01-19 03:34:16,893 - INFO - [상태] 포지션 없음, 자본금: $5364.14
2026-01-19 03:34:16,893 - INFO - [지표] ADX=nan, Bull=nan, Bear=nan
2026-01-19 03:39:16,895 - INFO - [상태] 포지션 없음, 자본금: $5364.14
2026-01-19 03:39:16,896 - INFO - [지표] ADX=nan, Bull=nan, Bear=nan
2026-01-19 03:44:16,897 - INFO - [상태] 포지션 없음, 자본금: $5364.14
2026-01-19 03:44:16,898 - INFO - [지표] ADX=nan, Bull=nan, Bear=nan
2026-01-19 03:45:01,566 - INFO - [EMA] 증분계산: prev=95129.42, close=95294.2, new=95142.10
2026-01-19 03:45:01,576 - INFO - 15m | 18:30 | O:95327.9 H:95398.5 L:95252.5 C:95294.2
2026-01-19 03:45:01,576 - INFO - 지표: ADX=18.0, ATR=121.6, Bull=False, Bear=False
2026-01-19 03:49:16,898 - INFO - [상태] 포지션 없음, 자본금: $5364.14
2026-01-19 03:49:16,899 - INFO - [지표] ADX=nan, Bull=nan, Bear=nan
2026-01-19 03:54:16,900 - INFO - [상태] 포지션 없음, 자본금: $5364.14
2026-01-19 03:54:16,900 - INFO - [지표] ADX=nan, Bull=nan, Bear=nan
2026-01-19 03:59:16,901 - INFO - [상태] 포지션 없음, 자본금: $5364.14
2026-01-19 03:59:16,902 - INFO - [지표] ADX=nan, Bull=nan, Bear=nan
2026-01-19 04:00:00,213 - INFO - [EMA] 증분계산: prev=95142.10, close=95396.2, new=95161.64
2026-01-19 04:00:00,222 - INFO - 15m | 18:45 | O:95294.2 H:95481.8 L:95294.1 C:95396.2
2026-01-19 04:00:00,222 - INFO - 지표: ADX=20.1, ATR=128.2, Bull=False, Bear=False
2026-01-19 04:04:16,903 - INFO - [상태] 포지션 없음, 자본금: $5364.14
2026-01-19 04:04:16,903 - INFO - [지표] ADX=nan, Bull=nan, Bear=nan
2026-01-19 04:09:16,905 - INFO - [상태] 포지션 없음, 자본금: $5364.14
2026-01-19 04:09:16,905 - INFO - [지표] ADX=nan, Bull=nan, Bear=nan
2026-01-19 04:14:16,906 - INFO - [상태] 포지션 없음, 자본금: $5364.14
2026-01-19 04:14:16,906 - INFO - [지표] ADX=nan, Bull=nan, Bear=nan
2026-01-19 04:15:00,142 - INFO - [EMA] 증분계산: prev=95161.64, close=95377.0, new=95178.21
2026-01-19 04:15:00,151 - INFO - 15m | 19:00 | O:95396.3 H:95485.9 L:95377.0 C:95377.0
2026-01-19 04:15:00,151 - INFO - 지표: ADX=22.1, ATR=126.3, Bull=False, Bear=False
2026-01-19 04:19:16,908 - INFO - [상태] 포지션 없음, 자본금: $5364.14
2026-01-19 04:19:16,908 - INFO - [지표] ADX=nan, Bull=nan, Bear=nan
2026-01-19 04:24:16,910 - INFO - [상태] 포지션 없음, 자본금: $5364.14
2026-01-19 04:24:16,910 - INFO - [지표] ADX=nan, Bull=nan, Bear=nan
2026-01-19 04:29:16,911 - INFO - [상태] 포지션 없음, 자본금: $5364.14
2026-01-19 04:29:16,911 - INFO - [지표] ADX=nan, Bull=nan, Bear=nan
2026-01-19 04:30:00,452 - INFO - [EMA] 증분계산: prev=95178.21, close=95400.0, new=95195.27
2026-01-19 04:30:00,461 - INFO - 15m | 19:15 | O:95377.0 H:95450.2 L:95320.5 C:95400.0
2026-01-19 04:30:00,461 - INFO - 지표: ADX=23.0, ATR=126.6, Bull=False, Bear=False
2026-01-19 04:34:16,912 - INFO - [상태] 포지션 없음, 자본금: $5364.14
2026-01-19 04:34:16,913 - INFO - [지표] ADX=nan, Bull=nan, Bear=nan
2026-01-19 04:39:16,914 - INFO - [상태] 포지션 없음, 자본금: $5364.14
2026-01-19 04:39:16,914 - INFO - [지표] ADX=nan, Bull=nan, Bear=nan
2026-01-19 04:44:16,916 - INFO - [상태] 포지션 없음, 자본금: $5364.14
2026-01-19 04:44:16,917 - INFO - [지표] ADX=nan, Bull=nan, Bear=nan
2026-01-19 04:45:00,342 - INFO - [EMA] 증분계산: prev=95195.27, close=95359.7, new=95207.92
2026-01-19 04:45:00,351 - INFO - 15m | 19:30 | O:95400.1 H:95460.8 L:95359.7 C:95359.7
2026-01-19 04:45:00,351 - INFO - 지표: ADX=23.9, ATR=124.1, Bull=False, Bear=False
2026-01-19 04:49:16,938 - INFO - [상태] 포지션 없음, 자본금: $5364.14
2026-01-19 04:49:16,938 - INFO - [지표] ADX=nan, Bull=nan, Bear=nan
2026-01-19 04:54:16,939 - INFO - [상태] 포지션 없음, 자본금: $5364.14
2026-01-19 04:54:16,940 - INFO - [지표] ADX=nan, Bull=nan, Bear=nan
2026-01-19 04:59:16,941 - INFO - [상태] 포지션 없음, 자본금: $5364.14
2026-01-19 04:59:16,942 - INFO - [지표] ADX=nan, Bull=nan, Bear=nan
2026-01-19 05:00:01,161 - INFO - [EMA] 증분계산: prev=95207.92, close=95335.6, new=95217.74
2026-01-19 05:00:01,170 - INFO - 15m | 19:45 | O:95359.7 H:95359.8 L:95281.0 C:95335.6
2026-01-19 05:00:01,170 - INFO - 지표: ADX=23.4, ATR=119.6, Bull=False, Bear=False
2026-01-19 05:04:16,943 - INFO - [상태] 포지션 없음, 자본금: $5364.14
2026-01-19 05:04:16,943 - INFO - [지표] ADX=nan, Bull=nan, Bear=nan
2026-01-19 05:09:16,945 - INFO - [상태] 포지션 없음, 자본금: $5364.14
2026-01-19 05:09:16,946 - INFO - [지표] ADX=nan, Bull=nan, Bear=nan
2026-01-19 05:14:16,947 - INFO - [상태] 포지션 없음, 자본금: $5364.14
2026-01-19 05:14:16,947 - INFO - [지표] ADX=nan, Bull=nan, Bear=nan
2026-01-19 05:15:00,409 - INFO - [EMA] 증분계산: prev=95217.74, close=95255.5, new=95220.64
2026-01-19 05:15:00,416 - INFO - 15m | 20:00 | O:95335.6 H:95343.0 L:95245.0 C:95255.5
2026-01-19 05:15:00,416 - INFO - 지표: ADX=22.5, ATR=117.4, Bull=False, Bear=False
2026-01-19 05:19:16,948 - INFO - [상태] 포지션 없음, 자본금: $5364.14
2026-01-19 05:19:16,949 - INFO - [지표] ADX=nan, Bull=nan, Bear=nan
2026-01-19 05:24:16,950 - INFO - [상태] 포지션 없음, 자본금: $5364.14
2026-01-19 05:24:16,951 - INFO - [지표] ADX=nan, Bull=nan, Bear=nan
2026-01-19 05:29:16,952 - INFO - [상태] 포지션 없음, 자본금: $5364.14
2026-01-19 05:29:16,952 - INFO - [지표] ADX=nan, Bull=nan, Bear=nan
2026-01-19 05:30:00,358 - INFO - [EMA] 증분계산: prev=95220.64, close=95403.1, new=95234.68
2026-01-19 05:30:00,368 - INFO - 15m | 20:15 | O:95255.5 H:95403.2 L:95255.5 C:95403.1
2026-01-19 05:30:00,368 - INFO - 지표: ADX=22.3, ATR=120.4, Bull=False, Bear=False
2026-01-19 05:34:16,953 - INFO - [상태] 포지션 없음, 자본금: $5364.14
2026-01-19 05:34:16,954 - INFO - [지표] ADX=nan, Bull=nan, Bear=nan
2026-01-19 05:39:16,955 - INFO - [상태] 포지션 없음, 자본금: $5364.14
2026-01-19 05:39:16,956 - INFO - [지표] ADX=nan, Bull=nan, Bear=nan
2026-01-19 05:44:16,957 - INFO - [상태] 포지션 없음, 자본금: $5364.14
2026-01-19 05:44:16,957 - INFO - [지표] ADX=nan, Bull=nan, Bear=nan
2026-01-19 05:45:01,360 - INFO - [EMA] 증분계산: prev=95234.68, close=95297.7, new=95239.53
2026-01-19 05:45:01,369 - INFO - 15m | 20:30 | O:95403.1 H:95403.2 L:95240.9 C:95297.7
2026-01-19 05:45:01,370 - INFO - 지표: ADX=21.9, ATR=124.6, Bull=False, Bear=False
2026-01-19 05:49:16,958 - INFO - [상태] 포지션 없음, 자본금: $5364.14
2026-01-19 05:49:16,959 - INFO - [지표] ADX=nan, Bull=nan, Bear=nan
2026-01-19 05:54:16,960 - INFO - [상태] 포지션 없음, 자본금: $5364.14
2026-01-19 05:54:16,960 - INFO - [지표] ADX=nan, Bull=nan, Bear=nan
2026-01-19 05:59:16,961 - INFO - [상태] 포지션 없음, 자본금: $5364.14
2026-01-19 05:59:16,962 - INFO - [지표] ADX=nan, Bull=nan, Bear=nan
2026-01-19 06:00:00,429 - INFO - [EMA] 증분계산: prev=95239.53, close=95259.3, new=95241.05
2026-01-19 06:00:00,436 - INFO - 15m | 20:45 | O:95297.7 H:95323.2 L:95253.0 C:95259.3
2026-01-19 06:00:00,436 - INFO - 지표: ADX=21.5, ATR=119.2, Bull=False, Bear=False
2026-01-19 06:04:16,963 - INFO - [상태] 포지션 없음, 자본금: $5364.14
2026-01-19 06:04:16,964 - INFO - [지표] ADX=nan, Bull=nan, Bear=nan
2026-01-19 06:09:16,965 - INFO - [상태] 포지션 없음, 자본금: $5364.14
2026-01-19 06:09:16,965 - INFO - [지표] ADX=nan, Bull=nan, Bear=nan
2026-01-19 06:14:16,968 - INFO - [상태] 포지션 없음, 자본금: $5364.14
2026-01-19 06:14:16,969 - INFO - [지표] ADX=nan, Bull=nan, Bear=nan
2026-01-19 06:15:00,627 - INFO - [EMA] 증분계산: prev=95241.05, close=95308.1, new=95246.21
2026-01-19 06:15:00,636 - INFO - 15m | 21:00 | O:95259.4 H:95323.1 L:95240.3 C:95308.1
2026-01-19 06:15:00,636 - INFO - 지표: ADX=21.0, ATR=115.5, Bull=False, Bear=False
2026-01-19 06:19:16,971 - INFO - [상태] 포지션 없음, 자본금: $5364.14
2026-01-19 06:19:16,971 - INFO - [지표] ADX=nan, Bull=nan, Bear=nan
2026-01-19 06:24:16,972 - INFO - [상태] 포지션 없음, 자본금: $5364.14
2026-01-19 06:24:16,973 - INFO - [지표] ADX=nan, Bull=nan, Bear=nan
2026-01-19 06:29:16,975 - INFO - [상태] 포지션 없음, 자본금: $5364.14
2026-01-19 06:29:16,975 - INFO - [지표] ADX=nan, Bull=nan, Bear=nan
2026-01-19 06:30:00,517 - INFO - [EMA] 증분계산: prev=95246.21, close=95265.5, new=95247.69
2026-01-19 06:30:00,524 - INFO - 15m | 21:15 | O:95308.1 H:95309.6 L:95250.6 C:95265.5
2026-01-19 06:30:00,524 - INFO - 지표: ADX=20.4, ATR=109.9, Bull=False, Bear=False
2026-01-19 06:34:16,975 - INFO - [상태] 포지션 없음, 자본금: $5364.14
2026-01-19 06:34:16,976 - INFO - [지표] ADX=nan, Bull=nan, Bear=nan
2026-01-19 06:39:16,978 - INFO - [상태] 포지션 없음, 자본금: $5364.14
2026-01-19 06:39:16,978 - INFO - [지표] ADX=nan, Bull=nan, Bear=nan
2026-01-19 06:44:16,980 - INFO - [상태] 포지션 없음, 자본금: $5364.14
2026-01-19 06:44:16,980 - INFO - [지표] ADX=nan, Bull=nan, Bear=nan
2026-01-19 06:45:00,137 - INFO - [EMA] 증분계산: prev=95247.69, close=95360.0, new=95256.33
2026-01-19 06:45:00,147 - INFO - 15m | 21:30 | O:95265.5 H:95360.0 L:95265.5 C:95360.0
2026-01-19 06:45:00,147 - INFO - 지표: ADX=20.6, ATR=108.3, Bull=False, Bear=False
2026-01-19 06:49:16,982 - INFO - [상태] 포지션 없음, 자본금: $5364.14
2026-01-19 06:49:16,983 - INFO - [지표] ADX=nan, Bull=nan, Bear=nan
2026-01-19 06:54:16,984 - INFO - [상태] 포지션 없음, 자본금: $5364.14
2026-01-19 06:54:16,985 - INFO - [지표] ADX=nan, Bull=nan, Bear=nan
2026-01-19 06:59:16,987 - INFO - [상태] 포지션 없음, 자본금: $5364.14
2026-01-19 06:59:16,987 - INFO - [지표] ADX=nan, Bull=nan, Bear=nan
2026-01-19 07:00:00,433 - INFO - [EMA] 증분계산: prev=95256.33, close=95386.4, new=95266.33
2026-01-19 07:00:00,442 - INFO - 15m | 21:45 | O:95360.0 H:95393.9 L:95336.9 C:95386.4
2026-01-19 07:00:00,442 - INFO - 지표: ADX=21.1, ATR=103.2, Bull=False, Bear=False
2026-01-19 07:04:16,989 - INFO - [상태] 포지션 없음, 자본금: $5364.14
2026-01-19 07:04:16,990 - INFO - [지표] ADX=nan, Bull=nan, Bear=nan
2026-01-19 07:09:16,992 - INFO - [상태] 포지션 없음, 자본금: $5364.14
2026-01-19 07:09:16,993 - INFO - [지표] ADX=nan, Bull=nan, Bear=nan
2026-01-19 07:14:16,993 - INFO - [상태] 포지션 없음, 자본금: $5364.14
2026-01-19 07:14:16,993 - INFO - [지표] ADX=nan, Bull=nan, Bear=nan
2026-01-19 07:15:00,192 - INFO - [EMA] 증분계산: prev=95266.33, close=95472.3, new=95282.18
2026-01-19 07:15:00,199 - INFO - 15m | 22:00 | O:95386.5 H:95490.0 L:95355.5 C:95472.3
2026-01-19 07:15:00,199 - INFO - 지표: ADX=22.4, ATR=106.3, Bull=False, Bear=False
2026-01-19 07:19:16,994 - INFO - [상태] 포지션 없음, 자본금: $5364.14
2026-01-19 07:19:16,994 - INFO - [지표] ADX=nan, Bull=nan, Bear=nan
2026-01-19 07:24:16,995 - INFO - [상태] 포지션 없음, 자본금: $5364.14
2026-01-19 07:24:16,996 - INFO - [지표] ADX=nan, Bull=nan, Bear=nan
2026-01-19 07:29:16,998 - INFO - [상태] 포지션 없음, 자본금: $5364.14
2026-01-19 07:29:16,998 - INFO - [지표] ADX=nan, Bull=nan, Bear=nan
2026-01-19 07:30:00,621 - INFO - [EMA] 증분계산: prev=95282.18, close=95415.1, new=95292.40
2026-01-19 07:30:00,627 - INFO - 15m | 22:15 | O:95472.2 H:95472.2 L:95414.5 C:95415.1
2026-01-19 07:30:00,627 - INFO - 지표: ADX=23.7, ATR=101.5, Bull=False, Bear=False
2026-01-19 07:34:16,999 - INFO - [상태] 포지션 없음, 자본금: $5364.14
2026-01-19 07:34:16,999 - INFO - [지표] ADX=nan, Bull=nan, Bear=nan
2026-01-19 07:39:17,001 - INFO - [상태] 포지션 없음, 자본금: $5364.14
2026-01-19 07:39:17,002 - INFO - [지표] ADX=nan, Bull=nan, Bear=nan
2026-01-19 07:44:17,003 - INFO - [상태] 포지션 없음, 자본금: $5364.14
2026-01-19 07:44:17,003 - INFO - [지표] ADX=nan, Bull=nan, Bear=nan
2026-01-19 07:45:00,378 - INFO - [EMA] 증분계산: prev=95292.40, close=95434.1, new=95303.30
2026-01-19 07:45:00,385 - INFO - 15m | 22:30 | O:95415.2 H:95460.0 L:95380.0 C:95434.1
2026-01-19 07:45:00,385 - INFO - 지표: ADX=24.2, ATR=99.3, Bull=False, Bear=False
2026-01-19 07:49:17,005 - INFO - [상태] 포지션 없음, 자본금: $5364.14
2026-01-19 07:49:17,005 - INFO - [지표] ADX=nan, Bull=nan, Bear=nan
2026-01-19 07:54:17,006 - INFO - [상태] 포지션 없음, 자본금: $5364.14
2026-01-19 07:54:17,006 - INFO - [지표] ADX=nan, Bull=nan, Bear=nan
2026-01-19 07:59:17,007 - INFO - [상태] 포지션 없음, 자본금: $5364.14
2026-01-19 07:59:17,008 - INFO - [지표] ADX=nan, Bull=nan, Bear=nan
2026-01-19 08:00:00,081 - INFO - [EMA] 증분계산: prev=95303.30, close=95442.9, new=95314.04
2026-01-19 08:00:00,088 - INFO - 15m | 22:45 | O:95434.1 H:95489.8 L:95400.0 C:95442.9
2026-01-19 08:00:00,088 - INFO - 지표: ADX=25.0, ATR=98.4, Bull=False, Bear=False
2026-01-19 08:04:17,009 - INFO - [상태] 포지션 없음, 자본금: $5364.14
2026-01-19 08:04:17,010 - INFO - [지표] ADX=nan, Bull=nan, Bear=nan
2026-01-19 08:09:17,011 - INFO - [상태] 포지션 없음, 자본금: $5364.14
2026-01-19 08:09:17,011 - INFO - [지표] ADX=nan, Bull=nan, Bear=nan
2026-01-19 08:14:17,013 - INFO - [상태] 포지션 없음, 자본금: $5364.14
2026-01-19 08:14:17,013 - INFO - [지표] ADX=nan, Bull=nan, Bear=nan
2026-01-19 08:15:00,097 - INFO - [EMA] 증분계산: prev=95314.04, close=95023.0, new=95291.65
2026-01-19 08:15:00,103 - INFO - 15m | 23:00 | O:95442.9 H:95443.0 L:94905.0 C:95023.0
2026-01-19 08:15:00,103 - INFO - 지표: ADX=25.6, ATR=142.3, Bull=False, Bear=False
2026-01-19 08:19:17,014 - INFO - [상태] 포지션 없음, 자본금: $5364.14
2026-01-19 08:19:17,014 - INFO - [지표] ADX=nan, Bull=nan, Bear=nan
2026-01-19 08:24:17,015 - INFO - [상태] 포지션 없음, 자본금: $5364.14
2026-01-19 08:24:17,015 - INFO - [지표] ADX=nan, Bull=nan, Bear=nan
2026-01-19 08:29:17,016 - INFO - [상태] 포지션 없음, 자본금: $5364.14
2026-01-19 08:29:17,016 - INFO - [지표] ADX=nan, Bull=nan, Bear=nan
2026-01-19 08:30:00,091 - INFO - [EMA] 증분계산: prev=95291.65, close=94561.1, new=95235.46
2026-01-19 08:30:00,100 - INFO - 15m | 23:15 | O:95023.0 H:95131.1 L:94506.4 C:94561.1
2026-01-19 08:30:00,100 - INFO - 지표: ADX=27.7, ATR=190.6, Bull=False, Bear=False
2026-01-19 08:34:17,017 - INFO - [상태] 포지션 없음, 자본금: $5364.14
2026-01-19 08:34:17,017 - INFO - [지표] ADX=nan, Bull=nan, Bear=nan
2026-01-19 08:39:17,019 - INFO - [상태] 포지션 없음, 자본금: $5364.14
2026-01-19 08:39:17,019 - INFO - [지표] ADX=nan, Bull=nan, Bear=nan
2026-01-19 08:44:17,020 - INFO - [상태] 포지션 없음, 자본금: $5364.14
2026-01-19 08:44:17,020 - INFO - [지표] ADX=nan, Bull=nan, Bear=nan
2026-01-19 08:45:00,179 - INFO - [EMA] 증분계산: prev=95235.46, close=94429.0, new=95173.42
2026-01-19 08:45:00,189 - INFO - 15m | 23:30 | O:94561.2 H:94776.1 L:94388.0 C:94429.0
2026-01-19 08:45:00,189 - INFO - 지표: ADX=29.9, ATR=210.3, Bull=False, Bear=True
2026-01-19 08:49:17,021 - INFO - [상태] 포지션 없음, 자본금: $5364.14
2026-01-19 08:49:17,022 - INFO - [지표] ADX=nan, Bull=nan, Bear=nan
2026-01-19 08:54:17,023 - INFO - [상태] 포지션 없음, 자본금: $5364.14
2026-01-19 08:54:17,023 - INFO - [지표] ADX=nan, Bull=nan, Bear=nan
2026-01-19 08:59:17,024 - INFO - [상태] 포지션 없음, 자본금: $5364.14
2026-01-19 08:59:17,024 - INFO - [지표] ADX=nan, Bull=nan, Bear=nan
