2026-01-23 09:00:02,426 - INFO - === 로그 파일 시작: logs/hyper_2026-01-23.log ===
2026-01-23 09:00:02,426 - INFO - [EMA] 증분계산: prev=89349.80, close=89452.4, new=89357.69
2026-01-23 09:00:02,435 - INFO - 15m | 23:45 | O:89400.1 H:89455.1 L:89392.6 C:89452.4
2026-01-23 09:00:02,435 - INFO - 지표: ADX=13.9, ATR=238.2, Bull=False, Bear=True
2026-01-23 09:00:26,102 - INFO - [상태] 포지션: SHORT, 진입가: $89142.00, 현재가: $89428.00, 미실현PnL: $-98.67
2026-01-23 09:00:26,102 - INFO - [지표] ADX=nan, Bull=nan, Bear=nan
2026-01-23 09:05:26,145 - INFO - [상태] 포지션: SHORT, 진입가: $89142.00, 현재가: $89372.20, 미실현PnL: $-79.42
2026-01-23 09:05:26,145 - INFO - [지표] ADX=nan, Bull=nan, Bear=nan
2026-01-23 09:10:26,187 - INFO - [상태] 포지션: SHORT, 진입가: $89142.00, 현재가: $89456.50, 미실현PnL: $-108.50
2026-01-23 09:10:26,187 - INFO - [지표] ADX=nan, Bull=nan, Bear=nan
2026-01-23 09:15:00,505 - INFO - [EMA] 증분계산: prev=89357.69, close=89438.8, new=89363.93
2026-01-23 09:15:00,512 - INFO - 15m | 00:00 | O:89452.4 H:89464.4 L:89340.3 C:89438.8
2026-01-23 09:15:00,512 - INFO - 지표: ADX=13.6, ATR=228.7, Bull=False, Bear=True
2026-01-23 09:15:26,230 - INFO - [상태] 포지션: SHORT, 진입가: $89142.00, 현재가: $89436.10, 미실현PnL: $-101.46
2026-01-23 09:15:26,230 - INFO - [지표] ADX=nan, Bull=nan, Bear=nan
2026-01-23 09:20:26,274 - INFO - [상태] 포지션: SHORT, 진입가: $89142.00, 현재가: $89513.40, 미실현PnL: $-128.13
2026-01-23 09:20:26,275 - INFO - [지표] ADX=nan, Bull=nan, Bear=nan
2026-01-23 09:25:26,316 - INFO - [상태] 포지션: SHORT, 진입가: $89142.00, 현재가: $89497.00, 미실현PnL: $-122.47
2026-01-23 09:25:26,317 - INFO - [지표] ADX=nan, Bull=nan, Bear=nan
2026-01-23 09:30:00,575 - INFO - [EMA] 증분계산: prev=89363.93, close=89501.4, new=89374.50
2026-01-23 09:30:00,584 - INFO - 15m | 00:15 | O:89438.8 H:89540.0 L:89423.6 C:89501.4
2026-01-23 09:30:00,585 - INFO - 지표: ADX=12.9, ATR=219.3, Bull=False, Bear=True
2026-01-23 09:30:26,360 - INFO - [상태] 포지션: SHORT, 진입가: $89142.00, 현재가: $89469.10, 미실현PnL: $-112.85
2026-01-23 09:30:26,361 - INFO - [지표] ADX=nan, Bull=nan, Bear=nan
2026-01-23 09:35:26,405 - INFO - [상태] 포지션: SHORT, 진입가: $89142.00, 현재가: $89473.70, 미실현PnL: $-114.44
2026-01-23 09:35:26,405 - INFO - [지표] ADX=nan, Bull=nan, Bear=nan
2026-01-23 09:40:26,456 - INFO - [상태] 포지션: SHORT, 진입가: $89142.00, 현재가: $89481.50, 미실현PnL: $-117.13
2026-01-23 09:40:26,456 - INFO - [지표] ADX=nan, Bull=nan, Bear=nan
2026-01-23 09:45:00,119 - INFO - [EMA] 증분계산: prev=89374.50, close=89453.8, new=89380.60
2026-01-23 09:45:00,126 - INFO - 15m | 00:30 | O:89501.0 H:89521.0 L:89400.1 C:89453.8
2026-01-23 09:45:00,126 - INFO - 지표: ADX=12.4, ATR=211.1, Bull=False, Bear=True
2026-01-23 09:45:26,502 - INFO - [상태] 포지션: SHORT, 진입가: $89142.00, 현재가: $89441.40, 미실현PnL: $-103.29
2026-01-23 09:45:26,502 - INFO - [지표] ADX=nan, Bull=nan, Bear=nan
2026-01-23 09:50:26,546 - INFO - [상태] 포지션: SHORT, 진입가: $89142.00, 현재가: $89480.10, 미실현PnL: $-116.64
2026-01-23 09:50:26,546 - INFO - [지표] ADX=nan, Bull=nan, Bear=nan
2026-01-23 09:55:26,601 - INFO - [상태] 포지션: SHORT, 진입가: $89142.00, 현재가: $89509.90, 미실현PnL: $-126.93
2026-01-23 09:55:26,601 - INFO - [지표] ADX=nan, Bull=nan, Bear=nan
2026-01-23 10:00:00,100 - INFO - [EMA] 증분계산: prev=89380.60, close=89427.3, new=89384.20
2026-01-23 10:00:00,107 - INFO - 15m | 00:45 | O:89455.8 H:89517.6 L:89414.2 C:89427.3
2026-01-23 10:00:00,107 - INFO - 지표: ADX=12.0, ATR=202.1, Bull=False, Bear=True
2026-01-23 10:00:26,646 - INFO - [상태] 포지션: SHORT, 진입가: $89142.00, 현재가: $89459.10, 미실현PnL: $-109.40
2026-01-23 10:00:26,646 - INFO - [지표] ADX=nan, Bull=nan, Bear=nan
2026-01-23 10:05:26,690 - INFO - [상태] 포지션: SHORT, 진입가: $89142.00, 현재가: $89505.70, 미실현PnL: $-125.48
2026-01-23 10:05:26,690 - INFO - [지표] ADX=nan, Bull=nan, Bear=nan
2026-01-23 10:10:26,734 - INFO - [상태] 포지션: SHORT, 진입가: $89142.00, 현재가: $89513.50, 미실현PnL: $-128.17
2026-01-23 10:10:26,734 - INFO - [지표] ADX=nan, Bull=nan, Bear=nan
2026-01-23 10:15:01,140 - INFO - [EMA] 증분계산: prev=89384.20, close=89497.8, new=89392.93
2026-01-23 10:15:01,150 - INFO - 15m | 01:00 | O:89427.9 H:89582.9 L:89427.9 C:89497.8
2026-01-23 10:15:01,150 - INFO - 지표: ADX=11.1, ATR=198.3, Bull=False, Bear=True
2026-01-23 10:15:26,779 - INFO - [상태] 포지션: SHORT, 진입가: $89142.00, 현재가: $89544.20, 미실현PnL: $-138.76
2026-01-23 10:15:26,779 - INFO - [지표] ADX=nan, Bull=nan, Bear=nan
2026-01-23 10:20:26,827 - INFO - [상태] 포지션: SHORT, 진입가: $89142.00, 현재가: $89573.20, 미실현PnL: $-148.76
2026-01-23 10:20:26,828 - INFO - [지표] ADX=nan, Bull=nan, Bear=nan
2026-01-23 10:25:26,877 - INFO - [상태] 포지션: SHORT, 진입가: $89142.00, 현재가: $89543.00, 미실현PnL: $-138.34
2026-01-23 10:25:26,877 - INFO - [지표] ADX=nan, Bull=nan, Bear=nan
2026-01-23 10:30:00,097 - INFO - [EMA] 증분계산: prev=89392.93, close=89589.8, new=89408.08
2026-01-23 10:30:00,104 - INFO - 15m | 01:15 | O:89497.8 H:89600.0 L:89497.8 C:89589.8
2026-01-23 10:30:00,104 - INFO - 지표: ADX=10.5, ATR=190.2, Bull=False, Bear=True
2026-01-23 10:30:26,920 - INFO - [상태] 포지션: SHORT, 진입가: $89142.00, 현재가: $89609.20, 미실현PnL: $-161.18
2026-01-23 10:30:26,920 - INFO - [지표] ADX=nan, Bull=nan, Bear=nan
2026-01-23 10:35:26,963 - INFO - [상태] 포지션: SHORT, 진입가: $89142.00, 현재가: $89655.90, 미실현PnL: $-177.30
2026-01-23 10:35:26,964 - INFO - [지표] ADX=nan, Bull=nan, Bear=nan
2026-01-23 10:40:27,005 - INFO - [상태] 포지션: SHORT, 진입가: $89142.00, 현재가: $89720.30, 미실현PnL: $-199.51
2026-01-23 10:40:27,006 - INFO - [지표] ADX=nan, Bull=nan, Bear=nan
2026-01-23 10:45:00,201 - INFO - [EMA] 증분계산: prev=89408.08, close=89717.4, new=89431.87
2026-01-23 10:45:00,208 - INFO - 15m | 01:30 | O:89589.8 H:89777.0 L:89535.2 C:89717.4
2026-01-23 10:45:00,208 - INFO - 지표: ADX=10.9, ATR=194.5, Bull=False, Bear=True
2026-01-23 10:45:27,048 - INFO - [상태] 포지션: SHORT, 진입가: $89142.00, 현재가: $89710.00, 미실현PnL: $-195.96
2026-01-23 10:45:27,048 - INFO - [지표] ADX=nan, Bull=nan, Bear=nan
2026-01-23 10:50:27,089 - INFO - [상태] 포지션: SHORT, 진입가: $89142.00, 현재가: $89707.00, 미실현PnL: $-194.92
2026-01-23 10:50:27,090 - INFO - [지표] ADX=nan, Bull=nan, Bear=nan
2026-01-23 10:55:27,136 - INFO - [상태] 포지션: SHORT, 진입가: $89142.00, 현재가: $89765.80, 미실현PnL: $-215.21
2026-01-23 10:55:27,137 - INFO - [지표] ADX=nan, Bull=nan, Bear=nan
2026-01-23 11:00:00,913 - INFO - [EMA] 증분계산: prev=89431.87, close=89830.4, new=89462.53
2026-01-23 11:00:00,923 - INFO - 15m | 01:45 | O:89717.4 H:89844.3 L:89666.0 C:89830.4
2026-01-23 11:00:00,923 - INFO - 지표: ADX=11.6, ATR=193.2, Bull=False, Bear=False
2026-01-23 11:00:27,180 - INFO - [상태] 포지션: SHORT, 진입가: $89142.00, 현재가: $89857.90, 미실현PnL: $-246.99
2026-01-23 11:00:27,181 - INFO - [지표] ADX=nan, Bull=nan, Bear=nan
2026-01-23 11:05:27,221 - INFO - [상태] 포지션: SHORT, 진입가: $89142.00, 현재가: $89734.10, 미실현PnL: $-204.27
2026-01-23 11:05:27,221 - INFO - [지표] ADX=nan, Bull=nan, Bear=nan
2026-01-23 11:10:27,262 - INFO - [상태] 포지션: SHORT, 진입가: $89142.00, 현재가: $89731.10, 미실현PnL: $-203.24
2026-01-23 11:10:27,262 - INFO - [지표] ADX=nan, Bull=nan, Bear=nan
2026-01-23 11:15:00,054 - INFO - [EMA] 증분계산: prev=89462.53, close=89843.1, new=89491.80
2026-01-23 11:15:00,063 - INFO - 15m | 02:00 | O:89830.5 H:89876.8 L:89692.8 C:89843.1
2026-01-23 11:15:00,064 - INFO - 지표: ADX=12.5, ATR=192.4, Bull=False, Bear=False
2026-01-23 11:15:27,305 - INFO - [상태] 포지션: SHORT, 진입가: $89142.00, 현재가: $89810.00, 미실현PnL: $-230.46
2026-01-23 11:15:27,306 - INFO - [지표] ADX=nan, Bull=nan, Bear=nan
2026-01-23 11:20:27,347 - INFO - [상태] 포지션: SHORT, 진입가: $89142.00, 현재가: $89760.90, 미실현PnL: $-213.52
2026-01-23 11:20:27,347 - INFO - [지표] ADX=nan, Bull=nan, Bear=nan
2026-01-23 11:25:27,392 - INFO - [상태] 포지션: SHORT, 진입가: $89142.00, 현재가: $89718.60, 미실현PnL: $-198.93
2026-01-23 11:25:27,392 - INFO - [지표] ADX=nan, Bull=nan, Bear=nan
2026-01-23 11:30:00,640 - INFO - [EMA] 증분계산: prev=89491.80, close=89655.1, new=89504.36
2026-01-23 11:30:00,647 - INFO - 15m | 02:15 | O:89841.2 H:89841.2 L:89624.1 C:89655.1
2026-01-23 11:30:00,647 - INFO - 지표: ADX=12.7, ATR=194.6, Bull=False, Bear=True
2026-01-23 11:30:27,434 - INFO - [상태] 포지션: SHORT, 진입가: $89142.00, 현재가: $89673.80, 미실현PnL: $-183.47
2026-01-23 11:30:27,434 - INFO - [지표] ADX=nan, Bull=nan, Bear=nan
2026-01-23 11:35:27,477 - INFO - [상태] 포지션: SHORT, 진입가: $89142.00, 현재가: $89708.30, 미실현PnL: $-195.37
2026-01-23 11:35:27,478 - INFO - [지표] ADX=nan, Bull=nan, Bear=nan
2026-01-23 11:40:27,523 - INFO - [상태] 포지션: SHORT, 진입가: $89142.00, 현재가: $89725.00, 미실현PnL: $-201.13
2026-01-23 11:40:27,523 - INFO - [지표] ADX=nan, Bull=nan, Bear=nan
2026-01-23 11:45:01,237 - INFO - [EMA] 증분계산: prev=89504.36, close=89674.7, new=89517.47
2026-01-23 11:45:01,246 - INFO - 15m | 02:30 | O:89655.0 H:89729.6 L:89640.8 C:89674.7
2026-01-23 11:45:01,246 - INFO - 지표: ADX=13.0, ATR=185.8, Bull=False, Bear=True
2026-01-23 11:45:27,571 - INFO - [상태] 포지션: SHORT, 진입가: $89142.00, 현재가: $89691.20, 미실현PnL: $-189.47
2026-01-23 11:45:27,572 - INFO - [지표] ADX=nan, Bull=nan, Bear=nan
2026-01-23 11:50:27,616 - INFO - [상태] 포지션: SHORT, 진입가: $89142.00, 현재가: $89613.60, 미실현PnL: $-162.70
2026-01-23 11:50:27,616 - INFO - [지표] ADX=nan, Bull=nan, Bear=nan
2026-01-23 11:55:27,658 - INFO - [상태] 포지션: SHORT, 진입가: $89142.00, 현재가: $89554.30, 미실현PnL: $-142.24
2026-01-23 11:55:27,658 - INFO - [지표] ADX=nan, Bull=nan, Bear=nan
2026-01-23 12:00:00,064 - INFO - [EMA] 증분계산: prev=89517.47, close=89537.4, new=89519.00
2026-01-23 12:00:00,074 - INFO - 15m | 02:45 | O:89677.0 H:89708.5 L:89528.3 C:89537.4
2026-01-23 12:00:00,074 - INFO - 지표: ADX=12.3, ATR=185.4, Bull=False, Bear=True
2026-01-23 12:00:27,703 - INFO - [상태] 포지션: SHORT, 진입가: $89142.00, 현재가: $89528.10, 미실현PnL: $-133.20
2026-01-23 12:00:27,704 - INFO - [지표] ADX=nan, Bull=nan, Bear=nan
2026-01-23 12:05:27,745 - INFO - [상태] 포지션: SHORT, 진입가: $89142.00, 현재가: $89598.40, 미실현PnL: $-157.46
2026-01-23 12:05:27,745 - INFO - [지표] ADX=nan, Bull=nan, Bear=nan
2026-01-23 12:10:27,791 - INFO - [상태] 포지션: SHORT, 진입가: $89142.00, 현재가: $89695.80, 미실현PnL: $-191.06
2026-01-23 12:10:27,791 - INFO - [지표] ADX=nan, Bull=nan, Bear=nan
2026-01-23 12:15:00,515 - INFO - [EMA] 증분계산: prev=89519.00, close=89708.1, new=89533.55
2026-01-23 12:15:00,522 - INFO - 15m | 03:00 | O:89537.4 H:89708.2 L:89520.0 C:89708.1
2026-01-23 12:15:00,522 - INFO - 지표: ADX=11.6, ATR=185.6, Bull=False, Bear=False
2026-01-23 12:15:27,833 - INFO - [상태] 포지션: SHORT, 진입가: $89142.00, 현재가: $89733.40, 미실현PnL: $-204.03
2026-01-23 12:15:27,833 - INFO - [지표] ADX=nan, Bull=nan, Bear=nan
2026-01-23 12:20:27,876 - INFO - [상태] 포지션: SHORT, 진입가: $89142.00, 현재가: $89747.30, 미실현PnL: $-208.83
2026-01-23 12:20:27,877 - INFO - [지표] ADX=nan, Bull=nan, Bear=nan
2026-01-23 12:25:27,921 - INFO - [상태] 포지션: SHORT, 진입가: $89142.00, 현재가: $89784.00, 미실현PnL: $-221.49
2026-01-23 12:25:27,921 - INFO - [지표] ADX=nan, Bull=nan, Bear=nan
2026-01-23 12:30:00,061 - INFO - [EMA] 증분계산: prev=89533.55, close=89784.0, new=89552.81
2026-01-23 12:30:00,070 - INFO - 15m | 03:15 | O:89708.1 H:89812.0 L:89688.3 C:89784.0
2026-01-23 12:30:00,070 - INFO - 지표: ADX=11.7, ATR=180.4, Bull=False, Bear=False
2026-01-23 12:30:27,964 - INFO - [상태] 포지션: SHORT, 진입가: $89142.00, 현재가: $89804.00, 미실현PnL: $-228.39
2026-01-23 12:30:27,964 - INFO - [지표] ADX=nan, Bull=nan, Bear=nan
2026-01-23 12:35:28,008 - INFO - [상태] 포지션: SHORT, 진입가: $89142.00, 현재가: $89730.60, 미실현PnL: $-203.07
2026-01-23 12:35:28,008 - INFO - [지표] ADX=nan, Bull=nan, Bear=nan
2026-01-23 12:40:28,052 - INFO - [상태] 포지션: SHORT, 진입가: $89142.00, 현재가: $89740.60, 미실현PnL: $-206.52
2026-01-23 12:40:28,052 - INFO - [지표] ADX=nan, Bull=nan, Bear=nan
2026-01-23 12:45:00,104 - INFO - [EMA] 증분계산: prev=89552.81, close=89788.9, new=89570.97
2026-01-23 12:45:00,111 - INFO - 15m | 03:30 | O:89784.1 H:89821.0 L:89688.7 C:89788.9
2026-01-23 12:45:00,111 - INFO - 지표: ADX=11.8, ATR=176.4, Bull=False, Bear=False
2026-01-23 12:45:28,094 - INFO - [상태] 포지션: SHORT, 진입가: $89142.00, 현재가: $89783.90, 미실현PnL: $-221.46
2026-01-23 12:45:28,095 - INFO - [지표] ADX=nan, Bull=nan, Bear=nan
2026-01-23 12:50:28,140 - INFO - [상태] 포지션: SHORT, 진입가: $89142.00, 현재가: $89783.60, 미실현PnL: $-221.35
2026-01-23 12:50:28,140 - INFO - [지표] ADX=nan, Bull=nan, Bear=nan
2026-01-23 12:55:28,201 - INFO - [상태] 포지션: SHORT, 진입가: $89142.00, 현재가: $89784.30, 미실현PnL: $-221.59
2026-01-23 12:55:28,201 - INFO - [지표] ADX=nan, Bull=nan, Bear=nan
2026-01-23 13:00:01,427 - INFO - [EMA] 증분계산: prev=89570.97, close=89826.0, new=89590.59
2026-01-23 13:00:01,434 - INFO - 15m | 03:45 | O:89789.0 H:89826.0 L:89734.3 C:89826.0
2026-01-23 13:00:01,434 - INFO - 지표: ADX=11.9, ATR=169.4, Bull=False, Bear=False
2026-01-23 13:00:28,243 - INFO - [상태] 포지션: SHORT, 진입가: $89142.00, 현재가: $89825.40, 미실현PnL: $-235.77
2026-01-23 13:00:28,243 - INFO - [지표] ADX=nan, Bull=nan, Bear=nan
2026-01-23 13:05:28,286 - INFO - [상태] 포지션: SHORT, 진입가: $89142.00, 현재가: $89768.40, 미실현PnL: $-216.11
2026-01-23 13:05:28,287 - INFO - [지표] ADX=nan, Bull=nan, Bear=nan
2026-01-23 13:10:28,410 - INFO - [상태] 포지션: SHORT, 진입가: $89142.00, 현재가: $89821.10, 미실현PnL: $-234.29
2026-01-23 13:10:28,410 - INFO - [지표] ADX=nan, Bull=nan, Bear=nan
2026-01-23 13:15:00,148 - INFO - [EMA] 증분계산: prev=89590.59, close=89966.7, new=89619.52
2026-01-23 13:15:00,158 - INFO - 15m | 04:00 | O:89825.9 H:89971.9 L:89766.6 C:89966.7
2026-01-23 13:15:00,158 - INFO - 지표: ADX=13.0, ATR=172.4, Bull=False, Bear=False
2026-01-23 13:15:28,451 - INFO - [상태] 포지션: SHORT, 진입가: $89142.00, 현재가: $89966.70, 미실현PnL: $-284.52
2026-01-23 13:15:28,451 - INFO - [지표] ADX=nan, Bull=nan, Bear=nan
2026-01-23 13:20:28,491 - INFO - [상태] 포지션: SHORT, 진입가: $89142.00, 현재가: $89865.80, 미실현PnL: $-249.71
2026-01-23 13:20:28,491 - INFO - [지표] ADX=nan, Bull=nan, Bear=nan
2026-01-23 13:25:28,540 - INFO - [상태] 포지션: SHORT, 진입가: $89142.00, 현재가: $89892.40, 미실현PnL: $-258.89
2026-01-23 13:25:28,541 - INFO - [지표] ADX=nan, Bull=nan, Bear=nan
2026-01-23 13:30:00,041 - INFO - [EMA] 증분계산: prev=89619.52, close=89870.6, new=89638.84
2026-01-23 13:30:00,051 - INFO - 15m | 04:15 | O:89965.5 H:89982.2 L:89846.7 C:89870.6
2026-01-23 13:30:00,051 - INFO - 지표: ADX=14.0, ATR=169.3, Bull=False, Bear=False
2026-01-23 13:30:28,588 - INFO - [상태] 포지션: SHORT, 진입가: $89142.00, 현재가: $89846.20, 미실현PnL: $-242.95
2026-01-23 13:30:28,588 - INFO - [지표] ADX=nan, Bull=nan, Bear=nan
2026-01-23 13:35:28,631 - INFO - [상태] 포지션: SHORT, 진입가: $89142.00, 현재가: $89908.80, 미실현PnL: $-264.55
2026-01-23 13:35:28,632 - INFO - [지표] ADX=nan, Bull=nan, Bear=nan
2026-01-23 13:40:28,676 - INFO - [상태] 포지션: SHORT, 진입가: $89142.00, 현재가: $89897.30, 미실현PnL: $-260.58
2026-01-23 13:40:28,676 - INFO - [지표] ADX=nan, Bull=nan, Bear=nan
2026-01-23 13:45:00,036 - INFO - [EMA] 증분계산: prev=89638.84, close=89874.5, new=89656.96
2026-01-23 13:45:00,043 - INFO - 15m | 04:30 | O:89870.5 H:89937.7 L:89801.2 C:89874.5
2026-01-23 13:45:00,043 - INFO - 지표: ADX=14.5, ATR=166.6, Bull=False, Bear=False
2026-01-23 13:45:28,720 - INFO - [상태] 포지션: SHORT, 진입가: $89142.00, 현재가: $89902.80, 미실현PnL: $-262.48
2026-01-23 13:45:28,721 - INFO - [지표] ADX=nan, Bull=nan, Bear=nan
2026-01-23 13:50:28,765 - INFO - [상태] 포지션: SHORT, 진입가: $89142.00, 현재가: $89882.50, 미실현PnL: $-255.47
2026-01-23 13:50:28,765 - INFO - [지표] ADX=nan, Bull=nan, Bear=nan
2026-01-23 13:55:28,807 - INFO - [상태] 포지션: SHORT, 진입가: $89142.00, 현재가: $89883.80, 미실현PnL: $-255.92
2026-01-23 13:55:28,808 - INFO - [지표] ADX=nan, Bull=nan, Bear=nan
2026-01-23 14:00:01,052 - INFO - [EMA] 증분계산: prev=89656.96, close=89851.9, new=89671.96
2026-01-23 14:00:01,059 - INFO - 15m | 04:45 | O:89874.5 H:89934.0 L:89851.9 C:89851.9
2026-01-23 14:00:01,059 - INFO - 지표: ADX=15.0, ATR=159.5, Bull=False, Bear=False
2026-01-23 14:00:28,855 - INFO - [상태] 포지션: SHORT, 진입가: $89142.00, 현재가: $89847.80, 미실현PnL: $-243.50
2026-01-23 14:00:28,855 - INFO - [지표] ADX=nan, Bull=nan, Bear=nan
2026-01-23 14:05:28,895 - INFO - [상태] 포지션: SHORT, 진입가: $89142.00, 현재가: $89769.90, 미실현PnL: $-216.63
2026-01-23 14:05:28,895 - INFO - [지표] ADX=nan, Bull=nan, Bear=nan
2026-01-23 14:06:28,895 - INFO - 설정 파일 변경 감지, 리로드 완료
2026-01-23 14:10:28,938 - INFO - [상태] 포지션: SHORT, 진입가: $89142.00, 현재가: $89782.40, 미실현PnL: $-220.94
2026-01-23 14:10:28,938 - INFO - [지표] ADX=nan, Bull=nan, Bear=nan
2026-01-23 14:15:02,577 - INFO - [EMA] 증분계산: prev=89671.96, close=89772.5, new=89679.69
2026-01-23 14:15:02,584 - INFO - 15m | 05:00 | O:89851.6 H:89861.3 L:89749.2 C:89772.5
2026-01-23 14:15:02,584 - INFO - 지표: ADX=14.4, ATR=155.6, Bull=False, Bear=False
2026-01-23 14:15:28,978 - INFO - [상태] 포지션: SHORT, 진입가: $89142.00, 현재가: $89762.70, 미실현PnL: $-214.14
2026-01-23 14:15:28,978 - INFO - [지표] ADX=nan, Bull=nan, Bear=nan
2026-01-23 14:20:29,019 - INFO - [상태] 포지션: SHORT, 진입가: $89142.00, 현재가: $89726.30, 미실현PnL: $-201.58
2026-01-23 14:20:29,020 - INFO - [지표] ADX=nan, Bull=nan, Bear=nan
2026-01-23 14:25:29,062 - INFO - [상태] 포지션: SHORT, 진입가: $89142.00, 현재가: $89507.60, 미실현PnL: $-126.13
2026-01-23 14:25:29,062 - INFO - [지표] ADX=nan, Bull=nan, Bear=nan
2026-01-23 14:30:00,070 - INFO - [EMA] 증분계산: prev=89679.69, close=89540.4, new=89668.98
2026-01-23 14:30:00,077 - INFO - 15m | 05:15 | O:89772.4 H:89772.4 L:89409.8 C:89540.4
2026-01-23 14:30:00,077 - INFO - 지표: ADX=15.2, ATR=172.8, Bull=False, Bear=False
2026-01-23 14:30:29,105 - INFO - [상태] 포지션: SHORT, 진입가: $89142.00, 현재가: $89523.40, 미실현PnL: $-131.58
2026-01-23 14:30:29,105 - INFO - [지표] ADX=nan, Bull=nan, Bear=nan
2026-01-23 14:35:29,148 - INFO - [상태] 포지션: SHORT, 진입가: $89142.00, 현재가: $89582.90, 미실현PnL: $-152.11
2026-01-23 14:35:29,148 - INFO - [지표] ADX=nan, Bull=nan, Bear=nan
2026-01-23 14:40:29,191 - INFO - [상태] 포지션: SHORT, 진입가: $89142.00, 현재가: $89534.10, 미실현PnL: $-135.27
2026-01-23 14:40:29,191 - INFO - [지표] ADX=nan, Bull=nan, Bear=nan
2026-01-23 14:45:00,102 - INFO - [EMA] 증분계산: prev=89668.98, close=89523.4, new=89657.78
2026-01-23 14:45:00,109 - INFO - 15m | 05:30 | O:89543.3 H:89604.7 L:89506.1 C:89523.4
2026-01-23 14:45:00,109 - INFO - 지표: ADX=15.8, ATR=166.6, Bull=False, Bear=False
2026-01-23 14:45:29,233 - INFO - [상태] 포지션: SHORT, 진입가: $89142.00, 현재가: $89500.00, 미실현PnL: $-123.51
2026-01-23 14:45:29,233 - INFO - [지표] ADX=nan, Bull=nan, Bear=nan
2026-01-23 14:50:29,277 - INFO - [상태] 포지션: SHORT, 진입가: $89142.00, 현재가: $89471.60, 미실현PnL: $-113.71
2026-01-23 14:50:29,277 - INFO - [지표] ADX=nan, Bull=nan, Bear=nan
2026-01-23 14:55:29,319 - INFO - [상태] 포지션: SHORT, 진입가: $89142.00, 현재가: $89430.50, 미실현PnL: $-99.53
2026-01-23 14:55:29,319 - INFO - [지표] ADX=nan, Bull=nan, Bear=nan
2026-01-23 15:00:00,650 - INFO - [EMA] 증분계산: prev=89657.78, close=89493.5, new=89645.14
2026-01-23 15:00:00,657 - INFO - 15m | 05:45 | O:89523.4 H:89572.4 L:89355.8 C:89493.5
2026-01-23 15:00:00,657 - INFO - 지표: ADX=17.1, ATR=170.8, Bull=False, Bear=False
2026-01-23 15:00:29,366 - INFO - [상태] 포지션: SHORT, 진입가: $89142.00, 현재가: $89507.10, 미실현PnL: $-125.96
2026-01-23 15:00:29,366 - INFO - [지표] ADX=nan, Bull=nan, Bear=nan
2026-01-23 15:05:29,411 - INFO - [상태] 포지션: SHORT, 진입가: $89142.00, 현재가: $89618.70, 미실현PnL: $-164.46
2026-01-23 15:05:29,412 - INFO - [지표] ADX=nan, Bull=nan, Bear=nan
2026-01-23 15:10:29,453 - INFO - [상태] 포지션: SHORT, 진입가: $89142.00, 현재가: $89621.60, 미실현PnL: $-165.46
2026-01-23 15:10:29,453 - INFO - [지표] ADX=nan, Bull=nan, Bear=nan
2026-01-23 15:15:00,540 - INFO - [EMA] 증분계산: prev=89645.14, close=89613.8, new=89642.73
2026-01-23 15:15:00,547 - INFO - 15m | 06:00 | O:89493.4 H:89687.5 L:89437.9 C:89613.8
2026-01-23 15:15:00,547 - INFO - 지표: ADX=17.4, ATR=177.4, Bull=False, Bear=False
2026-01-23 15:15:29,498 - INFO - [상태] 포지션: SHORT, 진입가: $89142.00, 현재가: $89586.00, 미실현PnL: $-153.18
2026-01-23 15:15:29,498 - INFO - [지표] ADX=nan, Bull=nan, Bear=nan
2026-01-23 15:20:29,541 - INFO - [상태] 포지션: SHORT, 진입가: $89142.00, 현재가: $89622.20, 미실현PnL: $-165.67
2026-01-23 15:20:29,541 - INFO - [지표] ADX=nan, Bull=nan, Bear=nan
2026-01-23 15:25:29,582 - INFO - [상태] 포지션: SHORT, 진입가: $89142.00, 현재가: $89461.30, 미실현PnL: $-110.16
2026-01-23 15:25:29,582 - INFO - [지표] ADX=nan, Bull=nan, Bear=nan
2026-01-23 15:30:00,071 - INFO - [EMA] 증분계산: prev=89642.73, close=89354.8, new=89620.58
2026-01-23 15:30:00,078 - INFO - 15m | 06:15 | O:89613.7 H:89650.7 L:89267.6 C:89354.8
2026-01-23 15:30:00,078 - INFO - 지표: ADX=18.5, ATR=194.5, Bull=False, Bear=False
2026-01-23 15:30:29,624 - INFO - [상태] 포지션: SHORT, 진입가: $89142.00, 현재가: $89381.60, 미실현PnL: $-82.66
2026-01-23 15:30:29,624 - INFO - [지표] ADX=nan, Bull=nan, Bear=nan
2026-01-23 15:35:29,678 - INFO - [상태] 포지션: SHORT, 진입가: $89142.00, 현재가: $89460.70, 미실현PnL: $-109.95
2026-01-23 15:35:29,678 - INFO - [지표] ADX=nan, Bull=nan, Bear=nan
2026-01-23 15:40:29,721 - INFO - [상태] 포지션: SHORT, 진입가: $89142.00, 현재가: $89478.00, 미실현PnL: $-115.92
2026-01-23 15:40:29,721 - INFO - [지표] ADX=nan, Bull=nan, Bear=nan
2026-01-23 15:45:01,746 - INFO - [EMA] 증분계산: prev=89620.58, close=89526.0, new=89613.31
2026-01-23 15:45:01,753 - INFO - 15m | 06:30 | O:89352.0 H:89550.0 L:89347.7 C:89526.0
2026-01-23 15:45:01,753 - INFO - 지표: ADX=19.4, ATR=195.2, Bull=False, Bear=False
2026-01-23 15:45:29,770 - INFO - [상태] 포지션: SHORT, 진입가: $89142.00, 현재가: $89530.90, 미실현PnL: $-134.17
2026-01-23 15:45:29,771 - INFO - [지표] ADX=nan, Bull=nan, Bear=nan
2026-01-23 15:50:29,821 - INFO - [상태] 포지션: SHORT, 진입가: $89142.00, 현재가: $89516.10, 미실현PnL: $-129.06
2026-01-23 15:50:29,821 - INFO - [지표] ADX=nan, Bull=nan, Bear=nan
2026-01-23 15:55:29,862 - INFO - [상태] 포지션: SHORT, 진입가: $89142.00, 현재가: $89391.30, 미실현PnL: $-86.01
2026-01-23 15:55:29,862 - INFO - [지표] ADX=nan, Bull=nan, Bear=nan
2026-01-23 16:00:00,070 - INFO - [EMA] 증분계산: prev=89613.31, close=89381.8, new=89595.50
2026-01-23 16:00:00,077 - INFO - 15m | 06:45 | O:89525.9 H:89543.3 L:89370.3 C:89381.8
2026-01-23 16:00:00,077 - INFO - 지표: ADX=20.3, ATR=193.3, Bull=False, Bear=False
2026-01-23 16:00:29,905 - INFO - [상태] 포지션: SHORT, 진입가: $89142.00, 현재가: $89394.20, 미실현PnL: $-87.01
2026-01-23 16:00:29,906 - INFO - [지표] ADX=nan, Bull=nan, Bear=nan
2026-01-23 16:05:29,946 - INFO - [상태] 포지션: SHORT, 진입가: $89142.00, 현재가: $89435.10, 미실현PnL: $-101.12
2026-01-23 16:05:29,946 - INFO - [지표] ADX=nan, Bull=nan, Bear=nan
2026-01-23 16:10:29,996 - INFO - [상태] 포지션: SHORT, 진입가: $89142.00, 현재가: $89372.40, 미실현PnL: $-79.49
2026-01-23 16:10:29,996 - INFO - [지표] ADX=nan, Bull=nan, Bear=nan
2026-01-23 16:15:00,392 - INFO - [EMA] 증분계산: prev=89595.50, close=89429.9, new=89582.76
2026-01-23 16:15:00,402 - INFO - 15m | 07:00 | O:89384.9 H:89457.8 L:89341.3 C:89429.9
2026-01-23 16:15:00,403 - INFO - 지표: ADX=21.3, ATR=186.9, Bull=False, Bear=False
2026-01-23 16:15:30,036 - INFO - [상태] 포지션: SHORT, 진입가: $89142.00, 현재가: $89433.00, 미실현PnL: $-100.39
2026-01-23 16:15:30,036 - INFO - [지표] ADX=nan, Bull=nan, Bear=nan
2026-01-23 16:20:30,080 - INFO - [상태] 포지션: SHORT, 진입가: $89142.00, 현재가: $89464.80, 미실현PnL: $-111.37
2026-01-23 16:20:30,080 - INFO - [지표] ADX=nan, Bull=nan, Bear=nan
2026-01-23 16:25:30,124 - INFO - [상태] 포지션: SHORT, 진입가: $89142.00, 현재가: $89535.00, 미실현PnL: $-135.58
2026-01-23 16:25:30,124 - INFO - [지표] ADX=nan, Bull=nan, Bear=nan
2026-01-23 16:30:00,603 - INFO - [EMA] 증분계산: prev=89582.76, close=89515.1, new=89577.56
2026-01-23 16:30:00,610 - INFO - 15m | 07:15 | O:89430.0 H:89558.4 L:89422.2 C:89515.1
2026-01-23 16:30:00,610 - INFO - 지표: ADX=21.3, ATR=182.7, Bull=False, Bear=False
2026-01-23 16:30:30,166 - INFO - [상태] 포지션: SHORT, 진입가: $89142.00, 현재가: $89495.40, 미실현PnL: $-121.92
2026-01-23 16:30:30,166 - INFO - [지표] ADX=nan, Bull=nan, Bear=nan
2026-01-23 16:35:30,209 - INFO - [상태] 포지션: SHORT, 진입가: $89142.00, 현재가: $89531.70, 미실현PnL: $-134.45
2026-01-23 16:35:30,209 - INFO - [지표] ADX=nan, Bull=nan, Bear=nan
2026-01-23 16:40:30,251 - INFO - [상태] 포지션: SHORT, 진입가: $89142.00, 현재가: $89498.00, 미실현PnL: $-122.82
2026-01-23 16:40:30,252 - INFO - [지표] ADX=nan, Bull=nan, Bear=nan
2026-01-23 16:45:00,379 - INFO - [EMA] 증분계산: prev=89577.56, close=89453.5, new=89568.01
2026-01-23 16:45:00,386 - INFO - 15m | 07:30 | O:89515.2 H:89554.8 L:89408.7 C:89453.5
2026-01-23 16:45:00,386 - INFO - 지표: ADX=21.3, ATR=179.6, Bull=False, Bear=False
2026-01-23 16:45:30,296 - INFO - [상태] 포지션: SHORT, 진입가: $89142.00, 현재가: $89408.80, 미실현PnL: $-92.05
2026-01-23 16:45:30,297 - INFO - [지표] ADX=nan, Bull=nan, Bear=nan
2026-01-23 16:50:30,338 - INFO - [상태] 포지션: SHORT, 진입가: $89142.00, 현재가: $89354.80, 미실현PnL: $-73.42
2026-01-23 16:50:30,338 - INFO - [지표] ADX=nan, Bull=nan, Bear=nan
2026-01-23 16:55:30,388 - INFO - [상태] 포지션: SHORT, 진입가: $89142.00, 현재가: $89436.00, 미실현PnL: $-101.43
2026-01-23 16:55:30,388 - INFO - [지표] ADX=nan, Bull=nan, Bear=nan
2026-01-23 17:00:00,052 - INFO - [EMA] 증분계산: prev=89568.01, close=89404.2, new=89555.41
2026-01-23 17:00:00,059 - INFO - 15m | 07:45 | O:89453.6 H:89489.4 L:89312.1 C:89404.2
2026-01-23 17:00:00,059 - INFO - 지표: ADX=21.9, ATR=179.4, Bull=False, Bear=False
2026-01-23 17:00:30,430 - INFO - [상태] 포지션: SHORT, 진입가: $89142.00, 현재가: $89385.20, 미실현PnL: $-83.90
2026-01-23 17:00:30,430 - INFO - [지표] ADX=nan, Bull=nan, Bear=nan
2026-01-23 17:05:30,470 - INFO - [상태] 포지션: SHORT, 진입가: $89142.00, 현재가: $89480.00, 미실현PnL: $-116.61
2026-01-23 17:05:30,471 - INFO - [지표] ADX=nan, Bull=nan, Bear=nan
2026-01-23 17:10:30,515 - INFO - [상태] 포지션: SHORT, 진입가: $89142.00, 현재가: $89450.00, 미실현PnL: $-106.26
2026-01-23 17:10:30,515 - INFO - [지표] ADX=nan, Bull=nan, Bear=nan
2026-01-23 17:15:00,132 - INFO - [EMA] 증분계산: prev=89555.41, close=89419.1, new=89544.93
2026-01-23 17:15:00,141 - INFO - 15m | 08:00 | O:89404.2 H:89500.0 L:89349.1 C:89419.1
2026-01-23 17:15:00,141 - INFO - 지표: ADX=22.4, ATR=177.1, Bull=False, Bear=True
2026-01-23 17:15:30,556 - INFO - [상태] 포지션: SHORT, 진입가: $89142.00, 현재가: $89426.40, 미실현PnL: $-98.12
2026-01-23 17:15:30,557 - INFO - [지표] ADX=nan, Bull=nan, Bear=nan
2026-01-23 17:20:30,601 - INFO - [상태] 포지션: SHORT, 진입가: $89142.00, 현재가: $89401.90, 미실현PnL: $-89.67
2026-01-23 17:20:30,601 - INFO - [지표] ADX=nan, Bull=nan, Bear=nan
2026-01-23 17:25:30,643 - INFO - [상태] 포지션: SHORT, 진입가: $89142.00, 현재가: $89362.10, 미실현PnL: $-75.93
2026-01-23 17:25:30,643 - INFO - [지표] ADX=nan, Bull=nan, Bear=nan
2026-01-23 17:30:01,045 - INFO - [EMA] 증분계산: prev=89544.93, close=89211.4, new=89519.27
2026-01-23 17:30:01,052 - INFO - 15m | 08:15 | O:89422.6 H:89448.0 L:89200.0 C:89211.4
2026-01-23 17:30:01,052 - INFO - 지표: ADX=23.5, ATR=183.0, Bull=False, Bear=True
2026-01-23 17:30:30,685 - INFO - [상태] 포지션: SHORT, 진입가: $89142.00, 현재가: $89237.50, 미실현PnL: $-32.95
2026-01-23 17:30:30,685 - INFO - [지표] ADX=nan, Bull=nan, Bear=nan
2026-01-23 17:35:30,730 - INFO - [상태] 포지션: SHORT, 진입가: $89142.00, 현재가: $89106.50, 미실현PnL: $12.25
2026-01-23 17:35:30,730 - INFO - [지표] ADX=nan, Bull=nan, Bear=nan
2026-01-23 17:40:30,773 - INFO - [상태] 포지션: SHORT, 진입가: $89142.00, 현재가: $89132.40, 미실현PnL: $3.31
2026-01-23 17:40:30,773 - INFO - [지표] ADX=nan, Bull=nan, Bear=nan
2026-01-23 17:45:00,462 - INFO - [EMA] 증분계산: prev=89519.27, close=89231.1, new=89497.10
2026-01-23 17:45:00,468 - INFO - 15m | 08:30 | O:89211.5 H:89290.2 L:88999.9 C:89231.1
2026-01-23 17:45:00,468 - INFO - 지표: ADX=25.3, ATR=191.9, Bull=False, Bear=True
2026-01-23 17:45:30,813 - INFO - [상태] 포지션: SHORT, 진입가: $89142.00, 현재가: $89267.00, 미실현PnL: $-43.12
2026-01-23 17:45:30,813 - INFO - [지표] ADX=nan, Bull=nan, Bear=nan
2026-01-23 17:50:30,855 - INFO - [상태] 포지션: SHORT, 진입가: $89142.00, 현재가: $89156.70, 미실현PnL: $-5.07
2026-01-23 17:50:30,856 - INFO - [지표] ADX=nan, Bull=nan, Bear=nan
2026-01-23 17:55:30,896 - INFO - [상태] 포지션: SHORT, 진입가: $89142.00, 현재가: $89078.40, 미실현PnL: $21.94
2026-01-23 17:55:30,896 - INFO - [지표] ADX=nan, Bull=nan, Bear=nan
2026-01-23 18:00:00,095 - INFO - [EMA] 증분계산: prev=89497.10, close=89094.1, new=89466.10
2026-01-23 18:00:00,101 - INFO - 15m | 08:45 | O:89231.1 H:89300.0 L:89059.3 C:89094.1
2026-01-23 18:00:00,101 - INFO - 지표: ADX=26.9, ATR=196.0, Bull=False, Bear=True
2026-01-23 18:00:30,938 - INFO - [상태] 포지션: SHORT, 진입가: $89142.00, 현재가: $89114.40, 미실현PnL: $9.52
2026-01-23 18:00:30,938 - INFO - [지표] ADX=nan, Bull=nan, Bear=nan
2026-01-23 18:05:30,979 - INFO - [상태] 포지션: SHORT, 진입가: $89142.00, 현재가: $89207.60, 미실현PnL: $-22.63
2026-01-23 18:05:30,979 - INFO - [지표] ADX=nan, Bull=nan, Bear=nan
2026-01-23 18:10:31,020 - INFO - [상태] 포지션: SHORT, 진입가: $89142.00, 현재가: $89223.10, 미실현PnL: $-27.98
2026-01-23 18:10:31,020 - INFO - [지표] ADX=nan, Bull=nan, Bear=nan
2026-01-23 18:15:00,069 - INFO - [EMA] 증분계산: prev=89466.10, close=89105.0, new=89438.33
2026-01-23 18:15:00,075 - INFO - 15m | 09:00 | O:89094.0 H:89263.2 L:89073.9 C:89105.0
2026-01-23 18:15:00,075 - INFO - 지표: ADX=28.4, ATR=195.4, Bull=False, Bear=True
2026-01-23 18:15:31,062 - INFO - [상태] 포지션: SHORT, 진입가: $89142.00, 현재가: $89074.30, 미실현PnL: $23.36
2026-01-23 18:15:31,062 - INFO - [지표] ADX=nan, Bull=nan, Bear=nan
2026-01-23 18:20:31,103 - INFO - [상태] 포지션: SHORT, 진입가: $89142.00, 현재가: $88984.80, 미실현PnL: $54.23
2026-01-23 18:20:31,103 - INFO - [지표] ADX=nan, Bull=nan, Bear=nan
2026-01-23 18:25:31,144 - INFO - [상태] 포지션: SHORT, 진입가: $89142.00, 현재가: $89042.40, 미실현PnL: $34.36
2026-01-23 18:25:31,145 - INFO - [지표] ADX=nan, Bull=nan, Bear=nan
2026-01-23 18:30:00,101 - INFO - [EMA] 증분계산: prev=89438.33, close=89044.3, new=89408.02
2026-01-23 18:30:00,107 - INFO - 15m | 09:15 | O:89106.6 H:89108.8 L:88888.0 C:89044.3
2026-01-23 18:30:00,107 - INFO - 지표: ADX=30.4, ATR=197.5, Bull=False, Bear=True
2026-01-23 18:30:31,187 - INFO - [상태] 포지션: SHORT, 진입가: $89142.00, 현재가: $89046.00, 미실현PnL: $33.12
2026-01-23 18:30:31,187 - INFO - [지표] ADX=nan, Bull=nan, Bear=nan
2026-01-23 18:35:31,226 - INFO - [상태] 포지션: SHORT, 진입가: $89142.00, 현재가: $88900.00, 미실현PnL: $83.49
2026-01-23 18:35:31,226 - INFO - [지표] ADX=nan, Bull=nan, Bear=nan
2026-01-23 18:40:31,268 - INFO - [상태] 포지션: SHORT, 진입가: $89142.00, 현재가: $88984.80, 미실현PnL: $54.23
2026-01-23 18:40:31,269 - INFO - [지표] ADX=nan, Bull=nan, Bear=nan
2026-01-23 18:45:00,235 - INFO - [EMA] 증분계산: prev=89408.02, close=88896.0, new=89368.63
2026-01-23 18:45:00,245 - INFO - 15m | 09:30 | O:89044.3 H:89063.8 L:88825.7 C:88896.0
2026-01-23 18:45:00,245 - INFO - 지표: ADX=32.4, ATR=200.9, Bull=False, Bear=True
2026-01-23 18:45:31,312 - INFO - [상태] 포지션: SHORT, 진입가: $89142.00, 현재가: $88849.90, 미실현PnL: $100.77
2026-01-23 18:45:31,313 - INFO - [지표] ADX=nan, Bull=nan, Bear=nan
2026-01-23 18:50:31,355 - INFO - [상태] 포지션: SHORT, 진입가: $89142.00, 현재가: $88840.80, 미실현PnL: $103.91
2026-01-23 18:50:31,355 - INFO - [지표] ADX=nan, Bull=nan, Bear=nan
2026-01-23 18:55:31,396 - INFO - [상태] 포지션: SHORT, 진입가: $89142.00, 현재가: $88859.80, 미실현PnL: $97.36
2026-01-23 18:55:31,397 - INFO - [지표] ADX=nan, Bull=nan, Bear=nan
2026-01-23 19:00:00,070 - INFO - [EMA] 증분계산: prev=89368.63, close=88856.9, new=89329.27
2026-01-23 19:00:00,077 - INFO - 15m | 09:45 | O:88896.0 H:88905.8 L:88773.5 C:88856.9
2026-01-23 19:00:00,077 - INFO - 지표: ADX=34.4, ATR=195.2, Bull=False, Bear=True
2026-01-23 19:00:31,438 - INFO - [상태] 포지션: SHORT, 진입가: $89142.00, 현재가: $88871.90, 미실현PnL: $93.18
2026-01-23 19:00:31,438 - INFO - [지표] ADX=nan, Bull=nan, Bear=nan
2026-01-23 19:05:31,480 - INFO - [상태] 포지션: SHORT, 진입가: $89142.00, 현재가: $88915.50, 미실현PnL: $78.14
2026-01-23 19:05:31,481 - INFO - [지표] ADX=nan, Bull=nan, Bear=nan
2026-01-23 19:10:31,530 - INFO - [상태] 포지션: SHORT, 진입가: $89142.00, 현재가: $88838.50, 미실현PnL: $104.71
2026-01-23 19:10:31,531 - INFO - [지표] ADX=nan, Bull=nan, Bear=nan
2026-01-23 19:15:00,149 - INFO - [EMA] 증분계산: prev=89329.27, close=88934.4, new=89298.89
2026-01-23 19:15:00,155 - INFO - 15m | 10:00 | O:88856.9 H:88967.5 L:88733.1 C:88934.4
2026-01-23 19:15:00,155 - INFO - 지표: ADX=35.6, ATR=198.5, Bull=False, Bear=True
2026-01-23 19:15:31,572 - INFO - [상태] 포지션: SHORT, 진입가: $89142.00, 현재가: $88894.60, 미실현PnL: $85.35
2026-01-23 19:15:31,572 - INFO - [지표] ADX=nan, Bull=nan, Bear=nan
2026-01-23 19:20:31,612 - INFO - [상태] 포지션: SHORT, 진입가: $89142.00, 현재가: $88987.40, 미실현PnL: $53.34
2026-01-23 19:20:31,612 - INFO - [지표] ADX=nan, Bull=nan, Bear=nan
2026-01-23 19:25:31,655 - INFO - [상태] 포지션: SHORT, 진입가: $89142.00, 현재가: $88975.50, 미실현PnL: $57.44
2026-01-23 19:25:31,656 - INFO - [지표] ADX=nan, Bull=nan, Bear=nan
2026-01-23 19:30:00,542 - INFO - [EMA] 증분계산: prev=89298.89, close=88985.3, new=89274.77
2026-01-23 19:30:00,549 - INFO - 15m | 10:15 | O:88936.0 H:89012.2 L:88880.4 C:88985.3
2026-01-23 19:30:00,549 - INFO - 지표: ADX=36.3, ATR=192.9, Bull=False, Bear=True
2026-01-23 19:30:31,704 - INFO - [상태] 포지션: SHORT, 진입가: $89142.00, 현재가: $88968.00, 미실현PnL: $60.03
2026-01-23 19:30:31,705 - INFO - [지표] ADX=nan, Bull=nan, Bear=nan
2026-01-23 19:35:31,748 - INFO - [상태] 포지션: SHORT, 진입가: $89142.00, 현재가: $88952.60, 미실현PnL: $65.34
2026-01-23 19:35:31,748 - INFO - [지표] ADX=nan, Bull=nan, Bear=nan
2026-01-23 19:40:31,791 - INFO - [상태] 포지션: SHORT, 진입가: $89142.00, 현재가: $88956.00, 미실현PnL: $64.17
2026-01-23 19:40:31,791 - INFO - [지표] ADX=nan, Bull=nan, Bear=nan
2026-01-23 19:45:00,548 - INFO - [EMA] 증분계산: prev=89274.77, close=89003.8, new=89253.93
2026-01-23 19:45:00,555 - INFO - 15m | 10:30 | O:88985.3 H:89013.8 L:88842.6 C:89003.8
2026-01-23 19:45:00,555 - INFO - 지표: ADX=37.0, ATR=191.1, Bull=False, Bear=True
2026-01-23 19:45:31,833 - INFO - [상태] 포지션: SHORT, 진입가: $89142.00, 현재가: $89030.30, 미실현PnL: $38.54
2026-01-23 19:45:31,833 - INFO - [지표] ADX=nan, Bull=nan, Bear=nan
2026-01-23 19:50:31,879 - INFO - [상태] 포지션: SHORT, 진입가: $89142.00, 현재가: $88941.70, 미실현PnL: $69.10
2026-01-23 19:50:31,879 - INFO - [지표] ADX=nan, Bull=nan, Bear=nan
2026-01-23 19:55:31,919 - INFO - [상태] 포지션: SHORT, 진입가: $89142.00, 현재가: $88933.70, 미실현PnL: $71.86
2026-01-23 19:55:31,920 - INFO - [지표] ADX=nan, Bull=nan, Bear=nan
2026-01-23 20:00:00,151 - INFO - [EMA] 증분계산: prev=89253.93, close=88933.2, new=89229.25
2026-01-23 20:00:00,158 - INFO - 15m | 10:45 | O:89003.7 H:89043.9 L:88894.8 C:88933.2
2026-01-23 20:00:00,158 - INFO - 지표: ADX=37.4, ATR=187.6, Bull=False, Bear=True
2026-01-23 20:00:31,962 - INFO - [상태] 포지션: SHORT, 진입가: $89142.00, 현재가: $88921.20, 미실현PnL: $76.18
2026-01-23 20:00:31,962 - INFO - [지표] ADX=nan, Bull=nan, Bear=nan
2026-01-23 20:05:32,005 - INFO - [상태] 포지션: SHORT, 진입가: $89142.00, 현재가: $89021.80, 미실현PnL: $41.47
2026-01-23 20:05:32,005 - INFO - [지표] ADX=nan, Bull=nan, Bear=nan
2026-01-23 20:10:32,049 - INFO - [상태] 포지션: SHORT, 진입가: $89142.00, 현재가: $89054.10, 미실현PnL: $30.33
2026-01-23 20:10:32,049 - INFO - [지표] ADX=nan, Bull=nan, Bear=nan
2026-01-23 20:15:01,809 - INFO - [EMA] 증분계산: prev=89229.25, close=89098.7, new=89219.21
2026-01-23 20:15:01,818 - INFO - 15m | 11:00 | O:88927.2 H:89119.4 L:88878.5 C:89098.7
2026-01-23 20:15:01,818 - INFO - 지표: ADX=37.0, ATR=192.0, Bull=False, Bear=True
2026-01-23 20:15:32,089 - INFO - [상태] 포지션: SHORT, 진입가: $89142.00, 현재가: $89094.70, 미실현PnL: $16.32
2026-01-23 20:15:32,089 - INFO - [지표] ADX=nan, Bull=nan, Bear=nan
2026-01-23 20:20:32,130 - INFO - [상태] 포지션: SHORT, 진입가: $89142.00, 현재가: $89132.40, 미실현PnL: $3.31
2026-01-23 20:20:32,130 - INFO - [지표] ADX=nan, Bull=nan, Bear=nan
2026-01-23 20:25:32,170 - INFO - [상태] 포지션: SHORT, 진입가: $89142.00, 현재가: $89104.50, 미실현PnL: $12.94
2026-01-23 20:25:32,170 - INFO - [지표] ADX=nan, Bull=nan, Bear=nan
2026-01-23 20:30:01,117 - INFO - [EMA] 증분계산: prev=89219.21, close=89115.5, new=89211.23
2026-01-23 20:30:01,127 - INFO - 15m | 11:15 | O:89098.6 H:89159.3 L:89080.0 C:89115.5
2026-01-23 20:30:01,127 - INFO - 지표: ADX=36.1, ATR=182.7, Bull=False, Bear=True
2026-01-23 20:30:32,212 - INFO - [상태] 포지션: SHORT, 진입가: $89142.00, 현재가: $89110.90, 미실현PnL: $10.73
2026-01-23 20:30:32,213 - INFO - [지표] ADX=nan, Bull=nan, Bear=nan
2026-01-23 20:35:32,252 - INFO - [상태] 포지션: SHORT, 진입가: $89142.00, 현재가: $89163.10, 미실현PnL: $-7.28
2026-01-23 20:35:32,252 - INFO - [지표] ADX=nan, Bull=nan, Bear=nan
2026-01-23 20:40:32,296 - INFO - [상태] 포지션: SHORT, 진입가: $89142.00, 현재가: $89137.90, 미실현PnL: $1.41
2026-01-23 20:40:32,296 - INFO - [지표] ADX=nan, Bull=nan, Bear=nan
2026-01-23 20:45:00,557 - INFO - [EMA] 증분계산: prev=89211.23, close=89122.1, new=89204.38
2026-01-23 20:45:00,564 - INFO - 15m | 11:30 | O:89114.0 H:89233.2 L:89104.5 C:89122.1
2026-01-23 20:45:00,564 - INFO - 지표: ADX=34.7, ATR=178.2, Bull=False, Bear=True
2026-01-23 20:45:32,337 - INFO - [상태] 포지션: SHORT, 진입가: $89142.00, 현재가: $89133.00, 미실현PnL: $3.10
2026-01-23 20:45:32,337 - INFO - [지표] ADX=nan, Bull=nan, Bear=nan
2026-01-23 20:50:32,377 - INFO - [상태] 포지션: SHORT, 진입가: $89142.00, 현재가: $89139.60, 미실현PnL: $0.83
2026-01-23 20:50:32,377 - INFO - [지표] ADX=nan, Bull=nan, Bear=nan
2026-01-23 20:55:32,418 - INFO - [상태] 포지션: SHORT, 진입가: $89142.00, 현재가: $89137.60, 미실현PnL: $1.52
2026-01-23 20:55:32,419 - INFO - [지표] ADX=nan, Bull=nan, Bear=nan
2026-01-23 21:00:00,045 - INFO - [EMA] 증분계산: prev=89204.38, close=89087.1, new=89195.36
2026-01-23 21:00:00,052 - INFO - 15m | 11:45 | O:89122.1 H:89156.2 L:89038.4 C:89087.1
2026-01-23 21:00:00,052 - INFO - 지표: ADX=33.8, ATR=173.1, Bull=False, Bear=True
2026-01-23 21:00:32,471 - INFO - [상태] 포지션: SHORT, 진입가: $89142.00, 현재가: $89068.20, 미실현PnL: $25.46
2026-01-23 21:00:32,471 - INFO - [지표] ADX=nan, Bull=nan, Bear=nan
2026-01-23 21:05:32,515 - INFO - [상태] 포지션: SHORT, 진입가: $89142.00, 현재가: $89113.00, 미실현PnL: $10.00
2026-01-23 21:05:32,515 - INFO - [지표] ADX=nan, Bull=nan, Bear=nan
2026-01-23 21:10:32,560 - INFO - [상태] 포지션: SHORT, 진입가: $89142.00, 현재가: $89109.30, 미실현PnL: $11.28
2026-01-23 21:10:32,560 - INFO - [지표] ADX=nan, Bull=nan, Bear=nan
2026-01-23 21:15:00,214 - INFO - [EMA] 증분계산: prev=89195.36, close=89030.6, new=89182.68
2026-01-23 21:15:00,224 - INFO - 15m | 12:00 | O:89087.1 H:89129.0 L:89030.6 C:89030.6
2026-01-23 21:15:00,224 - INFO - 지표: ADX=33.0, ATR=166.9, Bull=False, Bear=True
2026-01-23 21:15:32,600 - INFO - [상태] 포지션: SHORT, 진입가: $89142.00, 현재가: $89032.80, 미실현PnL: $37.67
2026-01-23 21:15:32,600 - INFO - [지표] ADX=nan, Bull=nan, Bear=nan
2026-01-23 21:20:32,644 - INFO - [상태] 포지션: SHORT, 진입가: $89142.00, 현재가: $89014.90, 미실현PnL: $43.85
2026-01-23 21:20:32,644 - INFO - [지표] ADX=nan, Bull=nan, Bear=nan
2026-01-23 21:25:32,688 - INFO - [상태] 포지션: SHORT, 진입가: $89142.00, 현재가: $89055.10, 미실현PnL: $29.98
2026-01-23 21:25:32,689 - INFO - [지표] ADX=nan, Bull=nan, Bear=nan
2026-01-23 21:30:01,122 - INFO - [EMA] 증분계산: prev=89182.68, close=89045.9, new=89172.16
2026-01-23 21:30:01,128 - INFO - 15m | 12:15 | O:89030.7 H:89065.5 L:89001.6 C:89045.9
2026-01-23 21:30:01,128 - INFO - 지표: ADX=32.4, ATR=158.3, Bull=False, Bear=True
2026-01-23 21:30:32,732 - INFO - [상태] 포지션: SHORT, 진입가: $89142.00, 현재가: $89064.30, 미실현PnL: $26.81
2026-01-23 21:30:32,732 - INFO - [지표] ADX=nan, Bull=nan, Bear=nan
2026-01-23 21:35:32,775 - INFO - [상태] 포지션: SHORT, 진입가: $89142.00, 현재가: $89007.50, 미실현PnL: $46.40
2026-01-23 21:35:32,775 - INFO - [지표] ADX=nan, Bull=nan, Bear=nan
2026-01-23 21:40:32,817 - INFO - [상태] 포지션: SHORT, 진입가: $89142.00, 현재가: $89070.20, 미실현PnL: $24.77
2026-01-23 21:40:32,817 - INFO - [지표] ADX=nan, Bull=nan, Bear=nan
2026-01-23 21:45:00,293 - INFO - [EMA] 증분계산: prev=89172.16, close=89127.7, new=89168.74
2026-01-23 21:45:00,300 - INFO - 15m | 12:30 | O:89046.0 H:89127.7 L:88974.0 C:89127.7
2026-01-23 21:45:00,301 - INFO - 지표: ADX=31.2, ATR=157.9, Bull=False, Bear=True
2026-01-23 21:45:32,858 - INFO - [상태] 포지션: SHORT, 진입가: $89142.00, 현재가: $89163.40, 미실현PnL: $-7.38
2026-01-23 21:45:32,859 - INFO - [지표] ADX=nan, Bull=nan, Bear=nan
2026-01-23 21:50:32,901 - INFO - [상태] 포지션: SHORT, 진입가: $89142.00, 현재가: $89201.10, 미실현PnL: $-20.39
2026-01-23 21:50:32,901 - INFO - [지표] ADX=nan, Bull=nan, Bear=nan
2026-01-23 21:55:32,943 - INFO - [상태] 포지션: SHORT, 진입가: $89142.00, 현재가: $89194.30, 미실현PnL: $-18.04
2026-01-23 21:55:32,944 - INFO - [지표] ADX=nan, Bull=nan, Bear=nan
2026-01-23 22:00:00,082 - INFO - [EMA] 증분계산: prev=89168.74, close=89140.4, new=89166.56
2026-01-23 22:00:00,088 - INFO - 15m | 12:45 | O:89127.6 H:89263.0 L:89121.3 C:89140.4
2026-01-23 22:00:00,088 - INFO - 지표: ADX=29.1, ATR=156.6, Bull=False, Bear=True
2026-01-23 22:00:32,984 - INFO - [상태] 포지션: SHORT, 진입가: $89142.00, 현재가: $89122.30, 미실현PnL: $6.80
2026-01-23 22:00:32,984 - INFO - [지표] ADX=nan, Bull=nan, Bear=nan
2026-01-23 22:05:33,032 - INFO - [상태] 포지션: SHORT, 진입가: $89142.00, 현재가: $89194.40, 미실현PnL: $-18.08
2026-01-23 22:05:33,033 - INFO - [지표] ADX=nan, Bull=nan, Bear=nan
2026-01-23 22:10:33,076 - INFO - [상태] 포지션: SHORT, 진입가: $89142.00, 현재가: $89228.80, 미실현PnL: $-29.95
2026-01-23 22:10:33,077 - INFO - [지표] ADX=nan, Bull=nan, Bear=nan
2026-01-23 22:15:00,621 - INFO - [EMA] 증분계산: prev=89166.56, close=89281.0, new=89175.36
2026-01-23 22:15:00,628 - INFO - 15m | 13:00 | O:89140.5 H:89310.8 L:89111.0 C:89281.0
2026-01-23 22:15:00,628 - INFO - 지표: ADX=27.4, ATR=160.2, Bull=False, Bear=True
2026-01-23 22:15:33,121 - INFO - [상태] 포지션: SHORT, 진입가: $89142.00, 현재가: $89286.80, 미실현PnL: $-49.96
2026-01-23 22:15:33,121 - INFO - [지표] ADX=nan, Bull=nan, Bear=nan
2026-01-23 22:20:33,166 - INFO - [상태] 포지션: SHORT, 진입가: $89142.00, 현재가: $89293.20, 미실현PnL: $-52.16
2026-01-23 22:20:33,166 - INFO - [지표] ADX=nan, Bull=nan, Bear=nan
2026-01-23 22:25:33,211 - INFO - [상태] 포지션: SHORT, 진입가: $89142.00, 현재가: $89220.90, 미실현PnL: $-27.22
2026-01-23 22:25:33,211 - INFO - [지표] ADX=nan, Bull=nan, Bear=nan
2026-01-23 22:30:00,624 - INFO - [EMA] 증분계산: prev=89175.36, close=89134.0, new=89172.18
2026-01-23 22:30:00,634 - INFO - 15m | 13:15 | O:89280.4 H:89312.0 L:89133.9 C:89134.0
2026-01-23 22:30:00,634 - INFO - 지표: ADX=25.9, ATR=161.7, Bull=False, Bear=True
2026-01-23 22:30:33,253 - INFO - [상태] 포지션: SHORT, 진입가: $89142.00, 현재가: $89119.70, 미실현PnL: $7.69
2026-01-23 22:30:33,253 - INFO - [지표] ADX=nan, Bull=nan, Bear=nan
2026-01-23 22:35:33,300 - INFO - [상태] 포지션: SHORT, 진입가: $89142.00, 현재가: $89155.90, 미실현PnL: $-4.80
2026-01-23 22:35:33,300 - INFO - [지표] ADX=nan, Bull=nan, Bear=nan
2026-01-23 22:40:33,342 - INFO - [상태] 포지션: SHORT, 진입가: $89142.00, 현재가: $89132.40, 미실현PnL: $3.31
2026-01-23 22:40:33,343 - INFO - [지표] ADX=nan, Bull=nan, Bear=nan
2026-01-23 22:45:00,401 - INFO - [EMA] 증분계산: prev=89172.18, close=89230.5, new=89176.67
2026-01-23 22:45:00,407 - INFO - 15m | 13:30 | O:89134.0 H:89236.1 L:89108.6 C:89230.5
2026-01-23 22:45:00,407 - INFO - 지표: ADX=24.3, ATR=158.8, Bull=False, Bear=True
2026-01-23 22:45:33,385 - INFO - [상태] 포지션: SHORT, 진입가: $89142.00, 현재가: $89270.20, 미실현PnL: $-44.23
2026-01-23 22:45:33,385 - INFO - [지표] ADX=nan, Bull=nan, Bear=nan
2026-01-23 22:50:33,428 - INFO - [상태] 포지션: SHORT, 진입가: $89142.00, 현재가: $89232.90, 미실현PnL: $-31.36
2026-01-23 22:50:33,429 - INFO - [지표] ADX=nan, Bull=nan, Bear=nan
2026-01-23 22:55:33,475 - INFO - [상태] 포지션: SHORT, 진입가: $89142.00, 현재가: $89215.30, 미실현PnL: $-25.29
2026-01-23 22:55:33,475 - INFO - [지표] ADX=nan, Bull=nan, Bear=nan
2026-01-23 23:00:00,190 - INFO - [EMA] 증분계산: prev=89176.67, close=89226.0, new=89180.46
2026-01-23 23:00:00,196 - INFO - 15m | 13:45 | O:89230.5 H:89330.1 L:89186.0 C:89226.0
2026-01-23 23:00:00,196 - INFO - 지표: ADX=23.5, ATR=157.6, Bull=False, Bear=True
2026-01-23 23:00:33,517 - INFO - [상태] 포지션: SHORT, 진입가: $89142.00, 현재가: $89219.60, 미실현PnL: $-26.77
2026-01-23 23:00:33,518 - INFO - [지표] ADX=nan, Bull=nan, Bear=nan
2026-01-23 23:05:33,561 - INFO - [상태] 포지션: SHORT, 진입가: $89142.00, 현재가: $89308.30, 미실현PnL: $-57.37
2026-01-23 23:05:33,562 - INFO - [지표] ADX=nan, Bull=nan, Bear=nan
2026-01-23 23:10:33,608 - INFO - [상태] 포지션: SHORT, 진입가: $89142.00, 현재가: $89326.00, 미실현PnL: $-63.48
2026-01-23 23:10:33,608 - INFO - [지표] ADX=nan, Bull=nan, Bear=nan
2026-01-23 23:15:00,579 - INFO - [EMA] 증분계산: prev=89180.46, close=89327.0, new=89191.73
2026-01-23 23:15:00,585 - INFO - 15m | 14:00 | O:89226.1 H:89355.0 L:89125.0 C:89327.0
2026-01-23 23:15:00,585 - INFO - 지표: ADX=22.3, ATR=163.6, Bull=False, Bear=True
2026-01-23 23:15:33,650 - INFO - [상태] 포지션: SHORT, 진입가: $89142.00, 현재가: $89314.70, 미실현PnL: $-59.58
2026-01-23 23:15:33,651 - INFO - [지표] ADX=nan, Bull=nan, Bear=nan
2026-01-23 23:20:33,694 - INFO - [상태] 포지션: SHORT, 진입가: $89142.00, 현재가: $89327.40, 미실현PnL: $-63.96
2026-01-23 23:20:33,694 - INFO - [지표] ADX=nan, Bull=nan, Bear=nan
2026-01-23 23:25:33,737 - INFO - [상태] 포지션: SHORT, 진입가: $89142.00, 현재가: $89482.60, 미실현PnL: $-117.51
2026-01-23 23:25:33,738 - INFO - [지표] ADX=nan, Bull=nan, Bear=nan
2026-01-23 23:30:00,095 - INFO - [EMA] 증분계산: prev=89191.73, close=89552.5, new=89219.49
2026-01-23 23:30:00,102 - INFO - 15m | 14:15 | O:89327.0 H:89579.8 L:89294.5 C:89552.5
2026-01-23 23:30:00,102 - INFO - 지표: ADX=22.6, ATR=173.8, Bull=False, Bear=True
2026-01-23 23:30:33,780 - INFO - [상태] 포지션: SHORT, 진입가: $89142.00, 현재가: $89542.60, 미실현PnL: $-138.21
2026-01-23 23:30:33,781 - INFO - [지표] ADX=nan, Bull=nan, Bear=nan
2026-01-23 23:35:33,824 - INFO - [상태] 포지션: SHORT, 진입가: $89142.00, 현재가: $89035.50, 미실현PnL: $36.74
2026-01-23 23:35:33,825 - INFO - [지표] ADX=nan, Bull=nan, Bear=nan
2026-01-23 23:40:33,867 - INFO - [상태] 포지션: SHORT, 진입가: $89142.00, 현재가: $88596.60, 미실현PnL: $188.16
2026-01-23 23:40:33,867 - INFO - [지표] ADX=nan, Bull=nan, Bear=nan
2026-01-23 23:45:00,105 - INFO - [EMA] 증분계산: prev=89219.49, close=88846.7, new=89190.81
2026-01-23 23:45:00,111 - INFO - 15m | 14:30 | O:89551.8 H:89600.0 L:88525.1 C:88846.7
2026-01-23 23:45:00,111 - INFO - 지표: ADX=23.1, ATR=248.9, Bull=False, Bear=True
2026-01-23 23:45:33,910 - INFO - [상태] 포지션: SHORT, 진입가: $89142.00, 현재가: $88772.90, 미실현PnL: $127.34
2026-01-23 23:45:33,910 - INFO - [지표] ADX=nan, Bull=nan, Bear=nan
2026-01-23 23:50:33,954 - INFO - [상태] 포지션: SHORT, 진입가: $89142.00, 현재가: $88748.00, 미실현PnL: $135.93
2026-01-23 23:50:33,954 - INFO - [지표] ADX=nan, Bull=nan, Bear=nan
2026-01-23 23:55:33,999 - INFO - [상태] 포지션: SHORT, 진입가: $89142.00, 현재가: $88793.80, 미실현PnL: $120.13
2026-01-23 23:55:33,999 - INFO - [지표] ADX=nan, Bull=nan, Bear=nan
2026-01-24 00:00:00,106 - INFO - [EMA] 증분계산: prev=89190.81, close=88892.6, new=89167.87
2026-01-24 00:00:00,116 - INFO - 15m | 14:45 | O:88848.0 H:89017.7 L:88564.1 C:88892.6
2026-01-24 00:00:00,116 - INFO - 지표: ADX=23.7, ATR=265.9, Bull=False, Bear=True
2026-01-24 00:00:34,040 - INFO - [상태] 포지션: SHORT, 진입가: $89142.00, 현재가: $88900.00, 미실현PnL: $83.49
2026-01-24 00:00:34,041 - INFO - [지표] ADX=nan, Bull=nan, Bear=nan
2026-01-24 00:05:34,104 - INFO - [상태] 포지션: SHORT, 진입가: $89142.00, 현재가: $88842.70, 미실현PnL: $103.26
2026-01-24 00:05:34,104 - INFO - [지표] ADX=nan, Bull=nan, Bear=nan
2026-01-24 00:10:34,219 - INFO - [상태] 포지션: SHORT, 진입가: $89142.00, 현재가: $88906.30, 미실현PnL: $81.32
2026-01-24 00:10:34,219 - INFO - [지표] ADX=nan, Bull=nan, Bear=nan
2026-01-24 00:15:00,085 - INFO - [EMA] 증분계산: prev=89167.87, close=88698.7, new=89131.78
2026-01-24 00:15:00,095 - INFO - 15m | 15:00 | O:88892.6 H:89066.1 L:88637.5 C:88698.7
2026-01-24 00:15:00,095 - INFO - 지표: ADX=23.8, ATR=279.5, Bull=False, Bear=True
2026-01-24 00:15:34,261 - INFO - [상태] 포지션: SHORT, 진입가: $89142.00, 현재가: $88687.20, 미실현PnL: $156.91
2026-01-24 00:15:34,261 - INFO - [지표] ADX=nan, Bull=nan, Bear=nan
2026-01-24 00:20:34,303 - INFO - [상태] 포지션: SHORT, 진입가: $89142.00, 현재가: $88763.80, 미실현PnL: $130.48
2026-01-24 00:20:34,303 - INFO - [지표] ADX=nan, Bull=nan, Bear=nan
2026-01-24 00:25:34,345 - INFO - [상태] 포지션: SHORT, 진입가: $89142.00, 현재가: $89001.20, 미실현PnL: $48.58
2026-01-24 00:25:34,345 - INFO - [지표] ADX=nan, Bull=nan, Bear=nan
2026-01-24 00:30:00,032 - INFO - [EMA] 증분계산: prev=89131.78, close=88847.6, new=89109.92
2026-01-24 00:30:00,038 - INFO - 15m | 15:15 | O:88693.2 H:89153.8 L:88440.0 C:88847.6
2026-01-24 00:30:00,039 - INFO - 지표: ADX=24.7, ATR=315.7, Bull=False, Bear=True
2026-01-24 00:30:34,387 - INFO - [상태] 포지션: SHORT, 진입가: $89142.00, 현재가: $88823.10, 미실현PnL: $110.02
2026-01-24 00:30:34,388 - INFO - [지표] ADX=nan, Bull=nan, Bear=nan
2026-01-24 00:35:34,430 - INFO - [상태] 포지션: SHORT, 진입가: $89142.00, 현재가: $88834.60, 미실현PnL: $106.05
2026-01-24 00:35:34,430 - INFO - [지표] ADX=nan, Bull=nan, Bear=nan
2026-01-24 00:40:34,474 - INFO - [상태] 포지션: SHORT, 진입가: $89142.00, 현재가: $89070.50, 미실현PnL: $24.67
2026-01-24 00:40:34,474 - INFO - [지표] ADX=nan, Bull=nan, Bear=nan
2026-01-24 00:45:00,054 - INFO - [EMA] 증분계산: prev=89109.92, close=89139.7, new=89112.21
2026-01-24 00:45:00,061 - INFO - 15m | 15:30 | O:88846.1 H:89167.4 L:88798.8 C:89139.7
2026-01-24 00:45:00,061 - INFO - 지표: ADX=25.3, ATR=320.1, Bull=False, Bear=True
2026-01-24 00:45:34,514 - INFO - [상태] 포지션: SHORT, 진입가: $89142.00, 현재가: $89152.30, 미실현PnL: $-3.55
2026-01-24 00:45:34,515 - INFO - [지표] ADX=nan, Bull=nan, Bear=nan
2026-01-24 00:50:34,554 - INFO - [상태] 포지션: SHORT, 진입가: $89142.00, 현재가: $89535.60, 미실현PnL: $-135.79
2026-01-24 00:50:34,554 - INFO - [지표] ADX=nan, Bull=nan, Bear=nan
2026-01-24 00:55:34,595 - INFO - [상태] 포지션: SHORT, 진입가: $89142.00, 현재가: $89502.80, 미실현PnL: $-124.48
2026-01-24 00:55:34,596 - INFO - [지표] ADX=nan, Bull=nan, Bear=nan
2026-01-24 01:00:00,115 - INFO - [EMA] 증분계산: prev=89112.21, close=89632.7, new=89152.25
2026-01-24 01:00:00,122 - INFO - 15m | 15:45 | O:89139.1 H:89757.5 L:89130.1 C:89632.7
2026-01-24 01:00:00,122 - INFO - 지표: ADX=23.9, ATR=345.7, Bull=False, Bear=False
2026-01-24 01:00:34,638 - INFO - [상태] 포지션: SHORT, 진입가: $89142.00, 현재가: $89582.60, 미실현PnL: $-152.01
2026-01-24 01:00:34,638 - INFO - [지표] ADX=nan, Bull=nan, Bear=nan
2026-01-24 01:05:34,679 - INFO - [상태] 포지션: SHORT, 진입가: $89142.00, 현재가: $89814.10, 미실현PnL: $-231.87
2026-01-24 01:05:34,680 - INFO - [지표] ADX=nan, Bull=nan, Bear=nan
2026-01-24 01:10:34,720 - INFO - [상태] 포지션: SHORT, 진입가: $89142.00, 현재가: $89650.00, 미실현PnL: $-175.26
2026-01-24 01:10:34,720 - INFO - [지표] ADX=nan, Bull=nan, Bear=nan
2026-01-24 01:15:00,080 - INFO - [EMA] 증분계산: prev=89152.25, close=89628.0, new=89188.85
2026-01-24 01:15:00,090 - INFO - 15m | 16:00 | O:89630.9 H:89860.0 L:89532.7 C:89628.0
2026-01-24 01:15:00,090 - INFO - 지표: ADX=23.0, ATR=344.2, Bull=False, Bear=False
2026-01-24 01:15:34,762 - INFO - [상태] 포지션: SHORT, 진입가: $89142.00, 현재가: $89558.50, 미실현PnL: $-143.69
2026-01-24 01:15:34,762 - INFO - [지표] ADX=nan, Bull=nan, Bear=nan
2026-01-24 01:20:34,803 - INFO - [상태] 포지션: SHORT, 진입가: $89142.00, 현재가: $89544.70, 미실현PnL: $-138.93
2026-01-24 01:20:34,803 - INFO - [지표] ADX=nan, Bull=nan, Bear=nan
2026-01-24 01:25:34,846 - INFO - [상태] 포지션: SHORT, 진입가: $89142.00, 현재가: $89592.70, 미실현PnL: $-155.49
2026-01-24 01:25:34,846 - INFO - [지표] ADX=nan, Bull=nan, Bear=nan
2026-01-24 01:30:00,039 - INFO - [EMA] 증분계산: prev=89188.85, close=89460.0, new=89209.70
2026-01-24 01:30:00,046 - INFO - 15m | 16:15 | O:89627.3 H:89657.7 L:89402.4 C:89460.0
2026-01-24 01:30:00,046 - INFO - 지표: ADX=21.6, ATR=336.8, Bull=False, Bear=True
2026-01-24 01:30:34,888 - INFO - [상태] 포지션: SHORT, 진입가: $89142.00, 현재가: $89518.20, 미실현PnL: $-129.79
2026-01-24 01:30:34,889 - INFO - [지표] ADX=nan, Bull=nan, Bear=nan
2026-01-24 01:35:34,932 - INFO - [상태] 포지션: SHORT, 진입가: $89142.00, 현재가: $89712.90, 미실현PnL: $-196.96
2026-01-24 01:35:34,933 - INFO - [지표] ADX=nan, Bull=nan, Bear=nan
2026-01-24 01:40:34,976 - INFO - [상태] 포지션: SHORT, 진입가: $89142.00, 현재가: $90075.80, 미실현PnL: $-322.16
2026-01-24 01:40:34,976 - INFO - [지표] ADX=nan, Bull=nan, Bear=nan
2026-01-24 01:41:19,336 - WARNING - [LIVE] SL 체결 감지: $90239.60
2026-01-24 01:41:19,336 - WARNING - [LIVE] SL 청산: PnL=$-378.67, 수수료=$24.7547, 순익=$-403.43
2026-01-24 01:41:19,336 - WARNING - [LIVE] 자본금 업데이트: $5809.76 → $5406.33
2026-01-24 01:41:19,376 - INFO - 모든 대기 주문 취소 완료
2026-01-24 01:41:19,928 - WARNING - [자본금 동기화] 로컬: $5406.33 → 사용가능: $5453.64 (실제 잔고 $6059.60의 90%)
2026-01-24 01:41:19,929 - INFO - 거래 기록 저장: SL @ $90239.60
2026-01-24 01:45:00,098 - INFO - [EMA] 증분계산: prev=89209.70, close=90155.7, new=89282.47
2026-01-24 01:45:00,104 - INFO - 15m | 16:30 | O:89460.0 H:90311.9 L:89365.0 C:90155.7
2026-01-24 01:45:00,105 - INFO - 지표: ADX=22.1, ATR=387.6, Bull=False, Bear=False
2026-01-24 01:45:34,977 - INFO - [상태] 포지션 없음, 자본금: $5453.64
2026-01-24 01:45:34,977 - INFO - [지표] ADX=nan, Bull=nan, Bear=nan
2026-01-24 01:50:34,979 - INFO - [상태] 포지션 없음, 자본금: $5453.64
2026-01-24 01:50:34,979 - INFO - [지표] ADX=nan, Bull=nan, Bear=nan
2026-01-24 01:55:34,980 - INFO - [상태] 포지션 없음, 자본금: $5453.64
2026-01-24 01:55:34,981 - INFO - [지표] ADX=nan, Bull=nan, Bear=nan
2026-01-24 02:00:00,039 - INFO - [EMA] 증분계산: prev=89282.47, close=90006.1, new=89338.14
2026-01-24 02:00:00,048 - INFO - 15m | 16:45 | O:90151.8 H:90385.8 L:89987.5 C:90006.1
2026-01-24 02:00:00,049 - INFO - 지표: ADX=22.7, ATR=388.5, Bull=False, Bear=False
2026-01-24 02:00:34,982 - INFO - [상태] 포지션 없음, 자본금: $5453.64
2026-01-24 02:00:34,982 - INFO - [지표] ADX=nan, Bull=nan, Bear=nan
2026-01-24 02:05:34,983 - INFO - [상태] 포지션 없음, 자본금: $5453.64
2026-01-24 02:05:34,983 - INFO - [지표] ADX=nan, Bull=nan, Bear=nan
2026-01-24 02:10:34,985 - INFO - [상태] 포지션 없음, 자본금: $5453.64
2026-01-24 02:10:34,985 - INFO - [지표] ADX=nan, Bull=nan, Bear=nan
2026-01-24 02:15:00,078 - INFO - [EMA] 증분계산: prev=89338.14, close=90090.7, new=89396.03
2026-01-24 02:15:00,088 - INFO - 15m | 17:00 | O:90010.0 H:90090.8 L:89855.1 C:90090.7
2026-01-24 02:15:00,088 - INFO - 지표: ADX=22.8, ATR=375.8, Bull=False, Bear=False
2026-01-24 02:15:34,987 - INFO - [상태] 포지션 없음, 자본금: $5453.64
2026-01-24 02:15:34,987 - INFO - [지표] ADX=nan, Bull=nan, Bear=nan
2026-01-24 02:20:34,989 - INFO - [상태] 포지션 없음, 자본금: $5453.64
2026-01-24 02:20:34,989 - INFO - [지표] ADX=nan, Bull=nan, Bear=nan
2026-01-24 02:25:34,990 - INFO - [상태] 포지션 없음, 자본금: $5453.64
2026-01-24 02:25:34,990 - INFO - [지표] ADX=nan, Bull=nan, Bear=nan
2026-01-24 02:30:00,107 - INFO - [EMA] 증분계산: prev=89396.03, close=90867.6, new=89509.22
2026-01-24 02:30:00,114 - INFO - 15m | 17:15 | O:90089.0 H:90880.0 L:90089.0 C:90867.6
2026-01-24 02:30:00,114 - INFO - 지표: ADX=24.3, ATR=410.4, Bull=False, Bear=False
2026-01-24 02:30:34,991 - INFO - [상태] 포지션 없음, 자본금: $5453.64
2026-01-24 02:30:34,991 - INFO - [지표] ADX=nan, Bull=nan, Bear=nan
2026-01-24 02:35:34,994 - INFO - [상태] 포지션 없음, 자본금: $5453.64
2026-01-24 02:35:34,995 - INFO - [지표] ADX=nan, Bull=nan, Bear=nan
2026-01-24 02:40:34,996 - INFO - [상태] 포지션 없음, 자본금: $5453.64
2026-01-24 02:40:34,996 - INFO - [지표] ADX=nan, Bull=nan, Bear=nan
2026-01-24 02:45:00,095 - INFO - [EMA] 증분계산: prev=89509.22, close=90725.4, new=89602.78
2026-01-24 02:45:00,105 - INFO - 15m | 17:30 | O:90867.5 H:91116.8 L:90647.1 C:90725.4
2026-01-24 02:45:00,105 - INFO - 지표: ADX=26.1, ATR=415.3, Bull=False, Bear=False
2026-01-24 02:45:34,997 - INFO - [상태] 포지션 없음, 자본금: $5453.64
2026-01-24 02:45:34,997 - INFO - [지표] ADX=nan, Bull=nan, Bear=nan
2026-01-24 02:50:34,998 - INFO - [상태] 포지션 없음, 자본금: $5453.64
2026-01-24 02:50:34,999 - INFO - [지표] ADX=nan, Bull=nan, Bear=nan
2026-01-24 02:55:35,000 - INFO - [상태] 포지션 없음, 자본금: $5453.64
2026-01-24 02:55:35,000 - INFO - [지표] ADX=nan, Bull=nan, Bear=nan
2026-01-24 03:00:00,113 - INFO - [EMA] 증분계산: prev=89602.78, close=90492.3, new=89671.20
2026-01-24 03:00:00,119 - INFO - 15m | 17:45 | O:90727.3 H:90946.6 L:90449.9 C:90492.3
2026-01-24 03:00:00,119 - INFO - 지표: ADX=27.0, ATR=422.1, Bull=False, Bear=False
2026-01-24 03:00:35,001 - INFO - [상태] 포지션 없음, 자본금: $5453.64
2026-01-24 03:00:35,001 - INFO - [지표] ADX=nan, Bull=nan, Bear=nan
2026-01-24 03:05:35,002 - INFO - [상태] 포지션 없음, 자본금: $5453.64
2026-01-24 03:05:35,003 - INFO - [지표] ADX=nan, Bull=nan, Bear=nan
2026-01-24 03:10:35,004 - INFO - [상태] 포지션 없음, 자본금: $5453.64
2026-01-24 03:10:35,005 - INFO - [지표] ADX=nan, Bull=nan, Bear=nan
2026-01-24 03:15:00,087 - INFO - [EMA] 증분계산: prev=89671.20, close=90636.3, new=89745.44
2026-01-24 03:15:00,093 - INFO - 15m | 18:00 | O:90492.4 H:90919.3 L:90335.0 C:90636.3
2026-01-24 03:15:00,094 - INFO - 지표: ADX=27.4, ATR=435.6, Bull=False, Bear=False
2026-01-24 03:15:35,008 - INFO - [상태] 포지션 없음, 자본금: $5453.64
2026-01-24 03:15:35,008 - INFO - [지표] ADX=nan, Bull=nan, Bear=nan
2026-01-24 03:20:35,009 - INFO - [상태] 포지션 없음, 자본금: $5453.64
2026-01-24 03:20:35,009 - INFO - [지표] ADX=nan, Bull=nan, Bear=nan
2026-01-24 03:25:35,010 - INFO - [상태] 포지션 없음, 자본금: $5453.64
2026-01-24 03:25:35,010 - INFO - [지표] ADX=nan, Bull=nan, Bear=nan
2026-01-24 03:30:00,089 - INFO - [EMA] 증분계산: prev=89745.44, close=90759.5, new=89823.44
2026-01-24 03:30:00,096 - INFO - 15m | 18:15 | O:90636.4 H:90843.0 L:90523.7 C:90759.5
2026-01-24 03:30:00,096 - INFO - 지표: ADX=27.8, ATR=425.9, Bull=False, Bear=False
2026-01-24 03:30:35,013 - INFO - [상태] 포지션 없음, 자본금: $5453.64
2026-01-24 03:30:35,013 - INFO - [지표] ADX=nan, Bull=nan, Bear=nan
2026-01-24 03:35:35,015 - INFO - [상태] 포지션 없음, 자본금: $5453.64
2026-01-24 03:35:35,015 - INFO - [지표] ADX=nan, Bull=nan, Bear=nan
2026-01-24 03:40:35,016 - INFO - [상태] 포지션 없음, 자본금: $5453.64
2026-01-24 03:40:35,016 - INFO - [지표] ADX=nan, Bull=nan, Bear=nan
2026-01-24 03:45:00,878 - INFO - [EMA] 증분계산: prev=89823.44, close=90628.3, new=89885.36
2026-01-24 03:45:00,885 - INFO - 15m | 18:30 | O:90760.5 H:90915.8 L:90590.6 C:90628.3
2026-01-24 03:45:00,885 - INFO - 지표: ADX=28.3, ATR=417.5, Bull=False, Bear=False
2026-01-24 03:45:35,017 - INFO - [상태] 포지션 없음, 자본금: $5453.64
2026-01-24 03:45:35,017 - INFO - [지표] ADX=nan, Bull=nan, Bear=nan
2026-01-24 03:50:35,020 - INFO - [상태] 포지션 없음, 자본금: $5453.64
2026-01-24 03:50:35,020 - INFO - [지표] ADX=nan, Bull=nan, Bear=nan
2026-01-24 03:55:35,021 - INFO - [상태] 포지션 없음, 자본금: $5453.64
2026-01-24 03:55:35,021 - INFO - [지표] ADX=nan, Bull=nan, Bear=nan
2026-01-24 04:00:00,131 - INFO - [EMA] 증분계산: prev=89885.36, close=90406.9, new=89925.47
2026-01-24 04:00:00,138 - INFO - 15m | 18:45 | O:90628.2 H:90628.2 L:90385.9 C:90406.9
2026-01-24 04:00:00,138 - INFO - 지표: ADX=28.0, ATR=402.9, Bull=False, Bear=False
2026-01-24 04:00:35,023 - INFO - [상태] 포지션 없음, 자본금: $5453.64
2026-01-24 04:00:35,023 - INFO - [지표] ADX=nan, Bull=nan, Bear=nan
2026-01-24 04:05:35,024 - INFO - [상태] 포지션 없음, 자본금: $5453.64
2026-01-24 04:05:35,025 - INFO - [지표] ADX=nan, Bull=nan, Bear=nan
2026-01-24 04:10:35,027 - INFO - [상태] 포지션 없음, 자본금: $5453.64
2026-01-24 04:10:35,027 - INFO - [지표] ADX=nan, Bull=nan, Bear=nan
2026-01-24 04:15:00,041 - INFO - [EMA] 증분계산: prev=89925.47, close=90164.2, new=89943.84
2026-01-24 04:15:00,047 - INFO - 15m | 19:00 | O:90406.9 H:90424.9 L:90105.4 C:90164.2
2026-01-24 04:15:00,047 - INFO - 지표: ADX=26.8, ATR=396.0, Bull=False, Bear=False
2026-01-24 04:15:35,029 - INFO - [상태] 포지션 없음, 자본금: $5453.64
2026-01-24 04:15:35,029 - INFO - [지표] ADX=nan, Bull=nan, Bear=nan
2026-01-24 04:20:35,031 - INFO - [상태] 포지션 없음, 자본금: $5453.64
2026-01-24 04:20:35,031 - INFO - [지표] ADX=nan, Bull=nan, Bear=nan
2026-01-24 04:25:35,032 - INFO - [상태] 포지션 없음, 자본금: $5453.64
2026-01-24 04:25:35,033 - INFO - [지표] ADX=nan, Bull=nan, Bear=nan
2026-01-24 04:30:00,058 - INFO - [EMA] 증분계산: prev=89943.84, close=89729.8, new=89927.37
2026-01-24 04:30:00,068 - INFO - 15m | 19:15 | O:90165.0 H:90171.9 L:89634.5 C:89729.8
2026-01-24 04:30:00,068 - INFO - 지표: ADX=25.4, ATR=407.8, Bull=False, Bear=False
2026-01-24 04:30:35,033 - INFO - [상태] 포지션 없음, 자본금: $5453.64
2026-01-24 04:30:35,034 - INFO - [지표] ADX=nan, Bull=nan, Bear=nan
2026-01-24 04:35:35,034 - INFO - [상태] 포지션 없음, 자본금: $5453.64
2026-01-24 04:35:35,035 - INFO - [지표] ADX=nan, Bull=nan, Bear=nan
2026-01-24 04:40:35,038 - INFO - [상태] 포지션 없음, 자본금: $5453.64
2026-01-24 04:40:35,038 - INFO - [지표] ADX=nan, Bull=nan, Bear=nan
2026-01-24 04:45:00,096 - INFO - [EMA] 증분계산: prev=89927.37, close=89758.9, new=89914.41
2026-01-24 04:45:00,106 - INFO - 15m | 19:30 | O:89733.3 H:89773.4 L:89490.0 C:89758.9
2026-01-24 04:45:00,106 - INFO - 지표: ADX=24.4, ATR=397.4, Bull=False, Bear=False
2026-01-24 04:45:35,040 - INFO - [상태] 포지션 없음, 자본금: $5453.64
2026-01-24 04:45:35,040 - INFO - [지표] ADX=nan, Bull=nan, Bear=nan
2026-01-24 04:50:35,043 - INFO - [상태] 포지션 없음, 자본금: $5453.64
2026-01-24 04:50:35,043 - INFO - [지표] ADX=nan, Bull=nan, Bear=nan
2026-01-24 04:55:35,045 - INFO - [상태] 포지션 없음, 자본금: $5453.64
2026-01-24 04:55:35,045 - INFO - [지표] ADX=nan, Bull=nan, Bear=nan
2026-01-24 05:00:00,077 - INFO - [EMA] 증분계산: prev=89914.41, close=89857.8, new=89910.06
2026-01-24 05:00:00,084 - INFO - 15m | 19:45 | O:89758.9 H:89905.4 L:89601.6 C:89857.8
2026-01-24 05:00:00,084 - INFO - 지표: ADX=23.1, ATR=389.6, Bull=False, Bear=False
2026-01-24 05:00:35,046 - INFO - [상태] 포지션 없음, 자본금: $5453.64
2026-01-24 05:00:35,046 - INFO - [지표] ADX=nan, Bull=nan, Bear=nan
2026-01-24 05:05:35,047 - INFO - [상태] 포지션 없음, 자본금: $5453.64
2026-01-24 05:05:35,047 - INFO - [지표] ADX=nan, Bull=nan, Bear=nan
2026-01-24 05:10:35,048 - INFO - [상태] 포지션 없음, 자본금: $5453.64
2026-01-24 05:10:35,049 - INFO - [지표] ADX=nan, Bull=nan, Bear=nan
2026-01-24 05:15:00,172 - INFO - [EMA] 증분계산: prev=89910.06, close=89992.4, new=89916.39
2026-01-24 05:15:00,179 - INFO - 15m | 20:00 | O:89862.1 H:90038.5 L:89727.9 C:89992.4
2026-01-24 05:15:00,179 - INFO - 지표: ADX=21.5, ATR=383.0, Bull=False, Bear=False
2026-01-24 05:15:35,050 - INFO - [상태] 포지션 없음, 자본금: $5453.64
2026-01-24 05:15:35,050 - INFO - [지표] ADX=nan, Bull=nan, Bear=nan
2026-01-24 05:20:35,053 - INFO - [상태] 포지션 없음, 자본금: $5453.64
2026-01-24 05:20:35,053 - INFO - [지표] ADX=nan, Bull=nan, Bear=nan
2026-01-24 05:25:35,054 - INFO - [상태] 포지션 없음, 자본금: $5453.64
2026-01-24 05:25:35,054 - INFO - [지표] ADX=nan, Bull=nan, Bear=nan
2026-01-24 05:30:00,096 - INFO - [EMA] 증분계산: prev=89916.39, close=89690.0, new=89898.98
2026-01-24 05:30:00,103 - INFO - 15m | 20:15 | O:89991.8 H:90014.0 L:89681.4 C:89690.0
2026-01-24 05:30:00,103 - INFO - 지표: ADX=20.2, ATR=378.8, Bull=False, Bear=False
2026-01-24 05:30:35,055 - INFO - [상태] 포지션 없음, 자본금: $5453.64
2026-01-24 05:30:35,056 - INFO - [지표] ADX=nan, Bull=nan, Bear=nan
2026-01-24 05:35:35,057 - INFO - [상태] 포지션 없음, 자본금: $5453.64
2026-01-24 05:35:35,057 - INFO - [지표] ADX=nan, Bull=nan, Bear=nan
2026-01-24 05:40:35,058 - INFO - [상태] 포지션 없음, 자본금: $5453.64
2026-01-24 05:40:35,059 - INFO - [지표] ADX=nan, Bull=nan, Bear=nan
2026-01-24 05:45:00,122 - INFO - [EMA] 증분계산: prev=89898.98, close=89291.8, new=89852.27
2026-01-24 05:45:00,132 - INFO - 15m | 20:30 | O:89694.3 H:89694.3 L:89135.3 C:89291.8
2026-01-24 05:45:00,132 - INFO - 지표: ADX=20.2, ATR=393.8, Bull=False, Bear=False
2026-01-24 05:45:35,059 - INFO - [상태] 포지션 없음, 자본금: $5453.64
2026-01-24 05:45:35,060 - INFO - [지표] ADX=nan, Bull=nan, Bear=nan
2026-01-24 05:50:35,060 - INFO - [상태] 포지션 없음, 자본금: $5453.64
2026-01-24 05:50:35,061 - INFO - [지표] ADX=nan, Bull=nan, Bear=nan
2026-01-24 05:55:35,063 - INFO - [상태] 포지션 없음, 자본금: $5453.64
2026-01-24 05:55:35,063 - INFO - [지표] ADX=nan, Bull=nan, Bear=nan
2026-01-24 06:00:00,232 - INFO - [EMA] 증분계산: prev=89852.27, close=89376.1, new=89815.64
2026-01-24 06:00:00,238 - INFO - 15m | 20:45 | O:89294.0 H:89443.7 L:89083.3 C:89376.1
2026-01-24 06:00:00,238 - INFO - 지표: ADX=20.3, ATR=391.0, Bull=False, Bear=False
2026-01-24 06:00:35,065 - INFO - [상태] 포지션 없음, 자본금: $5453.64
2026-01-24 06:00:35,065 - INFO - [지표] ADX=nan, Bull=nan, Bear=nan
2026-01-24 06:05:35,067 - INFO - [상태] 포지션 없음, 자본금: $5453.64
2026-01-24 06:05:35,068 - INFO - [지표] ADX=nan, Bull=nan, Bear=nan
2026-01-24 06:10:35,069 - INFO - [상태] 포지션 없음, 자본금: $5453.64
2026-01-24 06:10:35,069 - INFO - [지표] ADX=nan, Bull=nan, Bear=nan
2026-01-24 06:15:00,599 - INFO - [EMA] 증분계산: prev=89815.64, close=89475.0, new=89789.44
2026-01-24 06:15:00,605 - INFO - 15m | 21:00 | O:89373.0 H:89569.0 L:89307.9 C:89475.0
2026-01-24 06:15:00,606 - INFO - 지표: ADX=20.1, ATR=380.2, Bull=False, Bear=False
2026-01-24 06:15:35,073 - INFO - [상태] 포지션 없음, 자본금: $5453.64
2026-01-24 06:15:35,073 - INFO - [지표] ADX=nan, Bull=nan, Bear=nan
2026-01-24 06:20:35,075 - INFO - [상태] 포지션 없음, 자본금: $5453.64
2026-01-24 06:20:35,075 - INFO - [지표] ADX=nan, Bull=nan, Bear=nan
2026-01-24 06:25:35,080 - INFO - [상태] 포지션 없음, 자본금: $5453.64
2026-01-24 06:25:35,080 - INFO - [지표] ADX=nan, Bull=nan, Bear=nan
2026-01-24 06:30:00,170 - INFO - [EMA] 증분계산: prev=89789.44, close=89465.4, new=89764.51
2026-01-24 06:30:00,177 - INFO - 15m | 21:15 | O:89475.0 H:89559.7 L:89349.2 C:89465.4
2026-01-24 06:30:00,177 - INFO - 지표: ADX=19.8, ATR=366.1, Bull=False, Bear=False
2026-01-24 06:30:35,081 - INFO - [상태] 포지션 없음, 자본금: $5453.64
2026-01-24 06:30:35,082 - INFO - [지표] ADX=nan, Bull=nan, Bear=nan
2026-01-24 06:35:35,088 - INFO - [상태] 포지션 없음, 자본금: $5453.64
2026-01-24 06:35:35,089 - INFO - [지표] ADX=nan, Bull=nan, Bear=nan
2026-01-24 06:40:35,100 - INFO - [상태] 포지션 없음, 자본금: $5453.64
2026-01-24 06:40:35,100 - INFO - [지표] ADX=nan, Bull=nan, Bear=nan
2026-01-24 06:45:00,457 - INFO - [EMA] 증분계산: prev=89764.51, close=89313.3, new=89729.81
2026-01-24 06:45:00,463 - INFO - 15m | 21:30 | O:89464.5 H:89497.0 L:89267.9 C:89313.3
2026-01-24 06:45:00,464 - INFO - 지표: ADX=19.8, ATR=354.7, Bull=False, Bear=False
2026-01-24 06:45:35,101 - INFO - [상태] 포지션 없음, 자본금: $5453.64
2026-01-24 06:45:35,102 - INFO - [지표] ADX=nan, Bull=nan, Bear=nan
2026-01-24 06:50:35,110 - INFO - [상태] 포지션 없음, 자본금: $5453.64
2026-01-24 06:50:35,110 - INFO - [지표] ADX=nan, Bull=nan, Bear=nan
2026-01-24 06:55:35,111 - INFO - [상태] 포지션 없음, 자본금: $5453.64
2026-01-24 06:55:35,112 - INFO - [지표] ADX=nan, Bull=nan, Bear=nan
2026-01-24 07:00:00,076 - INFO - [EMA] 증분계산: prev=89729.81, close=89219.9, new=89690.58
2026-01-24 07:00:00,083 - INFO - 15m | 21:45 | O:89313.3 H:89355.0 L:89180.7 C:89219.9
2026-01-24 07:00:00,083 - INFO - 지표: ADX=20.0, ATR=339.6, Bull=False, Bear=False
2026-01-24 07:00:35,114 - INFO - [상태] 포지션 없음, 자본금: $5453.64
2026-01-24 07:00:35,114 - INFO - [지표] ADX=nan, Bull=nan, Bear=nan
2026-01-24 07:05:35,118 - INFO - [상태] 포지션 없음, 자본금: $5453.64
2026-01-24 07:05:35,119 - INFO - [지표] ADX=nan, Bull=nan, Bear=nan
2026-01-24 07:10:35,129 - INFO - [상태] 포지션 없음, 자본금: $5453.64
2026-01-24 07:10:35,129 - INFO - [지표] ADX=nan, Bull=nan, Bear=nan
2026-01-24 07:15:00,461 - INFO - [EMA] 증분계산: prev=89690.58, close=89498.0, new=89675.77
2026-01-24 07:15:00,468 - INFO - 15m | 22:00 | O:89219.8 H:89629.1 L:89207.1 C:89498.0
2026-01-24 07:15:00,468 - INFO - 지표: ADX=19.2, ATR=346.5, Bull=False, Bear=False
2026-01-24 07:15:35,133 - INFO - [상태] 포지션 없음, 자본금: $5453.64
2026-01-24 07:15:35,133 - INFO - [지표] ADX=nan, Bull=nan, Bear=nan
2026-01-24 07:20:35,135 - INFO - [상태] 포지션 없음, 자본금: $5453.64
2026-01-24 07:20:35,136 - INFO - [지표] ADX=nan, Bull=nan, Bear=nan
2026-01-24 07:25:35,139 - INFO - [상태] 포지션 없음, 자본금: $5453.64
2026-01-24 07:25:35,139 - INFO - [지표] ADX=nan, Bull=nan, Bear=nan
2026-01-24 07:30:03,034 - INFO - [EMA] 증분계산: prev=89675.77, close=89576.1, new=89668.10
2026-01-24 07:30:03,043 - INFO - 15m | 22:15 | O:89497.9 H:89621.9 L:89459.2 C:89576.1
2026-01-24 07:30:03,043 - INFO - 지표: ADX=18.4, ATR=331.2, Bull=False, Bear=False
2026-01-24 07:30:35,141 - INFO - [상태] 포지션 없음, 자본금: $5453.64
2026-01-24 07:30:35,141 - INFO - [지표] ADX=nan, Bull=nan, Bear=nan
2026-01-24 07:35:35,144 - INFO - [상태] 포지션 없음, 자본금: $5453.64
2026-01-24 07:35:35,144 - INFO - [지표] ADX=nan, Bull=nan, Bear=nan
2026-01-24 07:40:35,150 - INFO - [상태] 포지션 없음, 자본금: $5453.64
2026-01-24 07:40:35,150 - INFO - [지표] ADX=nan, Bull=nan, Bear=nan
2026-01-24 07:45:00,745 - INFO - [EMA] 증분계산: prev=89668.10, close=89460.8, new=89652.15
2026-01-24 07:45:00,751 - INFO - 15m | 22:30 | O:89579.7 H:89619.9 L:89456.1 C:89460.8
2026-01-24 07:45:00,751 - INFO - 지표: ADX=17.7, ATR=317.2, Bull=False, Bear=False
2026-01-24 07:45:35,152 - INFO - [상태] 포지션 없음, 자본금: $5453.64
2026-01-24 07:45:35,153 - INFO - [지표] ADX=nan, Bull=nan, Bear=nan
2026-01-24 07:50:35,159 - INFO - [상태] 포지션 없음, 자본금: $5453.64
2026-01-24 07:50:35,160 - INFO - [지표] ADX=nan, Bull=nan, Bear=nan
2026-01-24 07:55:35,163 - INFO - [상태] 포지션 없음, 자본금: $5453.64
2026-01-24 07:55:35,163 - INFO - [지표] ADX=nan, Bull=nan, Bear=nan
2026-01-24 08:00:00,464 - INFO - [EMA] 증분계산: prev=89652.15, close=89504.4, new=89640.79
2026-01-24 08:00:00,470 - INFO - 15m | 22:45 | O:89460.8 H:89532.0 L:89411.8 C:89504.4
2026-01-24 08:00:00,471 - INFO - 지표: ADX=17.2, ATR=300.8, Bull=False, Bear=False
2026-01-24 08:00:35,164 - INFO - [상태] 포지션 없음, 자본금: $5453.64
2026-01-24 08:00:35,164 - INFO - [지표] ADX=nan, Bull=nan, Bear=nan
2026-01-24 08:05:35,169 - INFO - [상태] 포지션 없음, 자본금: $5453.64
2026-01-24 08:05:35,170 - INFO - [지표] ADX=nan, Bull=nan, Bear=nan
2026-01-24 08:10:35,179 - INFO - [상태] 포지션 없음, 자본금: $5453.64
2026-01-24 08:10:35,179 - INFO - [지표] ADX=nan, Bull=nan, Bear=nan
2026-01-24 08:15:02,740 - INFO - [EMA] 증분계산: prev=89640.79, close=89453.2, new=89626.36
2026-01-24 08:15:02,747 - INFO - 15m | 23:00 | O:89504.3 H:89504.3 L:89390.2 C:89453.2
2026-01-24 08:15:02,747 - INFO - 지표: ADX=16.9, ATR=285.3, Bull=False, Bear=False
2026-01-24 08:15:35,181 - INFO - [상태] 포지션 없음, 자본금: $5453.64
2026-01-24 08:15:35,181 - INFO - [지표] ADX=nan, Bull=nan, Bear=nan
2026-01-24 08:20:35,183 - INFO - [상태] 포지션 없음, 자본금: $5453.64
2026-01-24 08:20:35,184 - INFO - [지표] ADX=nan, Bull=nan, Bear=nan
2026-01-24 08:25:35,193 - INFO - [상태] 포지션 없음, 자본금: $5453.64
2026-01-24 08:25:35,193 - INFO - [지표] ADX=nan, Bull=nan, Bear=nan
2026-01-24 08:30:03,049 - INFO - [EMA] 증분계산: prev=89626.36, close=89434.8, new=89611.62
2026-01-24 08:30:03,056 - INFO - 15m | 23:15 | O:89453.2 H:89474.8 L:89376.8 C:89434.8
2026-01-24 08:30:03,056 - INFO - 지표: ADX=16.5, ATR=269.7, Bull=False, Bear=False
2026-01-24 08:30:35,199 - INFO - [상태] 포지션 없음, 자본금: $5453.64
2026-01-24 08:30:35,200 - INFO - [지표] ADX=nan, Bull=nan, Bear=nan
2026-01-24 08:35:35,205 - INFO - [상태] 포지션 없음, 자본금: $5453.64
2026-01-24 08:35:35,206 - INFO - [지표] ADX=nan, Bull=nan, Bear=nan
2026-01-24 08:40:35,207 - INFO - [상태] 포지션 없음, 자본금: $5453.64
2026-01-24 08:40:35,208 - INFO - [지표] ADX=nan, Bull=nan, Bear=nan
2026-01-24 08:45:00,094 - INFO - [EMA] 증분계산: prev=89611.62, close=89389.1, new=89594.51
2026-01-24 08:45:00,101 - INFO - 15m | 23:30 | O:89434.8 H:89462.9 L:89388.0 C:89389.1
2026-01-24 08:45:00,101 - INFO - 지표: ADX=16.3, ATR=253.4, Bull=False, Bear=False
2026-01-24 08:45:35,211 - INFO - [상태] 포지션 없음, 자본금: $5453.64
2026-01-24 08:45:35,211 - INFO - [지표] ADX=nan, Bull=nan, Bear=nan
2026-01-24 08:50:35,222 - INFO - [상태] 포지션 없음, 자본금: $5453.64
2026-01-24 08:50:35,223 - INFO - [지표] ADX=nan, Bull=nan, Bear=nan
2026-01-24 08:55:35,229 - INFO - [상태] 포지션 없음, 자본금: $5453.64
2026-01-24 08:55:35,230 - INFO - [지표] ADX=nan, Bull=nan, Bear=nan
