2026-01-27 09:00:02,605 - INFO - === 로그 파일 시작: logs/hyper_2026-01-27.log ===
2026-01-27 09:00:02,605 - INFO - [EMA] 증분계산: prev=87966.47, close=88244.9, new=87987.89
2026-01-27 09:00:02,615 - INFO - 15m | 23:45 | O:88442.7 H:88465.5 L:88235.0 C:88244.9
2026-01-27 09:00:02,615 - INFO - 지표: ADX=14.7, ATR=256.9, Bull=False, Bear=False
2026-01-27 09:00:49,259 - INFO - [상태] 포지션 없음, 자본금: $6301.33
2026-01-27 09:00:49,260 - INFO - [지표] ADX=nan, Bull=nan, Bear=nan
2026-01-27 09:05:49,262 - INFO - [상태] 포지션 없음, 자본금: $6301.33
2026-01-27 09:05:49,263 - INFO - [지표] ADX=nan, Bull=nan, Bear=nan
2026-01-27 09:10:49,265 - INFO - [상태] 포지션 없음, 자본금: $6301.33
2026-01-27 09:10:49,266 - INFO - [지표] ADX=nan, Bull=nan, Bear=nan
2026-01-27 09:15:03,036 - INFO - [EMA] 증분계산: prev=87987.89, close=88143.0, new=87999.82
2026-01-27 09:15:03,046 - INFO - 15m | 00:00 | O:88245.0 H:88299.2 L:88100.0 C:88143.0
2026-01-27 09:15:03,047 - INFO - 지표: ADX=14.6, ATR=252.1, Bull=False, Bear=False
2026-01-27 09:15:49,267 - INFO - [상태] 포지션 없음, 자본금: $6301.33
2026-01-27 09:15:49,268 - INFO - [지표] ADX=nan, Bull=nan, Bear=nan
2026-01-27 09:20:49,269 - INFO - [상태] 포지션 없음, 자본금: $6301.33
2026-01-27 09:20:49,269 - INFO - [지표] ADX=nan, Bull=nan, Bear=nan
2026-01-27 09:25:49,270 - INFO - [상태] 포지션 없음, 자본금: $6301.33
2026-01-27 09:25:49,270 - INFO - [지표] ADX=nan, Bull=nan, Bear=nan
2026-01-27 09:30:00,231 - INFO - [EMA] 증분계산: prev=87999.82, close=88287.0, new=88021.91
2026-01-27 09:30:00,241 - INFO - 15m | 00:15 | O:88142.9 H:88360.2 L:88118.3 C:88287.0
2026-01-27 09:30:00,241 - INFO - 지표: ADX=14.8, ATR=251.3, Bull=False, Bear=False
2026-01-27 09:30:49,275 - INFO - [상태] 포지션 없음, 자본금: $6301.33
2026-01-27 09:30:49,275 - INFO - [지표] ADX=nan, Bull=nan, Bear=nan
2026-01-27 09:35:49,280 - INFO - [상태] 포지션 없음, 자본금: $6301.33
2026-01-27 09:35:49,280 - INFO - [지표] ADX=nan, Bull=nan, Bear=nan
2026-01-27 09:40:49,282 - INFO - [상태] 포지션 없음, 자본금: $6301.33
2026-01-27 09:40:49,282 - INFO - [지표] ADX=nan, Bull=nan, Bear=nan
2026-01-27 09:45:01,491 - INFO - [EMA] 증분계산: prev=88021.91, close=88192.8, new=88035.06
2026-01-27 09:45:01,501 - INFO - 15m | 00:30 | O:88287.1 H:88292.9 L:88153.2 C:88192.8
2026-01-27 09:45:01,501 - INFO - 지표: ADX=14.9, ATR=242.0, Bull=False, Bear=False
2026-01-27 09:45:49,284 - INFO - [상태] 포지션 없음, 자본금: $6301.33
2026-01-27 09:45:49,285 - INFO - [지표] ADX=nan, Bull=nan, Bear=nan
2026-01-27 09:50:49,288 - INFO - [상태] 포지션 없음, 자본금: $6301.33
2026-01-27 09:50:49,288 - INFO - [지표] ADX=nan, Bull=nan, Bear=nan
2026-01-27 09:55:49,289 - INFO - [상태] 포지션 없음, 자본금: $6301.33
2026-01-27 09:55:49,290 - INFO - [지표] ADX=nan, Bull=nan, Bear=nan
2026-01-27 10:00:00,142 - INFO - [EMA] 증분계산: prev=88035.06, close=88249.5, new=88051.55
2026-01-27 10:00:00,152 - INFO - 15m | 00:45 | O:88192.8 H:88297.9 L:88138.8 C:88249.5
2026-01-27 10:00:00,152 - INFO - 지표: ADX=15.0, ATR=235.1, Bull=False, Bear=False
2026-01-27 10:00:49,292 - INFO - [상태] 포지션 없음, 자본금: $6301.33
2026-01-27 10:00:49,292 - INFO - [지표] ADX=nan, Bull=nan, Bear=nan
2026-01-27 10:05:49,296 - INFO - [상태] 포지션 없음, 자본금: $6301.33
2026-01-27 10:05:49,297 - INFO - [지표] ADX=nan, Bull=nan, Bear=nan
2026-01-27 10:10:49,299 - INFO - [상태] 포지션 없음, 자본금: $6301.33
2026-01-27 10:10:49,300 - INFO - [지표] ADX=nan, Bull=nan, Bear=nan
2026-01-27 10:15:01,803 - INFO - [EMA] 증분계산: prev=88051.55, close=88165.0, new=88060.28
2026-01-27 10:15:01,810 - INFO - 15m | 01:00 | O:88249.5 H:88249.5 L:88090.2 C:88165.0
2026-01-27 10:15:01,810 - INFO - 지표: ADX=14.7, ATR=228.8, Bull=False, Bear=False
2026-01-27 10:15:49,304 - INFO - [상태] 포지션 없음, 자본금: $6301.33
2026-01-27 10:15:49,304 - INFO - [지표] ADX=nan, Bull=nan, Bear=nan
2026-01-27 10:20:49,306 - INFO - [상태] 포지션 없음, 자본금: $6301.33
2026-01-27 10:20:49,307 - INFO - [지표] ADX=nan, Bull=nan, Bear=nan
2026-01-27 10:25:49,309 - INFO - [상태] 포지션 없음, 자본금: $6301.33
2026-01-27 10:25:49,309 - INFO - [지표] ADX=nan, Bull=nan, Bear=nan
2026-01-27 10:30:00,180 - INFO - [EMA] 증분계산: prev=88060.28, close=88338.3, new=88081.67
2026-01-27 10:30:00,186 - INFO - 15m | 01:15 | O:88162.0 H:88358.7 L:88135.0 C:88338.3
2026-01-27 10:30:00,186 - INFO - 지표: ADX=15.0, ATR=228.3, Bull=False, Bear=False
2026-01-27 10:30:49,313 - INFO - [상태] 포지션 없음, 자본금: $6301.33
2026-01-27 10:30:49,313 - INFO - [지표] ADX=nan, Bull=nan, Bear=nan
2026-01-27 10:35:49,315 - INFO - [상태] 포지션 없음, 자본금: $6301.33
2026-01-27 10:35:49,315 - INFO - [지표] ADX=nan, Bull=nan, Bear=nan
2026-01-27 10:40:49,317 - INFO - [상태] 포지션 없음, 자본금: $6301.33
2026-01-27 10:40:49,317 - INFO - [지표] ADX=nan, Bull=nan, Bear=nan
2026-01-27 10:45:00,390 - INFO - [EMA] 증분계산: prev=88081.67, close=88529.2, new=88116.09
2026-01-27 10:45:00,397 - INFO - 15m | 01:30 | O:88338.2 H:88608.8 L:88306.2 C:88529.2
2026-01-27 10:45:00,397 - INFO - 지표: ADX=16.2, ATR=234.5, Bull=False, Bear=False
2026-01-27 10:45:49,320 - INFO - [상태] 포지션 없음, 자본금: $6301.33
2026-01-27 10:45:49,320 - INFO - [지표] ADX=nan, Bull=nan, Bear=nan
2026-01-27 10:50:49,321 - INFO - [상태] 포지션 없음, 자본금: $6301.33
2026-01-27 10:50:49,321 - INFO - [지표] ADX=nan, Bull=nan, Bear=nan
2026-01-27 10:55:49,322 - INFO - [상태] 포지션 없음, 자본금: $6301.33
2026-01-27 10:55:49,322 - INFO - [지표] ADX=nan, Bull=nan, Bear=nan
2026-01-27 11:00:00,046 - INFO - [EMA] 증분계산: prev=88116.09, close=88454.7, new=88142.14
2026-01-27 11:00:00,056 - INFO - 15m | 01:45 | O:88529.3 H:88599.4 L:88399.4 C:88454.7
2026-01-27 11:00:00,056 - INFO - 지표: ADX=17.3, ATR=231.6, Bull=False, Bear=False
2026-01-27 11:00:49,324 - INFO - [상태] 포지션 없음, 자본금: $6301.33
2026-01-27 11:00:49,325 - INFO - [지표] ADX=nan, Bull=nan, Bear=nan
2026-01-27 11:05:49,326 - INFO - [상태] 포지션 없음, 자본금: $6301.33
2026-01-27 11:05:49,326 - INFO - [지표] ADX=nan, Bull=nan, Bear=nan
2026-01-27 11:10:49,330 - INFO - [상태] 포지션 없음, 자본금: $6301.33
2026-01-27 11:10:49,330 - INFO - [지표] ADX=nan, Bull=nan, Bear=nan
2026-01-27 11:15:00,664 - INFO - [EMA] 증분계산: prev=88142.14, close=88588.9, new=88176.51
2026-01-27 11:15:00,671 - INFO - 15m | 02:00 | O:88454.7 H:88687.5 L:88454.7 C:88588.9
2026-01-27 11:15:00,671 - INFO - 지표: ADX=18.6, ATR=231.7, Bull=False, Bear=False
2026-01-27 11:15:49,333 - INFO - [상태] 포지션 없음, 자본금: $6301.33
2026-01-27 11:15:49,334 - INFO - [지표] ADX=nan, Bull=nan, Bear=nan
2026-01-27 11:20:49,337 - INFO - [상태] 포지션 없음, 자본금: $6301.33
2026-01-27 11:20:49,338 - INFO - [지표] ADX=nan, Bull=nan, Bear=nan
2026-01-27 11:25:49,339 - INFO - [상태] 포지션 없음, 자본금: $6301.33
2026-01-27 11:25:49,339 - INFO - [지표] ADX=nan, Bull=nan, Bear=nan
2026-01-27 11:30:00,077 - INFO - [EMA] 증분계산: prev=88176.51, close=88449.9, new=88197.54
2026-01-27 11:30:00,083 - INFO - 15m | 02:15 | O:88588.9 H:88622.2 L:88436.9 C:88449.9
2026-01-27 11:30:00,083 - INFO - 지표: ADX=19.7, ATR=227.9, Bull=False, Bear=False
2026-01-27 11:30:49,342 - INFO - [상태] 포지션 없음, 자본금: $6301.33
2026-01-27 11:30:49,343 - INFO - [지표] ADX=nan, Bull=nan, Bear=nan
2026-01-27 11:35:49,344 - INFO - [상태] 포지션 없음, 자본금: $6301.33
2026-01-27 11:35:49,344 - INFO - [지표] ADX=nan, Bull=nan, Bear=nan
2026-01-27 11:40:49,346 - INFO - [상태] 포지션 없음, 자본금: $6301.33
2026-01-27 11:40:49,346 - INFO - [지표] ADX=nan, Bull=nan, Bear=nan
2026-01-27 11:45:02,291 - INFO - [EMA] 증분계산: prev=88197.54, close=88624.1, new=88230.35
2026-01-27 11:45:02,298 - INFO - 15m | 02:30 | O:88450.0 H:88704.6 L:88450.0 C:88624.1
2026-01-27 11:45:02,298 - INFO - 지표: ADX=21.0, ATR=230.1, Bull=False, Bear=False
2026-01-27 11:45:49,348 - INFO - [상태] 포지션 없음, 자본금: $6301.33
2026-01-27 11:45:49,348 - INFO - [지표] ADX=nan, Bull=nan, Bear=nan
2026-01-27 11:50:49,350 - INFO - [상태] 포지션 없음, 자본금: $6301.33
2026-01-27 11:50:49,350 - INFO - [지표] ADX=nan, Bull=nan, Bear=nan
2026-01-27 11:55:49,351 - INFO - [상태] 포지션 없음, 자본금: $6301.33
2026-01-27 11:55:49,352 - INFO - [지표] ADX=nan, Bull=nan, Bear=nan
2026-01-27 12:00:00,120 - INFO - [EMA] 증분계산: prev=88230.35, close=88699.5, new=88266.44
2026-01-27 12:00:00,127 - INFO - 15m | 02:45 | O:88624.0 H:88750.8 L:88592.0 C:88699.5
2026-01-27 12:00:00,127 - INFO - 지표: ADX=22.4, ATR=224.2, Bull=False, Bear=False
2026-01-27 12:00:49,352 - INFO - [상태] 포지션 없음, 자본금: $6301.33
2026-01-27 12:00:49,352 - INFO - [지표] ADX=nan, Bull=nan, Bear=nan
2026-01-27 12:05:49,353 - INFO - [상태] 포지션 없음, 자본금: $6301.33
2026-01-27 12:05:49,354 - INFO - [지표] ADX=nan, Bull=nan, Bear=nan
2026-01-27 12:10:49,355 - INFO - [상태] 포지션 없음, 자본금: $6301.33
2026-01-27 12:10:49,355 - INFO - [지표] ADX=nan, Bull=nan, Bear=nan
2026-01-27 12:15:00,279 - INFO - [EMA] 증분계산: prev=88266.44, close=88510.1, new=88285.18
2026-01-27 12:15:00,286 - INFO - 15m | 03:00 | O:88699.4 H:88797.8 L:88456.1 C:88510.1
2026-01-27 12:15:00,286 - INFO - 지표: ADX=22.6, ATR=234.0, Bull=False, Bear=False
2026-01-27 12:15:49,356 - INFO - [상태] 포지션 없음, 자본금: $6301.33
2026-01-27 12:15:49,357 - INFO - [지표] ADX=nan, Bull=nan, Bear=nan
2026-01-27 12:20:49,358 - INFO - [상태] 포지션 없음, 자본금: $6301.33
2026-01-27 12:20:49,358 - INFO - [지표] ADX=nan, Bull=nan, Bear=nan
2026-01-27 12:25:49,360 - INFO - [상태] 포지션 없음, 자본금: $6301.33
2026-01-27 12:25:49,360 - INFO - [지표] ADX=nan, Bull=nan, Bear=nan
2026-01-27 12:30:01,159 - INFO - [EMA] 증분계산: prev=88285.18, close=88618.0, new=88310.78
2026-01-27 12:30:01,166 - INFO - 15m | 03:15 | O:88510.0 H:88621.0 L:88472.9 C:88618.0
2026-01-27 12:30:01,166 - INFO - 지표: ADX=22.9, ATR=226.8, Bull=False, Bear=False
2026-01-27 12:30:49,361 - INFO - [상태] 포지션 없음, 자본금: $6301.33
2026-01-27 12:30:49,362 - INFO - [지표] ADX=nan, Bull=nan, Bear=nan
2026-01-27 12:35:49,364 - INFO - [상태] 포지션 없음, 자본금: $6301.33
2026-01-27 12:35:49,365 - INFO - [지표] ADX=nan, Bull=nan, Bear=nan
2026-01-27 12:40:49,368 - INFO - [상태] 포지션 없음, 자본금: $6301.33
2026-01-27 12:40:49,368 - INFO - [지표] ADX=nan, Bull=nan, Bear=nan
2026-01-27 12:45:02,250 - INFO - [EMA] 증분계산: prev=88310.78, close=88683.6, new=88339.46
2026-01-27 12:45:02,257 - INFO - 15m | 03:30 | O:88618.9 H:88719.8 L:88562.1 C:88683.6
2026-01-27 12:45:02,257 - INFO - 지표: ADX=23.5, ATR=221.0, Bull=False, Bear=False
2026-01-27 12:45:49,369 - INFO - [상태] 포지션 없음, 자본금: $6301.33
2026-01-27 12:45:49,370 - INFO - [지표] ADX=nan, Bull=nan, Bear=nan
2026-01-27 12:50:49,371 - INFO - [상태] 포지션 없음, 자본금: $6301.33
2026-01-27 12:50:49,372 - INFO - [지표] ADX=nan, Bull=nan, Bear=nan
2026-01-27 12:55:49,373 - INFO - [상태] 포지션 없음, 자본금: $6301.33
2026-01-27 12:55:49,374 - INFO - [지표] ADX=nan, Bull=nan, Bear=nan
2026-01-27 13:00:01,214 - INFO - [EMA] 증분계산: prev=88339.46, close=88657.5, new=88363.92
2026-01-27 13:00:01,221 - INFO - 15m | 03:45 | O:88683.5 H:88698.3 L:88594.0 C:88657.5
2026-01-27 13:00:01,221 - INFO - 지표: ADX=24.1, ATR=211.3, Bull=False, Bear=False
2026-01-27 13:00:49,376 - INFO - [상태] 포지션 없음, 자본금: $6301.33
2026-01-27 13:00:49,377 - INFO - [지표] ADX=nan, Bull=nan, Bear=nan
2026-01-27 13:05:49,379 - INFO - [상태] 포지션 없음, 자본금: $6301.33
2026-01-27 13:05:49,379 - INFO - [지표] ADX=nan, Bull=nan, Bear=nan
2026-01-27 13:10:49,379 - INFO - [상태] 포지션 없음, 자본금: $6301.33
2026-01-27 13:10:49,380 - INFO - [지표] ADX=nan, Bull=nan, Bear=nan
2026-01-27 13:15:00,566 - INFO - [EMA] 증분계산: prev=88363.92, close=88691.9, new=88389.15
2026-01-27 13:15:00,573 - INFO - 15m | 04:00 | O:88657.5 H:88890.0 L:88545.8 C:88691.9
2026-01-27 13:15:00,573 - INFO - 지표: ADX=25.4, ATR=222.4, Bull=False, Bear=False
2026-01-27 13:15:49,381 - INFO - [상태] 포지션 없음, 자본금: $6301.33
2026-01-27 13:15:49,381 - INFO - [지표] ADX=nan, Bull=nan, Bear=nan
2026-01-27 13:20:49,384 - INFO - [상태] 포지션 없음, 자본금: $6301.33
2026-01-27 13:20:49,384 - INFO - [지표] ADX=nan, Bull=nan, Bear=nan
2026-01-27 13:25:49,387 - INFO - [상태] 포지션 없음, 자본금: $6301.33
2026-01-27 13:25:49,387 - INFO - [지표] ADX=nan, Bull=nan, Bear=nan
2026-01-27 13:30:01,103 - INFO - [EMA] 증분계산: prev=88389.15, close=88711.8, new=88413.97
2026-01-27 13:30:01,113 - INFO - 15m | 04:15 | O:88688.0 H:88769.2 L:88646.3 C:88711.8
2026-01-27 13:30:01,113 - INFO - 지표: ADX=26.6, ATR=214.1, Bull=False, Bear=False
2026-01-27 13:30:49,390 - INFO - [상태] 포지션 없음, 자본금: $6301.33
2026-01-27 13:30:49,390 - INFO - [지표] ADX=nan, Bull=nan, Bear=nan
2026-01-27 13:35:49,392 - INFO - [상태] 포지션 없음, 자본금: $6301.33
2026-01-27 13:35:49,393 - INFO - [지표] ADX=nan, Bull=nan, Bear=nan
2026-01-27 13:40:49,395 - INFO - [상태] 포지션 없음, 자본금: $6301.33
2026-01-27 13:40:49,396 - INFO - [지표] ADX=nan, Bull=nan, Bear=nan
2026-01-27 13:45:03,043 - INFO - [EMA] 증분계산: prev=88413.97, close=88569.4, new=88425.93
2026-01-27 13:45:03,052 - INFO - 15m | 04:30 | O:88711.8 H:88719.9 L:88555.0 C:88569.4
2026-01-27 13:45:03,053 - INFO - 지표: ADX=26.9, ATR=210.0, Bull=False, Bear=False
2026-01-27 13:45:49,398 - INFO - [상태] 포지션 없음, 자본금: $6301.33
2026-01-27 13:45:49,399 - INFO - [지표] ADX=nan, Bull=nan, Bear=nan
2026-01-27 13:50:49,400 - INFO - [상태] 포지션 없음, 자본금: $6301.33
2026-01-27 13:50:49,400 - INFO - [지표] ADX=nan, Bull=nan, Bear=nan
2026-01-27 13:55:49,402 - INFO - [상태] 포지션 없음, 자본금: $6301.33
2026-01-27 13:55:49,403 - INFO - [지표] ADX=nan, Bull=nan, Bear=nan
2026-01-27 14:00:03,046 - INFO - [EMA] 증분계산: prev=88425.93, close=88455.4, new=88428.20
2026-01-27 14:00:03,056 - INFO - 15m | 04:45 | O:88569.4 H:88587.0 L:88390.1 C:88455.4
2026-01-27 14:00:03,056 - INFO - 지표: ADX=26.0, ATR=208.9, Bull=False, Bear=False
2026-01-27 14:00:49,405 - INFO - [상태] 포지션 없음, 자본금: $6301.33
2026-01-27 14:00:49,405 - INFO - [지표] ADX=nan, Bull=nan, Bear=nan
2026-01-27 14:05:49,408 - INFO - [상태] 포지션 없음, 자본금: $6301.33
2026-01-27 14:05:49,408 - INFO - [지표] ADX=nan, Bull=nan, Bear=nan
2026-01-27 14:10:49,410 - INFO - [상태] 포지션 없음, 자본금: $6301.33
2026-01-27 14:10:49,410 - INFO - [지표] ADX=nan, Bull=nan, Bear=nan
2026-01-27 14:15:00,861 - INFO - [EMA] 증분계산: prev=88428.20, close=88340.0, new=88421.41
2026-01-27 14:15:00,871 - INFO - 15m | 05:00 | O:88455.5 H:88470.9 L:88304.0 C:88340.0
2026-01-27 14:15:00,871 - INFO - 지표: ADX=24.6, ATR=205.4, Bull=False, Bear=False
2026-01-27 14:15:49,413 - INFO - [상태] 포지션 없음, 자본금: $6301.33
2026-01-27 14:15:49,413 - INFO - [지표] ADX=nan, Bull=nan, Bear=nan
2026-01-27 14:20:49,414 - INFO - [상태] 포지션 없음, 자본금: $6301.33
2026-01-27 14:20:49,415 - INFO - [지표] ADX=nan, Bull=nan, Bear=nan
2026-01-27 14:25:49,417 - INFO - [상태] 포지션 없음, 자본금: $6301.33
2026-01-27 14:25:49,418 - INFO - [지표] ADX=nan, Bull=nan, Bear=nan
2026-01-27 14:30:00,288 - INFO - [EMA] 증분계산: prev=88421.41, close=88363.0, new=88416.92
2026-01-27 14:30:00,298 - INFO - 15m | 05:15 | O:88340.0 H:88382.9 L:88274.1 C:88363.0
2026-01-27 14:30:00,298 - INFO - 지표: ADX=23.1, ATR=197.4, Bull=False, Bear=False
2026-01-27 14:30:49,420 - INFO - [상태] 포지션 없음, 자본금: $6301.33
2026-01-27 14:30:49,420 - INFO - [지표] ADX=nan, Bull=nan, Bear=nan
2026-01-27 14:35:49,423 - INFO - [상태] 포지션 없음, 자본금: $6301.33
2026-01-27 14:35:49,424 - INFO - [지표] ADX=nan, Bull=nan, Bear=nan
2026-01-27 14:40:49,425 - INFO - [상태] 포지션 없음, 자본금: $6301.33
2026-01-27 14:40:49,426 - INFO - [지표] ADX=nan, Bull=nan, Bear=nan
2026-01-27 14:45:00,091 - INFO - [EMA] 증분계산: prev=88416.92, close=88362.7, new=88412.75
2026-01-27 14:45:00,098 - INFO - 15m | 05:30 | O:88365.0 H:88431.7 L:88362.7 C:88362.7
2026-01-27 14:45:00,098 - INFO - 지표: ADX=22.0, ATR=186.7, Bull=False, Bear=False
2026-01-27 14:45:49,428 - INFO - [상태] 포지션 없음, 자본금: $6301.33
2026-01-27 14:45:49,428 - INFO - [지표] ADX=nan, Bull=nan, Bear=nan
2026-01-27 14:50:49,430 - INFO - [상태] 포지션 없음, 자본금: $6301.33
2026-01-27 14:50:49,431 - INFO - [지표] ADX=nan, Bull=nan, Bear=nan
2026-01-27 14:55:49,433 - INFO - [상태] 포지션 없음, 자본금: $6301.33
2026-01-27 14:55:49,433 - INFO - [지표] ADX=nan, Bull=nan, Bear=nan
2026-01-27 15:00:00,356 - INFO - [EMA] 증분계산: prev=88412.75, close=88346.0, new=88407.61
2026-01-27 15:00:00,363 - INFO - 15m | 05:45 | O:88362.8 H:88439.2 L:88293.8 C:88346.0
2026-01-27 15:00:00,363 - INFO - 지표: ADX=20.5, ATR=183.2, Bull=False, Bear=False
2026-01-27 15:00:49,435 - INFO - [상태] 포지션 없음, 자본금: $6301.33
2026-01-27 15:00:49,436 - INFO - [지표] ADX=nan, Bull=nan, Bear=nan
2026-01-27 15:05:49,437 - INFO - [상태] 포지션 없음, 자본금: $6301.33
2026-01-27 15:05:49,437 - INFO - [지표] ADX=nan, Bull=nan, Bear=nan
2026-01-27 15:10:49,439 - INFO - [상태] 포지션 없음, 자본금: $6301.33
2026-01-27 15:10:49,440 - INFO - [지표] ADX=nan, Bull=nan, Bear=nan
2026-01-27 15:15:00,537 - INFO - [EMA] 증분계산: prev=88407.61, close=88389.0, new=88406.18
2026-01-27 15:15:00,543 - INFO - 15m | 06:00 | O:88345.9 H:88413.6 L:88312.1 C:88389.0
2026-01-27 15:15:00,543 - INFO - 지표: ADX=19.1, ATR=176.4, Bull=False, Bear=False
2026-01-27 15:15:49,441 - INFO - [상태] 포지션 없음, 자본금: $6301.33
2026-01-27 15:15:49,441 - INFO - [지표] ADX=nan, Bull=nan, Bear=nan
2026-01-27 15:20:49,443 - INFO - [상태] 포지션 없음, 자본금: $6301.33
2026-01-27 15:20:49,443 - INFO - [지표] ADX=nan, Bull=nan, Bear=nan
2026-01-27 15:25:49,445 - INFO - [상태] 포지션 없음, 자본금: $6301.33
2026-01-27 15:25:49,445 - INFO - [지표] ADX=nan, Bull=nan, Bear=nan
2026-01-27 15:30:00,606 - INFO - [EMA] 증분계산: prev=88406.18, close=88272.3, new=88395.88
2026-01-27 15:30:00,612 - INFO - 15m | 06:15 | O:88389.0 H:88392.8 L:88271.0 C:88272.3
2026-01-27 15:30:00,612 - INFO - 지표: ADX=18.0, ATR=171.9, Bull=False, Bear=False
2026-01-27 15:30:49,446 - INFO - [상태] 포지션 없음, 자본금: $6301.33
2026-01-27 15:30:49,447 - INFO - [지표] ADX=nan, Bull=nan, Bear=nan
2026-01-27 15:35:49,448 - INFO - [상태] 포지션 없음, 자본금: $6301.33
2026-01-27 15:35:49,448 - INFO - [지표] ADX=nan, Bull=nan, Bear=nan
2026-01-27 15:40:49,450 - INFO - [상태] 포지션 없음, 자본금: $6301.33
2026-01-27 15:40:49,450 - INFO - [지표] ADX=nan, Bull=nan, Bear=nan
2026-01-27 15:45:00,369 - INFO - [EMA] 증분계산: prev=88395.88, close=88163.1, new=88377.98
2026-01-27 15:45:00,375 - INFO - 15m | 06:30 | O:88271.1 H:88275.0 L:88163.0 C:88163.1
2026-01-27 15:45:00,376 - INFO - 지표: ADX=17.6, ATR=166.9, Bull=False, Bear=False
2026-01-27 15:45:49,450 - INFO - [상태] 포지션 없음, 자본금: $6301.33
2026-01-27 15:45:49,451 - INFO - [지표] ADX=nan, Bull=nan, Bear=nan
2026-01-27 15:50:49,452 - INFO - [상태] 포지션 없음, 자본금: $6301.33
2026-01-27 15:50:49,452 - INFO - [지표] ADX=nan, Bull=nan, Bear=nan
2026-01-27 15:55:49,453 - INFO - [상태] 포지션 없음, 자본금: $6301.33
2026-01-27 15:55:49,453 - INFO - [지표] ADX=nan, Bull=nan, Bear=nan
2026-01-27 16:00:02,233 - INFO - [EMA] 증분계산: prev=88377.98, close=88215.9, new=88365.51
2026-01-27 16:00:02,240 - INFO - 15m | 06:45 | O:88163.1 H:88236.5 L:88154.6 C:88215.9
2026-01-27 16:00:02,240 - INFO - 지표: ADX=17.3, ATR=159.8, Bull=False, Bear=False
2026-01-27 16:00:49,455 - INFO - [상태] 포지션 없음, 자본금: $6301.33
2026-01-27 16:00:49,455 - INFO - [지표] ADX=nan, Bull=nan, Bear=nan
2026-01-27 16:05:49,456 - INFO - [상태] 포지션 없음, 자본금: $6301.33
2026-01-27 16:05:49,457 - INFO - [지표] ADX=nan, Bull=nan, Bear=nan
2026-01-27 16:10:49,458 - INFO - [상태] 포지션 없음, 자본금: $6301.33
2026-01-27 16:10:49,458 - INFO - [지표] ADX=nan, Bull=nan, Bear=nan
2026-01-27 16:15:01,741 - INFO - [EMA] 증분계산: prev=88365.51, close=88379.1, new=88366.55
2026-01-27 16:15:01,751 - INFO - 15m | 07:00 | O:88216.0 H:88399.4 L:88211.0 C:88379.1
2026-01-27 16:15:01,751 - INFO - 지표: ADX=16.3, ATR=162.2, Bull=False, Bear=False
2026-01-27 16:15:49,459 - INFO - [상태] 포지션 없음, 자본금: $6301.33
2026-01-27 16:15:49,460 - INFO - [지표] ADX=nan, Bull=nan, Bear=nan
2026-01-27 16:20:49,461 - INFO - [상태] 포지션 없음, 자본금: $6301.33
2026-01-27 16:20:49,461 - INFO - [지표] ADX=nan, Bull=nan, Bear=nan
2026-01-27 16:25:49,462 - INFO - [상태] 포지션 없음, 자본금: $6301.33
2026-01-27 16:25:49,462 - INFO - [지표] ADX=nan, Bull=nan, Bear=nan
2026-01-27 16:30:00,292 - INFO - [EMA] 증분계산: prev=88366.55, close=88410.1, new=88369.90
2026-01-27 16:30:00,298 - INFO - 15m | 07:15 | O:88379.0 H:88410.1 L:88304.0 C:88410.1
2026-01-27 16:30:00,298 - INFO - 지표: ADX=15.5, ATR=157.5, Bull=False, Bear=False
2026-01-27 16:30:49,463 - INFO - [상태] 포지션 없음, 자본금: $6301.33
2026-01-27 16:30:49,463 - INFO - [지표] ADX=nan, Bull=nan, Bear=nan
2026-01-27 16:35:49,464 - INFO - [상태] 포지션 없음, 자본금: $6301.33
2026-01-27 16:35:49,465 - INFO - [지표] ADX=nan, Bull=nan, Bear=nan
2026-01-27 16:40:49,465 - INFO - [상태] 포지션 없음, 자본금: $6301.33
2026-01-27 16:40:49,466 - INFO - [지표] ADX=nan, Bull=nan, Bear=nan
2026-01-27 16:45:00,717 - INFO - [EMA] 증분계산: prev=88369.90, close=88341.0, new=88367.68
2026-01-27 16:45:00,727 - INFO - 15m | 07:30 | O:88410.1 H:88449.7 L:88334.6 C:88341.0
2026-01-27 16:45:00,727 - INFO - 지표: ADX=15.0, ATR=154.0, Bull=False, Bear=False
2026-01-27 16:45:49,467 - INFO - [상태] 포지션 없음, 자본금: $6301.33
2026-01-27 16:45:49,468 - INFO - [지표] ADX=nan, Bull=nan, Bear=nan
2026-01-27 16:50:49,468 - INFO - [상태] 포지션 없음, 자본금: $6301.33
2026-01-27 16:50:49,469 - INFO - [지표] ADX=nan, Bull=nan, Bear=nan
2026-01-27 16:55:49,469 - INFO - [상태] 포지션 없음, 자본금: $6301.33
2026-01-27 16:55:49,470 - INFO - [지표] ADX=nan, Bull=nan, Bear=nan
2026-01-27 17:00:03,047 - INFO - [EMA] 증분계산: prev=88367.68, close=88215.0, new=88355.94
2026-01-27 17:00:03,054 - INFO - 15m | 07:45 | O:88340.0 H:88345.9 L:88196.6 C:88215.0
2026-01-27 17:00:03,054 - INFO - 지표: ADX=14.3, ATR=153.6, Bull=False, Bear=False
2026-01-27 17:00:49,471 - INFO - [상태] 포지션 없음, 자본금: $6301.33
2026-01-27 17:00:49,471 - INFO - [지표] ADX=nan, Bull=nan, Bear=nan
2026-01-27 17:05:49,472 - INFO - [상태] 포지션 없음, 자본금: $6301.33
2026-01-27 17:05:49,472 - INFO - [지표] ADX=nan, Bull=nan, Bear=nan
2026-01-27 17:10:49,473 - INFO - [상태] 포지션 없음, 자본금: $6301.33
2026-01-27 17:10:49,473 - INFO - [지표] ADX=nan, Bull=nan, Bear=nan
2026-01-27 17:15:03,038 - INFO - [EMA] 증분계산: prev=88355.94, close=88246.0, new=88347.48
2026-01-27 17:15:03,045 - INFO - 15m | 08:00 | O:88214.9 H:88278.0 L:88181.9 C:88246.0
2026-01-27 17:15:03,045 - INFO - 지표: ADX=13.8, ATR=148.8, Bull=False, Bear=False
2026-01-27 17:15:49,475 - INFO - [상태] 포지션 없음, 자본금: $6301.33
2026-01-27 17:15:49,475 - INFO - [지표] ADX=nan, Bull=nan, Bear=nan
2026-01-27 17:20:49,484 - INFO - [상태] 포지션 없음, 자본금: $6301.33
2026-01-27 17:20:49,485 - INFO - [지표] ADX=nan, Bull=nan, Bear=nan
2026-01-27 17:25:49,487 - INFO - [상태] 포지션 없음, 자본금: $6301.33
2026-01-27 17:25:49,487 - INFO - [지표] ADX=nan, Bull=nan, Bear=nan
2026-01-27 17:30:00,224 - INFO - [EMA] 증분계산: prev=88347.48, close=88121.6, new=88330.10
2026-01-27 17:30:00,230 - INFO - 15m | 08:15 | O:88246.0 H:88287.9 L:88101.0 C:88121.6
2026-01-27 17:30:00,230 - INFO - 지표: ADX=13.9, ATR=152.0, Bull=False, Bear=False
2026-01-27 17:30:49,489 - INFO - [상태] 포지션 없음, 자본금: $6301.33
2026-01-27 17:30:49,490 - INFO - [지표] ADX=nan, Bull=nan, Bear=nan
2026-01-27 17:35:49,491 - INFO - [상태] 포지션 없음, 자본금: $6301.33
2026-01-27 17:35:49,491 - INFO - [지표] ADX=nan, Bull=nan, Bear=nan
2026-01-27 17:40:49,493 - INFO - [상태] 포지션 없음, 자본금: $6301.33
2026-01-27 17:40:49,493 - INFO - [지표] ADX=nan, Bull=nan, Bear=nan
2026-01-27 17:45:00,105 - INFO - [EMA] 증분계산: prev=88330.10, close=88097.9, new=88312.24
2026-01-27 17:45:00,111 - INFO - 15m | 08:30 | O:88121.7 H:88200.4 L:88078.9 C:88097.9
2026-01-27 17:45:00,111 - INFO - 지표: ADX=14.1, ATR=149.4, Bull=False, Bear=False
2026-01-27 17:45:49,494 - INFO - [상태] 포지션 없음, 자본금: $6301.33
2026-01-27 17:45:49,494 - INFO - [지표] ADX=nan, Bull=nan, Bear=nan
2026-01-27 17:50:49,496 - INFO - [상태] 포지션 없음, 자본금: $6301.33
2026-01-27 17:50:49,497 - INFO - [지표] ADX=nan, Bull=nan, Bear=nan
2026-01-27 17:55:49,498 - INFO - [상태] 포지션 없음, 자본금: $6301.33
2026-01-27 17:55:49,499 - INFO - [지표] ADX=nan, Bull=nan, Bear=nan
2026-01-27 18:00:01,314 - INFO - [EMA] 증분계산: prev=88312.24, close=88040.7, new=88291.35
2026-01-27 18:00:01,321 - INFO - 15m | 08:45 | O:88097.9 H:88105.5 L:87994.1 C:88040.7
2026-01-27 18:00:01,321 - INFO - 지표: ADX=14.8, ATR=146.3, Bull=False, Bear=False
2026-01-27 18:00:49,502 - INFO - [상태] 포지션 없음, 자본금: $6301.33
2026-01-27 18:00:49,502 - INFO - [지표] ADX=nan, Bull=nan, Bear=nan
2026-01-27 18:05:49,503 - INFO - [상태] 포지션 없음, 자본금: $6301.33
2026-01-27 18:05:49,504 - INFO - [지표] ADX=nan, Bull=nan, Bear=nan
2026-01-27 18:10:49,506 - INFO - [상태] 포지션 없음, 자본금: $6301.33
2026-01-27 18:10:49,506 - INFO - [지표] ADX=nan, Bull=nan, Bear=nan
2026-01-27 18:15:00,284 - INFO - [EMA] 증분계산: prev=88291.35, close=87880.9, new=88259.78
2026-01-27 18:15:00,291 - INFO - 15m | 09:00 | O:88044.3 H:88044.3 L:87861.4 C:87880.9
2026-01-27 18:15:00,291 - INFO - 지표: ADX=16.1, ATR=149.3, Bull=False, Bear=False
2026-01-27 18:15:49,508 - INFO - [상태] 포지션 없음, 자본금: $6301.33
2026-01-27 18:15:49,508 - INFO - [지표] ADX=nan, Bull=nan, Bear=nan
2026-01-27 18:20:49,510 - INFO - [상태] 포지션 없음, 자본금: $6301.33
2026-01-27 18:20:49,510 - INFO - [지표] ADX=nan, Bull=nan, Bear=nan
2026-01-27 18:25:49,514 - INFO - [상태] 포지션 없음, 자본금: $6301.33
2026-01-27 18:25:49,514 - INFO - [지표] ADX=nan, Bull=nan, Bear=nan
2026-01-27 18:30:00,868 - INFO - [EMA] 증분계산: prev=88259.78, close=87850.1, new=88228.27
2026-01-27 18:30:00,875 - INFO - 15m | 09:15 | O:87881.0 H:87946.6 L:87841.1 C:87850.1
2026-01-27 18:30:00,875 - INFO - 지표: ADX=17.5, ATR=145.7, Bull=False, Bear=False
2026-01-27 18:30:49,516 - INFO - [상태] 포지션 없음, 자본금: $6301.33
2026-01-27 18:30:49,516 - INFO - [지표] ADX=nan, Bull=nan, Bear=nan
2026-01-27 18:35:49,518 - INFO - [상태] 포지션 없음, 자본금: $6301.33
2026-01-27 18:35:49,518 - INFO - [지표] ADX=nan, Bull=nan, Bear=nan
2026-01-27 18:40:49,519 - INFO - [상태] 포지션 없음, 자본금: $6301.33
2026-01-27 18:40:49,519 - INFO - [지표] ADX=nan, Bull=nan, Bear=nan
2026-01-27 18:45:00,654 - INFO - [EMA] 증분계산: prev=88228.27, close=87895.0, new=88202.63
2026-01-27 18:45:00,663 - INFO - 15m | 09:30 | O:87850.1 H:87923.0 L:87777.6 C:87895.0
2026-01-27 18:45:00,663 - INFO - 지표: ADX=19.0, ATR=145.6, Bull=False, Bear=False
2026-01-27 18:45:49,521 - INFO - [상태] 포지션 없음, 자본금: $6301.33
2026-01-27 18:45:49,522 - INFO - [지표] ADX=nan, Bull=nan, Bear=nan
2026-01-27 18:50:49,523 - INFO - [상태] 포지션 없음, 자본금: $6301.33
2026-01-27 18:50:49,523 - INFO - [지표] ADX=nan, Bull=nan, Bear=nan
2026-01-27 18:55:49,525 - INFO - [상태] 포지션 없음, 자본금: $6301.33
2026-01-27 18:55:49,525 - INFO - [지표] ADX=nan, Bull=nan, Bear=nan
2026-01-27 19:00:02,848 - INFO - [EMA] 증분계산: prev=88202.63, close=87760.1, new=88168.59
2026-01-27 19:00:02,855 - INFO - 15m | 09:45 | O:87895.0 H:87922.9 L:87728.4 C:87760.1
2026-01-27 19:00:02,855 - INFO - 지표: ADX=20.7, ATR=149.7, Bull=False, Bear=False
2026-01-27 19:00:49,527 - INFO - [상태] 포지션 없음, 자본금: $6301.33
2026-01-27 19:00:49,527 - INFO - [지표] ADX=nan, Bull=nan, Bear=nan
2026-01-27 19:05:49,529 - INFO - [상태] 포지션 없음, 자본금: $6301.33
2026-01-27 19:05:49,529 - INFO - [지표] ADX=nan, Bull=nan, Bear=nan
2026-01-27 19:10:49,538 - INFO - [상태] 포지션 없음, 자본금: $6301.33
2026-01-27 19:10:49,538 - INFO - [지표] ADX=nan, Bull=nan, Bear=nan
2026-01-27 19:15:00,682 - INFO - [EMA] 증분계산: prev=88168.59, close=87868.8, new=88145.53
2026-01-27 19:15:00,691 - INFO - 15m | 10:00 | O:87760.1 H:87919.7 L:87742.9 C:87868.8
2026-01-27 19:15:00,691 - INFO - 지표: ADX=22.3, ATR=152.0, Bull=False, Bear=False
2026-01-27 19:15:49,545 - INFO - [상태] 포지션 없음, 자본금: $6301.33
2026-01-27 19:15:49,545 - INFO - [지표] ADX=nan, Bull=nan, Bear=nan
2026-01-27 19:20:49,547 - INFO - [상태] 포지션 없음, 자본금: $6301.33
2026-01-27 19:20:49,548 - INFO - [지표] ADX=nan, Bull=nan, Bear=nan
2026-01-27 19:25:49,551 - INFO - [상태] 포지션 없음, 자본금: $6301.33
2026-01-27 19:25:49,551 - INFO - [지표] ADX=nan, Bull=nan, Bear=nan
2026-01-27 19:30:00,933 - INFO - [EMA] 증분계산: prev=88145.53, close=87857.9, new=88123.40
2026-01-27 19:30:00,940 - INFO - 15m | 10:15 | O:87868.7 H:87924.8 L:87849.6 C:87857.9
2026-01-27 19:30:00,940 - INFO - 지표: ADX=23.6, ATR=145.6, Bull=False, Bear=False
2026-01-27 19:30:49,559 - INFO - [상태] 포지션 없음, 자본금: $6301.33
2026-01-27 19:30:49,559 - INFO - [지표] ADX=nan, Bull=nan, Bear=nan
2026-01-27 19:35:49,563 - INFO - [상태] 포지션 없음, 자본금: $6301.33
2026-01-27 19:35:49,563 - INFO - [지표] ADX=nan, Bull=nan, Bear=nan
2026-01-27 19:40:49,565 - INFO - [상태] 포지션 없음, 자본금: $6301.33
2026-01-27 19:40:49,565 - INFO - [지표] ADX=nan, Bull=nan, Bear=nan
2026-01-27 19:45:00,178 - INFO - [EMA] 증분계산: prev=88123.40, close=87695.3, new=88090.47
2026-01-27 19:45:00,185 - INFO - 15m | 10:30 | O:87858.0 H:87858.0 L:87681.0 C:87695.3
2026-01-27 19:45:00,185 - INFO - 지표: ADX=25.7, ATR=148.2, Bull=False, Bear=False
2026-01-27 19:45:49,566 - INFO - [상태] 포지션 없음, 자본금: $6301.33
2026-01-27 19:45:49,566 - INFO - [지표] ADX=nan, Bull=nan, Bear=nan
2026-01-27 19:50:49,568 - INFO - [상태] 포지션 없음, 자본금: $6301.33
2026-01-27 19:50:49,568 - INFO - [지표] ADX=nan, Bull=nan, Bear=nan
2026-01-27 19:55:49,578 - INFO - [상태] 포지션 없음, 자본금: $6301.33
2026-01-27 19:55:49,579 - INFO - [지표] ADX=nan, Bull=nan, Bear=nan
2026-01-27 20:00:00,902 - INFO - [EMA] 증분계산: prev=88090.47, close=87667.2, new=88057.91
2026-01-27 20:00:00,911 - INFO - 15m | 10:45 | O:87695.3 H:87731.9 L:87598.3 C:87667.2
2026-01-27 20:00:00,911 - INFO - 지표: ADX=27.8, ATR=147.0, Bull=False, Bear=True
2026-01-27 20:00:49,583 - INFO - [상태] 포지션 없음, 자본금: $6301.33
2026-01-27 20:00:49,584 - INFO - [지표] ADX=nan, Bull=nan, Bear=nan
2026-01-27 20:05:49,585 - INFO - [상태] 포지션 없음, 자본금: $6301.33
2026-01-27 20:05:49,586 - INFO - [지표] ADX=nan, Bull=nan, Bear=nan
2026-01-27 20:10:49,592 - INFO - [상태] 포지션 없음, 자본금: $6301.33
2026-01-27 20:10:49,592 - INFO - [지표] ADX=nan, Bull=nan, Bear=nan
2026-01-27 20:15:00,358 - INFO - [EMA] 증분계산: prev=88057.91, close=87753.5, new=88034.50
2026-01-27 20:15:00,365 - INFO - 15m | 11:00 | O:87667.2 H:87780.0 L:87605.8 C:87753.5
2026-01-27 20:15:00,365 - INFO - 지표: ADX=29.3, ATR=149.2, Bull=False, Bear=True
2026-01-27 20:15:49,596 - INFO - [상태] 포지션 없음, 자본금: $6301.33
2026-01-27 20:15:49,596 - INFO - [지표] ADX=nan, Bull=nan, Bear=nan
2026-01-27 20:20:49,601 - INFO - [상태] 포지션 없음, 자본금: $6301.33
2026-01-27 20:20:49,601 - INFO - [지표] ADX=nan, Bull=nan, Bear=nan
2026-01-27 20:25:49,603 - INFO - [상태] 포지션 없음, 자본금: $6301.33
2026-01-27 20:25:49,603 - INFO - [지표] ADX=nan, Bull=nan, Bear=nan
2026-01-27 20:30:00,880 - INFO - [EMA] 증분계산: prev=88034.50, close=87749.5, new=88012.57
2026-01-27 20:30:00,887 - INFO - 15m | 11:15 | O:87753.5 H:87789.0 L:87672.0 C:87749.5
2026-01-27 20:30:00,887 - INFO - 지표: ADX=30.5, ATR=146.6, Bull=False, Bear=True
2026-01-27 20:30:49,605 - INFO - [상태] 포지션 없음, 자본금: $6301.33
2026-01-27 20:30:49,605 - INFO - [지표] ADX=nan, Bull=nan, Bear=nan
2026-01-27 20:35:49,608 - INFO - [상태] 포지션 없음, 자본금: $6301.33
2026-01-27 20:35:49,609 - INFO - [지표] ADX=nan, Bull=nan, Bear=nan
2026-01-27 20:40:49,615 - INFO - [상태] 포지션 없음, 자본금: $6301.33
2026-01-27 20:40:49,616 - INFO - [지표] ADX=nan, Bull=nan, Bear=nan
2026-01-27 20:45:00,421 - INFO - [EMA] 증분계산: prev=88012.57, close=87916.9, new=88005.21
2026-01-27 20:45:00,428 - INFO - 15m | 11:30 | O:87749.6 H:87932.0 L:87745.5 C:87916.9
2026-01-27 20:45:00,428 - INFO - 지표: ADX=30.1, ATR=149.9, Bull=False, Bear=True
2026-01-27 20:45:49,616 - INFO - [상태] 포지션 없음, 자본금: $6301.33
2026-01-27 20:45:49,617 - INFO - [지표] ADX=nan, Bull=nan, Bear=nan
2026-01-27 20:50:49,618 - INFO - [상태] 포지션 없음, 자본금: $6301.33
2026-01-27 20:50:49,619 - INFO - [지표] ADX=nan, Bull=nan, Bear=nan
2026-01-27 20:55:49,623 - INFO - [상태] 포지션 없음, 자본금: $6301.33
2026-01-27 20:55:49,623 - INFO - [지표] ADX=nan, Bull=nan, Bear=nan
2026-01-27 21:00:00,080 - INFO - [EMA] 증분계산: prev=88005.21, close=87857.4, new=87993.84
2026-01-27 21:00:00,086 - INFO - 15m | 11:45 | O:87916.9 H:87974.9 L:87856.9 C:87857.4
2026-01-27 21:00:00,087 - INFO - 지표: ADX=29.3, ATR=147.2, Bull=False, Bear=True
2026-01-27 21:00:49,624 - INFO - [상태] 포지션 없음, 자본금: $6301.33
2026-01-27 21:00:49,625 - INFO - [지표] ADX=nan, Bull=nan, Bear=nan
2026-01-27 21:05:49,627 - INFO - [상태] 포지션 없음, 자본금: $6301.33
2026-01-27 21:05:49,627 - INFO - [지표] ADX=nan, Bull=nan, Bear=nan
2026-01-27 21:10:49,629 - INFO - [상태] 포지션 없음, 자본금: $6301.33
2026-01-27 21:10:49,629 - INFO - [지표] ADX=nan, Bull=nan, Bear=nan
2026-01-27 21:15:00,531 - INFO - [EMA] 증분계산: prev=87993.84, close=87966.5, new=87991.74
2026-01-27 21:15:00,541 - INFO - 15m | 12:00 | O:87856.8 H:87966.6 L:87821.4 C:87966.5
2026-01-27 21:15:00,541 - INFO - 지표: ADX=28.8, ATR=147.1, Bull=False, Bear=True
2026-01-27 21:15:49,632 - INFO - [상태] 포지션 없음, 자본금: $6301.33
2026-01-27 21:15:49,632 - INFO - [지표] ADX=nan, Bull=nan, Bear=nan
2026-01-27 21:20:49,636 - INFO - [상태] 포지션 없음, 자본금: $6301.33
2026-01-27 21:20:49,636 - INFO - [지표] ADX=nan, Bull=nan, Bear=nan
2026-01-27 21:25:49,640 - INFO - [상태] 포지션 없음, 자본금: $6301.33
2026-01-27 21:25:49,640 - INFO - [지표] ADX=nan, Bull=nan, Bear=nan
2026-01-27 21:30:00,602 - INFO - [EMA] 증분계산: prev=87991.74, close=87915.1, new=87985.85
2026-01-27 21:30:00,612 - INFO - 15m | 12:15 | O:87966.5 H:88036.9 L:87900.1 C:87915.1
2026-01-27 21:30:00,612 - INFO - 지표: ADX=27.7, ATR=146.2, Bull=False, Bear=True
2026-01-27 21:30:49,641 - INFO - [상태] 포지션 없음, 자본금: $6301.33
2026-01-27 21:30:49,642 - INFO - [지표] ADX=nan, Bull=nan, Bear=nan
2026-01-27 21:35:49,644 - INFO - [상태] 포지션 없음, 자본금: $6301.33
2026-01-27 21:35:49,644 - INFO - [지표] ADX=nan, Bull=nan, Bear=nan
2026-01-27 21:40:49,648 - INFO - [상태] 포지션 없음, 자본금: $6301.33
2026-01-27 21:40:49,648 - INFO - [지표] ADX=nan, Bull=nan, Bear=nan
2026-01-27 21:45:00,592 - INFO - [EMA] 증분계산: prev=87985.85, close=87863.6, new=87976.44
2026-01-27 21:45:00,599 - INFO - 15m | 12:30 | O:87915.0 H:87938.0 L:87860.0 C:87863.6
2026-01-27 21:45:00,599 - INFO - 지표: ADX=26.9, ATR=140.5, Bull=False, Bear=True
2026-01-27 21:45:49,651 - INFO - [상태] 포지션 없음, 자본금: $6301.33
2026-01-27 21:45:49,651 - INFO - [지표] ADX=nan, Bull=nan, Bear=nan
2026-01-27 21:50:49,654 - INFO - [상태] 포지션 없음, 자본금: $6301.33
2026-01-27 21:50:49,655 - INFO - [지표] ADX=nan, Bull=nan, Bear=nan
2026-01-27 21:55:49,660 - INFO - [상태] 포지션 없음, 자본금: $6301.33
2026-01-27 21:55:49,660 - INFO - [지표] ADX=nan, Bull=nan, Bear=nan
2026-01-27 22:00:01,105 - INFO - [EMA] 증분계산: prev=87976.44, close=87855.7, new=87967.15
2026-01-27 22:00:01,112 - INFO - 15m | 12:45 | O:87866.3 H:87910.0 L:87812.8 C:87855.7
2026-01-27 22:00:01,112 - INFO - 지표: ADX=26.5, ATR=136.9, Bull=False, Bear=True
2026-01-27 22:00:49,661 - INFO - [상태] 포지션 없음, 자본금: $6301.33
2026-01-27 22:00:49,662 - INFO - [지표] ADX=nan, Bull=nan, Bear=nan
2026-01-27 22:05:49,666 - INFO - [상태] 포지션 없음, 자본금: $6301.33
2026-01-27 22:05:49,666 - INFO - [지표] ADX=nan, Bull=nan, Bear=nan
2026-01-27 22:10:49,669 - INFO - [상태] 포지션 없음, 자본금: $6301.33
2026-01-27 22:10:49,669 - INFO - [지표] ADX=nan, Bull=nan, Bear=nan
2026-01-27 22:15:00,712 - INFO - [EMA] 증분계산: prev=87967.15, close=87787.3, new=87953.32
2026-01-27 22:15:00,719 - INFO - 15m | 13:00 | O:87855.6 H:87883.2 L:87770.3 C:87787.3
2026-01-27 22:15:00,719 - INFO - 지표: ADX=26.4, ATR=134.9, Bull=False, Bear=True
2026-01-27 22:15:49,670 - INFO - [상태] 포지션 없음, 자본금: $6301.33
2026-01-27 22:15:49,671 - INFO - [지표] ADX=nan, Bull=nan, Bear=nan
2026-01-27 22:20:49,673 - INFO - [상태] 포지션 없음, 자본금: $6301.33
2026-01-27 22:20:49,673 - INFO - [지표] ADX=nan, Bull=nan, Bear=nan
2026-01-27 22:25:49,674 - INFO - [상태] 포지션 없음, 자본금: $6301.33
2026-01-27 22:25:49,675 - INFO - [지표] ADX=nan, Bull=nan, Bear=nan
2026-01-27 22:30:00,601 - INFO - [EMA] 증분계산: prev=87953.32, close=87686.0, new=87932.76
2026-01-27 22:30:00,608 - INFO - 15m | 13:15 | O:87783.2 H:87804.0 L:87663.7 C:87686.0
2026-01-27 22:30:00,608 - INFO - 지표: ADX=26.9, ATR=135.4, Bull=False, Bear=True
2026-01-27 22:30:49,675 - INFO - [상태] 포지션 없음, 자본금: $6301.33
2026-01-27 22:30:49,676 - INFO - [지표] ADX=nan, Bull=nan, Bear=nan
2026-01-27 22:35:49,677 - INFO - [상태] 포지션 없음, 자본금: $6301.33
2026-01-27 22:35:49,677 - INFO - [지표] ADX=nan, Bull=nan, Bear=nan
2026-01-27 22:40:49,680 - INFO - [상태] 포지션 없음, 자본금: $6301.33
2026-01-27 22:40:49,681 - INFO - [지표] ADX=nan, Bull=nan, Bear=nan
2026-01-27 22:45:00,330 - INFO - [EMA] 증분계산: prev=87932.76, close=87912.2, new=87931.17
2026-01-27 22:45:00,337 - INFO - 15m | 13:30 | O:87686.0 H:87945.0 L:87666.9 C:87912.2
2026-01-27 22:45:00,337 - INFO - 지표: ADX=26.0, ATR=147.3, Bull=False, Bear=True
2026-01-27 22:45:49,683 - INFO - [상태] 포지션 없음, 자본금: $6301.33
2026-01-27 22:45:49,684 - INFO - [지표] ADX=nan, Bull=nan, Bear=nan
2026-01-27 22:50:49,686 - INFO - [상태] 포지션 없음, 자본금: $6301.33
2026-01-27 22:50:49,686 - INFO - [지표] ADX=nan, Bull=nan, Bear=nan
2026-01-27 22:55:49,699 - INFO - [상태] 포지션 없음, 자본금: $6301.33
2026-01-27 22:55:49,699 - INFO - [지표] ADX=nan, Bull=nan, Bear=nan
2026-01-27 23:00:00,211 - INFO - [EMA] 증분계산: prev=87931.17, close=87850.6, new=87924.98
2026-01-27 23:00:00,217 - INFO - 15m | 13:45 | O:87912.1 H:87912.2 L:87745.5 C:87850.6
2026-01-27 23:00:00,217 - INFO - 지표: ADX=25.2, ATR=148.9, Bull=False, Bear=True
2026-01-27 23:00:49,702 - INFO - [상태] 포지션 없음, 자본금: $6301.33
2026-01-27 23:00:49,703 - INFO - [지표] ADX=nan, Bull=nan, Bear=nan
2026-01-27 23:05:49,705 - INFO - [상태] 포지션 없음, 자본금: $6301.33
2026-01-27 23:05:49,705 - INFO - [지표] ADX=nan, Bull=nan, Bear=nan
2026-01-27 23:10:49,706 - INFO - [상태] 포지션 없음, 자본금: $6301.33
2026-01-27 23:10:49,707 - INFO - [지표] ADX=nan, Bull=nan, Bear=nan
2026-01-27 23:15:00,086 - INFO - [EMA] 증분계산: prev=87924.98, close=88162.4, new=87943.24
2026-01-27 23:15:00,095 - INFO - 15m | 14:00 | O:87850.6 H:88165.6 L:87817.7 C:88162.4
2026-01-27 23:15:00,095 - INFO - 지표: ADX=24.3, ATR=165.5, Bull=False, Bear=False
2026-01-27 23:15:49,708 - INFO - [상태] 포지션 없음, 자본금: $6301.33
2026-01-27 23:15:49,709 - INFO - [지표] ADX=nan, Bull=nan, Bear=nan
2026-01-27 23:20:49,710 - INFO - [상태] 포지션 없음, 자본금: $6301.33
2026-01-27 23:20:49,710 - INFO - [지표] ADX=nan, Bull=nan, Bear=nan
2026-01-27 23:25:49,711 - INFO - [상태] 포지션 없음, 자본금: $6301.33
2026-01-27 23:25:49,711 - INFO - [지표] ADX=nan, Bull=nan, Bear=nan
2026-01-27 23:30:00,084 - INFO - [EMA] 증분계산: prev=87943.24, close=88125.8, new=87957.28
2026-01-27 23:30:00,091 - INFO - 15m | 14:15 | O:88162.4 H:88342.6 L:88054.9 C:88125.8
2026-01-27 23:30:00,091 - INFO - 지표: ADX=24.3, ATR=175.6, Bull=False, Bear=False
2026-01-27 23:30:49,712 - INFO - [상태] 포지션 없음, 자본금: $6301.33
2026-01-27 23:30:49,712 - INFO - [지표] ADX=nan, Bull=nan, Bear=nan
2026-01-27 23:35:49,715 - INFO - [상태] 포지션 없음, 자본금: $6301.33
2026-01-27 23:35:49,715 - INFO - [지표] ADX=nan, Bull=nan, Bear=nan
2026-01-27 23:40:49,716 - INFO - [상태] 포지션 없음, 자본금: $6301.33
2026-01-27 23:40:49,716 - INFO - [지표] ADX=nan, Bull=nan, Bear=nan
2026-01-27 23:45:00,136 - INFO - [EMA] 증분계산: prev=87957.28, close=87543.2, new=87925.43
2026-01-27 23:45:00,142 - INFO - 15m | 14:30 | O:88127.9 H:88205.6 L:87532.0 C:87543.2
2026-01-27 23:45:00,143 - INFO - 지표: ADX=23.7, ATR=217.1, Bull=False, Bear=True
2026-01-27 23:45:49,718 - INFO - [상태] 포지션 없음, 자본금: $6301.33
2026-01-27 23:45:49,718 - INFO - [지표] ADX=nan, Bull=nan, Bear=nan
2026-01-27 23:50:49,719 - INFO - [상태] 포지션 없음, 자본금: $6301.33
2026-01-27 23:50:49,720 - INFO - [지표] ADX=nan, Bull=nan, Bear=nan
2026-01-27 23:55:49,720 - INFO - [상태] 포지션 없음, 자본금: $6301.33
2026-01-27 23:55:49,721 - INFO - [지표] ADX=nan, Bull=nan, Bear=nan
2026-01-28 00:00:00,179 - INFO - [EMA] 증분계산: prev=87925.43, close=87612.3, new=87901.34
2026-01-28 00:00:00,189 - INFO - 15m | 14:45 | O:87543.3 H:87825.3 L:87523.0 C:87612.3
2026-01-28 00:00:00,189 - INFO - 지표: ADX=23.1, ATR=224.2, Bull=False, Bear=True
2026-01-28 00:00:49,722 - INFO - [상태] 포지션 없음, 자본금: $6301.33
2026-01-28 00:00:49,722 - INFO - [지표] ADX=nan, Bull=nan, Bear=nan
2026-01-28 00:05:49,724 - INFO - [상태] 포지션 없음, 자본금: $6301.33
2026-01-28 00:05:49,724 - INFO - [지표] ADX=nan, Bull=nan, Bear=nan
2026-01-28 00:10:49,725 - INFO - [상태] 포지션 없음, 자본금: $6301.33
2026-01-28 00:10:49,725 - INFO - [지표] ADX=nan, Bull=nan, Bear=nan
2026-01-28 00:15:00,072 - INFO - [EMA] 증분계산: prev=87901.34, close=87854.8, new=87897.76
2026-01-28 00:15:00,078 - INFO - 15m | 15:00 | O:87612.4 H:88060.0 L:87435.6 C:87854.8
2026-01-28 00:15:00,078 - INFO - 지표: ADX=21.5, ATR=257.6, Bull=False, Bear=True
2026-01-28 00:15:49,727 - INFO - [상태] 포지션 없음, 자본금: $6301.33
2026-01-28 00:15:49,727 - INFO - [지표] ADX=nan, Bull=nan, Bear=nan
2026-01-28 00:20:49,728 - INFO - [상태] 포지션 없음, 자본금: $6301.33
2026-01-28 00:20:49,728 - INFO - [지표] ADX=nan, Bull=nan, Bear=nan
2026-01-28 00:25:49,730 - INFO - [상태] 포지션 없음, 자본금: $6301.33
2026-01-28 00:25:49,730 - INFO - [지표] ADX=nan, Bull=nan, Bear=nan
2026-01-28 00:30:00,056 - INFO - [EMA] 증분계산: prev=87897.76, close=87501.4, new=87867.27
2026-01-28 00:30:00,063 - INFO - 15m | 15:15 | O:87850.4 H:87887.5 L:87497.1 C:87501.4
2026-01-28 00:30:00,063 - INFO - 지표: ADX=20.0, ATR=268.7, Bull=False, Bear=True
2026-01-28 00:30:49,731 - INFO - [상태] 포지션 없음, 자본금: $6301.33
2026-01-28 00:30:49,731 - INFO - [지표] ADX=nan, Bull=nan, Bear=nan
2026-01-28 00:35:49,732 - INFO - [상태] 포지션 없음, 자본금: $6301.33
2026-01-28 00:35:49,733 - INFO - [지표] ADX=nan, Bull=nan, Bear=nan
2026-01-28 00:40:49,735 - INFO - [상태] 포지션 없음, 자본금: $6301.33
2026-01-28 00:40:49,735 - INFO - [지표] ADX=nan, Bull=nan, Bear=nan
2026-01-28 00:45:00,133 - INFO - [EMA] 증분계산: prev=87867.27, close=87571.5, new=87844.52
2026-01-28 00:45:00,143 - INFO - 15m | 15:30 | O:87501.0 H:87723.5 L:87485.2 C:87571.5
2026-01-28 00:45:00,143 - INFO - 지표: ADX=18.6, ATR=266.1, Bull=False, Bear=True
2026-01-28 00:45:49,736 - INFO - [상태] 포지션 없음, 자본금: $6301.33
2026-01-28 00:45:49,737 - INFO - [지표] ADX=nan, Bull=nan, Bear=nan
2026-01-28 00:50:49,738 - INFO - [상태] 포지션 없음, 자본금: $6301.33
2026-01-28 00:50:49,738 - INFO - [지표] ADX=nan, Bull=nan, Bear=nan
2026-01-28 00:55:49,739 - INFO - [상태] 포지션 없음, 자본금: $6301.33
2026-01-28 00:55:49,740 - INFO - [지표] ADX=nan, Bull=nan, Bear=nan
2026-01-28 01:00:01,558 - INFO - [EMA] 증분계산: prev=87844.52, close=87908.4, new=87849.44
2026-01-28 01:00:01,567 - INFO - 15m | 15:45 | O:87571.6 H:87945.7 L:87567.2 C:87908.4
2026-01-28 01:00:01,567 - INFO - 지표: ADX=18.3, ATR=275.5, Bull=False, Bear=True
2026-01-28 01:00:49,741 - INFO - [상태] 포지션 없음, 자본금: $6301.33
2026-01-28 01:00:49,741 - INFO - [지표] ADX=nan, Bull=nan, Bear=nan
2026-01-28 01:05:49,742 - INFO - [상태] 포지션 없음, 자본금: $6301.33
2026-01-28 01:05:49,743 - INFO - [지표] ADX=nan, Bull=nan, Bear=nan
2026-01-28 01:10:49,744 - INFO - [상태] 포지션 없음, 자본금: $6301.33
2026-01-28 01:10:49,744 - INFO - [지표] ADX=nan, Bull=nan, Bear=nan
2026-01-28 01:15:00,345 - INFO - [EMA] 증분계산: prev=87849.44, close=88322.4, new=87885.82
2026-01-28 01:15:00,355 - INFO - 15m | 16:00 | O:87908.4 H:88584.9 L:87870.6 C:88322.4
2026-01-28 01:15:00,355 - INFO - 지표: ADX=19.9, ATR=312.1, Bull=False, Bear=False
2026-01-28 01:15:49,746 - INFO - [상태] 포지션 없음, 자본금: $6301.33
2026-01-28 01:15:49,746 - INFO - [지표] ADX=nan, Bull=nan, Bear=nan
2026-01-28 01:20:49,749 - INFO - [상태] 포지션 없음, 자본금: $6301.33
2026-01-28 01:20:49,749 - INFO - [지표] ADX=nan, Bull=nan, Bear=nan
2026-01-28 01:25:49,752 - INFO - [상태] 포지션 없음, 자본금: $6301.33
2026-01-28 01:25:49,752 - INFO - [지표] ADX=nan, Bull=nan, Bear=nan
2026-01-28 01:30:00,245 - INFO - [EMA] 증분계산: prev=87885.82, close=88261.3, new=87914.70
2026-01-28 01:30:00,255 - INFO - 15m | 16:15 | O:88322.4 H:88491.0 L:88180.0 C:88261.3
2026-01-28 01:30:00,255 - INFO - 지표: ADX=21.4, ATR=312.0, Bull=False, Bear=False
2026-01-28 01:30:49,754 - INFO - [상태] 포지션 없음, 자본금: $6301.33
2026-01-28 01:30:49,754 - INFO - [지표] ADX=nan, Bull=nan, Bear=nan
2026-01-28 01:35:49,756 - INFO - [상태] 포지션 없음, 자본금: $6301.33
2026-01-28 01:35:49,756 - INFO - [지표] ADX=nan, Bull=nan, Bear=nan
2026-01-28 01:40:49,760 - INFO - [상태] 포지션 없음, 자본금: $6301.33
2026-01-28 01:40:49,760 - INFO - [지표] ADX=nan, Bull=nan, Bear=nan
2026-01-28 01:45:00,179 - INFO - [EMA] 증분계산: prev=87914.70, close=88632.4, new=87969.91
2026-01-28 01:45:00,186 - INFO - 15m | 16:30 | O:88261.3 H:88693.9 L:88258.7 C:88632.4
2026-01-28 01:45:00,186 - INFO - 지표: ADX=23.2, ATR=322.2, Bull=False, Bear=False
2026-01-28 01:45:49,761 - INFO - [상태] 포지션 없음, 자본금: $6301.33
2026-01-28 01:45:49,761 - INFO - [지표] ADX=nan, Bull=nan, Bear=nan
2026-01-28 01:50:49,764 - INFO - [상태] 포지션 없음, 자본금: $6301.33
2026-01-28 01:50:49,764 - INFO - [지표] ADX=nan, Bull=nan, Bear=nan
2026-01-28 01:55:49,767 - INFO - [상태] 포지션 없음, 자본금: $6301.33
2026-01-28 01:55:49,767 - INFO - [지표] ADX=nan, Bull=nan, Bear=nan
2026-01-28 02:00:00,041 - INFO - [EMA] 증분계산: prev=87969.91, close=88523.5, new=88012.49
2026-01-28 02:00:00,047 - INFO - 15m | 16:45 | O:88632.5 H:88725.4 L:88492.7 C:88523.5
2026-01-28 02:00:00,047 - INFO - 지표: ADX=25.0, ATR=314.8, Bull=False, Bear=False
2026-01-28 02:00:49,768 - INFO - [상태] 포지션 없음, 자본금: $6301.33
2026-01-28 02:00:49,769 - INFO - [지표] ADX=nan, Bull=nan, Bear=nan
2026-01-28 02:05:49,770 - INFO - [상태] 포지션 없음, 자본금: $6301.33
2026-01-28 02:05:49,771 - INFO - [지표] ADX=nan, Bull=nan, Bear=nan
2026-01-28 02:10:49,774 - INFO - [상태] 포지션 없음, 자본금: $6301.33
2026-01-28 02:10:49,775 - INFO - [지표] ADX=nan, Bull=nan, Bear=nan
2026-01-28 02:15:00,154 - INFO - [EMA] 증분계산: prev=88012.49, close=87894.0, new=88003.38
2026-01-28 02:15:00,160 - INFO - 15m | 17:00 | O:88520.0 H:88578.8 L:87836.8 C:87894.0
2026-01-28 02:15:00,160 - INFO - 지표: ADX=23.7, ATR=350.4, Bull=False, Bear=True
2026-01-28 02:15:49,776 - INFO - [상태] 포지션 없음, 자본금: $6301.33
2026-01-28 02:15:49,777 - INFO - [지표] ADX=nan, Bull=nan, Bear=nan
2026-01-28 02:20:49,779 - INFO - [상태] 포지션 없음, 자본금: $6301.33
2026-01-28 02:20:49,779 - INFO - [지표] ADX=nan, Bull=nan, Bear=nan
2026-01-28 02:25:49,782 - INFO - [상태] 포지션 없음, 자본금: $6301.33
2026-01-28 02:25:49,782 - INFO - [지표] ADX=nan, Bull=nan, Bear=nan
2026-01-28 02:30:00,145 - INFO - [EMA] 증분계산: prev=88003.38, close=87765.9, new=87985.11
2026-01-28 02:30:00,155 - INFO - 15m | 17:15 | O:87893.4 H:87907.1 L:87464.8 C:87765.9
2026-01-28 02:30:00,155 - INFO - 지표: ADX=22.6, ATR=358.0, Bull=False, Bear=True
2026-01-28 02:30:49,785 - INFO - [상태] 포지션 없음, 자본금: $6301.33
2026-01-28 02:30:49,786 - INFO - [지표] ADX=nan, Bull=nan, Bear=nan
2026-01-28 02:35:49,788 - INFO - [상태] 포지션 없음, 자본금: $6301.33
2026-01-28 02:35:49,788 - INFO - [지표] ADX=nan, Bull=nan, Bear=nan
2026-01-28 02:40:49,790 - INFO - [상태] 포지션 없음, 자본금: $6301.33
2026-01-28 02:40:49,791 - INFO - [지표] ADX=nan, Bull=nan, Bear=nan
2026-01-28 02:45:00,188 - INFO - [EMA] 증분계산: prev=87985.11, close=87243.3, new=87928.05
2026-01-28 02:45:00,195 - INFO - 15m | 17:30 | O:87765.1 H:87872.9 L:87201.3 C:87243.3
2026-01-28 02:45:00,195 - INFO - 지표: ADX=22.2, ATR=384.2, Bull=False, Bear=True
2026-01-28 02:45:49,791 - INFO - [상태] 포지션 없음, 자본금: $6301.33
2026-01-28 02:45:49,792 - INFO - [지표] ADX=nan, Bull=nan, Bear=nan
2026-01-28 02:50:49,793 - INFO - [상태] 포지션 없음, 자본금: $6301.33
2026-01-28 02:50:49,793 - INFO - [지표] ADX=nan, Bull=nan, Bear=nan
2026-01-28 02:55:49,795 - INFO - [상태] 포지션 없음, 자본금: $6301.33
2026-01-28 02:55:49,795 - INFO - [지표] ADX=nan, Bull=nan, Bear=nan
2026-01-28 03:00:00,448 - INFO - [EMA] 증분계산: prev=87928.05, close=87429.9, new=87889.73
2026-01-28 03:00:00,455 - INFO - 15m | 17:45 | O:87238.0 H:87447.3 L:87175.2 C:87429.9
2026-01-28 03:00:00,455 - INFO - 지표: ADX=21.9, ATR=374.8, Bull=False, Bear=True
2026-01-28 03:00:49,796 - INFO - [상태] 포지션 없음, 자본금: $6301.33
2026-01-28 03:00:49,797 - INFO - [지표] ADX=nan, Bull=nan, Bear=nan
2026-01-28 03:05:49,800 - INFO - [상태] 포지션 없음, 자본금: $6301.33
2026-01-28 03:05:49,800 - INFO - [지표] ADX=nan, Bull=nan, Bear=nan
2026-01-28 03:10:49,801 - INFO - [상태] 포지션 없음, 자본금: $6301.33
2026-01-28 03:10:49,801 - INFO - [지표] ADX=nan, Bull=nan, Bear=nan
2026-01-28 03:15:02,931 - INFO - [EMA] 증분계산: prev=87889.73, close=87545.5, new=87863.25
2026-01-28 03:15:02,941 - INFO - 15m | 18:00 | O:87430.0 H:87740.0 L:87328.5 C:87545.5
2026-01-28 03:15:02,941 - INFO - 지표: ADX=20.6, ATR=377.9, Bull=False, Bear=True
2026-01-28 03:15:49,803 - INFO - [상태] 포지션 없음, 자본금: $6301.33
2026-01-28 03:15:49,803 - INFO - [지표] ADX=nan, Bull=nan, Bear=nan
2026-01-28 03:20:49,804 - INFO - [상태] 포지션 없음, 자본금: $6301.33
2026-01-28 03:20:49,805 - INFO - [지표] ADX=nan, Bull=nan, Bear=nan
2026-01-28 03:25:49,808 - INFO - [상태] 포지션 없음, 자본금: $6301.33
2026-01-28 03:25:49,808 - INFO - [지표] ADX=nan, Bull=nan, Bear=nan
2026-01-28 03:30:00,154 - INFO - [EMA] 증분계산: prev=87863.25, close=87727.5, new=87852.81
2026-01-28 03:30:00,161 - INFO - 15m | 18:15 | O:87545.5 H:87826.2 L:87545.5 C:87727.5
2026-01-28 03:30:00,161 - INFO - 지표: ADX=19.3, ATR=369.8, Bull=False, Bear=True
2026-01-28 03:30:49,810 - INFO - [상태] 포지션 없음, 자본금: $6301.33
2026-01-28 03:30:49,810 - INFO - [지표] ADX=nan, Bull=nan, Bear=nan
2026-01-28 03:35:49,811 - INFO - [상태] 포지션 없음, 자본금: $6301.33
2026-01-28 03:35:49,811 - INFO - [지표] ADX=nan, Bull=nan, Bear=nan
2026-01-28 03:40:49,813 - INFO - [상태] 포지션 없음, 자본금: $6301.33
2026-01-28 03:40:49,813 - INFO - [지표] ADX=nan, Bull=nan, Bear=nan
2026-01-28 03:45:00,585 - INFO - [EMA] 증분계산: prev=87852.81, close=87704.4, new=87841.39
2026-01-28 03:45:00,591 - INFO - 15m | 18:30 | O:87727.6 H:87826.5 L:87607.4 C:87704.4
2026-01-28 03:45:00,591 - INFO - 지표: ADX=18.0, ATR=357.2, Bull=False, Bear=True
2026-01-28 03:45:49,815 - INFO - [상태] 포지션 없음, 자본금: $6301.33
2026-01-28 03:45:49,816 - INFO - [지표] ADX=nan, Bull=nan, Bear=nan
2026-01-28 03:50:49,820 - INFO - [상태] 포지션 없음, 자본금: $6301.33
2026-01-28 03:50:49,820 - INFO - [지표] ADX=nan, Bull=nan, Bear=nan
2026-01-28 03:55:49,822 - INFO - [상태] 포지션 없음, 자본금: $6301.33
2026-01-28 03:55:49,822 - INFO - [지표] ADX=nan, Bull=nan, Bear=nan
2026-01-28 04:00:00,159 - INFO - [EMA] 증분계산: prev=87841.39, close=88153.4, new=87865.39
2026-01-28 04:00:00,168 - INFO - 15m | 18:45 | O:87705.6 H:88383.3 L:87701.1 C:88153.4
2026-01-28 04:00:00,168 - INFO - 지표: ADX=18.1, ATR=384.3, Bull=False, Bear=False
2026-01-28 04:00:49,823 - INFO - [상태] 포지션 없음, 자본금: $6301.33
2026-01-28 04:00:49,823 - INFO - [지표] ADX=nan, Bull=nan, Bear=nan
2026-01-28 04:05:49,824 - INFO - [상태] 포지션 없음, 자본금: $6301.33
2026-01-28 04:05:49,824 - INFO - [지표] ADX=nan, Bull=nan, Bear=nan
2026-01-28 04:10:49,863 - INFO - [상태] 포지션 없음, 자본금: $6301.33
2026-01-28 04:10:49,863 - INFO - [지표] ADX=nan, Bull=nan, Bear=nan
2026-01-28 04:15:01,039 - INFO - [EMA] 증분계산: prev=87865.39, close=88084.1, new=87882.22
2026-01-28 04:15:01,049 - INFO - 15m | 19:00 | O:88156.7 H:88200.7 L:87921.4 C:88084.1
2026-01-28 04:15:01,049 - INFO - 지표: ADX=18.2, ATR=375.6, Bull=False, Bear=False
2026-01-28 04:15:49,866 - INFO - [상태] 포지션 없음, 자본금: $6301.33
2026-01-28 04:15:49,866 - INFO - [지표] ADX=nan, Bull=nan, Bear=nan
2026-01-28 04:20:49,868 - INFO - [상태] 포지션 없음, 자본금: $6301.33
2026-01-28 04:20:49,869 - INFO - [지표] ADX=nan, Bull=nan, Bear=nan
2026-01-28 04:25:49,872 - INFO - [상태] 포지션 없음, 자본금: $6301.33
2026-01-28 04:25:49,872 - INFO - [지표] ADX=nan, Bull=nan, Bear=nan
2026-01-28 04:30:00,262 - INFO - [EMA] 증분계산: prev=87882.22, close=88125.7, new=87900.95
2026-01-28 04:30:00,271 - INFO - 15m | 19:15 | O:88084.0 H:88243.1 L:88041.6 C:88125.7
2026-01-28 04:30:00,271 - INFO - 지표: ADX=18.4, ATR=361.1, Bull=False, Bear=False
2026-01-28 04:30:49,876 - INFO - [상태] 포지션 없음, 자본금: $6301.33
2026-01-28 04:30:49,876 - INFO - [지표] ADX=nan, Bull=nan, Bear=nan
2026-01-28 04:35:49,882 - INFO - [상태] 포지션 없음, 자본금: $6301.33
2026-01-28 04:35:49,882 - INFO - [지표] ADX=nan, Bull=nan, Bear=nan
2026-01-28 04:40:49,884 - INFO - [상태] 포지션 없음, 자본금: $6301.33
2026-01-28 04:40:49,884 - INFO - [지표] ADX=nan, Bull=nan, Bear=nan
2026-01-28 04:45:00,275 - INFO - [EMA] 증분계산: prev=87900.95, close=88403.1, new=87939.57
2026-01-28 04:45:00,284 - INFO - 15m | 19:30 | O:88125.8 H:88432.6 L:88040.5 C:88403.1
2026-01-28 04:45:00,285 - INFO - 지표: ADX=19.0, ATR=363.6, Bull=False, Bear=False
2026-01-28 04:45:49,885 - INFO - [상태] 포지션 없음, 자본금: $6301.33
2026-01-28 04:45:49,885 - INFO - [지표] ADX=nan, Bull=nan, Bear=nan
2026-01-28 04:50:49,890 - INFO - [상태] 포지션 없음, 자본금: $6301.33
2026-01-28 04:50:49,890 - INFO - [지표] ADX=nan, Bull=nan, Bear=nan
2026-01-28 04:55:49,897 - INFO - [상태] 포지션 없음, 자본금: $6301.33
2026-01-28 04:55:49,898 - INFO - [지표] ADX=nan, Bull=nan, Bear=nan
2026-01-28 05:00:00,059 - INFO - [EMA] 증분계산: prev=87939.57, close=88287.9, new=87966.37
2026-01-28 05:00:00,066 - INFO - 15m | 19:45 | O:88403.0 H:88403.0 L:88221.2 C:88287.9
2026-01-28 05:00:00,066 - INFO - 지표: ADX=19.5, ATR=348.5, Bull=False, Bear=False
2026-01-28 05:00:49,900 - INFO - [상태] 포지션 없음, 자본금: $6301.33
2026-01-28 05:00:49,901 - INFO - [지표] ADX=nan, Bull=nan, Bear=nan
2026-01-28 05:05:49,903 - INFO - [상태] 포지션 없음, 자본금: $6301.33
2026-01-28 05:05:49,903 - INFO - [지표] ADX=nan, Bull=nan, Bear=nan
2026-01-28 05:10:49,906 - INFO - [상태] 포지션 없음, 자본금: $6301.33
2026-01-28 05:10:49,906 - INFO - [지표] ADX=nan, Bull=nan, Bear=nan
2026-01-28 05:15:00,268 - INFO - [EMA] 증분계산: prev=87966.37, close=88623.3, new=88016.90
2026-01-28 05:15:00,275 - INFO - 15m | 20:00 | O:88287.9 H:88627.6 L:88246.8 C:88623.3
2026-01-28 05:15:00,275 - INFO - 지표: ADX=20.6, ATR=351.2, Bull=False, Bear=False
2026-01-28 05:15:49,909 - INFO - [상태] 포지션 없음, 자본금: $6301.33
2026-01-28 05:15:49,910 - INFO - [지표] ADX=nan, Bull=nan, Bear=nan
2026-01-28 05:20:49,912 - INFO - [상태] 포지션 없음, 자본금: $6301.33
2026-01-28 05:20:49,912 - INFO - [지표] ADX=nan, Bull=nan, Bear=nan
2026-01-28 05:25:49,913 - INFO - [상태] 포지션 없음, 자본금: $6301.33
2026-01-28 05:25:49,913 - INFO - [지표] ADX=nan, Bull=nan, Bear=nan
2026-01-28 05:30:00,094 - INFO - [EMA] 증분계산: prev=88016.90, close=89029.1, new=88094.76
2026-01-28 05:30:00,100 - INFO - 15m | 20:15 | O:88621.1 H:89087.4 L:88531.0 C:89029.1
2026-01-28 05:30:00,100 - INFO - 지표: ADX=22.4, ATR=368.3, Bull=False, Bear=False
2026-01-28 05:30:49,914 - INFO - [상태] 포지션 없음, 자본금: $6301.33
2026-01-28 05:30:49,915 - INFO - [지표] ADX=nan, Bull=nan, Bear=nan
2026-01-28 05:35:49,918 - INFO - [상태] 포지션 없음, 자본금: $6301.33
2026-01-28 05:35:49,918 - INFO - [지표] ADX=nan, Bull=nan, Bear=nan
2026-01-28 05:40:49,919 - INFO - [상태] 포지션 없음, 자본금: $6301.33
2026-01-28 05:40:49,919 - INFO - [지표] ADX=nan, Bull=nan, Bear=nan
2026-01-28 05:45:00,106 - INFO - [EMA] 증분계산: prev=88094.76, close=88820.0, new=88150.55
2026-01-28 05:45:00,113 - INFO - 15m | 20:30 | O:89028.2 H:89034.8 L:88687.5 C:88820.0
2026-01-28 05:45:00,113 - INFO - 지표: ADX=24.1, ATR=366.5, Bull=False, Bear=False
2026-01-28 05:45:49,922 - INFO - [상태] 포지션 없음, 자본금: $6301.33
2026-01-28 05:45:49,923 - INFO - [지표] ADX=nan, Bull=nan, Bear=nan
2026-01-28 05:50:49,924 - INFO - [상태] 포지션 없음, 자본금: $6301.33
2026-01-28 05:50:49,924 - INFO - [지표] ADX=nan, Bull=nan, Bear=nan
2026-01-28 05:55:49,927 - INFO - [상태] 포지션 없음, 자본금: $6301.33
2026-01-28 05:55:49,927 - INFO - [지표] ADX=nan, Bull=nan, Bear=nan
2026-01-28 06:00:00,057 - INFO - [EMA] 증분계산: prev=88150.55, close=89273.4, new=88236.92
2026-01-28 06:00:00,067 - INFO - 15m | 20:45 | O:88816.0 H:89393.0 L:88809.6 C:89273.4
2026-01-28 06:00:00,067 - INFO - 지표: ADX=26.1, ATR=384.6, Bull=False, Bear=False
2026-01-28 06:00:49,929 - INFO - [상태] 포지션 없음, 자본금: $6301.33
2026-01-28 06:00:49,929 - INFO - [지표] ADX=nan, Bull=nan, Bear=nan
2026-01-28 06:05:49,931 - INFO - [상태] 포지션 없음, 자본금: $6301.33
2026-01-28 06:05:49,931 - INFO - [지표] ADX=nan, Bull=nan, Bear=nan
2026-01-28 06:10:49,932 - INFO - [상태] 포지션 없음, 자본금: $6301.33
2026-01-28 06:10:49,932 - INFO - [지표] ADX=nan, Bull=nan, Bear=nan
2026-01-28 06:15:00,080 - INFO - [EMA] 증분계산: prev=88236.92, close=89279.8, new=88317.14
2026-01-28 06:15:00,087 - INFO - 15m | 21:00 | O:89270.8 H:89416.0 L:89110.5 C:89279.8
2026-01-28 06:15:00,087 - INFO - 지표: ADX=28.1, ATR=378.0, Bull=False, Bear=False
2026-01-28 06:15:49,936 - INFO - [상태] 포지션 없음, 자본금: $6301.33
2026-01-28 06:15:49,936 - INFO - [지표] ADX=nan, Bull=nan, Bear=nan
2026-01-28 06:20:49,937 - INFO - [상태] 포지션 없음, 자본금: $6301.33
2026-01-28 06:20:49,938 - INFO - [지표] ADX=nan, Bull=nan, Bear=nan
2026-01-28 06:25:49,939 - INFO - [상태] 포지션 없음, 자본금: $6301.33
2026-01-28 06:25:49,939 - INFO - [지표] ADX=nan, Bull=nan, Bear=nan
2026-01-28 06:30:01,679 - INFO - [EMA] 증분계산: prev=88317.14, close=89139.3, new=88380.39
2026-01-28 06:30:01,686 - INFO - 15m | 21:15 | O:89280.0 H:89348.7 L:89103.8 C:89139.3
2026-01-28 06:30:01,686 - INFO - 지표: ADX=29.9, ATR=366.9, Bull=False, Bear=False
2026-01-28 06:30:49,942 - INFO - [상태] 포지션 없음, 자본금: $6301.33
2026-01-28 06:30:49,942 - INFO - [지표] ADX=nan, Bull=nan, Bear=nan
2026-01-28 06:35:49,943 - INFO - [상태] 포지션 없음, 자본금: $6301.33
2026-01-28 06:35:49,943 - INFO - [지표] ADX=nan, Bull=nan, Bear=nan
2026-01-28 06:40:49,944 - INFO - [상태] 포지션 없음, 자본금: $6301.33
2026-01-28 06:40:49,945 - INFO - [지표] ADX=nan, Bull=nan, Bear=nan
2026-01-28 06:45:01,565 - INFO - [EMA] 증분계산: prev=88380.39, close=89093.1, new=88435.21
2026-01-28 06:45:01,571 - INFO - 15m | 21:30 | O:89139.2 H:89192.0 L:89023.1 C:89093.1
2026-01-28 06:45:01,571 - INFO - 지표: ADX=31.2, ATR=350.4, Bull=True, Bear=False
2026-01-28 06:45:49,949 - INFO - [상태] 포지션 없음, 자본금: $6301.33
2026-01-28 06:45:49,950 - INFO - [지표] ADX=nan, Bull=nan, Bear=nan
2026-01-28 06:50:49,951 - INFO - [상태] 포지션 없음, 자본금: $6301.33
2026-01-28 06:50:49,951 - INFO - [지표] ADX=nan, Bull=nan, Bear=nan
2026-01-28 06:55:49,957 - INFO - [상태] 포지션 없음, 자본금: $6301.33
2026-01-28 06:55:49,958 - INFO - [지표] ADX=nan, Bull=nan, Bear=nan
2026-01-28 07:00:01,382 - INFO - [EMA] 증분계산: prev=88435.21, close=88955.4, new=88475.23
2026-01-28 07:00:01,389 - INFO - 15m | 21:45 | O:89093.1 H:89177.7 L:88878.1 C:88955.4
2026-01-28 07:00:01,389 - INFO - 지표: ADX=31.6, ATR=346.2, Bull=True, Bear=False
2026-01-28 07:00:49,960 - INFO - [상태] 포지션 없음, 자본금: $6301.33
2026-01-28 07:00:49,960 - INFO - [지표] ADX=nan, Bull=nan, Bear=nan
2026-01-28 07:05:49,963 - INFO - [상태] 포지션 없음, 자본금: $6301.33
2026-01-28 07:05:49,964 - INFO - [지표] ADX=nan, Bull=nan, Bear=nan
2026-01-28 07:10:49,968 - INFO - [상태] 포지션 없음, 자본금: $6301.33
2026-01-28 07:10:49,968 - INFO - [지표] ADX=nan, Bull=nan, Bear=nan
2026-01-28 07:15:00,380 - INFO - [EMA] 증분계산: prev=88475.23, close=89014.3, new=88516.69
2026-01-28 07:15:00,386 - INFO - 15m | 22:00 | O:88952.0 H:89100.0 L:88947.1 C:89014.3
2026-01-28 07:15:00,386 - INFO - 지표: ADX=32.1, ATR=330.1, Bull=True, Bear=False
2026-01-28 07:15:49,970 - INFO - [상태] 포지션 없음, 자본금: $6301.33
2026-01-28 07:15:49,971 - INFO - [지표] ADX=nan, Bull=nan, Bear=nan
2026-01-28 07:20:49,974 - INFO - [상태] 포지션 없음, 자본금: $6301.33
2026-01-28 07:20:49,975 - INFO - [지표] ADX=nan, Bull=nan, Bear=nan
2026-01-28 07:25:49,976 - INFO - [상태] 포지션 없음, 자본금: $6301.33
2026-01-28 07:25:49,976 - INFO - [지표] ADX=nan, Bull=nan, Bear=nan
2026-01-28 07:30:01,560 - INFO - [EMA] 증분계산: prev=88516.69, close=89038.4, new=88556.82
2026-01-28 07:30:01,567 - INFO - 15m | 22:15 | O:89013.9 H:89146.0 L:88893.4 C:89038.4
2026-01-28 07:30:01,567 - INFO - 지표: ADX=32.2, ATR=323.6, Bull=True, Bear=False
2026-01-28 07:30:49,978 - INFO - [상태] 포지션 없음, 자본금: $6301.33
2026-01-28 07:30:49,979 - INFO - [지표] ADX=nan, Bull=nan, Bear=nan
2026-01-28 07:35:49,980 - INFO - [상태] 포지션 없음, 자본금: $6301.33
2026-01-28 07:35:49,980 - INFO - [지표] ADX=nan, Bull=nan, Bear=nan
2026-01-28 07:40:49,981 - INFO - [상태] 포지션 없음, 자본금: $6301.33
2026-01-28 07:40:49,982 - INFO - [지표] ADX=nan, Bull=nan, Bear=nan
2026-01-28 07:45:00,177 - INFO - [EMA] 증분계산: prev=88556.82, close=89199.3, new=88606.25
2026-01-28 07:45:00,184 - INFO - 15m | 22:30 | O:89038.4 H:89313.4 L:88997.1 C:89199.3
2026-01-28 07:45:00,184 - INFO - 지표: ADX=32.7, ATR=323.0, Bull=True, Bear=False
2026-01-28 07:45:49,984 - INFO - [상태] 포지션 없음, 자본금: $6301.33
2026-01-28 07:45:49,985 - INFO - [지표] ADX=nan, Bull=nan, Bear=nan
2026-01-28 07:50:49,988 - INFO - [상태] 포지션 없음, 자본금: $6301.33
2026-01-28 07:50:49,988 - INFO - [지표] ADX=nan, Bull=nan, Bear=nan
2026-01-28 07:55:49,989 - INFO - [상태] 포지션 없음, 자본금: $6301.33
2026-01-28 07:55:49,989 - INFO - [지표] ADX=nan, Bull=nan, Bear=nan
2026-01-28 08:00:00,303 - INFO - [EMA] 증분계산: prev=88606.25, close=89120.9, new=88645.83
2026-01-28 08:00:00,310 - INFO - 15m | 22:45 | O:89198.2 H:89207.0 L:89100.5 C:89120.9
2026-01-28 08:00:00,310 - INFO - 지표: ADX=33.2, ATR=305.0, Bull=True, Bear=False
2026-01-28 08:00:49,991 - INFO - [상태] 포지션 없음, 자본금: $6301.33
2026-01-28 08:00:49,992 - INFO - [지표] ADX=nan, Bull=nan, Bear=nan
2026-01-28 08:05:49,994 - INFO - [상태] 포지션 없음, 자본금: $6301.33
2026-01-28 08:05:49,995 - INFO - [지표] ADX=nan, Bull=nan, Bear=nan
2026-01-28 08:10:49,998 - INFO - [상태] 포지션 없음, 자본금: $6301.33
2026-01-28 08:10:49,999 - INFO - [지표] ADX=nan, Bull=nan, Bear=nan
2026-01-28 08:15:00,131 - INFO - [EMA] 증분계산: prev=88645.83, close=89194.1, new=88688.01
2026-01-28 08:15:00,137 - INFO - 15m | 23:00 | O:89121.0 H:89200.0 L:89015.4 C:89194.1
2026-01-28 08:15:00,137 - INFO - 지표: ADX=33.2, ATR=294.9, Bull=True, Bear=False
2026-01-28 08:15:50,000 - INFO - [상태] 포지션 없음, 자본금: $6301.33
2026-01-28 08:15:50,000 - INFO - [지표] ADX=nan, Bull=nan, Bear=nan
2026-01-28 08:20:50,006 - INFO - [상태] 포지션 없음, 자본금: $6301.33
2026-01-28 08:20:50,006 - INFO - [지표] ADX=nan, Bull=nan, Bear=nan
2026-01-28 08:25:50,012 - INFO - [상태] 포지션 없음, 자본금: $6301.33
2026-01-28 08:25:50,012 - INFO - [지표] ADX=nan, Bull=nan, Bear=nan
2026-01-28 08:30:00,135 - INFO - [EMA] 증분계산: prev=88688.01, close=89376.0, new=88740.93
2026-01-28 08:30:00,144 - INFO - 15m | 23:15 | O:89194.0 H:89399.6 L:89142.0 C:89376.0
2026-01-28 08:30:00,144 - INFO - 지표: ADX=33.7, ATR=291.8, Bull=True, Bear=False
2026-01-28 08:30:50,013 - INFO - [상태] 포지션 없음, 자본금: $6301.33
2026-01-28 08:30:50,014 - INFO - [지표] ADX=nan, Bull=nan, Bear=nan
2026-01-28 08:35:50,014 - INFO - [상태] 포지션 없음, 자본금: $6301.33
2026-01-28 08:35:50,015 - INFO - [지표] ADX=nan, Bull=nan, Bear=nan
2026-01-28 08:40:50,016 - INFO - [상태] 포지션 없음, 자본금: $6301.33
2026-01-28 08:40:50,016 - INFO - [지표] ADX=nan, Bull=nan, Bear=nan
2026-01-28 08:45:01,203 - INFO - [EMA] 증분계산: prev=88740.93, close=89293.7, new=88783.45
2026-01-28 08:45:01,210 - INFO - 15m | 23:30 | O:89379.3 H:89395.1 L:89246.0 C:89293.7
2026-01-28 08:45:01,210 - INFO - 지표: ADX=34.1, ATR=279.9, Bull=True, Bear=False
2026-01-28 08:45:50,018 - INFO - [상태] 포지션 없음, 자본금: $6301.33
2026-01-28 08:45:50,018 - INFO - [지표] ADX=nan, Bull=nan, Bear=nan
2026-01-28 08:50:50,025 - INFO - [상태] 포지션 없음, 자본금: $6301.33
2026-01-28 08:50:50,025 - INFO - [지표] ADX=nan, Bull=nan, Bear=nan
2026-01-28 08:55:50,027 - INFO - [상태] 포지션 없음, 자본금: $6301.33
2026-01-28 08:55:50,027 - INFO - [지표] ADX=nan, Bull=nan, Bear=nan
