2026-01-29 09:00:01,803 - INFO - === 로그 파일 시작: logs/hyper_usdt_2026-01-29.log ===
2026-01-29 09:00:01,803 - INFO - [EMA] 증분계산: prev=89366.07, close=89261.7, new=89358.04
2026-01-29 09:00:01,813 - INFO - 15m | 23:45 | O:89271.8 H:89362.6 L:89187.5 C:89261.7
2026-01-29 09:00:01,813 - INFO - 지표: ADX=18.8, ATR=254.5, Bull=True, Bear=False
2026-01-29 09:00:57,409 - INFO - [상태] 포지션 없음, 자본금: $5571.21
2026-01-29 09:00:57,410 - INFO - [지표] ADX=nan, Bull=nan, Bear=nan
2026-01-29 09:05:57,412 - INFO - [상태] 포지션 없음, 자본금: $5571.21
2026-01-29 09:05:57,412 - INFO - [지표] ADX=nan, Bull=nan, Bear=nan
2026-01-29 09:10:57,413 - INFO - [상태] 포지션 없음, 자본금: $5571.21
2026-01-29 09:10:57,414 - INFO - [지표] ADX=nan, Bull=nan, Bear=nan
2026-01-29 09:15:00,033 - INFO - [EMA] 증분계산: prev=89358.04, close=89050.0, new=89334.34
2026-01-29 09:15:00,043 - INFO - 15m | 00:00 | O:89261.7 H:89316.8 L:89050.0 C:89050.0
2026-01-29 09:15:00,043 - INFO - 지표: ADX=18.9, ATR=255.7, Bull=True, Bear=False
2026-01-29 09:15:57,415 - INFO - [상태] 포지션 없음, 자본금: $5571.21
2026-01-29 09:15:57,415 - INFO - [지표] ADX=nan, Bull=nan, Bear=nan
2026-01-29 09:20:57,415 - INFO - [상태] 포지션 없음, 자본금: $5571.21
2026-01-29 09:20:57,415 - INFO - [지표] ADX=nan, Bull=nan, Bear=nan
2026-01-29 09:25:57,416 - INFO - [상태] 포지션 없음, 자본금: $5571.21
2026-01-29 09:25:57,416 - INFO - [지표] ADX=nan, Bull=nan, Bear=nan
2026-01-29 09:30:00,111 - INFO - [EMA] 증분계산: prev=89334.34, close=88996.6, new=89308.36
2026-01-29 09:30:00,121 - INFO - 15m | 00:15 | O:89050.1 H:89112.2 L:88959.4 C:88996.6
2026-01-29 09:30:00,121 - INFO - 지표: ADX=19.4, ATR=245.4, Bull=True, Bear=False
2026-01-29 09:30:57,417 - INFO - [상태] 포지션 없음, 자본금: $5571.21
2026-01-29 09:30:57,417 - INFO - [지표] ADX=nan, Bull=nan, Bear=nan
2026-01-29 09:35:57,417 - INFO - [상태] 포지션 없음, 자본금: $5571.21
2026-01-29 09:35:57,418 - INFO - [지표] ADX=nan, Bull=nan, Bear=nan
2026-01-29 09:40:57,419 - INFO - [상태] 포지션 없음, 자본금: $5571.21
2026-01-29 09:40:57,419 - INFO - [지표] ADX=nan, Bull=nan, Bear=nan
2026-01-29 09:45:01,001 - INFO - [EMA] 증분계산: prev=89308.36, close=88932.4, new=89279.44
2026-01-29 09:45:01,008 - INFO - 15m | 00:30 | O:88996.7 H:89121.9 L:88927.5 C:88932.4
2026-01-29 09:45:01,008 - INFO - 지표: ADX=20.0, ATR=240.3, Bull=False, Bear=False
2026-01-29 09:45:57,420 - INFO - [상태] 포지션 없음, 자본금: $5571.21
2026-01-29 09:45:57,420 - INFO - [지표] ADX=nan, Bull=nan, Bear=nan
2026-01-29 09:50:57,421 - INFO - [상태] 포지션 없음, 자본금: $5571.21
2026-01-29 09:50:57,422 - INFO - [지표] ADX=nan, Bull=nan, Bear=nan
2026-01-29 09:55:57,422 - INFO - [상태] 포지션 없음, 자본금: $5571.21
2026-01-29 09:55:57,423 - INFO - [지표] ADX=nan, Bull=nan, Bear=nan
2026-01-29 10:00:00,200 - INFO - [EMA] 증분계산: prev=89279.44, close=89112.0, new=89266.56
2026-01-29 10:00:00,209 - INFO - 15m | 00:45 | O:88932.3 H:89121.5 L:88861.5 C:89112.0
2026-01-29 10:00:00,210 - INFO - 지표: ADX=20.7, ATR=242.3, Bull=True, Bear=False
2026-01-29 10:00:57,423 - INFO - [상태] 포지션 없음, 자본금: $5571.21
2026-01-29 10:00:57,424 - INFO - [지표] ADX=nan, Bull=nan, Bear=nan
2026-01-29 10:05:57,424 - INFO - [상태] 포지션 없음, 자본금: $5571.21
2026-01-29 10:05:57,425 - INFO - [지표] ADX=nan, Bull=nan, Bear=nan
2026-01-29 10:10:57,426 - INFO - [상태] 포지션 없음, 자본금: $5571.21
2026-01-29 10:10:57,426 - INFO - [지표] ADX=nan, Bull=nan, Bear=nan
2026-01-29 10:15:01,648 - INFO - [EMA] 증분계산: prev=89266.56, close=89069.0, new=89251.37
2026-01-29 10:15:01,654 - INFO - 15m | 01:00 | O:89112.0 H:89130.0 L:88973.4 C:89069.0
2026-01-29 10:15:01,655 - INFO - 지표: ADX=21.3, ATR=233.7, Bull=True, Bear=False
2026-01-29 10:15:57,427 - INFO - [상태] 포지션 없음, 자본금: $5571.21
2026-01-29 10:15:57,428 - INFO - [지표] ADX=nan, Bull=nan, Bear=nan
2026-01-29 10:20:57,429 - INFO - [상태] 포지션 없음, 자본금: $5571.21
2026-01-29 10:20:57,429 - INFO - [지표] ADX=nan, Bull=nan, Bear=nan
2026-01-29 10:25:57,430 - INFO - [상태] 포지션 없음, 자본금: $5571.21
2026-01-29 10:25:57,430 - INFO - [지표] ADX=nan, Bull=nan, Bear=nan
2026-01-29 10:30:00,090 - INFO - [EMA] 증분계산: prev=89251.37, close=88792.1, new=89216.04
2026-01-29 10:30:00,097 - INFO - 15m | 01:15 | O:89068.9 H:89069.0 L:88557.5 C:88792.1
2026-01-29 10:30:00,097 - INFO - 지표: ADX=23.2, ATR=261.5, Bull=False, Bear=False
2026-01-29 10:30:57,431 - INFO - [상태] 포지션 없음, 자본금: $5571.21
2026-01-29 10:30:57,432 - INFO - [지표] ADX=nan, Bull=nan, Bear=nan
2026-01-29 10:35:57,433 - INFO - [상태] 포지션 없음, 자본금: $5571.21
2026-01-29 10:35:57,433 - INFO - [지표] ADX=nan, Bull=nan, Bear=nan
2026-01-29 10:40:57,434 - INFO - [상태] 포지션 없음, 자본금: $5571.21
2026-01-29 10:40:57,435 - INFO - [지표] ADX=nan, Bull=nan, Bear=nan
2026-01-29 10:45:00,299 - INFO - [EMA] 증분계산: prev=89216.04, close=88797.5, new=89183.84
2026-01-29 10:45:00,309 - INFO - 15m | 01:30 | O:88792.2 H:88857.1 L:88693.7 C:88797.5
2026-01-29 10:45:00,309 - INFO - 지표: ADX=24.9, ATR=251.7, Bull=False, Bear=False
2026-01-29 10:45:57,436 - INFO - [상태] 포지션 없음, 자본금: $5571.21
2026-01-29 10:45:57,437 - INFO - [지표] ADX=nan, Bull=nan, Bear=nan
2026-01-29 10:50:57,439 - INFO - [상태] 포지션 없음, 자본금: $5571.21
2026-01-29 10:50:57,439 - INFO - [지표] ADX=nan, Bull=nan, Bear=nan
2026-01-29 10:55:57,440 - INFO - [상태] 포지션 없음, 자본금: $5571.21
2026-01-29 10:55:57,441 - INFO - [지표] ADX=nan, Bull=nan, Bear=nan
2026-01-29 11:00:00,159 - INFO - [EMA] 증분계산: prev=89183.84, close=88561.7, new=89135.99
2026-01-29 11:00:00,166 - INFO - 15m | 01:45 | O:88797.5 H:88863.9 L:88508.7 C:88561.7
2026-01-29 11:00:00,166 - INFO - 지표: ADX=26.9, ATR=262.0, Bull=False, Bear=False
2026-01-29 11:00:57,442 - INFO - [상태] 포지션 없음, 자본금: $5571.21
2026-01-29 11:00:57,442 - INFO - [지표] ADX=nan, Bull=nan, Bear=nan
2026-01-29 11:05:57,443 - INFO - [상태] 포지션 없음, 자본금: $5571.21
2026-01-29 11:05:57,444 - INFO - [지표] ADX=nan, Bull=nan, Bear=nan
2026-01-29 11:10:57,444 - INFO - [상태] 포지션 없음, 자본금: $5571.21
2026-01-29 11:10:57,445 - INFO - [지표] ADX=nan, Bull=nan, Bear=nan
2026-01-29 11:15:00,577 - INFO - [EMA] 증분계산: prev=89135.99, close=88651.0, new=89098.68
2026-01-29 11:15:00,583 - INFO - 15m | 02:00 | O:88561.7 H:88721.9 L:88377.0 C:88651.0
2026-01-29 11:15:00,583 - INFO - 지표: ADX=29.0, ATR=270.3, Bull=False, Bear=False
2026-01-29 11:15:57,446 - INFO - [상태] 포지션 없음, 자본금: $5571.21
2026-01-29 11:15:57,446 - INFO - [지표] ADX=nan, Bull=nan, Bear=nan
2026-01-29 11:20:57,447 - INFO - [상태] 포지션 없음, 자본금: $5571.21
2026-01-29 11:20:57,447 - INFO - [지표] ADX=nan, Bull=nan, Bear=nan
2026-01-29 11:25:57,448 - INFO - [상태] 포지션 없음, 자본금: $5571.21
2026-01-29 11:25:57,448 - INFO - [지표] ADX=nan, Bull=nan, Bear=nan
2026-01-29 11:30:00,323 - INFO - [EMA] 증분계산: prev=89098.68, close=88573.5, new=89058.28
2026-01-29 11:30:00,333 - INFO - 15m | 02:15 | O:88651.0 H:88694.0 L:88524.1 C:88573.5
2026-01-29 11:30:00,333 - INFO - 지표: ADX=30.9, ATR=260.3, Bull=False, Bear=False
2026-01-29 11:30:57,451 - INFO - [상태] 포지션 없음, 자본금: $5571.21
2026-01-29 11:30:57,451 - INFO - [지표] ADX=nan, Bull=nan, Bear=nan
2026-01-29 11:35:57,452 - INFO - [상태] 포지션 없음, 자본금: $5571.21
2026-01-29 11:35:57,453 - INFO - [지표] ADX=nan, Bull=nan, Bear=nan
2026-01-29 11:40:57,454 - INFO - [상태] 포지션 없음, 자본금: $5571.21
2026-01-29 11:40:57,454 - INFO - [지표] ADX=nan, Bull=nan, Bear=nan
2026-01-29 11:45:00,154 - INFO - [EMA] 증분계산: prev=89058.28, close=88109.6, new=88985.30
2026-01-29 11:45:00,163 - INFO - 15m | 02:30 | O:88573.4 H:88573.6 L:88002.0 C:88109.6
2026-01-29 11:45:00,163 - INFO - 지표: ADX=33.6, ATR=291.4, Bull=False, Bear=False
2026-01-29 11:45:57,455 - INFO - [상태] 포지션 없음, 자본금: $5571.21
2026-01-29 11:45:57,455 - INFO - [지표] ADX=nan, Bull=nan, Bear=nan
2026-01-29 11:50:57,457 - INFO - [상태] 포지션 없음, 자본금: $5571.21
2026-01-29 11:50:57,457 - INFO - [지표] ADX=nan, Bull=nan, Bear=nan
2026-01-29 11:55:57,458 - INFO - [상태] 포지션 없음, 자본금: $5571.21
2026-01-29 11:55:57,458 - INFO - [지표] ADX=nan, Bull=nan, Bear=nan
2026-01-29 12:00:00,050 - INFO - [EMA] 증분계산: prev=88985.30, close=87857.9, new=88898.58
2026-01-29 12:00:00,060 - INFO - 15m | 02:45 | O:88109.7 H:88109.7 L:87650.1 C:87857.9
2026-01-29 12:00:00,060 - INFO - 지표: ADX=36.4, ATR=308.2, Bull=False, Bear=False
2026-01-29 12:00:57,461 - INFO - [상태] 포지션 없음, 자본금: $5571.21
2026-01-29 12:00:57,461 - INFO - [지표] ADX=nan, Bull=nan, Bear=nan
2026-01-29 12:05:57,462 - INFO - [상태] 포지션 없음, 자본금: $5571.21
2026-01-29 12:05:57,463 - INFO - [지표] ADX=nan, Bull=nan, Bear=nan
2026-01-29 12:10:57,464 - INFO - [상태] 포지션 없음, 자본금: $5571.21
2026-01-29 12:10:57,465 - INFO - [지표] ADX=nan, Bull=nan, Bear=nan
2026-01-29 12:15:00,027 - INFO - [EMA] 증분계산: prev=88898.58, close=88036.2, new=88832.24
2026-01-29 12:15:00,037 - INFO - 15m | 03:00 | O:87857.9 H:88226.7 L:87723.2 C:88036.2
2026-01-29 12:15:00,037 - INFO - 지표: ADX=38.4, ATR=327.8, Bull=False, Bear=False
2026-01-29 12:15:57,466 - INFO - [상태] 포지션 없음, 자본금: $5571.21
2026-01-29 12:15:57,466 - INFO - [지표] ADX=nan, Bull=nan, Bear=nan
2026-01-29 12:20:57,467 - INFO - [상태] 포지션 없음, 자본금: $5571.21
2026-01-29 12:20:57,468 - INFO - [지표] ADX=nan, Bull=nan, Bear=nan
2026-01-29 12:25:57,469 - INFO - [상태] 포지션 없음, 자본금: $5571.21
2026-01-29 12:25:57,470 - INFO - [지표] ADX=nan, Bull=nan, Bear=nan
2026-01-29 12:30:00,046 - INFO - [EMA] 증분계산: prev=88832.24, close=88001.7, new=88768.36
2026-01-29 12:30:00,052 - INFO - 15m | 03:15 | O:88036.2 H:88152.7 L:87940.0 C:88001.7
2026-01-29 12:30:00,052 - INFO - 지표: ADX=40.2, ATR=316.3, Bull=False, Bear=False
2026-01-29 12:30:57,471 - INFO - [상태] 포지션 없음, 자본금: $5571.21
2026-01-29 12:30:57,471 - INFO - [지표] ADX=nan, Bull=nan, Bear=nan
2026-01-29 12:35:57,473 - INFO - [상태] 포지션 없음, 자본금: $5571.21
2026-01-29 12:35:57,473 - INFO - [지표] ADX=nan, Bull=nan, Bear=nan
2026-01-29 12:40:57,475 - INFO - [상태] 포지션 없음, 자본금: $5571.21
2026-01-29 12:40:57,475 - INFO - [지표] ADX=nan, Bull=nan, Bear=nan
2026-01-29 12:45:00,590 - INFO - [EMA] 증분계산: prev=88768.36, close=88078.8, new=88715.31
2026-01-29 12:45:00,597 - INFO - 15m | 03:30 | O:88001.6 H:88083.9 L:87911.8 C:88078.8
2026-01-29 12:45:00,597 - INFO - 지표: ADX=41.9, ATR=301.8, Bull=False, Bear=False
2026-01-29 12:45:57,477 - INFO - [상태] 포지션 없음, 자본금: $5571.21
2026-01-29 12:45:57,478 - INFO - [지표] ADX=nan, Bull=nan, Bear=nan
2026-01-29 12:50:57,478 - INFO - [상태] 포지션 없음, 자본금: $5571.21
2026-01-29 12:50:57,479 - INFO - [지표] ADX=nan, Bull=nan, Bear=nan
2026-01-29 12:55:57,480 - INFO - [상태] 포지션 없음, 자본금: $5571.21
2026-01-29 12:55:57,480 - INFO - [지표] ADX=nan, Bull=nan, Bear=nan
2026-01-29 13:00:01,423 - INFO - [EMA] 증분계산: prev=88715.31, close=88003.2, new=88660.54
2026-01-29 13:00:01,432 - INFO - 15m | 03:45 | O:88078.7 H:88123.4 L:87929.9 C:88003.2
2026-01-29 13:00:01,432 - INFO - 지표: ADX=43.3, ATR=291.0, Bull=False, Bear=False
2026-01-29 13:00:57,481 - INFO - [상태] 포지션 없음, 자본금: $5571.21
2026-01-29 13:00:57,482 - INFO - [지표] ADX=nan, Bull=nan, Bear=nan
2026-01-29 13:05:57,483 - INFO - [상태] 포지션 없음, 자본금: $5571.21
2026-01-29 13:05:57,483 - INFO - [지표] ADX=nan, Bull=nan, Bear=nan
2026-01-29 13:10:57,484 - INFO - [상태] 포지션 없음, 자본금: $5571.21
2026-01-29 13:10:57,484 - INFO - [지표] ADX=nan, Bull=nan, Bear=nan
2026-01-29 13:15:00,253 - INFO - [EMA] 증분계산: prev=88660.54, close=87940.9, new=88605.18
2026-01-29 13:15:00,262 - INFO - 15m | 04:00 | O:88003.2 H:88052.8 L:87914.1 C:87940.9
2026-01-29 13:15:00,262 - INFO - 지표: ADX=44.5, ATR=275.8, Bull=False, Bear=False
2026-01-29 13:15:57,485 - INFO - [상태] 포지션 없음, 자본금: $5571.21
2026-01-29 13:15:57,485 - INFO - [지표] ADX=nan, Bull=nan, Bear=nan
2026-01-29 13:20:57,487 - INFO - [상태] 포지션 없음, 자본금: $5571.21
2026-01-29 13:20:57,487 - INFO - [지표] ADX=nan, Bull=nan, Bear=nan
2026-01-29 13:25:57,488 - INFO - [상태] 포지션 없음, 자본금: $5571.21
2026-01-29 13:25:57,489 - INFO - [지표] ADX=nan, Bull=nan, Bear=nan
2026-01-29 13:30:00,089 - INFO - [EMA] 증분계산: prev=88605.18, close=88034.0, new=88561.24
2026-01-29 13:30:00,096 - INFO - 15m | 04:15 | O:87940.9 H:88034.0 L:87863.0 C:88034.0
2026-01-29 13:30:00,096 - INFO - 지표: ADX=45.8, ATR=265.3, Bull=False, Bear=False
2026-01-29 13:30:57,490 - INFO - [상태] 포지션 없음, 자본금: $5571.21
2026-01-29 13:30:57,490 - INFO - [지표] ADX=nan, Bull=nan, Bear=nan
2026-01-29 13:35:57,491 - INFO - [상태] 포지션 없음, 자본금: $5571.21
2026-01-29 13:35:57,492 - INFO - [지표] ADX=nan, Bull=nan, Bear=nan
2026-01-29 13:40:57,493 - INFO - [상태] 포지션 없음, 자본금: $5571.21
2026-01-29 13:40:57,493 - INFO - [지표] ADX=nan, Bull=nan, Bear=nan
2026-01-29 13:45:00,142 - INFO - [EMA] 증분계산: prev=88561.24, close=88124.9, new=88527.68
2026-01-29 13:45:00,148 - INFO - 15m | 04:30 | O:88033.9 H:88209.9 L:88033.9 C:88124.9
2026-01-29 13:45:00,148 - INFO - 지표: ADX=45.8, ATR=256.4, Bull=False, Bear=False
2026-01-29 13:45:57,495 - INFO - [상태] 포지션 없음, 자본금: $5571.21
2026-01-29 13:45:57,496 - INFO - [지표] ADX=nan, Bull=nan, Bear=nan
2026-01-29 13:50:57,497 - INFO - [상태] 포지션 없음, 자본금: $5571.21
2026-01-29 13:50:57,497 - INFO - [지표] ADX=nan, Bull=nan, Bear=nan
2026-01-29 13:55:57,498 - INFO - [상태] 포지션 없음, 자본금: $5571.21
2026-01-29 13:55:57,498 - INFO - [지표] ADX=nan, Bull=nan, Bear=nan
2026-01-29 14:00:00,377 - INFO - [EMA] 증분계산: prev=88527.68, close=88269.9, new=88507.85
2026-01-29 14:00:00,387 - INFO - 15m | 04:45 | O:88124.9 H:88308.8 L:88123.2 C:88269.9
2026-01-29 14:00:00,387 - INFO - 지표: ADX=45.1, ATR=249.3, Bull=False, Bear=False
2026-01-29 14:00:57,499 - INFO - [상태] 포지션 없음, 자본금: $5571.21
2026-01-29 14:00:57,499 - INFO - [지표] ADX=nan, Bull=nan, Bear=nan
2026-01-29 14:05:57,536 - INFO - [상태] 포지션 없음, 자본금: $5571.21
2026-01-29 14:05:57,537 - INFO - [지표] ADX=nan, Bull=nan, Bear=nan
2026-01-29 14:10:57,538 - INFO - [상태] 포지션 없음, 자본금: $5571.21
2026-01-29 14:10:57,538 - INFO - [지표] ADX=nan, Bull=nan, Bear=nan
2026-01-29 14:15:00,107 - INFO - [EMA] 증분계산: prev=88507.85, close=88273.7, new=88489.84
2026-01-29 14:15:00,117 - INFO - 15m | 05:00 | O:88270.0 H:88378.0 L:88225.0 C:88273.7
2026-01-29 14:15:00,117 - INFO - 지표: ADX=44.0, ATR=239.7, Bull=False, Bear=False
2026-01-29 14:15:57,542 - INFO - [상태] 포지션 없음, 자본금: $5571.21
2026-01-29 14:15:57,542 - INFO - [지표] ADX=nan, Bull=nan, Bear=nan
2026-01-29 14:20:57,544 - INFO - [상태] 포지션 없음, 자본금: $5571.21
2026-01-29 14:20:57,544 - INFO - [지표] ADX=nan, Bull=nan, Bear=nan
2026-01-29 14:25:57,545 - INFO - [상태] 포지션 없음, 자본금: $5571.21
2026-01-29 14:25:57,545 - INFO - [지표] ADX=nan, Bull=nan, Bear=nan
2026-01-29 14:30:00,521 - INFO - [EMA] 증분계산: prev=88489.84, close=88171.1, new=88465.32
2026-01-29 14:30:00,531 - INFO - 15m | 05:15 | O:88273.6 H:88311.0 L:88153.1 C:88171.1
2026-01-29 14:30:00,531 - INFO - 지표: ADX=43.3, ATR=231.5, Bull=False, Bear=False
2026-01-29 14:30:57,547 - INFO - [상태] 포지션 없음, 자본금: $5571.21
2026-01-29 14:30:57,547 - INFO - [지표] ADX=nan, Bull=nan, Bear=nan
2026-01-29 14:35:57,548 - INFO - [상태] 포지션 없음, 자본금: $5571.21
2026-01-29 14:35:57,548 - INFO - [지표] ADX=nan, Bull=nan, Bear=nan
2026-01-29 14:40:57,548 - INFO - [상태] 포지션 없음, 자본금: $5571.21
2026-01-29 14:40:57,549 - INFO - [지표] ADX=nan, Bull=nan, Bear=nan
2026-01-29 14:45:00,508 - INFO - [EMA] 증분계산: prev=88465.32, close=88276.0, new=88450.76
2026-01-29 14:45:00,517 - INFO - 15m | 05:30 | O:88171.1 H:88332.1 L:88166.3 C:88276.0
2026-01-29 14:45:00,517 - INFO - 지표: ADX=42.4, ATR=224.9, Bull=False, Bear=False
2026-01-29 14:45:57,550 - INFO - [상태] 포지션 없음, 자본금: $5571.21
2026-01-29 14:45:57,550 - INFO - [지표] ADX=nan, Bull=nan, Bear=nan
2026-01-29 14:50:57,551 - INFO - [상태] 포지션 없음, 자본금: $5571.21
2026-01-29 14:50:57,552 - INFO - [지표] ADX=nan, Bull=nan, Bear=nan
2026-01-29 14:55:57,553 - INFO - [상태] 포지션 없음, 자본금: $5571.21
2026-01-29 14:55:57,554 - INFO - [지표] ADX=nan, Bull=nan, Bear=nan
2026-01-29 15:00:01,553 - INFO - [EMA] 증분계산: prev=88450.76, close=88149.3, new=88427.57
2026-01-29 15:00:01,559 - INFO - 15m | 05:45 | O:88276.1 H:88279.1 L:88106.0 C:88149.3
2026-01-29 15:00:01,559 - INFO - 지표: ADX=41.9, ATR=219.7, Bull=False, Bear=False
2026-01-29 15:00:57,555 - INFO - [상태] 포지션 없음, 자본금: $5571.21
2026-01-29 15:00:57,556 - INFO - [지표] ADX=nan, Bull=nan, Bear=nan
2026-01-29 15:05:57,556 - INFO - [상태] 포지션 없음, 자본금: $5571.21
2026-01-29 15:05:57,557 - INFO - [지표] ADX=nan, Bull=nan, Bear=nan
2026-01-29 15:10:57,558 - INFO - [상태] 포지션 없음, 자본금: $5571.21
2026-01-29 15:10:57,558 - INFO - [지표] ADX=nan, Bull=nan, Bear=nan
2026-01-29 15:15:00,331 - INFO - [EMA] 증분계산: prev=88427.57, close=88216.1, new=88411.30
2026-01-29 15:15:00,341 - INFO - 15m | 06:00 | O:88149.3 H:88280.1 L:88133.0 C:88216.1
2026-01-29 15:15:00,341 - INFO - 지표: ADX=41.4, ATR=212.5, Bull=False, Bear=False
2026-01-29 15:15:57,559 - INFO - [상태] 포지션 없음, 자본금: $5571.21
2026-01-29 15:15:57,560 - INFO - [지표] ADX=nan, Bull=nan, Bear=nan
2026-01-29 15:20:57,562 - INFO - [상태] 포지션 없음, 자본금: $5571.21
2026-01-29 15:20:57,563 - INFO - [지표] ADX=nan, Bull=nan, Bear=nan
2026-01-29 15:25:57,563 - INFO - [상태] 포지션 없음, 자본금: $5571.21
2026-01-29 15:25:57,564 - INFO - [지표] ADX=nan, Bull=nan, Bear=nan
2026-01-29 15:30:00,314 - INFO - [EMA] 증분계산: prev=88411.30, close=88248.2, new=88398.75
2026-01-29 15:30:00,321 - INFO - 15m | 06:15 | O:88216.1 H:88271.4 L:88160.0 C:88248.2
2026-01-29 15:30:00,321 - INFO - 지표: ADX=40.9, ATR=202.4, Bull=False, Bear=False
2026-01-29 15:30:57,565 - INFO - [상태] 포지션 없음, 자본금: $5571.21
2026-01-29 15:30:57,565 - INFO - [지표] ADX=nan, Bull=nan, Bear=nan
2026-01-29 15:35:57,567 - INFO - [상태] 포지션 없음, 자본금: $5571.21
2026-01-29 15:35:57,567 - INFO - [지표] ADX=nan, Bull=nan, Bear=nan
2026-01-29 15:40:57,569 - INFO - [상태] 포지션 없음, 자본금: $5571.21
2026-01-29 15:40:57,569 - INFO - [지표] ADX=nan, Bull=nan, Bear=nan
2026-01-29 15:45:00,422 - INFO - [EMA] 증분계산: prev=88398.75, close=88293.5, new=88390.66
2026-01-29 15:45:00,429 - INFO - 15m | 06:30 | O:88248.1 H:88300.0 L:88224.0 C:88293.5
2026-01-29 15:45:00,429 - INFO - 지표: ADX=40.2, ATR=189.7, Bull=False, Bear=False
2026-01-29 15:45:57,570 - INFO - [상태] 포지션 없음, 자본금: $5571.21
2026-01-29 15:45:57,571 - INFO - [지표] ADX=nan, Bull=nan, Bear=nan
2026-01-29 15:50:57,572 - INFO - [상태] 포지션 없음, 자본금: $5571.21
2026-01-29 15:50:57,573 - INFO - [지표] ADX=nan, Bull=nan, Bear=nan
2026-01-29 15:55:57,573 - INFO - [상태] 포지션 없음, 자본금: $5571.21
2026-01-29 15:55:57,573 - INFO - [지표] ADX=nan, Bull=nan, Bear=nan
2026-01-29 16:00:00,112 - INFO - [EMA] 증분계산: prev=88390.66, close=88281.1, new=88382.23
2026-01-29 16:00:00,122 - INFO - 15m | 06:45 | O:88293.5 H:88299.4 L:88218.2 C:88281.1
2026-01-29 16:00:00,122 - INFO - 지표: ADX=39.6, ATR=178.9, Bull=False, Bear=False
2026-01-29 16:00:57,574 - INFO - [상태] 포지션 없음, 자본금: $5571.21
2026-01-29 16:00:57,575 - INFO - [지표] ADX=nan, Bull=nan, Bear=nan
2026-01-29 16:05:57,576 - INFO - [상태] 포지션 없음, 자본금: $5571.21
2026-01-29 16:05:57,577 - INFO - [지표] ADX=nan, Bull=nan, Bear=nan
2026-01-29 16:10:57,578 - INFO - [상태] 포지션 없음, 자본금: $5571.21
2026-01-29 16:10:57,579 - INFO - [지표] ADX=nan, Bull=nan, Bear=nan
2026-01-29 16:15:00,130 - INFO - [EMA] 증분계산: prev=88382.23, close=88293.5, new=88375.40
2026-01-29 16:15:00,136 - INFO - 15m | 07:00 | O:88281.2 H:88359.3 L:88268.3 C:88293.5
2026-01-29 16:15:00,136 - INFO - 지표: ADX=38.4, ATR=170.1, Bull=False, Bear=False
2026-01-29 16:15:57,579 - INFO - [상태] 포지션 없음, 자본금: $5571.21
2026-01-29 16:15:57,580 - INFO - [지표] ADX=nan, Bull=nan, Bear=nan
2026-01-29 16:20:57,581 - INFO - [상태] 포지션 없음, 자본금: $5571.21
2026-01-29 16:20:57,581 - INFO - [지표] ADX=nan, Bull=nan, Bear=nan
2026-01-29 16:25:57,582 - INFO - [상태] 포지션 없음, 자본금: $5571.21
2026-01-29 16:25:57,582 - INFO - [지표] ADX=nan, Bull=nan, Bear=nan
2026-01-29 16:30:00,453 - INFO - [EMA] 증분계산: prev=88375.40, close=88231.3, new=88364.32
2026-01-29 16:30:00,459 - INFO - 15m | 07:15 | O:88293.5 H:88307.4 L:88219.0 C:88231.3
2026-01-29 16:30:00,459 - INFO - 지표: ADX=37.7, ATR=161.9, Bull=False, Bear=False
2026-01-29 16:30:57,584 - INFO - [상태] 포지션 없음, 자본금: $5571.21
2026-01-29 16:30:57,585 - INFO - [지표] ADX=nan, Bull=nan, Bear=nan
2026-01-29 16:35:57,587 - INFO - [상태] 포지션 없음, 자본금: $5571.21
2026-01-29 16:35:57,587 - INFO - [지표] ADX=nan, Bull=nan, Bear=nan
2026-01-29 16:40:57,589 - INFO - [상태] 포지션 없음, 자본금: $5571.21
2026-01-29 16:40:57,589 - INFO - [지표] ADX=nan, Bull=nan, Bear=nan
2026-01-29 16:45:00,231 - INFO - [EMA] 증분계산: prev=88364.32, close=88308.2, new=88360.00
2026-01-29 16:45:00,238 - INFO - 15m | 07:30 | O:88231.3 H:88337.5 L:88211.0 C:88308.2
2026-01-29 16:45:00,238 - INFO - 지표: ADX=36.7, ATR=158.4, Bull=False, Bear=False
2026-01-29 16:45:57,591 - INFO - [상태] 포지션 없음, 자본금: $5571.21
2026-01-29 16:45:57,591 - INFO - [지표] ADX=nan, Bull=nan, Bear=nan
2026-01-29 16:50:57,593 - INFO - [상태] 포지션 없음, 자본금: $5571.21
2026-01-29 16:50:57,594 - INFO - [지표] ADX=nan, Bull=nan, Bear=nan
2026-01-29 16:55:57,595 - INFO - [상태] 포지션 없음, 자본금: $5571.21
2026-01-29 16:55:57,595 - INFO - [지표] ADX=nan, Bull=nan, Bear=nan
2026-01-29 17:00:00,244 - INFO - [EMA] 증분계산: prev=88360.00, close=88310.9, new=88356.23
2026-01-29 17:00:00,250 - INFO - 15m | 07:45 | O:88308.2 H:88394.2 L:88244.4 C:88310.9
2026-01-29 17:00:00,251 - INFO - 지표: ADX=35.3, ATR=157.5, Bull=False, Bear=False
2026-01-29 17:00:57,596 - INFO - [상태] 포지션 없음, 자본금: $5571.21
2026-01-29 17:00:57,597 - INFO - [지표] ADX=nan, Bull=nan, Bear=nan
2026-01-29 17:05:57,598 - INFO - [상태] 포지션 없음, 자본금: $5571.21
2026-01-29 17:05:57,598 - INFO - [지표] ADX=nan, Bull=nan, Bear=nan
2026-01-29 17:10:57,600 - INFO - [상태] 포지션 없음, 자본금: $5571.21
2026-01-29 17:10:57,600 - INFO - [지표] ADX=nan, Bull=nan, Bear=nan
2026-01-29 17:15:00,037 - INFO - [EMA] 증분계산: prev=88356.23, close=87910.9, new=88321.97
2026-01-29 17:15:00,043 - INFO - 15m | 08:00 | O:88310.9 H:88311.0 L:87907.4 C:87910.9
2026-01-29 17:15:00,043 - INFO - 지표: ADX=35.5, ATR=182.1, Bull=False, Bear=False
2026-01-29 17:15:57,602 - INFO - [상태] 포지션 없음, 자본금: $5571.21
2026-01-29 17:15:57,602 - INFO - [지표] ADX=nan, Bull=nan, Bear=nan
2026-01-29 17:20:57,603 - INFO - [상태] 포지션 없음, 자본금: $5571.21
2026-01-29 17:20:57,603 - INFO - [지표] ADX=nan, Bull=nan, Bear=nan
2026-01-29 17:25:57,604 - INFO - [상태] 포지션 없음, 자본금: $5571.21
2026-01-29 17:25:57,605 - INFO - [지표] ADX=nan, Bull=nan, Bear=nan
2026-01-29 17:30:00,129 - INFO - [EMA] 증분계산: prev=88321.97, close=88412.9, new=88328.96
2026-01-29 17:30:00,136 - INFO - 15m | 08:15 | O:87911.0 H:88440.8 L:87866.2 C:88412.9
2026-01-29 17:30:00,136 - INFO - 지표: ADX=34.8, ATR=221.4, Bull=False, Bear=False
2026-01-29 17:30:57,606 - INFO - [상태] 포지션 없음, 자본금: $5571.21
2026-01-29 17:30:57,606 - INFO - [지표] ADX=nan, Bull=nan, Bear=nan
2026-01-29 17:35:57,607 - INFO - [상태] 포지션 없음, 자본금: $5571.21
2026-01-29 17:35:57,607 - INFO - [지표] ADX=nan, Bull=nan, Bear=nan
2026-01-29 17:40:57,608 - INFO - [상태] 포지션 없음, 자본금: $5571.21
2026-01-29 17:40:57,608 - INFO - [지표] ADX=nan, Bull=nan, Bear=nan
2026-01-29 17:45:00,533 - INFO - [EMA] 증분계산: prev=88328.96, close=88086.0, new=88310.27
2026-01-29 17:45:00,543 - INFO - 15m | 08:30 | O:88413.0 H:88461.2 L:88056.1 C:88086.0
2026-01-29 17:45:00,543 - INFO - 지표: ADX=34.0, ATR=239.7, Bull=False, Bear=True
2026-01-29 17:45:00,543 - INFO - [LIVE] SHORT 신호 감지!
2026-01-29 17:45:00,543 - INFO - ==================================================
2026-01-29 17:45:00,543 - INFO - [LIVE] SHORT 진입 준비
2026-01-29 17:45:00,543 - INFO - 진입가: $88086.00
2026-01-29 17:45:00,543 - INFO - 손절가: $88863.90 (0.88%)
2026-01-29 17:45:00,543 - INFO - 익절가: $86967.00 (1.27%)
2026-01-29 17:45:00,543 - INFO - 레버리지: 6.1x
2026-01-29 17:45:00,543 - INFO - 포지션 크기: 0.385809 BTC ($33984.40)
2026-01-29 17:45:00,543 - INFO - ==================================================
2026-01-29 17:45:00,680 - INFO - Leverage 설정: 7x
2026-01-29 17:45:00,740 - INFO - Market Order 체결: SHORT 0.386
2026-01-29 17:45:01,300 - INFO - 실제 체결가: $88087.20, 수량: 0.386000
2026-01-29 17:45:01,431 - INFO - LIMIT Close 주문: SHORT 0.386 @ $86968.2, ID: 894369248122
2026-01-29 17:45:01,431 - INFO - TP 주문 설정: $86968.20
2026-01-29 17:45:01,519 - INFO - STOP_MARKET 주문 (Algo): $88863.9, AlgoID: 3000000454070639
2026-01-29 17:45:01,519 - INFO - SL 주문 설정: $88863.90
2026-01-29 17:45:01,519 - INFO - 거래 기록 저장: ENTRY @ $88087.20
2026-01-29 17:45:01,519 - INFO - [LIVE] SHORT 진입 완료!
2026-01-29 17:45:57,652 - INFO - [상태] 포지션: SHORT, 진입가: $88087.20, 현재가: $88086.90, 미실현PnL: $0.12
2026-01-29 17:45:57,653 - INFO - [지표] ADX=nan, Bull=nan, Bear=nan
2026-01-29 17:50:57,695 - INFO - [상태] 포지션: SHORT, 진입가: $88087.20, 현재가: $87950.10, 미실현PnL: $52.92
2026-01-29 17:50:57,695 - INFO - [지표] ADX=nan, Bull=nan, Bear=nan
2026-01-29 17:55:57,738 - INFO - [상태] 포지션: SHORT, 진입가: $88087.20, 현재가: $87975.10, 미실현PnL: $43.27
2026-01-29 17:55:57,738 - INFO - [지표] ADX=nan, Bull=nan, Bear=nan
2026-01-29 18:00:00,462 - INFO - [EMA] 증분계산: prev=88310.27, close=88028.1, new=88288.57
2026-01-29 18:00:00,468 - INFO - 15m | 08:45 | O:88086.0 H:88180.4 L:87889.1 C:88028.1
2026-01-29 18:00:00,468 - INFO - 지표: ADX=33.9, ATR=244.9, Bull=False, Bear=True
2026-01-29 18:00:57,783 - INFO - [상태] 포지션: SHORT, 진입가: $88087.20, 현재가: $88000.10, 미실현PnL: $33.62
2026-01-29 18:00:57,783 - INFO - [지표] ADX=nan, Bull=nan, Bear=nan
2026-01-29 18:05:57,823 - INFO - [상태] 포지션: SHORT, 진입가: $88087.20, 현재가: $88048.90, 미실현PnL: $14.78
2026-01-29 18:05:57,824 - INFO - [지표] ADX=nan, Bull=nan, Bear=nan
2026-01-29 18:10:57,866 - INFO - [상태] 포지션: SHORT, 진입가: $88087.20, 현재가: $87997.20, 미실현PnL: $34.74
2026-01-29 18:10:57,867 - INFO - [지표] ADX=nan, Bull=nan, Bear=nan
2026-01-29 18:15:00,103 - INFO - [EMA] 증분계산: prev=88288.57, close=87961.2, new=88263.39
2026-01-29 18:15:00,109 - INFO - 15m | 09:00 | O:88028.0 H:88120.2 L:87948.8 C:87961.2
2026-01-29 18:15:00,109 - INFO - 지표: ADX=33.8, ATR=237.6, Bull=False, Bear=True
2026-01-29 18:15:57,918 - INFO - [상태] 포지션: SHORT, 진입가: $88087.20, 현재가: $88000.00, 미실현PnL: $33.66
2026-01-29 18:15:57,918 - INFO - [지표] ADX=nan, Bull=nan, Bear=nan
2026-01-29 18:20:57,962 - INFO - [상태] 포지션: SHORT, 진입가: $88087.20, 현재가: $87984.50, 미실현PnL: $39.64
2026-01-29 18:20:57,963 - INFO - [지표] ADX=nan, Bull=nan, Bear=nan
2026-01-29 18:25:58,004 - INFO - [상태] 포지션: SHORT, 진입가: $88087.20, 현재가: $88021.70, 미실현PnL: $25.28
2026-01-29 18:25:58,004 - INFO - [지표] ADX=nan, Bull=nan, Bear=nan
2026-01-29 18:30:00,068 - INFO - [EMA] 증분계산: prev=88263.39, close=87987.9, new=88242.20
2026-01-29 18:30:00,078 - INFO - 15m | 09:15 | O:87961.2 H:88042.3 L:87959.4 C:87987.9
2026-01-29 18:30:00,078 - INFO - 지표: ADX=33.8, ATR=222.1, Bull=False, Bear=True
2026-01-29 18:30:58,047 - INFO - [상태] 포지션: SHORT, 진입가: $88087.20, 현재가: $87983.10, 미실현PnL: $40.18
2026-01-29 18:30:58,047 - INFO - [지표] ADX=nan, Bull=nan, Bear=nan
2026-01-29 18:35:58,094 - INFO - [상태] 포지션: SHORT, 진입가: $88087.20, 현재가: $87962.50, 미실현PnL: $48.13
2026-01-29 18:35:58,094 - INFO - [지표] ADX=nan, Bull=nan, Bear=nan
2026-01-29 18:40:58,139 - INFO - [상태] 포지션: SHORT, 진입가: $88087.20, 현재가: $88046.40, 미실현PnL: $15.75
2026-01-29 18:40:58,140 - INFO - [지표] ADX=nan, Bull=nan, Bear=nan
2026-01-29 18:45:00,518 - INFO - [EMA] 증분계산: prev=88242.20, close=87990.1, new=88222.80
2026-01-29 18:45:00,528 - INFO - 15m | 09:30 | O:87987.9 H:88105.0 L:87926.6 C:87990.1
2026-01-29 18:45:00,528 - INFO - 지표: ADX=33.2, ATR=217.7, Bull=False, Bear=True
2026-01-29 18:45:58,183 - INFO - [상태] 포지션: SHORT, 진입가: $88087.20, 현재가: $87992.00, 미실현PnL: $36.75
2026-01-29 18:45:58,183 - INFO - [지표] ADX=nan, Bull=nan, Bear=nan
2026-01-29 18:50:58,227 - INFO - [상태] 포지션: SHORT, 진입가: $88087.20, 현재가: $87912.30, 미실현PnL: $67.51
2026-01-29 18:50:58,227 - INFO - [지표] ADX=nan, Bull=nan, Bear=nan
2026-01-29 18:55:58,283 - INFO - [상태] 포지션: SHORT, 진입가: $88087.20, 현재가: $87866.30, 미실현PnL: $85.27
2026-01-29 18:55:58,283 - INFO - [지표] ADX=nan, Bull=nan, Bear=nan
2026-01-29 19:00:00,044 - INFO - [EMA] 증분계산: prev=88222.80, close=87851.1, new=88194.21
2026-01-29 19:00:00,053 - INFO - 15m | 09:45 | O:87990.1 H:87996.5 L:87850.0 C:87851.1
2026-01-29 19:00:00,053 - INFO - 지표: ADX=33.0, ATR=210.6, Bull=False, Bear=True
2026-01-29 19:00:58,325 - INFO - [상태] 포지션: SHORT, 진입가: $88087.20, 현재가: $87848.70, 미실현PnL: $92.06
2026-01-29 19:00:58,326 - INFO - [지표] ADX=nan, Bull=nan, Bear=nan
2026-01-29 19:05:58,369 - INFO - [상태] 포지션: SHORT, 진입가: $88087.20, 현재가: $87840.20, 미실현PnL: $95.34
2026-01-29 19:05:58,369 - INFO - [지표] ADX=nan, Bull=nan, Bear=nan
2026-01-29 19:10:58,414 - INFO - [상태] 포지션: SHORT, 진입가: $88087.20, 현재가: $87935.30, 미실현PnL: $58.63
2026-01-29 19:10:58,414 - INFO - [지표] ADX=nan, Bull=nan, Bear=nan
2026-01-29 19:15:00,192 - INFO - [EMA] 증분계산: prev=88194.21, close=87895.2, new=88171.21
2026-01-29 19:15:00,202 - INFO - 15m | 10:00 | O:87851.0 H:87984.1 L:87800.0 C:87895.2
2026-01-29 19:15:00,202 - INFO - 지표: ADX=33.1, ATR=207.9, Bull=False, Bear=True
2026-01-29 19:15:58,459 - INFO - [상태] 포지션: SHORT, 진입가: $88087.20, 현재가: $87916.50, 미실현PnL: $65.89
2026-01-29 19:15:58,460 - INFO - [지표] ADX=nan, Bull=nan, Bear=nan
2026-01-29 19:20:58,500 - INFO - [상태] 포지션: SHORT, 진입가: $88087.20, 현재가: $87876.10, 미실현PnL: $81.48
2026-01-29 19:20:58,501 - INFO - [지표] ADX=nan, Bull=nan, Bear=nan
2026-01-29 19:25:58,542 - INFO - [상태] 포지션: SHORT, 진입가: $88087.20, 현재가: $87880.10, 미실현PnL: $79.94
2026-01-29 19:25:58,543 - INFO - [지표] ADX=nan, Bull=nan, Bear=nan
2026-01-29 19:30:00,082 - INFO - [EMA] 증분계산: prev=88171.21, close=87913.6, new=88151.39
2026-01-29 19:30:00,092 - INFO - 15m | 10:15 | O:87895.3 H:87989.0 L:87856.0 C:87913.6
2026-01-29 19:30:00,092 - INFO - 지표: ADX=33.1, ATR=200.5, Bull=False, Bear=True
2026-01-29 19:30:58,589 - INFO - [상태] 포지션: SHORT, 진입가: $88087.20, 현재가: $87891.80, 미실현PnL: $75.42
2026-01-29 19:30:58,590 - INFO - [지표] ADX=nan, Bull=nan, Bear=nan
2026-01-29 19:35:58,642 - INFO - [상태] 포지션: SHORT, 진입가: $88087.20, 현재가: $87882.70, 미실현PnL: $78.94
2026-01-29 19:35:58,643 - INFO - [지표] ADX=nan, Bull=nan, Bear=nan
2026-01-29 19:40:58,688 - INFO - [상태] 포지션: SHORT, 진입가: $88087.20, 현재가: $87899.10, 미실현PnL: $72.61
2026-01-29 19:40:58,689 - INFO - [지표] ADX=nan, Bull=nan, Bear=nan
2026-01-29 19:45:00,497 - INFO - [EMA] 증분계산: prev=88151.39, close=87879.1, new=88130.45
2026-01-29 19:45:00,503 - INFO - 15m | 10:30 | O:87913.6 H:87927.3 L:87867.9 C:87879.1
2026-01-29 19:45:00,504 - INFO - 지표: ADX=33.1, ATR=186.3, Bull=False, Bear=True
2026-01-29 19:45:58,731 - INFO - [상태] 포지션: SHORT, 진입가: $88087.20, 현재가: $87879.20, 미실현PnL: $80.29
2026-01-29 19:45:58,731 - INFO - [지표] ADX=nan, Bull=nan, Bear=nan
2026-01-29 19:50:58,776 - INFO - [상태] 포지션: SHORT, 진입가: $88087.20, 현재가: $87841.40, 미실현PnL: $94.88
2026-01-29 19:50:58,777 - INFO - [지표] ADX=nan, Bull=nan, Bear=nan
2026-01-29 19:55:58,819 - INFO - [상태] 포지션: SHORT, 진입가: $88087.20, 현재가: $87939.10, 미실현PnL: $57.17
2026-01-29 19:55:58,819 - INFO - [지표] ADX=nan, Bull=nan, Bear=nan
2026-01-29 20:00:00,757 - INFO - [EMA] 증분계산: prev=88130.45, close=87920.1, new=88114.27
2026-01-29 20:00:00,767 - INFO - 15m | 10:45 | O:87879.2 H:87984.8 L:87773.1 C:87920.1
2026-01-29 20:00:00,767 - INFO - 지표: ADX=33.6, ATR=188.9, Bull=False, Bear=True
2026-01-29 20:00:58,861 - INFO - [상태] 포지션: SHORT, 진입가: $88087.20, 현재가: $87919.00, 미실현PnL: $64.93
2026-01-29 20:00:58,862 - INFO - [지표] ADX=nan, Bull=nan, Bear=nan
2026-01-29 20:05:58,905 - INFO - [상태] 포지션: SHORT, 진입가: $88087.20, 현재가: $87917.50, 미실현PnL: $65.50
2026-01-29 20:05:58,905 - INFO - [지표] ADX=nan, Bull=nan, Bear=nan
2026-01-29 20:10:59,034 - INFO - [상태] 포지션: SHORT, 진입가: $88087.20, 현재가: $88004.30, 미실현PnL: $32.00
2026-01-29 20:10:59,035 - INFO - [지표] ADX=nan, Bull=nan, Bear=nan
2026-01-29 20:15:00,448 - INFO - [EMA] 증분계산: prev=88114.27, close=87975.4, new=88103.59
2026-01-29 20:15:00,457 - INFO - 15m | 11:00 | O:87920.0 H:88027.9 L:87805.4 C:87975.4
2026-01-29 20:15:00,457 - INFO - 지표: ADX=33.5, ATR=192.2, Bull=False, Bear=True
2026-01-29 20:15:59,078 - INFO - [상태] 포지션: SHORT, 진입가: $88087.20, 현재가: $87980.80, 미실현PnL: $41.07
2026-01-29 20:15:59,078 - INFO - [지표] ADX=nan, Bull=nan, Bear=nan
2026-01-29 20:20:59,120 - INFO - [상태] 포지션: SHORT, 진입가: $88087.20, 현재가: $87920.60, 미실현PnL: $64.31
2026-01-29 20:20:59,121 - INFO - [지표] ADX=nan, Bull=nan, Bear=nan
2026-01-29 20:25:59,161 - INFO - [상태] 포지션: SHORT, 진입가: $88087.20, 현재가: $87801.80, 미실현PnL: $110.16
2026-01-29 20:25:59,162 - INFO - [지표] ADX=nan, Bull=nan, Bear=nan
2026-01-29 20:30:00,312 - INFO - [EMA] 증분계산: prev=88103.59, close=87760.2, new=88077.17
2026-01-29 20:30:00,319 - INFO - 15m | 11:15 | O:87975.5 H:88000.8 L:87731.7 C:87760.2
2026-01-29 20:30:00,319 - INFO - 지표: ADX=33.9, ATR=199.9, Bull=False, Bear=True
2026-01-29 20:30:59,209 - INFO - [상태] 포지션: SHORT, 진입가: $88087.20, 현재가: $87785.50, 미실현PnL: $116.46
2026-01-29 20:30:59,209 - INFO - [지표] ADX=nan, Bull=nan, Bear=nan
2026-01-29 20:35:59,252 - INFO - [상태] 포지션: SHORT, 진입가: $88087.20, 현재가: $87833.70, 미실현PnL: $97.85
2026-01-29 20:35:59,252 - INFO - [지표] ADX=nan, Bull=nan, Bear=nan
2026-01-29 20:40:59,300 - INFO - [상태] 포지션: SHORT, 진입가: $88087.20, 현재가: $87813.80, 미실현PnL: $105.53
2026-01-29 20:40:59,300 - INFO - [지표] ADX=nan, Bull=nan, Bear=nan
2026-01-29 20:45:00,142 - INFO - [EMA] 증분계산: prev=88077.17, close=87753.5, new=88052.27
2026-01-29 20:45:00,152 - INFO - 15m | 11:30 | O:87760.2 H:87871.7 L:87725.1 C:87753.5
2026-01-29 20:45:00,152 - INFO - 지표: ADX=34.3, ATR=194.6, Bull=False, Bear=True
2026-01-29 20:45:59,341 - INFO - [상태] 포지션: SHORT, 진입가: $88087.20, 현재가: $87755.90, 미실현PnL: $127.88
2026-01-29 20:45:59,341 - INFO - [지표] ADX=nan, Bull=nan, Bear=nan
2026-01-29 20:50:59,384 - INFO - [상태] 포지션: SHORT, 진입가: $88087.20, 현재가: $87738.60, 미실현PnL: $134.56
2026-01-29 20:50:59,385 - INFO - [지표] ADX=nan, Bull=nan, Bear=nan
2026-01-29 20:55:59,426 - INFO - [상태] 포지션: SHORT, 진입가: $88087.20, 현재가: $87747.70, 미실현PnL: $131.05
2026-01-29 20:55:59,426 - INFO - [지표] ADX=nan, Bull=nan, Bear=nan
2026-01-29 21:00:01,251 - INFO - [EMA] 증분계산: prev=88052.27, close=87795.2, new=88032.50
2026-01-29 21:00:01,257 - INFO - 15m | 11:45 | O:87753.5 H:87818.3 L:87711.0 C:87795.2
2026-01-29 21:00:01,258 - INFO - 지표: ADX=34.7, ATR=185.9, Bull=False, Bear=True
2026-01-29 21:00:59,467 - INFO - [상태] 포지션: SHORT, 진입가: $88087.20, 현재가: $87823.60, 미실현PnL: $101.75
2026-01-29 21:00:59,468 - INFO - [지표] ADX=nan, Bull=nan, Bear=nan
2026-01-29 21:05:59,508 - INFO - [상태] 포지션: SHORT, 진입가: $88087.20, 현재가: $87929.20, 미실현PnL: $60.99
2026-01-29 21:05:59,508 - INFO - [지표] ADX=nan, Bull=nan, Bear=nan
2026-01-29 21:10:59,551 - INFO - [상태] 포지션: SHORT, 진입가: $88087.20, 현재가: $87987.60, 미실현PnL: $38.45
2026-01-29 21:10:59,551 - INFO - [지표] ADX=nan, Bull=nan, Bear=nan
2026-01-29 21:15:00,081 - INFO - [EMA] 증분계산: prev=88032.50, close=87973.2, new=88027.94
2026-01-29 21:15:00,091 - INFO - 15m | 12:00 | O:87795.1 H:88021.4 L:87775.1 C:87973.2
2026-01-29 21:15:00,091 - INFO - 지표: ADX=33.0, ATR=191.9, Bull=False, Bear=True
2026-01-29 21:15:59,594 - INFO - [상태] 포지션: SHORT, 진입가: $88087.20, 현재가: $87999.60, 미실현PnL: $33.81
2026-01-29 21:15:59,595 - INFO - [지표] ADX=nan, Bull=nan, Bear=nan
2026-01-29 21:20:59,637 - INFO - [상태] 포지션: SHORT, 진입가: $88087.20, 현재가: $87980.10, 미실현PnL: $41.34
2026-01-29 21:20:59,637 - INFO - [지표] ADX=nan, Bull=nan, Bear=nan
2026-01-29 21:25:59,678 - INFO - [상태] 포지션: SHORT, 진입가: $88087.20, 현재가: $87957.90, 미실현PnL: $49.91
2026-01-29 21:25:59,678 - INFO - [지표] ADX=nan, Bull=nan, Bear=nan
2026-01-29 21:30:00,087 - INFO - [EMA] 증분계산: prev=88027.94, close=87900.0, new=88018.10
2026-01-29 21:30:00,094 - INFO - 15m | 12:15 | O:87973.3 H:88067.0 L:87900.0 C:87900.0
2026-01-29 21:30:00,094 - INFO - 지표: ADX=31.0, ATR=189.4, Bull=False, Bear=True
2026-01-29 21:30:59,725 - INFO - [상태] 포지션: SHORT, 진입가: $88087.20, 현재가: $87899.90, 미실현PnL: $72.30
2026-01-29 21:30:59,726 - INFO - [지표] ADX=nan, Bull=nan, Bear=nan
2026-01-29 21:35:59,766 - INFO - [상태] 포지션: SHORT, 진입가: $88087.20, 현재가: $88000.20, 미실현PnL: $33.58
2026-01-29 21:35:59,766 - INFO - [지표] ADX=nan, Bull=nan, Bear=nan
2026-01-29 21:40:59,806 - INFO - [상태] 포지션: SHORT, 진입가: $88087.20, 현재가: $87849.30, 미실현PnL: $91.83
2026-01-29 21:40:59,807 - INFO - [지표] ADX=nan, Bull=nan, Bear=nan
2026-01-29 21:45:00,153 - INFO - [EMA] 증분계산: prev=88018.10, close=87952.4, new=88013.04
2026-01-29 21:45:00,160 - INFO - 15m | 12:30 | O:87900.1 H:88034.6 L:87788.9 C:87952.4
2026-01-29 21:45:00,160 - INFO - 지표: ADX=30.0, ATR=195.0, Bull=False, Bear=True
2026-01-29 21:45:59,853 - INFO - [상태] 포지션: SHORT, 진입가: $88087.20, 현재가: $87975.00, 미실현PnL: $43.31
2026-01-29 21:45:59,853 - INFO - [지표] ADX=nan, Bull=nan, Bear=nan
2026-01-29 21:50:59,895 - INFO - [상태] 포지션: SHORT, 진입가: $88087.20, 현재가: $87957.20, 미실현PnL: $50.18
2026-01-29 21:50:59,895 - INFO - [지표] ADX=nan, Bull=nan, Bear=nan
2026-01-29 21:55:59,943 - INFO - [상태] 포지션: SHORT, 진입가: $88087.20, 현재가: $87971.70, 미실현PnL: $44.58
2026-01-29 21:55:59,944 - INFO - [지표] ADX=nan, Bull=nan, Bear=nan
2026-01-29 22:00:00,144 - INFO - [EMA] 증분계산: prev=88013.04, close=88073.8, new=88017.72
2026-01-29 22:00:00,153 - INFO - 15m | 12:45 | O:87952.3 H:88084.9 L:87949.1 C:88073.8
2026-01-29 22:00:00,153 - INFO - 지표: ADX=28.5, ATR=189.1, Bull=False, Bear=True
2026-01-29 22:00:59,987 - INFO - [상태] 포지션: SHORT, 진입가: $88087.20, 현재가: $88063.80, 미실현PnL: $9.03
2026-01-29 22:00:59,987 - INFO - [지표] ADX=nan, Bull=nan, Bear=nan
2026-01-29 22:06:00,027 - INFO - [상태] 포지션: SHORT, 진입가: $88087.20, 현재가: $88091.00, 미실현PnL: $-1.47
2026-01-29 22:06:00,027 - INFO - [지표] ADX=nan, Bull=nan, Bear=nan
2026-01-29 22:11:00,068 - INFO - [상태] 포지션: SHORT, 진입가: $88087.20, 현재가: $88047.00, 미실현PnL: $15.52
2026-01-29 22:11:00,069 - INFO - [지표] ADX=nan, Bull=nan, Bear=nan
2026-01-29 22:15:00,298 - INFO - [EMA] 증분계산: prev=88017.72, close=88090.5, new=88023.31
2026-01-29 22:15:00,307 - INFO - 15m | 13:00 | O:88073.9 H:88127.8 L:88040.8 C:88090.5
2026-01-29 22:15:00,308 - INFO - 지표: ADX=26.9, ATR=178.9, Bull=False, Bear=True
2026-01-29 22:16:00,110 - INFO - [상태] 포지션: SHORT, 진입가: $88087.20, 현재가: $88060.90, 미실현PnL: $10.15
2026-01-29 22:16:00,110 - INFO - [지표] ADX=nan, Bull=nan, Bear=nan
2026-01-29 22:21:00,151 - INFO - [상태] 포지션: SHORT, 진입가: $88087.20, 현재가: $88049.20, 미실현PnL: $14.67
2026-01-29 22:21:00,151 - INFO - [지표] ADX=nan, Bull=nan, Bear=nan
2026-01-29 22:26:00,194 - INFO - [상태] 포지션: SHORT, 진입가: $88087.20, 현재가: $88068.70, 미실현PnL: $7.14
2026-01-29 22:26:00,194 - INFO - [지표] ADX=nan, Bull=nan, Bear=nan
2026-01-29 22:30:00,031 - INFO - [EMA] 증분계산: prev=88023.31, close=88133.0, new=88031.75
2026-01-29 22:30:00,040 - INFO - 15m | 13:15 | O:88090.4 H:88133.2 L:88033.2 C:88133.0
2026-01-29 22:30:00,041 - INFO - 지표: ADX=25.4, ATR=171.0, Bull=False, Bear=True
2026-01-29 22:31:00,236 - INFO - [상태] 포지션: SHORT, 진입가: $88087.20, 현재가: $88035.60, 미실현PnL: $19.92
2026-01-29 22:31:00,236 - INFO - [지표] ADX=nan, Bull=nan, Bear=nan
2026-01-29 22:36:00,278 - INFO - [상태] 포지션: SHORT, 진입가: $88087.20, 현재가: $88079.20, 미실현PnL: $3.09
2026-01-29 22:36:00,278 - INFO - [지표] ADX=nan, Bull=nan, Bear=nan
2026-01-29 22:41:00,319 - INFO - [상태] 포지션: SHORT, 진입가: $88087.20, 현재가: $88035.00, 미실현PnL: $20.15
2026-01-29 22:41:00,319 - INFO - [지표] ADX=nan, Bull=nan, Bear=nan
2026-01-29 22:45:01,043 - INFO - [EMA] 증분계산: prev=88031.75, close=88040.3, new=88032.41
2026-01-29 22:45:01,053 - INFO - 15m | 13:30 | O:88132.9 H:88132.9 L:88015.2 C:88040.3
2026-01-29 22:45:01,053 - INFO - 지표: ADX=24.1, ATR=165.7, Bull=False, Bear=True
2026-01-29 22:46:00,362 - INFO - [상태] 포지션: SHORT, 진입가: $88087.20, 현재가: $88040.10, 미실현PnL: $18.18
2026-01-29 22:46:00,362 - INFO - [지표] ADX=nan, Bull=nan, Bear=nan
2026-01-29 22:51:00,404 - INFO - [상태] 포지션: SHORT, 진입가: $88087.20, 현재가: $88018.50, 미실현PnL: $26.52
2026-01-29 22:51:00,404 - INFO - [지표] ADX=nan, Bull=nan, Bear=nan
2026-01-29 22:56:00,448 - INFO - [상태] 포지션: SHORT, 진입가: $88087.20, 현재가: $87927.00, 미실현PnL: $61.84
2026-01-29 22:56:00,448 - INFO - [지표] ADX=nan, Bull=nan, Bear=nan
2026-01-29 23:00:00,111 - INFO - [EMA] 증분계산: prev=88032.41, close=88008.8, new=88030.59
2026-01-29 23:00:00,120 - INFO - 15m | 13:45 | O:88040.2 H:88059.4 L:87907.6 C:88008.8
2026-01-29 23:00:00,120 - INFO - 지표: ADX=23.8, ATR=164.3, Bull=False, Bear=True
2026-01-29 23:01:00,489 - INFO - [상태] 포지션: SHORT, 진입가: $88087.20, 현재가: $88033.40, 미실현PnL: $20.77
2026-01-29 23:01:00,490 - INFO - [지표] ADX=nan, Bull=nan, Bear=nan
2026-01-29 23:06:00,531 - INFO - [상태] 포지션: SHORT, 진입가: $88087.20, 현재가: $87924.80, 미실현PnL: $62.69
2026-01-29 23:06:00,531 - INFO - [지표] ADX=nan, Bull=nan, Bear=nan
2026-01-29 23:11:00,573 - INFO - [상태] 포지션: SHORT, 진입가: $88087.20, 현재가: $88024.70, 미실현PnL: $24.12
2026-01-29 23:11:00,574 - INFO - [지표] ADX=nan, Bull=nan, Bear=nan
2026-01-29 23:15:00,564 - INFO - [EMA] 증분계산: prev=88030.59, close=87955.3, new=88024.80
2026-01-29 23:15:00,573 - INFO - 15m | 14:00 | O:88008.8 H:88035.5 L:87905.7 C:87955.3
2026-01-29 23:15:00,573 - INFO - 지표: ADX=23.4, ATR=160.9, Bull=False, Bear=True
2026-01-29 23:16:00,615 - INFO - [상태] 포지션: SHORT, 진입가: $88087.20, 현재가: $87965.70, 미실현PnL: $46.90
2026-01-29 23:16:00,615 - INFO - [지표] ADX=nan, Bull=nan, Bear=nan
2026-01-29 23:21:00,655 - INFO - [상태] 포지션: SHORT, 진입가: $88087.20, 현재가: $87982.70, 미실현PnL: $40.34
2026-01-29 23:21:00,656 - INFO - [지표] ADX=nan, Bull=nan, Bear=nan
2026-01-29 23:26:00,698 - INFO - [상태] 포지션: SHORT, 진입가: $88087.20, 현재가: $87924.70, 미실현PnL: $62.73
2026-01-29 23:26:00,698 - INFO - [지표] ADX=nan, Bull=nan, Bear=nan
2026-01-29 23:30:00,109 - INFO - [EMA] 증분계산: prev=88024.80, close=87782.4, new=88006.16
2026-01-29 23:30:00,116 - INFO - 15m | 14:15 | O:87955.3 H:88025.5 L:87760.0 C:87782.4
2026-01-29 23:30:00,116 - INFO - 지표: ADX=24.1, ATR=171.3, Bull=False, Bear=True
2026-01-29 23:31:00,741 - INFO - [상태] 포지션: SHORT, 진입가: $88087.20, 현재가: $87852.60, 미실현PnL: $90.56
2026-01-29 23:31:00,741 - INFO - [지표] ADX=nan, Bull=nan, Bear=nan
2026-01-29 23:36:00,783 - INFO - [상태] 포지션: SHORT, 진입가: $88087.20, 현재가: $87675.60, 미실현PnL: $158.88
2026-01-29 23:36:00,783 - INFO - [지표] ADX=nan, Bull=nan, Bear=nan
2026-01-29 23:41:00,826 - INFO - [상태] 포지션: SHORT, 진입가: $88087.20, 현재가: $87714.60, 미실현PnL: $143.82
2026-01-29 23:41:00,826 - INFO - [지표] ADX=nan, Bull=nan, Bear=nan
2026-01-29 23:45:00,122 - INFO - [EMA] 증분계산: prev=88006.16, close=87644.0, new=87978.30
2026-01-29 23:45:00,132 - INFO - 15m | 14:30 | O:87782.4 H:87912.3 L:87501.0 C:87644.0
2026-01-29 23:45:00,132 - INFO - 지표: ADX=25.8, ATR=195.3, Bull=False, Bear=True
2026-01-29 23:46:00,867 - INFO - [상태] 포지션: SHORT, 진입가: $88087.20, 현재가: $87614.10, 미실현PnL: $182.62
2026-01-29 23:46:00,867 - INFO - [지표] ADX=nan, Bull=nan, Bear=nan
2026-01-29 23:51:00,910 - INFO - [상태] 포지션: SHORT, 진입가: $88087.20, 현재가: $87661.30, 미실현PnL: $164.40
2026-01-29 23:51:00,910 - INFO - [지표] ADX=nan, Bull=nan, Bear=nan
2026-01-29 23:56:00,953 - INFO - [상태] 포지션: SHORT, 진입가: $88087.20, 현재가: $87413.50, 미실현PnL: $260.05
2026-01-29 23:56:00,953 - INFO - [지표] ADX=nan, Bull=nan, Bear=nan
2026-01-29 23:58:57,099 - INFO - [LIVE] TP 체결 감지: $86968.20
2026-01-29 23:58:57,099 - INFO - [LIVE] TP 청산: PnL=$431.93, 수수료=$23.7148, 순익=$408.22
2026-01-29 23:58:57,099 - INFO - [LIVE] 자본금 업데이트: $5571.21 → $5979.43
2026-01-29 23:58:57,141 - INFO - 모든 대기 주문 취소 완료
2026-01-29 23:58:57,690 - WARNING - [자본금 동기화] 로컬: $5979.43 → 사용가능: $5938.61 (실제 잔고 $6598.46의 90%)
2026-01-29 23:58:57,690 - INFO - 거래 기록 저장: TP @ $86968.20
2026-01-30 00:00:00,028 - INFO - [EMA] 증분계산: prev=87978.30, close=86978.7, new=87901.41
2026-01-30 00:00:00,038 - INFO - 15m | 14:45 | O:87644.0 H:87836.4 L:86946.1 C:86978.7
2026-01-30 00:00:00,038 - INFO - 지표: ADX=28.7, ATR=264.8, Bull=False, Bear=True
2026-01-30 00:01:00,955 - INFO - [상태] 포지션 없음, 자본금: $5938.61
2026-01-30 00:01:00,955 - INFO - [지표] ADX=nan, Bull=nan, Bear=nan
2026-01-30 00:06:00,956 - INFO - [상태] 포지션 없음, 자본금: $5938.61
2026-01-30 00:06:00,956 - INFO - [지표] ADX=nan, Bull=nan, Bear=nan
2026-01-30 00:11:00,958 - INFO - [상태] 포지션 없음, 자본금: $5938.61
2026-01-30 00:11:00,958 - INFO - [지표] ADX=nan, Bull=nan, Bear=nan
2026-01-30 00:15:00,026 - INFO - [EMA] 증분계산: prev=87901.41, close=85301.1, new=87701.38
2026-01-30 00:15:00,036 - INFO - 15m | 15:00 | O:86978.8 H:87013.7 L:85280.0 C:85301.1
2026-01-30 00:15:00,036 - INFO - 지표: ADX=32.6, ATR=411.7, Bull=False, Bear=True
2026-01-30 00:15:00,037 - INFO - [LIVE] SHORT 신호 감지!
2026-01-30 00:15:00,037 - INFO - ==================================================
2026-01-30 00:15:00,037 - INFO - [LIVE] SHORT 진입 준비
2026-01-30 00:15:00,037 - INFO - 진입가: $85301.10
2026-01-30 00:15:00,037 - INFO - 손절가: $88286.64 (3.50%)
2026-01-30 00:15:00,037 - INFO - 익절가: $83445.47 (2.18%)
2026-01-30 00:15:00,037 - INFO - 레버리지: 1.67x
2026-01-30 00:15:00,037 - INFO - 포지션 크기: 0.116264 BTC ($9917.48)
2026-01-30 00:15:00,037 - INFO - ==================================================
2026-01-30 00:15:00,128 - INFO - Leverage 설정: 2x
2026-01-30 00:15:00,252 - INFO - Market Order 체결: SHORT 0.116
2026-01-30 00:15:01,130 - INFO - 실제 체결가: $85320.10, 수량: 0.116000
2026-01-30 00:15:01,237 - INFO - LIMIT Close 주문: SHORT 0.116 @ $83464.4, ID: 894555004892
2026-01-30 00:15:01,237 - INFO - TP 주문 설정: $83464.45
2026-01-30 00:15:03,139 - INFO - STOP_MARKET 주문 (Algo): $88306.3, AlgoID: 3000000457258155
2026-01-30 00:15:03,139 - INFO - SL 주문 설정: $88306.30
2026-01-30 00:15:03,139 - INFO - 거래 기록 저장: ENTRY @ $85320.10
2026-01-30 00:15:03,139 - INFO - [LIVE] SHORT 진입 완료!
2026-01-30 00:16:01,000 - INFO - [상태] 포지션: SHORT, 진입가: $85320.10, 현재가: $85578.60, 미실현PnL: $-29.99
2026-01-30 00:16:01,000 - INFO - [지표] ADX=nan, Bull=nan, Bear=nan
2026-01-30 00:21:01,040 - INFO - [상태] 포지션: SHORT, 진입가: $85320.10, 현재가: $85637.10, 미실현PnL: $-36.77
2026-01-30 00:21:01,041 - INFO - [지표] ADX=nan, Bull=nan, Bear=nan
2026-01-30 00:26:01,083 - INFO - [상태] 포지션: SHORT, 진입가: $85320.10, 현재가: $85482.50, 미실현PnL: $-18.84
2026-01-30 00:26:01,083 - INFO - [지표] ADX=nan, Bull=nan, Bear=nan
2026-01-30 00:30:00,112 - INFO - [EMA] 증분계산: prev=87701.38, close=85433.9, new=87526.96
2026-01-30 00:30:00,118 - INFO - 15m | 15:15 | O:85301.6 H:85780.0 L:85166.3 C:85433.9
2026-01-30 00:30:00,118 - INFO - 지표: ADX=36.4, ATR=431.9, Bull=False, Bear=True
2026-01-30 00:31:01,125 - INFO - [상태] 포지션: SHORT, 진입가: $85320.10, 현재가: $85457.90, 미실현PnL: $-15.98
2026-01-30 00:31:01,125 - INFO - [지표] ADX=nan, Bull=nan, Bear=nan
2026-01-30 00:36:01,167 - INFO - [상태] 포지션: SHORT, 진입가: $85320.10, 현재가: $85312.70, 미실현PnL: $0.86
2026-01-30 00:36:01,167 - INFO - [지표] ADX=nan, Bull=nan, Bear=nan
2026-01-30 00:41:01,207 - INFO - [상태] 포지션: SHORT, 진입가: $85320.10, 현재가: $84659.10, 미실현PnL: $76.68
2026-01-30 00:41:01,208 - INFO - [지표] ADX=nan, Bull=nan, Bear=nan
2026-01-30 00:45:00,089 - INFO - [EMA] 증분계산: prev=87526.96, close=84589.7, new=87301.02
2026-01-30 00:45:00,095 - INFO - 15m | 15:30 | O:85433.8 H:85613.1 L:84400.0 C:84589.7
2026-01-30 00:45:00,096 - INFO - 지표: ADX=40.0, ATR=510.0, Bull=False, Bear=True
2026-01-30 00:46:01,248 - INFO - [상태] 포지션: SHORT, 진입가: $85320.10, 현재가: $84612.80, 미실현PnL: $82.05
2026-01-30 00:46:01,249 - INFO - [지표] ADX=nan, Bull=nan, Bear=nan
2026-01-30 00:51:01,287 - INFO - [상태] 포지션: SHORT, 진입가: $85320.10, 현재가: $84511.60, 미실현PnL: $93.79
2026-01-30 00:51:01,288 - INFO - [지표] ADX=nan, Bull=nan, Bear=nan
2026-01-30 00:56:01,328 - INFO - [상태] 포지션: SHORT, 진입가: $85320.10, 현재가: $84922.50, 미실현PnL: $46.12
2026-01-30 00:56:01,328 - INFO - [지표] ADX=nan, Bull=nan, Bear=nan
2026-01-30 01:00:00,027 - INFO - [EMA] 증분계산: prev=87301.02, close=84898.0, new=87116.17
2026-01-30 01:00:00,034 - INFO - 15m | 15:45 | O:84589.7 H:85119.0 L:84335.4 C:84898.0
2026-01-30 01:00:00,034 - INFO - 지표: ADX=43.5, ATR=537.4, Bull=False, Bear=True
2026-01-30 01:01:01,373 - INFO - [상태] 포지션: SHORT, 진입가: $85320.10, 현재가: $84787.70, 미실현PnL: $61.76
2026-01-30 01:01:01,373 - INFO - [지표] ADX=nan, Bull=nan, Bear=nan
2026-01-30 01:06:01,415 - INFO - [상태] 포지션: SHORT, 진입가: $85320.10, 현재가: $84727.00, 미실현PnL: $68.80
2026-01-30 01:06:01,415 - INFO - [지표] ADX=nan, Bull=nan, Bear=nan
2026-01-30 01:11:01,454 - INFO - [상태] 포지션: SHORT, 진입가: $85320.10, 현재가: $84512.90, 미실현PnL: $93.64
2026-01-30 01:11:01,454 - INFO - [지표] ADX=nan, Bull=nan, Bear=nan
2026-01-30 01:15:00,129 - INFO - [EMA] 증분계산: prev=87116.17, close=84743.5, new=86933.66
2026-01-30 01:15:00,135 - INFO - 15m | 16:00 | O:84897.9 H:84950.9 L:84400.0 C:84743.5
2026-01-30 01:15:00,135 - INFO - 지표: ADX=46.7, ATR=538.7, Bull=False, Bear=True
2026-01-30 01:16:01,494 - INFO - [상태] 포지션: SHORT, 진입가: $85320.10, 현재가: $84851.30, 미실현PnL: $54.38
2026-01-30 01:16:01,494 - INFO - [지표] ADX=nan, Bull=nan, Bear=nan
2026-01-30 01:21:01,535 - INFO - [상태] 포지션: SHORT, 진입가: $85320.10, 현재가: $84855.90, 미실현PnL: $53.85
2026-01-30 01:21:01,535 - INFO - [지표] ADX=nan, Bull=nan, Bear=nan
2026-01-30 01:26:01,576 - INFO - [상태] 포지션: SHORT, 진입가: $85320.10, 현재가: $84605.00, 미실현PnL: $82.95
2026-01-30 01:26:01,576 - INFO - [지표] ADX=nan, Bull=nan, Bear=nan
2026-01-30 01:30:00,081 - INFO - [EMA] 증분계산: prev=86933.66, close=84473.9, new=86744.44
2026-01-30 01:30:00,091 - INFO - 15m | 16:15 | O:84743.4 H:84910.0 L:84450.0 C:84473.9
2026-01-30 01:30:00,092 - INFO - 지표: ADX=49.7, ATR=530.9, Bull=False, Bear=True
2026-01-30 01:31:01,617 - INFO - [상태] 포지션: SHORT, 진입가: $85320.10, 현재가: $84492.40, 미실현PnL: $96.01
2026-01-30 01:31:01,617 - INFO - [지표] ADX=nan, Bull=nan, Bear=nan
2026-01-30 01:36:01,657 - INFO - [상태] 포지션: SHORT, 진입가: $85320.10, 현재가: $84463.20, 미실현PnL: $99.40
2026-01-30 01:36:01,657 - INFO - [지표] ADX=nan, Bull=nan, Bear=nan
2026-01-30 01:41:01,698 - INFO - [상태] 포지션: SHORT, 진입가: $85320.10, 현재가: $84714.50, 미실현PnL: $70.25
2026-01-30 01:41:01,698 - INFO - [지표] ADX=nan, Bull=nan, Bear=nan
2026-01-30 01:45:00,096 - INFO - [EMA] 증분계산: prev=86744.44, close=84595.1, new=86579.11
2026-01-30 01:45:00,103 - INFO - 15m | 16:30 | O:84473.9 H:84786.3 L:84222.0 C:84595.1
2026-01-30 01:45:00,103 - INFO - 지표: ADX=52.5, ATR=534.2, Bull=False, Bear=True
2026-01-30 01:46:01,740 - INFO - [상태] 포지션: SHORT, 진입가: $85320.10, 현재가: $84563.50, 미실현PnL: $87.77
2026-01-30 01:46:01,740 - INFO - [지표] ADX=nan, Bull=nan, Bear=nan
2026-01-30 01:51:01,781 - INFO - [상태] 포지션: SHORT, 진입가: $85320.10, 현재가: $84818.90, 미실현PnL: $58.14
2026-01-30 01:51:01,781 - INFO - [지표] ADX=nan, Bull=nan, Bear=nan
2026-01-30 01:56:01,824 - INFO - [상태] 포지션: SHORT, 진입가: $85320.10, 현재가: $85001.90, 미실현PnL: $36.91
2026-01-30 01:56:01,824 - INFO - [지표] ADX=nan, Bull=nan, Bear=nan
2026-01-30 02:00:00,045 - INFO - [EMA] 증분계산: prev=86579.11, close=85230.3, new=86475.36
2026-01-30 02:00:00,051 - INFO - 15m | 16:45 | O:84595.2 H:85367.2 L:84550.4 C:85230.3
2026-01-30 02:00:00,052 - INFO - 지표: ADX=52.7, ATR=562.5, Bull=False, Bear=True
2026-01-30 02:01:01,863 - INFO - [상태] 포지션: SHORT, 진입가: $85320.10, 현재가: $85357.80, 미실현PnL: $-4.37
2026-01-30 02:01:01,863 - INFO - [지표] ADX=nan, Bull=nan, Bear=nan
2026-01-30 02:06:01,904 - INFO - [상태] 포지션: SHORT, 진입가: $85320.10, 현재가: $85105.10, 미실현PnL: $24.94
2026-01-30 02:06:01,904 - INFO - [지표] ADX=nan, Bull=nan, Bear=nan
2026-01-30 02:11:01,942 - INFO - [상태] 포지션: SHORT, 진입가: $85320.10, 현재가: $85215.60, 미실현PnL: $12.12
2026-01-30 02:11:01,942 - INFO - [지표] ADX=nan, Bull=nan, Bear=nan
2026-01-30 02:15:00,046 - INFO - [EMA] 증분계산: prev=86475.36, close=85198.4, new=86377.13
2026-01-30 02:15:00,056 - INFO - 15m | 17:00 | O:85230.3 H:85440.2 L:85031.9 C:85198.4
2026-01-30 02:15:00,056 - INFO - 지표: ADX=52.7, ATR=547.0, Bull=False, Bear=True
2026-01-30 02:16:01,983 - INFO - [상태] 포지션: SHORT, 진입가: $85320.10, 현재가: $85188.70, 미실현PnL: $15.24
2026-01-30 02:16:01,983 - INFO - [지표] ADX=nan, Bull=nan, Bear=nan
2026-01-30 02:21:02,025 - INFO - [상태] 포지션: SHORT, 진입가: $85320.10, 현재가: $85546.80, 미실현PnL: $-26.30
2026-01-30 02:21:02,025 - INFO - [지표] ADX=nan, Bull=nan, Bear=nan
2026-01-30 02:26:02,065 - INFO - [상태] 포지션: SHORT, 진입가: $85320.10, 현재가: $85101.30, 미실현PnL: $25.38
2026-01-30 02:26:02,065 - INFO - [지표] ADX=nan, Bull=nan, Bear=nan
2026-01-30 02:30:00,072 - INFO - [EMA] 증분계산: prev=86377.13, close=85002.0, new=86271.35
2026-01-30 02:30:00,081 - INFO - 15m | 17:15 | O:85198.4 H:85596.1 L:84985.2 C:85002.0
2026-01-30 02:30:00,081 - INFO - 지표: ADX=52.1, ATR=553.4, Bull=False, Bear=True
2026-01-30 02:31:02,106 - INFO - [상태] 포지션: SHORT, 진입가: $85320.10, 현재가: $84973.40, 미실현PnL: $40.22
2026-01-30 02:31:02,106 - INFO - [지표] ADX=nan, Bull=nan, Bear=nan
2026-01-30 02:36:02,146 - INFO - [상태] 포지션: SHORT, 진입가: $85320.10, 현재가: $85053.10, 미실현PnL: $30.97
2026-01-30 02:36:02,146 - INFO - [지표] ADX=nan, Bull=nan, Bear=nan
2026-01-30 02:41:02,187 - INFO - [상태] 포지션: SHORT, 진입가: $85320.10, 현재가: $84770.80, 미실현PnL: $63.72
2026-01-30 02:41:02,188 - INFO - [지표] ADX=nan, Bull=nan, Bear=nan
2026-01-30 02:45:00,110 - INFO - [EMA] 증분계산: prev=86271.35, close=84843.8, new=86161.54
2026-01-30 02:45:00,116 - INFO - 15m | 17:30 | O:85002.0 H:85110.8 L:84684.6 C:84843.8
2026-01-30 02:45:00,116 - INFO - 지표: ADX=52.0, ATR=540.7, Bull=False, Bear=True
2026-01-30 02:46:02,239 - INFO - [상태] 포지션: SHORT, 진입가: $85320.10, 현재가: $84728.40, 미실현PnL: $68.64
2026-01-30 02:46:02,240 - INFO - [지표] ADX=nan, Bull=nan, Bear=nan
2026-01-30 02:51:02,280 - INFO - [상태] 포지션: SHORT, 진입가: $85320.10, 현재가: $84656.10, 미실현PnL: $77.02
2026-01-30 02:51:02,281 - INFO - [지표] ADX=nan, Bull=nan, Bear=nan
2026-01-30 02:56:02,320 - INFO - [상태] 포지션: SHORT, 진입가: $85320.10, 현재가: $84300.10, 미실현PnL: $118.32
2026-01-30 02:56:02,321 - INFO - [지표] ADX=nan, Bull=nan, Bear=nan
2026-01-30 03:00:00,069 - INFO - [EMA] 증분계산: prev=86161.54, close=84225.0, new=86012.57
2026-01-30 03:00:00,079 - INFO - 15m | 17:45 | O:84843.8 H:84877.5 L:83939.0 C:84225.0
2026-01-30 03:00:00,079 - INFO - 지표: ADX=52.5, ATR=580.5, Bull=False, Bear=True
2026-01-30 03:01:02,360 - INFO - [상태] 포지션: SHORT, 진입가: $85320.10, 현재가: $84278.50, 미실현PnL: $120.83
2026-01-30 03:01:02,361 - INFO - [지표] ADX=nan, Bull=nan, Bear=nan
2026-01-30 03:06:02,402 - INFO - [상태] 포지션: SHORT, 진입가: $85320.10, 현재가: $84431.20, 미실현PnL: $103.11
2026-01-30 03:06:02,402 - INFO - [지표] ADX=nan, Bull=nan, Bear=nan
2026-01-30 03:11:02,519 - INFO - [상태] 포지션: SHORT, 진입가: $85320.10, 현재가: $84490.80, 미실현PnL: $96.20
2026-01-30 03:11:02,519 - INFO - [지표] ADX=nan, Bull=nan, Bear=nan
2026-01-30 03:15:00,177 - INFO - [EMA] 증분계산: prev=86012.57, close=84483.6, new=85894.96
2026-01-30 03:15:00,186 - INFO - 15m | 18:00 | O:84225.0 H:84595.3 L:84185.7 C:84483.6
2026-01-30 03:15:00,186 - INFO - 지표: ADX=53.1, ATR=563.4, Bull=False, Bear=True
2026-01-30 03:16:02,562 - INFO - [상태] 포지션: SHORT, 진입가: $85320.10, 현재가: $84459.20, 미실현PnL: $99.86
2026-01-30 03:16:02,562 - INFO - [지표] ADX=nan, Bull=nan, Bear=nan
2026-01-30 03:21:02,603 - INFO - [상태] 포지션: SHORT, 진입가: $85320.10, 현재가: $84132.80, 미실현PnL: $137.73
2026-01-30 03:21:02,603 - INFO - [지표] ADX=nan, Bull=nan, Bear=nan
2026-01-30 03:26:02,645 - INFO - [상태] 포지션: SHORT, 진입가: $85320.10, 현재가: $83934.10, 미실현PnL: $160.78
2026-01-30 03:26:02,645 - INFO - [지표] ADX=nan, Bull=nan, Bear=nan
2026-01-30 03:30:00,059 - INFO - [EMA] 증분계산: prev=85894.96, close=83835.4, new=85736.53
2026-01-30 03:30:00,065 - INFO - 15m | 18:15 | O:84483.6 H:84510.1 L:83644.9 C:83835.4
2026-01-30 03:30:00,066 - INFO - 지표: ADX=54.0, ATR=593.6, Bull=False, Bear=True
2026-01-30 03:31:02,685 - INFO - [상태] 포지션: SHORT, 진입가: $85320.10, 현재가: $83644.20, 미실현PnL: $194.40
2026-01-30 03:31:02,686 - INFO - [지표] ADX=nan, Bull=nan, Bear=nan
2026-01-30 03:36:02,727 - INFO - [상태] 포지션: SHORT, 진입가: $85320.10, 현재가: $84005.80, 미실현PnL: $152.46
2026-01-30 03:36:02,727 - INFO - [지표] ADX=nan, Bull=nan, Bear=nan
2026-01-30 03:41:02,768 - INFO - [상태] 포지션: SHORT, 진입가: $85320.10, 현재가: $84000.70, 미실현PnL: $153.05
2026-01-30 03:41:02,769 - INFO - [지표] ADX=nan, Bull=nan, Bear=nan
2026-01-30 03:45:00,225 - INFO - [EMA] 증분계산: prev=85736.53, close=83984.0, new=85601.72
2026-01-30 03:45:00,235 - INFO - 15m | 18:30 | O:83835.4 H:84083.6 L:83524.3 C:83984.0
2026-01-30 03:45:00,235 - INFO - 지표: ADX=54.9, ATR=590.2, Bull=False, Bear=True
2026-01-30 03:46:02,809 - INFO - [상태] 포지션: SHORT, 진입가: $85320.10, 현재가: $83962.70, 미실현PnL: $157.46
2026-01-30 03:46:02,810 - INFO - [지표] ADX=nan, Bull=nan, Bear=nan
2026-01-30 03:51:02,853 - INFO - [상태] 포지션: SHORT, 진입가: $85320.10, 현재가: $83843.70, 미실현PnL: $171.26
2026-01-30 03:51:02,853 - INFO - [지표] ADX=nan, Bull=nan, Bear=nan
2026-01-30 03:52:19,398 - INFO - [LIVE] TP 체결 감지: $83464.45
2026-01-30 03:52:19,398 - INFO - [LIVE] TP 청산: PnL=$215.26, 수수료=$6.8849, 순익=$208.37
2026-01-30 03:52:19,398 - INFO - [LIVE] 자본금 업데이트: $5938.61 → $6146.98
2026-01-30 03:52:19,441 - INFO - 모든 대기 주문 취소 완료
2026-01-30 03:52:19,992 - WARNING - [자본금 동기화] 로컬: $6146.98 → 사용가능: $6126.51 (실제 잔고 $6807.23의 90%)
2026-01-30 03:52:19,992 - INFO - 거래 기록 저장: TP @ $83464.45
2026-01-30 03:56:02,855 - INFO - [상태] 포지션 없음, 자본금: $6126.51
2026-01-30 03:56:02,855 - INFO - [지표] ADX=nan, Bull=nan, Bear=nan
2026-01-30 04:00:00,073 - INFO - [EMA] 증분계산: prev=85601.72, close=83440.9, new=85435.50
2026-01-30 04:00:00,082 - INFO - 15m | 18:45 | O:83984.1 H:83999.0 L:83355.0 C:83440.9
2026-01-30 04:00:00,082 - INFO - 지표: ADX=55.9, ATR=595.5, Bull=False, Bear=True
2026-01-30 04:01:02,856 - INFO - [상태] 포지션 없음, 자본금: $6126.51
2026-01-30 04:01:02,857 - INFO - [지표] ADX=nan, Bull=nan, Bear=nan
2026-01-30 04:06:02,857 - INFO - [상태] 포지션 없음, 자본금: $6126.51
2026-01-30 04:06:02,858 - INFO - [지표] ADX=nan, Bull=nan, Bear=nan
2026-01-30 04:11:02,859 - INFO - [상태] 포지션 없음, 자본금: $6126.51
2026-01-30 04:11:02,859 - INFO - [지표] ADX=nan, Bull=nan, Bear=nan
2026-01-30 04:15:00,259 - INFO - [EMA] 증분계산: prev=85435.50, close=83630.0, new=85296.62
2026-01-30 04:15:00,269 - INFO - 15m | 19:00 | O:83440.8 H:83631.8 L:83338.3 C:83630.0
2026-01-30 04:15:00,269 - INFO - 지표: ADX=56.8, ATR=565.3, Bull=False, Bear=True
2026-01-30 04:16:02,860 - INFO - [상태] 포지션 없음, 자본금: $6126.51
2026-01-30 04:16:02,861 - INFO - [지표] ADX=nan, Bull=nan, Bear=nan
2026-01-30 04:21:02,863 - INFO - [상태] 포지션 없음, 자본금: $6126.51
2026-01-30 04:21:02,863 - INFO - [지표] ADX=nan, Bull=nan, Bear=nan
2026-01-30 04:26:02,864 - INFO - [상태] 포지션 없음, 자본금: $6126.51
2026-01-30 04:26:02,865 - INFO - [지표] ADX=nan, Bull=nan, Bear=nan
2026-01-30 04:30:00,070 - INFO - [EMA] 증분계산: prev=85296.62, close=83767.1, new=85178.96
2026-01-30 04:30:00,077 - INFO - 15m | 19:15 | O:83630.0 H:83927.7 L:83517.1 C:83767.1
2026-01-30 04:30:00,077 - INFO - 지표: ADX=56.6, ATR=549.9, Bull=False, Bear=True
2026-01-30 04:31:02,866 - INFO - [상태] 포지션 없음, 자본금: $6126.51
2026-01-30 04:31:02,866 - INFO - [지표] ADX=nan, Bull=nan, Bear=nan
2026-01-30 04:36:02,867 - INFO - [상태] 포지션 없음, 자본금: $6126.51
2026-01-30 04:36:02,867 - INFO - [지표] ADX=nan, Bull=nan, Bear=nan
2026-01-30 04:41:02,868 - INFO - [상태] 포지션 없음, 자본금: $6126.51
2026-01-30 04:41:02,868 - INFO - [지표] ADX=nan, Bull=nan, Bear=nan
2026-01-30 04:45:00,079 - INFO - [EMA] 증분계산: prev=85178.96, close=84126.7, new=85098.02
2026-01-30 04:45:00,088 - INFO - 15m | 19:30 | O:83767.1 H:84305.2 L:83767.0 C:84126.7
2026-01-30 04:45:00,088 - INFO - 지표: ADX=55.2, ATR=548.7, Bull=False, Bear=True
2026-01-30 04:46:02,871 - INFO - [상태] 포지션 없음, 자본금: $6126.51
2026-01-30 04:46:02,871 - INFO - [지표] ADX=nan, Bull=nan, Bear=nan
2026-01-30 04:51:02,872 - INFO - [상태] 포지션 없음, 자본금: $6126.51
2026-01-30 04:51:02,872 - INFO - [지표] ADX=nan, Bull=nan, Bear=nan
2026-01-30 04:56:02,873 - INFO - [상태] 포지션 없음, 자본금: $6126.51
2026-01-30 04:56:02,873 - INFO - [지표] ADX=nan, Bull=nan, Bear=nan
2026-01-30 05:00:00,024 - INFO - [EMA] 증분계산: prev=85098.02, close=83979.4, new=85011.97
2026-01-30 05:00:00,030 - INFO - 15m | 19:45 | O:84126.8 H:84212.7 L:83957.5 C:83979.4
2026-01-30 05:00:00,030 - INFO - 지표: ADX=53.9, ATR=519.3, Bull=False, Bear=True
2026-01-30 05:01:02,874 - INFO - [상태] 포지션 없음, 자본금: $6126.51
2026-01-30 05:01:02,874 - INFO - [지표] ADX=nan, Bull=nan, Bear=nan
2026-01-30 05:06:02,875 - INFO - [상태] 포지션 없음, 자본금: $6126.51
2026-01-30 05:06:02,876 - INFO - [지표] ADX=nan, Bull=nan, Bear=nan
2026-01-30 05:11:02,877 - INFO - [상태] 포지션 없음, 자본금: $6126.51
2026-01-30 05:11:02,877 - INFO - [지표] ADX=nan, Bull=nan, Bear=nan
2026-01-30 05:15:00,277 - INFO - [EMA] 증분계산: prev=85011.97, close=83880.9, new=84924.97
2026-01-30 05:15:00,283 - INFO - 15m | 20:00 | O:83979.5 H:84075.0 L:83856.8 C:83880.9
2026-01-30 05:15:00,283 - INFO - 지표: ADX=52.8, ATR=489.2, Bull=False, Bear=True
2026-01-30 05:16:02,878 - INFO - [상태] 포지션 없음, 자본금: $6126.51
2026-01-30 05:16:02,879 - INFO - [지표] ADX=nan, Bull=nan, Bear=nan
2026-01-30 05:21:02,880 - INFO - [상태] 포지션 없음, 자본금: $6126.51
2026-01-30 05:21:02,880 - INFO - [지표] ADX=nan, Bull=nan, Bear=nan
2026-01-30 05:26:02,881 - INFO - [상태] 포지션 없음, 자본금: $6126.51
2026-01-30 05:26:02,881 - INFO - [지표] ADX=nan, Bull=nan, Bear=nan
2026-01-30 05:30:00,284 - INFO - [EMA] 증분계산: prev=84924.97, close=83969.1, new=84851.44
2026-01-30 05:30:00,294 - INFO - 15m | 20:15 | O:83880.9 H:84181.3 L:83880.8 C:83969.1
2026-01-30 05:30:00,294 - INFO - 지표: ADX=51.5, ATR=470.4, Bull=False, Bear=True
2026-01-30 05:31:02,882 - INFO - [상태] 포지션 없음, 자본금: $6126.51
2026-01-30 05:31:02,883 - INFO - [지표] ADX=nan, Bull=nan, Bear=nan
2026-01-30 05:36:02,884 - INFO - [상태] 포지션 없음, 자본금: $6126.51
2026-01-30 05:36:02,884 - INFO - [지표] ADX=nan, Bull=nan, Bear=nan
2026-01-30 05:41:02,885 - INFO - [상태] 포지션 없음, 자본금: $6126.51
2026-01-30 05:41:02,886 - INFO - [지표] ADX=nan, Bull=nan, Bear=nan
2026-01-30 05:45:00,059 - INFO - [EMA] 증분계산: prev=84851.44, close=84066.6, new=84791.07
2026-01-30 05:45:00,066 - INFO - 15m | 20:30 | O:83969.0 H:84120.0 L:83785.6 C:84066.6
2026-01-30 05:45:00,066 - INFO - 지표: ADX=50.4, ATR=456.8, Bull=False, Bear=True
2026-01-30 05:46:02,886 - INFO - [상태] 포지션 없음, 자본금: $6126.51
2026-01-30 05:46:02,887 - INFO - [지표] ADX=nan, Bull=nan, Bear=nan
2026-01-30 05:51:02,888 - INFO - [상태] 포지션 없음, 자본금: $6126.51
2026-01-30 05:51:02,888 - INFO - [지표] ADX=nan, Bull=nan, Bear=nan
2026-01-30 05:56:02,889 - INFO - [상태] 포지션 없음, 자본금: $6126.51
2026-01-30 05:56:02,889 - INFO - [지표] ADX=nan, Bull=nan, Bear=nan
2026-01-30 06:00:00,062 - INFO - [EMA] 증분계산: prev=84791.07, close=84186.3, new=84744.55
2026-01-30 06:00:00,072 - INFO - 15m | 20:45 | O:84066.6 H:84376.2 L:83987.4 C:84186.3
2026-01-30 06:00:00,072 - INFO - 지표: ADX=48.5, ATR=450.0, Bull=False, Bear=True
2026-01-30 06:01:02,890 - INFO - [상태] 포지션 없음, 자본금: $6126.51
2026-01-30 06:01:02,890 - INFO - [지표] ADX=nan, Bull=nan, Bear=nan
2026-01-30 06:06:02,891 - INFO - [상태] 포지션 없음, 자본금: $6126.51
2026-01-30 06:06:02,892 - INFO - [지표] ADX=nan, Bull=nan, Bear=nan
2026-01-30 06:11:02,893 - INFO - [상태] 포지션 없음, 자본금: $6126.51
2026-01-30 06:11:02,894 - INFO - [지표] ADX=nan, Bull=nan, Bear=nan
2026-01-30 06:15:00,040 - INFO - [EMA] 증분계산: prev=84744.55, close=84384.0, new=84716.81
2026-01-30 06:15:00,046 - INFO - 15m | 21:00 | O:84186.4 H:84436.2 L:84169.3 C:84384.0
2026-01-30 06:15:00,046 - INFO - 지표: ADX=46.6, ATR=431.7, Bull=False, Bear=True
2026-01-30 06:16:02,896 - INFO - [상태] 포지션 없음, 자본금: $6126.51
2026-01-30 06:16:02,896 - INFO - [지표] ADX=nan, Bull=nan, Bear=nan
2026-01-30 06:21:02,898 - INFO - [상태] 포지션 없음, 자본금: $6126.51
2026-01-30 06:21:02,898 - INFO - [지표] ADX=nan, Bull=nan, Bear=nan
2026-01-30 06:26:02,899 - INFO - [상태] 포지션 없음, 자본금: $6126.51
2026-01-30 06:26:02,900 - INFO - [지표] ADX=nan, Bull=nan, Bear=nan
2026-01-30 06:30:00,087 - INFO - [EMA] 증분계산: prev=84716.81, close=84329.5, new=84687.02
2026-01-30 06:30:00,093 - INFO - 15m | 21:15 | O:84383.7 H:84383.7 L:84178.0 C:84329.5
2026-01-30 06:30:00,093 - INFO - 지표: ADX=44.8, ATR=409.1, Bull=False, Bear=True
2026-01-30 06:31:02,901 - INFO - [상태] 포지션 없음, 자본금: $6126.51
2026-01-30 06:31:02,901 - INFO - [지표] ADX=nan, Bull=nan, Bear=nan
2026-01-30 06:36:02,902 - INFO - [상태] 포지션 없음, 자본금: $6126.51
2026-01-30 06:36:02,903 - INFO - [지표] ADX=nan, Bull=nan, Bear=nan
2026-01-30 06:41:02,904 - INFO - [상태] 포지션 없음, 자본금: $6126.51
2026-01-30 06:41:02,904 - INFO - [지표] ADX=nan, Bull=nan, Bear=nan
2026-01-30 06:45:00,122 - INFO - [EMA] 증분계산: prev=84687.02, close=84410.4, new=84665.74
2026-01-30 06:45:00,129 - INFO - 15m | 21:30 | O:84329.5 H:84450.0 L:84246.2 C:84410.4
2026-01-30 06:45:00,129 - INFO - 지표: ADX=42.9, ATR=388.6, Bull=False, Bear=True
2026-01-30 06:46:02,905 - INFO - [상태] 포지션 없음, 자본금: $6126.51
2026-01-30 06:46:02,905 - INFO - [지표] ADX=nan, Bull=nan, Bear=nan
2026-01-30 06:51:02,907 - INFO - [상태] 포지션 없음, 자본금: $6126.51
2026-01-30 06:51:02,907 - INFO - [지표] ADX=nan, Bull=nan, Bear=nan
2026-01-30 06:56:02,909 - INFO - [상태] 포지션 없음, 자본금: $6126.51
2026-01-30 06:56:02,909 - INFO - [지표] ADX=nan, Bull=nan, Bear=nan
2026-01-30 07:00:00,201 - INFO - [EMA] 증분계산: prev=84665.74, close=84491.0, new=84652.30
2026-01-30 07:00:00,210 - INFO - 15m | 21:45 | O:84410.4 H:84623.1 L:84398.6 C:84491.0
2026-01-30 07:00:00,210 - INFO - 지표: ADX=40.5, ATR=372.2, Bull=False, Bear=True
2026-01-30 07:01:02,910 - INFO - [상태] 포지션 없음, 자본금: $6126.51
2026-01-30 07:01:02,911 - INFO - [지표] ADX=nan, Bull=nan, Bear=nan
2026-01-30 07:06:02,912 - INFO - [상태] 포지션 없음, 자본금: $6126.51
2026-01-30 07:06:02,912 - INFO - [지표] ADX=nan, Bull=nan, Bear=nan
2026-01-30 07:11:02,914 - INFO - [상태] 포지션 없음, 자본금: $6126.51
2026-01-30 07:11:02,914 - INFO - [지표] ADX=nan, Bull=nan, Bear=nan
2026-01-30 07:15:00,068 - INFO - [EMA] 증분계산: prev=84652.30, close=84313.5, new=84626.24
2026-01-30 07:15:00,078 - INFO - 15m | 22:00 | O:84491.1 H:84580.0 L:84271.3 C:84313.5
2026-01-30 07:15:00,078 - INFO - 지표: ADX=38.7, ATR=365.8, Bull=False, Bear=True
2026-01-30 07:16:02,915 - INFO - [상태] 포지션 없음, 자본금: $6126.51
2026-01-30 07:16:02,916 - INFO - [지표] ADX=nan, Bull=nan, Bear=nan
2026-01-30 07:21:02,917 - INFO - [상태] 포지션 없음, 자본금: $6126.51
2026-01-30 07:21:02,918 - INFO - [지표] ADX=nan, Bull=nan, Bear=nan
2026-01-30 07:26:02,919 - INFO - [상태] 포지션 없음, 자본금: $6126.51
2026-01-30 07:26:02,919 - INFO - [지표] ADX=nan, Bull=nan, Bear=nan
2026-01-30 07:30:00,121 - INFO - [EMA] 증분계산: prev=84626.24, close=84405.4, new=84609.25
2026-01-30 07:30:00,130 - INFO - 15m | 22:15 | O:84313.5 H:84430.8 L:84313.5 C:84405.4
2026-01-30 07:30:00,130 - INFO - 지표: ADX=37.0, ATR=341.0, Bull=False, Bear=True
2026-01-30 07:31:02,945 - INFO - [상태] 포지션 없음, 자본금: $6126.51
2026-01-30 07:31:02,945 - INFO - [지표] ADX=nan, Bull=nan, Bear=nan
2026-01-30 07:36:02,946 - INFO - [상태] 포지션 없음, 자본금: $6126.51
2026-01-30 07:36:02,946 - INFO - [지표] ADX=nan, Bull=nan, Bear=nan
2026-01-30 07:41:02,947 - INFO - [상태] 포지션 없음, 자본금: $6126.51
2026-01-30 07:41:02,947 - INFO - [지표] ADX=nan, Bull=nan, Bear=nan
2026-01-30 07:45:00,036 - INFO - [EMA] 증분계산: prev=84609.25, close=84413.5, new=84594.19
2026-01-30 07:45:00,045 - INFO - 15m | 22:30 | O:84405.4 H:84450.0 L:84350.0 C:84413.5
2026-01-30 07:45:00,045 - INFO - 지표: ADX=35.3, ATR=316.9, Bull=False, Bear=True
2026-01-30 07:46:02,949 - INFO - [상태] 포지션 없음, 자본금: $6126.51
2026-01-30 07:46:02,949 - INFO - [지표] ADX=nan, Bull=nan, Bear=nan
2026-01-30 07:51:02,950 - INFO - [상태] 포지션 없음, 자본금: $6126.51
2026-01-30 07:51:02,951 - INFO - [지표] ADX=nan, Bull=nan, Bear=nan
2026-01-30 07:56:02,952 - INFO - [상태] 포지션 없음, 자본금: $6126.51
2026-01-30 07:56:02,952 - INFO - [지표] ADX=nan, Bull=nan, Bear=nan
2026-01-30 08:00:00,233 - INFO - [EMA] 증분계산: prev=84594.19, close=84529.6, new=84589.22
2026-01-30 08:00:00,242 - INFO - 15m | 22:45 | O:84413.6 H:84553.2 L:84355.3 C:84529.6
2026-01-30 08:00:00,242 - INFO - 지표: ADX=33.3, ATR=305.0, Bull=False, Bear=True
2026-01-30 08:01:02,954 - INFO - [상태] 포지션 없음, 자본금: $6126.51
2026-01-30 08:01:02,955 - INFO - [지표] ADX=nan, Bull=nan, Bear=nan
2026-01-30 08:06:02,955 - INFO - [상태] 포지션 없음, 자본금: $6126.51
2026-01-30 08:06:02,956 - INFO - [지표] ADX=nan, Bull=nan, Bear=nan
2026-01-30 08:11:02,956 - INFO - [상태] 포지션 없음, 자본금: $6126.51
2026-01-30 08:11:02,956 - INFO - [지표] ADX=nan, Bull=nan, Bear=nan
2026-01-30 08:15:00,083 - INFO - [EMA] 증분계산: prev=84589.22, close=84439.9, new=84577.74
2026-01-30 08:15:00,090 - INFO - 15m | 23:00 | O:84529.5 H:84542.1 L:84400.0 C:84439.9
2026-01-30 08:15:00,090 - INFO - 지표: ADX=31.5, ATR=288.7, Bull=False, Bear=True
2026-01-30 08:16:02,958 - INFO - [상태] 포지션 없음, 자본금: $6126.51
2026-01-30 08:16:02,958 - INFO - [지표] ADX=nan, Bull=nan, Bear=nan
2026-01-30 08:21:02,959 - INFO - [상태] 포지션 없음, 자본금: $6126.51
2026-01-30 08:21:02,959 - INFO - [지표] ADX=nan, Bull=nan, Bear=nan
2026-01-30 08:26:02,960 - INFO - [상태] 포지션 없음, 자본금: $6126.51
2026-01-30 08:26:02,960 - INFO - [지표] ADX=nan, Bull=nan, Bear=nan
2026-01-30 08:30:00,199 - INFO - [EMA] 증분계산: prev=84577.74, close=84545.9, new=84575.29
2026-01-30 08:30:00,209 - INFO - 15m | 23:15 | O:84439.9 H:84644.7 L:84423.7 C:84545.9
2026-01-30 08:30:00,209 - INFO - 지표: ADX=29.4, ATR=281.9, Bull=False, Bear=True
2026-01-30 08:31:02,962 - INFO - [상태] 포지션 없음, 자본금: $6126.51
2026-01-30 08:31:02,962 - INFO - [지표] ADX=nan, Bull=nan, Bear=nan
2026-01-30 08:36:02,963 - INFO - [상태] 포지션 없음, 자본금: $6126.51
2026-01-30 08:36:02,964 - INFO - [지표] ADX=nan, Bull=nan, Bear=nan
2026-01-30 08:41:02,964 - INFO - [상태] 포지션 없음, 자본금: $6126.51
2026-01-30 08:41:02,965 - INFO - [지표] ADX=nan, Bull=nan, Bear=nan
2026-01-30 08:45:00,057 - INFO - [EMA] 증분계산: prev=84575.29, close=84642.9, new=84580.49
2026-01-30 08:45:00,067 - INFO - 15m | 23:30 | O:84545.9 H:84695.2 L:84545.9 C:84642.9
2026-01-30 08:45:00,067 - INFO - 지표: ADX=27.4, ATR=268.7, Bull=False, Bear=True
2026-01-30 08:46:02,966 - INFO - [상태] 포지션 없음, 자본금: $6126.51
2026-01-30 08:46:02,966 - INFO - [지표] ADX=nan, Bull=nan, Bear=nan
2026-01-30 08:51:02,968 - INFO - [상태] 포지션 없음, 자본금: $6126.51
2026-01-30 08:51:02,969 - INFO - [지표] ADX=nan, Bull=nan, Bear=nan
2026-01-30 08:56:02,970 - INFO - [상태] 포지션 없음, 자본금: $6126.51
2026-01-30 08:56:02,970 - INFO - [지표] ADX=nan, Bull=nan, Bear=nan
