2026-01-15 16:31:12,916 - INFO - === 로그 파일 시작: logs/hyper_2026-01-15.log ===
2026-01-15 16:31:12,916 - INFO - ======================================================================
2026-01-15 16:31:12,916 - INFO - Hyper Scalper V2 Live Trading 시작
2026-01-15 16:31:12,916 - INFO - 심볼: BTCUSDC, 타임프레임: 15m
2026-01-15 16:31:12,916 - INFO - ======================================================================
2026-01-15 16:31:12,972 - INFO - ============================================================
2026-01-15 16:31:12,972 - INFO - Hyper Scalper V2 Strategy 초기화
2026-01-15 16:31:12,972 - INFO - *** LIVE 거래 모드 ***
2026-01-15 16:31:12,972 - WARNING - *** 실제 자금으로 거래합니다! ***
2026-01-15 16:31:12,972 - INFO - ============================================================
2026-01-15 16:31:12,973 - INFO - 상태 파일 없음 - 새로 시작
2026-01-15 16:31:13,045 - INFO - 초기 자본 설정 (USDC): $6059.05
2026-01-15 16:31:13,045 - INFO - 상태 파일 없음 - 새로 시작
2026-01-15 16:31:13,045 - INFO - 새로운 거래 세션 시작
2026-01-15 16:31:13,045 - INFO - 과거 15분봉 데이터 로드 중...
2026-01-15 16:31:13,100 - INFO - 과거 데이터 로드 완료: 500개 캔들
2026-01-15 16:31:13,100 - INFO - 15분봉 로드 완료: 500개
2026-01-15 16:31:13,100 - INFO - 현재 지표: EMA25=96345.57, EMA100=96061.43, EMA200=95061.42, ADX=14.89, ATR=239.40
2026-01-15 16:31:13,117 - INFO - 초기 지표 저장 완료: 500개 → trades/indicators_hyper.csv
2026-01-15 16:31:13,117 - INFO - 모든 태스크 시작 완료
2026-01-15 16:31:13,117 - INFO - 초기 자본금: $6059.05
2026-01-15 16:31:13,241 - INFO - 웹소켓 연결: BTCUSDC (15분봉)
2026-01-15 16:36:13,121 - INFO - [상태] 포지션 없음, 자본금: $6059.05
2026-01-15 16:36:13,121 - INFO - [지표] ADX=nan, Bull=nan, Bear=nan
2026-01-15 16:41:13,122 - INFO - [상태] 포지션 없음, 자본금: $6059.05
2026-01-15 16:41:13,123 - INFO - [지표] ADX=nan, Bull=nan, Bear=nan
2026-01-15 16:45:00,031 - INFO - [EMA] 증분계산: prev=96345.57, close=96554.4, new=96361.63
2026-01-15 16:45:00,041 - INFO - 15m | 07:30 | O:96429.9 H:96714.5 L:96410.1 C:96554.4
2026-01-15 16:45:00,041 - INFO - 지표: ADX=15.3, ATR=244.8, Bull=True, Bear=False
2026-01-15 16:46:13,123 - INFO - [상태] 포지션 없음, 자본금: $6059.05
2026-01-15 16:46:13,123 - INFO - [지표] ADX=nan, Bull=nan, Bear=nan
2026-01-15 16:51:13,124 - INFO - [상태] 포지션 없음, 자본금: $6059.05
2026-01-15 16:51:13,124 - INFO - [지표] ADX=nan, Bull=nan, Bear=nan
2026-01-15 16:56:13,127 - INFO - [상태] 포지션 없음, 자본금: $6059.05
2026-01-15 16:56:13,128 - INFO - [지표] ADX=nan, Bull=nan, Bear=nan
2026-01-15 17:00:01,531 - INFO - [EMA] 증분계산: prev=96361.63, close=96593.1, new=96379.44
2026-01-15 17:00:01,537 - INFO - 15m | 07:45 | O:96554.5 H:96641.3 L:96475.2 C:96593.1
2026-01-15 17:00:01,537 - INFO - 지표: ADX=15.7, ATR=238.3, Bull=True, Bear=False
2026-01-15 17:01:13,130 - INFO - [상태] 포지션 없음, 자본금: $6059.05
2026-01-15 17:01:13,130 - INFO - [지표] ADX=nan, Bull=nan, Bear=nan
2026-01-15 17:06:13,133 - INFO - [상태] 포지션 없음, 자본금: $6059.05
2026-01-15 17:06:13,133 - INFO - [지표] ADX=nan, Bull=nan, Bear=nan
2026-01-15 17:11:13,138 - INFO - [상태] 포지션 없음, 자본금: $6059.05
2026-01-15 17:11:13,138 - INFO - [지표] ADX=nan, Bull=nan, Bear=nan
2026-01-15 17:15:00,110 - INFO - [EMA] 증분계산: prev=96379.44, close=96437.7, new=96383.92
2026-01-15 17:15:00,116 - INFO - 15m | 08:00 | O:96593.2 H:96599.9 L:96402.3 C:96437.7
2026-01-15 17:15:00,116 - INFO - 지표: ADX=15.6, ATR=234.9, Bull=True, Bear=False
2026-01-15 17:16:13,139 - INFO - [상태] 포지션 없음, 자본금: $6059.05
2026-01-15 17:16:13,140 - INFO - [지표] ADX=nan, Bull=nan, Bear=nan
2026-01-15 17:21:13,141 - INFO - [상태] 포지션 없음, 자본금: $6059.05
2026-01-15 17:21:13,141 - INFO - [지표] ADX=nan, Bull=nan, Bear=nan
2026-01-15 17:26:13,143 - INFO - [상태] 포지션 없음, 자본금: $6059.05
2026-01-15 17:26:13,143 - INFO - [지표] ADX=nan, Bull=nan, Bear=nan
2026-01-15 17:30:00,809 - INFO - [EMA] 증분계산: prev=96383.92, close=96324.0, new=96379.31
2026-01-15 17:30:00,818 - INFO - 15m | 08:15 | O:96439.0 H:96529.9 L:96316.1 C:96324.0
2026-01-15 17:30:00,818 - INFO - 지표: ADX=15.0, ATR=233.1, Bull=True, Bear=False
2026-01-15 17:31:13,147 - INFO - [상태] 포지션 없음, 자본금: $6059.05
2026-01-15 17:31:13,147 - INFO - [지표] ADX=nan, Bull=nan, Bear=nan
2026-01-15 17:36:13,149 - INFO - [상태] 포지션 없음, 자본금: $6059.05
2026-01-15 17:36:13,150 - INFO - [지표] ADX=nan, Bull=nan, Bear=nan
2026-01-15 17:41:13,151 - INFO - [상태] 포지션 없음, 자본금: $6059.05
2026-01-15 17:41:13,151 - INFO - [지표] ADX=nan, Bull=nan, Bear=nan
2026-01-15 17:45:00,063 - INFO - [EMA] 증분계산: prev=96379.31, close=96395.6, new=96380.56
2026-01-15 17:45:00,070 - INFO - 15m | 08:30 | O:96326.0 H:96406.6 L:96239.8 C:96395.6
2026-01-15 17:45:00,070 - INFO - 지표: ADX=14.0, ATR=227.6, Bull=True, Bear=False
2026-01-15 17:46:13,155 - INFO - [상태] 포지션 없음, 자본금: $6059.05
2026-01-15 17:46:13,155 - INFO - [지표] ADX=nan, Bull=nan, Bear=nan
2026-01-15 17:51:13,156 - INFO - [상태] 포지션 없음, 자본금: $6059.05
2026-01-15 17:51:13,156 - INFO - [지표] ADX=nan, Bull=nan, Bear=nan
2026-01-15 17:56:13,158 - INFO - [상태] 포지션 없음, 자본금: $6059.05
2026-01-15 17:56:13,158 - INFO - [지표] ADX=nan, Bull=nan, Bear=nan
2026-01-15 18:00:00,121 - INFO - [EMA] 증분계산: prev=96380.56, close=96600.0, new=96397.44
2026-01-15 18:00:00,130 - INFO - 15m | 08:45 | O:96397.5 H:96638.0 L:96393.2 C:96600.0
2026-01-15 18:00:00,131 - INFO - 지표: ADX=14.2, ATR=229.0, Bull=True, Bear=False
2026-01-15 18:01:13,159 - INFO - [상태] 포지션 없음, 자본금: $6059.05
2026-01-15 18:01:13,159 - INFO - [지표] ADX=nan, Bull=nan, Bear=nan
2026-01-15 18:06:13,163 - INFO - [상태] 포지션 없음, 자본금: $6059.05
2026-01-15 18:06:13,163 - INFO - [지표] ADX=nan, Bull=nan, Bear=nan
2026-01-15 18:11:13,164 - INFO - [상태] 포지션 없음, 자본금: $6059.05
2026-01-15 18:11:13,164 - INFO - [지표] ADX=nan, Bull=nan, Bear=nan
2026-01-15 18:15:00,599 - INFO - [EMA] 증분계산: prev=96397.44, close=96530.4, new=96407.67
2026-01-15 18:15:00,606 - INFO - 15m | 09:00 | O:96600.0 H:96666.0 L:96527.0 C:96530.4
2026-01-15 18:15:00,606 - INFO - 지표: ADX=14.5, ATR=221.5, Bull=True, Bear=False
2026-01-15 18:16:13,167 - INFO - [상태] 포지션 없음, 자본금: $6059.05
2026-01-15 18:16:13,167 - INFO - [지표] ADX=nan, Bull=nan, Bear=nan
2026-01-15 18:21:13,169 - INFO - [상태] 포지션 없음, 자본금: $6059.05
2026-01-15 18:21:13,169 - INFO - [지표] ADX=nan, Bull=nan, Bear=nan
2026-01-15 18:26:13,169 - INFO - [상태] 포지션 없음, 자본금: $6059.05
2026-01-15 18:26:13,170 - INFO - [지표] ADX=nan, Bull=nan, Bear=nan
2026-01-15 18:30:01,110 - INFO - [EMA] 증분계산: prev=96407.67, close=96700.6, new=96430.20
2026-01-15 18:30:01,117 - INFO - 15m | 09:15 | O:96530.4 H:96780.0 L:96504.9 C:96700.6
2026-01-15 18:30:01,117 - INFO - 지표: ADX=15.2, ATR=226.0, Bull=True, Bear=False
2026-01-15 18:31:13,171 - INFO - [상태] 포지션 없음, 자본금: $6059.05
2026-01-15 18:31:13,172 - INFO - [지표] ADX=nan, Bull=nan, Bear=nan
2026-01-15 18:36:13,173 - INFO - [상태] 포지션 없음, 자본금: $6059.05
2026-01-15 18:36:13,173 - INFO - [지표] ADX=nan, Bull=nan, Bear=nan
2026-01-15 18:41:13,175 - INFO - [상태] 포지션 없음, 자본금: $6059.05
2026-01-15 18:41:13,175 - INFO - [지표] ADX=nan, Bull=nan, Bear=nan
2026-01-15 18:45:00,156 - INFO - [EMA] 증분계산: prev=96430.20, close=97023.2, new=96475.82
2026-01-15 18:45:00,162 - INFO - 15m | 09:30 | O:96700.5 H:97055.1 L:96650.0 C:97023.2
2026-01-15 18:45:00,162 - INFO - 지표: ADX=16.9, ATR=240.9, Bull=True, Bear=False
2026-01-15 18:46:13,177 - INFO - [상태] 포지션 없음, 자본금: $6059.05
2026-01-15 18:46:13,177 - INFO - [지표] ADX=nan, Bull=nan, Bear=nan
2026-01-15 18:51:13,178 - INFO - [상태] 포지션 없음, 자본금: $6059.05
2026-01-15 18:51:13,179 - INFO - [지표] ADX=nan, Bull=nan, Bear=nan
2026-01-15 18:56:13,181 - INFO - [상태] 포지션 없음, 자본금: $6059.05
2026-01-15 18:56:13,181 - INFO - [지표] ADX=nan, Bull=nan, Bear=nan
2026-01-15 19:00:00,096 - INFO - [EMA] 증분계산: prev=96475.82, close=96994.8, new=96515.74
2026-01-15 19:00:00,103 - INFO - 15m | 09:45 | O:97023.1 H:97162.8 L:96928.0 C:96994.8
2026-01-15 19:00:00,103 - INFO - 지표: ADX=18.7, ATR=240.4, Bull=True, Bear=False
2026-01-15 19:01:13,183 - INFO - [상태] 포지션 없음, 자본금: $6059.05
2026-01-15 19:01:13,183 - INFO - [지표] ADX=nan, Bull=nan, Bear=nan
2026-01-15 19:06:13,186 - INFO - [상태] 포지션 없음, 자본금: $6059.05
2026-01-15 19:06:13,186 - INFO - [지표] ADX=nan, Bull=nan, Bear=nan
2026-01-15 19:11:13,186 - INFO - [상태] 포지션 없음, 자본금: $6059.05
2026-01-15 19:11:13,187 - INFO - [지표] ADX=nan, Bull=nan, Bear=nan
2026-01-15 19:15:02,068 - INFO - [EMA] 증분계산: prev=96515.74, close=96810.1, new=96538.38
2026-01-15 19:15:02,075 - INFO - 15m | 10:00 | O:96994.9 H:97022.4 L:96810.0 C:96810.1
2026-01-15 19:15:02,075 - INFO - 지표: ADX=19.6, ATR=238.1, Bull=True, Bear=False
2026-01-15 19:16:13,188 - INFO - [상태] 포지션 없음, 자본금: $6059.05
2026-01-15 19:16:13,189 - INFO - [지표] ADX=nan, Bull=nan, Bear=nan
2026-01-15 19:21:13,190 - INFO - [상태] 포지션 없음, 자본금: $6059.05
2026-01-15 19:21:13,190 - INFO - [지표] ADX=nan, Bull=nan, Bear=nan
2026-01-15 19:26:13,191 - INFO - [상태] 포지션 없음, 자본금: $6059.05
2026-01-15 19:26:13,192 - INFO - [지표] ADX=nan, Bull=nan, Bear=nan
2026-01-15 19:30:00,215 - INFO - [EMA] 증분계산: prev=96538.38, close=96744.1, new=96554.21
2026-01-15 19:30:00,222 - INFO - 15m | 10:15 | O:96810.0 H:96885.6 L:96726.8 C:96744.1
2026-01-15 19:30:00,222 - INFO - 지표: ADX=19.9, ATR=231.5, Bull=True, Bear=False
2026-01-15 19:31:13,193 - INFO - [상태] 포지션 없음, 자본금: $6059.05
2026-01-15 19:31:13,193 - INFO - [지표] ADX=nan, Bull=nan, Bear=nan
2026-01-15 19:36:13,195 - INFO - [상태] 포지션 없음, 자본금: $6059.05
2026-01-15 19:36:13,196 - INFO - [지표] ADX=nan, Bull=nan, Bear=nan
2026-01-15 19:41:13,203 - INFO - [상태] 포지션 없음, 자본금: $6059.05
2026-01-15 19:41:13,203 - INFO - [지표] ADX=nan, Bull=nan, Bear=nan
2026-01-15 19:45:00,056 - INFO - [EMA] 증분계산: prev=96554.21, close=96728.4, new=96567.61
2026-01-15 19:45:00,065 - INFO - 15m | 10:30 | O:96744.0 H:96791.6 L:96695.2 C:96728.4
2026-01-15 19:45:00,066 - INFO - 지표: ADX=20.1, ATR=220.2, Bull=True, Bear=False
2026-01-15 19:46:13,207 - INFO - [상태] 포지션 없음, 자본금: $6059.05
2026-01-15 19:46:13,207 - INFO - [지표] ADX=nan, Bull=nan, Bear=nan
2026-01-15 19:51:13,211 - INFO - [상태] 포지션 없음, 자본금: $6059.05
2026-01-15 19:51:13,211 - INFO - [지표] ADX=nan, Bull=nan, Bear=nan
2026-01-15 19:56:13,214 - INFO - [상태] 포지션 없음, 자본금: $6059.05
2026-01-15 19:56:13,214 - INFO - [지표] ADX=nan, Bull=nan, Bear=nan
2026-01-15 20:00:00,621 - INFO - [EMA] 증분계산: prev=96567.61, close=96760.1, new=96582.41
2026-01-15 20:00:00,627 - INFO - 15m | 10:45 | O:96728.4 H:96835.3 L:96726.6 C:96760.1
2026-01-15 20:00:00,628 - INFO - 지표: ADX=20.4, ATR=210.9, Bull=True, Bear=False
2026-01-15 20:01:13,216 - INFO - [상태] 포지션 없음, 자본금: $6059.05
2026-01-15 20:01:13,217 - INFO - [지표] ADX=nan, Bull=nan, Bear=nan
2026-01-15 20:06:13,218 - INFO - [상태] 포지션 없음, 자본금: $6059.05
2026-01-15 20:06:13,219 - INFO - [지표] ADX=nan, Bull=nan, Bear=nan
2026-01-15 20:11:13,220 - INFO - [상태] 포지션 없음, 자본금: $6059.05
2026-01-15 20:11:13,220 - INFO - [지표] ADX=nan, Bull=nan, Bear=nan
2026-01-15 20:15:00,573 - INFO - [EMA] 증분계산: prev=96582.41, close=96694.9, new=96591.07
2026-01-15 20:15:00,580 - INFO - 15m | 11:00 | O:96760.0 H:96814.7 L:96662.8 C:96694.9
2026-01-15 20:15:00,580 - INFO - 지표: ADX=20.2, ATR=206.0, Bull=True, Bear=False
2026-01-15 20:16:13,221 - INFO - [상태] 포지션 없음, 자본금: $6059.05
2026-01-15 20:16:13,221 - INFO - [지표] ADX=nan, Bull=nan, Bear=nan
2026-01-15 20:21:13,225 - INFO - [상태] 포지션 없음, 자본금: $6059.05
2026-01-15 20:21:13,225 - INFO - [지표] ADX=nan, Bull=nan, Bear=nan
2026-01-15 20:26:13,229 - INFO - [상태] 포지션 없음, 자본금: $6059.05
2026-01-15 20:26:13,229 - INFO - [지표] ADX=nan, Bull=nan, Bear=nan
2026-01-15 20:30:00,100 - INFO - [EMA] 증분계산: prev=96591.07, close=96832.1, new=96609.61
2026-01-15 20:30:00,110 - INFO - 15m | 11:15 | O:96694.9 H:96838.1 L:96660.0 C:96832.1
2026-01-15 20:30:00,110 - INFO - 지표: ADX=20.2, ATR=203.7, Bull=True, Bear=False
2026-01-15 20:31:13,231 - INFO - [상태] 포지션 없음, 자본금: $6059.05
2026-01-15 20:31:13,231 - INFO - [지표] ADX=nan, Bull=nan, Bear=nan
2026-01-15 20:36:13,232 - INFO - [상태] 포지션 없음, 자본금: $6059.05
2026-01-15 20:36:13,232 - INFO - [지표] ADX=nan, Bull=nan, Bear=nan
2026-01-15 20:41:13,234 - INFO - [상태] 포지션 없음, 자본금: $6059.05
2026-01-15 20:41:13,234 - INFO - [지표] ADX=nan, Bull=nan, Bear=nan
2026-01-15 20:45:00,685 - INFO - [EMA] 증분계산: prev=96609.61, close=96636.0, new=96611.64
2026-01-15 20:45:00,692 - INFO - 15m | 11:30 | O:96832.0 H:96890.2 L:96619.3 C:96636.0
2026-01-15 20:45:00,692 - INFO - 지표: ADX=20.4, ATR=209.3, Bull=True, Bear=False
2026-01-15 20:46:13,237 - INFO - [상태] 포지션 없음, 자본금: $6059.05
2026-01-15 20:46:13,238 - INFO - [지표] ADX=nan, Bull=nan, Bear=nan
2026-01-15 20:51:13,242 - INFO - [상태] 포지션 없음, 자본금: $6059.05
2026-01-15 20:51:13,242 - INFO - [지표] ADX=nan, Bull=nan, Bear=nan
2026-01-15 20:56:13,244 - INFO - [상태] 포지션 없음, 자본금: $6059.05
2026-01-15 20:56:13,244 - INFO - [지표] ADX=nan, Bull=nan, Bear=nan
2026-01-15 21:00:00,101 - INFO - [EMA] 증분계산: prev=96611.64, close=96540.1, new=96606.13
2026-01-15 21:00:00,108 - INFO - 15m | 11:45 | O:96636.0 H:96674.0 L:96540.0 C:96540.1
2026-01-15 21:00:00,108 - INFO - 지표: ADX=20.1, ATR=203.0, Bull=True, Bear=False
2026-01-15 21:01:13,245 - INFO - [상태] 포지션 없음, 자본금: $6059.05
2026-01-15 21:01:13,245 - INFO - [지표] ADX=nan, Bull=nan, Bear=nan
2026-01-15 21:06:13,248 - INFO - [상태] 포지션 없음, 자본금: $6059.05
2026-01-15 21:06:13,249 - INFO - [지표] ADX=nan, Bull=nan, Bear=nan
2026-01-15 21:11:13,252 - INFO - [상태] 포지션 없음, 자본금: $6059.05
2026-01-15 21:11:13,252 - INFO - [지표] ADX=nan, Bull=nan, Bear=nan
2026-01-15 21:15:00,116 - INFO - [EMA] 증분계산: prev=96606.13, close=96640.1, new=96608.75
2026-01-15 21:15:00,122 - INFO - 15m | 12:00 | O:96540.0 H:96660.5 L:96473.1 C:96640.1
2026-01-15 21:15:00,123 - INFO - 지표: ADX=19.3, ATR=201.7, Bull=True, Bear=False
2026-01-15 21:16:13,255 - INFO - [상태] 포지션 없음, 자본금: $6059.05
2026-01-15 21:16:13,255 - INFO - [지표] ADX=nan, Bull=nan, Bear=nan
2026-01-15 21:21:13,257 - INFO - [상태] 포지션 없음, 자본금: $6059.05
2026-01-15 21:21:13,257 - INFO - [지표] ADX=nan, Bull=nan, Bear=nan
2026-01-15 21:26:13,258 - INFO - [상태] 포지션 없음, 자본금: $6059.05
2026-01-15 21:26:13,258 - INFO - [지표] ADX=nan, Bull=nan, Bear=nan
2026-01-15 21:30:00,104 - INFO - [EMA] 증분계산: prev=96608.75, close=96590.0, new=96607.31
2026-01-15 21:30:00,113 - INFO - 15m | 12:15 | O:96642.1 H:96650.0 L:96507.3 C:96590.0
2026-01-15 21:30:00,114 - INFO - 지표: ADX=18.6, ATR=196.8, Bull=True, Bear=False
2026-01-15 21:31:13,260 - INFO - [상태] 포지션 없음, 자본금: $6059.05
2026-01-15 21:31:13,261 - INFO - [지표] ADX=nan, Bull=nan, Bear=nan
2026-01-15 21:36:13,263 - INFO - [상태] 포지션 없음, 자본금: $6059.05
2026-01-15 21:36:13,263 - INFO - [지표] ADX=nan, Bull=nan, Bear=nan
2026-01-15 21:41:13,264 - INFO - [상태] 포지션 없음, 자본금: $6059.05
2026-01-15 21:41:13,265 - INFO - [지표] ADX=nan, Bull=nan, Bear=nan
2026-01-15 21:45:00,662 - INFO - [EMA] 증분계산: prev=96607.31, close=96694.7, new=96614.03
2026-01-15 21:45:00,672 - INFO - 15m | 12:30 | O:96589.4 H:96750.0 L:96552.0 C:96694.7
2026-01-15 21:45:00,672 - INFO - 지표: ADX=18.5, ATR=196.9, Bull=True, Bear=False
2026-01-15 21:46:13,268 - INFO - [상태] 포지션 없음, 자본금: $6059.05
2026-01-15 21:46:13,268 - INFO - [지표] ADX=nan, Bull=nan, Bear=nan
2026-01-15 21:51:13,270 - INFO - [상태] 포지션 없음, 자본금: $6059.05
2026-01-15 21:51:13,270 - INFO - [지표] ADX=nan, Bull=nan, Bear=nan
2026-01-15 21:56:13,271 - INFO - [상태] 포지션 없음, 자본금: $6059.05
2026-01-15 21:56:13,272 - INFO - [지표] ADX=nan, Bull=nan, Bear=nan
2026-01-15 22:00:00,058 - INFO - [EMA] 증분계산: prev=96614.03, close=96932.6, new=96638.53
2026-01-15 22:00:00,065 - INFO - 15m | 12:45 | O:96694.8 H:96968.1 L:96687.6 C:96932.6
2026-01-15 22:00:00,066 - INFO - 지표: ADX=19.4, ATR=203.9, Bull=True, Bear=False
2026-01-15 22:01:13,275 - INFO - [상태] 포지션 없음, 자본금: $6059.05
2026-01-15 22:01:13,275 - INFO - [지표] ADX=nan, Bull=nan, Bear=nan
2026-01-15 22:06:13,278 - INFO - [상태] 포지션 없음, 자본금: $6059.05
2026-01-15 22:06:13,278 - INFO - [지표] ADX=nan, Bull=nan, Bear=nan
2026-01-15 22:11:13,280 - INFO - [상태] 포지션 없음, 자본금: $6059.05
2026-01-15 22:11:13,280 - INFO - [지표] ADX=nan, Bull=nan, Bear=nan
2026-01-15 22:15:00,053 - INFO - [EMA] 증분계산: prev=96638.53, close=96810.7, new=96651.78
2026-01-15 22:15:00,062 - INFO - 15m | 13:00 | O:96932.5 H:96949.8 L:96801.8 C:96810.7
2026-01-15 22:15:00,062 - INFO - 지표: ADX=20.2, ATR=199.2, Bull=True, Bear=False
2026-01-15 22:16:13,282 - INFO - [상태] 포지션 없음, 자본금: $6059.05
2026-01-15 22:16:13,283 - INFO - [지표] ADX=nan, Bull=nan, Bear=nan
2026-01-15 22:21:13,285 - INFO - [상태] 포지션 없음, 자본금: $6059.05
2026-01-15 22:21:13,285 - INFO - [지표] ADX=nan, Bull=nan, Bear=nan
2026-01-15 22:26:13,286 - INFO - [상태] 포지션 없음, 자본금: $6059.05
2026-01-15 22:26:13,287 - INFO - [지표] ADX=nan, Bull=nan, Bear=nan
2026-01-15 22:30:00,529 - INFO - [EMA] 증분계산: prev=96651.78, close=96877.9, new=96669.17
2026-01-15 22:30:00,536 - INFO - 15m | 13:15 | O:96811.7 H:96938.9 L:96811.7 C:96877.9
2026-01-15 22:30:00,536 - INFO - 지표: ADX=21.0, ATR=193.3, Bull=True, Bear=False
2026-01-15 22:31:13,287 - INFO - [상태] 포지션 없음, 자본금: $6059.05
2026-01-15 22:31:13,288 - INFO - [지표] ADX=nan, Bull=nan, Bear=nan
2026-01-15 22:36:13,288 - INFO - [상태] 포지션 없음, 자본금: $6059.05
2026-01-15 22:36:13,289 - INFO - [지표] ADX=nan, Bull=nan, Bear=nan
2026-01-15 22:41:13,292 - INFO - [상태] 포지션 없음, 자본금: $6059.05
2026-01-15 22:41:13,292 - INFO - [지표] ADX=nan, Bull=nan, Bear=nan
2026-01-15 22:45:00,150 - INFO - [EMA] 증분계산: prev=96669.17, close=96731.4, new=96673.96
2026-01-15 22:45:00,156 - INFO - 15m | 13:30 | O:96878.0 H:96894.4 L:96552.1 C:96731.4
2026-01-15 22:45:00,156 - INFO - 지표: ADX=19.8, ATR=205.7, Bull=True, Bear=False
2026-01-15 22:46:13,293 - INFO - [상태] 포지션 없음, 자본금: $6059.05
2026-01-15 22:46:13,293 - INFO - [지표] ADX=nan, Bull=nan, Bear=nan
2026-01-15 22:51:13,294 - INFO - [상태] 포지션 없음, 자본금: $6059.05
2026-01-15 22:51:13,294 - INFO - [지표] ADX=nan, Bull=nan, Bear=nan
2026-01-15 22:56:13,295 - INFO - [상태] 포지션 없음, 자본금: $6059.05
2026-01-15 22:56:13,295 - INFO - [지표] ADX=nan, Bull=nan, Bear=nan
2026-01-15 23:00:01,088 - INFO - [EMA] 증분계산: prev=96673.96, close=96801.6, new=96683.78
2026-01-15 23:00:01,095 - INFO - 15m | 13:45 | O:96731.5 H:96985.1 L:96731.5 C:96801.6
2026-01-15 23:00:01,095 - INFO - 지표: ADX=19.2, ATR=209.7, Bull=True, Bear=False
2026-01-15 23:01:13,297 - INFO - [상태] 포지션 없음, 자본금: $6059.05
2026-01-15 23:01:13,298 - INFO - [지표] ADX=nan, Bull=nan, Bear=nan
2026-01-15 23:06:13,299 - INFO - [상태] 포지션 없음, 자본금: $6059.05
2026-01-15 23:06:13,300 - INFO - [지표] ADX=nan, Bull=nan, Bear=nan
2026-01-15 23:11:13,300 - INFO - [상태] 포지션 없음, 자본금: $6059.05
2026-01-15 23:11:13,301 - INFO - [지표] ADX=nan, Bull=nan, Bear=nan
2026-01-15 23:15:00,073 - INFO - [EMA] 증분계산: prev=96683.78, close=97075.9, new=96713.94
2026-01-15 23:15:00,080 - INFO - 15m | 14:00 | O:96801.6 H:97090.8 L:96793.2 C:97075.9
2026-01-15 23:15:00,080 - INFO - 지표: ADX=19.2, ATR=217.0, Bull=True, Bear=False
2026-01-15 23:16:13,303 - INFO - [상태] 포지션 없음, 자본금: $6059.05
2026-01-15 23:16:13,304 - INFO - [지표] ADX=nan, Bull=nan, Bear=nan
2026-01-15 23:21:13,305 - INFO - [상태] 포지션 없음, 자본금: $6059.05
2026-01-15 23:21:13,305 - INFO - [지표] ADX=nan, Bull=nan, Bear=nan
2026-01-15 23:26:13,307 - INFO - [상태] 포지션 없음, 자본금: $6059.05
2026-01-15 23:26:13,307 - INFO - [지표] ADX=nan, Bull=nan, Bear=nan
2026-01-15 23:30:00,110 - INFO - [EMA] 증분계산: prev=96713.94, close=96740.0, new=96715.94
2026-01-15 23:30:00,117 - INFO - 15m | 14:15 | O:97075.8 H:97100.0 L:96660.8 C:96740.0
2026-01-15 23:30:00,117 - INFO - 지표: ADX=18.3, ATR=235.5, Bull=True, Bear=False
2026-01-15 23:31:13,308 - INFO - [상태] 포지션 없음, 자본금: $6059.05
2026-01-15 23:31:13,308 - INFO - [지표] ADX=nan, Bull=nan, Bear=nan
2026-01-15 23:36:13,309 - INFO - [상태] 포지션 없음, 자본금: $6059.05
2026-01-15 23:36:13,310 - INFO - [지표] ADX=nan, Bull=nan, Bear=nan
2026-01-15 23:41:13,312 - INFO - [상태] 포지션 없음, 자본금: $6059.05
2026-01-15 23:41:13,312 - INFO - [지표] ADX=nan, Bull=nan, Bear=nan
2026-01-15 23:45:00,036 - INFO - [EMA] 증분계산: prev=96715.94, close=95766.6, new=96642.92
2026-01-15 23:45:00,043 - INFO - 15m | 14:30 | O:96732.9 H:96859.9 L:95756.4 C:95766.6
2026-01-15 23:45:00,043 - INFO - 지표: ADX=19.7, ATR=307.9, Bull=True, Bear=False
2026-01-15 23:46:13,313 - INFO - [상태] 포지션 없음, 자본금: $6059.05
2026-01-15 23:46:13,313 - INFO - [지표] ADX=nan, Bull=nan, Bear=nan
2026-01-15 23:51:13,314 - INFO - [상태] 포지션 없음, 자본금: $6059.05
2026-01-15 23:51:13,315 - INFO - [지표] ADX=nan, Bull=nan, Bear=nan
2026-01-15 23:56:13,316 - INFO - [상태] 포지션 없음, 자본금: $6059.05
2026-01-15 23:56:13,316 - INFO - [지표] ADX=nan, Bull=nan, Bear=nan
2026-01-16 00:00:00,093 - INFO - [EMA] 증분계산: prev=96642.92, close=96000.1, new=96593.47
2026-01-16 00:00:00,099 - INFO - 15m | 14:45 | O:95766.7 H:96374.2 L:95518.1 C:96000.1
2026-01-16 00:00:00,099 - INFO - 지표: ADX=21.5, ATR=353.6, Bull=True, Bear=False
2026-01-16 00:01:13,319 - INFO - [상태] 포지션 없음, 자본금: $6059.05
2026-01-16 00:01:13,319 - INFO - [지표] ADX=nan, Bull=nan, Bear=nan
2026-01-16 00:06:13,320 - INFO - [상태] 포지션 없음, 자본금: $6059.05
2026-01-16 00:06:13,320 - INFO - [지표] ADX=nan, Bull=nan, Bear=nan
2026-01-16 00:11:13,321 - INFO - [상태] 포지션 없음, 자본금: $6059.05
2026-01-16 00:11:13,321 - INFO - [지표] ADX=nan, Bull=nan, Bear=nan
2026-01-16 00:15:00,559 - INFO - [EMA] 증분계산: prev=96593.47, close=96191.1, new=96562.52
2026-01-16 00:15:00,568 - INFO - 15m | 15:00 | O:96000.0 H:96327.4 L:95830.5 C:96191.1
2026-01-16 00:15:00,568 - INFO - 지표: ADX=23.1, ATR=365.5, Bull=True, Bear=False
2026-01-16 00:16:13,322 - INFO - [상태] 포지션 없음, 자본금: $6059.05
2026-01-16 00:16:13,322 - INFO - [지표] ADX=nan, Bull=nan, Bear=nan
2026-01-16 00:21:13,323 - INFO - [상태] 포지션 없음, 자본금: $6059.05
2026-01-16 00:21:13,323 - INFO - [지표] ADX=nan, Bull=nan, Bear=nan
2026-01-16 00:26:13,324 - INFO - [상태] 포지션 없음, 자본금: $6059.05
2026-01-16 00:26:13,325 - INFO - [지표] ADX=nan, Bull=nan, Bear=nan
2026-01-16 00:30:00,031 - INFO - [EMA] 증분계산: prev=96562.52, close=95830.5, new=96506.21
2026-01-16 00:30:00,037 - INFO - 15m | 15:15 | O:96191.0 H:96376.3 L:95758.7 C:95830.5
2026-01-16 00:30:00,038 - INFO - 지표: ADX=24.8, ATR=386.5, Bull=True, Bear=False
2026-01-16 00:31:13,326 - INFO - [상태] 포지션 없음, 자본금: $6059.05
2026-01-16 00:31:13,326 - INFO - [지표] ADX=nan, Bull=nan, Bear=nan
2026-01-16 00:36:13,328 - INFO - [상태] 포지션 없음, 자본금: $6059.05
2026-01-16 00:36:13,328 - INFO - [지표] ADX=nan, Bull=nan, Bear=nan
2026-01-16 00:41:13,330 - INFO - [상태] 포지션 없음, 자본금: $6059.05
2026-01-16 00:41:13,331 - INFO - [지표] ADX=nan, Bull=nan, Bear=nan
2026-01-16 00:45:00,050 - INFO - [EMA] 증분계산: prev=96506.21, close=95809.8, new=96452.64
2026-01-16 00:45:00,057 - INFO - 15m | 15:30 | O:95831.2 H:96019.9 L:95518.6 C:95809.8
2026-01-16 00:45:00,057 - INFO - 지표: ADX=26.8, ATR=396.1, Bull=True, Bear=False
2026-01-16 00:46:13,331 - INFO - [상태] 포지션 없음, 자본금: $6059.05
2026-01-16 00:46:13,331 - INFO - [지표] ADX=nan, Bull=nan, Bear=nan
2026-01-16 00:51:13,333 - INFO - [상태] 포지션 없음, 자본금: $6059.05
2026-01-16 00:51:13,334 - INFO - [지표] ADX=nan, Bull=nan, Bear=nan
2026-01-16 00:56:13,335 - INFO - [상태] 포지션 없음, 자본금: $6059.05
2026-01-16 00:56:13,335 - INFO - [지표] ADX=nan, Bull=nan, Bear=nan
2026-01-16 01:00:00,040 - INFO - [EMA] 증분계산: prev=96452.64, close=96663.7, new=96468.88
2026-01-16 01:00:00,047 - INFO - 15m | 15:45 | O:95809.8 H:96723.1 L:95380.0 C:96663.7
2026-01-16 01:00:00,047 - INFO - 지표: ADX=25.8, ATR=475.0, Bull=True, Bear=False
2026-01-16 01:01:13,336 - INFO - [상태] 포지션 없음, 자본금: $6059.05
2026-01-16 01:01:13,336 - INFO - [지표] ADX=nan, Bull=nan, Bear=nan
2026-01-16 01:06:13,337 - INFO - [상태] 포지션 없음, 자본금: $6059.05
2026-01-16 01:06:13,337 - INFO - [지표] ADX=nan, Bull=nan, Bear=nan
2026-01-16 01:11:13,338 - INFO - [상태] 포지션 없음, 자본금: $6059.05
2026-01-16 01:11:13,338 - INFO - [지표] ADX=nan, Bull=nan, Bear=nan
2026-01-16 01:15:00,521 - INFO - [EMA] 증분계산: prev=96468.88, close=96313.6, new=96456.93
2026-01-16 01:15:00,531 - INFO - 15m | 16:00 | O:96660.6 H:96878.3 L:96201.7 C:96313.6
2026-01-16 01:15:00,531 - INFO - 지표: ADX=24.3, ATR=491.8, Bull=True, Bear=False
2026-01-16 01:16:13,340 - INFO - [상태] 포지션 없음, 자본금: $6059.05
2026-01-16 01:16:13,340 - INFO - [지표] ADX=nan, Bull=nan, Bear=nan
2026-01-16 01:21:13,341 - INFO - [상태] 포지션 없음, 자본금: $6059.05
2026-01-16 01:21:13,341 - INFO - [지표] ADX=nan, Bull=nan, Bear=nan
2026-01-16 01:26:13,343 - INFO - [상태] 포지션 없음, 자본금: $6059.05
2026-01-16 01:26:13,343 - INFO - [지표] ADX=nan, Bull=nan, Bear=nan
2026-01-16 01:30:00,151 - INFO - [EMA] 증분계산: prev=96456.93, close=96356.5, new=96449.21
2026-01-16 01:30:00,158 - INFO - 15m | 16:15 | O:96313.7 H:96550.9 L:96260.5 C:96356.5
2026-01-16 01:30:00,158 - INFO - 지표: ADX=23.0, ATR=475.0, Bull=True, Bear=False
2026-01-16 01:31:13,344 - INFO - [상태] 포지션 없음, 자본금: $6059.05
2026-01-16 01:31:13,344 - INFO - [지표] ADX=nan, Bull=nan, Bear=nan
2026-01-16 01:36:13,345 - INFO - [상태] 포지션 없음, 자본금: $6059.05
2026-01-16 01:36:13,345 - INFO - [지표] ADX=nan, Bull=nan, Bear=nan
2026-01-16 01:41:13,347 - INFO - [상태] 포지션 없음, 자본금: $6059.05
2026-01-16 01:41:13,347 - INFO - [지표] ADX=nan, Bull=nan, Bear=nan
2026-01-16 01:45:00,147 - INFO - [EMA] 증분계산: prev=96449.21, close=96717.9, new=96469.87
2026-01-16 01:45:00,154 - INFO - 15m | 16:30 | O:96356.5 H:96822.4 L:96293.1 C:96717.9
2026-01-16 01:45:00,154 - INFO - 지표: ADX=21.7, ATR=479.5, Bull=True, Bear=False
2026-01-16 01:46:13,348 - INFO - [상태] 포지션 없음, 자본금: $6059.05
2026-01-16 01:46:13,348 - INFO - [지표] ADX=nan, Bull=nan, Bear=nan
2026-01-16 01:51:13,349 - INFO - [상태] 포지션 없음, 자본금: $6059.05
2026-01-16 01:51:13,350 - INFO - [지표] ADX=nan, Bull=nan, Bear=nan
2026-01-16 01:56:13,351 - INFO - [상태] 포지션 없음, 자본금: $6059.05
2026-01-16 01:56:13,351 - INFO - [지표] ADX=nan, Bull=nan, Bear=nan
2026-01-16 02:00:00,118 - INFO - [EMA] 증분계산: prev=96469.87, close=96662.1, new=96484.66
2026-01-16 02:00:00,128 - INFO - 15m | 16:45 | O:96717.9 H:96790.1 L:96505.8 C:96662.1
2026-01-16 02:00:00,128 - INFO - 지표: ADX=20.6, ATR=463.3, Bull=True, Bear=False
2026-01-16 02:01:13,352 - INFO - [상태] 포지션 없음, 자본금: $6059.05
2026-01-16 02:01:13,352 - INFO - [지표] ADX=nan, Bull=nan, Bear=nan
2026-01-16 02:06:13,355 - INFO - [상태] 포지션 없음, 자본금: $6059.05
2026-01-16 02:06:13,355 - INFO - [지표] ADX=nan, Bull=nan, Bear=nan
2026-01-16 02:11:13,357 - INFO - [상태] 포지션 없음, 자본금: $6059.05
2026-01-16 02:11:13,358 - INFO - [지표] ADX=nan, Bull=nan, Bear=nan
2026-01-16 02:15:00,059 - INFO - [EMA] 증분계산: prev=96484.66, close=96432.2, new=96480.63
2026-01-16 02:15:00,068 - INFO - 15m | 17:00 | O:96663.0 H:96781.6 L:96371.2 C:96432.2
2026-01-16 02:15:00,068 - INFO - 지표: ADX=19.2, ATR=458.9, Bull=True, Bear=False
2026-01-16 02:16:13,359 - INFO - [상태] 포지션 없음, 자본금: $6059.05
2026-01-16 02:16:13,360 - INFO - [지표] ADX=nan, Bull=nan, Bear=nan
2026-01-16 02:21:13,361 - INFO - [상태] 포지션 없음, 자본금: $6059.05
2026-01-16 02:21:13,362 - INFO - [지표] ADX=nan, Bull=nan, Bear=nan
2026-01-16 02:26:13,362 - INFO - [상태] 포지션 없음, 자본금: $6059.05
2026-01-16 02:26:13,363 - INFO - [지표] ADX=nan, Bull=nan, Bear=nan
2026-01-16 02:30:00,087 - INFO - [EMA] 증분계산: prev=96480.63, close=96665.7, new=96494.86
2026-01-16 02:30:00,094 - INFO - 15m | 17:15 | O:96432.3 H:96665.7 L:96346.0 C:96665.7
2026-01-16 02:30:00,094 - INFO - 지표: ADX=17.9, ATR=447.3, Bull=True, Bear=False
2026-01-16 02:31:13,364 - INFO - [상태] 포지션 없음, 자본금: $6059.05
2026-01-16 02:31:13,364 - INFO - [지표] ADX=nan, Bull=nan, Bear=nan
2026-01-16 02:36:13,366 - INFO - [상태] 포지션 없음, 자본금: $6059.05
2026-01-16 02:36:13,366 - INFO - [지표] ADX=nan, Bull=nan, Bear=nan
2026-01-16 02:41:13,367 - INFO - [상태] 포지션 없음, 자본금: $6059.05
2026-01-16 02:41:13,368 - INFO - [지표] ADX=nan, Bull=nan, Bear=nan
2026-01-16 02:45:00,439 - INFO - [EMA] 증분계산: prev=96494.86, close=96862.3, new=96523.13
2026-01-16 02:45:00,445 - INFO - 15m | 17:30 | O:96665.8 H:97018.5 L:96574.0 C:96862.3
2026-01-16 02:45:00,445 - INFO - 지표: ADX=17.6, ATR=447.0, Bull=True, Bear=False
2026-01-16 02:46:13,369 - INFO - [상태] 포지션 없음, 자본금: $6059.05
2026-01-16 02:46:13,369 - INFO - [지표] ADX=nan, Bull=nan, Bear=nan
2026-01-16 02:51:13,370 - INFO - [상태] 포지션 없음, 자본금: $6059.05
2026-01-16 02:51:13,371 - INFO - [지표] ADX=nan, Bull=nan, Bear=nan
2026-01-16 02:56:13,371 - INFO - [상태] 포지션 없음, 자본금: $6059.05
2026-01-16 02:56:13,372 - INFO - [지표] ADX=nan, Bull=nan, Bear=nan
2026-01-16 03:00:00,101 - INFO - [EMA] 증분계산: prev=96523.13, close=96551.4, new=96525.30
2026-01-16 03:00:00,111 - INFO - 15m | 17:45 | O:96862.3 H:96988.7 L:96509.2 C:96551.4
2026-01-16 03:00:00,111 - INFO - 지표: ADX=17.1, ATR=449.7, Bull=True, Bear=False
2026-01-16 03:01:13,374 - INFO - [상태] 포지션 없음, 자본금: $6059.05
2026-01-16 03:01:13,374 - INFO - [지표] ADX=nan, Bull=nan, Bear=nan
2026-01-16 03:06:13,377 - INFO - [상태] 포지션 없음, 자본금: $6059.05
2026-01-16 03:06:13,377 - INFO - [지표] ADX=nan, Bull=nan, Bear=nan
2026-01-16 03:11:13,378 - INFO - [상태] 포지션 없음, 자본금: $6059.05
2026-01-16 03:11:13,379 - INFO - [지표] ADX=nan, Bull=nan, Bear=nan
2026-01-16 03:15:00,468 - INFO - [EMA] 증분계산: prev=96525.30, close=96178.4, new=96498.62
2026-01-16 03:15:00,478 - INFO - 15m | 18:00 | O:96549.3 H:96560.5 L:96050.0 C:96178.4
2026-01-16 03:15:00,478 - INFO - 지표: ADX=16.5, ATR=454.8, Bull=True, Bear=False
2026-01-16 03:16:13,379 - INFO - [상태] 포지션 없음, 자본금: $6059.05
2026-01-16 03:16:13,380 - INFO - [지표] ADX=nan, Bull=nan, Bear=nan
2026-01-16 03:21:13,382 - INFO - [상태] 포지션 없음, 자본금: $6059.05
2026-01-16 03:21:13,383 - INFO - [지표] ADX=nan, Bull=nan, Bear=nan
2026-01-16 03:26:13,383 - INFO - [상태] 포지션 없음, 자본금: $6059.05
2026-01-16 03:26:13,384 - INFO - [지표] ADX=nan, Bull=nan, Bear=nan
2026-01-16 03:30:00,218 - INFO - [EMA] 증분계산: prev=96498.62, close=96109.0, new=96468.65
2026-01-16 03:30:00,225 - INFO - 15m | 18:15 | O:96178.5 H:96209.9 L:95973.2 C:96109.0
2026-01-16 03:30:00,225 - INFO - 지표: ADX=16.2, ATR=436.6, Bull=True, Bear=False
2026-01-16 03:31:13,384 - INFO - [상태] 포지션 없음, 자본금: $6059.05
2026-01-16 03:31:13,385 - INFO - [지표] ADX=nan, Bull=nan, Bear=nan
2026-01-16 03:36:13,386 - INFO - [상태] 포지션 없음, 자본금: $6059.05
2026-01-16 03:36:13,386 - INFO - [지표] ADX=nan, Bull=nan, Bear=nan
2026-01-16 03:41:13,387 - INFO - [상태] 포지션 없음, 자본금: $6059.05
2026-01-16 03:41:13,387 - INFO - [지표] ADX=nan, Bull=nan, Bear=nan
2026-01-16 03:45:00,573 - INFO - [EMA] 증분계산: prev=96468.65, close=95964.9, new=96429.90
2026-01-16 03:45:00,580 - INFO - 15m | 18:30 | O:96109.0 H:96177.0 L:95683.1 C:95964.9
2026-01-16 03:45:00,580 - INFO - 지표: ADX=16.6, ATR=441.4, Bull=True, Bear=False
2026-01-16 03:46:13,389 - INFO - [상태] 포지션 없음, 자본금: $6059.05
2026-01-16 03:46:13,389 - INFO - [지표] ADX=nan, Bull=nan, Bear=nan
2026-01-16 03:51:13,391 - INFO - [상태] 포지션 없음, 자본금: $6059.05
2026-01-16 03:51:13,391 - INFO - [지표] ADX=nan, Bull=nan, Bear=nan
2026-01-16 03:56:13,393 - INFO - [상태] 포지션 없음, 자본금: $6059.05
2026-01-16 03:56:13,393 - INFO - [지표] ADX=nan, Bull=nan, Bear=nan
2026-01-16 04:00:00,272 - INFO - [EMA] 증분계산: prev=96429.90, close=95781.3, new=96380.00
2026-01-16 04:00:00,278 - INFO - 15m | 18:45 | O:95964.9 H:95972.6 L:95756.2 C:95781.3
2026-01-16 04:00:00,279 - INFO - 지표: ADX=17.0, ATR=422.7, Bull=True, Bear=False
2026-01-16 04:01:13,395 - INFO - [상태] 포지션 없음, 자본금: $6059.05
2026-01-16 04:01:13,395 - INFO - [지표] ADX=nan, Bull=nan, Bear=nan
2026-01-16 04:06:13,396 - INFO - [상태] 포지션 없음, 자본금: $6059.05
2026-01-16 04:06:13,396 - INFO - [지표] ADX=nan, Bull=nan, Bear=nan
2026-01-16 04:11:13,397 - INFO - [상태] 포지션 없음, 자본금: $6059.05
2026-01-16 04:11:13,397 - INFO - [지표] ADX=nan, Bull=nan, Bear=nan
2026-01-16 04:15:00,099 - INFO - [EMA] 증분계산: prev=96380.00, close=95730.1, new=96330.01
2026-01-16 04:15:00,106 - INFO - 15m | 19:00 | O:95781.2 H:95868.1 L:95502.9 C:95730.1
2026-01-16 04:15:00,106 - INFO - 지표: ADX=18.0, ATR=417.9, Bull=True, Bear=False
2026-01-16 04:16:13,398 - INFO - [상태] 포지션 없음, 자본금: $6059.05
2026-01-16 04:16:13,399 - INFO - [지표] ADX=nan, Bull=nan, Bear=nan
2026-01-16 04:21:13,402 - INFO - [상태] 포지션 없음, 자본금: $6059.05
2026-01-16 04:21:13,402 - INFO - [지표] ADX=nan, Bull=nan, Bear=nan
2026-01-16 04:26:13,403 - INFO - [상태] 포지션 없음, 자본금: $6059.05
2026-01-16 04:26:13,403 - INFO - [지표] ADX=nan, Bull=nan, Bear=nan
2026-01-16 04:30:00,543 - INFO - [EMA] 증분계산: prev=96330.01, close=95455.4, new=96262.73
2026-01-16 04:30:00,550 - INFO - 15m | 19:15 | O:95730.0 H:95838.5 L:95388.2 C:95455.4
2026-01-16 04:30:00,550 - INFO - 지표: ADX=19.1, ATR=420.6, Bull=False, Bear=False
2026-01-16 04:31:13,404 - INFO - [상태] 포지션 없음, 자본금: $6059.05
2026-01-16 04:31:13,405 - INFO - [지표] ADX=nan, Bull=nan, Bear=nan
2026-01-16 04:36:13,406 - INFO - [상태] 포지션 없음, 자본금: $6059.05
2026-01-16 04:36:13,407 - INFO - [지표] ADX=nan, Bull=nan, Bear=nan
2026-01-16 04:41:13,408 - INFO - [상태] 포지션 없음, 자본금: $6059.05
2026-01-16 04:41:13,408 - INFO - [지표] ADX=nan, Bull=nan, Bear=nan
2026-01-16 04:45:00,135 - INFO - [EMA] 증분계산: prev=96262.73, close=95340.4, new=96191.79
2026-01-16 04:45:00,142 - INFO - 15m | 19:30 | O:95455.4 H:95534.1 L:95120.0 C:95340.4
2026-01-16 04:45:00,142 - INFO - 지표: ADX=20.6, ATR=420.0, Bull=False, Bear=False
2026-01-16 04:46:13,409 - INFO - [상태] 포지션 없음, 자본금: $6059.05
2026-01-16 04:46:13,409 - INFO - [지표] ADX=nan, Bull=nan, Bear=nan
2026-01-16 04:51:13,411 - INFO - [상태] 포지션 없음, 자본금: $6059.05
2026-01-16 04:51:13,411 - INFO - [지표] ADX=nan, Bull=nan, Bear=nan
2026-01-16 04:56:13,412 - INFO - [상태] 포지션 없음, 자본금: $6059.05
2026-01-16 04:56:13,412 - INFO - [지표] ADX=nan, Bull=nan, Bear=nan
2026-01-16 05:00:00,049 - INFO - [EMA] 증분계산: prev=96191.79, close=95451.2, new=96134.82
2026-01-16 05:00:00,055 - INFO - 15m | 19:45 | O:95340.4 H:95655.0 L:95317.2 C:95451.2
2026-01-16 05:00:00,055 - INFO - 지표: ADX=21.5, ATR=413.2, Bull=False, Bear=False
2026-01-16 05:01:13,414 - INFO - [상태] 포지션 없음, 자본금: $6059.05
2026-01-16 05:01:13,414 - INFO - [지표] ADX=nan, Bull=nan, Bear=nan
2026-01-16 05:06:13,415 - INFO - [상태] 포지션 없음, 자본금: $6059.05
2026-01-16 05:06:13,415 - INFO - [지표] ADX=nan, Bull=nan, Bear=nan
2026-01-16 05:11:13,416 - INFO - [상태] 포지션 없음, 자본금: $6059.05
2026-01-16 05:11:13,417 - INFO - [지표] ADX=nan, Bull=nan, Bear=nan
2026-01-16 05:15:00,684 - INFO - [EMA] 증분계산: prev=96134.82, close=95490.1, new=96085.22
2026-01-16 05:15:00,691 - INFO - 15m | 20:00 | O:95451.1 H:95605.2 L:95370.5 C:95490.1
2026-01-16 05:15:00,691 - INFO - 지표: ADX=22.4, ATR=398.3, Bull=False, Bear=False
2026-01-16 05:16:13,418 - INFO - [상태] 포지션 없음, 자본금: $6059.05
2026-01-16 05:16:13,419 - INFO - [지표] ADX=nan, Bull=nan, Bear=nan
2026-01-16 05:21:13,420 - INFO - [상태] 포지션 없음, 자본금: $6059.05
2026-01-16 05:21:13,420 - INFO - [지표] ADX=nan, Bull=nan, Bear=nan
2026-01-16 05:26:13,422 - INFO - [상태] 포지션 없음, 자본금: $6059.05
2026-01-16 05:26:13,422 - INFO - [지표] ADX=nan, Bull=nan, Bear=nan
2026-01-16 05:30:00,067 - INFO - [EMA] 증분계산: prev=96085.22, close=95154.9, new=96013.66
2026-01-16 05:30:00,074 - INFO - 15m | 20:15 | O:95490.2 H:95525.0 L:95107.1 C:95154.9
2026-01-16 05:30:00,074 - INFO - 지표: ADX=23.7, ATR=399.9, Bull=False, Bear=False
2026-01-16 05:31:13,424 - INFO - [상태] 포지션 없음, 자본금: $6059.05
2026-01-16 05:31:13,425 - INFO - [지표] ADX=nan, Bull=nan, Bear=nan
2026-01-16 05:36:13,426 - INFO - [상태] 포지션 없음, 자본금: $6059.05
2026-01-16 05:36:13,426 - INFO - [지표] ADX=nan, Bull=nan, Bear=nan
2026-01-16 05:41:13,427 - INFO - [상태] 포지션 없음, 자본금: $6059.05
2026-01-16 05:41:13,428 - INFO - [지표] ADX=nan, Bull=nan, Bear=nan
2026-01-16 05:45:00,094 - INFO - [EMA] 증분계산: prev=96013.66, close=95210.0, new=95951.84
2026-01-16 05:45:00,103 - INFO - 15m | 20:30 | O:95154.8 H:95344.9 L:95069.0 C:95210.0
2026-01-16 05:45:00,103 - INFO - 지표: ADX=25.0, ATR=389.6, Bull=False, Bear=False
2026-01-16 05:46:13,430 - INFO - [상태] 포지션 없음, 자본금: $6059.05
2026-01-16 05:46:13,430 - INFO - [지표] ADX=nan, Bull=nan, Bear=nan
2026-01-16 05:51:13,432 - INFO - [상태] 포지션 없음, 자본금: $6059.05
2026-01-16 05:51:13,432 - INFO - [지표] ADX=nan, Bull=nan, Bear=nan
2026-01-16 05:56:13,434 - INFO - [상태] 포지션 없음, 자본금: $6059.05
2026-01-16 05:56:13,434 - INFO - [지표] ADX=nan, Bull=nan, Bear=nan
2026-01-16 06:00:00,054 - INFO - [EMA] 증분계산: prev=95951.84, close=95198.1, new=95893.86
2026-01-16 06:00:00,064 - INFO - 15m | 20:45 | O:95212.8 H:95270.2 L:95085.3 C:95198.1
2026-01-16 06:00:00,064 - INFO - 지표: ADX=26.3, ATR=372.5, Bull=False, Bear=False
2026-01-16 06:01:13,436 - INFO - [상태] 포지션 없음, 자본금: $6059.05
2026-01-16 06:01:13,436 - INFO - [지표] ADX=nan, Bull=nan, Bear=nan
2026-01-16 06:06:13,437 - INFO - [상태] 포지션 없음, 자본금: $6059.05
2026-01-16 06:06:13,438 - INFO - [지표] ADX=nan, Bull=nan, Bear=nan
2026-01-16 06:11:13,440 - INFO - [상태] 포지션 없음, 자본금: $6059.05
2026-01-16 06:11:13,440 - INFO - [지표] ADX=nan, Bull=nan, Bear=nan
2026-01-16 06:15:00,080 - INFO - [EMA] 증분계산: prev=95893.86, close=95273.5, new=95846.14
2026-01-16 06:15:00,086 - INFO - 15m | 21:00 | O:95204.5 H:95408.1 L:95135.5 C:95273.5
2026-01-16 06:15:00,087 - INFO - 지표: ADX=26.7, ATR=364.2, Bull=False, Bear=False
2026-01-16 06:16:13,442 - INFO - [상태] 포지션 없음, 자본금: $6059.05
2026-01-16 06:16:13,443 - INFO - [지표] ADX=nan, Bull=nan, Bear=nan
2026-01-16 06:21:13,445 - INFO - [상태] 포지션 없음, 자본금: $6059.05
2026-01-16 06:21:13,445 - INFO - [지표] ADX=nan, Bull=nan, Bear=nan
2026-01-16 06:26:13,447 - INFO - [상태] 포지션 없음, 자본금: $6059.05
2026-01-16 06:26:13,447 - INFO - [지표] ADX=nan, Bull=nan, Bear=nan
2026-01-16 06:30:01,016 - INFO - [EMA] 증분계산: prev=95846.14, close=95390.0, new=95811.05
2026-01-16 06:30:01,026 - INFO - 15m | 21:15 | O:95271.0 H:95437.5 L:95269.9 C:95390.0
2026-01-16 06:30:01,026 - INFO - 지표: ADX=27.0, ATR=347.8, Bull=False, Bear=False
2026-01-16 06:31:13,450 - INFO - [상태] 포지션 없음, 자본금: $6059.05
2026-01-16 06:31:13,451 - INFO - [지표] ADX=nan, Bull=nan, Bear=nan
2026-01-16 06:36:13,454 - INFO - [상태] 포지션 없음, 자본금: $6059.05
2026-01-16 06:36:13,454 - INFO - [지표] ADX=nan, Bull=nan, Bear=nan
2026-01-16 06:41:13,457 - INFO - [상태] 포지션 없음, 자본금: $6059.05
2026-01-16 06:41:13,457 - INFO - [지표] ADX=nan, Bull=nan, Bear=nan
2026-01-16 06:45:02,860 - INFO - [EMA] 증분계산: prev=95811.05, close=95436.4, new=95782.23
2026-01-16 06:45:02,867 - INFO - 15m | 21:30 | O:95390.1 H:95462.0 L:95337.2 C:95436.4
2026-01-16 06:45:02,867 - INFO - 지표: ADX=27.1, ATR=329.2, Bull=False, Bear=False
2026-01-16 06:46:13,459 - INFO - [상태] 포지션 없음, 자본금: $6059.05
2026-01-16 06:46:13,459 - INFO - [지표] ADX=nan, Bull=nan, Bear=nan
2026-01-16 06:51:13,462 - INFO - [상태] 포지션 없음, 자본금: $6059.05
2026-01-16 06:51:13,462 - INFO - [지표] ADX=nan, Bull=nan, Bear=nan
2026-01-16 06:56:13,465 - INFO - [상태] 포지션 없음, 자본금: $6059.05
2026-01-16 06:56:13,465 - INFO - [지표] ADX=nan, Bull=nan, Bear=nan
2026-01-16 07:00:01,095 - INFO - [EMA] 증분계산: prev=95782.23, close=95525.6, new=95762.49
2026-01-16 07:00:01,105 - INFO - 15m | 21:45 | O:95436.5 H:95572.4 L:95436.5 C:95525.6
2026-01-16 07:00:01,105 - INFO - 지표: ADX=26.7, ATR=313.1, Bull=False, Bear=False
2026-01-16 07:01:13,468 - INFO - [상태] 포지션 없음, 자본금: $6059.05
2026-01-16 07:01:13,469 - INFO - [지표] ADX=nan, Bull=nan, Bear=nan
2026-01-16 07:06:13,472 - INFO - [상태] 포지션 없음, 자본금: $6059.05
2026-01-16 07:06:13,472 - INFO - [지표] ADX=nan, Bull=nan, Bear=nan
2026-01-16 07:11:13,474 - INFO - [상태] 포지션 없음, 자본금: $6059.05
2026-01-16 07:11:13,474 - INFO - [지표] ADX=nan, Bull=nan, Bear=nan
2026-01-16 07:15:00,041 - INFO - [EMA] 증분계산: prev=95762.49, close=95509.6, new=95743.04
2026-01-16 07:15:00,051 - INFO - 15m | 22:00 | O:95525.6 H:95687.5 L:95435.7 C:95509.6
2026-01-16 07:15:00,051 - INFO - 지표: ADX=25.7, ATR=308.0, Bull=False, Bear=False
2026-01-16 07:16:13,475 - INFO - [상태] 포지션 없음, 자본금: $6059.05
2026-01-16 07:16:13,476 - INFO - [지표] ADX=nan, Bull=nan, Bear=nan
2026-01-16 07:21:13,477 - INFO - [상태] 포지션 없음, 자본금: $6059.05
2026-01-16 07:21:13,477 - INFO - [지표] ADX=nan, Bull=nan, Bear=nan
2026-01-16 07:26:13,480 - INFO - [상태] 포지션 없음, 자본금: $6059.05
2026-01-16 07:26:13,480 - INFO - [지표] ADX=nan, Bull=nan, Bear=nan
2026-01-16 07:30:00,052 - INFO - [EMA] 증분계산: prev=95743.04, close=95655.4, new=95736.30
2026-01-16 07:30:00,058 - INFO - 15m | 22:15 | O:95509.6 H:95698.3 L:95431.9 C:95655.4
2026-01-16 07:30:00,058 - INFO - 지표: ADX=24.8, ATR=304.6, Bull=False, Bear=False
2026-01-16 07:31:13,482 - INFO - [상태] 포지션 없음, 자본금: $6059.05
2026-01-16 07:31:13,483 - INFO - [지표] ADX=nan, Bull=nan, Bear=nan
2026-01-16 07:36:13,484 - INFO - [상태] 포지션 없음, 자본금: $6059.05
2026-01-16 07:36:13,485 - INFO - [지표] ADX=nan, Bull=nan, Bear=nan
2026-01-16 07:41:13,486 - INFO - [상태] 포지션 없음, 자본금: $6059.05
2026-01-16 07:41:13,486 - INFO - [지표] ADX=nan, Bull=nan, Bear=nan
2026-01-16 07:45:00,350 - INFO - [EMA] 증분계산: prev=95736.30, close=95612.1, new=95726.74
2026-01-16 07:45:00,356 - INFO - 15m | 22:30 | O:95655.4 H:95812.0 L:95592.1 C:95612.1
2026-01-16 07:45:00,356 - INFO - 지표: ADX=23.4, ATR=297.5, Bull=False, Bear=False
2026-01-16 07:46:13,489 - INFO - [상태] 포지션 없음, 자본금: $6059.05
2026-01-16 07:46:13,489 - INFO - [지표] ADX=nan, Bull=nan, Bear=nan
2026-01-16 07:51:13,491 - INFO - [상태] 포지션 없음, 자본금: $6059.05
2026-01-16 07:51:13,491 - INFO - [지표] ADX=nan, Bull=nan, Bear=nan
2026-01-16 07:56:13,492 - INFO - [상태] 포지션 없음, 자본금: $6059.05
2026-01-16 07:56:13,492 - INFO - [지표] ADX=nan, Bull=nan, Bear=nan
2026-01-16 08:00:00,109 - INFO - [EMA] 증분계산: prev=95726.74, close=95516.1, new=95710.54
2026-01-16 08:00:00,115 - INFO - 15m | 22:45 | O:95616.2 H:95662.0 L:95484.1 C:95516.1
2026-01-16 08:00:00,116 - INFO - 지표: ADX=22.5, ATR=287.5, Bull=False, Bear=False
2026-01-16 08:01:13,493 - INFO - [상태] 포지션 없음, 자본금: $6059.05
2026-01-16 08:01:13,494 - INFO - [지표] ADX=nan, Bull=nan, Bear=nan
2026-01-16 08:06:13,494 - INFO - [상태] 포지션 없음, 자본금: $6059.05
2026-01-16 08:06:13,494 - INFO - [지표] ADX=nan, Bull=nan, Bear=nan
2026-01-16 08:11:13,495 - INFO - [상태] 포지션 없음, 자본금: $6059.05
2026-01-16 08:11:13,496 - INFO - [지표] ADX=nan, Bull=nan, Bear=nan
2026-01-16 08:15:00,596 - INFO - [EMA] 증분계산: prev=95710.54, close=95548.0, new=95698.04
2026-01-16 08:15:00,602 - INFO - 15m | 23:00 | O:95516.0 H:95578.9 L:95343.1 C:95548.0
2026-01-16 08:15:00,602 - INFO - 지표: ADX=22.2, ATR=283.2, Bull=False, Bear=False
2026-01-16 08:16:13,497 - INFO - [상태] 포지션 없음, 자본금: $6059.05
2026-01-16 08:16:13,497 - INFO - [지표] ADX=nan, Bull=nan, Bear=nan
2026-01-16 08:21:13,498 - INFO - [상태] 포지션 없음, 자본금: $6059.05
2026-01-16 08:21:13,498 - INFO - [지표] ADX=nan, Bull=nan, Bear=nan
2026-01-16 08:26:13,501 - INFO - [상태] 포지션 없음, 자본금: $6059.05
2026-01-16 08:26:13,501 - INFO - [지표] ADX=nan, Bull=nan, Bear=nan
2026-01-16 08:30:00,605 - INFO - [EMA] 증분계산: prev=95698.04, close=95522.1, new=95684.50
2026-01-16 08:30:00,611 - INFO - 15m | 23:15 | O:95544.0 H:95666.0 L:95508.1 C:95522.1
2026-01-16 08:30:00,611 - INFO - 지표: ADX=21.5, ATR=272.8, Bull=False, Bear=False
2026-01-16 08:31:13,502 - INFO - [상태] 포지션 없음, 자본금: $6059.05
2026-01-16 08:31:13,503 - INFO - [지표] ADX=nan, Bull=nan, Bear=nan
2026-01-16 08:36:13,506 - INFO - [상태] 포지션 없음, 자본금: $6059.05
2026-01-16 08:36:13,507 - INFO - [지표] ADX=nan, Bull=nan, Bear=nan
2026-01-16 08:41:13,509 - INFO - [상태] 포지션 없음, 자본금: $6059.05
2026-01-16 08:41:13,509 - INFO - [지표] ADX=nan, Bull=nan, Bear=nan
2026-01-16 08:45:00,183 - INFO - [EMA] 증분계산: prev=95684.50, close=95465.0, new=95667.62
2026-01-16 08:45:00,190 - INFO - 15m | 23:30 | O:95522.1 H:95522.1 L:95412.0 C:95465.0
2026-01-16 08:45:00,190 - INFO - 지표: ADX=21.2, ATR=259.2, Bull=False, Bear=False
2026-01-16 08:46:13,510 - INFO - [상태] 포지션 없음, 자본금: $6059.05
2026-01-16 08:46:13,511 - INFO - [지표] ADX=nan, Bull=nan, Bear=nan
2026-01-16 08:51:13,512 - INFO - [상태] 포지션 없음, 자본금: $6059.05
2026-01-16 08:51:13,512 - INFO - [지표] ADX=nan, Bull=nan, Bear=nan
2026-01-16 08:56:13,513 - INFO - [상태] 포지션 없음, 자본금: $6059.05
2026-01-16 08:56:13,514 - INFO - [지표] ADX=nan, Bull=nan, Bear=nan
