2026-01-22 09:00:00,055 - INFO - === 로그 파일 시작: logs/hyper_usdt_2026-01-22.log ===
2026-01-22 09:00:00,056 - INFO - [EMA] 증분계산: prev=89633.80, close=89411.4, new=89616.69
2026-01-22 09:00:00,065 - INFO - 15m | 23:45 | O:89506.7 H:89590.5 L:89317.9 C:89411.4
2026-01-22 09:00:00,065 - INFO - 지표: ADX=19.9, ATR=381.2, Bull=False, Bear=False
2026-01-22 09:00:30,948 - INFO - [상태] 포지션 없음, 자본금: $5221.58
2026-01-22 09:00:30,948 - INFO - [지표] ADX=nan, Bull=nan, Bear=nan
2026-01-22 09:05:30,949 - INFO - [상태] 포지션 없음, 자본금: $5221.58
2026-01-22 09:05:30,949 - INFO - [지표] ADX=nan, Bull=nan, Bear=nan
2026-01-22 09:10:30,950 - INFO - [상태] 포지션 없음, 자본금: $5221.58
2026-01-22 09:10:30,951 - INFO - [지표] ADX=nan, Bull=nan, Bear=nan
2026-01-22 09:15:00,469 - INFO - [EMA] 증분계산: prev=89616.69, close=89669.2, new=89620.73
2026-01-22 09:15:00,479 - INFO - 15m | 00:00 | O:89411.4 H:89684.1 L:89411.3 C:89669.2
2026-01-22 09:15:00,479 - INFO - 지표: ADX=18.6, ATR=370.3, Bull=False, Bear=False
2026-01-22 09:15:30,952 - INFO - [상태] 포지션 없음, 자본금: $5221.58
2026-01-22 09:15:30,952 - INFO - [지표] ADX=nan, Bull=nan, Bear=nan
2026-01-22 09:20:30,954 - INFO - [상태] 포지션 없음, 자본금: $5221.58
2026-01-22 09:20:30,954 - INFO - [지표] ADX=nan, Bull=nan, Bear=nan
2026-01-22 09:25:30,955 - INFO - [상태] 포지션 없음, 자본금: $5221.58
2026-01-22 09:25:30,956 - INFO - [지표] ADX=nan, Bull=nan, Bear=nan
2026-01-22 09:30:00,178 - INFO - [EMA] 증분계산: prev=89620.73, close=89797.6, new=89634.34
2026-01-22 09:30:00,188 - INFO - 15m | 00:15 | O:89669.2 H:89855.0 L:89558.0 C:89797.6
2026-01-22 09:30:00,188 - INFO - 지표: ADX=17.7, ATR=363.0, Bull=False, Bear=False
2026-01-22 09:30:30,957 - INFO - [상태] 포지션 없음, 자본금: $5221.58
2026-01-22 09:30:30,957 - INFO - [지표] ADX=nan, Bull=nan, Bear=nan
2026-01-22 09:35:30,959 - INFO - [상태] 포지션 없음, 자본금: $5221.58
2026-01-22 09:35:30,960 - INFO - [지표] ADX=nan, Bull=nan, Bear=nan
2026-01-22 09:40:30,961 - INFO - [상태] 포지션 없음, 자본금: $5221.58
2026-01-22 09:40:30,961 - INFO - [지표] ADX=nan, Bull=nan, Bear=nan
2026-01-22 09:45:00,047 - INFO - [EMA] 증분계산: prev=89634.34, close=89893.7, new=89654.29
2026-01-22 09:45:00,056 - INFO - 15m | 00:30 | O:89797.7 H:89966.8 L:89791.4 C:89893.7
2026-01-22 09:45:00,056 - INFO - 지표: ADX=17.1, ATR=344.2, Bull=False, Bear=False
2026-01-22 09:45:30,962 - INFO - [상태] 포지션 없음, 자본금: $5221.58
2026-01-22 09:45:30,963 - INFO - [지표] ADX=nan, Bull=nan, Bear=nan
2026-01-22 09:50:30,964 - INFO - [상태] 포지션 없음, 자본금: $5221.58
2026-01-22 09:50:30,964 - INFO - [지표] ADX=nan, Bull=nan, Bear=nan
2026-01-22 09:55:30,965 - INFO - [상태] 포지션 없음, 자본금: $5221.58
2026-01-22 09:55:30,966 - INFO - [지표] ADX=nan, Bull=nan, Bear=nan
2026-01-22 10:00:00,102 - INFO - [EMA] 증분계산: prev=89654.29, close=89869.6, new=89670.85
2026-01-22 10:00:00,112 - INFO - 15m | 00:45 | O:89893.8 H:90000.0 L:89821.4 C:89869.6
2026-01-22 10:00:00,112 - INFO - 지표: ADX=16.7, ATR=327.7, Bull=False, Bear=False
2026-01-22 10:00:30,967 - INFO - [상태] 포지션 없음, 자본금: $5221.58
2026-01-22 10:00:30,967 - INFO - [지표] ADX=nan, Bull=nan, Bear=nan
2026-01-22 10:05:30,969 - INFO - [상태] 포지션 없음, 자본금: $5221.58
2026-01-22 10:05:30,969 - INFO - [지표] ADX=nan, Bull=nan, Bear=nan
2026-01-22 10:10:30,970 - INFO - [상태] 포지션 없음, 자본금: $5221.58
2026-01-22 10:10:30,970 - INFO - [지표] ADX=nan, Bull=nan, Bear=nan
2026-01-22 10:15:00,207 - INFO - [EMA] 증분계산: prev=89670.85, close=89967.4, new=89693.66
2026-01-22 10:15:00,217 - INFO - 15m | 01:00 | O:89869.7 H:90076.6 L:89770.3 C:89967.4
2026-01-22 10:15:00,217 - INFO - 지표: ADX=16.6, ATR=325.5, Bull=False, Bear=False
2026-01-22 10:15:30,972 - INFO - [상태] 포지션 없음, 자본금: $5221.58
2026-01-22 10:15:30,973 - INFO - [지표] ADX=nan, Bull=nan, Bear=nan
2026-01-22 10:20:30,974 - INFO - [상태] 포지션 없음, 자본금: $5221.58
2026-01-22 10:20:30,975 - INFO - [지표] ADX=nan, Bull=nan, Bear=nan
2026-01-22 10:25:30,976 - INFO - [상태] 포지션 없음, 자본금: $5221.58
2026-01-22 10:25:30,976 - INFO - [지표] ADX=nan, Bull=nan, Bear=nan
2026-01-22 10:30:00,112 - INFO - [EMA] 증분계산: prev=89693.66, close=90090.0, new=89724.15
2026-01-22 10:30:00,122 - INFO - 15m | 01:15 | O:89967.3 H:90164.3 L:89951.9 C:90090.0
2026-01-22 10:30:00,122 - INFO - 지표: ADX=16.7, ATR=314.2, Bull=False, Bear=False
2026-01-22 10:30:30,977 - INFO - [상태] 포지션 없음, 자본금: $5221.58
2026-01-22 10:30:30,978 - INFO - [지표] ADX=nan, Bull=nan, Bear=nan
2026-01-22 10:35:30,978 - INFO - [상태] 포지션 없음, 자본금: $5221.58
2026-01-22 10:35:30,979 - INFO - [지표] ADX=nan, Bull=nan, Bear=nan
2026-01-22 10:40:30,980 - INFO - [상태] 포지션 없음, 자본금: $5221.58
2026-01-22 10:40:30,981 - INFO - [지표] ADX=nan, Bull=nan, Bear=nan
2026-01-22 10:45:00,227 - INFO - [EMA] 증분계산: prev=89724.15, close=89958.7, new=89742.19
2026-01-22 10:45:00,236 - INFO - 15m | 01:30 | O:90090.0 H:90149.9 L:89873.8 C:89958.7
2026-01-22 10:45:00,236 - INFO - 지표: ADX=16.4, ATR=310.4, Bull=False, Bear=False
2026-01-22 10:45:30,982 - INFO - [상태] 포지션 없음, 자본금: $5221.58
2026-01-22 10:45:30,982 - INFO - [지표] ADX=nan, Bull=nan, Bear=nan
2026-01-22 10:50:30,983 - INFO - [상태] 포지션 없음, 자본금: $5221.58
2026-01-22 10:50:30,984 - INFO - [지표] ADX=nan, Bull=nan, Bear=nan
2026-01-22 10:55:30,985 - INFO - [상태] 포지션 없음, 자본금: $5221.58
2026-01-22 10:55:30,985 - INFO - [지표] ADX=nan, Bull=nan, Bear=nan
2026-01-22 11:00:00,036 - INFO - [EMA] 증분계산: prev=89742.19, close=90071.1, new=89767.49
2026-01-22 11:00:00,045 - INFO - 15m | 01:45 | O:89958.8 H:90137.9 L:89905.7 C:90071.1
2026-01-22 11:00:00,046 - INFO - 지표: ADX=16.2, ATR=302.6, Bull=False, Bear=False
2026-01-22 11:00:30,986 - INFO - [상태] 포지션 없음, 자본금: $5221.58
2026-01-22 11:00:30,987 - INFO - [지표] ADX=nan, Bull=nan, Bear=nan
2026-01-22 11:05:30,988 - INFO - [상태] 포지션 없음, 자본금: $5221.58
2026-01-22 11:05:30,988 - INFO - [지표] ADX=nan, Bull=nan, Bear=nan
2026-01-22 11:10:30,990 - INFO - [상태] 포지션 없음, 자본금: $5221.58
2026-01-22 11:10:30,990 - INFO - [지표] ADX=nan, Bull=nan, Bear=nan
2026-01-22 11:15:00,035 - INFO - [EMA] 증분계산: prev=89767.49, close=90137.3, new=89795.94
2026-01-22 11:15:00,042 - INFO - 15m | 02:00 | O:90071.1 H:90181.1 L:89983.7 C:90137.3
2026-01-22 11:15:00,042 - INFO - 지표: ADX=16.2, ATR=292.1, Bull=False, Bear=False
2026-01-22 11:15:30,991 - INFO - [상태] 포지션 없음, 자본금: $5221.58
2026-01-22 11:15:30,991 - INFO - [지표] ADX=nan, Bull=nan, Bear=nan
2026-01-22 11:20:30,992 - INFO - [상태] 포지션 없음, 자본금: $5221.58
2026-01-22 11:20:30,992 - INFO - [지표] ADX=nan, Bull=nan, Bear=nan
2026-01-22 11:25:30,992 - INFO - [상태] 포지션 없음, 자본금: $5221.58
2026-01-22 11:25:30,993 - INFO - [지표] ADX=nan, Bull=nan, Bear=nan
2026-01-22 11:30:00,145 - INFO - [EMA] 증분계산: prev=89795.94, close=90248.7, new=89830.77
2026-01-22 11:30:00,155 - INFO - 15m | 02:15 | O:90137.3 H:90327.7 L:90099.1 C:90248.7
2026-01-22 11:30:00,155 - INFO - 지표: ADX=16.6, ATR=285.7, Bull=False, Bear=False
2026-01-22 11:30:30,994 - INFO - [상태] 포지션 없음, 자본금: $5221.58
2026-01-22 11:30:30,994 - INFO - [지표] ADX=nan, Bull=nan, Bear=nan
2026-01-22 11:35:30,995 - INFO - [상태] 포지션 없음, 자본금: $5221.58
2026-01-22 11:35:30,995 - INFO - [지표] ADX=nan, Bull=nan, Bear=nan
2026-01-22 11:40:30,996 - INFO - [상태] 포지션 없음, 자본금: $5221.58
2026-01-22 11:40:30,996 - INFO - [지표] ADX=nan, Bull=nan, Bear=nan
2026-01-22 11:45:00,121 - INFO - [EMA] 증분계산: prev=89830.77, close=90081.3, new=89850.04
2026-01-22 11:45:00,128 - INFO - 15m | 02:30 | O:90248.7 H:90248.7 L:90001.1 C:90081.3
2026-01-22 11:45:00,128 - INFO - 지표: ADX=16.5, ATR=281.9, Bull=False, Bear=False
2026-01-22 11:45:30,998 - INFO - [상태] 포지션 없음, 자본금: $5221.58
2026-01-22 11:45:30,998 - INFO - [지표] ADX=nan, Bull=nan, Bear=nan
2026-01-22 11:50:30,999 - INFO - [상태] 포지션 없음, 자본금: $5221.58
2026-01-22 11:50:30,999 - INFO - [지표] ADX=nan, Bull=nan, Bear=nan
2026-01-22 11:55:31,002 - INFO - [상태] 포지션 없음, 자본금: $5221.58
2026-01-22 11:55:31,002 - INFO - [지표] ADX=nan, Bull=nan, Bear=nan
2026-01-22 12:00:00,220 - INFO - [EMA] 증분계산: prev=89850.04, close=89901.8, new=89854.02
2026-01-22 12:00:00,227 - INFO - 15m | 02:45 | O:90081.2 H:90081.3 L:89805.6 C:89901.8
2026-01-22 12:00:00,227 - INFO - 지표: ADX=15.6, ATR=281.3, Bull=False, Bear=False
2026-01-22 12:00:31,002 - INFO - [상태] 포지션 없음, 자본금: $5221.58
2026-01-22 12:00:31,003 - INFO - [지표] ADX=nan, Bull=nan, Bear=nan
2026-01-22 12:05:31,004 - INFO - [상태] 포지션 없음, 자본금: $5221.58
2026-01-22 12:05:31,004 - INFO - [지표] ADX=nan, Bull=nan, Bear=nan
2026-01-22 12:10:31,006 - INFO - [상태] 포지션 없음, 자본금: $5221.58
2026-01-22 12:10:31,007 - INFO - [지표] ADX=nan, Bull=nan, Bear=nan
2026-01-22 12:15:00,205 - INFO - [EMA] 증분계산: prev=89854.02, close=90061.4, new=89869.97
2026-01-22 12:15:00,211 - INFO - 15m | 03:00 | O:89901.9 H:90128.0 L:89901.9 C:90061.4
2026-01-22 12:15:00,211 - INFO - 지표: ADX=15.0, ATR=275.8, Bull=False, Bear=False
2026-01-22 12:15:31,007 - INFO - [상태] 포지션 없음, 자본금: $5221.58
2026-01-22 12:15:31,008 - INFO - [지표] ADX=nan, Bull=nan, Bear=nan
2026-01-22 12:20:31,009 - INFO - [상태] 포지션 없음, 자본금: $5221.58
2026-01-22 12:20:31,010 - INFO - [지표] ADX=nan, Bull=nan, Bear=nan
2026-01-22 12:25:31,011 - INFO - [상태] 포지션 없음, 자본금: $5221.58
2026-01-22 12:25:31,011 - INFO - [지표] ADX=nan, Bull=nan, Bear=nan
2026-01-22 12:30:00,445 - INFO - [EMA] 증분계산: prev=89869.97, close=89897.4, new=89872.08
2026-01-22 12:30:00,455 - INFO - 15m | 03:15 | O:90061.4 H:90061.4 L:89800.9 C:89897.4
2026-01-22 12:30:00,455 - INFO - 지표: ADX=13.9, ATR=274.3, Bull=False, Bear=False
2026-01-22 12:30:31,012 - INFO - [상태] 포지션 없음, 자본금: $5221.58
2026-01-22 12:30:31,013 - INFO - [지표] ADX=nan, Bull=nan, Bear=nan
2026-01-22 12:35:31,013 - INFO - [상태] 포지션 없음, 자본금: $5221.58
2026-01-22 12:35:31,013 - INFO - [지표] ADX=nan, Bull=nan, Bear=nan
2026-01-22 12:40:31,014 - INFO - [상태] 포지션 없음, 자본금: $5221.58
2026-01-22 12:40:31,014 - INFO - [지표] ADX=nan, Bull=nan, Bear=nan
2026-01-22 12:45:00,144 - INFO - [EMA] 증분계산: prev=89872.08, close=89797.2, new=89866.32
2026-01-22 12:45:00,153 - INFO - 15m | 03:30 | O:89897.4 H:89897.5 L:89660.3 C:89797.2
2026-01-22 12:45:00,153 - INFO - 지표: ADX=13.5, ATR=270.5, Bull=False, Bear=False
2026-01-22 12:45:31,015 - INFO - [상태] 포지션 없음, 자본금: $5221.58
2026-01-22 12:45:31,015 - INFO - [지표] ADX=nan, Bull=nan, Bear=nan
2026-01-22 12:50:31,016 - INFO - [상태] 포지션 없음, 자본금: $5221.58
2026-01-22 12:50:31,017 - INFO - [지표] ADX=nan, Bull=nan, Bear=nan
2026-01-22 12:55:31,019 - INFO - [상태] 포지션 없음, 자본금: $5221.58
2026-01-22 12:55:31,020 - INFO - [지표] ADX=nan, Bull=nan, Bear=nan
2026-01-22 13:00:00,066 - INFO - [EMA] 증분계산: prev=89866.32, close=89857.0, new=89865.60
2026-01-22 13:00:00,075 - INFO - 15m | 03:45 | O:89797.2 H:89863.4 L:89776.3 C:89857.0
2026-01-22 13:00:00,075 - INFO - 지표: ADX=13.0, ATR=252.2, Bull=False, Bear=False
2026-01-22 13:00:31,021 - INFO - [상태] 포지션 없음, 자본금: $5221.58
2026-01-22 13:00:31,022 - INFO - [지표] ADX=nan, Bull=nan, Bear=nan
2026-01-22 13:05:31,023 - INFO - [상태] 포지션 없음, 자본금: $5221.58
2026-01-22 13:05:31,023 - INFO - [지표] ADX=nan, Bull=nan, Bear=nan
2026-01-22 13:10:31,025 - INFO - [상태] 포지션 없음, 자본금: $5221.58
2026-01-22 13:10:31,025 - INFO - [지표] ADX=nan, Bull=nan, Bear=nan
2026-01-22 13:15:01,760 - INFO - [EMA] 증분계산: prev=89865.60, close=89845.1, new=89864.03
2026-01-22 13:15:01,766 - INFO - 15m | 04:00 | O:89856.9 H:89949.6 L:89801.0 C:89845.1
2026-01-22 13:15:01,767 - INFO - 지표: ADX=12.2, ATR=241.8, Bull=False, Bear=False
2026-01-22 13:15:31,027 - INFO - [상태] 포지션 없음, 자본금: $5221.58
2026-01-22 13:15:31,027 - INFO - [지표] ADX=nan, Bull=nan, Bear=nan
2026-01-22 13:20:31,030 - INFO - [상태] 포지션 없음, 자본금: $5221.58
2026-01-22 13:20:31,030 - INFO - [지표] ADX=nan, Bull=nan, Bear=nan
2026-01-22 13:25:31,034 - INFO - [상태] 포지션 없음, 자본금: $5221.58
2026-01-22 13:25:31,034 - INFO - [지표] ADX=nan, Bull=nan, Bear=nan
2026-01-22 13:30:00,100 - INFO - [EMA] 증분계산: prev=89864.03, close=89945.8, new=89870.32
2026-01-22 13:30:00,110 - INFO - 15m | 04:15 | O:89845.1 H:89945.9 L:89785.0 C:89945.8
2026-01-22 13:30:00,110 - INFO - 지표: ADX=11.6, ATR=233.7, Bull=False, Bear=False
2026-01-22 13:30:31,035 - INFO - [상태] 포지션 없음, 자본금: $5221.58
2026-01-22 13:30:31,035 - INFO - [지표] ADX=nan, Bull=nan, Bear=nan
2026-01-22 13:35:31,037 - INFO - [상태] 포지션 없음, 자본금: $5221.58
2026-01-22 13:35:31,037 - INFO - [지표] ADX=nan, Bull=nan, Bear=nan
2026-01-22 13:40:31,038 - INFO - [상태] 포지션 없음, 자본금: $5221.58
2026-01-22 13:40:31,039 - INFO - [지표] ADX=nan, Bull=nan, Bear=nan
2026-01-22 13:45:00,066 - INFO - [EMA] 증분계산: prev=89870.32, close=89952.7, new=89876.65
2026-01-22 13:45:00,076 - INFO - 15m | 04:30 | O:89945.9 H:89987.2 L:89862.4 C:89952.7
2026-01-22 13:45:00,076 - INFO - 지표: ADX=10.8, ATR=222.9, Bull=False, Bear=False
2026-01-22 13:45:31,041 - INFO - [상태] 포지션 없음, 자본금: $5221.58
2026-01-22 13:45:31,041 - INFO - [지표] ADX=nan, Bull=nan, Bear=nan
2026-01-22 13:50:31,041 - INFO - [상태] 포지션 없음, 자본금: $5221.58
2026-01-22 13:50:31,042 - INFO - [지표] ADX=nan, Bull=nan, Bear=nan
2026-01-22 13:55:31,043 - INFO - [상태] 포지션 없음, 자본금: $5221.58
2026-01-22 13:55:31,044 - INFO - [지표] ADX=nan, Bull=nan, Bear=nan
2026-01-22 14:00:00,280 - INFO - [EMA] 증분계산: prev=89876.65, close=89958.3, new=89882.94
2026-01-22 14:00:00,286 - INFO - 15m | 04:45 | O:89952.8 H:90045.7 L:89932.7 C:89958.3
2026-01-22 14:00:00,287 - INFO - 지표: ADX=10.3, ATR=211.9, Bull=False, Bear=False
2026-01-22 14:00:31,044 - INFO - [상태] 포지션 없음, 자본금: $5221.58
2026-01-22 14:00:31,045 - INFO - [지표] ADX=nan, Bull=nan, Bear=nan
2026-01-22 14:05:31,046 - INFO - [상태] 포지션 없음, 자본금: $5221.58
2026-01-22 14:05:31,046 - INFO - [지표] ADX=nan, Bull=nan, Bear=nan
2026-01-22 14:10:31,049 - INFO - [상태] 포지션 없음, 자본금: $5221.58
2026-01-22 14:10:31,049 - INFO - [지표] ADX=nan, Bull=nan, Bear=nan
2026-01-22 14:15:00,723 - INFO - [EMA] 증분계산: prev=89882.94, close=90003.0, new=89892.17
2026-01-22 14:15:00,732 - INFO - 15m | 05:00 | O:89958.2 H:90041.3 L:89946.4 C:90003.0
2026-01-22 14:15:00,733 - INFO - 지표: ADX=9.8, ATR=200.2, Bull=False, Bear=False
2026-01-22 14:15:31,051 - INFO - [상태] 포지션 없음, 자본금: $5221.58
2026-01-22 14:15:31,051 - INFO - [지표] ADX=nan, Bull=nan, Bear=nan
2026-01-22 14:20:31,052 - INFO - [상태] 포지션 없음, 자본금: $5221.58
2026-01-22 14:20:31,053 - INFO - [지표] ADX=nan, Bull=nan, Bear=nan
2026-01-22 14:25:31,055 - INFO - [상태] 포지션 없음, 자본금: $5221.58
2026-01-22 14:25:31,055 - INFO - [지표] ADX=nan, Bull=nan, Bear=nan
2026-01-22 14:30:00,153 - INFO - [EMA] 증분계산: prev=89892.17, close=89930.1, new=89895.09
2026-01-22 14:30:00,160 - INFO - 15m | 05:15 | O:90002.9 H:90009.6 L:89922.4 C:89930.1
2026-01-22 14:30:00,160 - INFO - 지표: ADX=9.3, ATR=188.9, Bull=False, Bear=False
2026-01-22 14:30:31,057 - INFO - [상태] 포지션 없음, 자본금: $5221.58
2026-01-22 14:30:31,058 - INFO - [지표] ADX=nan, Bull=nan, Bear=nan
2026-01-22 14:35:31,059 - INFO - [상태] 포지션 없음, 자본금: $5221.58
2026-01-22 14:35:31,059 - INFO - [지표] ADX=nan, Bull=nan, Bear=nan
2026-01-22 14:40:31,060 - INFO - [상태] 포지션 없음, 자본금: $5221.58
2026-01-22 14:40:31,060 - INFO - [지표] ADX=nan, Bull=nan, Bear=nan
2026-01-22 14:45:00,590 - INFO - [EMA] 증분계산: prev=89895.09, close=89964.1, new=89900.40
2026-01-22 14:45:00,599 - INFO - 15m | 05:30 | O:89930.1 H:90009.3 L:89879.7 C:89964.1
2026-01-22 14:45:00,599 - INFO - 지표: ADX=8.7, ATR=182.9, Bull=False, Bear=False
2026-01-22 14:45:31,061 - INFO - [상태] 포지션 없음, 자본금: $5221.58
2026-01-22 14:45:31,062 - INFO - [지표] ADX=nan, Bull=nan, Bear=nan
2026-01-22 14:50:31,062 - INFO - [상태] 포지션 없음, 자본금: $5221.58
2026-01-22 14:50:31,063 - INFO - [지표] ADX=nan, Bull=nan, Bear=nan
2026-01-22 14:55:31,064 - INFO - [상태] 포지션 없음, 자본금: $5221.58
2026-01-22 14:55:31,064 - INFO - [지표] ADX=nan, Bull=nan, Bear=nan
2026-01-22 15:00:00,290 - INFO - [EMA] 증분계산: prev=89900.40, close=89981.8, new=89906.66
2026-01-22 15:00:00,300 - INFO - 15m | 05:45 | O:89964.1 H:90020.6 L:89882.3 C:89981.8
2026-01-22 15:00:00,300 - INFO - 지표: ADX=8.1, ATR=178.5, Bull=False, Bear=False
2026-01-22 15:00:31,066 - INFO - [상태] 포지션 없음, 자본금: $5221.58
2026-01-22 15:00:31,067 - INFO - [지표] ADX=nan, Bull=nan, Bear=nan
2026-01-22 15:05:31,068 - INFO - [상태] 포지션 없음, 자본금: $5221.58
2026-01-22 15:05:31,069 - INFO - [지표] ADX=nan, Bull=nan, Bear=nan
2026-01-22 15:10:31,070 - INFO - [상태] 포지션 없음, 자본금: $5221.58
2026-01-22 15:10:31,071 - INFO - [지표] ADX=nan, Bull=nan, Bear=nan
2026-01-22 15:15:00,126 - INFO - [EMA] 증분계산: prev=89906.66, close=89995.2, new=89913.47
2026-01-22 15:15:00,135 - INFO - 15m | 06:00 | O:89981.8 H:90091.6 L:89850.0 C:89995.2
2026-01-22 15:15:00,135 - INFO - 지표: ADX=8.0, ATR=184.8, Bull=False, Bear=False
2026-01-22 15:15:31,072 - INFO - [상태] 포지션 없음, 자본금: $5221.58
2026-01-22 15:15:31,072 - INFO - [지표] ADX=nan, Bull=nan, Bear=nan
2026-01-22 15:20:31,074 - INFO - [상태] 포지션 없음, 자본금: $5221.58
2026-01-22 15:20:31,074 - INFO - [지표] ADX=nan, Bull=nan, Bear=nan
2026-01-22 15:25:31,075 - INFO - [상태] 포지션 없음, 자본금: $5221.58
2026-01-22 15:25:31,076 - INFO - [지표] ADX=nan, Bull=nan, Bear=nan
2026-01-22 15:30:00,041 - INFO - [EMA] 증분계산: prev=89913.47, close=89962.0, new=89917.20
2026-01-22 15:30:00,048 - INFO - 15m | 06:15 | O:89995.1 H:90047.4 L:89937.0 C:89962.0
2026-01-22 15:30:00,048 - INFO - 지표: ADX=7.8, ATR=177.4, Bull=False, Bear=False
2026-01-22 15:30:31,077 - INFO - [상태] 포지션 없음, 자본금: $5221.58
2026-01-22 15:30:31,078 - INFO - [지표] ADX=nan, Bull=nan, Bear=nan
2026-01-22 15:35:31,079 - INFO - [상태] 포지션 없음, 자본금: $5221.58
2026-01-22 15:35:31,079 - INFO - [지표] ADX=nan, Bull=nan, Bear=nan
2026-01-22 15:40:31,081 - INFO - [상태] 포지션 없음, 자본금: $5221.58
2026-01-22 15:40:31,081 - INFO - [지표] ADX=nan, Bull=nan, Bear=nan
2026-01-22 15:45:00,387 - INFO - [EMA] 증분계산: prev=89917.20, close=90110.3, new=89932.06
2026-01-22 15:45:00,393 - INFO - 15m | 06:30 | O:89962.0 H:90155.9 L:89950.5 C:90110.3
2026-01-22 15:45:00,393 - INFO - 지표: ADX=8.4, ATR=180.2, Bull=False, Bear=False
2026-01-22 15:45:31,084 - INFO - [상태] 포지션 없음, 자본금: $5221.58
2026-01-22 15:45:31,084 - INFO - [지표] ADX=nan, Bull=nan, Bear=nan
2026-01-22 15:50:31,086 - INFO - [상태] 포지션 없음, 자본금: $5221.58
2026-01-22 15:50:31,087 - INFO - [지표] ADX=nan, Bull=nan, Bear=nan
2026-01-22 15:55:31,088 - INFO - [상태] 포지션 없음, 자본금: $5221.58
2026-01-22 15:55:31,088 - INFO - [지표] ADX=nan, Bull=nan, Bear=nan
2026-01-22 16:00:00,105 - INFO - [EMA] 증분계산: prev=89932.06, close=90122.9, new=89946.74
2026-01-22 16:00:00,115 - INFO - 15m | 06:45 | O:90110.3 H:90170.1 L:90099.9 C:90122.9
2026-01-22 16:00:00,115 - INFO - 지표: ADX=8.9, ATR=169.2, Bull=False, Bear=False
2026-01-22 16:00:31,090 - INFO - [상태] 포지션 없음, 자본금: $5221.58
2026-01-22 16:00:31,090 - INFO - [지표] ADX=nan, Bull=nan, Bear=nan
2026-01-22 16:05:31,091 - INFO - [상태] 포지션 없음, 자본금: $5221.58
2026-01-22 16:05:31,091 - INFO - [지표] ADX=nan, Bull=nan, Bear=nan
2026-01-22 16:10:31,092 - INFO - [상태] 포지션 없음, 자본금: $5221.58
2026-01-22 16:10:31,093 - INFO - [지표] ADX=nan, Bull=nan, Bear=nan
2026-01-22 16:15:00,295 - INFO - [EMA] 증분계산: prev=89946.74, close=90016.8, new=89952.13
2026-01-22 16:15:00,302 - INFO - 15m | 07:00 | O:90122.9 H:90153.2 L:90010.8 C:90016.8
2026-01-22 16:15:00,302 - INFO - 지표: ADX=8.8, ATR=166.5, Bull=False, Bear=False
2026-01-22 16:15:31,094 - INFO - [상태] 포지션 없음, 자본금: $5221.58
2026-01-22 16:15:31,094 - INFO - [지표] ADX=nan, Bull=nan, Bear=nan
2026-01-22 16:20:31,095 - INFO - [상태] 포지션 없음, 자본금: $5221.58
2026-01-22 16:20:31,095 - INFO - [지표] ADX=nan, Bull=nan, Bear=nan
2026-01-22 16:25:31,096 - INFO - [상태] 포지션 없음, 자본금: $5221.58
2026-01-22 16:25:31,097 - INFO - [지표] ADX=nan, Bull=nan, Bear=nan
2026-01-22 16:30:00,074 - INFO - [EMA] 증분계산: prev=89952.13, close=89924.0, new=89949.96
2026-01-22 16:30:00,081 - INFO - 15m | 07:15 | O:90016.8 H:90050.8 L:89872.8 C:89924.0
2026-01-22 16:30:00,081 - INFO - 지표: ADX=8.6, ATR=167.6, Bull=False, Bear=False
2026-01-22 16:30:31,098 - INFO - [상태] 포지션 없음, 자본금: $5221.58
2026-01-22 16:30:31,098 - INFO - [지표] ADX=nan, Bull=nan, Bear=nan
2026-01-22 16:35:31,099 - INFO - [상태] 포지션 없음, 자본금: $5221.58
2026-01-22 16:35:31,100 - INFO - [지표] ADX=nan, Bull=nan, Bear=nan
2026-01-22 16:40:31,101 - INFO - [상태] 포지션 없음, 자본금: $5221.58
2026-01-22 16:40:31,101 - INFO - [지표] ADX=nan, Bull=nan, Bear=nan
2026-01-22 16:45:00,399 - INFO - [EMA] 증분계산: prev=89949.96, close=89897.2, new=89945.90
2026-01-22 16:45:00,408 - INFO - 15m | 07:30 | O:89923.9 H:89942.5 L:89840.7 C:89897.2
2026-01-22 16:45:00,408 - INFO - 지표: ADX=8.7, ATR=161.1, Bull=False, Bear=False
2026-01-22 16:45:31,102 - INFO - [상태] 포지션 없음, 자본금: $5221.58
2026-01-22 16:45:31,103 - INFO - [지표] ADX=nan, Bull=nan, Bear=nan
2026-01-22 16:50:31,103 - INFO - [상태] 포지션 없음, 자본금: $5221.58
2026-01-22 16:50:31,104 - INFO - [지표] ADX=nan, Bull=nan, Bear=nan
2026-01-22 16:55:31,105 - INFO - [상태] 포지션 없음, 자본금: $5221.58
2026-01-22 16:55:31,105 - INFO - [지표] ADX=nan, Bull=nan, Bear=nan
2026-01-22 17:00:00,043 - INFO - [EMA] 증분계산: prev=89945.90, close=89772.6, new=89932.57
2026-01-22 17:00:00,052 - INFO - 15m | 07:45 | O:89897.2 H:89909.5 L:89750.0 C:89772.6
2026-01-22 17:00:00,053 - INFO - 지표: ADX=9.4, ATR=160.9, Bull=False, Bear=False
2026-01-22 17:00:31,107 - INFO - [상태] 포지션 없음, 자본금: $5221.58
2026-01-22 17:00:31,107 - INFO - [지표] ADX=nan, Bull=nan, Bear=nan
2026-01-22 17:05:31,110 - INFO - [상태] 포지션 없음, 자본금: $5221.58
2026-01-22 17:05:31,110 - INFO - [지표] ADX=nan, Bull=nan, Bear=nan
2026-01-22 17:10:31,111 - INFO - [상태] 포지션 없음, 자본금: $5221.58
2026-01-22 17:10:31,111 - INFO - [지표] ADX=nan, Bull=nan, Bear=nan
2026-01-22 17:15:00,157 - INFO - [EMA] 증분계산: prev=89932.57, close=89727.1, new=89916.77
2026-01-22 17:15:00,166 - INFO - 15m | 08:00 | O:89772.6 H:89927.8 L:89701.9 C:89727.1
2026-01-22 17:15:00,166 - INFO - 지표: ADX=10.2, ATR=167.4, Bull=False, Bear=False
2026-01-22 17:15:31,112 - INFO - [상태] 포지션 없음, 자본금: $5221.58
2026-01-22 17:15:31,112 - INFO - [지표] ADX=nan, Bull=nan, Bear=nan
2026-01-22 17:20:31,114 - INFO - [상태] 포지션 없음, 자본금: $5221.58
2026-01-22 17:20:31,114 - INFO - [지표] ADX=nan, Bull=nan, Bear=nan
2026-01-22 17:25:31,116 - INFO - [상태] 포지션 없음, 자본금: $5221.58
2026-01-22 17:25:31,116 - INFO - [지표] ADX=nan, Bull=nan, Bear=nan
2026-01-22 17:30:00,674 - INFO - [EMA] 증분계산: prev=89916.77, close=89830.1, new=89910.10
2026-01-22 17:30:00,683 - INFO - 15m | 08:15 | O:89727.2 H:89899.3 L:89718.0 C:89830.1
2026-01-22 17:30:00,683 - INFO - 지표: ADX=11.0, ATR=168.8, Bull=False, Bear=False
2026-01-22 17:30:31,117 - INFO - [상태] 포지션 없음, 자본금: $5221.58
2026-01-22 17:30:31,118 - INFO - [지표] ADX=nan, Bull=nan, Bear=nan
2026-01-22 17:35:31,119 - INFO - [상태] 포지션 없음, 자본금: $5221.58
2026-01-22 17:35:31,119 - INFO - [지표] ADX=nan, Bull=nan, Bear=nan
2026-01-22 17:40:31,121 - INFO - [상태] 포지션 없음, 자본금: $5221.58
2026-01-22 17:40:31,122 - INFO - [지표] ADX=nan, Bull=nan, Bear=nan
2026-01-22 17:45:00,634 - INFO - [EMA] 증분계산: prev=89910.10, close=89784.9, new=89900.47
2026-01-22 17:45:00,640 - INFO - 15m | 08:30 | O:89830.2 H:89862.1 L:89748.0 C:89784.9
2026-01-22 17:45:00,640 - INFO - 지표: ADX=11.8, ATR=163.3, Bull=False, Bear=False
2026-01-22 17:45:31,124 - INFO - [상태] 포지션 없음, 자본금: $5221.58
2026-01-22 17:45:31,124 - INFO - [지표] ADX=nan, Bull=nan, Bear=nan
2026-01-22 17:50:31,125 - INFO - [상태] 포지션 없음, 자본금: $5221.58
2026-01-22 17:50:31,126 - INFO - [지표] ADX=nan, Bull=nan, Bear=nan
2026-01-22 17:55:31,127 - INFO - [상태] 포지션 없음, 자본금: $5221.58
2026-01-22 17:55:31,127 - INFO - [지표] ADX=nan, Bull=nan, Bear=nan
2026-01-22 18:00:00,754 - INFO - [EMA] 증분계산: prev=89900.47, close=89878.6, new=89898.79
2026-01-22 18:00:00,764 - INFO - 15m | 08:45 | O:89784.8 H:89920.6 L:89757.8 C:89878.6
2026-01-22 18:00:00,764 - INFO - 지표: ADX=11.9, ATR=163.3, Bull=False, Bear=False
2026-01-22 18:00:31,129 - INFO - [상태] 포지션 없음, 자본금: $5221.58
2026-01-22 18:00:31,129 - INFO - [지표] ADX=nan, Bull=nan, Bear=nan
2026-01-22 18:05:31,130 - INFO - [상태] 포지션 없음, 자본금: $5221.58
2026-01-22 18:05:31,130 - INFO - [지표] ADX=nan, Bull=nan, Bear=nan
2026-01-22 18:10:31,131 - INFO - [상태] 포지션 없음, 자본금: $5221.58
2026-01-22 18:10:31,131 - INFO - [지표] ADX=nan, Bull=nan, Bear=nan
2026-01-22 18:15:00,071 - INFO - [EMA] 증분계산: prev=89898.79, close=90001.0, new=89906.65
2026-01-22 18:15:00,081 - INFO - 15m | 09:00 | O:89878.5 H:90033.0 L:89844.7 C:90001.0
2026-01-22 18:15:00,081 - INFO - 지표: ADX=11.0, ATR=165.8, Bull=False, Bear=False
2026-01-22 18:15:31,132 - INFO - [상태] 포지션 없음, 자본금: $5221.58
2026-01-22 18:15:31,132 - INFO - [지표] ADX=nan, Bull=nan, Bear=nan
2026-01-22 18:20:31,133 - INFO - [상태] 포지션 없음, 자본금: $5221.58
2026-01-22 18:20:31,134 - INFO - [지표] ADX=nan, Bull=nan, Bear=nan
2026-01-22 18:25:31,134 - INFO - [상태] 포지션 없음, 자본금: $5221.58
2026-01-22 18:25:31,134 - INFO - [지표] ADX=nan, Bull=nan, Bear=nan
2026-01-22 18:30:00,045 - INFO - [EMA] 증분계산: prev=89906.65, close=89953.4, new=89910.25
2026-01-22 18:30:00,055 - INFO - 15m | 09:15 | O:90001.0 H:90049.9 L:89916.3 C:89953.4
2026-01-22 18:30:00,055 - INFO - 지표: ADX=10.4, ATR=162.6, Bull=False, Bear=False
2026-01-22 18:30:31,136 - INFO - [상태] 포지션 없음, 자본금: $5221.58
2026-01-22 18:30:31,137 - INFO - [지표] ADX=nan, Bull=nan, Bear=nan
2026-01-22 18:35:31,138 - INFO - [상태] 포지션 없음, 자본금: $5221.58
2026-01-22 18:35:31,139 - INFO - [지표] ADX=nan, Bull=nan, Bear=nan
2026-01-22 18:40:31,141 - INFO - [상태] 포지션 없음, 자본금: $5221.58
2026-01-22 18:40:31,141 - INFO - [지표] ADX=nan, Bull=nan, Bear=nan
2026-01-22 18:45:00,041 - INFO - [EMA] 증분계산: prev=89910.25, close=90066.7, new=89922.28
2026-01-22 18:45:00,047 - INFO - 15m | 09:30 | O:89953.5 H:90085.2 L:89902.5 C:90066.7
2026-01-22 18:45:00,047 - INFO - 지표: ADX=10.1, ATR=164.6, Bull=False, Bear=False
2026-01-22 18:45:31,144 - INFO - [상태] 포지션 없음, 자본금: $5221.58
2026-01-22 18:45:31,144 - INFO - [지표] ADX=nan, Bull=nan, Bear=nan
2026-01-22 18:50:31,145 - INFO - [상태] 포지션 없음, 자본금: $5221.58
2026-01-22 18:50:31,146 - INFO - [지표] ADX=nan, Bull=nan, Bear=nan
2026-01-22 18:55:31,147 - INFO - [상태] 포지션 없음, 자본금: $5221.58
2026-01-22 18:55:31,148 - INFO - [지표] ADX=nan, Bull=nan, Bear=nan
2026-01-22 19:00:00,285 - INFO - [EMA] 증분계산: prev=89922.28, close=89995.0, new=89927.87
2026-01-22 19:00:00,291 - INFO - 15m | 09:45 | O:90066.6 H:90074.0 L:89983.4 C:89995.0
2026-01-22 19:00:00,291 - INFO - 지표: ADX=9.8, ATR=157.2, Bull=False, Bear=False
2026-01-22 19:00:31,148 - INFO - [상태] 포지션 없음, 자본금: $5221.58
2026-01-22 19:00:31,148 - INFO - [지표] ADX=nan, Bull=nan, Bear=nan
2026-01-22 19:05:31,150 - INFO - [상태] 포지션 없음, 자본금: $5221.58
2026-01-22 19:05:31,150 - INFO - [지표] ADX=nan, Bull=nan, Bear=nan
2026-01-22 19:10:31,150 - INFO - [상태] 포지션 없음, 자본금: $5221.58
2026-01-22 19:10:31,151 - INFO - [지표] ADX=nan, Bull=nan, Bear=nan
2026-01-22 19:15:00,555 - INFO - [EMA] 증분계산: prev=89927.87, close=89997.5, new=89933.23
2026-01-22 19:15:00,565 - INFO - 15m | 10:00 | O:89994.9 H:90016.0 L:89900.0 C:89997.5
2026-01-22 19:15:00,565 - INFO - 지표: ADX=9.4, ATR=153.1, Bull=False, Bear=False
2026-01-22 19:15:31,153 - INFO - [상태] 포지션 없음, 자본금: $5221.58
2026-01-22 19:15:31,154 - INFO - [지표] ADX=nan, Bull=nan, Bear=nan
2026-01-22 19:20:31,155 - INFO - [상태] 포지션 없음, 자본금: $5221.58
2026-01-22 19:20:31,155 - INFO - [지표] ADX=nan, Bull=nan, Bear=nan
2026-01-22 19:25:31,156 - INFO - [상태] 포지션 없음, 자본금: $5221.58
2026-01-22 19:25:31,156 - INFO - [지표] ADX=nan, Bull=nan, Bear=nan
2026-01-22 19:30:00,043 - INFO - [EMA] 증분계산: prev=89933.23, close=89996.8, new=89938.12
2026-01-22 19:30:00,053 - INFO - 15m | 10:15 | O:89997.5 H:90070.3 L:89944.1 C:89996.8
2026-01-22 19:30:00,053 - INFO - 지표: ADX=8.9, ATR=150.4, Bull=False, Bear=False
2026-01-22 19:30:31,157 - INFO - [상태] 포지션 없음, 자본금: $5221.58
2026-01-22 19:30:31,158 - INFO - [지표] ADX=nan, Bull=nan, Bear=nan
2026-01-22 19:35:31,159 - INFO - [상태] 포지션 없음, 자본금: $5221.58
2026-01-22 19:35:31,159 - INFO - [지표] ADX=nan, Bull=nan, Bear=nan
2026-01-22 19:40:31,160 - INFO - [상태] 포지션 없음, 자본금: $5221.58
2026-01-22 19:40:31,161 - INFO - [지표] ADX=nan, Bull=nan, Bear=nan
2026-01-22 19:45:00,553 - INFO - [EMA] 증분계산: prev=89938.12, close=90017.0, new=89944.19
2026-01-22 19:45:00,563 - INFO - 15m | 10:30 | O:89996.7 H:90034.4 L:89980.2 C:90017.0
2026-01-22 19:45:00,563 - INFO - 지표: ADX=8.5, ATR=140.8, Bull=False, Bear=False
2026-01-22 19:45:31,162 - INFO - [상태] 포지션 없음, 자본금: $5221.58
2026-01-22 19:45:31,162 - INFO - [지표] ADX=nan, Bull=nan, Bear=nan
2026-01-22 19:50:31,164 - INFO - [상태] 포지션 없음, 자본금: $5221.58
2026-01-22 19:50:31,165 - INFO - [지표] ADX=nan, Bull=nan, Bear=nan
2026-01-22 19:55:31,166 - INFO - [상태] 포지션 없음, 자본금: $5221.58
2026-01-22 19:55:31,167 - INFO - [지표] ADX=nan, Bull=nan, Bear=nan
2026-01-22 20:00:00,112 - INFO - [EMA] 증분계산: prev=89944.19, close=90046.6, new=89952.07
2026-01-22 20:00:00,119 - INFO - 15m | 10:45 | O:90017.0 H:90074.4 L:89988.0 C:90046.6
2026-01-22 20:00:00,119 - INFO - 지표: ADX=8.4, ATR=135.3, Bull=False, Bear=False
2026-01-22 20:00:31,168 - INFO - [상태] 포지션 없음, 자본금: $5221.58
2026-01-22 20:00:31,168 - INFO - [지표] ADX=nan, Bull=nan, Bear=nan
2026-01-22 20:05:31,169 - INFO - [상태] 포지션 없음, 자본금: $5221.58
2026-01-22 20:05:31,169 - INFO - [지표] ADX=nan, Bull=nan, Bear=nan
2026-01-22 20:10:31,171 - INFO - [상태] 포지션 없음, 자본금: $5221.58
2026-01-22 20:10:31,171 - INFO - [지표] ADX=nan, Bull=nan, Bear=nan
2026-01-22 20:15:00,077 - INFO - [EMA] 증분계산: prev=89952.07, close=89952.9, new=89952.13
2026-01-22 20:15:00,084 - INFO - 15m | 11:00 | O:90046.6 H:90123.0 L:89899.0 C:89952.9
2026-01-22 20:15:00,084 - INFO - 지표: ADX=8.1, ATR=144.2, Bull=False, Bear=False
2026-01-22 20:15:31,172 - INFO - [상태] 포지션 없음, 자본금: $5221.58
2026-01-22 20:15:31,172 - INFO - [지표] ADX=nan, Bull=nan, Bear=nan
2026-01-22 20:20:31,173 - INFO - [상태] 포지션 없음, 자본금: $5221.58
2026-01-22 20:20:31,173 - INFO - [지표] ADX=nan, Bull=nan, Bear=nan
2026-01-22 20:25:31,175 - INFO - [상태] 포지션 없음, 자본금: $5221.58
2026-01-22 20:25:31,176 - INFO - [지표] ADX=nan, Bull=nan, Bear=nan
2026-01-22 20:30:00,755 - INFO - [EMA] 증분계산: prev=89952.13, close=89914.5, new=89949.24
2026-01-22 20:30:00,764 - INFO - 15m | 11:15 | O:89952.8 H:89996.0 L:89871.5 C:89914.5
2026-01-22 20:30:00,764 - INFO - 지표: ADX=8.1, ATR=142.2, Bull=False, Bear=False
2026-01-22 20:30:31,177 - INFO - [상태] 포지션 없음, 자본금: $5221.58
2026-01-22 20:30:31,178 - INFO - [지표] ADX=nan, Bull=nan, Bear=nan
2026-01-22 20:35:31,178 - INFO - [상태] 포지션 없음, 자본금: $5221.58
2026-01-22 20:35:31,179 - INFO - [지표] ADX=nan, Bull=nan, Bear=nan
2026-01-22 20:40:31,180 - INFO - [상태] 포지션 없음, 자본금: $5221.58
2026-01-22 20:40:31,180 - INFO - [지표] ADX=nan, Bull=nan, Bear=nan
2026-01-22 20:45:00,613 - INFO - [EMA] 증분계산: prev=89949.24, close=89950.5, new=89949.33
2026-01-22 20:45:00,623 - INFO - 15m | 11:30 | O:89914.6 H:89993.3 L:89865.0 C:89950.5
2026-01-22 20:45:00,623 - INFO - 지표: ADX=8.2, ATR=140.8, Bull=False, Bear=False
2026-01-22 20:45:31,181 - INFO - [상태] 포지션 없음, 자본금: $5221.58
2026-01-22 20:45:31,181 - INFO - [지표] ADX=nan, Bull=nan, Bear=nan
2026-01-22 20:50:31,182 - INFO - [상태] 포지션 없음, 자본금: $5221.58
2026-01-22 20:50:31,182 - INFO - [지표] ADX=nan, Bull=nan, Bear=nan
2026-01-22 20:55:31,182 - INFO - [상태] 포지션 없음, 자본금: $5221.58
2026-01-22 20:55:31,183 - INFO - [지표] ADX=nan, Bull=nan, Bear=nan
2026-01-22 21:00:00,081 - INFO - [EMA] 증분계산: prev=89949.33, close=89909.6, new=89946.28
2026-01-22 21:00:00,091 - INFO - 15m | 11:45 | O:89950.5 H:90050.0 L:89877.4 C:89909.6
2026-01-22 21:00:00,091 - INFO - 지표: ADX=7.6, ATR=144.0, Bull=False, Bear=False
2026-01-22 21:00:31,184 - INFO - [상태] 포지션 없음, 자본금: $5221.58
2026-01-22 21:00:31,185 - INFO - [지표] ADX=nan, Bull=nan, Bear=nan
2026-01-22 21:05:31,185 - INFO - [상태] 포지션 없음, 자본금: $5221.58
2026-01-22 21:05:31,186 - INFO - [지표] ADX=nan, Bull=nan, Bear=nan
2026-01-22 21:10:31,187 - INFO - [상태] 포지션 없음, 자본금: $5221.58
2026-01-22 21:10:31,187 - INFO - [지표] ADX=nan, Bull=nan, Bear=nan
2026-01-22 21:15:00,621 - INFO - [EMA] 증분계산: prev=89946.28, close=89975.0, new=89948.49
2026-01-22 21:15:00,627 - INFO - 15m | 12:00 | O:89909.7 H:90024.9 L:89843.7 C:89975.0
2026-01-22 21:15:00,627 - INFO - 지표: ADX=7.5, ATR=147.7, Bull=False, Bear=False
2026-01-22 21:15:31,188 - INFO - [상태] 포지션 없음, 자본금: $5221.58
2026-01-22 21:15:31,188 - INFO - [지표] ADX=nan, Bull=nan, Bear=nan
2026-01-22 21:20:31,189 - INFO - [상태] 포지션 없음, 자본금: $5221.58
2026-01-22 21:20:31,189 - INFO - [지표] ADX=nan, Bull=nan, Bear=nan
2026-01-22 21:25:31,190 - INFO - [상태] 포지션 없음, 자본금: $5221.58
2026-01-22 21:25:31,190 - INFO - [지표] ADX=nan, Bull=nan, Bear=nan
2026-01-22 21:30:00,072 - INFO - [EMA] 증분계산: prev=89948.49, close=89990.1, new=89951.69
2026-01-22 21:30:00,078 - INFO - 15m | 12:15 | O:89975.0 H:90017.7 L:89950.9 C:89990.1
2026-01-22 21:30:00,079 - INFO - 지표: ADX=7.3, ATR=139.6, Bull=False, Bear=False
2026-01-22 21:30:31,192 - INFO - [상태] 포지션 없음, 자본금: $5221.58
2026-01-22 21:30:31,192 - INFO - [지표] ADX=nan, Bull=nan, Bear=nan
2026-01-22 21:35:31,193 - INFO - [상태] 포지션 없음, 자본금: $5221.58
2026-01-22 21:35:31,193 - INFO - [지표] ADX=nan, Bull=nan, Bear=nan
2026-01-22 21:40:31,194 - INFO - [상태] 포지션 없음, 자본금: $5221.58
2026-01-22 21:40:31,194 - INFO - [지표] ADX=nan, Bull=nan, Bear=nan
2026-01-22 21:45:00,481 - INFO - [EMA] 증분계산: prev=89951.69, close=89997.7, new=89955.23
2026-01-22 21:45:00,492 - INFO - 15m | 12:30 | O:89990.1 H:90064.9 L:89946.8 C:89997.7
2026-01-22 21:45:00,492 - INFO - 지표: ADX=7.0, ATR=137.5, Bull=False, Bear=False
2026-01-22 21:45:31,196 - INFO - [상태] 포지션 없음, 자본금: $5221.58
2026-01-22 21:45:31,197 - INFO - [지표] ADX=nan, Bull=nan, Bear=nan
2026-01-22 21:50:31,198 - INFO - [상태] 포지션 없음, 자본금: $5221.58
2026-01-22 21:50:31,198 - INFO - [지표] ADX=nan, Bull=nan, Bear=nan
2026-01-22 21:55:31,199 - INFO - [상태] 포지션 없음, 자본금: $5221.58
2026-01-22 21:55:31,199 - INFO - [지표] ADX=nan, Bull=nan, Bear=nan
2026-01-22 22:00:00,089 - INFO - [EMA] 증분계산: prev=89955.23, close=89985.8, new=89957.58
2026-01-22 22:00:00,099 - INFO - 15m | 12:45 | O:89997.6 H:90019.0 L:89950.1 C:89985.8
2026-01-22 22:00:00,099 - INFO - 지표: ADX=6.6, ATR=130.6, Bull=False, Bear=False
2026-01-22 22:00:31,200 - INFO - [상태] 포지션 없음, 자본금: $5221.58
2026-01-22 22:00:31,200 - INFO - [지표] ADX=nan, Bull=nan, Bear=nan
2026-01-22 22:05:31,201 - INFO - [상태] 포지션 없음, 자본금: $5221.58
2026-01-22 22:05:31,202 - INFO - [지표] ADX=nan, Bull=nan, Bear=nan
2026-01-22 22:10:31,204 - INFO - [상태] 포지션 없음, 자본금: $5221.58
2026-01-22 22:10:31,204 - INFO - [지표] ADX=nan, Bull=nan, Bear=nan
2026-01-22 22:15:00,228 - INFO - [EMA] 증분계산: prev=89957.58, close=90017.9, new=89962.22
2026-01-22 22:15:00,238 - INFO - 15m | 13:00 | O:89985.7 H:90018.9 L:89957.5 C:90017.9
2026-01-22 22:15:00,238 - INFO - 지표: ADX=6.3, ATR=123.7, Bull=False, Bear=False
2026-01-22 22:15:31,206 - INFO - [상태] 포지션 없음, 자본금: $5221.58
2026-01-22 22:15:31,206 - INFO - [지표] ADX=nan, Bull=nan, Bear=nan
2026-01-22 22:20:31,208 - INFO - [상태] 포지션 없음, 자본금: $5221.58
2026-01-22 22:20:31,208 - INFO - [지표] ADX=nan, Bull=nan, Bear=nan
2026-01-22 22:25:31,209 - INFO - [상태] 포지션 없음, 자본금: $5221.58
2026-01-22 22:25:31,210 - INFO - [지표] ADX=nan, Bull=nan, Bear=nan
2026-01-22 22:30:00,032 - INFO - [EMA] 증분계산: prev=89962.22, close=90153.5, new=89976.93
2026-01-22 22:30:00,041 - INFO - 15m | 13:15 | O:90017.9 H:90160.2 L:90017.9 C:90153.5
2026-01-22 22:30:00,042 - INFO - 지표: ADX=7.6, ATR=125.6, Bull=False, Bear=False
2026-01-22 22:30:31,210 - INFO - [상태] 포지션 없음, 자본금: $5221.58
2026-01-22 22:30:31,211 - INFO - [지표] ADX=nan, Bull=nan, Bear=nan
2026-01-22 22:35:31,212 - INFO - [상태] 포지션 없음, 자본금: $5221.58
2026-01-22 22:35:31,212 - INFO - [지표] ADX=nan, Bull=nan, Bear=nan
2026-01-22 22:40:31,213 - INFO - [상태] 포지션 없음, 자본금: $5221.58
2026-01-22 22:40:31,213 - INFO - [지표] ADX=nan, Bull=nan, Bear=nan
2026-01-22 22:45:00,051 - INFO - [EMA] 증분계산: prev=89976.93, close=89579.8, new=89946.38
2026-01-22 22:45:00,057 - INFO - 15m | 13:30 | O:90153.4 H:90309.5 L:89500.1 C:89579.8
2026-01-22 22:45:00,057 - INFO - 지표: ADX=9.4, ATR=193.9, Bull=False, Bear=False
2026-01-22 22:45:31,214 - INFO - [상태] 포지션 없음, 자본금: $5221.58
2026-01-22 22:45:31,214 - INFO - [지표] ADX=nan, Bull=nan, Bear=nan
2026-01-22 22:50:31,217 - INFO - [상태] 포지션 없음, 자본금: $5221.58
2026-01-22 22:50:31,217 - INFO - [지표] ADX=nan, Bull=nan, Bear=nan
2026-01-22 22:55:31,218 - INFO - [상태] 포지션 없음, 자본금: $5221.58
2026-01-22 22:55:31,218 - INFO - [지표] ADX=nan, Bull=nan, Bear=nan
2026-01-22 23:00:00,080 - INFO - [EMA] 증분계산: prev=89946.38, close=89570.0, new=89917.43
2026-01-22 23:00:00,089 - INFO - 15m | 13:45 | O:89579.9 H:89700.1 L:89446.0 C:89570.0
2026-01-22 23:00:00,089 - INFO - 지표: ADX=11.3, ATR=200.0, Bull=False, Bear=False
2026-01-22 23:00:31,220 - INFO - [상태] 포지션 없음, 자본금: $5221.58
2026-01-22 23:00:31,220 - INFO - [지표] ADX=nan, Bull=nan, Bear=nan
2026-01-22 23:05:31,221 - INFO - [상태] 포지션 없음, 자본금: $5221.58
2026-01-22 23:05:31,221 - INFO - [지표] ADX=nan, Bull=nan, Bear=nan
2026-01-22 23:10:31,223 - INFO - [상태] 포지션 없음, 자본금: $5221.58
2026-01-22 23:10:31,223 - INFO - [지표] ADX=nan, Bull=nan, Bear=nan
2026-01-22 23:15:00,035 - INFO - [EMA] 증분계산: prev=89917.43, close=89661.2, new=89897.72
2026-01-22 23:15:00,045 - INFO - 15m | 14:00 | O:89570.0 H:89678.8 L:89355.8 C:89661.2
2026-01-22 23:15:00,045 - INFO - 지표: ADX=13.5, ATR=212.3, Bull=False, Bear=False
2026-01-22 23:15:31,224 - INFO - [상태] 포지션 없음, 자본금: $5221.58
2026-01-22 23:15:31,224 - INFO - [지표] ADX=nan, Bull=nan, Bear=nan
2026-01-22 23:20:31,226 - INFO - [상태] 포지션 없음, 자본금: $5221.58
2026-01-22 23:20:31,227 - INFO - [지표] ADX=nan, Bull=nan, Bear=nan
2026-01-22 23:25:31,227 - INFO - [상태] 포지션 없음, 자본금: $5221.58
2026-01-22 23:25:31,228 - INFO - [지표] ADX=nan, Bull=nan, Bear=nan
2026-01-22 23:30:00,054 - INFO - [EMA] 증분계산: prev=89897.72, close=89532.0, new=89869.59
2026-01-22 23:30:00,063 - INFO - 15m | 14:15 | O:89661.3 H:89661.3 L:89298.6 C:89532.0
2026-01-22 23:30:00,063 - INFO - 지표: ADX=15.7, ATR=227.3, Bull=False, Bear=False
2026-01-22 23:30:31,230 - INFO - [상태] 포지션 없음, 자본금: $5221.58
2026-01-22 23:30:31,230 - INFO - [지표] ADX=nan, Bull=nan, Bear=nan
2026-01-22 23:35:31,231 - INFO - [상태] 포지션 없음, 자본금: $5221.58
2026-01-22 23:35:31,231 - INFO - [지표] ADX=nan, Bull=nan, Bear=nan
2026-01-22 23:40:31,232 - INFO - [상태] 포지션 없음, 자본금: $5221.58
2026-01-22 23:40:31,232 - INFO - [지표] ADX=nan, Bull=nan, Bear=nan
2026-01-22 23:45:00,037 - INFO - [EMA] 증분계산: prev=89869.59, close=89450.0, new=89837.31
2026-01-22 23:45:00,044 - INFO - 15m | 14:30 | O:89532.1 H:89714.5 L:89090.9 C:89450.0
2026-01-22 23:45:00,044 - INFO - 지표: ADX=18.4, ATR=266.9, Bull=False, Bear=False
2026-01-22 23:45:31,233 - INFO - [상태] 포지션 없음, 자본금: $5221.58
2026-01-22 23:45:31,234 - INFO - [지표] ADX=nan, Bull=nan, Bear=nan
2026-01-22 23:50:31,235 - INFO - [상태] 포지션 없음, 자본금: $5221.58
2026-01-22 23:50:31,235 - INFO - [지표] ADX=nan, Bull=nan, Bear=nan
2026-01-22 23:55:31,236 - INFO - [상태] 포지션 없음, 자본금: $5221.58
2026-01-22 23:55:31,236 - INFO - [지표] ADX=nan, Bull=nan, Bear=nan
2026-01-23 00:00:00,029 - INFO - [EMA] 증분계산: prev=89837.31, close=89055.0, new=89777.13
2026-01-23 00:00:00,038 - INFO - 15m | 14:45 | O:89450.0 H:89473.7 L:89012.7 C:89055.0
2026-01-23 00:00:00,038 - INFO - 지표: ADX=21.2, ATR=286.3, Bull=False, Bear=False
2026-01-23 00:00:31,237 - INFO - [상태] 포지션 없음, 자본금: $5221.58
2026-01-23 00:00:31,237 - INFO - [지표] ADX=nan, Bull=nan, Bear=nan
2026-01-23 00:05:31,239 - INFO - [상태] 포지션 없음, 자본금: $5221.58
2026-01-23 00:05:31,239 - INFO - [지표] ADX=nan, Bull=nan, Bear=nan
2026-01-23 00:10:31,240 - INFO - [상태] 포지션 없음, 자본금: $5221.58
2026-01-23 00:10:31,241 - INFO - [지표] ADX=nan, Bull=nan, Bear=nan
2026-01-23 00:15:00,087 - INFO - [EMA] 증분계산: prev=89777.13, close=89220.3, new=89734.30
2026-01-23 00:15:00,097 - INFO - 15m | 15:00 | O:89055.1 H:89345.8 L:88975.0 C:89220.3
2026-01-23 00:15:00,097 - INFO - 지표: ADX=23.9, ATR=294.8, Bull=False, Bear=True
2026-01-23 00:15:31,242 - INFO - [상태] 포지션 없음, 자본금: $5221.58
2026-01-23 00:15:31,242 - INFO - [지표] ADX=nan, Bull=nan, Bear=nan
2026-01-23 00:20:31,243 - INFO - [상태] 포지션 없음, 자본금: $5221.58
2026-01-23 00:20:31,244 - INFO - [지표] ADX=nan, Bull=nan, Bear=nan
2026-01-23 00:25:31,244 - INFO - [상태] 포지션 없음, 자본금: $5221.58
2026-01-23 00:25:31,245 - INFO - [지표] ADX=nan, Bull=nan, Bear=nan
2026-01-23 00:30:00,043 - INFO - [EMA] 증분계산: prev=89734.30, close=88626.0, new=89649.05
2026-01-23 00:30:00,052 - INFO - 15m | 15:15 | O:89220.3 H:89330.0 L:88560.0 C:88626.0
2026-01-23 00:30:00,053 - INFO - 지표: ADX=27.1, ATR=342.3, Bull=False, Bear=True
2026-01-23 00:30:31,245 - INFO - [상태] 포지션 없음, 자본금: $5221.58
2026-01-23 00:30:31,246 - INFO - [지표] ADX=nan, Bull=nan, Bear=nan
2026-01-23 00:35:31,246 - INFO - [상태] 포지션 없음, 자본금: $5221.58
2026-01-23 00:35:31,247 - INFO - [지표] ADX=nan, Bull=nan, Bear=nan
2026-01-23 00:40:31,248 - INFO - [상태] 포지션 없음, 자본금: $5221.58
2026-01-23 00:40:31,248 - INFO - [지표] ADX=nan, Bull=nan, Bear=nan
2026-01-23 00:45:00,071 - INFO - [EMA] 증분계산: prev=89649.05, close=89113.1, new=89607.82
2026-01-23 00:45:00,077 - INFO - 15m | 15:30 | O:88626.1 H:89150.0 L:88465.6 C:89113.1
2026-01-23 00:45:00,078 - INFO - 지표: ADX=30.3, ATR=376.5, Bull=False, Bear=True
2026-01-23 00:45:31,249 - INFO - [상태] 포지션 없음, 자본금: $5221.58
2026-01-23 00:45:31,250 - INFO - [지표] ADX=nan, Bull=nan, Bear=nan
2026-01-23 00:50:31,250 - INFO - [상태] 포지션 없음, 자본금: $5221.58
2026-01-23 00:50:31,251 - INFO - [지표] ADX=nan, Bull=nan, Bear=nan
2026-01-23 00:55:31,252 - INFO - [상태] 포지션 없음, 자본금: $5221.58
2026-01-23 00:55:31,252 - INFO - [지표] ADX=nan, Bull=nan, Bear=nan
2026-01-23 01:00:00,058 - INFO - [EMA] 증분계산: prev=89607.82, close=88953.6, new=89557.50
2026-01-23 01:00:00,064 - INFO - 15m | 15:45 | O:89113.1 H:89415.0 L:88900.0 C:88953.6
2026-01-23 01:00:00,064 - INFO - 지표: ADX=31.3, ATR=390.4, Bull=False, Bear=True
2026-01-23 01:00:31,253 - INFO - [상태] 포지션 없음, 자본금: $5221.58
2026-01-23 01:00:31,253 - INFO - [지표] ADX=nan, Bull=nan, Bear=nan
2026-01-23 01:05:31,254 - INFO - [상태] 포지션 없음, 자본금: $5221.58
2026-01-23 01:05:31,255 - INFO - [지표] ADX=nan, Bull=nan, Bear=nan
2026-01-23 01:10:31,255 - INFO - [상태] 포지션 없음, 자본금: $5221.58
2026-01-23 01:10:31,255 - INFO - [지표] ADX=nan, Bull=nan, Bear=nan
2026-01-23 01:15:00,067 - INFO - [EMA] 증분계산: prev=89557.50, close=88803.9, new=89499.53
2026-01-23 01:15:00,077 - INFO - 15m | 16:00 | O:88953.7 H:89162.9 L:88710.6 C:88803.9
2026-01-23 01:15:00,077 - INFO - 지표: ADX=32.7, ATR=396.6, Bull=False, Bear=True
2026-01-23 01:15:31,256 - INFO - [상태] 포지션 없음, 자본금: $5221.58
2026-01-23 01:15:31,257 - INFO - [지표] ADX=nan, Bull=nan, Bear=nan
2026-01-23 01:20:31,258 - INFO - [상태] 포지션 없음, 자본금: $5221.58
2026-01-23 01:20:31,258 - INFO - [지표] ADX=nan, Bull=nan, Bear=nan
2026-01-23 01:25:31,259 - INFO - [상태] 포지션 없음, 자본금: $5221.58
2026-01-23 01:25:31,260 - INFO - [지표] ADX=nan, Bull=nan, Bear=nan
2026-01-23 01:30:00,043 - INFO - [EMA] 증분계산: prev=89499.53, close=88953.0, new=89457.49
2026-01-23 01:30:00,053 - INFO - 15m | 16:15 | O:88803.8 H:89162.5 L:88630.2 C:88953.0
2026-01-23 01:30:00,053 - INFO - 지표: ADX=34.1, ATR=410.1, Bull=False, Bear=True
2026-01-23 01:30:31,262 - INFO - [상태] 포지션 없음, 자본금: $5221.58
2026-01-23 01:30:31,262 - INFO - [지표] ADX=nan, Bull=nan, Bear=nan
2026-01-23 01:35:31,264 - INFO - [상태] 포지션 없음, 자본금: $5221.58
2026-01-23 01:35:31,265 - INFO - [지표] ADX=nan, Bull=nan, Bear=nan
2026-01-23 01:40:31,265 - INFO - [상태] 포지션 없음, 자본금: $5221.58
2026-01-23 01:40:31,266 - INFO - [지표] ADX=nan, Bull=nan, Bear=nan
2026-01-23 01:45:00,202 - INFO - [EMA] 증분계산: prev=89457.49, close=88925.7, new=89416.58
2026-01-23 01:45:00,209 - INFO - 15m | 16:30 | O:88953.0 H:89100.0 L:88718.3 C:88925.7
2026-01-23 01:45:00,209 - INFO - 지표: ADX=35.4, ATR=407.3, Bull=False, Bear=True
2026-01-23 01:45:31,266 - INFO - [상태] 포지션 없음, 자본금: $5221.58
2026-01-23 01:45:31,267 - INFO - [지표] ADX=nan, Bull=nan, Bear=nan
2026-01-23 01:50:31,267 - INFO - [상태] 포지션 없음, 자본금: $5221.58
2026-01-23 01:50:31,268 - INFO - [지표] ADX=nan, Bull=nan, Bear=nan
2026-01-23 01:55:31,270 - INFO - [상태] 포지션 없음, 자본금: $5221.58
2026-01-23 01:55:31,270 - INFO - [지표] ADX=nan, Bull=nan, Bear=nan
2026-01-23 02:00:00,057 - INFO - [EMA] 증분계산: prev=89416.58, close=89006.9, new=89385.07
2026-01-23 02:00:00,066 - INFO - 15m | 16:45 | O:88925.7 H:89231.1 L:88851.3 C:89006.9
2026-01-23 02:00:00,066 - INFO - 지표: ADX=35.8, ATR=404.5, Bull=False, Bear=True
2026-01-23 02:00:31,271 - INFO - [상태] 포지션 없음, 자본금: $5221.58
2026-01-23 02:00:31,272 - INFO - [지표] ADX=nan, Bull=nan, Bear=nan
2026-01-23 02:05:31,273 - INFO - [상태] 포지션 없음, 자본금: $5221.58
2026-01-23 02:05:31,273 - INFO - [지표] ADX=nan, Bull=nan, Bear=nan
2026-01-23 02:10:31,274 - INFO - [상태] 포지션 없음, 자본금: $5221.58
2026-01-23 02:10:31,274 - INFO - [지표] ADX=nan, Bull=nan, Bear=nan
2026-01-23 02:15:00,197 - INFO - [EMA] 증분계산: prev=89385.07, close=89180.6, new=89369.34
2026-01-23 02:15:00,206 - INFO - 15m | 17:00 | O:89006.9 H:89394.5 L:88971.5 C:89180.6
2026-01-23 02:15:00,206 - INFO - 지표: ADX=35.1, ATR=406.4, Bull=False, Bear=True
2026-01-23 02:15:00,207 - INFO - [LIVE] SHORT 신호 감지!
2026-01-23 02:15:00,207 - INFO - ==================================================
2026-01-23 02:15:00,207 - INFO - [LIVE] SHORT 진입 준비
2026-01-23 02:15:00,207 - INFO - 진입가: $89180.60
2026-01-23 02:15:00,207 - INFO - 손절가: $90309.50 (1.27%)
2026-01-23 02:15:00,207 - INFO - 익절가: $87343.96 (2.06%)
2026-01-23 02:15:00,207 - INFO - 레버리지: 5.12x
2026-01-23 02:15:00,207 - INFO - 포지션 크기: 0.299779 BTC ($26734.50)
2026-01-23 02:15:00,207 - INFO - ==================================================
2026-01-23 02:15:00,291 - INFO - Leverage 설정: 6x
2026-01-23 02:15:00,333 - INFO - Market Order 체결: SHORT 0.3
2026-01-23 02:15:00,937 - INFO - 실제 체결가: $89189.20, 수량: 0.300000
2026-01-23 02:15:01,029 - INFO - LIMIT Close 주문: SHORT 0.3 @ $87352.5, ID: 889264594308
2026-01-23 02:15:01,029 - INFO - TP 주문 설정: $87352.55
2026-01-23 02:15:01,130 - INFO - STOP_MARKET 주문 (Algo): $90309.5, AlgoID: 3000000380378066
2026-01-23 02:15:01,130 - INFO - SL 주문 설정: $90309.50
2026-01-23 02:15:01,130 - INFO - 거래 기록 저장: ENTRY @ $89189.20
2026-01-23 02:15:01,130 - INFO - [LIVE] SHORT 진입 완료!
2026-01-23 02:15:31,315 - INFO - [상태] 포지션: SHORT, 진입가: $89189.20, 현재가: $89205.80, 미실현PnL: $-4.98
2026-01-23 02:15:31,315 - INFO - [지표] ADX=nan, Bull=nan, Bear=nan
2026-01-23 02:20:31,357 - INFO - [상태] 포지션: SHORT, 진입가: $89189.20, 현재가: $89309.70, 미실현PnL: $-36.15
2026-01-23 02:20:31,357 - INFO - [지표] ADX=nan, Bull=nan, Bear=nan
2026-01-23 02:25:31,399 - INFO - [상태] 포지션: SHORT, 진입가: $89189.20, 현재가: $89205.20, 미실현PnL: $-4.80
2026-01-23 02:25:31,400 - INFO - [지표] ADX=nan, Bull=nan, Bear=nan
2026-01-23 02:30:00,093 - INFO - [EMA] 증분계산: prev=89369.34, close=89107.1, new=89349.17
2026-01-23 02:30:00,102 - INFO - 15m | 17:15 | O:89180.6 H:89389.6 L:89010.2 C:89107.1
2026-01-23 02:30:00,102 - INFO - 지표: ADX=34.4, ATR=403.7, Bull=False, Bear=True
2026-01-23 02:30:31,440 - INFO - [상태] 포지션: SHORT, 진입가: $89189.20, 현재가: $89152.00, 미실현PnL: $11.16
2026-01-23 02:30:31,441 - INFO - [지표] ADX=nan, Bull=nan, Bear=nan
2026-01-23 02:35:31,482 - INFO - [상태] 포지션: SHORT, 진입가: $89189.20, 현재가: $89169.60, 미실현PnL: $5.88
2026-01-23 02:35:31,482 - INFO - [지표] ADX=nan, Bull=nan, Bear=nan
2026-01-23 02:40:31,521 - INFO - [상태] 포지션: SHORT, 진입가: $89189.20, 현재가: $89092.30, 미실현PnL: $29.07
2026-01-23 02:40:31,522 - INFO - [지표] ADX=nan, Bull=nan, Bear=nan
2026-01-23 02:45:00,185 - INFO - [EMA] 증분계산: prev=89349.17, close=89187.3, new=89336.71
2026-01-23 02:45:00,191 - INFO - 15m | 17:30 | O:89107.1 H:89261.4 L:89032.9 C:89187.3
2026-01-23 02:45:00,191 - INFO - 지표: ADX=33.8, ATR=386.2, Bull=False, Bear=True
2026-01-23 02:45:31,561 - INFO - [상태] 포지션: SHORT, 진입가: $89189.20, 현재가: $89242.90, 미실현PnL: $-16.11
2026-01-23 02:45:31,562 - INFO - [지표] ADX=nan, Bull=nan, Bear=nan
2026-01-23 02:50:31,607 - INFO - [상태] 포지션: SHORT, 진입가: $89189.20, 현재가: $89421.50, 미실현PnL: $-69.69
2026-01-23 02:50:31,607 - INFO - [지표] ADX=nan, Bull=nan, Bear=nan
2026-01-23 02:55:31,648 - INFO - [상태] 포지션: SHORT, 진입가: $89189.20, 현재가: $89431.90, 미실현PnL: $-72.81
2026-01-23 02:55:31,648 - INFO - [지표] ADX=nan, Bull=nan, Bear=nan
2026-01-23 03:00:00,069 - INFO - [EMA] 증분계산: prev=89336.71, close=89500.0, new=89349.27
2026-01-23 03:00:00,075 - INFO - 15m | 17:45 | O:89187.3 H:89576.5 L:89187.3 C:89500.0
2026-01-23 03:00:00,075 - INFO - 지표: ADX=31.5, ATR=386.5, Bull=False, Bear=True
2026-01-23 03:00:31,688 - INFO - [상태] 포지션: SHORT, 진입가: $89189.20, 현재가: $89509.80, 미실현PnL: $-96.18
2026-01-23 03:00:31,689 - INFO - [지표] ADX=nan, Bull=nan, Bear=nan
2026-01-23 03:05:31,730 - INFO - [상태] 포지션: SHORT, 진입가: $89189.20, 현재가: $89391.70, 미실현PnL: $-60.75
2026-01-23 03:05:31,730 - INFO - [지표] ADX=nan, Bull=nan, Bear=nan
2026-01-23 03:10:31,770 - INFO - [상태] 포지션: SHORT, 진입가: $89189.20, 현재가: $89508.10, 미실현PnL: $-95.67
2026-01-23 03:10:31,770 - INFO - [지표] ADX=nan, Bull=nan, Bear=nan
2026-01-23 03:15:00,511 - INFO - [EMA] 증분계산: prev=89349.27, close=89423.9, new=89355.02
2026-01-23 03:15:00,521 - INFO - 15m | 18:00 | O:89500.0 H:89584.4 L:89341.9 C:89423.9
2026-01-23 03:15:00,521 - INFO - 지표: ADX=29.3, ATR=372.1, Bull=False, Bear=True
2026-01-23 03:15:31,811 - INFO - [상태] 포지션: SHORT, 진입가: $89189.20, 현재가: $89448.30, 미실현PnL: $-77.73
2026-01-23 03:15:31,811 - INFO - [지표] ADX=nan, Bull=nan, Bear=nan
2026-01-23 03:20:31,853 - INFO - [상태] 포지션: SHORT, 진입가: $89189.20, 현재가: $89650.10, 미실현PnL: $-138.27
2026-01-23 03:20:31,854 - INFO - [지표] ADX=nan, Bull=nan, Bear=nan
2026-01-23 03:25:31,895 - INFO - [상태] 포지션: SHORT, 진입가: $89189.20, 현재가: $89544.50, 미실현PnL: $-106.59
2026-01-23 03:25:31,896 - INFO - [지표] ADX=nan, Bull=nan, Bear=nan
2026-01-23 03:30:00,576 - INFO - [EMA] 증분계산: prev=89355.02, close=89573.3, new=89371.81
2026-01-23 03:30:00,583 - INFO - 15m | 18:15 | O:89424.0 H:89756.0 L:89420.0 C:89573.3
2026-01-23 03:30:00,583 - INFO - 지표: ADX=27.9, ATR=368.5, Bull=False, Bear=True
2026-01-23 03:30:31,936 - INFO - [상태] 포지션: SHORT, 진입가: $89189.20, 현재가: $89617.00, 미실현PnL: $-128.34
2026-01-23 03:30:31,937 - INFO - [지표] ADX=nan, Bull=nan, Bear=nan
2026-01-23 03:35:31,980 - INFO - [상태] 포지션: SHORT, 진입가: $89189.20, 현재가: $89659.80, 미실현PnL: $-141.18
2026-01-23 03:35:31,980 - INFO - [지표] ADX=nan, Bull=nan, Bear=nan
2026-01-23 03:40:32,019 - INFO - [상태] 포지션: SHORT, 진입가: $89189.20, 현재가: $89689.20, 미실현PnL: $-150.00
2026-01-23 03:40:32,020 - INFO - [지표] ADX=nan, Bull=nan, Bear=nan
2026-01-23 03:45:00,192 - INFO - [EMA] 증분계산: prev=89371.81, close=89620.6, new=89390.94
2026-01-23 03:45:00,202 - INFO - 15m | 18:30 | O:89573.2 H:89725.3 L:89550.0 C:89620.6
2026-01-23 03:45:00,202 - INFO - 지표: ADX=26.7, ATR=349.2, Bull=False, Bear=True
2026-01-23 03:45:32,061 - INFO - [상태] 포지션: SHORT, 진입가: $89189.20, 현재가: $89580.00, 미실현PnL: $-117.24
2026-01-23 03:45:32,061 - INFO - [지표] ADX=nan, Bull=nan, Bear=nan
2026-01-23 03:50:32,102 - INFO - [상태] 포지션: SHORT, 진입가: $89189.20, 현재가: $89510.60, 미실현PnL: $-96.42
2026-01-23 03:50:32,102 - INFO - [지표] ADX=nan, Bull=nan, Bear=nan
2026-01-23 03:55:32,156 - INFO - [상태] 포지션: SHORT, 진입가: $89189.20, 현재가: $89359.00, 미실현PnL: $-50.94
2026-01-23 03:55:32,156 - INFO - [지표] ADX=nan, Bull=nan, Bear=nan
2026-01-23 04:00:00,053 - INFO - [EMA] 증분계산: prev=89390.94, close=89295.5, new=89383.60
2026-01-23 04:00:00,059 - INFO - 15m | 18:45 | O:89620.7 H:89673.9 L:89255.9 C:89295.5
2026-01-23 04:00:00,059 - INFO - 지표: ADX=25.4, ATR=356.0, Bull=False, Bear=True
2026-01-23 04:00:32,196 - INFO - [상태] 포지션: SHORT, 진입가: $89189.20, 현재가: $89306.30, 미실현PnL: $-35.13
2026-01-23 04:00:32,197 - INFO - [지표] ADX=nan, Bull=nan, Bear=nan
2026-01-23 04:05:32,237 - INFO - [상태] 포지션: SHORT, 진입가: $89189.20, 현재가: $89232.50, 미실현PnL: $-12.99
2026-01-23 04:05:32,238 - INFO - [지표] ADX=nan, Bull=nan, Bear=nan
2026-01-23 04:10:32,278 - INFO - [상태] 포지션: SHORT, 진입가: $89189.20, 현재가: $89380.80, 미실현PnL: $-57.48
2026-01-23 04:10:32,279 - INFO - [지표] ADX=nan, Bull=nan, Bear=nan
2026-01-23 04:15:00,664 - INFO - [EMA] 증분계산: prev=89383.60, close=89360.5, new=89381.83
2026-01-23 04:15:00,674 - INFO - 15m | 19:00 | O:89295.4 H:89432.0 L:89065.0 C:89360.5
2026-01-23 04:15:00,674 - INFO - 지표: ADX=25.0, ATR=357.1, Bull=False, Bear=True
2026-01-23 04:15:32,320 - INFO - [상태] 포지션: SHORT, 진입가: $89189.20, 현재가: $89354.50, 미실현PnL: $-49.59
2026-01-23 04:15:32,320 - INFO - [지표] ADX=nan, Bull=nan, Bear=nan
2026-01-23 04:20:32,361 - INFO - [상태] 포지션: SHORT, 진입가: $89189.20, 현재가: $89414.20, 미실현PnL: $-67.50
2026-01-23 04:20:32,361 - INFO - [지표] ADX=nan, Bull=nan, Bear=nan
2026-01-23 04:25:32,413 - INFO - [상태] 포지션: SHORT, 진입가: $89189.20, 현재가: $89522.90, 미실현PnL: $-100.11
2026-01-23 04:25:32,413 - INFO - [지표] ADX=nan, Bull=nan, Bear=nan
2026-01-23 04:30:00,053 - INFO - [EMA] 증분계산: prev=89381.83, close=89468.7, new=89388.51
2026-01-23 04:30:00,060 - INFO - 15m | 19:15 | O:89360.5 H:89539.8 L:89270.0 C:89468.7
2026-01-23 04:30:00,060 - INFO - 지표: ADX=24.1, ATR=348.4, Bull=False, Bear=True
2026-01-23 04:30:32,452 - INFO - [상태] 포지션: SHORT, 진입가: $89189.20, 현재가: $89459.90, 미실현PnL: $-81.21
2026-01-23 04:30:32,453 - INFO - [지표] ADX=nan, Bull=nan, Bear=nan
2026-01-23 04:35:32,493 - INFO - [상태] 포지션: SHORT, 진입가: $89189.20, 현재가: $89635.80, 미실현PnL: $-133.98
2026-01-23 04:35:32,493 - INFO - [지표] ADX=nan, Bull=nan, Bear=nan
2026-01-23 04:40:32,534 - INFO - [상태] 포지션: SHORT, 진입가: $89189.20, 현재가: $89797.20, 미실현PnL: $-182.40
2026-01-23 04:40:32,535 - INFO - [지표] ADX=nan, Bull=nan, Bear=nan
2026-01-23 04:45:00,705 - INFO - [EMA] 증분계산: prev=89388.51, close=89796.7, new=89419.91
2026-01-23 04:45:00,711 - INFO - 15m | 19:30 | O:89468.6 H:89844.1 L:89446.4 C:89796.7
2026-01-23 04:45:00,711 - INFO - 지표: ADX=22.8, ATR=353.3, Bull=False, Bear=True
2026-01-23 04:45:32,581 - INFO - [상태] 포지션: SHORT, 진입가: $89189.20, 현재가: $89786.10, 미실현PnL: $-179.07
2026-01-23 04:45:32,581 - INFO - [지표] ADX=nan, Bull=nan, Bear=nan
2026-01-23 04:50:32,627 - INFO - [상태] 포지션: SHORT, 진입가: $89189.20, 현재가: $89688.30, 미실현PnL: $-149.73
2026-01-23 04:50:32,627 - INFO - [지표] ADX=nan, Bull=nan, Bear=nan
2026-01-23 04:55:32,666 - INFO - [상태] 포지션: SHORT, 진입가: $89189.20, 현재가: $89810.70, 미실현PnL: $-186.45
2026-01-23 04:55:32,666 - INFO - [지표] ADX=nan, Bull=nan, Bear=nan
2026-01-23 05:00:00,116 - INFO - [EMA] 증분계산: prev=89419.91, close=89732.9, new=89443.98
2026-01-23 05:00:00,126 - INFO - 15m | 19:45 | O:89796.8 H:89882.1 L:89576.1 C:89732.9
2026-01-23 05:00:00,126 - INFO - 지표: ADX=21.7, ATR=348.6, Bull=False, Bear=True
2026-01-23 05:00:32,704 - INFO - [상태] 포지션: SHORT, 진입가: $89189.20, 현재가: $89719.20, 미실현PnL: $-159.00
2026-01-23 05:00:32,705 - INFO - [지표] ADX=nan, Bull=nan, Bear=nan
2026-01-23 05:05:32,744 - INFO - [상태] 포지션: SHORT, 진입가: $89189.20, 현재가: $89788.60, 미실현PnL: $-179.82
2026-01-23 05:05:32,744 - INFO - [지표] ADX=nan, Bull=nan, Bear=nan
2026-01-23 05:10:32,784 - INFO - [상태] 포지션: SHORT, 진입가: $89189.20, 현재가: $89806.10, 미실현PnL: $-185.07
2026-01-23 05:10:32,784 - INFO - [지표] ADX=nan, Bull=nan, Bear=nan
2026-01-23 05:15:00,325 - INFO - [EMA] 증분계산: prev=89443.98, close=89878.2, new=89477.39
2026-01-23 05:15:00,335 - INFO - 15m | 20:00 | O:89732.8 H:89887.6 L:89650.0 C:89878.2
2026-01-23 05:15:00,335 - INFO - 지표: ADX=20.8, ATR=337.5, Bull=False, Bear=True
2026-01-23 05:15:32,826 - INFO - [상태] 포지션: SHORT, 진입가: $89189.20, 현재가: $89880.70, 미실현PnL: $-207.45
2026-01-23 05:15:32,826 - INFO - [지표] ADX=nan, Bull=nan, Bear=nan
2026-01-23 05:20:32,869 - INFO - [상태] 포지션: SHORT, 진입가: $89189.20, 현재가: $89865.50, 미실현PnL: $-202.89
2026-01-23 05:20:32,869 - INFO - [지표] ADX=nan, Bull=nan, Bear=nan
2026-01-23 05:25:32,912 - INFO - [상태] 포지션: SHORT, 진입가: $89189.20, 현재가: $89622.50, 미실현PnL: $-129.99
2026-01-23 05:25:32,912 - INFO - [지표] ADX=nan, Bull=nan, Bear=nan
2026-01-23 05:30:00,051 - INFO - [EMA] 증분계산: prev=89477.39, close=89528.3, new=89481.30
2026-01-23 05:30:00,060 - INFO - 15m | 20:15 | O:89878.2 H:89908.5 L:89516.5 C:89528.3
2026-01-23 05:30:00,060 - INFO - 지표: ADX=19.3, ATR=342.9, Bull=False, Bear=True
2026-01-23 05:30:32,952 - INFO - [상태] 포지션: SHORT, 진입가: $89189.20, 현재가: $89466.80, 미실현PnL: $-83.28
2026-01-23 05:30:32,952 - INFO - [지표] ADX=nan, Bull=nan, Bear=nan
2026-01-23 05:35:32,993 - INFO - [상태] 포지션: SHORT, 진입가: $89189.20, 현재가: $89601.30, 미실현PnL: $-123.63
2026-01-23 05:35:32,994 - INFO - [지표] ADX=nan, Bull=nan, Bear=nan
2026-01-23 05:40:33,036 - INFO - [상태] 포지션: SHORT, 진입가: $89189.20, 현재가: $89530.00, 미실현PnL: $-102.24
2026-01-23 05:40:33,037 - INFO - [지표] ADX=nan, Bull=nan, Bear=nan
2026-01-23 05:45:00,031 - INFO - [EMA] 증분계산: prev=89481.30, close=89468.1, new=89480.29
2026-01-23 05:45:00,037 - INFO - 15m | 20:30 | O:89528.3 H:89675.7 L:89426.3 C:89468.1
2026-01-23 05:45:00,038 - INFO - 지표: ADX=18.3, ATR=333.6, Bull=False, Bear=True
2026-01-23 05:45:33,078 - INFO - [상태] 포지션: SHORT, 진입가: $89189.20, 현재가: $89475.10, 미실현PnL: $-85.77
2026-01-23 05:45:33,079 - INFO - [지표] ADX=nan, Bull=nan, Bear=nan
2026-01-23 05:50:33,122 - INFO - [상태] 포지션: SHORT, 진입가: $89189.20, 현재가: $89470.90, 미실현PnL: $-84.51
2026-01-23 05:50:33,122 - INFO - [지표] ADX=nan, Bull=nan, Bear=nan
2026-01-23 05:55:33,163 - INFO - [상태] 포지션: SHORT, 진입가: $89189.20, 현재가: $89432.90, 미실현PnL: $-73.11
2026-01-23 05:55:33,163 - INFO - [지표] ADX=nan, Bull=nan, Bear=nan
2026-01-23 06:00:00,110 - INFO - [EMA] 증분계산: prev=89480.29, close=89370.7, new=89471.86
2026-01-23 06:00:00,120 - INFO - 15m | 20:45 | O:89468.0 H:89522.2 L:89355.0 C:89370.7
2026-01-23 06:00:00,120 - INFO - 지표: ADX=17.7, ATR=317.0, Bull=False, Bear=True
2026-01-23 06:00:33,208 - INFO - [상태] 포지션: SHORT, 진입가: $89189.20, 현재가: $89500.00, 미실현PnL: $-93.24
2026-01-23 06:00:33,208 - INFO - [지표] ADX=nan, Bull=nan, Bear=nan
2026-01-23 06:05:33,249 - INFO - [상태] 포지션: SHORT, 진입가: $89189.20, 현재가: $89415.20, 미실현PnL: $-67.80
2026-01-23 06:05:33,249 - INFO - [지표] ADX=nan, Bull=nan, Bear=nan
2026-01-23 06:10:33,310 - INFO - [상태] 포지션: SHORT, 진입가: $89189.20, 현재가: $89590.20, 미실현PnL: $-120.30
2026-01-23 06:10:33,310 - INFO - [지표] ADX=nan, Bull=nan, Bear=nan
2026-01-23 06:15:00,344 - INFO - [EMA] 증분계산: prev=89471.86, close=89500.1, new=89474.03
2026-01-23 06:15:00,353 - INFO - 15m | 21:00 | O:89370.8 H:89595.0 L:89336.6 C:89500.1
2026-01-23 06:15:00,354 - INFO - 지표: ADX=16.8, ATR=311.1, Bull=False, Bear=True
2026-01-23 06:15:33,354 - INFO - [상태] 포지션: SHORT, 진입가: $89189.20, 현재가: $89515.00, 미실현PnL: $-97.74
2026-01-23 06:15:33,354 - INFO - [지표] ADX=nan, Bull=nan, Bear=nan
2026-01-23 06:20:33,397 - INFO - [상태] 포지션: SHORT, 진입가: $89189.20, 현재가: $89579.70, 미실현PnL: $-117.15
2026-01-23 06:20:33,398 - INFO - [지표] ADX=nan, Bull=nan, Bear=nan
2026-01-23 06:25:33,439 - INFO - [상태] 포지션: SHORT, 진입가: $89189.20, 현재가: $89584.10, 미실현PnL: $-118.47
2026-01-23 06:25:33,439 - INFO - [지표] ADX=nan, Bull=nan, Bear=nan
2026-01-23 06:30:00,203 - INFO - [EMA] 증분계산: prev=89474.03, close=89534.5, new=89478.68
2026-01-23 06:30:00,209 - INFO - 15m | 21:15 | O:89500.1 H:89634.7 L:89500.0 C:89534.5
2026-01-23 06:30:00,209 - INFO - 지표: ADX=15.7, ATR=293.5, Bull=False, Bear=True
2026-01-23 06:30:33,484 - INFO - [상태] 포지션: SHORT, 진입가: $89189.20, 현재가: $89545.60, 미실현PnL: $-106.92
2026-01-23 06:30:33,484 - INFO - [지표] ADX=nan, Bull=nan, Bear=nan
2026-01-23 06:35:33,526 - INFO - [상태] 포지션: SHORT, 진입가: $89189.20, 현재가: $89496.00, 미실현PnL: $-92.04
2026-01-23 06:35:33,527 - INFO - [지표] ADX=nan, Bull=nan, Bear=nan
2026-01-23 06:40:33,570 - INFO - [상태] 포지션: SHORT, 진입가: $89189.20, 현재가: $89460.80, 미실현PnL: $-81.48
2026-01-23 06:40:33,570 - INFO - [지표] ADX=nan, Bull=nan, Bear=nan
2026-01-23 06:45:00,067 - INFO - [EMA] 증분계산: prev=89478.68, close=89347.1, new=89468.56
2026-01-23 06:45:00,073 - INFO - 15m | 21:30 | O:89534.4 H:89567.8 L:89347.0 C:89347.1
2026-01-23 06:45:00,073 - INFO - 지표: ADX=15.4, ATR=286.2, Bull=False, Bear=True
2026-01-23 06:45:33,615 - INFO - [상태] 포지션: SHORT, 진입가: $89189.20, 현재가: $89255.00, 미실현PnL: $-19.74
2026-01-23 06:45:33,615 - INFO - [지표] ADX=nan, Bull=nan, Bear=nan
2026-01-23 06:50:33,659 - INFO - [상태] 포지션: SHORT, 진입가: $89189.20, 현재가: $89333.60, 미실현PnL: $-43.32
2026-01-23 06:50:33,659 - INFO - [지표] ADX=nan, Bull=nan, Bear=nan
2026-01-23 06:55:33,708 - INFO - [상태] 포지션: SHORT, 진입가: $89189.20, 현재가: $89321.70, 미실현PnL: $-39.75
2026-01-23 06:55:33,708 - INFO - [지표] ADX=nan, Bull=nan, Bear=nan
2026-01-23 07:00:00,037 - INFO - [EMA] 증분계산: prev=89468.56, close=89222.1, new=89449.60
2026-01-23 07:00:00,043 - INFO - 15m | 21:45 | O:89347.0 H:89347.1 L:89200.0 C:89222.1
2026-01-23 07:00:00,043 - INFO - 지표: ADX=15.8, ATR=272.3, Bull=False, Bear=True
2026-01-23 07:00:33,750 - INFO - [상태] 포지션: SHORT, 진입가: $89189.20, 현재가: $89216.70, 미실현PnL: $-8.25
2026-01-23 07:00:33,750 - INFO - [지표] ADX=nan, Bull=nan, Bear=nan
2026-01-23 07:05:33,792 - INFO - [상태] 포지션: SHORT, 진입가: $89189.20, 현재가: $89215.70, 미실현PnL: $-7.95
2026-01-23 07:05:33,793 - INFO - [지표] ADX=nan, Bull=nan, Bear=nan
2026-01-23 07:10:33,838 - INFO - [상태] 포지션: SHORT, 진입가: $89189.20, 현재가: $89245.50, 미실현PnL: $-16.89
2026-01-23 07:10:33,838 - INFO - [지표] ADX=nan, Bull=nan, Bear=nan
2026-01-23 07:15:00,049 - INFO - [EMA] 증분계산: prev=89449.60, close=89452.2, new=89449.80
2026-01-23 07:15:00,058 - INFO - 15m | 22:00 | O:89222.2 H:89535.1 L:89095.5 C:89452.2
2026-01-23 07:15:00,058 - INFO - 지표: ADX=15.1, ATR=289.0, Bull=False, Bear=True
2026-01-23 07:15:33,881 - INFO - [상태] 포지션: SHORT, 진입가: $89189.20, 현재가: $89465.70, 미실현PnL: $-82.95
2026-01-23 07:15:33,882 - INFO - [지표] ADX=nan, Bull=nan, Bear=nan
2026-01-23 07:20:33,925 - INFO - [상태] 포지션: SHORT, 진입가: $89189.20, 현재가: $89337.20, 미실현PnL: $-44.40
2026-01-23 07:20:33,925 - INFO - [지표] ADX=nan, Bull=nan, Bear=nan
2026-01-23 07:25:33,967 - INFO - [상태] 포지션: SHORT, 진입가: $89189.20, 현재가: $89352.60, 미실현PnL: $-49.02
2026-01-23 07:25:33,967 - INFO - [지표] ADX=nan, Bull=nan, Bear=nan
2026-01-23 07:30:00,226 - INFO - [EMA] 증분계산: prev=89449.80, close=89380.2, new=89444.45
2026-01-23 07:30:00,233 - INFO - 15m | 22:15 | O:89452.3 H:89490.5 L:89322.5 C:89380.2
2026-01-23 07:30:00,233 - INFO - 지표: ADX=14.5, ATR=276.9, Bull=False, Bear=True
2026-01-23 07:30:34,013 - INFO - [상태] 포지션: SHORT, 진입가: $89189.20, 현재가: $89374.80, 미실현PnL: $-55.68
2026-01-23 07:30:34,013 - INFO - [지표] ADX=nan, Bull=nan, Bear=nan
2026-01-23 07:35:34,057 - INFO - [상태] 포지션: SHORT, 진입가: $89189.20, 현재가: $89201.00, 미실현PnL: $-3.54
2026-01-23 07:35:34,057 - INFO - [지표] ADX=nan, Bull=nan, Bear=nan
2026-01-23 07:40:34,101 - INFO - [상태] 포지션: SHORT, 진입가: $89189.20, 현재가: $89200.10, 미실현PnL: $-3.27
2026-01-23 07:40:34,102 - INFO - [지표] ADX=nan, Bull=nan, Bear=nan
2026-01-23 07:45:00,185 - INFO - [EMA] 증분계산: prev=89444.45, close=89221.6, new=89427.30
2026-01-23 07:45:00,192 - INFO - 15m | 22:30 | O:89380.1 H:89383.8 L:89128.0 C:89221.6
2026-01-23 07:45:00,192 - INFO - 지표: ADX=14.7, ATR=274.8, Bull=False, Bear=True
2026-01-23 07:45:34,145 - INFO - [상태] 포지션: SHORT, 진입가: $89189.20, 현재가: $89252.60, 미실현PnL: $-19.02
2026-01-23 07:45:34,145 - INFO - [지표] ADX=nan, Bull=nan, Bear=nan
2026-01-23 07:50:34,187 - INFO - [상태] 포지션: SHORT, 진입가: $89189.20, 현재가: $89275.50, 미실현PnL: $-25.89
2026-01-23 07:50:34,187 - INFO - [지표] ADX=nan, Bull=nan, Bear=nan
2026-01-23 07:55:34,230 - INFO - [상태] 포지션: SHORT, 진입가: $89189.20, 현재가: $89323.90, 미실현PnL: $-40.41
2026-01-23 07:55:34,230 - INFO - [지표] ADX=nan, Bull=nan, Bear=nan
2026-01-23 08:00:00,039 - INFO - [EMA] 증분계산: prev=89427.30, close=89304.7, new=89417.87
2026-01-23 08:00:00,048 - INFO - 15m | 22:45 | O:89221.5 H:89336.5 L:89221.5 C:89304.7
2026-01-23 08:00:00,048 - INFO - 지표: ADX=14.9, ATR=258.8, Bull=False, Bear=True
2026-01-23 08:00:34,280 - INFO - [상태] 포지션: SHORT, 진입가: $89189.20, 현재가: $89260.30, 미실현PnL: $-21.33
2026-01-23 08:00:34,280 - INFO - [지표] ADX=nan, Bull=nan, Bear=nan
2026-01-23 08:05:34,321 - INFO - [상태] 포지션: SHORT, 진입가: $89189.20, 현재가: $89178.70, 미실현PnL: $3.15
2026-01-23 08:05:34,322 - INFO - [지표] ADX=nan, Bull=nan, Bear=nan
2026-01-23 08:10:34,363 - INFO - [상태] 포지션: SHORT, 진입가: $89189.20, 현재가: $89227.20, 미실현PnL: $-11.40
2026-01-23 08:10:34,363 - INFO - [지표] ADX=nan, Bull=nan, Bear=nan
2026-01-23 08:15:02,476 - INFO - [EMA] 증분계산: prev=89417.87, close=89262.8, new=89405.94
2026-01-23 08:15:02,486 - INFO - 15m | 23:00 | O:89304.7 H:89336.6 L:89124.8 C:89262.8
2026-01-23 08:15:02,486 - INFO - 지표: ADX=15.5, ATR=254.1, Bull=False, Bear=True
2026-01-23 08:15:34,403 - INFO - [상태] 포지션: SHORT, 진입가: $89189.20, 현재가: $89269.40, 미실현PnL: $-24.06
2026-01-23 08:15:34,404 - INFO - [지표] ADX=nan, Bull=nan, Bear=nan
2026-01-23 08:20:34,445 - INFO - [상태] 포지션: SHORT, 진입가: $89189.20, 현재가: $89341.40, 미실현PnL: $-45.66
2026-01-23 08:20:34,446 - INFO - [지표] ADX=nan, Bull=nan, Bear=nan
2026-01-23 08:25:34,487 - INFO - [상태] 포지션: SHORT, 진입가: $89189.20, 현재가: $89412.60, 미실현PnL: $-67.02
2026-01-23 08:25:34,488 - INFO - [지표] ADX=nan, Bull=nan, Bear=nan
2026-01-23 08:30:00,086 - INFO - [EMA] 증분계산: prev=89405.94, close=89399.6, new=89405.46
2026-01-23 08:30:00,093 - INFO - 15m | 23:15 | O:89262.9 H:89480.0 L:89252.9 C:89399.6
2026-01-23 08:30:00,093 - INFO - 지표: ADX=15.2, ATR=251.4, Bull=False, Bear=True
2026-01-23 08:30:34,532 - INFO - [상태] 포지션: SHORT, 진입가: $89189.20, 현재가: $89399.70, 미실현PnL: $-63.15
2026-01-23 08:30:34,533 - INFO - [지표] ADX=nan, Bull=nan, Bear=nan
2026-01-23 08:35:34,576 - INFO - [상태] 포지션: SHORT, 진입가: $89189.20, 현재가: $89504.90, 미실현PnL: $-94.71
2026-01-23 08:35:34,577 - INFO - [지표] ADX=nan, Bull=nan, Bear=nan
2026-01-23 08:40:34,619 - INFO - [상태] 포지션: SHORT, 진입가: $89189.20, 현재가: $89470.80, 미실현PnL: $-84.48
2026-01-23 08:40:34,619 - INFO - [지표] ADX=nan, Bull=nan, Bear=nan
2026-01-23 08:45:00,053 - INFO - [EMA] 증분계산: prev=89405.46, close=89461.7, new=89409.78
2026-01-23 08:45:00,059 - INFO - 15m | 23:30 | O:89399.6 H:89554.2 L:89365.2 C:89461.7
2026-01-23 08:45:00,059 - INFO - 지표: ADX=14.5, ATR=245.2, Bull=False, Bear=True
2026-01-23 08:45:34,660 - INFO - [상태] 포지션: SHORT, 진입가: $89189.20, 현재가: $89478.30, 미실현PnL: $-86.73
2026-01-23 08:45:34,661 - INFO - [지표] ADX=nan, Bull=nan, Bear=nan
2026-01-23 08:50:34,703 - INFO - [상태] 포지션: SHORT, 진입가: $89189.20, 현재가: $89493.60, 미실현PnL: $-91.32
2026-01-23 08:50:34,703 - INFO - [지표] ADX=nan, Bull=nan, Bear=nan
2026-01-23 08:55:34,744 - INFO - [상태] 포지션: SHORT, 진입가: $89189.20, 현재가: $89467.70, 미실현PnL: $-83.55
2026-01-23 08:55:34,744 - INFO - [지표] ADX=nan, Bull=nan, Bear=nan
