2026-01-29 09:00:01,692 - INFO - === 로그 파일 시작: logs/hyper_2026-01-29.log ===
2026-01-29 09:00:01,693 - INFO - [EMA] 증분계산: prev=89262.07, close=89155.4, new=89253.87
2026-01-29 09:00:01,699 - INFO - 15m | 23:45 | O:89165.3 H:89263.0 L:89079.1 C:89155.4
2026-01-29 09:00:01,699 - INFO - 지표: ADX=19.8, ATR=270.7, Bull=True, Bear=False
2026-01-29 09:00:50,840 - INFO - [상태] 포지션 없음, 자본금: $6301.33
2026-01-29 09:00:50,840 - INFO - [지표] ADX=nan, Bull=nan, Bear=nan
2026-01-29 09:05:50,841 - INFO - [상태] 포지션 없음, 자본금: $6301.33
2026-01-29 09:05:50,841 - INFO - [지표] ADX=nan, Bull=nan, Bear=nan
2026-01-29 09:10:50,843 - INFO - [상태] 포지션 없음, 자본금: $6301.33
2026-01-29 09:10:50,844 - INFO - [지표] ADX=nan, Bull=nan, Bear=nan
2026-01-29 09:15:00,034 - INFO - [EMA] 증분계산: prev=89253.87, close=88943.8, new=89230.01
2026-01-29 09:15:00,041 - INFO - 15m | 00:00 | O:89154.9 H:89207.8 L:88943.7 C:88943.8
2026-01-29 09:15:00,041 - INFO - 지표: ADX=20.0, ATR=270.1, Bull=True, Bear=False
2026-01-29 09:15:50,846 - INFO - [상태] 포지션 없음, 자본금: $6301.33
2026-01-29 09:15:50,846 - INFO - [지표] ADX=nan, Bull=nan, Bear=nan
2026-01-29 09:20:50,848 - INFO - [상태] 포지션 없음, 자본금: $6301.33
2026-01-29 09:20:50,848 - INFO - [지표] ADX=nan, Bull=nan, Bear=nan
2026-01-29 09:25:50,849 - INFO - [상태] 포지션 없음, 자본금: $6301.33
2026-01-29 09:25:50,849 - INFO - [지표] ADX=nan, Bull=nan, Bear=nan
2026-01-29 09:30:00,402 - INFO - [EMA] 증분계산: prev=89230.01, close=88890.8, new=89203.92
2026-01-29 09:30:00,408 - INFO - 15m | 00:15 | O:88943.8 H:89003.7 L:88852.0 C:88890.8
2026-01-29 09:30:00,408 - INFO - 지표: ADX=20.4, ATR=260.3, Bull=True, Bear=False
2026-01-29 09:30:50,851 - INFO - [상태] 포지션 없음, 자본금: $6301.33
2026-01-29 09:30:50,851 - INFO - [지표] ADX=nan, Bull=nan, Bear=nan
2026-01-29 09:35:50,854 - INFO - [상태] 포지션 없음, 자본금: $6301.33
2026-01-29 09:35:50,854 - INFO - [지표] ADX=nan, Bull=nan, Bear=nan
2026-01-29 09:40:50,856 - INFO - [상태] 포지션 없음, 자본금: $6301.33
2026-01-29 09:40:50,856 - INFO - [지표] ADX=nan, Bull=nan, Bear=nan
2026-01-29 09:45:00,979 - INFO - [EMA] 증분계산: prev=89203.92, close=88823.5, new=89174.66
2026-01-29 09:45:00,986 - INFO - 15m | 00:30 | O:88893.3 H:89011.5 L:88810.9 C:88823.5
2026-01-29 09:45:00,986 - INFO - 지표: ADX=21.0, ATR=255.3, Bull=False, Bear=False
2026-01-29 09:45:50,861 - INFO - [상태] 포지션 없음, 자본금: $6301.33
2026-01-29 09:45:50,862 - INFO - [지표] ADX=nan, Bull=nan, Bear=nan
2026-01-29 09:50:50,867 - INFO - [상태] 포지션 없음, 자본금: $6301.33
2026-01-29 09:50:50,868 - INFO - [지표] ADX=nan, Bull=nan, Bear=nan
2026-01-29 09:55:50,871 - INFO - [상태] 포지션 없음, 자본금: $6301.33
2026-01-29 09:55:50,871 - INFO - [지표] ADX=nan, Bull=nan, Bear=nan
2026-01-29 10:00:00,949 - INFO - [EMA] 증분계산: prev=89174.66, close=89002.6, new=89161.42
2026-01-29 10:00:00,956 - INFO - 15m | 00:45 | O:88823.5 H:89009.7 L:88743.1 C:89002.6
2026-01-29 10:00:00,956 - INFO - 지표: ADX=21.8, ATR=256.2, Bull=True, Bear=False
2026-01-29 10:00:50,875 - INFO - [상태] 포지션 없음, 자본금: $6301.33
2026-01-29 10:00:50,875 - INFO - [지표] ADX=nan, Bull=nan, Bear=nan
2026-01-29 10:05:50,879 - INFO - [상태] 포지션 없음, 자본금: $6301.33
2026-01-29 10:05:50,879 - INFO - [지표] ADX=nan, Bull=nan, Bear=nan
2026-01-29 10:10:50,884 - INFO - [상태] 포지션 없음, 자본금: $6301.33
2026-01-29 10:10:50,884 - INFO - [지표] ADX=nan, Bull=nan, Bear=nan
2026-01-29 10:15:01,111 - INFO - [EMA] 증분계산: prev=89161.42, close=88961.8, new=89146.07
2026-01-29 10:15:01,121 - INFO - 15m | 01:00 | O:89003.9 H:89017.7 L:88862.7 C:88961.8
2026-01-29 10:15:01,121 - INFO - 지표: ADX=22.4, ATR=247.8, Bull=True, Bear=False
2026-01-29 10:15:50,889 - INFO - [상태] 포지션 없음, 자본금: $6301.33
2026-01-29 10:15:50,889 - INFO - [지표] ADX=nan, Bull=nan, Bear=nan
2026-01-29 10:20:50,890 - INFO - [상태] 포지션 없음, 자본금: $6301.33
2026-01-29 10:20:50,890 - INFO - [지표] ADX=nan, Bull=nan, Bear=nan
2026-01-29 10:25:50,893 - INFO - [상태] 포지션 없음, 자본금: $6301.33
2026-01-29 10:25:50,894 - INFO - [지표] ADX=nan, Bull=nan, Bear=nan
2026-01-29 10:30:00,226 - INFO - [EMA] 증분계산: prev=89146.07, close=88677.4, new=89110.02
2026-01-29 10:30:00,236 - INFO - 15m | 01:15 | O:88963.1 H:88963.1 L:88462.6 C:88677.4
2026-01-29 10:30:00,236 - INFO - 지표: ADX=24.2, ATR=268.9, Bull=False, Bear=False
2026-01-29 10:30:50,895 - INFO - [상태] 포지션 없음, 자본금: $6301.33
2026-01-29 10:30:50,895 - INFO - [지표] ADX=nan, Bull=nan, Bear=nan
2026-01-29 10:35:50,897 - INFO - [상태] 포지션 없음, 자본금: $6301.33
2026-01-29 10:35:50,898 - INFO - [지표] ADX=nan, Bull=nan, Bear=nan
2026-01-29 10:40:50,900 - INFO - [상태] 포지션 없음, 자본금: $6301.33
2026-01-29 10:40:50,901 - INFO - [지표] ADX=nan, Bull=nan, Bear=nan
2026-01-29 10:45:00,760 - INFO - [EMA] 증분계산: prev=89110.02, close=88689.0, new=89077.63
2026-01-29 10:45:00,767 - INFO - 15m | 01:30 | O:88676.2 H:88753.9 L:88585.3 C:88689.0
2026-01-29 10:45:00,767 - INFO - 지표: ADX=25.9, ATR=260.5, Bull=False, Bear=False
2026-01-29 10:45:50,902 - INFO - [상태] 포지션 없음, 자본금: $6301.33
2026-01-29 10:45:50,903 - INFO - [지표] ADX=nan, Bull=nan, Bear=nan
2026-01-29 10:50:50,903 - INFO - [상태] 포지션 없음, 자본금: $6301.33
2026-01-29 10:50:50,904 - INFO - [지표] ADX=nan, Bull=nan, Bear=nan
2026-01-29 10:55:50,906 - INFO - [상태] 포지션 없음, 자본금: $6301.33
2026-01-29 10:55:50,907 - INFO - [지표] ADX=nan, Bull=nan, Bear=nan
2026-01-29 11:00:00,452 - INFO - [EMA] 증분계산: prev=89077.63, close=88457.9, new=89029.96
2026-01-29 11:00:00,461 - INFO - 15m | 01:45 | O:88687.7 H:88773.4 L:88400.0 C:88457.9
2026-01-29 11:00:00,461 - INFO - 지표: ADX=27.8, ATR=269.9, Bull=False, Bear=False
2026-01-29 11:00:50,912 - INFO - [상태] 포지션 없음, 자본금: $6301.33
2026-01-29 11:00:50,912 - INFO - [지표] ADX=nan, Bull=nan, Bear=nan
2026-01-29 11:05:50,916 - INFO - [상태] 포지션 없음, 자본금: $6301.33
2026-01-29 11:05:50,917 - INFO - [지표] ADX=nan, Bull=nan, Bear=nan
2026-01-29 11:10:50,918 - INFO - [상태] 포지션 없음, 자본금: $6301.33
2026-01-29 11:10:50,918 - INFO - [지표] ADX=nan, Bull=nan, Bear=nan
2026-01-29 11:15:03,046 - INFO - [EMA] 증분계산: prev=89029.96, close=88546.7, new=88992.78
2026-01-29 11:15:03,055 - INFO - 15m | 02:00 | O:88457.9 H:88615.3 L:88317.2 C:88546.7
2026-01-29 11:15:03,056 - INFO - 지표: ADX=29.8, ATR=272.3, Bull=False, Bear=False
2026-01-29 11:15:50,922 - INFO - [상태] 포지션 없음, 자본금: $6301.33
2026-01-29 11:15:50,922 - INFO - [지표] ADX=nan, Bull=nan, Bear=nan
2026-01-29 11:20:50,929 - INFO - [상태] 포지션 없음, 자본금: $6301.33
2026-01-29 11:20:50,929 - INFO - [지표] ADX=nan, Bull=nan, Bear=nan
2026-01-29 11:25:50,931 - INFO - [상태] 포지션 없음, 자본금: $6301.33
2026-01-29 11:25:50,932 - INFO - [지표] ADX=nan, Bull=nan, Bear=nan
2026-01-29 11:30:01,245 - INFO - [EMA] 증분계산: prev=88992.78, close=88465.9, new=88952.26
2026-01-29 11:30:01,255 - INFO - 15m | 02:15 | O:88545.8 H:88586.9 L:88423.6 C:88465.9
2026-01-29 11:30:01,255 - INFO - 지표: ADX=31.7, ATR=263.2, Bull=False, Bear=False
2026-01-29 11:30:50,933 - INFO - [상태] 포지션 없음, 자본금: $6301.33
2026-01-29 11:30:50,933 - INFO - [지표] ADX=nan, Bull=nan, Bear=nan
2026-01-29 11:35:50,934 - INFO - [상태] 포지션 없음, 자본금: $6301.33
2026-01-29 11:35:50,934 - INFO - [지표] ADX=nan, Bull=nan, Bear=nan
2026-01-29 11:40:50,935 - INFO - [상태] 포지션 없음, 자본금: $6301.33
2026-01-29 11:40:50,935 - INFO - [지표] ADX=nan, Bull=nan, Bear=nan
2026-01-29 11:45:00,299 - INFO - [EMA] 증분계산: prev=88952.26, close=88011.2, new=88879.87
2026-01-29 11:45:00,306 - INFO - 15m | 02:30 | O:88467.8 H:88474.9 L:87876.1 C:88011.2
2026-01-29 11:45:00,306 - INFO - 지표: ADX=34.3, ATR=291.2, Bull=False, Bear=False
2026-01-29 11:45:50,936 - INFO - [상태] 포지션 없음, 자본금: $6301.33
2026-01-29 11:45:50,936 - INFO - [지표] ADX=nan, Bull=nan, Bear=nan
2026-01-29 11:50:50,937 - INFO - [상태] 포지션 없음, 자본금: $6301.33
2026-01-29 11:50:50,938 - INFO - [지표] ADX=nan, Bull=nan, Bear=nan
2026-01-29 11:55:50,939 - INFO - [상태] 포지션 없음, 자본금: $6301.33
2026-01-29 11:55:50,939 - INFO - [지표] ADX=nan, Bull=nan, Bear=nan
2026-01-29 12:00:00,078 - INFO - [EMA] 증분계산: prev=88879.87, close=87762.0, new=88793.88
2026-01-29 12:00:00,085 - INFO - 15m | 02:45 | O:88009.3 H:88009.3 L:87550.0 C:87762.0
2026-01-29 12:00:00,085 - INFO - 지표: ADX=37.1, ATR=305.3, Bull=False, Bear=False
2026-01-29 12:00:50,941 - INFO - [상태] 포지션 없음, 자본금: $6301.33
2026-01-29 12:00:50,941 - INFO - [지표] ADX=nan, Bull=nan, Bear=nan
2026-01-29 12:05:50,942 - INFO - [상태] 포지션 없음, 자본금: $6301.33
2026-01-29 12:05:50,943 - INFO - [지표] ADX=nan, Bull=nan, Bear=nan
2026-01-29 12:10:50,944 - INFO - [상태] 포지션 없음, 자본금: $6301.33
2026-01-29 12:10:50,944 - INFO - [지표] ADX=nan, Bull=nan, Bear=nan
2026-01-29 12:15:00,032 - INFO - [EMA] 증분계산: prev=88793.88, close=87933.0, new=88727.66
2026-01-29 12:15:00,039 - INFO - 15m | 03:00 | O:87762.0 H:88110.9 L:87625.2 C:87933.0
2026-01-29 12:15:00,039 - INFO - 지표: ADX=39.0, ATR=320.4, Bull=False, Bear=False
2026-01-29 12:15:50,945 - INFO - [상태] 포지션 없음, 자본금: $6301.33
2026-01-29 12:15:50,945 - INFO - [지표] ADX=nan, Bull=nan, Bear=nan
2026-01-29 12:20:50,948 - INFO - [상태] 포지션 없음, 자본금: $6301.33
2026-01-29 12:20:50,949 - INFO - [지표] ADX=nan, Bull=nan, Bear=nan
2026-01-29 12:25:50,951 - INFO - [상태] 포지션 없음, 자본금: $6301.33
2026-01-29 12:25:50,951 - INFO - [지표] ADX=nan, Bull=nan, Bear=nan
2026-01-29 12:30:00,142 - INFO - [EMA] 증분계산: prev=88727.66, close=87892.0, new=88663.37
2026-01-29 12:30:00,152 - INFO - 15m | 03:15 | O:87933.8 H:88053.6 L:87833.0 C:87892.0
2026-01-29 12:30:00,152 - INFO - 지표: ADX=40.9, ATR=312.0, Bull=False, Bear=False
2026-01-29 12:30:50,953 - INFO - [상태] 포지션 없음, 자본금: $6301.33
2026-01-29 12:30:50,953 - INFO - [지표] ADX=nan, Bull=nan, Bear=nan
2026-01-29 12:35:50,954 - INFO - [상태] 포지션 없음, 자본금: $6301.33
2026-01-29 12:35:50,955 - INFO - [지표] ADX=nan, Bull=nan, Bear=nan
2026-01-29 12:40:50,958 - INFO - [상태] 포지션 없음, 자본금: $6301.33
2026-01-29 12:40:50,958 - INFO - [지표] ADX=nan, Bull=nan, Bear=nan
2026-01-29 12:45:00,592 - INFO - [EMA] 증분계산: prev=88663.37, close=87968.6, new=88609.93
2026-01-29 12:45:00,599 - INFO - 15m | 03:30 | O:87892.0 H:87985.8 L:87803.4 C:87968.6
2026-01-29 12:45:00,599 - INFO - 지표: ADX=42.6, ATR=301.2, Bull=False, Bear=False
2026-01-29 12:45:50,960 - INFO - [상태] 포지션 없음, 자본금: $6301.33
2026-01-29 12:45:50,961 - INFO - [지표] ADX=nan, Bull=nan, Bear=nan
2026-01-29 12:50:50,962 - INFO - [상태] 포지션 없음, 자본금: $6301.33
2026-01-29 12:50:50,962 - INFO - [지표] ADX=nan, Bull=nan, Bear=nan
2026-01-29 12:55:50,963 - INFO - [상태] 포지션 없음, 자본금: $6301.33
2026-01-29 12:55:50,963 - INFO - [지표] ADX=nan, Bull=nan, Bear=nan
2026-01-29 13:00:01,345 - INFO - [EMA] 증분계산: prev=88609.93, close=87900.3, new=88555.34
2026-01-29 13:00:01,351 - INFO - 15m | 03:45 | O:87973.6 H:88017.1 L:87828.5 C:87900.3
2026-01-29 13:00:01,351 - INFO - 지표: ADX=44.0, ATR=291.9, Bull=False, Bear=False
2026-01-29 13:00:50,966 - INFO - [상태] 포지션 없음, 자본금: $6301.33
2026-01-29 13:00:50,966 - INFO - [지표] ADX=nan, Bull=nan, Bear=nan
2026-01-29 13:05:50,969 - INFO - [상태] 포지션 없음, 자본금: $6301.33
2026-01-29 13:05:50,969 - INFO - [지표] ADX=nan, Bull=nan, Bear=nan
2026-01-29 13:10:50,970 - INFO - [상태] 포지션 없음, 자본금: $6301.33
2026-01-29 13:10:50,970 - INFO - [지표] ADX=nan, Bull=nan, Bear=nan
2026-01-29 13:15:00,532 - INFO - [EMA] 증분계산: prev=88555.34, close=87837.0, new=88500.09
2026-01-29 13:15:00,538 - INFO - 15m | 04:00 | O:87900.4 H:87943.1 L:87810.7 C:87837.0
2026-01-29 13:15:00,538 - INFO - 지표: ADX=45.3, ATR=278.6, Bull=False, Bear=False
2026-01-29 13:15:50,973 - INFO - [상태] 포지션 없음, 자본금: $6301.33
2026-01-29 13:15:50,974 - INFO - [지표] ADX=nan, Bull=nan, Bear=nan
2026-01-29 13:20:50,976 - INFO - [상태] 포지션 없음, 자본금: $6301.33
2026-01-29 13:20:50,977 - INFO - [지표] ADX=nan, Bull=nan, Bear=nan
2026-01-29 13:25:50,980 - INFO - [상태] 포지션 없음, 자본금: $6301.33
2026-01-29 13:25:50,980 - INFO - [지표] ADX=nan, Bull=nan, Bear=nan
2026-01-29 13:30:00,570 - INFO - [EMA] 증분계산: prev=88500.09, close=87920.8, new=88455.53
2026-01-29 13:30:00,577 - INFO - 15m | 04:15 | O:87836.9 H:87924.9 L:87750.1 C:87920.8
2026-01-29 13:30:00,577 - INFO - 지표: ADX=46.7, ATR=269.9, Bull=False, Bear=False
2026-01-29 13:30:50,983 - INFO - [상태] 포지션 없음, 자본금: $6301.33
2026-01-29 13:30:50,983 - INFO - [지표] ADX=nan, Bull=nan, Bear=nan
2026-01-29 13:35:50,984 - INFO - [상태] 포지션 없음, 자본금: $6301.33
2026-01-29 13:35:50,984 - INFO - [지표] ADX=nan, Bull=nan, Bear=nan
2026-01-29 13:40:50,987 - INFO - [상태] 포지션 없음, 자본금: $6301.33
2026-01-29 13:40:50,987 - INFO - [지표] ADX=nan, Bull=nan, Bear=nan
2026-01-29 13:45:00,416 - INFO - [EMA] 증분계산: prev=88455.53, close=88011.0, new=88421.33
2026-01-29 13:45:00,426 - INFO - 15m | 04:30 | O:87920.7 H:88100.0 L:87920.3 C:88011.0
2026-01-29 13:45:00,426 - INFO - 지표: ADX=46.7, ATR=262.4, Bull=False, Bear=False
2026-01-29 13:45:50,989 - INFO - [상태] 포지션 없음, 자본금: $6301.33
2026-01-29 13:45:50,989 - INFO - [지표] ADX=nan, Bull=nan, Bear=nan
2026-01-29 13:50:50,990 - INFO - [상태] 포지션 없음, 자본금: $6301.33
2026-01-29 13:50:50,991 - INFO - [지표] ADX=nan, Bull=nan, Bear=nan
2026-01-29 13:55:50,992 - INFO - [상태] 포지션 없음, 자본금: $6301.33
2026-01-29 13:55:50,992 - INFO - [지표] ADX=nan, Bull=nan, Bear=nan
2026-01-29 14:00:00,695 - INFO - [EMA] 증분계산: prev=88421.33, close=88160.0, new=88401.23
2026-01-29 14:00:00,701 - INFO - 15m | 04:45 | O:88011.0 H:88204.9 L:88006.4 C:88160.0
2026-01-29 14:00:00,701 - INFO - 지표: ADX=46.0, ATR=257.1, Bull=False, Bear=False
2026-01-29 14:00:50,994 - INFO - [상태] 포지션 없음, 자본금: $6301.33
2026-01-29 14:00:50,995 - INFO - [지표] ADX=nan, Bull=nan, Bear=nan
2026-01-29 14:05:50,997 - INFO - [상태] 포지션 없음, 자본금: $6301.33
2026-01-29 14:05:50,998 - INFO - [지표] ADX=nan, Bull=nan, Bear=nan
2026-01-29 14:10:51,003 - INFO - [상태] 포지션 없음, 자본금: $6301.33
2026-01-29 14:10:51,003 - INFO - [지표] ADX=nan, Bull=nan, Bear=nan
2026-01-29 14:15:01,681 - INFO - [EMA] 증분계산: prev=88401.23, close=88161.0, new=88382.75
2026-01-29 14:15:01,688 - INFO - 15m | 05:00 | O:88160.0 H:88265.3 L:88112.0 C:88161.0
2026-01-29 14:15:01,688 - INFO - 지표: ADX=44.9, ATR=248.4, Bull=False, Bear=False
2026-01-29 14:15:51,006 - INFO - [상태] 포지션 없음, 자본금: $6301.33
2026-01-29 14:15:51,006 - INFO - [지표] ADX=nan, Bull=nan, Bear=nan
2026-01-29 14:20:51,008 - INFO - [상태] 포지션 없음, 자본금: $6301.33
2026-01-29 14:20:51,008 - INFO - [지표] ADX=nan, Bull=nan, Bear=nan
2026-01-29 14:25:51,017 - INFO - [상태] 포지션 없음, 자본금: $6301.33
2026-01-29 14:25:51,017 - INFO - [지표] ADX=nan, Bull=nan, Bear=nan
2026-01-29 14:30:00,196 - INFO - [EMA] 증분계산: prev=88382.75, close=88066.0, new=88358.38
2026-01-29 14:30:00,203 - INFO - 15m | 05:15 | O:88160.9 H:88204.6 L:88043.7 C:88066.0
2026-01-29 14:30:00,203 - INFO - 지표: ADX=44.2, ATR=241.1, Bull=False, Bear=False
2026-01-29 14:30:51,019 - INFO - [상태] 포지션 없음, 자본금: $6301.33
2026-01-29 14:30:51,019 - INFO - [지표] ADX=nan, Bull=nan, Bear=nan
2026-01-29 14:35:51,021 - INFO - [상태] 포지션 없음, 자본금: $6301.33
2026-01-29 14:35:51,021 - INFO - [지표] ADX=nan, Bull=nan, Bear=nan
2026-01-29 14:40:51,025 - INFO - [상태] 포지션 없음, 자본금: $6301.33
2026-01-29 14:40:51,026 - INFO - [지표] ADX=nan, Bull=nan, Bear=nan
2026-01-29 14:45:01,072 - INFO - [EMA] 증분계산: prev=88358.38, close=88164.0, new=88343.43
2026-01-29 14:45:01,079 - INFO - 15m | 05:30 | O:88067.0 H:88229.6 L:88060.6 C:88164.0
2026-01-29 14:45:01,079 - INFO - 지표: ADX=43.3, ATR=235.1, Bull=False, Bear=False
2026-01-29 14:45:51,027 - INFO - [상태] 포지션 없음, 자본금: $6301.33
2026-01-29 14:45:51,028 - INFO - [지표] ADX=nan, Bull=nan, Bear=nan
2026-01-29 14:50:51,028 - INFO - [상태] 포지션 없음, 자본금: $6301.33
2026-01-29 14:50:51,028 - INFO - [지표] ADX=nan, Bull=nan, Bear=nan
2026-01-29 14:55:51,029 - INFO - [상태] 포지션 없음, 자본금: $6301.33
2026-01-29 14:55:51,030 - INFO - [지표] ADX=nan, Bull=nan, Bear=nan
2026-01-29 15:00:00,082 - INFO - [EMA] 증분계산: prev=88343.43, close=88044.2, new=88320.41
2026-01-29 15:00:00,092 - INFO - 15m | 05:45 | O:88165.8 H:88177.4 L:87988.7 C:88044.2
2026-01-29 15:00:00,092 - INFO - 지표: ADX=42.8, ATR=231.3, Bull=False, Bear=False
2026-01-29 15:00:51,032 - INFO - [상태] 포지션 없음, 자본금: $6301.33
2026-01-29 15:00:51,033 - INFO - [지표] ADX=nan, Bull=nan, Bear=nan
2026-01-29 15:05:51,036 - INFO - [상태] 포지션 없음, 자본금: $6301.33
2026-01-29 15:05:51,037 - INFO - [지표] ADX=nan, Bull=nan, Bear=nan
2026-01-29 15:10:51,038 - INFO - [상태] 포지션 없음, 자본금: $6301.33
2026-01-29 15:10:51,038 - INFO - [지표] ADX=nan, Bull=nan, Bear=nan
2026-01-29 15:15:02,132 - INFO - [EMA] 증분계산: prev=88320.41, close=88108.0, new=88304.07
2026-01-29 15:15:02,138 - INFO - 15m | 06:00 | O:88044.2 H:88173.1 L:88020.5 C:88108.0
2026-01-29 15:15:02,138 - INFO - 지표: ADX=42.3, ATR=224.7, Bull=False, Bear=False
2026-01-29 15:15:51,040 - INFO - [상태] 포지션 없음, 자본금: $6301.33
2026-01-29 15:15:51,041 - INFO - [지표] ADX=nan, Bull=nan, Bear=nan
2026-01-29 15:20:51,042 - INFO - [상태] 포지션 없음, 자본금: $6301.33
2026-01-29 15:20:51,043 - INFO - [지표] ADX=nan, Bull=nan, Bear=nan
2026-01-29 15:25:51,044 - INFO - [상태] 포지션 없음, 자본금: $6301.33
2026-01-29 15:25:51,044 - INFO - [지표] ADX=nan, Bull=nan, Bear=nan
2026-01-29 15:30:00,307 - INFO - [EMA] 증분계산: prev=88304.07, close=88139.7, new=88291.43
2026-01-29 15:30:00,317 - INFO - 15m | 06:15 | O:88108.0 H:88165.6 L:88042.0 C:88139.7
2026-01-29 15:30:00,317 - INFO - 지표: ADX=41.8, ATR=216.3, Bull=False, Bear=False
2026-01-29 15:30:51,048 - INFO - [상태] 포지션 없음, 자본금: $6301.33
2026-01-29 15:30:51,048 - INFO - [지표] ADX=nan, Bull=nan, Bear=nan
2026-01-29 15:35:51,050 - INFO - [상태] 포지션 없음, 자본금: $6301.33
2026-01-29 15:35:51,051 - INFO - [지표] ADX=nan, Bull=nan, Bear=nan
2026-01-29 15:40:51,053 - INFO - [상태] 포지션 없음, 자본금: $6301.33
2026-01-29 15:40:51,054 - INFO - [지표] ADX=nan, Bull=nan, Bear=nan
2026-01-29 15:45:00,497 - INFO - [EMA] 증분계산: prev=88291.43, close=88179.0, new=88282.78
2026-01-29 15:45:00,507 - INFO - 15m | 06:30 | O:88139.6 H:88193.7 L:88106.5 C:88179.0
2026-01-29 15:45:00,507 - INFO - 지표: ADX=41.1, ATR=205.5, Bull=False, Bear=False
2026-01-29 15:45:51,055 - INFO - [상태] 포지션 없음, 자본금: $6301.33
2026-01-29 15:45:51,056 - INFO - [지표] ADX=nan, Bull=nan, Bear=nan
2026-01-29 15:50:51,060 - INFO - [상태] 포지션 없음, 자본금: $6301.33
2026-01-29 15:50:51,060 - INFO - [지표] ADX=nan, Bull=nan, Bear=nan
2026-01-29 15:55:51,064 - INFO - [상태] 포지션 없음, 자본금: $6301.33
2026-01-29 15:55:51,065 - INFO - [지표] ADX=nan, Bull=nan, Bear=nan
2026-01-29 16:00:00,643 - INFO - [EMA] 증분계산: prev=88282.78, close=88175.8, new=88274.55
2026-01-29 16:00:00,650 - INFO - 15m | 06:45 | O:88179.0 H:88192.9 L:88102.5 C:88175.8
2026-01-29 16:00:00,650 - INFO - 지표: ADX=40.5, ATR=195.9, Bull=False, Bear=False
2026-01-29 16:00:51,068 - INFO - [상태] 포지션 없음, 자본금: $6301.33
2026-01-29 16:00:51,069 - INFO - [지표] ADX=nan, Bull=nan, Bear=nan
2026-01-29 16:05:51,070 - INFO - [상태] 포지션 없음, 자본금: $6301.33
2026-01-29 16:05:51,071 - INFO - [지표] ADX=nan, Bull=nan, Bear=nan
2026-01-29 16:10:51,071 - INFO - [상태] 포지션 없음, 자본금: $6301.33
2026-01-29 16:10:51,072 - INFO - [지표] ADX=nan, Bull=nan, Bear=nan
2026-01-29 16:15:00,251 - INFO - [EMA] 증분계산: prev=88274.55, close=88182.1, new=88267.44
2026-01-29 16:15:00,258 - INFO - 15m | 07:00 | O:88175.9 H:88241.1 L:88153.0 C:88182.1
2026-01-29 16:15:00,258 - INFO - 지표: ADX=39.5, ATR=186.9, Bull=False, Bear=False
2026-01-29 16:15:51,073 - INFO - [상태] 포지션 없음, 자본금: $6301.33
2026-01-29 16:15:51,073 - INFO - [지표] ADX=nan, Bull=nan, Bear=nan
2026-01-29 16:20:51,074 - INFO - [상태] 포지션 없음, 자본금: $6301.33
2026-01-29 16:20:51,075 - INFO - [지표] ADX=nan, Bull=nan, Bear=nan
2026-01-29 16:25:51,077 - INFO - [상태] 포지션 없음, 자본금: $6301.33
2026-01-29 16:25:51,077 - INFO - [지표] ADX=nan, Bull=nan, Bear=nan
2026-01-29 16:30:03,035 - INFO - [EMA] 증분계산: prev=88267.44, close=88128.1, new=88256.72
2026-01-29 16:30:03,045 - INFO - 15m | 07:15 | O:88182.1 H:88209.3 L:88108.7 C:88128.1
2026-01-29 16:30:03,045 - INFO - 지표: ADX=38.8, ATR=179.7, Bull=False, Bear=False
2026-01-29 16:30:51,080 - INFO - [상태] 포지션 없음, 자본금: $6301.33
2026-01-29 16:30:51,080 - INFO - [지표] ADX=nan, Bull=nan, Bear=nan
2026-01-29 16:35:51,082 - INFO - [상태] 포지션 없음, 자본금: $6301.33
2026-01-29 16:35:51,082 - INFO - [지표] ADX=nan, Bull=nan, Bear=nan
2026-01-29 16:40:51,083 - INFO - [상태] 포지션 없음, 자본금: $6301.33
2026-01-29 16:40:51,084 - INFO - [지표] ADX=nan, Bull=nan, Bear=nan
2026-01-29 16:45:00,579 - INFO - [EMA] 증분계산: prev=88256.72, close=88198.4, new=88252.24
2026-01-29 16:45:00,588 - INFO - 15m | 07:30 | O:88128.1 H:88224.7 L:88106.5 C:88198.4
2026-01-29 16:45:00,588 - INFO - 지표: ADX=38.0, ATR=174.6, Bull=False, Bear=False
2026-01-29 16:45:51,085 - INFO - [상태] 포지션 없음, 자본금: $6301.33
2026-01-29 16:45:51,085 - INFO - [지표] ADX=nan, Bull=nan, Bear=nan
2026-01-29 16:50:51,086 - INFO - [상태] 포지션 없음, 자본금: $6301.33
2026-01-29 16:50:51,086 - INFO - [지표] ADX=nan, Bull=nan, Bear=nan
2026-01-29 16:55:51,089 - INFO - [상태] 포지션 없음, 자본금: $6301.33
2026-01-29 16:55:51,089 - INFO - [지표] ADX=nan, Bull=nan, Bear=nan
2026-01-29 17:00:02,563 - INFO - [EMA] 증분계산: prev=88252.24, close=88208.0, new=88248.83
2026-01-29 17:00:02,570 - INFO - 15m | 07:45 | O:88198.4 H:88300.0 L:88133.2 C:88208.0
2026-01-29 17:00:02,570 - INFO - 지표: ADX=36.6, ATR=174.0, Bull=False, Bear=False
2026-01-29 17:00:51,092 - INFO - [상태] 포지션 없음, 자본금: $6301.33
2026-01-29 17:00:51,092 - INFO - [지표] ADX=nan, Bull=nan, Bear=nan
2026-01-29 17:05:51,093 - INFO - [상태] 포지션 없음, 자본금: $6301.33
2026-01-29 17:05:51,093 - INFO - [지표] ADX=nan, Bull=nan, Bear=nan
2026-01-29 17:10:51,096 - INFO - [상태] 포지션 없음, 자본금: $6301.33
2026-01-29 17:10:51,097 - INFO - [지표] ADX=nan, Bull=nan, Bear=nan
2026-01-29 17:15:00,432 - INFO - [EMA] 증분계산: prev=88248.83, close=87816.9, new=88215.61
2026-01-29 17:15:00,441 - INFO - 15m | 08:00 | O:88208.1 H:88208.1 L:87814.3 C:87816.9
2026-01-29 17:15:00,441 - INFO - 지표: ADX=36.8, ATR=192.3, Bull=False, Bear=False
2026-01-29 17:15:51,098 - INFO - [상태] 포지션 없음, 자본금: $6301.33
2026-01-29 17:15:51,098 - INFO - [지표] ADX=nan, Bull=nan, Bear=nan
2026-01-29 17:20:51,106 - INFO - [상태] 포지션 없음, 자본금: $6301.33
2026-01-29 17:20:51,106 - INFO - [지표] ADX=nan, Bull=nan, Bear=nan
2026-01-29 17:25:51,107 - INFO - [상태] 포지션 없음, 자본금: $6301.33
2026-01-29 17:25:51,108 - INFO - [지표] ADX=nan, Bull=nan, Bear=nan
2026-01-29 17:30:00,081 - INFO - [EMA] 증분계산: prev=88215.61, close=88301.8, new=88222.24
2026-01-29 17:30:00,087 - INFO - 15m | 08:15 | O:87816.9 H:88333.0 L:87767.3 C:88301.8
2026-01-29 17:30:00,087 - INFO - 지표: ADX=36.0, ATR=223.4, Bull=False, Bear=False
2026-01-29 17:30:51,108 - INFO - [상태] 포지션 없음, 자본금: $6301.33
2026-01-29 17:30:51,109 - INFO - [지표] ADX=nan, Bull=nan, Bear=nan
2026-01-29 17:35:51,110 - INFO - [상태] 포지션 없음, 자본금: $6301.33
2026-01-29 17:35:51,111 - INFO - [지표] ADX=nan, Bull=nan, Bear=nan
2026-01-29 17:40:51,112 - INFO - [상태] 포지션 없음, 자본금: $6301.33
2026-01-29 17:40:51,112 - INFO - [지표] ADX=nan, Bull=nan, Bear=nan
2026-01-29 17:45:01,032 - INFO - [EMA] 증분계산: prev=88222.24, close=87983.3, new=88203.86
2026-01-29 17:45:01,039 - INFO - 15m | 08:30 | O:88301.7 H:88349.0 L:87946.1 C:87983.3
2026-01-29 17:45:01,039 - INFO - 지표: ADX=35.1, ATR=238.4, Bull=False, Bear=True
2026-01-29 17:45:01,039 - INFO - [LIVE] SHORT 신호 감지!
2026-01-29 17:45:01,039 - INFO - ==================================================
2026-01-29 17:45:01,039 - INFO - [LIVE] SHORT 진입 준비
2026-01-29 17:45:01,039 - INFO - 진입가: $87983.30
2026-01-29 17:45:01,039 - INFO - 손절가: $88773.40 (0.90%)
2026-01-29 17:45:01,039 - INFO - 익절가: $86911.80 (1.22%)
2026-01-29 17:45:01,039 - INFO - 레버리지: 7.16x
2026-01-29 17:45:01,039 - INFO - 포지션 크기: 0.512797 BTC ($45117.54)
2026-01-29 17:45:01,039 - INFO - ==================================================
2026-01-29 17:45:01,134 - INFO - Leverage 설정: 8x
2026-01-29 17:45:01,181 - INFO - Market Order 체결: SHORT 0.513
2026-01-29 17:45:02,690 - INFO - 실제 체결가: $87981.70, 수량: 0.513000
2026-01-29 17:45:02,749 - INFO - LIMIT Close 주문: SHORT 0.513 @ $86910.2, ID: 42856811660
2026-01-29 17:45:02,749 - INFO - TP 주문 설정: $86910.20
2026-01-29 17:45:02,801 - INFO - STOP_MARKET 주문 (Algo): $88773.4, AlgoID: 3000000454070817
2026-01-29 17:45:02,801 - INFO - SL 주문 설정: $88773.40
2026-01-29 17:45:02,801 - INFO - 거래 기록 저장: ENTRY @ $87981.70
2026-01-29 17:45:02,801 - INFO - [LIVE] SHORT 진입 완료!
2026-01-29 17:45:51,154 - INFO - [상태] 포지션: SHORT, 진입가: $87981.70, 현재가: $88025.70, 미실현PnL: $-22.57
2026-01-29 17:45:51,154 - INFO - [지표] ADX=nan, Bull=nan, Bear=nan
2026-01-29 17:50:51,207 - INFO - [상태] 포지션: SHORT, 진입가: $87981.70, 현재가: $87846.90, 미실현PnL: $69.15
2026-01-29 17:50:51,207 - INFO - [지표] ADX=nan, Bull=nan, Bear=nan
2026-01-29 17:55:51,248 - INFO - [상태] 포지션: SHORT, 진입가: $87981.70, 현재가: $87861.40, 미실현PnL: $61.71
2026-01-29 17:55:51,248 - INFO - [지표] ADX=nan, Bull=nan, Bear=nan
2026-01-29 18:00:00,618 - INFO - [EMA] 증분계산: prev=88203.86, close=87910.3, new=88181.28
2026-01-29 18:00:00,625 - INFO - 15m | 08:45 | O:87983.2 H:88066.1 L:87778.0 C:87910.3
2026-01-29 18:00:00,625 - INFO - 지표: ADX=35.0, ATR=242.5, Bull=False, Bear=True
2026-01-29 18:00:51,291 - INFO - [상태] 포지션: SHORT, 진입가: $87981.70, 현재가: $87890.50, 미실현PnL: $46.79
2026-01-29 18:00:51,291 - INFO - [지표] ADX=nan, Bull=nan, Bear=nan
2026-01-29 18:05:51,332 - INFO - [상태] 포지션: SHORT, 진입가: $87981.70, 현재가: $87960.40, 미실현PnL: $10.93
2026-01-29 18:05:51,332 - INFO - [지표] ADX=nan, Bull=nan, Bear=nan
2026-01-29 18:10:51,376 - INFO - [상태] 포지션: SHORT, 진입가: $87981.70, 현재가: $87892.40, 미실현PnL: $45.81
2026-01-29 18:10:51,376 - INFO - [지표] ADX=nan, Bull=nan, Bear=nan
2026-01-29 18:15:00,879 - INFO - [EMA] 증분계산: prev=88181.28, close=87853.6, new=88156.07
2026-01-29 18:15:00,886 - INFO - 15m | 09:00 | O:87910.3 H:88005.9 L:87837.2 C:87853.6
2026-01-29 18:15:00,886 - INFO - 지표: ADX=34.9, ATR=236.4, Bull=False, Bear=True
2026-01-29 18:15:51,421 - INFO - [상태] 포지션: SHORT, 진입가: $87981.70, 현재가: $87890.30, 미실현PnL: $46.89
2026-01-29 18:15:51,422 - INFO - [지표] ADX=nan, Bull=nan, Bear=nan
2026-01-29 18:20:51,469 - INFO - [상태] 포지션: SHORT, 진입가: $87981.70, 현재가: $87879.50, 미실현PnL: $52.43
2026-01-29 18:20:51,470 - INFO - [지표] ADX=nan, Bull=nan, Bear=nan
2026-01-29 18:25:51,512 - INFO - [상태] 포지션: SHORT, 진입가: $87981.70, 현재가: $87903.80, 미실현PnL: $39.96
2026-01-29 18:25:51,512 - INFO - [지표] ADX=nan, Bull=nan, Bear=nan
2026-01-29 18:30:03,041 - INFO - [EMA] 증분계산: prev=88156.07, close=87878.7, new=88134.73
2026-01-29 18:30:03,048 - INFO - 15m | 09:15 | O:87853.6 H:87932.5 L:87850.1 C:87878.7
2026-01-29 18:30:03,048 - INFO - 지표: ADX=34.8, ATR=223.5, Bull=False, Bear=True
2026-01-29 18:30:51,555 - INFO - [상태] 포지션: SHORT, 진입가: $87981.70, 현재가: $87870.30, 미실현PnL: $57.15
2026-01-29 18:30:51,555 - INFO - [지표] ADX=nan, Bull=nan, Bear=nan
2026-01-29 18:35:51,597 - INFO - [상태] 포지션: SHORT, 진입가: $87981.70, 현재가: $87854.80, 미실현PnL: $65.10
2026-01-29 18:35:51,597 - INFO - [지표] ADX=nan, Bull=nan, Bear=nan
2026-01-29 18:40:51,643 - INFO - [상태] 포지션: SHORT, 진입가: $87981.70, 현재가: $87933.80, 미실현PnL: $24.57
2026-01-29 18:40:51,643 - INFO - [지표] ADX=nan, Bull=nan, Bear=nan
2026-01-29 18:45:00,532 - INFO - [EMA] 증분계산: prev=88134.73, close=87876.1, new=88114.84
2026-01-29 18:45:00,539 - INFO - 15m | 09:30 | O:87878.7 H:87982.8 L:87808.0 C:87876.1
2026-01-29 18:45:00,539 - INFO - 지표: ADX=34.3, ATR=219.5, Bull=False, Bear=True
2026-01-29 18:45:51,685 - INFO - [상태] 포지션: SHORT, 진입가: $87981.70, 현재가: $87878.70, 미실현PnL: $52.84
2026-01-29 18:45:51,685 - INFO - [지표] ADX=nan, Bull=nan, Bear=nan
2026-01-29 18:50:51,730 - INFO - [상태] 포지션: SHORT, 진입가: $87981.70, 현재가: $87808.20, 미실현PnL: $89.01
2026-01-29 18:50:51,731 - INFO - [지표] ADX=nan, Bull=nan, Bear=nan
2026-01-29 18:55:51,773 - INFO - [상태] 포지션: SHORT, 진입가: $87981.70, 현재가: $87759.10, 미실현PnL: $114.19
2026-01-29 18:55:51,773 - INFO - [지표] ADX=nan, Bull=nan, Bear=nan
2026-01-29 19:00:00,692 - INFO - [EMA] 증분계산: prev=88114.84, close=87742.6, new=88086.21
2026-01-29 19:00:00,698 - INFO - 15m | 09:45 | O:87876.0 H:87883.4 L:87727.0 C:87742.6
2026-01-29 19:00:00,699 - INFO - 지표: ADX=34.2, ATR=214.2, Bull=False, Bear=True
2026-01-29 19:00:51,816 - INFO - [상태] 포지션: SHORT, 진입가: $87981.70, 현재가: $87731.00, 미실현PnL: $128.61
2026-01-29 19:00:51,816 - INFO - [지표] ADX=nan, Bull=nan, Bear=nan
2026-01-29 19:05:51,868 - INFO - [상태] 포지션: SHORT, 진입가: $87981.70, 현재가: $87716.20, 미실현PnL: $136.20
2026-01-29 19:05:51,869 - INFO - [지표] ADX=nan, Bull=nan, Bear=nan
2026-01-29 19:10:51,915 - INFO - [상태] 포지션: SHORT, 진입가: $87981.70, 현재가: $87771.00, 미실현PnL: $108.09
2026-01-29 19:10:51,916 - INFO - [지표] ADX=nan, Bull=nan, Bear=nan
2026-01-29 19:15:01,569 - INFO - [EMA] 증분계산: prev=88086.21, close=87785.0, new=88063.04
2026-01-29 19:15:01,575 - INFO - 15m | 10:00 | O:87741.5 H:87852.0 L:87667.0 C:87785.0
2026-01-29 19:15:01,575 - INFO - 지표: ADX=34.4, ATR=211.8, Bull=False, Bear=True
2026-01-29 19:15:51,957 - INFO - [상태] 포지션: SHORT, 진입가: $87981.70, 현재가: $87822.20, 미실현PnL: $81.82
2026-01-29 19:15:51,957 - INFO - [지표] ADX=nan, Bull=nan, Bear=nan
2026-01-29 19:20:51,997 - INFO - [상태] 포지션: SHORT, 진입가: $87981.70, 현재가: $87771.50, 미실현PnL: $107.83
2026-01-29 19:20:51,997 - INFO - [지표] ADX=nan, Bull=nan, Bear=nan
2026-01-29 19:25:52,042 - INFO - [상태] 포지션: SHORT, 진입가: $87981.70, 현재가: $87774.20, 미실현PnL: $106.45
2026-01-29 19:25:52,042 - INFO - [지표] ADX=nan, Bull=nan, Bear=nan
2026-01-29 19:30:00,779 - INFO - [EMA] 증분계산: prev=88063.04, close=87810.2, new=88043.59
2026-01-29 19:30:00,786 - INFO - 15m | 10:15 | O:87785.1 H:87846.9 L:87739.7 C:87810.2
2026-01-29 19:30:00,786 - INFO - 지표: ADX=34.6, ATR=203.1, Bull=False, Bear=True
2026-01-29 19:30:52,086 - INFO - [상태] 포지션: SHORT, 진입가: $87981.70, 현재가: $87792.40, 미실현PnL: $97.11
2026-01-29 19:30:52,086 - INFO - [지표] ADX=nan, Bull=nan, Bear=nan
2026-01-29 19:35:52,130 - INFO - [상태] 포지션: SHORT, 진입가: $87981.70, 현재가: $87771.40, 미실현PnL: $107.88
2026-01-29 19:35:52,130 - INFO - [지표] ADX=nan, Bull=nan, Bear=nan
2026-01-29 19:40:52,180 - INFO - [상태] 포지션: SHORT, 진입가: $87981.70, 현재가: $87784.00, 미실현PnL: $101.42
2026-01-29 19:40:52,181 - INFO - [지표] ADX=nan, Bull=nan, Bear=nan
2026-01-29 19:45:02,776 - INFO - [EMA] 증분계산: prev=88043.59, close=87768.0, new=88022.39
2026-01-29 19:45:02,786 - INFO - 15m | 10:30 | O:87810.1 H:87819.8 L:87753.3 C:87768.0
2026-01-29 19:45:02,786 - INFO - 지표: ADX=34.8, ATR=191.7, Bull=False, Bear=True
2026-01-29 19:45:52,225 - INFO - [상태] 포지션: SHORT, 진입가: $87981.70, 현재가: $87771.30, 미실현PnL: $107.94
2026-01-29 19:45:52,226 - INFO - [지표] ADX=nan, Bull=nan, Bear=nan
2026-01-29 19:50:52,266 - INFO - [상태] 포지션: SHORT, 진입가: $87981.70, 현재가: $87741.40, 미실현PnL: $123.27
2026-01-29 19:50:52,267 - INFO - [지표] ADX=nan, Bull=nan, Bear=nan
2026-01-29 19:55:52,310 - INFO - [상태] 포지션: SHORT, 진입가: $87981.70, 현재가: $87832.30, 미실현PnL: $76.64
2026-01-29 19:55:52,311 - INFO - [지표] ADX=nan, Bull=nan, Bear=nan
2026-01-29 20:00:00,732 - INFO - [EMA] 증분계산: prev=88022.39, close=87807.3, new=88005.84
2026-01-29 20:00:00,739 - INFO - 15m | 10:45 | O:87768.0 H:87861.0 L:87670.0 C:87807.3
2026-01-29 20:00:00,739 - INFO - 지표: ADX=35.3, ATR=191.6, Bull=False, Bear=True
2026-01-29 20:00:52,361 - INFO - [상태] 포지션: SHORT, 진입가: $87981.70, 현재가: $87794.00, 미실현PnL: $96.29
2026-01-29 20:00:52,361 - INFO - [지표] ADX=nan, Bull=nan, Bear=nan
2026-01-29 20:05:52,408 - INFO - [상태] 포지션: SHORT, 진입가: $87981.70, 현재가: $87803.20, 미실현PnL: $91.57
2026-01-29 20:05:52,408 - INFO - [지표] ADX=nan, Bull=nan, Bear=nan
2026-01-29 20:10:52,462 - INFO - [상태] 포지션: SHORT, 진입가: $87981.70, 현재가: $87902.00, 미실현PnL: $40.89
2026-01-29 20:10:52,462 - INFO - [지표] ADX=nan, Bull=nan, Bear=nan
2026-01-29 20:15:00,539 - INFO - [EMA] 증분계산: prev=88005.84, close=87872.9, new=87995.62
2026-01-29 20:15:00,548 - INFO - 15m | 11:00 | O:87807.3 H:87918.5 L:87692.1 C:87872.9
2026-01-29 20:15:00,549 - INFO - 지표: ADX=35.2, ATR=194.5, Bull=False, Bear=True
2026-01-29 20:15:52,504 - INFO - [상태] 포지션: SHORT, 진입가: $87981.70, 현재가: $87867.40, 미실현PnL: $58.64
2026-01-29 20:15:52,504 - INFO - [지표] ADX=nan, Bull=nan, Bear=nan
2026-01-29 20:20:52,547 - INFO - [상태] 포지션: SHORT, 진입가: $87981.70, 현재가: $87796.00, 미실현PnL: $95.26
2026-01-29 20:20:52,547 - INFO - [지표] ADX=nan, Bull=nan, Bear=nan
2026-01-29 20:25:52,590 - INFO - [상태] 포지션: SHORT, 진입가: $87981.70, 현재가: $87671.60, 미실현PnL: $159.08
2026-01-29 20:25:52,590 - INFO - [지표] ADX=nan, Bull=nan, Bear=nan
2026-01-29 20:30:00,024 - INFO - [EMA] 증분계산: prev=87995.62, close=87643.3, new=87968.52
2026-01-29 20:30:00,034 - INFO - 15m | 11:15 | O:87873.0 H:87887.9 L:87630.0 C:87643.3
2026-01-29 20:30:00,034 - INFO - 지표: ADX=35.4, ATR=199.8, Bull=False, Bear=True
2026-01-29 20:30:52,631 - INFO - [상태] 포지션: SHORT, 진입가: $87981.70, 현재가: $87652.60, 미실현PnL: $168.83
2026-01-29 20:30:52,632 - INFO - [지표] ADX=nan, Bull=nan, Bear=nan
2026-01-29 20:35:52,679 - INFO - [상태] 포지션: SHORT, 진입가: $87981.70, 현재가: $87723.40, 미실현PnL: $132.51
2026-01-29 20:35:52,679 - INFO - [지표] ADX=nan, Bull=nan, Bear=nan
2026-01-29 20:40:52,721 - INFO - [상태] 포지션: SHORT, 진입가: $87981.70, 현재가: $87701.50, 미실현PnL: $143.74
2026-01-29 20:40:52,722 - INFO - [지표] ADX=nan, Bull=nan, Bear=nan
2026-01-29 20:45:03,037 - INFO - [EMA] 증분계산: prev=87968.52, close=87644.5, new=87943.59
2026-01-29 20:45:03,044 - INFO - 15m | 11:30 | O:87643.2 H:87763.9 L:87616.1 C:87644.5
2026-01-29 20:45:03,044 - INFO - 지표: ADX=35.7, ATR=195.5, Bull=False, Bear=True
2026-01-29 20:45:52,774 - INFO - [상태] 포지션: SHORT, 진입가: $87981.70, 현재가: $87635.80, 미실현PnL: $177.45
2026-01-29 20:45:52,775 - INFO - [지표] ADX=nan, Bull=nan, Bear=nan
2026-01-29 20:50:52,816 - INFO - [상태] 포지션: SHORT, 진입가: $87981.70, 현재가: $87619.30, 미실현PnL: $185.91
2026-01-29 20:50:52,816 - INFO - [지표] ADX=nan, Bull=nan, Bear=nan
2026-01-29 20:55:52,859 - INFO - [상태] 포지션: SHORT, 진입가: $87981.70, 현재가: $87633.80, 미실현PnL: $178.47
2026-01-29 20:55:52,859 - INFO - [지표] ADX=nan, Bull=nan, Bear=nan
2026-01-29 21:00:01,374 - INFO - [EMA] 증분계산: prev=87943.59, close=87679.3, new=87923.26
2026-01-29 21:00:01,384 - INFO - 15m | 11:45 | O:87644.6 H:87705.9 L:87598.1 C:87679.3
2026-01-29 21:00:01,384 - INFO - 지표: ADX=36.0, ATR=188.2, Bull=False, Bear=True
2026-01-29 21:00:52,904 - INFO - [상태] 포지션: SHORT, 진입가: $87981.70, 현재가: $87703.90, 미실현PnL: $142.51
2026-01-29 21:00:52,905 - INFO - [지표] ADX=nan, Bull=nan, Bear=nan
2026-01-29 21:05:52,947 - INFO - [상태] 포지션: SHORT, 진입가: $87981.70, 현재가: $87816.50, 미실현PnL: $84.75
2026-01-29 21:05:52,947 - INFO - [지표] ADX=nan, Bull=nan, Bear=nan
2026-01-29 21:10:52,990 - INFO - [상태] 포지션: SHORT, 진입가: $87981.70, 현재가: $87885.10, 미실현PnL: $49.56
2026-01-29 21:10:52,990 - INFO - [지표] ADX=nan, Bull=nan, Bear=nan
2026-01-29 21:15:01,836 - INFO - [EMA] 증분계산: prev=87923.26, close=87867.9, new=87919.00
2026-01-29 21:15:01,845 - INFO - 15m | 12:00 | O:87678.7 H:87904.3 L:87662.5 C:87867.9
2026-01-29 21:15:01,846 - INFO - 지표: ADX=34.2, ATR=192.6, Bull=False, Bear=True
2026-01-29 21:15:53,033 - INFO - [상태] 포지션: SHORT, 진입가: $87981.70, 현재가: $87889.80, 미실현PnL: $47.14
2026-01-29 21:15:53,033 - INFO - [지표] ADX=nan, Bull=nan, Bear=nan
2026-01-29 21:20:53,074 - INFO - [상태] 포지션: SHORT, 진입가: $87981.70, 현재가: $87872.50, 미실현PnL: $56.02
2026-01-29 21:20:53,075 - INFO - [지표] ADX=nan, Bull=nan, Bear=nan
2026-01-29 21:25:53,120 - INFO - [상태] 포지션: SHORT, 진입가: $87981.70, 현재가: $87840.00, 미실현PnL: $72.69
2026-01-29 21:25:53,121 - INFO - [지표] ADX=nan, Bull=nan, Bear=nan
2026-01-29 21:30:01,632 - INFO - [EMA] 증분계산: prev=87919.00, close=87784.9, new=87908.69
2026-01-29 21:30:01,641 - INFO - 15m | 12:15 | O:87867.9 H:87958.5 L:87784.4 C:87784.9
2026-01-29 21:30:01,642 - INFO - 지표: ADX=32.2, ATR=191.1, Bull=False, Bear=True
2026-01-29 21:30:53,166 - INFO - [상태] 포지션: SHORT, 진입가: $87981.70, 현재가: $87789.10, 미실현PnL: $98.80
2026-01-29 21:30:53,166 - INFO - [지표] ADX=nan, Bull=nan, Bear=nan
2026-01-29 21:35:53,207 - INFO - [상태] 포지션: SHORT, 진입가: $87981.70, 현재가: $87903.10, 미실현PnL: $40.32
2026-01-29 21:35:53,207 - INFO - [지표] ADX=nan, Bull=nan, Bear=nan
2026-01-29 21:40:53,249 - INFO - [상태] 포지션: SHORT, 진입가: $87981.70, 현재가: $87731.80, 미실현PnL: $128.20
2026-01-29 21:40:53,249 - INFO - [지표] ADX=nan, Bull=nan, Bear=nan
2026-01-29 21:45:00,628 - INFO - [EMA] 증분계산: prev=87908.69, close=87849.0, new=87904.10
2026-01-29 21:45:00,637 - INFO - 15m | 12:30 | O:87784.9 H:87917.6 L:87681.5 C:87849.0
2026-01-29 21:45:00,638 - INFO - 지표: ADX=30.9, ATR=194.8, Bull=False, Bear=True
2026-01-29 21:45:53,293 - INFO - [상태] 포지션: SHORT, 진입가: $87981.70, 현재가: $87865.40, 미실현PnL: $59.66
2026-01-29 21:45:53,293 - INFO - [지표] ADX=nan, Bull=nan, Bear=nan
2026-01-29 21:50:53,337 - INFO - [상태] 포지션: SHORT, 진입가: $87981.70, 현재가: $87855.30, 미실현PnL: $64.84
2026-01-29 21:50:53,337 - INFO - [지표] ADX=nan, Bull=nan, Bear=nan
2026-01-29 21:55:53,384 - INFO - [상태] 포지션: SHORT, 진입가: $87981.70, 현재가: $87870.20, 미실현PnL: $57.20
2026-01-29 21:55:53,385 - INFO - [지표] ADX=nan, Bull=nan, Bear=nan
2026-01-29 22:00:00,161 - INFO - [EMA] 증분계산: prev=87904.10, close=87959.0, new=87908.32
2026-01-29 22:00:00,167 - INFO - 15m | 12:45 | O:87850.1 H:87978.1 L:87837.0 C:87959.0
2026-01-29 22:00:00,167 - INFO - 지표: ADX=29.3, ATR=190.4, Bull=False, Bear=True
2026-01-29 22:00:53,428 - INFO - [상태] 포지션: SHORT, 진입가: $87981.70, 현재가: $87951.90, 미실현PnL: $15.29
2026-01-29 22:00:53,429 - INFO - [지표] ADX=nan, Bull=nan, Bear=nan
2026-01-29 22:05:53,472 - INFO - [상태] 포지션: SHORT, 진입가: $87981.70, 현재가: $87975.70, 미실현PnL: $3.08
2026-01-29 22:05:53,473 - INFO - [지표] ADX=nan, Bull=nan, Bear=nan
2026-01-29 22:10:53,515 - INFO - [상태] 포지션: SHORT, 진입가: $87981.70, 현재가: $87931.90, 미실현PnL: $25.55
2026-01-29 22:10:53,515 - INFO - [지표] ADX=nan, Bull=nan, Bear=nan
2026-01-29 22:15:00,073 - INFO - [EMA] 증분계산: prev=87908.32, close=87977.9, new=87913.67
2026-01-29 22:15:00,080 - INFO - 15m | 13:00 | O:87959.0 H:88018.4 L:87920.0 C:87977.9
2026-01-29 22:15:00,080 - INFO - 지표: ADX=27.4, ATR=182.7, Bull=False, Bear=True
2026-01-29 22:15:53,562 - INFO - [상태] 포지션: SHORT, 진입가: $87981.70, 현재가: $87954.60, 미실현PnL: $13.90
2026-01-29 22:15:53,562 - INFO - [지표] ADX=nan, Bull=nan, Bear=nan
2026-01-29 22:20:53,605 - INFO - [상태] 포지션: SHORT, 진입가: $87981.70, 현재가: $87938.30, 미실현PnL: $22.26
2026-01-29 22:20:53,606 - INFO - [지표] ADX=nan, Bull=nan, Bear=nan
2026-01-29 22:25:53,650 - INFO - [상태] 포지션: SHORT, 진입가: $87981.70, 현재가: $87952.00, 미실현PnL: $15.24
2026-01-29 22:25:53,650 - INFO - [지표] ADX=nan, Bull=nan, Bear=nan
2026-01-29 22:30:00,029 - INFO - [EMA] 증분계산: prev=87913.67, close=88009.2, new=87921.02
2026-01-29 22:30:00,036 - INFO - 15m | 13:15 | O:87977.8 H:88023.1 L:87919.7 C:88009.2
2026-01-29 22:30:00,036 - INFO - 지표: ADX=25.6, ATR=176.1, Bull=False, Bear=True
2026-01-29 22:30:53,692 - INFO - [상태] 포지션: SHORT, 진입가: $87981.70, 현재가: $87925.60, 미실현PnL: $28.78
2026-01-29 22:30:53,692 - INFO - [지표] ADX=nan, Bull=nan, Bear=nan
2026-01-29 22:35:53,734 - INFO - [상태] 포지션: SHORT, 진입가: $87981.70, 현재가: $87967.90, 미실현PnL: $7.08
2026-01-29 22:35:53,735 - INFO - [지표] ADX=nan, Bull=nan, Bear=nan
2026-01-29 22:40:53,778 - INFO - [상태] 포지션: SHORT, 진입가: $87981.70, 현재가: $87921.90, 미실현PnL: $30.68
2026-01-29 22:40:53,778 - INFO - [지표] ADX=nan, Bull=nan, Bear=nan
2026-01-29 22:45:01,625 - INFO - [EMA] 증분계산: prev=87921.02, close=87929.4, new=87921.66
2026-01-29 22:45:01,632 - INFO - 15m | 13:30 | O:88009.2 H:88009.2 L:87901.5 C:87929.4
2026-01-29 22:45:01,632 - INFO - 지표: ADX=24.1, ATR=170.4, Bull=False, Bear=True
2026-01-29 22:45:53,822 - INFO - [상태] 포지션: SHORT, 진입가: $87981.70, 현재가: $87927.00, 미실현PnL: $28.06
2026-01-29 22:45:53,822 - INFO - [지표] ADX=nan, Bull=nan, Bear=nan
2026-01-29 22:50:53,866 - INFO - [상태] 포지션: SHORT, 진입가: $87981.70, 현재가: $87901.00, 미실현PnL: $41.40
2026-01-29 22:50:53,866 - INFO - [지표] ADX=nan, Bull=nan, Bear=nan
2026-01-29 22:55:53,907 - INFO - [상태] 포지션: SHORT, 진입가: $87981.70, 현재가: $87820.30, 미실현PnL: $82.80
2026-01-29 22:55:53,908 - INFO - [지표] ADX=nan, Bull=nan, Bear=nan
2026-01-29 23:00:00,054 - INFO - [EMA] 증분계산: prev=87921.66, close=87900.0, new=87920.00
2026-01-29 23:00:00,060 - INFO - 15m | 13:45 | O:87929.3 H:87955.9 L:87795.3 C:87900.0
2026-01-29 23:00:00,060 - INFO - 지표: ADX=23.6, ATR=169.6, Bull=False, Bear=True
2026-01-29 23:00:53,951 - INFO - [상태] 포지션: SHORT, 진입가: $87981.70, 현재가: $87910.20, 미실현PnL: $36.68
2026-01-29 23:00:53,951 - INFO - [지표] ADX=nan, Bull=nan, Bear=nan
2026-01-29 23:05:53,993 - INFO - [상태] 포지션: SHORT, 진입가: $87981.70, 현재가: $87816.20, 미실현PnL: $84.90
2026-01-29 23:05:53,993 - INFO - [지표] ADX=nan, Bull=nan, Bear=nan
2026-01-29 23:10:54,035 - INFO - [상태] 포지션: SHORT, 진입가: $87981.70, 현재가: $87915.80, 미실현PnL: $33.81
2026-01-29 23:10:54,035 - INFO - [지표] ADX=nan, Bull=nan, Bear=nan
2026-01-29 23:15:00,344 - INFO - [EMA] 증분계산: prev=87920.00, close=87841.3, new=87913.94
2026-01-29 23:15:00,354 - INFO - 15m | 14:00 | O:87900.0 H:87928.8 L:87796.0 C:87841.3
2026-01-29 23:15:00,354 - INFO - 지표: ADX=23.0, ATR=166.5, Bull=False, Bear=True
2026-01-29 23:15:54,080 - INFO - [상태] 포지션: SHORT, 진입가: $87981.70, 현재가: $87850.20, 미실현PnL: $67.46
2026-01-29 23:15:54,081 - INFO - [지표] ADX=nan, Bull=nan, Bear=nan
2026-01-29 23:20:54,125 - INFO - [상태] 포지션: SHORT, 진입가: $87981.70, 현재가: $87865.40, 미실현PnL: $59.66
2026-01-29 23:20:54,126 - INFO - [지표] ADX=nan, Bull=nan, Bear=nan
2026-01-29 23:25:54,177 - INFO - [상태] 포지션: SHORT, 진입가: $87981.70, 현재가: $87810.90, 미실현PnL: $87.62
2026-01-29 23:25:54,178 - INFO - [지표] ADX=nan, Bull=nan, Bear=nan
2026-01-29 23:30:00,104 - INFO - [EMA] 증분계산: prev=87913.94, close=87672.5, new=87895.37
2026-01-29 23:30:00,113 - INFO - 15m | 14:15 | O:87841.3 H:87915.0 L:87661.3 C:87672.5
2026-01-29 23:30:00,113 - INFO - 지표: ADX=23.5, ATR=173.8, Bull=False, Bear=True
2026-01-29 23:30:54,222 - INFO - [상태] 포지션: SHORT, 진입가: $87981.70, 현재가: $87778.80, 미실현PnL: $104.09
2026-01-29 23:30:54,223 - INFO - [지표] ADX=nan, Bull=nan, Bear=nan
2026-01-29 23:35:54,266 - INFO - [상태] 포지션: SHORT, 진입가: $87981.70, 현재가: $87550.30, 미실현PnL: $221.31
2026-01-29 23:35:54,267 - INFO - [지표] ADX=nan, Bull=nan, Bear=nan
2026-01-29 23:40:54,317 - INFO - [상태] 포지션: SHORT, 진입가: $87981.70, 현재가: $87600.70, 미실현PnL: $195.45
2026-01-29 23:40:54,317 - INFO - [지표] ADX=nan, Bull=nan, Bear=nan
2026-01-29 23:45:00,026 - INFO - [EMA] 증분계산: prev=87895.37, close=87521.1, new=87866.58
2026-01-29 23:45:00,033 - INFO - 15m | 14:30 | O:87675.5 H:87802.7 L:87380.7 C:87521.1
2026-01-29 23:45:00,033 - INFO - 지표: ADX=25.1, ATR=194.5, Bull=False, Bear=True
2026-01-29 23:45:54,360 - INFO - [상태] 포지션: SHORT, 진입가: $87981.70, 현재가: $87474.90, 미실현PnL: $259.99
2026-01-29 23:45:54,360 - INFO - [지표] ADX=nan, Bull=nan, Bear=nan
2026-01-29 23:50:54,404 - INFO - [상태] 포지션: SHORT, 진입가: $87981.70, 현재가: $87561.40, 미실현PnL: $215.61
2026-01-29 23:50:54,404 - INFO - [지표] ADX=nan, Bull=nan, Bear=nan
2026-01-29 23:55:54,447 - INFO - [상태] 포지션: SHORT, 진입가: $87981.70, 현재가: $87289.80, 미실현PnL: $354.94
2026-01-29 23:55:54,447 - INFO - [지표] ADX=nan, Bull=nan, Bear=nan
2026-01-29 23:58:27,182 - INFO - [LIVE] TP 체결 감지: $86910.20
2026-01-29 23:58:27,183 - INFO - [LIVE] TP 청산: PnL=$549.68, 수수료=$18.0538, 순익=$531.62
2026-01-29 23:58:27,183 - INFO - [LIVE] 자본금 업데이트: $6301.33 → $6832.96
2026-01-29 23:58:27,226 - INFO - 모든 대기 주문 취소 완료
2026-01-29 23:58:27,779 - WARNING - [자본금 동기화] 로컬: $6832.96 → 사용가능: $6779.80 (실제 잔고 $7533.11의 90%)
2026-01-29 23:58:27,779 - INFO - 거래 기록 저장: TP @ $86910.20
2026-01-30 00:00:00,029 - INFO - [EMA] 증분계산: prev=87866.58, close=86863.5, new=87789.42
2026-01-30 00:00:00,035 - INFO - 15m | 14:45 | O:87521.2 H:87716.4 L:86850.6 C:86863.5
2026-01-30 00:00:00,036 - INFO - 지표: ADX=28.0, ATR=250.4, Bull=False, Bear=True
2026-01-30 00:00:54,450 - INFO - [상태] 포지션 없음, 자본금: $6779.80
2026-01-30 00:00:54,450 - INFO - [지표] ADX=nan, Bull=nan, Bear=nan
2026-01-30 00:05:54,451 - INFO - [상태] 포지션 없음, 자본금: $6779.80
2026-01-30 00:05:54,451 - INFO - [지표] ADX=nan, Bull=nan, Bear=nan
2026-01-30 00:10:54,452 - INFO - [상태] 포지션 없음, 자본금: $6779.80
2026-01-30 00:10:54,452 - INFO - [지표] ADX=nan, Bull=nan, Bear=nan
2026-01-30 00:15:00,027 - INFO - [EMA] 증분계산: prev=87789.42, close=85199.4, new=87590.19
2026-01-30 00:15:00,034 - INFO - 15m | 15:00 | O:86863.5 H:86890.4 L:85170.4 C:85199.4
2026-01-30 00:15:00,034 - INFO - 지표: ADX=32.0, ATR=372.9, Bull=False, Bear=True
2026-01-30 00:15:54,453 - INFO - [상태] 포지션 없음, 자본금: $6779.80
2026-01-30 00:15:54,453 - INFO - [지표] ADX=nan, Bull=nan, Bear=nan
2026-01-30 00:20:54,454 - INFO - [상태] 포지션 없음, 자본금: $6779.80
2026-01-30 00:20:54,455 - INFO - [지표] ADX=nan, Bull=nan, Bear=nan
2026-01-30 00:25:54,456 - INFO - [상태] 포지션 없음, 자본금: $6779.80
2026-01-30 00:25:54,456 - INFO - [지표] ADX=nan, Bull=nan, Bear=nan
2026-01-30 00:30:00,239 - INFO - [EMA] 증분계산: prev=87590.19, close=85319.1, new=87415.49
2026-01-30 00:30:00,249 - INFO - 15m | 15:15 | O:85199.6 H:85678.3 L:85072.8 C:85319.1
2026-01-30 00:30:00,249 - INFO - 지표: ADX=35.7, ATR=392.3, Bull=False, Bear=True
2026-01-30 00:30:00,250 - INFO - [LIVE] SHORT 신호 감지!
2026-01-30 00:30:00,250 - INFO - ==================================================
2026-01-30 00:30:00,250 - INFO - [LIVE] SHORT 진입 준비
2026-01-30 00:30:00,250 - INFO - 진입가: $85319.10
2026-01-30 00:30:00,250 - INFO - 손절가: $87878.67 (3.00%)
2026-01-30 00:30:00,250 - INFO - 익절가: $83603.36 (2.01%)
2026-01-30 00:30:00,250 - INFO - 레버리지: 2.27x
2026-01-30 00:30:00,250 - INFO - 포지션 크기: 0.180383 BTC ($15390.14)
2026-01-30 00:30:00,250 - INFO - ==================================================
2026-01-30 00:30:00,350 - INFO - Leverage 설정: 3x
2026-01-30 00:30:00,393 - INFO - Market Order 체결: SHORT 0.18
2026-01-30 00:30:00,967 - INFO - 실제 체결가: $85317.01, 수량: 0.180000
2026-01-30 00:30:01,203 - INFO - LIMIT Close 주문: SHORT 0.18 @ $83601.3, ID: 42887397035
2026-01-30 00:30:01,203 - INFO - TP 주문 설정: $83601.27
2026-01-30 00:30:01,287 - INFO - STOP_MARKET 주문 (Algo): $87876.5, AlgoID: 3000000457507075
2026-01-30 00:30:01,287 - INFO - SL 주문 설정: $87876.52
2026-01-30 00:30:01,288 - INFO - 거래 기록 저장: ENTRY @ $85317.01
2026-01-30 00:30:01,288 - INFO - [LIVE] SHORT 진입 완료!
2026-01-30 00:30:54,496 - INFO - [상태] 포지션: SHORT, 진입가: $85317.01, 현재가: $85422.20, 미실현PnL: $-18.93
2026-01-30 00:30:54,496 - INFO - [지표] ADX=nan, Bull=nan, Bear=nan
2026-01-30 00:35:54,537 - INFO - [상태] 포지션: SHORT, 진입가: $85317.01, 현재가: $85200.00, 미실현PnL: $21.06
2026-01-30 00:35:54,537 - INFO - [지표] ADX=nan, Bull=nan, Bear=nan
2026-01-30 00:40:54,577 - INFO - [상태] 포지션: SHORT, 진입가: $85317.01, 현재가: $84610.90, 미실현PnL: $127.10
2026-01-30 00:40:54,577 - INFO - [지표] ADX=nan, Bull=nan, Bear=nan
2026-01-30 00:45:00,134 - INFO - [EMA] 증분계산: prev=87415.49, close=84474.7, new=87189.28
2026-01-30 00:45:00,144 - INFO - 15m | 15:30 | O:85319.2 H:85499.3 L:84274.0 C:84474.7
2026-01-30 00:45:00,144 - INFO - 지표: ADX=39.4, ATR=461.7, Bull=False, Bear=True
2026-01-30 00:45:54,620 - INFO - [상태] 포지션: SHORT, 진입가: $85317.01, 현재가: $84413.40, 미실현PnL: $162.65
2026-01-30 00:45:54,621 - INFO - [지표] ADX=nan, Bull=nan, Bear=nan
2026-01-30 00:50:54,662 - INFO - [상태] 포지션: SHORT, 진입가: $85317.01, 현재가: $84302.30, 미실현PnL: $182.65
2026-01-30 00:50:54,662 - INFO - [지표] ADX=nan, Bull=nan, Bear=nan
2026-01-30 00:55:54,715 - INFO - [상태] 포지션: SHORT, 진입가: $85317.01, 현재가: $84782.30, 미실현PnL: $96.25
2026-01-30 00:55:54,715 - INFO - [지표] ADX=nan, Bull=nan, Bear=nan
2026-01-30 01:00:01,551 - INFO - [EMA] 증분계산: prev=87189.28, close=84794.7, new=87005.08
2026-01-30 01:00:01,561 - INFO - 15m | 15:45 | O:84474.7 H:85008.6 L:84212.5 C:84794.7
2026-01-30 01:00:01,561 - INFO - 지표: ADX=42.9, ATR=489.5, Bull=False, Bear=True
2026-01-30 01:00:54,760 - INFO - [상태] 포지션: SHORT, 진입가: $85317.01, 현재가: $84649.90, 미실현PnL: $120.08
2026-01-30 01:00:54,760 - INFO - [지표] ADX=nan, Bull=nan, Bear=nan
2026-01-30 01:05:54,801 - INFO - [상태] 포지션: SHORT, 진입가: $85317.01, 현재가: $84629.90, 미실현PnL: $123.68
2026-01-30 01:05:54,802 - INFO - [지표] ADX=nan, Bull=nan, Bear=nan
2026-01-30 01:10:54,842 - INFO - [상태] 포지션: SHORT, 진입가: $85317.01, 현재가: $84419.00, 미실현PnL: $161.64
2026-01-30 01:10:54,843 - INFO - [지표] ADX=nan, Bull=nan, Bear=nan
2026-01-30 01:15:00,581 - INFO - [EMA] 증분계산: prev=87005.08, close=84635.1, new=86822.77
2026-01-30 01:15:00,591 - INFO - 15m | 16:00 | O:84791.7 H:84839.9 L:84295.0 C:84635.1
2026-01-30 01:15:00,591 - INFO - 지표: ADX=46.1, ATR=494.2, Bull=False, Bear=True
2026-01-30 01:15:54,884 - INFO - [상태] 포지션: SHORT, 진입가: $85317.01, 현재가: $84746.60, 미실현PnL: $102.67
2026-01-30 01:15:54,884 - INFO - [지표] ADX=nan, Bull=nan, Bear=nan
2026-01-30 01:20:54,931 - INFO - [상태] 포지션: SHORT, 진입가: $85317.01, 현재가: $84786.30, 미실현PnL: $95.53
2026-01-30 01:20:54,931 - INFO - [지표] ADX=nan, Bull=nan, Bear=nan
2026-01-30 01:25:54,971 - INFO - [상태] 포지션: SHORT, 진입가: $85317.01, 현재가: $84535.80, 미실현PnL: $140.62
2026-01-30 01:25:54,972 - INFO - [지표] ADX=nan, Bull=nan, Bear=nan
2026-01-30 01:30:00,081 - INFO - [EMA] 증분계산: prev=86822.77, close=84370.4, new=86634.13
2026-01-30 01:30:00,088 - INFO - 15m | 16:15 | O:84635.2 H:84802.8 L:84339.2 C:84370.4
2026-01-30 01:30:00,088 - INFO - 지표: ADX=49.1, ATR=491.6, Bull=False, Bear=True
2026-01-30 01:30:55,013 - INFO - [상태] 포지션: SHORT, 진입가: $85317.01, 현재가: $84411.40, 미실현PnL: $163.01
2026-01-30 01:30:55,013 - INFO - [지표] ADX=nan, Bull=nan, Bear=nan
2026-01-30 01:35:55,054 - INFO - [상태] 포지션: SHORT, 진입가: $85317.01, 현재가: $84282.00, 미실현PnL: $186.30
2026-01-30 01:35:55,055 - INFO - [지표] ADX=nan, Bull=nan, Bear=nan
2026-01-30 01:40:55,094 - INFO - [상태] 포지션: SHORT, 진입가: $85317.01, 현재가: $84594.40, 미실현PnL: $130.07
2026-01-30 01:40:55,095 - INFO - [지표] ADX=nan, Bull=nan, Bear=nan
2026-01-30 01:45:00,097 - INFO - [EMA] 증분계산: prev=86634.13, close=84498.9, new=86469.88
2026-01-30 01:45:00,107 - INFO - 15m | 16:30 | O:84368.0 H:84692.8 L:84124.8 C:84498.9
2026-01-30 01:45:00,107 - INFO - 지표: ADX=51.9, ATR=498.0, Bull=False, Bear=True
2026-01-30 01:45:55,138 - INFO - [상태] 포지션: SHORT, 진입가: $85317.01, 현재가: $84481.80, 미실현PnL: $150.34
2026-01-30 01:45:55,139 - INFO - [지표] ADX=nan, Bull=nan, Bear=nan
2026-01-30 01:50:55,179 - INFO - [상태] 포지션: SHORT, 진입가: $85317.01, 현재가: $84717.30, 미실현PnL: $107.95
2026-01-30 01:50:55,179 - INFO - [지표] ADX=nan, Bull=nan, Bear=nan
2026-01-30 01:55:55,221 - INFO - [상태] 포지션: SHORT, 진입가: $85317.01, 현재가: $84964.60, 미실현PnL: $63.43
2026-01-30 01:55:55,221 - INFO - [지표] ADX=nan, Bull=nan, Bear=nan
2026-01-30 02:00:00,045 - INFO - [EMA] 증분계산: prev=86469.88, close=85139.3, new=86367.53
2026-01-30 02:00:00,054 - INFO - 15m | 16:45 | O:84499.0 H:85259.9 L:84454.6 C:85139.3
2026-01-30 02:00:00,055 - INFO - 지표: ADX=52.2, ATR=523.6, Bull=False, Bear=True
2026-01-30 02:00:55,263 - INFO - [상태] 포지션: SHORT, 진입가: $85317.01, 현재가: $85244.60, 미실현PnL: $13.03
2026-01-30 02:00:55,263 - INFO - [지표] ADX=nan, Bull=nan, Bear=nan
2026-01-30 02:05:55,305 - INFO - [상태] 포지션: SHORT, 진입가: $85317.01, 현재가: $85035.80, 미실현PnL: $50.62
2026-01-30 02:05:55,305 - INFO - [지표] ADX=nan, Bull=nan, Bear=nan
2026-01-30 02:10:55,346 - INFO - [상태] 포지션: SHORT, 진입가: $85317.01, 현재가: $85117.20, 미실현PnL: $35.97
2026-01-30 02:10:55,347 - INFO - [지표] ADX=nan, Bull=nan, Bear=nan
2026-01-30 02:15:00,088 - INFO - [EMA] 증분계산: prev=86367.53, close=85094.7, new=86269.62
2026-01-30 02:15:00,095 - INFO - 15m | 17:00 | O:85139.4 H:85336.3 L:84941.0 C:85094.7
2026-01-30 02:15:00,095 - INFO - 지표: ADX=52.3, ATR=512.9, Bull=False, Bear=True
2026-01-30 02:15:55,388 - INFO - [상태] 포지션: SHORT, 진입가: $85317.01, 현재가: $85093.70, 미실현PnL: $40.20
2026-01-30 02:15:55,389 - INFO - [지표] ADX=nan, Bull=nan, Bear=nan
2026-01-30 02:20:55,429 - INFO - [상태] 포지션: SHORT, 진입가: $85317.01, 현재가: $85436.90, 미실현PnL: $-21.58
2026-01-30 02:20:55,430 - INFO - [지표] ADX=nan, Bull=nan, Bear=nan
2026-01-30 02:25:55,471 - INFO - [상태] 포지션: SHORT, 진입가: $85317.01, 현재가: $85004.60, 미실현PnL: $56.23
2026-01-30 02:25:55,471 - INFO - [지표] ADX=nan, Bull=nan, Bear=nan
2026-01-30 02:30:00,184 - INFO - [EMA] 증분계산: prev=86269.62, close=84920.7, new=86165.85
2026-01-30 02:30:00,190 - INFO - 15m | 17:15 | O:85094.8 H:85494.0 L:84899.4 C:84920.7
2026-01-30 02:30:00,190 - INFO - 지표: ADX=51.7, ATR=519.7, Bull=False, Bear=True
2026-01-30 02:30:55,512 - INFO - [상태] 포지션: SHORT, 진입가: $85317.01, 현재가: $84864.50, 미실현PnL: $81.45
2026-01-30 02:30:55,513 - INFO - [지표] ADX=nan, Bull=nan, Bear=nan
2026-01-30 02:35:55,555 - INFO - [상태] 포지션: SHORT, 진입가: $85317.01, 현재가: $84985.00, 미실현PnL: $59.76
2026-01-30 02:35:55,555 - INFO - [지표] ADX=nan, Bull=nan, Bear=nan
2026-01-30 02:40:55,595 - INFO - [상태] 포지션: SHORT, 진입가: $85317.01, 현재가: $84681.20, 미실현PnL: $114.45
2026-01-30 02:40:55,595 - INFO - [지표] ADX=nan, Bull=nan, Bear=nan
2026-01-30 02:45:00,093 - INFO - [EMA] 증분계산: prev=86165.85, close=84750.0, new=86056.94
2026-01-30 02:45:00,100 - INFO - 15m | 17:30 | O:84920.7 H:85011.8 L:84590.0 C:84750.0
2026-01-30 02:45:00,100 - INFO - 지표: ADX=51.6, ATR=511.5, Bull=False, Bear=True
2026-01-30 02:45:55,636 - INFO - [상태] 포지션: SHORT, 진입가: $85317.01, 현재가: $84635.90, 미실현PnL: $122.60
2026-01-30 02:45:55,636 - INFO - [지표] ADX=nan, Bull=nan, Bear=nan
2026-01-30 02:50:55,678 - INFO - [상태] 포지션: SHORT, 진입가: $85317.01, 현재가: $84600.00, 미실현PnL: $129.06
2026-01-30 02:50:55,679 - INFO - [지표] ADX=nan, Bull=nan, Bear=nan
2026-01-30 02:55:55,722 - INFO - [상태] 포지션: SHORT, 진입가: $85317.01, 현재가: $84226.90, 미실현PnL: $196.22
2026-01-30 02:55:55,722 - INFO - [지표] ADX=nan, Bull=nan, Bear=nan
2026-01-30 03:00:00,155 - INFO - [EMA] 증분계산: prev=86056.94, close=84123.0, new=85908.18
2026-01-30 03:00:00,162 - INFO - 15m | 17:45 | O:84749.9 H:84782.8 L:83859.0 C:84123.0
2026-01-30 03:00:00,162 - INFO - 지표: ADX=52.2, ATR=545.9, Bull=False, Bear=True
2026-01-30 03:00:55,764 - INFO - [상태] 포지션: SHORT, 진입가: $85317.01, 현재가: $84229.60, 미실현PnL: $195.73
2026-01-30 03:00:55,764 - INFO - [지표] ADX=nan, Bull=nan, Bear=nan
2026-01-30 03:05:55,806 - INFO - [상태] 포지션: SHORT, 진입가: $85317.01, 현재가: $84333.00, 미실현PnL: $177.12
2026-01-30 03:05:55,807 - INFO - [지표] ADX=nan, Bull=nan, Bear=nan
2026-01-30 03:10:55,849 - INFO - [상태] 포지션: SHORT, 진입가: $85317.01, 현재가: $84399.50, 미실현PnL: $165.15
2026-01-30 03:10:55,849 - INFO - [지표] ADX=nan, Bull=nan, Bear=nan
2026-01-30 03:15:00,595 - INFO - [EMA] 증분계산: prev=85908.18, close=84389.8, new=85791.38
2026-01-30 03:15:00,601 - INFO - 15m | 18:00 | O:84129.4 H:84497.0 L:84101.1 C:84389.8
2026-01-30 03:15:00,601 - INFO - 지표: ADX=52.8, ATR=533.4, Bull=False, Bear=True
2026-01-30 03:15:55,891 - INFO - [상태] 포지션: SHORT, 진입가: $85317.01, 현재가: $84376.90, 미실현PnL: $169.22
2026-01-30 03:15:55,892 - INFO - [지표] ADX=nan, Bull=nan, Bear=nan
2026-01-30 03:20:55,936 - INFO - [상태] 포지션: SHORT, 진입가: $85317.01, 현재가: $84024.20, 미실현PnL: $232.71
2026-01-30 03:20:55,936 - INFO - [지표] ADX=nan, Bull=nan, Bear=nan
2026-01-30 03:25:55,977 - INFO - [상태] 포지션: SHORT, 진입가: $85317.01, 현재가: $83862.00, 미실현PnL: $261.90
2026-01-30 03:25:55,977 - INFO - [지표] ADX=nan, Bull=nan, Bear=nan
2026-01-30 03:26:53,402 - INFO - [LIVE] TP 체결 감지: $83601.27
2026-01-30 03:26:53,402 - INFO - [LIVE] TP 청산: PnL=$308.83, 수수료=$6.1428, 순익=$302.69
2026-01-30 03:26:53,402 - INFO - [LIVE] 자본금 업데이트: $6779.80 → $7082.49
2026-01-30 03:26:53,445 - INFO - 모든 대기 주문 취소 완료
2026-01-30 03:26:53,996 - WARNING - [자본금 동기화] 로컬: $7082.49 → 사용가능: $7052.89 (실제 잔고 $7836.55의 90%)
2026-01-30 03:26:53,996 - INFO - 거래 기록 저장: TP @ $83601.27
2026-01-30 03:30:00,086 - INFO - [EMA] 증분계산: prev=85791.38, close=83733.1, new=85633.05
2026-01-30 03:30:00,095 - INFO - 15m | 18:15 | O:84389.9 H:84424.5 L:83563.4 C:83733.1
2026-01-30 03:30:00,095 - INFO - 지표: ADX=53.7, ATR=560.7, Bull=False, Bear=True
2026-01-30 03:30:55,978 - INFO - [상태] 포지션 없음, 자본금: $7052.89
2026-01-30 03:30:55,979 - INFO - [지표] ADX=nan, Bull=nan, Bear=nan
2026-01-30 03:35:55,979 - INFO - [상태] 포지션 없음, 자본금: $7052.89
2026-01-30 03:35:55,979 - INFO - [지표] ADX=nan, Bull=nan, Bear=nan
2026-01-30 03:40:55,980 - INFO - [상태] 포지션 없음, 자본금: $7052.89
2026-01-30 03:40:55,980 - INFO - [지표] ADX=nan, Bull=nan, Bear=nan
2026-01-30 03:45:00,227 - INFO - [EMA] 증분계산: prev=85633.05, close=83878.4, new=85498.08
2026-01-30 03:45:00,233 - INFO - 15m | 18:30 | O:83733.1 H:83970.0 L:83440.5 C:83878.4
2026-01-30 03:45:00,234 - INFO - 지표: ADX=54.7, ATR=558.1, Bull=False, Bear=True
2026-01-30 03:45:55,982 - INFO - [상태] 포지션 없음, 자본금: $7052.89
2026-01-30 03:45:55,982 - INFO - [지표] ADX=nan, Bull=nan, Bear=nan
2026-01-30 03:50:55,983 - INFO - [상태] 포지션 없음, 자본금: $7052.89
2026-01-30 03:50:55,983 - INFO - [지표] ADX=nan, Bull=nan, Bear=nan
2026-01-30 03:55:55,984 - INFO - [상태] 포지션 없음, 자본금: $7052.89
2026-01-30 03:55:55,985 - INFO - [지표] ADX=nan, Bull=nan, Bear=nan
2026-01-30 04:00:00,050 - INFO - [EMA] 증분계산: prev=85498.08, close=83330.7, new=85331.36
2026-01-30 04:00:00,056 - INFO - 15m | 18:45 | O:83878.6 H:83903.9 L:83266.1 C:83330.7
2026-01-30 04:00:00,056 - INFO - 지표: ADX=55.7, ATR=564.8, Bull=False, Bear=True
2026-01-30 04:00:55,987 - INFO - [상태] 포지션 없음, 자본금: $7052.89
2026-01-30 04:00:55,987 - INFO - [지표] ADX=nan, Bull=nan, Bear=nan
2026-01-30 04:05:55,988 - INFO - [상태] 포지션 없음, 자본금: $7052.89
2026-01-30 04:05:55,989 - INFO - [지표] ADX=nan, Bull=nan, Bear=nan
2026-01-30 04:10:55,990 - INFO - [상태] 포지션 없음, 자본금: $7052.89
2026-01-30 04:10:55,991 - INFO - [지표] ADX=nan, Bull=nan, Bear=nan
2026-01-30 04:15:00,386 - INFO - [EMA] 증분계산: prev=85331.36, close=83527.2, new=85192.57
2026-01-30 04:15:00,392 - INFO - 15m | 19:00 | O:83327.3 H:83527.5 L:83223.1 C:83527.2
2026-01-30 04:15:00,393 - INFO - 지표: ADX=56.6, ATR=543.1, Bull=False, Bear=True
2026-01-30 04:15:55,992 - INFO - [상태] 포지션 없음, 자본금: $7052.89
2026-01-30 04:15:55,992 - INFO - [지표] ADX=nan, Bull=nan, Bear=nan
2026-01-30 04:20:55,994 - INFO - [상태] 포지션 없음, 자본금: $7052.89
2026-01-30 04:20:55,994 - INFO - [지표] ADX=nan, Bull=nan, Bear=nan
2026-01-30 04:25:55,995 - INFO - [상태] 포지션 없음, 자본금: $7052.89
2026-01-30 04:25:55,995 - INFO - [지표] ADX=nan, Bull=nan, Bear=nan
2026-01-30 04:30:00,060 - INFO - [EMA] 증분계산: prev=85192.57, close=83641.5, new=85073.26
2026-01-30 04:30:00,069 - INFO - 15m | 19:15 | O:83527.2 H:83785.1 L:83401.6 C:83641.5
2026-01-30 04:30:00,070 - INFO - 지표: ADX=56.6, ATR=529.8, Bull=False, Bear=True
2026-01-30 04:30:55,996 - INFO - [상태] 포지션 없음, 자본금: $7052.89
2026-01-30 04:30:55,996 - INFO - [지표] ADX=nan, Bull=nan, Bear=nan
2026-01-30 04:35:55,997 - INFO - [상태] 포지션 없음, 자본금: $7052.89
2026-01-30 04:35:55,998 - INFO - [지표] ADX=nan, Bull=nan, Bear=nan
2026-01-30 04:40:56,000 - INFO - [상태] 포지션 없음, 자본금: $7052.89
2026-01-30 04:40:56,000 - INFO - [지표] ADX=nan, Bull=nan, Bear=nan
2026-01-30 04:45:00,856 - INFO - [EMA] 증분계산: prev=85073.26, close=83999.2, new=84990.64
2026-01-30 04:45:00,863 - INFO - 15m | 19:30 | O:83641.5 H:84167.2 L:83641.5 C:83999.2
2026-01-30 04:45:00,863 - INFO - 지표: ADX=55.3, ATR=529.4, Bull=False, Bear=True
2026-01-30 04:45:56,000 - INFO - [상태] 포지션 없음, 자본금: $7052.89
2026-01-30 04:45:56,001 - INFO - [지표] ADX=nan, Bull=nan, Bear=nan
2026-01-30 04:50:56,004 - INFO - [상태] 포지션 없음, 자본금: $7052.89
2026-01-30 04:50:56,004 - INFO - [지표] ADX=nan, Bull=nan, Bear=nan
2026-01-30 04:55:56,005 - INFO - [상태] 포지션 없음, 자본금: $7052.89
2026-01-30 04:55:56,005 - INFO - [지표] ADX=nan, Bull=nan, Bear=nan
2026-01-30 05:00:00,107 - INFO - [EMA] 증분계산: prev=84990.64, close=83854.8, new=84903.27
2026-01-30 05:00:00,114 - INFO - 15m | 19:45 | O:83999.2 H:84082.7 L:83830.2 C:83854.8
2026-01-30 05:00:00,114 - INFO - 지표: ADX=54.1, ATR=506.3, Bull=False, Bear=True
2026-01-30 05:00:56,007 - INFO - [상태] 포지션 없음, 자본금: $7052.89
2026-01-30 05:00:56,007 - INFO - [지표] ADX=nan, Bull=nan, Bear=nan
2026-01-30 05:05:56,008 - INFO - [상태] 포지션 없음, 자본금: $7052.89
2026-01-30 05:05:56,008 - INFO - [지표] ADX=nan, Bull=nan, Bear=nan
2026-01-30 05:10:56,017 - INFO - [상태] 포지션 없음, 자본금: $7052.89
2026-01-30 05:10:56,017 - INFO - [지표] ADX=nan, Bull=nan, Bear=nan
2026-01-30 05:15:00,742 - INFO - [EMA] 증분계산: prev=84903.27, close=83757.6, new=84815.14
2026-01-30 05:15:00,752 - INFO - 15m | 20:00 | O:83854.8 H:83951.3 L:83735.4 C:83757.6
2026-01-30 05:15:00,752 - INFO - 지표: ADX=53.1, ATR=482.1, Bull=False, Bear=True
2026-01-30 05:15:56,019 - INFO - [상태] 포지션 없음, 자본금: $7052.89
2026-01-30 05:15:56,019 - INFO - [지표] ADX=nan, Bull=nan, Bear=nan
2026-01-30 05:20:56,020 - INFO - [상태] 포지션 없음, 자본금: $7052.89
2026-01-30 05:20:56,020 - INFO - [지표] ADX=nan, Bull=nan, Bear=nan
2026-01-30 05:25:56,021 - INFO - [상태] 포지션 없음, 자본금: $7052.89
2026-01-30 05:25:56,021 - INFO - [지표] ADX=nan, Bull=nan, Bear=nan
2026-01-30 05:30:00,102 - INFO - [EMA] 증분계산: prev=84815.14, close=83842.3, new=84740.31
2026-01-30 05:30:00,109 - INFO - 15m | 20:15 | O:83757.7 H:84056.0 L:83757.7 C:83842.3
2026-01-30 05:30:00,109 - INFO - 지표: ADX=51.9, ATR=466.8, Bull=False, Bear=True
2026-01-30 05:30:56,024 - INFO - [상태] 포지션 없음, 자본금: $7052.89
2026-01-30 05:30:56,024 - INFO - [지표] ADX=nan, Bull=nan, Bear=nan
2026-01-30 05:35:56,026 - INFO - [상태] 포지션 없음, 자본금: $7052.89
2026-01-30 05:35:56,026 - INFO - [지표] ADX=nan, Bull=nan, Bear=nan
2026-01-30 05:40:56,028 - INFO - [상태] 포지션 없음, 자본금: $7052.89
2026-01-30 05:40:56,028 - INFO - [지표] ADX=nan, Bull=nan, Bear=nan
2026-01-30 05:45:00,111 - INFO - [EMA] 증분계산: prev=84740.31, close=83916.2, new=84676.91
2026-01-30 05:45:00,117 - INFO - 15m | 20:30 | O:83842.3 H:83972.8 L:83652.1 C:83916.2
2026-01-30 05:45:00,117 - INFO - 지표: ADX=50.9, ATR=454.7, Bull=False, Bear=True
2026-01-30 05:45:56,030 - INFO - [상태] 포지션 없음, 자본금: $7052.89
2026-01-30 05:45:56,031 - INFO - [지표] ADX=nan, Bull=nan, Bear=nan
2026-01-30 05:50:56,032 - INFO - [상태] 포지션 없음, 자본금: $7052.89
2026-01-30 05:50:56,032 - INFO - [지표] ADX=nan, Bull=nan, Bear=nan
2026-01-30 05:55:56,035 - INFO - [상태] 포지션 없음, 자본금: $7052.89
2026-01-30 05:55:56,035 - INFO - [지표] ADX=nan, Bull=nan, Bear=nan
2026-01-30 06:00:00,106 - INFO - [EMA] 증분계산: prev=84676.91, close=84049.5, new=84628.65
2026-01-30 06:00:00,112 - INFO - 15m | 20:45 | O:83916.2 H:84223.0 L:83842.6 C:84049.5
2026-01-30 06:00:00,113 - INFO - 지표: ADX=49.1, ATR=448.5, Bull=False, Bear=True
2026-01-30 06:00:56,038 - INFO - [상태] 포지션 없음, 자본금: $7052.89
2026-01-30 06:00:56,038 - INFO - [지표] ADX=nan, Bull=nan, Bear=nan
2026-01-30 06:05:56,039 - INFO - [상태] 포지션 없음, 자본금: $7052.89
2026-01-30 06:05:56,039 - INFO - [지표] ADX=nan, Bull=nan, Bear=nan
2026-01-30 06:10:56,040 - INFO - [상태] 포지션 없음, 자본금: $7052.89
2026-01-30 06:10:56,041 - INFO - [지표] ADX=nan, Bull=nan, Bear=nan
2026-01-30 06:15:00,102 - INFO - [EMA] 증분계산: prev=84628.65, close=84245.2, new=84599.15
2026-01-30 06:15:00,112 - INFO - 15m | 21:00 | O:84046.9 H:84307.0 L:84024.8 C:84245.2
2026-01-30 06:15:00,112 - INFO - 지표: ADX=47.1, ATR=434.6, Bull=False, Bear=True
2026-01-30 06:15:56,042 - INFO - [상태] 포지션 없음, 자본금: $7052.89
2026-01-30 06:15:56,043 - INFO - [지표] ADX=nan, Bull=nan, Bear=nan
2026-01-30 06:20:56,044 - INFO - [상태] 포지션 없음, 자본금: $7052.89
2026-01-30 06:20:56,044 - INFO - [지표] ADX=nan, Bull=nan, Bear=nan
2026-01-30 06:25:56,046 - INFO - [상태] 포지션 없음, 자본금: $7052.89
2026-01-30 06:25:56,046 - INFO - [지표] ADX=nan, Bull=nan, Bear=nan
2026-01-30 06:30:00,076 - INFO - [EMA] 증분계산: prev=84599.15, close=84189.2, new=84567.62
2026-01-30 06:30:00,086 - INFO - 15m | 21:15 | O:84244.6 H:84244.6 L:84051.2 C:84189.2
2026-01-30 06:30:00,086 - INFO - 지표: ADX=45.4, ATR=414.6, Bull=False, Bear=True
2026-01-30 06:30:56,047 - INFO - [상태] 포지션 없음, 자본금: $7052.89
2026-01-30 06:30:56,047 - INFO - [지표] ADX=nan, Bull=nan, Bear=nan
2026-01-30 06:35:56,049 - INFO - [상태] 포지션 없음, 자본금: $7052.89
2026-01-30 06:35:56,049 - INFO - [지표] ADX=nan, Bull=nan, Bear=nan
2026-01-30 06:40:56,053 - INFO - [상태] 포지션 없음, 자본금: $7052.89
2026-01-30 06:40:56,054 - INFO - [지표] ADX=nan, Bull=nan, Bear=nan
2026-01-30 06:45:00,186 - INFO - [EMA] 증분계산: prev=84567.62, close=84275.2, new=84545.13
2026-01-30 06:45:00,192 - INFO - 15m | 21:30 | O:84189.2 H:84316.0 L:84107.4 C:84275.2
2026-01-30 06:45:00,193 - INFO - 지표: ADX=43.4, ATR=397.4, Bull=False, Bear=True
2026-01-30 06:45:56,058 - INFO - [상태] 포지션 없음, 자본금: $7052.89
2026-01-30 06:45:56,058 - INFO - [지표] ADX=nan, Bull=nan, Bear=nan
2026-01-30 06:50:56,060 - INFO - [상태] 포지션 없음, 자본금: $7052.89
2026-01-30 06:50:56,060 - INFO - [지표] ADX=nan, Bull=nan, Bear=nan
2026-01-30 06:55:56,062 - INFO - [상태] 포지션 없음, 자본금: $7052.89
2026-01-30 06:55:56,062 - INFO - [지표] ADX=nan, Bull=nan, Bear=nan
2026-01-30 07:00:00,089 - INFO - [EMA] 증분계산: prev=84545.13, close=84362.7, new=84531.09
2026-01-30 07:00:00,096 - INFO - 15m | 21:45 | O:84275.2 H:84499.0 L:84263.5 C:84362.7
2026-01-30 07:00:00,096 - INFO - 지표: ADX=41.0, ATR=383.9, Bull=False, Bear=True
2026-01-30 07:00:56,064 - INFO - [상태] 포지션 없음, 자본금: $7052.89
2026-01-30 07:00:56,065 - INFO - [지표] ADX=nan, Bull=nan, Bear=nan
2026-01-30 07:05:56,067 - INFO - [상태] 포지션 없음, 자본금: $7052.89
2026-01-30 07:05:56,067 - INFO - [지표] ADX=nan, Bull=nan, Bear=nan
2026-01-30 07:10:56,072 - INFO - [상태] 포지션 없음, 자본금: $7052.89
2026-01-30 07:10:56,073 - INFO - [지표] ADX=nan, Bull=nan, Bear=nan
2026-01-30 07:15:00,068 - INFO - [EMA] 증분계산: prev=84531.09, close=84196.2, new=84505.33
2026-01-30 07:15:00,075 - INFO - 15m | 22:00 | O:84362.7 H:84459.2 L:84147.9 C:84196.2
2026-01-30 07:15:00,075 - INFO - 지표: ADX=39.1, ATR=377.9, Bull=False, Bear=True
2026-01-30 07:15:56,074 - INFO - [상태] 포지션 없음, 자본금: $7052.89
2026-01-30 07:15:56,074 - INFO - [지표] ADX=nan, Bull=nan, Bear=nan
2026-01-30 07:20:56,075 - INFO - [상태] 포지션 없음, 자본금: $7052.89
2026-01-30 07:20:56,075 - INFO - [지표] ADX=nan, Bull=nan, Bear=nan
2026-01-30 07:25:56,082 - INFO - [상태] 포지션 없음, 자본금: $7052.89
2026-01-30 07:25:56,082 - INFO - [지표] ADX=nan, Bull=nan, Bear=nan
2026-01-30 07:30:00,352 - INFO - [EMA] 증분계산: prev=84505.33, close=84278.1, new=84487.85
2026-01-30 07:30:00,359 - INFO - 15m | 22:15 | O:84196.2 H:84311.7 L:84196.2 C:84278.1
2026-01-30 07:30:00,359 - INFO - 지표: ADX=37.3, ATR=356.0, Bull=False, Bear=True
2026-01-30 07:30:56,083 - INFO - [상태] 포지션 없음, 자본금: $7052.89
2026-01-30 07:30:56,083 - INFO - [지표] ADX=nan, Bull=nan, Bear=nan
2026-01-30 07:35:56,085 - INFO - [상태] 포지션 없음, 자본금: $7052.89
2026-01-30 07:35:56,086 - INFO - [지표] ADX=nan, Bull=nan, Bear=nan
2026-01-30 07:40:56,101 - INFO - [상태] 포지션 없음, 자본금: $7052.89
2026-01-30 07:40:56,101 - INFO - [지표] ADX=nan, Bull=nan, Bear=nan
2026-01-30 07:45:01,900 - INFO - [EMA] 증분계산: prev=84487.85, close=84296.4, new=84473.13
2026-01-30 07:45:01,907 - INFO - 15m | 22:30 | O:84278.1 H:84323.5 L:84226.6 C:84296.4
2026-01-30 07:45:01,907 - INFO - 지표: ADX=35.6, ATR=334.4, Bull=False, Bear=True
2026-01-30 07:45:56,105 - INFO - [상태] 포지션 없음, 자본금: $7052.89
2026-01-30 07:45:56,106 - INFO - [지표] ADX=nan, Bull=nan, Bear=nan
2026-01-30 07:50:56,107 - INFO - [상태] 포지션 없음, 자본금: $7052.89
2026-01-30 07:50:56,108 - INFO - [지표] ADX=nan, Bull=nan, Bear=nan
2026-01-30 07:55:56,110 - INFO - [상태] 포지션 없음, 자본금: $7052.89
2026-01-30 07:55:56,110 - INFO - [지표] ADX=nan, Bull=nan, Bear=nan
2026-01-30 08:00:00,233 - INFO - [EMA] 증분계산: prev=84473.13, close=84404.8, new=84467.87
2026-01-30 08:00:00,239 - INFO - 15m | 22:45 | O:84296.5 H:84427.2 L:84234.1 C:84404.8
2026-01-30 08:00:00,239 - INFO - 지표: ADX=33.6, ATR=322.6, Bull=False, Bear=True
2026-01-30 08:00:56,115 - INFO - [상태] 포지션 없음, 자본금: $7052.89
2026-01-30 08:00:56,115 - INFO - [지표] ADX=nan, Bull=nan, Bear=nan
2026-01-30 08:05:56,116 - INFO - [상태] 포지션 없음, 자본금: $7052.89
2026-01-30 08:05:56,116 - INFO - [지표] ADX=nan, Bull=nan, Bear=nan
2026-01-30 08:10:56,117 - INFO - [상태] 포지션 없음, 자본금: $7052.89
2026-01-30 08:10:56,117 - INFO - [지표] ADX=nan, Bull=nan, Bear=nan
2026-01-30 08:15:00,503 - INFO - [EMA] 증분계산: prev=84467.87, close=84325.8, new=84456.94
2026-01-30 08:15:00,513 - INFO - 15m | 23:00 | O:84406.5 H:84429.6 L:84281.0 C:84325.8
2026-01-30 08:15:00,513 - INFO - 지표: ADX=31.8, ATR=308.1, Bull=False, Bear=True
2026-01-30 08:15:56,119 - INFO - [상태] 포지션 없음, 자본금: $7052.89
2026-01-30 08:15:56,119 - INFO - [지표] ADX=nan, Bull=nan, Bear=nan
2026-01-30 08:20:56,122 - INFO - [상태] 포지션 없음, 자본금: $7052.89
2026-01-30 08:20:56,122 - INFO - [지표] ADX=nan, Bull=nan, Bear=nan
2026-01-30 08:25:56,124 - INFO - [상태] 포지션 없음, 자본금: $7052.89
2026-01-30 08:25:56,125 - INFO - [지표] ADX=nan, Bull=nan, Bear=nan
2026-01-30 08:30:00,357 - INFO - [EMA] 증분계산: prev=84456.94, close=84419.4, new=84454.05
2026-01-30 08:30:00,364 - INFO - 15m | 23:15 | O:84325.7 H:84520.0 L:84307.6 C:84419.4
2026-01-30 08:30:00,364 - INFO - 지표: ADX=29.7, ATR=300.1, Bull=False, Bear=True
2026-01-30 08:30:56,126 - INFO - [상태] 포지션 없음, 자본금: $7052.89
2026-01-30 08:30:56,126 - INFO - [지표] ADX=nan, Bull=nan, Bear=nan
2026-01-30 08:35:56,127 - INFO - [상태] 포지션 없음, 자본금: $7052.89
2026-01-30 08:35:56,127 - INFO - [지표] ADX=nan, Bull=nan, Bear=nan
2026-01-30 08:40:56,128 - INFO - [상태] 포지션 없음, 자본금: $7052.89
2026-01-30 08:40:56,128 - INFO - [지표] ADX=nan, Bull=nan, Bear=nan
2026-01-30 08:45:00,116 - INFO - [EMA] 증분계산: prev=84454.05, close=84520.1, new=84459.13
2026-01-30 08:45:00,126 - INFO - 15m | 23:30 | O:84422.0 H:84583.2 L:84422.0 C:84520.1
2026-01-30 08:45:00,126 - INFO - 지표: ADX=27.6, ATR=288.8, Bull=False, Bear=True
2026-01-30 08:45:56,131 - INFO - [상태] 포지션 없음, 자본금: $7052.89
2026-01-30 08:45:56,131 - INFO - [지표] ADX=nan, Bull=nan, Bear=nan
2026-01-30 08:50:56,135 - INFO - [상태] 포지션 없음, 자본금: $7052.89
2026-01-30 08:50:56,135 - INFO - [지표] ADX=nan, Bull=nan, Bear=nan
2026-01-30 08:55:56,136 - INFO - [상태] 포지션 없음, 자본금: $7052.89
2026-01-30 08:55:56,136 - INFO - [지표] ADX=nan, Bull=nan, Bear=nan
