2026-01-21 09:00:00,145 - INFO - === 로그 파일 시작: logs/hyper_usdt_2026-01-21.log ===
2026-01-21 09:00:00,145 - INFO - [EMA] 증분계산: prev=89320.01, close=88390.6, new=89248.52
2026-01-21 09:00:00,155 - INFO - 15m | 23:45 | O:88444.4 H:88489.2 L:88295.0 C:88390.6
2026-01-21 09:00:00,155 - INFO - 지표: ADX=42.7, ATR=393.1, Bull=False, Bear=True
2026-01-21 09:02:44,334 - INFO - [상태] 포지션 없음, 자본금: $5576.15
2026-01-21 09:02:44,335 - INFO - [지표] ADX=nan, Bull=nan, Bear=nan
2026-01-21 09:07:44,335 - INFO - [상태] 포지션 없음, 자본금: $5576.15
2026-01-21 09:07:44,335 - INFO - [지표] ADX=nan, Bull=nan, Bear=nan
2026-01-21 09:12:44,337 - INFO - [상태] 포지션 없음, 자본금: $5576.15
2026-01-21 09:12:44,337 - INFO - [지표] ADX=nan, Bull=nan, Bear=nan
2026-01-21 09:15:00,273 - INFO - [EMA] 증분계산: prev=89248.52, close=88379.9, new=89181.70
2026-01-21 09:15:00,283 - INFO - 15m | 00:00 | O:88390.7 H:88580.0 L:88332.2 C:88379.9
2026-01-21 09:15:00,283 - INFO - 지표: ADX=43.2, ATR=378.6, Bull=False, Bear=True
2026-01-21 09:17:44,338 - INFO - [상태] 포지션 없음, 자본금: $5576.15
2026-01-21 09:17:44,339 - INFO - [지표] ADX=nan, Bull=nan, Bear=nan
2026-01-21 09:22:44,339 - INFO - [상태] 포지션 없음, 자본금: $5576.15
2026-01-21 09:22:44,340 - INFO - [지표] ADX=nan, Bull=nan, Bear=nan
2026-01-21 09:27:44,341 - INFO - [상태] 포지션 없음, 자본금: $5576.15
2026-01-21 09:27:44,341 - INFO - [지표] ADX=nan, Bull=nan, Bear=nan
2026-01-21 09:30:00,030 - INFO - [EMA] 증분계산: prev=89181.70, close=88535.3, new=89131.98
2026-01-21 09:30:00,040 - INFO - 15m | 00:15 | O:88380.0 H:88598.0 L:88218.2 C:88535.3
2026-01-21 09:30:00,040 - INFO - 지표: ADX=43.9, ATR=378.7, Bull=False, Bear=True
2026-01-21 09:32:44,342 - INFO - [상태] 포지션 없음, 자본금: $5576.15
2026-01-21 09:32:44,343 - INFO - [지표] ADX=nan, Bull=nan, Bear=nan
2026-01-21 09:37:44,344 - INFO - [상태] 포지션 없음, 자본금: $5576.15
2026-01-21 09:37:44,344 - INFO - [지표] ADX=nan, Bull=nan, Bear=nan
2026-01-21 09:42:44,345 - INFO - [상태] 포지션 없음, 자본금: $5576.15
2026-01-21 09:42:44,345 - INFO - [지표] ADX=nan, Bull=nan, Bear=nan
2026-01-21 09:45:00,162 - INFO - [EMA] 증분계산: prev=89131.98, close=88812.0, new=89107.37
2026-01-21 09:45:00,171 - INFO - 15m | 00:30 | O:88535.4 H:88900.0 L:88470.9 C:88812.0
2026-01-21 09:45:00,172 - INFO - 지표: ADX=43.1, ATR=383.7, Bull=False, Bear=True
2026-01-21 09:47:44,347 - INFO - [상태] 포지션 없음, 자본금: $5576.15
2026-01-21 09:47:44,347 - INFO - [지표] ADX=nan, Bull=nan, Bear=nan
2026-01-21 09:52:44,348 - INFO - [상태] 포지션 없음, 자본금: $5576.15
2026-01-21 09:52:44,348 - INFO - [지표] ADX=nan, Bull=nan, Bear=nan
2026-01-21 09:57:44,349 - INFO - [상태] 포지션 없음, 자본금: $5576.15
2026-01-21 09:57:44,349 - INFO - [지표] ADX=nan, Bull=nan, Bear=nan
2026-01-21 10:00:00,164 - INFO - [EMA] 증분계산: prev=89107.37, close=88895.5, new=89091.07
2026-01-21 10:00:00,171 - INFO - 15m | 00:45 | O:88812.0 H:88944.0 L:88780.0 C:88895.5
2026-01-21 10:00:00,171 - INFO - 지표: ADX=42.3, ATR=361.8, Bull=False, Bear=True
2026-01-21 10:02:44,350 - INFO - [상태] 포지션 없음, 자본금: $5576.15
2026-01-21 10:02:44,350 - INFO - [지표] ADX=nan, Bull=nan, Bear=nan
2026-01-21 10:07:44,352 - INFO - [상태] 포지션 없음, 자본금: $5576.15
2026-01-21 10:07:44,352 - INFO - [지표] ADX=nan, Bull=nan, Bear=nan
2026-01-21 10:12:44,353 - INFO - [상태] 포지션 없음, 자본금: $5576.15
2026-01-21 10:12:44,354 - INFO - [지표] ADX=nan, Bull=nan, Bear=nan
2026-01-21 10:15:00,348 - INFO - [EMA] 증분계산: prev=89091.07, close=89048.0, new=89087.76
2026-01-21 10:15:00,357 - INFO - 15m | 01:00 | O:88895.5 H:89072.4 L:88794.6 C:89048.0
2026-01-21 10:15:00,358 - INFO - 지표: ADX=41.0, ATR=353.4, Bull=False, Bear=True
2026-01-21 10:17:44,355 - INFO - [상태] 포지션 없음, 자본금: $5576.15
2026-01-21 10:17:44,355 - INFO - [지표] ADX=nan, Bull=nan, Bear=nan
2026-01-21 10:22:44,358 - INFO - [상태] 포지션 없음, 자본금: $5576.15
2026-01-21 10:22:44,358 - INFO - [지표] ADX=nan, Bull=nan, Bear=nan
2026-01-21 10:27:44,360 - INFO - [상태] 포지션 없음, 자본금: $5576.15
2026-01-21 10:27:44,360 - INFO - [지표] ADX=nan, Bull=nan, Bear=nan
2026-01-21 10:30:00,036 - INFO - [EMA] 증분계산: prev=89087.76, close=89029.3, new=89083.26
2026-01-21 10:30:00,046 - INFO - 15m | 01:15 | O:89047.9 H:89095.4 L:88876.7 C:89029.3
2026-01-21 10:30:00,046 - INFO - 지표: ADX=39.7, ATR=339.9, Bull=False, Bear=True
2026-01-21 10:30:00,046 - INFO - [LIVE] SHORT 신호 감지!
2026-01-21 10:30:00,047 - INFO - ==================================================
2026-01-21 10:30:00,047 - INFO - [LIVE] SHORT 진입 준비
2026-01-21 10:30:00,047 - INFO - 진입가: $89029.30
2026-01-21 10:30:00,047 - INFO - 손절가: $89924.80 (1.01%)
2026-01-21 10:30:00,047 - INFO - 익절가: $87478.72 (1.74%)
2026-01-21 10:30:00,047 - INFO - 레버리지: 6.33x
2026-01-21 10:30:00,047 - INFO - 포지션 크기: 0.396465 BTC ($35297.04)
2026-01-21 10:30:00,047 - INFO - ==================================================
2026-01-21 10:30:00,135 - INFO - Leverage 설정: 6x
2026-01-21 10:30:00,176 - INFO - Market Order 체결: SHORT 0.396
2026-01-21 10:30:00,941 - INFO - 실제 체결가: $89028.50, 수량: 0.396000
2026-01-21 10:30:01,035 - INFO - LIMIT Close 주문: SHORT 0.396 @ $87477.9, ID: 887850975539
2026-01-21 10:30:01,035 - INFO - TP 주문 설정: $87477.92
2026-01-21 10:30:01,161 - INFO - STOP_MARKET 주문 (Algo): $89924.8, AlgoID: 3000000360759838
2026-01-21 10:30:01,161 - INFO - SL 주문 설정: $89924.80
2026-01-21 10:30:01,161 - INFO - 거래 기록 저장: ENTRY @ $89028.50
2026-01-21 10:30:01,161 - INFO - [LIVE] SHORT 진입 완료!
2026-01-21 10:32:44,402 - INFO - [상태] 포지션: SHORT, 진입가: $89028.50, 현재가: $89045.00, 미실현PnL: $-6.53
2026-01-21 10:32:44,402 - INFO - [지표] ADX=nan, Bull=nan, Bear=nan
2026-01-21 10:37:44,444 - INFO - [상태] 포지션: SHORT, 진입가: $89028.50, 현재가: $89076.90, 미실현PnL: $-19.17
2026-01-21 10:37:44,444 - INFO - [지표] ADX=nan, Bull=nan, Bear=nan
2026-01-21 10:42:44,487 - INFO - [상태] 포지션: SHORT, 진입가: $89028.50, 현재가: $89012.80, 미실현PnL: $6.22
2026-01-21 10:42:44,487 - INFO - [지표] ADX=nan, Bull=nan, Bear=nan
2026-01-21 10:45:00,076 - INFO - [EMA] 증분계산: prev=89083.26, close=89000.4, new=89076.88
2026-01-21 10:45:00,086 - INFO - 15m | 01:30 | O:89029.3 H:89096.0 L:88941.8 C:89000.4
2026-01-21 10:45:00,086 - INFO - 지표: ADX=38.5, ATR=321.3, Bull=False, Bear=True
2026-01-21 10:47:44,529 - INFO - [상태] 포지션: SHORT, 진입가: $89028.50, 현재가: $89049.90, 미실현PnL: $-8.47
2026-01-21 10:47:44,529 - INFO - [지표] ADX=nan, Bull=nan, Bear=nan
2026-01-21 10:52:44,572 - INFO - [상태] 포지션: SHORT, 진입가: $89028.50, 현재가: $89122.10, 미실현PnL: $-37.07
2026-01-21 10:52:44,572 - INFO - [지표] ADX=nan, Bull=nan, Bear=nan
2026-01-21 10:55:28,525 - INFO - === 로그 파일 시작: logs/hyper_usdt_2026-01-21.log ===
2026-01-21 10:55:28,525 - INFO - ======================================================================
2026-01-21 10:55:28,525 - INFO - Hyper Scalper V2 Live Trading 시작 (BTCUSDT)
2026-01-21 10:55:28,525 - INFO - 심볼: BTCUSDT, 타임프레임: 15m
2026-01-21 10:55:28,525 - INFO - ======================================================================
2026-01-21 10:55:28,581 - INFO - ============================================================
2026-01-21 10:55:28,581 - INFO - Hyper Scalper V2 Strategy 초기화
2026-01-21 10:55:28,581 - INFO - *** LIVE 거래 모드 ***
2026-01-21 10:55:28,581 - WARNING - *** 실제 자금으로 거래합니다! ***
2026-01-21 10:55:28,581 - INFO - ============================================================
2026-01-21 10:55:28,581 - INFO - 상태 복구 완료: 2026-01-21T01:30:01.161542+00:00
2026-01-21 10:55:28,581 - INFO - 저장된 자본 복구: $5576.15
2026-01-21 10:55:28,581 - INFO - 상태 복구 완료: 2026-01-21T01:30:01.161542+00:00
2026-01-21 10:55:28,581 - INFO - 이전 상태 복구 중...
2026-01-21 10:55:28,581 - INFO - 자본금 복구: $5576.15
2026-01-21 10:55:28,581 - INFO - 포지션 복구: SHORT
2026-01-21 10:55:28,582 - INFO - 진입가: $89028.50, 수량: 0.396000
2026-01-21 10:55:28,582 - INFO - TP: $87477.92, SL: $89924.80
2026-01-21 10:55:28,639 - INFO - 바이낸스 포지션 확인: SHORT, 평단가 $89028.50
2026-01-21 10:55:28,640 - INFO - 과거 15분봉 데이터 로드 중...
2026-01-21 10:55:28,694 - INFO - 과거 데이터 로드 완료: 500개 캔들
2026-01-21 10:55:28,694 - INFO - 15분봉 로드 완료: 500개
2026-01-21 10:55:28,694 - INFO - 현재 지표: EMA25=89076.88, EMA100=90439.72, EMA200=91569.58, ADX=38.50, ATR=321.33
2026-01-21 10:55:28,713 - INFO - 초기 지표 저장 완료: 500개 → trades/indicators_hyper_usdt.csv
2026-01-21 10:55:28,713 - INFO - 모든 태스크 시작 완료
2026-01-21 10:55:28,713 - INFO - 초기 자본금: $5576.15
2026-01-21 10:55:28,835 - INFO - 웹소켓 연결: BTCUSDT (15분봉)
2026-01-21 11:00:00,168 - INFO - [EMA] 증분계산: prev=89076.88, close=88985.2, new=89069.83
2026-01-21 11:00:00,178 - INFO - 15m | 01:45 | O:89000.4 H:89128.8 L:88941.6 C:88985.2
2026-01-21 11:00:00,178 - INFO - 지표: ADX=37.2, ATR=307.9, Bull=False, Bear=True
2026-01-21 11:00:28,760 - INFO - [상태] 포지션: SHORT, 진입가: $89028.50, 현재가: $89015.80, 미실현PnL: $5.03
2026-01-21 11:00:28,760 - INFO - [지표] ADX=nan, Bull=nan, Bear=nan
2026-01-21 11:05:28,801 - INFO - [상태] 포지션: SHORT, 진입가: $89028.50, 현재가: $89223.70, 미실현PnL: $-77.30
2026-01-21 11:05:28,802 - INFO - [지표] ADX=nan, Bull=nan, Bear=nan
2026-01-21 11:10:28,843 - INFO - [상태] 포지션: SHORT, 진입가: $89028.50, 현재가: $89150.10, 미실현PnL: $-48.15
2026-01-21 11:10:28,844 - INFO - [지표] ADX=nan, Bull=nan, Bear=nan
2026-01-21 11:15:00,121 - INFO - [EMA] 증분계산: prev=89069.83, close=89240.5, new=89082.96
2026-01-21 11:15:00,128 - INFO - 15m | 02:00 | O:88985.3 H:89318.0 L:88985.3 C:89240.5
2026-01-21 11:15:00,128 - INFO - 지표: ADX=35.2, ATR=310.4, Bull=False, Bear=True
2026-01-21 11:15:28,885 - INFO - [상태] 포지션: SHORT, 진입가: $89028.50, 현재가: $89241.10, 미실현PnL: $-84.19
2026-01-21 11:15:28,885 - INFO - [지표] ADX=nan, Bull=nan, Bear=nan
2026-01-21 11:20:28,926 - INFO - [상태] 포지션: SHORT, 진입가: $89028.50, 현재가: $89263.40, 미실현PnL: $-93.02
2026-01-21 11:20:28,926 - INFO - [지표] ADX=nan, Bull=nan, Bear=nan
2026-01-21 11:25:28,967 - INFO - [상태] 포지션: SHORT, 진입가: $89028.50, 현재가: $89177.00, 미실현PnL: $-58.81
2026-01-21 11:25:28,967 - INFO - [지표] ADX=nan, Bull=nan, Bear=nan
2026-01-21 11:30:00,134 - INFO - [EMA] 증분계산: prev=89082.96, close=89079.2, new=89082.67
2026-01-21 11:30:00,143 - INFO - 15m | 02:15 | O:89240.5 H:89270.0 L:89050.0 C:89079.2
2026-01-21 11:30:00,143 - INFO - 지표: ADX=33.3, ATR=301.4, Bull=False, Bear=True
2026-01-21 11:30:29,006 - INFO - [상태] 포지션: SHORT, 진입가: $89028.50, 현재가: $89050.00, 미실현PnL: $-8.51
2026-01-21 11:30:29,006 - INFO - [지표] ADX=nan, Bull=nan, Bear=nan
2026-01-21 11:35:29,046 - INFO - [상태] 포지션: SHORT, 진입가: $89028.50, 현재가: $88974.90, 미실현PnL: $21.23
2026-01-21 11:35:29,047 - INFO - [지표] ADX=nan, Bull=nan, Bear=nan
2026-01-21 11:40:29,089 - INFO - [상태] 포지션: SHORT, 진입가: $89028.50, 현재가: $89030.30, 미실현PnL: $-0.71
2026-01-21 11:40:29,089 - INFO - [지표] ADX=nan, Bull=nan, Bear=nan
2026-01-21 11:45:00,052 - INFO - [EMA] 증분계산: prev=89082.67, close=89055.0, new=89080.54
2026-01-21 11:45:00,059 - INFO - 15m | 02:30 | O:89079.2 H:89147.9 L:88941.4 C:89055.0
2026-01-21 11:45:00,059 - INFO - 지표: ADX=32.0, ATR=291.9, Bull=False, Bear=True
2026-01-21 11:45:29,129 - INFO - [상태] 포지션: SHORT, 진입가: $89028.50, 현재가: $89043.90, 미실현PnL: $-6.10
2026-01-21 11:45:29,129 - INFO - [지표] ADX=nan, Bull=nan, Bear=nan
2026-01-21 11:50:29,170 - INFO - [상태] 포지션: SHORT, 진입가: $89028.50, 현재가: $89091.20, 미실현PnL: $-24.83
2026-01-21 11:50:29,170 - INFO - [지표] ADX=nan, Bull=nan, Bear=nan
2026-01-21 11:55:29,214 - INFO - [상태] 포지션: SHORT, 진입가: $89028.50, 현재가: $89086.20, 미실현PnL: $-22.85
2026-01-21 11:55:29,214 - INFO - [지표] ADX=nan, Bull=nan, Bear=nan
2026-01-21 12:00:00,174 - INFO - [EMA] 증분계산: prev=89080.54, close=89015.1, new=89075.51
2026-01-21 12:00:00,183 - INFO - 15m | 02:45 | O:89054.7 H:89145.7 L:89000.0 C:89015.1
2026-01-21 12:00:00,184 - INFO - 지표: ADX=30.8, ATR=277.3, Bull=False, Bear=True
2026-01-21 12:00:29,256 - INFO - [상태] 포지션: SHORT, 진입가: $89028.50, 현재가: $89021.90, 미실현PnL: $2.61
2026-01-21 12:00:29,257 - INFO - [지표] ADX=nan, Bull=nan, Bear=nan
2026-01-21 12:05:29,297 - INFO - [상태] 포지션: SHORT, 진입가: $89028.50, 현재가: $89133.50, 미실현PnL: $-41.58
2026-01-21 12:05:29,298 - INFO - [지표] ADX=nan, Bull=nan, Bear=nan
2026-01-21 12:10:29,338 - INFO - [상태] 포지션: SHORT, 진입가: $89028.50, 현재가: $89166.60, 미실현PnL: $-54.69
2026-01-21 12:10:29,338 - INFO - [지표] ADX=nan, Bull=nan, Bear=nan
2026-01-21 12:15:00,086 - INFO - [EMA] 증분계산: prev=89075.51, close=89176.9, new=89083.31
2026-01-21 12:15:00,096 - INFO - 15m | 03:00 | O:89015.0 H:89220.0 L:89000.1 C:89176.9
2026-01-21 12:15:00,096 - INFO - 지표: ADX=29.2, ATR=271.5, Bull=False, Bear=True
2026-01-21 12:15:29,378 - INFO - [상태] 포지션: SHORT, 진입가: $89028.50, 현재가: $89149.60, 미실현PnL: $-47.96
2026-01-21 12:15:29,378 - INFO - [지표] ADX=nan, Bull=nan, Bear=nan
2026-01-21 12:20:29,418 - INFO - [상태] 포지션: SHORT, 진입가: $89028.50, 현재가: $89174.70, 미실현PnL: $-57.90
2026-01-21 12:20:29,419 - INFO - [지표] ADX=nan, Bull=nan, Bear=nan
2026-01-21 12:25:29,459 - INFO - [상태] 포지션: SHORT, 진입가: $89028.50, 현재가: $89187.40, 미실현PnL: $-62.92
2026-01-21 12:25:29,459 - INFO - [지표] ADX=nan, Bull=nan, Bear=nan
2026-01-21 12:30:00,214 - INFO - [EMA] 증분계산: prev=89083.31, close=89237.2, new=89095.15
2026-01-21 12:30:00,223 - INFO - 15m | 03:15 | O:89176.9 H:89240.0 L:89090.2 C:89237.2
2026-01-21 12:30:00,224 - INFO - 지표: ADX=27.7, ATR=259.3, Bull=False, Bear=True
2026-01-21 12:30:29,500 - INFO - [상태] 포지션: SHORT, 진입가: $89028.50, 현재가: $89206.90, 미실현PnL: $-70.65
2026-01-21 12:30:29,500 - INFO - [지표] ADX=nan, Bull=nan, Bear=nan
2026-01-21 12:35:29,541 - INFO - [상태] 포지션: SHORT, 진입가: $89028.50, 현재가: $89237.00, 미실현PnL: $-82.57
2026-01-21 12:35:29,542 - INFO - [지표] ADX=nan, Bull=nan, Bear=nan
2026-01-21 12:40:29,582 - INFO - [상태] 포지션: SHORT, 진입가: $89028.50, 현재가: $89355.90, 미실현PnL: $-129.65
2026-01-21 12:40:29,582 - INFO - [지표] ADX=nan, Bull=nan, Bear=nan
2026-01-21 12:45:00,075 - INFO - [EMA] 증분계산: prev=89095.15, close=89518.6, new=89127.72
2026-01-21 12:45:00,082 - INFO - 15m | 03:30 | O:89237.1 H:89568.5 L:89189.9 C:89518.6
2026-01-21 12:45:00,082 - INFO - 지표: ADX=26.6, ATR=271.3, Bull=False, Bear=True
2026-01-21 12:45:29,622 - INFO - [상태] 포지션: SHORT, 진입가: $89028.50, 현재가: $89472.40, 미실현PnL: $-175.78
2026-01-21 12:45:29,623 - INFO - [지표] ADX=nan, Bull=nan, Bear=nan
2026-01-21 12:50:29,663 - INFO - [상태] 포지션: SHORT, 진입가: $89028.50, 현재가: $89425.60, 미실현PnL: $-157.25
2026-01-21 12:50:29,663 - INFO - [지표] ADX=nan, Bull=nan, Bear=nan
2026-01-21 12:55:29,704 - INFO - [상태] 포지션: SHORT, 진입가: $89028.50, 현재가: $89395.40, 미실현PnL: $-145.29
2026-01-21 12:55:29,705 - INFO - [지표] ADX=nan, Bull=nan, Bear=nan
2026-01-21 13:00:00,116 - INFO - [EMA] 증분계산: prev=89127.72, close=89396.0, new=89148.36
2026-01-21 13:00:00,122 - INFO - 15m | 03:45 | O:89518.5 H:89518.5 L:89360.0 C:89396.0
2026-01-21 13:00:00,122 - INFO - 지표: ADX=25.6, ATR=260.0, Bull=False, Bear=True
2026-01-21 13:00:29,746 - INFO - [상태] 포지션: SHORT, 진입가: $89028.50, 현재가: $89384.00, 미실현PnL: $-140.78
2026-01-21 13:00:29,746 - INFO - [지표] ADX=nan, Bull=nan, Bear=nan
2026-01-21 13:05:29,788 - INFO - [상태] 포지션: SHORT, 진입가: $89028.50, 현재가: $89452.90, 미실현PnL: $-168.06
2026-01-21 13:05:29,789 - INFO - [지표] ADX=nan, Bull=nan, Bear=nan
2026-01-21 13:10:29,830 - INFO - [상태] 포지션: SHORT, 진입가: $89028.50, 현재가: $89427.80, 미실현PnL: $-158.12
2026-01-21 13:10:29,830 - INFO - [지표] ADX=nan, Bull=nan, Bear=nan
2026-01-21 13:15:00,059 - INFO - [EMA] 증분계산: prev=89148.36, close=89313.4, new=89161.05
2026-01-21 13:15:00,068 - INFO - 15m | 04:00 | O:89395.9 H:89456.4 L:89312.8 C:89313.4
2026-01-21 13:15:00,068 - INFO - 지표: ADX=24.4, ATR=248.4, Bull=False, Bear=True
2026-01-21 13:15:29,871 - INFO - [상태] 포지션: SHORT, 진입가: $89028.50, 현재가: $89303.60, 미실현PnL: $-108.94
2026-01-21 13:15:29,871 - INFO - [지표] ADX=nan, Bull=nan, Bear=nan
2026-01-21 13:20:29,913 - INFO - [상태] 포지션: SHORT, 진입가: $89028.50, 현재가: $89375.10, 미실현PnL: $-137.25
2026-01-21 13:20:29,913 - INFO - [지표] ADX=nan, Bull=nan, Bear=nan
2026-01-21 13:25:29,953 - INFO - [상태] 포지션: SHORT, 진입가: $89028.50, 현재가: $89420.60, 미실현PnL: $-155.27
2026-01-21 13:25:29,954 - INFO - [지표] ADX=nan, Bull=nan, Bear=nan
2026-01-21 13:30:00,526 - INFO - [EMA] 증분계산: prev=89161.05, close=89455.3, new=89183.69
2026-01-21 13:30:00,533 - INFO - 15m | 04:15 | O:89313.4 H:89461.7 L:89303.5 C:89455.3
2026-01-21 13:30:00,533 - INFO - 지표: ADX=23.2, ATR=239.3, Bull=False, Bear=True
2026-01-21 13:30:30,001 - INFO - [상태] 포지션: SHORT, 진입가: $89028.50, 현재가: $89455.50, 미실현PnL: $-169.09
2026-01-21 13:30:30,001 - INFO - [지표] ADX=nan, Bull=nan, Bear=nan
2026-01-21 13:35:30,049 - INFO - [상태] 포지션: SHORT, 진입가: $89028.50, 현재가: $89377.40, 미실현PnL: $-138.16
2026-01-21 13:35:30,049 - INFO - [지표] ADX=nan, Bull=nan, Bear=nan
2026-01-21 13:40:30,092 - INFO - [상태] 포지션: SHORT, 진입가: $89028.50, 현재가: $89444.00, 미실현PnL: $-164.54
2026-01-21 13:40:30,093 - INFO - [지표] ADX=nan, Bull=nan, Bear=nan
2026-01-21 13:45:00,249 - INFO - [EMA] 증분계산: prev=89183.69, close=89536.8, new=89210.85
2026-01-21 13:45:00,258 - INFO - 15m | 04:30 | O:89455.3 H:89536.9 L:89355.2 C:89536.8
2026-01-21 13:45:00,258 - INFO - 지표: ADX=22.5, ATR=233.6, Bull=False, Bear=True
2026-01-21 13:45:30,135 - INFO - [상태] 포지션: SHORT, 진입가: $89028.50, 현재가: $89519.20, 미실현PnL: $-194.32
2026-01-21 13:45:30,135 - INFO - [지표] ADX=nan, Bull=nan, Bear=nan
2026-01-21 13:50:30,178 - INFO - [상태] 포지션: SHORT, 진입가: $89028.50, 현재가: $89526.70, 미실현PnL: $-197.29
2026-01-21 13:50:30,178 - INFO - [지표] ADX=nan, Bull=nan, Bear=nan
2026-01-21 13:55:30,219 - INFO - [상태] 포지션: SHORT, 진입가: $89028.50, 현재가: $89408.90, 미실현PnL: $-150.64
2026-01-21 13:55:30,220 - INFO - [지표] ADX=nan, Bull=nan, Bear=nan
2026-01-21 14:00:00,094 - INFO - [EMA] 증분계산: prev=89210.85, close=89400.4, new=89225.43
2026-01-21 14:00:00,101 - INFO - 15m | 04:45 | O:89536.9 H:89621.7 L:89400.0 C:89400.4
2026-01-21 14:00:00,101 - INFO - 지표: ADX=22.2, ATR=232.4, Bull=False, Bear=True
2026-01-21 14:00:30,262 - INFO - [상태] 포지션: SHORT, 진입가: $89028.50, 현재가: $89431.30, 미실현PnL: $-159.51
2026-01-21 14:00:30,263 - INFO - [지표] ADX=nan, Bull=nan, Bear=nan
2026-01-21 14:05:30,308 - INFO - [상태] 포지션: SHORT, 진입가: $89028.50, 현재가: $89432.00, 미실현PnL: $-159.79
2026-01-21 14:05:30,308 - INFO - [지표] ADX=nan, Bull=nan, Bear=nan
2026-01-21 14:10:30,349 - INFO - [상태] 포지션: SHORT, 진입가: $89028.50, 현재가: $89489.80, 미실현PnL: $-182.67
2026-01-21 14:10:30,350 - INFO - [지표] ADX=nan, Bull=nan, Bear=nan
2026-01-21 14:15:00,167 - INFO - [EMA] 증분계산: prev=89225.43, close=89541.1, new=89249.71
2026-01-21 14:15:00,177 - INFO - 15m | 05:00 | O:89400.4 H:89544.9 L:89384.0 C:89541.1
2026-01-21 14:15:00,177 - INFO - 지표: ADX=21.8, ATR=225.2, Bull=False, Bear=True
2026-01-21 14:15:30,394 - INFO - [상태] 포지션: SHORT, 진입가: $89028.50, 현재가: $89550.10, 미실현PnL: $-206.55
2026-01-21 14:15:30,394 - INFO - [지표] ADX=nan, Bull=nan, Bear=nan
2026-01-21 14:20:30,438 - INFO - [상태] 포지션: SHORT, 진입가: $89028.50, 현재가: $89579.60, 미실현PnL: $-218.24
2026-01-21 14:20:30,439 - INFO - [지표] ADX=nan, Bull=nan, Bear=nan
2026-01-21 14:25:30,480 - INFO - [상태] 포지션: SHORT, 진입가: $89028.50, 현재가: $89545.00, 미실현PnL: $-204.53
2026-01-21 14:25:30,480 - INFO - [지표] ADX=nan, Bull=nan, Bear=nan
2026-01-21 14:30:00,195 - INFO - [EMA] 증분계산: prev=89249.71, close=89551.9, new=89272.96
2026-01-21 14:30:00,202 - INFO - 15m | 05:15 | O:89541.1 H:89596.1 L:89482.4 C:89551.9
2026-01-21 14:30:00,202 - INFO - 지표: ADX=21.7, ATR=214.1, Bull=False, Bear=True
2026-01-21 14:30:30,522 - INFO - [상태] 포지션: SHORT, 진입가: $89028.50, 현재가: $89567.10, 미실현PnL: $-213.29
2026-01-21 14:30:30,522 - INFO - [지표] ADX=nan, Bull=nan, Bear=nan
2026-01-21 14:35:30,564 - INFO - [상태] 포지션: SHORT, 진입가: $89028.50, 현재가: $89653.30, 미실현PnL: $-247.42
2026-01-21 14:35:30,565 - INFO - [지표] ADX=nan, Bull=nan, Bear=nan
2026-01-21 14:40:30,608 - INFO - [상태] 포지션: SHORT, 진입가: $89028.50, 현재가: $89801.50, 미실현PnL: $-306.11
2026-01-21 14:40:30,608 - INFO - [지표] ADX=nan, Bull=nan, Bear=nan
2026-01-21 14:45:00,081 - INFO - [EMA] 증분계산: prev=89272.96, close=89893.7, new=89320.71
2026-01-21 14:45:00,091 - INFO - 15m | 05:30 | O:89551.9 H:89900.0 L:89551.8 C:89893.7
2026-01-21 14:45:00,091 - INFO - 지표: ADX=22.8, ATR=227.5, Bull=False, Bear=True
2026-01-21 14:45:06,665 - ERROR - 주문 조회 실패: APIError(code=-2013): Order does not exist.
2026-01-21 14:45:06,705 - WARNING - [LIVE] SL 체결 감지: $89924.80
2026-01-21 14:45:06,705 - WARNING - [LIVE] SL 청산: PnL=$-354.93, 수수료=$35.4328, 순익=$-390.37
2026-01-21 14:45:06,705 - WARNING - [LIVE] 자본금 업데이트: $5576.15 → $5185.78
2026-01-21 14:45:06,746 - INFO - 모든 대기 주문 취소 완료
2026-01-21 14:45:07,296 - WARNING - [자본금 동기화] 로컬: $5185.78 → 사용가능: $5221.58 (실제 잔고 $5801.76의 90%)
2026-01-21 14:45:07,297 - INFO - 거래 기록 저장: SL @ $89924.80
2026-01-21 14:45:30,609 - INFO - [상태] 포지션 없음, 자본금: $5221.58
2026-01-21 14:45:30,610 - INFO - [지표] ADX=nan, Bull=nan, Bear=nan
2026-01-21 14:50:30,611 - INFO - [상태] 포지션 없음, 자본금: $5221.58
2026-01-21 14:50:30,611 - INFO - [지표] ADX=nan, Bull=nan, Bear=nan
2026-01-21 14:55:30,612 - INFO - [상태] 포지션 없음, 자본금: $5221.58
2026-01-21 14:55:30,612 - INFO - [지표] ADX=nan, Bull=nan, Bear=nan
2026-01-21 15:00:00,176 - INFO - [EMA] 증분계산: prev=89320.71, close=89919.9, new=89366.80
2026-01-21 15:00:00,186 - INFO - 15m | 05:45 | O:89893.7 H:90088.0 L:89871.4 C:89919.9
2026-01-21 15:00:00,186 - INFO - 지표: ADX=24.3, ATR=226.4, Bull=False, Bear=True
2026-01-21 15:00:30,614 - INFO - [상태] 포지션 없음, 자본금: $5221.58
2026-01-21 15:00:30,614 - INFO - [지표] ADX=nan, Bull=nan, Bear=nan
2026-01-21 15:05:30,615 - INFO - [상태] 포지션 없음, 자본금: $5221.58
2026-01-21 15:05:30,615 - INFO - [지표] ADX=nan, Bull=nan, Bear=nan
2026-01-21 15:10:30,616 - INFO - [상태] 포지션 없음, 자본금: $5221.58
2026-01-21 15:10:30,616 - INFO - [지표] ADX=nan, Bull=nan, Bear=nan
2026-01-21 15:15:00,311 - INFO - [EMA] 증분계산: prev=89366.80, close=89867.3, new=89405.30
2026-01-21 15:15:00,318 - INFO - 15m | 06:00 | O:89919.9 H:89920.0 L:89758.6 C:89867.3
2026-01-21 15:15:00,318 - INFO - 지표: ADX=25.0, ATR=219.9, Bull=False, Bear=True
2026-01-21 15:15:30,617 - INFO - [상태] 포지션 없음, 자본금: $5221.58
2026-01-21 15:15:30,618 - INFO - [지표] ADX=nan, Bull=nan, Bear=nan
2026-01-21 15:20:30,620 - INFO - [상태] 포지션 없음, 자본금: $5221.58
2026-01-21 15:20:30,620 - INFO - [지표] ADX=nan, Bull=nan, Bear=nan
2026-01-21 15:25:30,621 - INFO - [상태] 포지션 없음, 자본금: $5221.58
2026-01-21 15:25:30,622 - INFO - [지표] ADX=nan, Bull=nan, Bear=nan
2026-01-21 15:30:00,047 - INFO - [EMA] 증분계산: prev=89405.30, close=89845.5, new=89439.16
2026-01-21 15:30:00,054 - INFO - 15m | 06:15 | O:89867.2 H:89892.0 L:89774.8 C:89845.5
2026-01-21 15:30:00,054 - INFO - 지표: ADX=25.6, ATR=209.6, Bull=False, Bear=True
2026-01-21 15:30:30,623 - INFO - [상태] 포지션 없음, 자본금: $5221.58
2026-01-21 15:30:30,623 - INFO - [지표] ADX=nan, Bull=nan, Bear=nan
2026-01-21 15:35:30,624 - INFO - [상태] 포지션 없음, 자본금: $5221.58
2026-01-21 15:35:30,625 - INFO - [지표] ADX=nan, Bull=nan, Bear=nan
2026-01-21 15:40:30,625 - INFO - [상태] 포지션 없음, 자본금: $5221.58
2026-01-21 15:40:30,626 - INFO - [지표] ADX=nan, Bull=nan, Bear=nan
2026-01-21 15:45:00,103 - INFO - [EMA] 증분계산: prev=89439.16, close=89575.7, new=89449.66
2026-01-21 15:45:00,113 - INFO - 15m | 06:30 | O:89845.5 H:89845.6 L:89551.0 C:89575.7
2026-01-21 15:45:00,113 - INFO - 지표: ADX=24.8, ATR=218.1, Bull=False, Bear=True
2026-01-21 15:45:30,627 - INFO - [상태] 포지션 없음, 자본금: $5221.58
2026-01-21 15:45:30,627 - INFO - [지표] ADX=nan, Bull=nan, Bear=nan
2026-01-21 15:50:30,629 - INFO - [상태] 포지션 없음, 자본금: $5221.58
2026-01-21 15:50:30,629 - INFO - [지표] ADX=nan, Bull=nan, Bear=nan
2026-01-21 15:55:30,630 - INFO - [상태] 포지션 없음, 자본금: $5221.58
2026-01-21 15:55:30,630 - INFO - [지표] ADX=nan, Bull=nan, Bear=nan
2026-01-21 16:00:00,096 - INFO - [EMA] 증분계산: prev=89449.66, close=89618.4, new=89462.64
2026-01-21 16:00:00,106 - INFO - 15m | 06:45 | O:89575.7 H:89618.4 L:89450.0 C:89618.4
2026-01-21 16:00:00,106 - INFO - 지표: ADX=23.6, ATR=213.2, Bull=False, Bear=True
2026-01-21 16:00:30,631 - INFO - [상태] 포지션 없음, 자본금: $5221.58
2026-01-21 16:00:30,632 - INFO - [지표] ADX=nan, Bull=nan, Bear=nan
2026-01-21 16:05:30,633 - INFO - [상태] 포지션 없음, 자본금: $5221.58
2026-01-21 16:05:30,633 - INFO - [지표] ADX=nan, Bull=nan, Bear=nan
2026-01-21 16:10:30,634 - INFO - [상태] 포지션 없음, 자본금: $5221.58
2026-01-21 16:10:30,634 - INFO - [지표] ADX=nan, Bull=nan, Bear=nan
2026-01-21 16:15:00,740 - INFO - [EMA] 증분계산: prev=89462.64, close=89492.1, new=89464.91
2026-01-21 16:15:00,750 - INFO - 15m | 07:00 | O:89618.4 H:89733.1 L:89458.7 C:89492.1
2026-01-21 16:15:00,750 - INFO - 지표: ADX=22.9, ATR=219.3, Bull=False, Bear=True
2026-01-21 16:15:30,636 - INFO - [상태] 포지션 없음, 자본금: $5221.58
2026-01-21 16:15:30,636 - INFO - [지표] ADX=nan, Bull=nan, Bear=nan
2026-01-21 16:20:30,637 - INFO - [상태] 포지션 없음, 자본금: $5221.58
2026-01-21 16:20:30,637 - INFO - [지표] ADX=nan, Bull=nan, Bear=nan
2026-01-21 16:25:30,639 - INFO - [상태] 포지션 없음, 자본금: $5221.58
2026-01-21 16:25:30,639 - INFO - [지표] ADX=nan, Bull=nan, Bear=nan
2026-01-21 16:30:00,045 - INFO - [EMA] 증분계산: prev=89464.91, close=89585.6, new=89474.19
2026-01-21 16:30:00,051 - INFO - 15m | 07:15 | O:89492.1 H:89644.7 L:89490.2 C:89585.6
2026-01-21 16:30:00,052 - INFO - 지표: ADX=22.3, ATR=212.8, Bull=False, Bear=True
2026-01-21 16:30:30,640 - INFO - [상태] 포지션 없음, 자본금: $5221.58
2026-01-21 16:30:30,641 - INFO - [지표] ADX=nan, Bull=nan, Bear=nan
2026-01-21 16:35:30,642 - INFO - [상태] 포지션 없음, 자본금: $5221.58
2026-01-21 16:35:30,642 - INFO - [지표] ADX=nan, Bull=nan, Bear=nan
2026-01-21 16:40:30,643 - INFO - [상태] 포지션 없음, 자본금: $5221.58
2026-01-21 16:40:30,643 - INFO - [지표] ADX=nan, Bull=nan, Bear=nan
2026-01-21 16:45:00,072 - INFO - [EMA] 증분계산: prev=89474.19, close=89181.3, new=89451.66
2026-01-21 16:45:00,081 - INFO - 15m | 07:30 | O:89585.7 H:89585.7 L:89125.1 C:89181.3
2026-01-21 16:45:00,081 - INFO - 지표: ADX=21.4, ATR=237.6, Bull=False, Bear=True
2026-01-21 16:45:30,644 - INFO - [상태] 포지션 없음, 자본금: $5221.58
2026-01-21 16:45:30,645 - INFO - [지표] ADX=nan, Bull=nan, Bear=nan
2026-01-21 16:50:30,646 - INFO - [상태] 포지션 없음, 자본금: $5221.58
2026-01-21 16:50:30,646 - INFO - [지표] ADX=nan, Bull=nan, Bear=nan
2026-01-21 16:55:30,647 - INFO - [상태] 포지션 없음, 자본금: $5221.58
2026-01-21 16:55:30,648 - INFO - [지표] ADX=nan, Bull=nan, Bear=nan
2026-01-21 17:00:00,053 - INFO - [EMA] 증분계산: prev=89451.66, close=89171.3, new=89430.10
2026-01-21 17:00:00,059 - INFO - 15m | 07:45 | O:89181.3 H:89239.2 L:89045.0 C:89171.3
2026-01-21 17:00:00,060 - INFO - 지표: ADX=20.9, ATR=233.2, Bull=False, Bear=True
2026-01-21 17:00:30,649 - INFO - [상태] 포지션 없음, 자본금: $5221.58
2026-01-21 17:00:30,650 - INFO - [지표] ADX=nan, Bull=nan, Bear=nan
2026-01-21 17:05:30,651 - INFO - [상태] 포지션 없음, 자본금: $5221.58
2026-01-21 17:05:30,652 - INFO - [지표] ADX=nan, Bull=nan, Bear=nan
2026-01-21 17:10:30,654 - INFO - [상태] 포지션 없음, 자본금: $5221.58
2026-01-21 17:10:30,654 - INFO - [지표] ADX=nan, Bull=nan, Bear=nan
2026-01-21 17:15:00,119 - INFO - [EMA] 증분계산: prev=89430.10, close=89115.3, new=89405.88
2026-01-21 17:15:00,128 - INFO - 15m | 08:00 | O:89171.3 H:89276.3 L:89102.0 C:89115.3
2026-01-21 17:15:00,129 - INFO - 지표: ADX=20.2, ATR=227.4, Bull=False, Bear=True
2026-01-21 17:15:30,655 - INFO - [상태] 포지션 없음, 자본금: $5221.58
2026-01-21 17:15:30,656 - INFO - [지표] ADX=nan, Bull=nan, Bear=nan
2026-01-21 17:20:30,657 - INFO - [상태] 포지션 없음, 자본금: $5221.58
2026-01-21 17:20:30,657 - INFO - [지표] ADX=nan, Bull=nan, Bear=nan
2026-01-21 17:25:30,659 - INFO - [상태] 포지션 없음, 자본금: $5221.58
2026-01-21 17:25:30,660 - INFO - [지표] ADX=nan, Bull=nan, Bear=nan
2026-01-21 17:30:00,073 - INFO - [EMA] 증분계산: prev=89405.88, close=89212.0, new=89390.97
2026-01-21 17:30:00,082 - INFO - 15m | 08:15 | O:89115.4 H:89350.0 L:89115.3 C:89212.0
2026-01-21 17:30:00,083 - INFO - 지표: ADX=19.3, ATR=228.1, Bull=False, Bear=True
2026-01-21 17:30:30,660 - INFO - [상태] 포지션 없음, 자본금: $5221.58
2026-01-21 17:30:30,661 - INFO - [지표] ADX=nan, Bull=nan, Bear=nan
2026-01-21 17:35:30,663 - INFO - [상태] 포지션 없음, 자본금: $5221.58
2026-01-21 17:35:30,663 - INFO - [지표] ADX=nan, Bull=nan, Bear=nan
2026-01-21 17:40:30,665 - INFO - [상태] 포지션 없음, 자본금: $5221.58
2026-01-21 17:40:30,665 - INFO - [지표] ADX=nan, Bull=nan, Bear=nan
2026-01-21 17:45:00,208 - INFO - [EMA] 증분계산: prev=89390.97, close=88996.6, new=89360.63
2026-01-21 17:45:00,215 - INFO - 15m | 08:30 | O:89212.0 H:89257.7 L:88922.9 C:88996.6
2026-01-21 17:45:00,215 - INFO - 지표: ADX=19.1, ATR=238.8, Bull=False, Bear=True
2026-01-21 17:45:30,666 - INFO - [상태] 포지션 없음, 자본금: $5221.58
2026-01-21 17:45:30,666 - INFO - [지표] ADX=nan, Bull=nan, Bear=nan
2026-01-21 17:50:30,667 - INFO - [상태] 포지션 없음, 자본금: $5221.58
2026-01-21 17:50:30,667 - INFO - [지표] ADX=nan, Bull=nan, Bear=nan
2026-01-21 17:55:30,668 - INFO - [상태] 포지션 없음, 자본금: $5221.58
2026-01-21 17:55:30,668 - INFO - [지표] ADX=nan, Bull=nan, Bear=nan
2026-01-21 18:00:00,090 - INFO - [EMA] 증분계산: prev=89360.63, close=89160.4, new=89345.23
2026-01-21 18:00:00,100 - INFO - 15m | 08:45 | O:88996.7 H:89216.5 L:88991.7 C:89160.4
2026-01-21 18:00:00,100 - INFO - 지표: ADX=19.0, ATR=237.4, Bull=False, Bear=True
2026-01-21 18:00:30,669 - INFO - [상태] 포지션 없음, 자본금: $5221.58
2026-01-21 18:00:30,670 - INFO - [지표] ADX=nan, Bull=nan, Bear=nan
2026-01-21 18:05:30,671 - INFO - [상태] 포지션 없음, 자본금: $5221.58
2026-01-21 18:05:30,671 - INFO - [지표] ADX=nan, Bull=nan, Bear=nan
2026-01-21 18:10:30,673 - INFO - [상태] 포지션 없음, 자본금: $5221.58
2026-01-21 18:10:30,673 - INFO - [지표] ADX=nan, Bull=nan, Bear=nan
2026-01-21 18:15:00,402 - INFO - [EMA] 증분계산: prev=89345.23, close=89244.9, new=89337.51
2026-01-21 18:15:00,412 - INFO - 15m | 09:00 | O:89160.4 H:89260.0 L:89128.5 C:89244.9
2026-01-21 18:15:00,412 - INFO - 지표: ADX=18.6, ATR=226.8, Bull=False, Bear=True
2026-01-21 18:15:30,674 - INFO - [상태] 포지션 없음, 자본금: $5221.58
2026-01-21 18:15:30,674 - INFO - [지표] ADX=nan, Bull=nan, Bear=nan
2026-01-21 18:20:30,676 - INFO - [상태] 포지션 없음, 자본금: $5221.58
2026-01-21 18:20:30,676 - INFO - [지표] ADX=nan, Bull=nan, Bear=nan
2026-01-21 18:25:30,678 - INFO - [상태] 포지션 없음, 자본금: $5221.58
2026-01-21 18:25:30,679 - INFO - [지표] ADX=nan, Bull=nan, Bear=nan
2026-01-21 18:30:00,198 - INFO - [EMA] 증분계산: prev=89337.51, close=89358.2, new=89339.10
2026-01-21 18:30:00,207 - INFO - 15m | 09:15 | O:89244.9 H:89412.4 L:89244.8 C:89358.2
2026-01-21 18:30:00,207 - INFO - 지표: ADX=17.5, ATR=220.9, Bull=False, Bear=True
2026-01-21 18:30:30,680 - INFO - [상태] 포지션 없음, 자본금: $5221.58
2026-01-21 18:30:30,680 - INFO - [지표] ADX=nan, Bull=nan, Bear=nan
2026-01-21 18:35:30,681 - INFO - [상태] 포지션 없음, 자본금: $5221.58
2026-01-21 18:35:30,682 - INFO - [지표] ADX=nan, Bull=nan, Bear=nan
2026-01-21 18:40:30,684 - INFO - [상태] 포지션 없음, 자본금: $5221.58
2026-01-21 18:40:30,684 - INFO - [지표] ADX=nan, Bull=nan, Bear=nan
2026-01-21 18:45:00,138 - INFO - [EMA] 증분계산: prev=89339.10, close=89366.1, new=89341.18
2026-01-21 18:45:00,145 - INFO - 15m | 09:30 | O:89358.3 H:89449.0 L:89300.0 C:89366.1
2026-01-21 18:45:00,145 - INFO - 지표: ADX=16.2, ATR=213.7, Bull=False, Bear=True
2026-01-21 18:45:30,687 - INFO - [상태] 포지션 없음, 자본금: $5221.58
2026-01-21 18:45:30,687 - INFO - [지표] ADX=nan, Bull=nan, Bear=nan
2026-01-21 18:50:30,689 - INFO - [상태] 포지션 없음, 자본금: $5221.58
2026-01-21 18:50:30,689 - INFO - [지표] ADX=nan, Bull=nan, Bear=nan
2026-01-21 18:55:30,691 - INFO - [상태] 포지션 없음, 자본금: $5221.58
2026-01-21 18:55:30,691 - INFO - [지표] ADX=nan, Bull=nan, Bear=nan
2026-01-21 19:00:00,270 - INFO - [EMA] 증분계산: prev=89341.18, close=89068.5, new=89320.20
2026-01-21 19:00:00,280 - INFO - 15m | 09:45 | O:89366.1 H:89393.4 L:89027.4 C:89068.5
2026-01-21 19:00:00,280 - INFO - 지표: ADX=16.3, ATR=228.9, Bull=False, Bear=True
2026-01-21 19:00:30,693 - INFO - [상태] 포지션 없음, 자본금: $5221.58
2026-01-21 19:00:30,693 - INFO - [지표] ADX=nan, Bull=nan, Bear=nan
2026-01-21 19:05:30,695 - INFO - [상태] 포지션 없음, 자본금: $5221.58
2026-01-21 19:05:30,695 - INFO - [지표] ADX=nan, Bull=nan, Bear=nan
2026-01-21 19:10:30,697 - INFO - [상태] 포지션 없음, 자본금: $5221.58
2026-01-21 19:10:30,698 - INFO - [지표] ADX=nan, Bull=nan, Bear=nan
2026-01-21 19:15:00,947 - INFO - [EMA] 증분계산: prev=89320.20, close=89261.5, new=89315.69
2026-01-21 19:15:00,954 - INFO - 15m | 10:00 | O:89068.5 H:89300.8 L:89019.6 C:89261.5
2026-01-21 19:15:00,954 - INFO - 지표: ADX=16.3, ATR=234.1, Bull=False, Bear=True
2026-01-21 19:15:30,699 - INFO - [상태] 포지션 없음, 자본금: $5221.58
2026-01-21 19:15:30,699 - INFO - [지표] ADX=nan, Bull=nan, Bear=nan
2026-01-21 19:20:30,700 - INFO - [상태] 포지션 없음, 자본금: $5221.58
2026-01-21 19:20:30,701 - INFO - [지표] ADX=nan, Bull=nan, Bear=nan
2026-01-21 19:25:30,702 - INFO - [상태] 포지션 없음, 자본금: $5221.58
2026-01-21 19:25:30,703 - INFO - [지표] ADX=nan, Bull=nan, Bear=nan
2026-01-21 19:30:00,188 - INFO - [EMA] 증분계산: prev=89315.69, close=89289.8, new=89313.70
2026-01-21 19:30:00,197 - INFO - 15m | 10:15 | O:89261.5 H:89350.0 L:89241.1 C:89289.8
2026-01-21 19:30:00,197 - INFO - 지표: ADX=16.1, ATR=221.6, Bull=False, Bear=True
2026-01-21 19:30:30,704 - INFO - [상태] 포지션 없음, 자본금: $5221.58
2026-01-21 19:30:30,704 - INFO - [지표] ADX=nan, Bull=nan, Bear=nan
2026-01-21 19:35:30,705 - INFO - [상태] 포지션 없음, 자본금: $5221.58
2026-01-21 19:35:30,705 - INFO - [지표] ADX=nan, Bull=nan, Bear=nan
2026-01-21 19:40:30,706 - INFO - [상태] 포지션 없음, 자본금: $5221.58
2026-01-21 19:40:30,706 - INFO - [지표] ADX=nan, Bull=nan, Bear=nan
2026-01-21 19:45:00,255 - INFO - [EMA] 증분계산: prev=89313.70, close=89273.9, new=89310.64
2026-01-21 19:45:00,265 - INFO - 15m | 10:30 | O:89289.8 H:89356.5 L:89195.9 C:89273.9
2026-01-21 19:45:00,265 - INFO - 지표: ADX=16.1, ATR=215.5, Bull=False, Bear=True
2026-01-21 19:45:30,707 - INFO - [상태] 포지션 없음, 자본금: $5221.58
2026-01-21 19:45:30,708 - INFO - [지표] ADX=nan, Bull=nan, Bear=nan
2026-01-21 19:50:30,709 - INFO - [상태] 포지션 없음, 자본금: $5221.58
2026-01-21 19:50:30,709 - INFO - [지표] ADX=nan, Bull=nan, Bear=nan
2026-01-21 19:55:30,710 - INFO - [상태] 포지션 없음, 자본금: $5221.58
2026-01-21 19:55:30,711 - INFO - [지표] ADX=nan, Bull=nan, Bear=nan
2026-01-21 20:00:00,467 - INFO - [EMA] 증분계산: prev=89310.64, close=89201.0, new=89302.20
2026-01-21 20:00:00,473 - INFO - 15m | 10:45 | O:89273.9 H:89280.0 L:89191.7 C:89201.0
2026-01-21 20:00:00,473 - INFO - 지표: ADX=16.1, ATR=202.8, Bull=False, Bear=True
2026-01-21 20:00:30,711 - INFO - [상태] 포지션 없음, 자본금: $5221.58
2026-01-21 20:00:30,711 - INFO - [지표] ADX=nan, Bull=nan, Bear=nan
2026-01-21 20:05:30,713 - INFO - [상태] 포지션 없음, 자본금: $5221.58
2026-01-21 20:05:30,713 - INFO - [지표] ADX=nan, Bull=nan, Bear=nan
2026-01-21 20:10:30,714 - INFO - [상태] 포지션 없음, 자본금: $5221.58
2026-01-21 20:10:30,715 - INFO - [지표] ADX=nan, Bull=nan, Bear=nan
2026-01-21 20:15:00,046 - INFO - [EMA] 증분계산: prev=89302.20, close=89262.5, new=89299.15
2026-01-21 20:15:00,056 - INFO - 15m | 11:00 | O:89200.8 H:89270.0 L:89107.6 C:89262.5
2026-01-21 20:15:00,056 - INFO - 지표: ADX=16.5, ATR=198.8, Bull=False, Bear=True
2026-01-21 20:15:30,716 - INFO - [상태] 포지션 없음, 자본금: $5221.58
2026-01-21 20:15:30,717 - INFO - [지표] ADX=nan, Bull=nan, Bear=nan
2026-01-21 20:20:30,718 - INFO - [상태] 포지션 없음, 자본금: $5221.58
2026-01-21 20:20:30,718 - INFO - [지표] ADX=nan, Bull=nan, Bear=nan
2026-01-21 20:25:30,719 - INFO - [상태] 포지션 없음, 자본금: $5221.58
2026-01-21 20:25:30,720 - INFO - [지표] ADX=nan, Bull=nan, Bear=nan
2026-01-21 20:30:01,451 - INFO - [EMA] 증분계산: prev=89299.15, close=89289.5, new=89298.41
2026-01-21 20:30:01,460 - INFO - 15m | 11:15 | O:89262.4 H:89350.3 L:89240.4 C:89289.5
2026-01-21 20:30:01,461 - INFO - 지표: ADX=16.4, ATR=189.9, Bull=False, Bear=True
2026-01-21 20:30:30,721 - INFO - [상태] 포지션 없음, 자본금: $5221.58
2026-01-21 20:30:30,721 - INFO - [지표] ADX=nan, Bull=nan, Bear=nan
2026-01-21 20:35:30,722 - INFO - [상태] 포지션 없음, 자본금: $5221.58
2026-01-21 20:35:30,722 - INFO - [지표] ADX=nan, Bull=nan, Bear=nan
2026-01-21 20:40:30,723 - INFO - [상태] 포지션 없음, 자본금: $5221.58
2026-01-21 20:40:30,723 - INFO - [지표] ADX=nan, Bull=nan, Bear=nan
2026-01-21 20:45:00,914 - INFO - [EMA] 증분계산: prev=89298.41, close=89241.5, new=89294.03
2026-01-21 20:45:00,924 - INFO - 15m | 11:30 | O:89289.5 H:89300.0 L:89190.0 C:89241.5
2026-01-21 20:45:00,924 - INFO - 지표: ADX=16.5, ATR=181.9, Bull=False, Bear=True
2026-01-21 20:45:30,724 - INFO - [상태] 포지션 없음, 자본금: $5221.58
2026-01-21 20:45:30,724 - INFO - [지표] ADX=nan, Bull=nan, Bear=nan
2026-01-21 20:50:30,726 - INFO - [상태] 포지션 없음, 자본금: $5221.58
2026-01-21 20:50:30,727 - INFO - [지표] ADX=nan, Bull=nan, Bear=nan
2026-01-21 20:55:30,728 - INFO - [상태] 포지션 없음, 자본금: $5221.58
2026-01-21 20:55:30,728 - INFO - [지표] ADX=nan, Bull=nan, Bear=nan
2026-01-21 21:00:00,091 - INFO - [EMA] 증분계산: prev=89294.03, close=88757.1, new=89252.73
2026-01-21 21:00:00,098 - INFO - 15m | 11:45 | O:89241.4 H:89260.0 L:88614.1 C:88757.1
2026-01-21 21:00:00,098 - INFO - 지표: ADX=18.5, ATR=228.3, Bull=False, Bear=True
2026-01-21 21:00:30,729 - INFO - [상태] 포지션 없음, 자본금: $5221.58
2026-01-21 21:00:30,730 - INFO - [지표] ADX=nan, Bull=nan, Bear=nan
2026-01-21 21:05:30,731 - INFO - [상태] 포지션 없음, 자본금: $5221.58
2026-01-21 21:05:30,731 - INFO - [지표] ADX=nan, Bull=nan, Bear=nan
2026-01-21 21:10:30,732 - INFO - [상태] 포지션 없음, 자본금: $5221.58
2026-01-21 21:10:30,733 - INFO - [지표] ADX=nan, Bull=nan, Bear=nan
2026-01-21 21:15:00,034 - INFO - [EMA] 증분계산: prev=89252.73, close=88350.0, new=89183.29
2026-01-21 21:15:00,043 - INFO - 15m | 12:00 | O:88757.0 H:88817.8 L:88109.7 C:88350.0
2026-01-21 21:15:00,043 - INFO - 지표: ADX=21.4, ATR=276.3, Bull=False, Bear=True
2026-01-21 21:15:30,734 - INFO - [상태] 포지션 없음, 자본금: $5221.58
2026-01-21 21:15:30,734 - INFO - [지표] ADX=nan, Bull=nan, Bear=nan
2026-01-21 21:20:30,735 - INFO - [상태] 포지션 없음, 자본금: $5221.58
2026-01-21 21:20:30,736 - INFO - [지표] ADX=nan, Bull=nan, Bear=nan
2026-01-21 21:25:30,737 - INFO - [상태] 포지션 없음, 자본금: $5221.58
2026-01-21 21:25:30,737 - INFO - [지표] ADX=nan, Bull=nan, Bear=nan
2026-01-21 21:30:00,218 - INFO - [EMA] 증분계산: prev=89183.29, close=88317.1, new=89116.66
2026-01-21 21:30:00,228 - INFO - 15m | 12:15 | O:88350.5 H:88455.5 L:88174.5 C:88317.1
2026-01-21 21:30:00,228 - INFO - 지표: ADX=24.0, ATR=276.7, Bull=False, Bear=True
2026-01-21 21:30:30,738 - INFO - [상태] 포지션 없음, 자본금: $5221.58
2026-01-21 21:30:30,739 - INFO - [지표] ADX=nan, Bull=nan, Bear=nan
2026-01-21 21:35:30,740 - INFO - [상태] 포지션 없음, 자본금: $5221.58
2026-01-21 21:35:30,740 - INFO - [지표] ADX=nan, Bull=nan, Bear=nan
2026-01-21 21:40:30,742 - INFO - [상태] 포지션 없음, 자본금: $5221.58
2026-01-21 21:40:30,742 - INFO - [지표] ADX=nan, Bull=nan, Bear=nan
2026-01-21 21:45:00,094 - INFO - [EMA] 증분계산: prev=89116.66, close=88580.3, new=89075.40
2026-01-21 21:45:00,101 - INFO - 15m | 12:30 | O:88317.0 H:88633.4 L:88255.2 C:88580.3
2026-01-21 21:45:00,101 - INFO - 지표: ADX=25.5, ATR=286.9, Bull=False, Bear=True
2026-01-21 21:45:30,743 - INFO - [상태] 포지션 없음, 자본금: $5221.58
2026-01-21 21:45:30,744 - INFO - [지표] ADX=nan, Bull=nan, Bear=nan
2026-01-21 21:50:30,746 - INFO - [상태] 포지션 없음, 자본금: $5221.58
2026-01-21 21:50:30,746 - INFO - [지표] ADX=nan, Bull=nan, Bear=nan
2026-01-21 21:55:30,747 - INFO - [상태] 포지션 없음, 자본금: $5221.58
2026-01-21 21:55:30,748 - INFO - [지표] ADX=nan, Bull=nan, Bear=nan
2026-01-21 22:00:00,123 - INFO - [EMA] 증분계산: prev=89075.40, close=88692.5, new=89045.94
2026-01-21 22:00:00,133 - INFO - 15m | 12:45 | O:88580.2 H:88735.0 L:88480.7 C:88692.5
2026-01-21 22:00:00,133 - INFO - 지표: ADX=26.3, ATR=283.6, Bull=False, Bear=True
2026-01-21 22:00:30,749 - INFO - [상태] 포지션 없음, 자본금: $5221.58
2026-01-21 22:00:30,749 - INFO - [지표] ADX=nan, Bull=nan, Bear=nan
2026-01-21 22:05:30,750 - INFO - [상태] 포지션 없음, 자본금: $5221.58
2026-01-21 22:05:30,751 - INFO - [지표] ADX=nan, Bull=nan, Bear=nan
2026-01-21 22:10:30,752 - INFO - [상태] 포지션 없음, 자본금: $5221.58
2026-01-21 22:10:30,753 - INFO - [지표] ADX=nan, Bull=nan, Bear=nan
2026-01-21 22:15:00,053 - INFO - [EMA] 증분계산: prev=89045.94, close=88900.1, new=89034.73
2026-01-21 22:15:00,059 - INFO - 15m | 13:00 | O:88692.5 H:88957.8 L:88613.1 C:88900.1
2026-01-21 22:15:00,059 - INFO - 지표: ADX=25.9, ATR=289.7, Bull=False, Bear=True
2026-01-21 22:15:30,755 - INFO - [상태] 포지션 없음, 자본금: $5221.58
2026-01-21 22:15:30,755 - INFO - [지표] ADX=nan, Bull=nan, Bear=nan
2026-01-21 22:20:30,757 - INFO - [상태] 포지션 없음, 자본금: $5221.58
2026-01-21 22:20:30,757 - INFO - [지표] ADX=nan, Bull=nan, Bear=nan
2026-01-21 22:25:30,758 - INFO - [상태] 포지션 없음, 자본금: $5221.58
2026-01-21 22:25:30,758 - INFO - [지표] ADX=nan, Bull=nan, Bear=nan
2026-01-21 22:30:00,137 - INFO - [EMA] 증분계산: prev=89034.73, close=88807.0, new=89017.21
2026-01-21 22:30:00,144 - INFO - 15m | 13:15 | O:88900.1 H:88930.0 L:88714.3 C:88807.0
2026-01-21 22:30:00,144 - INFO - 지표: ADX=25.6, ATR=282.3, Bull=False, Bear=True
2026-01-21 22:30:30,759 - INFO - [상태] 포지션 없음, 자본금: $5221.58
2026-01-21 22:30:30,760 - INFO - [지표] ADX=nan, Bull=nan, Bear=nan
2026-01-21 22:35:30,760 - INFO - [상태] 포지션 없음, 자본금: $5221.58
2026-01-21 22:35:30,761 - INFO - [지표] ADX=nan, Bull=nan, Bear=nan
2026-01-21 22:40:30,762 - INFO - [상태] 포지션 없음, 자본금: $5221.58
2026-01-21 22:40:30,762 - INFO - [지표] ADX=nan, Bull=nan, Bear=nan
2026-01-21 22:45:00,154 - INFO - [EMA] 증분계산: prev=89017.21, close=88667.0, new=88990.27
2026-01-21 22:45:00,160 - INFO - 15m | 13:30 | O:88806.9 H:88999.1 L:88636.2 C:88667.0
2026-01-21 22:45:00,160 - INFO - 지표: ADX=25.6, ATR=290.4, Bull=False, Bear=True
2026-01-21 22:45:30,763 - INFO - [상태] 포지션 없음, 자본금: $5221.58
2026-01-21 22:45:30,764 - INFO - [지표] ADX=nan, Bull=nan, Bear=nan
2026-01-21 22:50:30,765 - INFO - [상태] 포지션 없음, 자본금: $5221.58
2026-01-21 22:50:30,765 - INFO - [지표] ADX=nan, Bull=nan, Bear=nan
2026-01-21 22:55:30,766 - INFO - [상태] 포지션 없음, 자본금: $5221.58
2026-01-21 22:55:30,766 - INFO - [지표] ADX=nan, Bull=nan, Bear=nan
2026-01-21 23:00:00,085 - INFO - [EMA] 증분계산: prev=88990.27, close=88631.2, new=88962.65
2026-01-21 23:00:00,095 - INFO - 15m | 13:45 | O:88667.0 H:88848.7 L:88514.5 C:88631.2
2026-01-21 23:00:00,095 - INFO - 지표: ADX=25.9, ATR=294.8, Bull=False, Bear=True
2026-01-21 23:00:30,767 - INFO - [상태] 포지션 없음, 자본금: $5221.58
2026-01-21 23:00:30,768 - INFO - [지표] ADX=nan, Bull=nan, Bear=nan
2026-01-21 23:05:30,768 - INFO - [상태] 포지션 없음, 자본금: $5221.58
2026-01-21 23:05:30,769 - INFO - [지표] ADX=nan, Bull=nan, Bear=nan
2026-01-21 23:10:30,770 - INFO - [상태] 포지션 없음, 자본금: $5221.58
2026-01-21 23:10:30,770 - INFO - [지표] ADX=nan, Bull=nan, Bear=nan
2026-01-21 23:15:00,029 - INFO - [EMA] 증분계산: prev=88962.65, close=89527.5, new=89006.10
2026-01-21 23:15:00,038 - INFO - 15m | 14:00 | O:88631.1 H:89688.0 L:88567.0 C:89527.5
2026-01-21 23:15:00,038 - INFO - 지표: ADX=25.0, ATR=377.4, Bull=False, Bear=True
2026-01-21 23:15:30,771 - INFO - [상태] 포지션 없음, 자본금: $5221.58
2026-01-21 23:15:30,771 - INFO - [지표] ADX=nan, Bull=nan, Bear=nan
2026-01-21 23:20:30,773 - INFO - [상태] 포지션 없음, 자본금: $5221.58
2026-01-21 23:20:30,773 - INFO - [지표] ADX=nan, Bull=nan, Bear=nan
2026-01-21 23:25:30,774 - INFO - [상태] 포지션 없음, 자본금: $5221.58
2026-01-21 23:25:30,774 - INFO - [지표] ADX=nan, Bull=nan, Bear=nan
2026-01-21 23:30:00,058 - INFO - [EMA] 증분계산: prev=89006.10, close=89551.8, new=89048.08
2026-01-21 23:30:00,068 - INFO - 15m | 14:15 | O:89527.5 H:89673.2 L:89298.0 C:89551.8
2026-01-21 23:30:00,068 - INFO - 지표: ADX=24.1, ATR=377.2, Bull=False, Bear=True
2026-01-21 23:30:30,775 - INFO - [상태] 포지션 없음, 자본금: $5221.58
2026-01-21 23:30:30,776 - INFO - [지표] ADX=nan, Bull=nan, Bear=nan
2026-01-21 23:35:30,777 - INFO - [상태] 포지션 없음, 자본금: $5221.58
2026-01-21 23:35:30,777 - INFO - [지표] ADX=nan, Bull=nan, Bear=nan
2026-01-21 23:40:30,777 - INFO - [상태] 포지션 없음, 자본금: $5221.58
2026-01-21 23:40:30,778 - INFO - [지표] ADX=nan, Bull=nan, Bear=nan
2026-01-21 23:45:00,063 - INFO - [EMA] 증분계산: prev=89048.08, close=89637.1, new=89093.39
2026-01-21 23:45:00,072 - INFO - 15m | 14:30 | O:89551.7 H:89966.0 L:89433.5 C:89637.1
2026-01-21 23:45:00,072 - INFO - 지표: ADX=24.1, ATR=392.7, Bull=False, Bear=True
2026-01-21 23:45:30,779 - INFO - [상태] 포지션 없음, 자본금: $5221.58
2026-01-21 23:45:30,779 - INFO - [지표] ADX=nan, Bull=nan, Bear=nan
2026-01-21 23:50:30,780 - INFO - [상태] 포지션 없음, 자본금: $5221.58
2026-01-21 23:50:30,780 - INFO - [지표] ADX=nan, Bull=nan, Bear=nan
2026-01-21 23:55:30,782 - INFO - [상태] 포지션 없음, 자본금: $5221.58
2026-01-21 23:55:30,782 - INFO - [지표] ADX=nan, Bull=nan, Bear=nan
2026-01-22 00:00:00,050 - INFO - [EMA] 증분계산: prev=89093.39, close=89755.7, new=89144.33
2026-01-22 00:00:00,059 - INFO - 15m | 14:45 | O:89637.1 H:89900.0 L:89306.4 C:89755.7
2026-01-22 00:00:00,060 - INFO - 지표: ADX=23.6, ATR=412.8, Bull=False, Bear=True
2026-01-22 00:00:30,784 - INFO - [상태] 포지션 없음, 자본금: $5221.58
2026-01-22 00:00:30,784 - INFO - [지표] ADX=nan, Bull=nan, Bear=nan
2026-01-22 00:05:30,785 - INFO - [상태] 포지션 없음, 자본금: $5221.58
2026-01-22 00:05:30,785 - INFO - [지표] ADX=nan, Bull=nan, Bear=nan
2026-01-22 00:10:30,786 - INFO - [상태] 포지션 없음, 자본금: $5221.58
2026-01-22 00:10:30,787 - INFO - [지표] ADX=nan, Bull=nan, Bear=nan
2026-01-22 00:15:00,030 - INFO - [EMA] 증분계산: prev=89144.33, close=90304.5, new=89233.58
2026-01-22 00:15:00,036 - INFO - 15m | 15:00 | O:89755.7 H:90349.4 L:89705.0 C:90304.5
2026-01-22 00:15:00,036 - INFO - 지표: ADX=24.1, ATR=436.0, Bull=False, Bear=True
2026-01-22 00:15:30,787 - INFO - [상태] 포지션 없음, 자본금: $5221.58
2026-01-22 00:15:30,787 - INFO - [지표] ADX=nan, Bull=nan, Bear=nan
2026-01-22 00:20:30,788 - INFO - [상태] 포지션 없음, 자본금: $5221.58
2026-01-22 00:20:30,789 - INFO - [지표] ADX=nan, Bull=nan, Bear=nan
2026-01-22 00:25:30,789 - INFO - [상태] 포지션 없음, 자본금: $5221.58
2026-01-22 00:25:30,790 - INFO - [지표] ADX=nan, Bull=nan, Bear=nan
2026-01-22 00:30:00,036 - INFO - [EMA] 증분계산: prev=89233.58, close=89980.6, new=89291.04
2026-01-22 00:30:00,045 - INFO - 15m | 15:15 | O:90304.6 H:90599.5 L:89935.7 C:89980.6
2026-01-22 00:30:00,045 - INFO - 지표: ADX=25.0, ATR=458.7, Bull=False, Bear=True
2026-01-22 00:30:30,791 - INFO - [상태] 포지션 없음, 자본금: $5221.58
2026-01-22 00:30:30,791 - INFO - [지표] ADX=nan, Bull=nan, Bear=nan
2026-01-22 00:35:30,792 - INFO - [상태] 포지션 없음, 자본금: $5221.58
2026-01-22 00:35:30,793 - INFO - [지표] ADX=nan, Bull=nan, Bear=nan
2026-01-22 00:40:30,795 - INFO - [상태] 포지션 없음, 자본금: $5221.58
2026-01-22 00:40:30,795 - INFO - [지표] ADX=nan, Bull=nan, Bear=nan
2026-01-22 00:45:00,086 - INFO - [EMA] 증분계산: prev=89291.04, close=90064.9, new=89350.57
2026-01-22 00:45:00,096 - INFO - 15m | 15:30 | O:89980.5 H:90152.7 L:89795.4 C:90064.9
2026-01-22 00:45:00,096 - INFO - 지표: ADX=25.4, ATR=448.6, Bull=False, Bear=True
2026-01-22 00:45:30,796 - INFO - [상태] 포지션 없음, 자본금: $5221.58
2026-01-22 00:45:30,796 - INFO - [지표] ADX=nan, Bull=nan, Bear=nan
2026-01-22 00:50:30,797 - INFO - [상태] 포지션 없음, 자본금: $5221.58
2026-01-22 00:50:30,797 - INFO - [지표] ADX=nan, Bull=nan, Bear=nan
2026-01-22 00:55:30,799 - INFO - [상태] 포지션 없음, 자본금: $5221.58
2026-01-22 00:55:30,799 - INFO - [지표] ADX=nan, Bull=nan, Bear=nan
2026-01-22 01:00:00,125 - INFO - [EMA] 증분계산: prev=89350.57, close=90237.1, new=89418.76
2026-01-22 01:00:00,131 - INFO - 15m | 15:45 | O:90064.9 H:90333.0 L:89932.4 C:90237.1
2026-01-22 01:00:00,132 - INFO - 지표: ADX=26.0, ATR=443.8, Bull=False, Bear=True
2026-01-22 01:00:30,800 - INFO - [상태] 포지션 없음, 자본금: $5221.58
2026-01-22 01:00:30,800 - INFO - [지표] ADX=nan, Bull=nan, Bear=nan
2026-01-22 01:05:30,802 - INFO - [상태] 포지션 없음, 자본금: $5221.58
2026-01-22 01:05:30,803 - INFO - [지표] ADX=nan, Bull=nan, Bear=nan
2026-01-22 01:10:30,805 - INFO - [상태] 포지션 없음, 자본금: $5221.58
2026-01-22 01:10:30,805 - INFO - [지표] ADX=nan, Bull=nan, Bear=nan
2026-01-22 01:15:00,057 - INFO - [EMA] 증분계산: prev=89418.76, close=89704.8, new=89440.76
2026-01-22 01:15:00,067 - INFO - 15m | 16:00 | O:90237.2 H:90323.8 L:89699.9 C:89704.8
2026-01-22 01:15:00,067 - INFO - 지표: ADX=25.8, ATR=461.8, Bull=False, Bear=True
2026-01-22 01:15:30,806 - INFO - [상태] 포지션 없음, 자본금: $5221.58
2026-01-22 01:15:30,806 - INFO - [지표] ADX=nan, Bull=nan, Bear=nan
2026-01-22 01:20:30,807 - INFO - [상태] 포지션 없음, 자본금: $5221.58
2026-01-22 01:20:30,808 - INFO - [지표] ADX=nan, Bull=nan, Bear=nan
2026-01-22 01:25:30,808 - INFO - [상태] 포지션 없음, 자본금: $5221.58
2026-01-22 01:25:30,808 - INFO - [지표] ADX=nan, Bull=nan, Bear=nan
2026-01-22 01:30:00,077 - INFO - [EMA] 증분계산: prev=89440.76, close=89536.3, new=89448.11
2026-01-22 01:30:00,084 - INFO - 15m | 16:15 | O:89704.9 H:89788.4 L:89211.7 C:89536.3
2026-01-22 01:30:00,084 - INFO - 지표: ADX=24.2, ATR=473.3, Bull=False, Bear=True
2026-01-22 01:30:30,809 - INFO - [상태] 포지션 없음, 자본금: $5221.58
2026-01-22 01:30:30,810 - INFO - [지표] ADX=nan, Bull=nan, Bear=nan
2026-01-22 01:35:30,810 - INFO - [상태] 포지션 없음, 자본금: $5221.58
2026-01-22 01:35:30,811 - INFO - [지표] ADX=nan, Bull=nan, Bear=nan
2026-01-22 01:40:30,811 - INFO - [상태] 포지션 없음, 자본금: $5221.58
2026-01-22 01:40:30,811 - INFO - [지표] ADX=nan, Bull=nan, Bear=nan
2026-01-22 01:45:00,070 - INFO - [EMA] 증분계산: prev=89448.11, close=88119.7, new=89345.93
2026-01-22 01:45:00,076 - INFO - 15m | 16:30 | O:89536.4 H:89536.4 L:88053.3 C:88119.7
2026-01-22 01:45:00,077 - INFO - 지표: ADX=24.4, ATR=574.3, Bull=False, Bear=True
2026-01-22 01:45:30,812 - INFO - [상태] 포지션 없음, 자본금: $5221.58
2026-01-22 01:45:30,813 - INFO - [지표] ADX=nan, Bull=nan, Bear=nan
2026-01-22 01:50:30,814 - INFO - [상태] 포지션 없음, 자본금: $5221.58
2026-01-22 01:50:30,814 - INFO - [지표] ADX=nan, Bull=nan, Bear=nan
2026-01-22 01:55:30,816 - INFO - [상태] 포지션 없음, 자본금: $5221.58
2026-01-22 01:55:30,816 - INFO - [지표] ADX=nan, Bull=nan, Bear=nan
2026-01-22 02:00:00,027 - INFO - [EMA] 증분계산: prev=89345.93, close=87562.3, new=89208.73
2026-01-22 02:00:00,036 - INFO - 15m | 16:45 | O:88119.8 H:88642.9 L:87537.8 C:87562.3
2026-01-22 02:00:00,036 - INFO - 지표: ADX=25.2, ATR=627.4, Bull=False, Bear=True
2026-01-22 02:00:30,817 - INFO - [상태] 포지션 없음, 자본금: $5221.58
2026-01-22 02:00:30,817 - INFO - [지표] ADX=nan, Bull=nan, Bear=nan
2026-01-22 02:05:30,819 - INFO - [상태] 포지션 없음, 자본금: $5221.58
2026-01-22 02:05:30,819 - INFO - [지표] ADX=nan, Bull=nan, Bear=nan
2026-01-22 02:10:30,821 - INFO - [상태] 포지션 없음, 자본금: $5221.58
2026-01-22 02:10:30,821 - INFO - [지표] ADX=nan, Bull=nan, Bear=nan
2026-01-22 02:15:00,047 - INFO - [EMA] 증분계산: prev=89208.73, close=87279.4, new=89060.32
2026-01-22 02:15:00,054 - INFO - 15m | 17:00 | O:87562.3 H:88082.0 L:87205.5 C:87279.4
2026-01-22 02:15:00,054 - INFO - 지표: ADX=26.3, ATR=652.3, Bull=False, Bear=True
2026-01-22 02:15:30,822 - INFO - [상태] 포지션 없음, 자본금: $5221.58
2026-01-22 02:15:30,822 - INFO - [지표] ADX=nan, Bull=nan, Bear=nan
2026-01-22 02:20:30,823 - INFO - [상태] 포지션 없음, 자본금: $5221.58
2026-01-22 02:20:30,824 - INFO - [지표] ADX=nan, Bull=nan, Bear=nan
2026-01-22 02:25:30,825 - INFO - [상태] 포지션 없음, 자본금: $5221.58
2026-01-22 02:25:30,825 - INFO - [지표] ADX=nan, Bull=nan, Bear=nan
2026-01-22 02:30:00,070 - INFO - [EMA] 증분계산: prev=89060.32, close=87741.0, new=88958.83
2026-01-22 02:30:00,079 - INFO - 15m | 17:15 | O:87279.4 H:87846.0 L:87215.6 C:87741.0
2026-01-22 02:30:00,080 - INFO - 지표: ADX=27.4, ATR=650.1, Bull=False, Bear=True
2026-01-22 02:30:30,826 - INFO - [상태] 포지션 없음, 자본금: $5221.58
2026-01-22 02:30:30,826 - INFO - [지표] ADX=nan, Bull=nan, Bear=nan
2026-01-22 02:35:30,828 - INFO - [상태] 포지션 없음, 자본금: $5221.58
2026-01-22 02:35:30,829 - INFO - [지표] ADX=nan, Bull=nan, Bear=nan
2026-01-22 02:40:30,830 - INFO - [상태] 포지션 없음, 자본금: $5221.58
2026-01-22 02:40:30,830 - INFO - [지표] ADX=nan, Bull=nan, Bear=nan
2026-01-22 02:45:00,080 - INFO - [EMA] 증분계산: prev=88958.83, close=87883.9, new=88876.14
2026-01-22 02:45:00,089 - INFO - 15m | 17:30 | O:87741.0 H:88132.2 L:87461.0 C:87883.9
2026-01-22 02:45:00,089 - INFO - 지표: ADX=27.6, ATR=652.2, Bull=False, Bear=True
2026-01-22 02:45:30,831 - INFO - [상태] 포지션 없음, 자본금: $5221.58
2026-01-22 02:45:30,832 - INFO - [지표] ADX=nan, Bull=nan, Bear=nan
2026-01-22 02:50:30,832 - INFO - [상태] 포지션 없음, 자본금: $5221.58
2026-01-22 02:50:30,832 - INFO - [지표] ADX=nan, Bull=nan, Bear=nan
2026-01-22 02:55:30,833 - INFO - [상태] 포지션 없음, 자본금: $5221.58
2026-01-22 02:55:30,833 - INFO - [지표] ADX=nan, Bull=nan, Bear=nan
2026-01-22 03:00:00,942 - INFO - [EMA] 증분계산: prev=88876.14, close=87897.0, new=88800.82
2026-01-22 03:00:00,952 - INFO - 15m | 17:45 | O:87883.8 H:88026.5 L:87802.5 C:87897.0
2026-01-22 03:00:00,952 - INFO - 지표: ADX=27.8, ATR=609.4, Bull=False, Bear=True
2026-01-22 03:00:30,834 - INFO - [상태] 포지션 없음, 자본금: $5221.58
2026-01-22 03:00:30,834 - INFO - [지표] ADX=nan, Bull=nan, Bear=nan
2026-01-22 03:05:30,835 - INFO - [상태] 포지션 없음, 자본금: $5221.58
2026-01-22 03:05:30,836 - INFO - [지표] ADX=nan, Bull=nan, Bear=nan
2026-01-22 03:10:30,837 - INFO - [상태] 포지션 없음, 자본금: $5221.58
2026-01-22 03:10:30,837 - INFO - [지표] ADX=nan, Bull=nan, Bear=nan
2026-01-22 03:15:00,138 - INFO - [EMA] 증분계산: prev=88800.82, close=87871.4, new=88729.33
2026-01-22 03:15:00,145 - INFO - 15m | 18:00 | O:87897.0 H:88061.7 L:87550.0 C:87871.4
2026-01-22 03:15:00,145 - INFO - 지표: ADX=28.4, ATR=599.6, Bull=False, Bear=True
2026-01-22 03:15:30,839 - INFO - [상태] 포지션 없음, 자본금: $5221.58
2026-01-22 03:15:30,839 - INFO - [지표] ADX=nan, Bull=nan, Bear=nan
2026-01-22 03:20:30,841 - INFO - [상태] 포지션 없음, 자본금: $5221.58
2026-01-22 03:20:30,841 - INFO - [지표] ADX=nan, Bull=nan, Bear=nan
2026-01-22 03:25:30,843 - INFO - [상태] 포지션 없음, 자본금: $5221.58
2026-01-22 03:25:30,844 - INFO - [지표] ADX=nan, Bull=nan, Bear=nan
2026-01-22 03:30:00,640 - INFO - [EMA] 증분계산: prev=88729.33, close=87982.5, new=88671.88
2026-01-22 03:30:00,650 - INFO - 15m | 18:15 | O:87871.4 H:88016.7 L:87804.5 C:87982.5
2026-01-22 03:30:00,650 - INFO - 지표: ADX=28.9, ATR=560.9, Bull=False, Bear=True
2026-01-22 03:30:30,844 - INFO - [상태] 포지션 없음, 자본금: $5221.58
2026-01-22 03:30:30,845 - INFO - [지표] ADX=nan, Bull=nan, Bear=nan
2026-01-22 03:35:30,846 - INFO - [상태] 포지션 없음, 자본금: $5221.58
2026-01-22 03:35:30,846 - INFO - [지표] ADX=nan, Bull=nan, Bear=nan
2026-01-22 03:40:30,848 - INFO - [상태] 포지션 없음, 자본금: $5221.58
2026-01-22 03:40:30,848 - INFO - [지표] ADX=nan, Bull=nan, Bear=nan
2026-01-22 03:45:00,290 - INFO - [EMA] 증분계산: prev=88671.88, close=88081.7, new=88626.48
2026-01-22 03:45:00,300 - INFO - 15m | 18:30 | O:87982.4 H:88224.8 L:87908.3 C:88081.7
2026-01-22 03:45:00,300 - INFO - 지표: ADX=28.8, ATR=536.4, Bull=False, Bear=True
2026-01-22 03:45:30,849 - INFO - [상태] 포지션 없음, 자본금: $5221.58
2026-01-22 03:45:30,849 - INFO - [지표] ADX=nan, Bull=nan, Bear=nan
2026-01-22 03:50:30,850 - INFO - [상태] 포지션 없음, 자본금: $5221.58
2026-01-22 03:50:30,851 - INFO - [지표] ADX=nan, Bull=nan, Bear=nan
2026-01-22 03:55:30,851 - INFO - [상태] 포지션 없음, 자본금: $5221.58
2026-01-22 03:55:30,852 - INFO - [지표] ADX=nan, Bull=nan, Bear=nan
2026-01-22 04:00:00,037 - INFO - [EMA] 증분계산: prev=88626.48, close=88441.1, new=88612.22
2026-01-22 04:00:00,047 - INFO - 15m | 18:45 | O:88081.8 H:88633.0 L:88077.6 C:88441.1
2026-01-22 04:00:00,048 - INFO - 지표: ADX=27.6, ATR=538.3, Bull=False, Bear=True
2026-01-22 04:00:30,852 - INFO - [상태] 포지션 없음, 자본금: $5221.58
2026-01-22 04:00:30,853 - INFO - [지표] ADX=nan, Bull=nan, Bear=nan
2026-01-22 04:05:30,853 - INFO - [상태] 포지션 없음, 자본금: $5221.58
2026-01-22 04:05:30,854 - INFO - [지표] ADX=nan, Bull=nan, Bear=nan
2026-01-22 04:10:30,855 - INFO - [상태] 포지션 없음, 자본금: $5221.58
2026-01-22 04:10:30,855 - INFO - [지표] ADX=nan, Bull=nan, Bear=nan
2026-01-22 04:15:00,076 - INFO - [EMA] 증분계산: prev=88612.22, close=88356.7, new=88592.57
2026-01-22 04:15:00,086 - INFO - 15m | 19:00 | O:88441.1 H:88609.5 L:88230.3 C:88356.7
2026-01-22 04:15:00,086 - INFO - 지표: ADX=26.5, ATR=522.4, Bull=False, Bear=True
2026-01-22 04:15:30,856 - INFO - [상태] 포지션 없음, 자본금: $5221.58
2026-01-22 04:15:30,856 - INFO - [지표] ADX=nan, Bull=nan, Bear=nan
2026-01-22 04:20:30,857 - INFO - [상태] 포지션 없음, 자본금: $5221.58
2026-01-22 04:20:30,858 - INFO - [지표] ADX=nan, Bull=nan, Bear=nan
2026-01-22 04:25:30,858 - INFO - [상태] 포지션 없음, 자본금: $5221.58
2026-01-22 04:25:30,859 - INFO - [지표] ADX=nan, Bull=nan, Bear=nan
2026-01-22 04:30:00,025 - INFO - [EMA] 증분계산: prev=88592.57, close=89616.3, new=88671.32
2026-01-22 04:30:00,034 - INFO - 15m | 19:15 | O:88356.8 H:89715.9 L:88324.6 C:89616.3
2026-01-22 04:30:00,034 - INFO - 지표: ADX=25.9, ATR=609.3, Bull=False, Bear=True
2026-01-22 04:30:30,860 - INFO - [상태] 포지션 없음, 자본금: $5221.58
2026-01-22 04:30:30,860 - INFO - [지표] ADX=nan, Bull=nan, Bear=nan
2026-01-22 04:35:30,862 - INFO - [상태] 포지션 없음, 자본금: $5221.58
2026-01-22 04:35:30,863 - INFO - [지표] ADX=nan, Bull=nan, Bear=nan
2026-01-22 04:40:30,863 - INFO - [상태] 포지션 없음, 자본금: $5221.58
2026-01-22 04:40:30,864 - INFO - [지표] ADX=nan, Bull=nan, Bear=nan
2026-01-22 04:45:00,055 - INFO - [EMA] 증분계산: prev=88671.32, close=90011.8, new=88774.43
2026-01-22 04:45:00,065 - INFO - 15m | 19:30 | O:89616.4 H:90153.6 L:89465.3 C:90011.8
2026-01-22 04:45:00,065 - INFO - 지표: ADX=25.9, ATR=617.2, Bull=False, Bear=True
2026-01-22 04:45:30,865 - INFO - [상태] 포지션 없음, 자본금: $5221.58
2026-01-22 04:45:30,866 - INFO - [지표] ADX=nan, Bull=nan, Bear=nan
2026-01-22 04:50:30,866 - INFO - [상태] 포지션 없음, 자본금: $5221.58
2026-01-22 04:50:30,867 - INFO - [지표] ADX=nan, Bull=nan, Bear=nan
2026-01-22 04:55:30,868 - INFO - [상태] 포지션 없음, 자본금: $5221.58
2026-01-22 04:55:30,868 - INFO - [지표] ADX=nan, Bull=nan, Bear=nan
2026-01-22 05:00:00,064 - INFO - [EMA] 증분계산: prev=88774.43, close=90321.9, new=88893.47
2026-01-22 05:00:00,073 - INFO - 15m | 19:45 | O:90012.0 H:90427.6 L:89835.7 C:90321.9
2026-01-22 05:00:00,074 - INFO - 지표: ADX=26.2, ATR=614.7, Bull=False, Bear=False
2026-01-22 05:00:30,869 - INFO - [상태] 포지션 없음, 자본금: $5221.58
2026-01-22 05:00:30,869 - INFO - [지표] ADX=nan, Bull=nan, Bear=nan
2026-01-22 05:05:30,870 - INFO - [상태] 포지션 없음, 자본금: $5221.58
2026-01-22 05:05:30,870 - INFO - [지표] ADX=nan, Bull=nan, Bear=nan
2026-01-22 05:10:30,871 - INFO - [상태] 포지션 없음, 자본금: $5221.58
2026-01-22 05:10:30,871 - INFO - [지표] ADX=nan, Bull=nan, Bear=nan
2026-01-22 05:15:00,038 - INFO - [EMA] 증분계산: prev=88893.47, close=89874.4, new=88968.92
2026-01-22 05:15:00,047 - INFO - 15m | 20:00 | O:90321.9 H:90342.5 L:89700.0 C:89874.4
2026-01-22 05:15:00,047 - INFO - 지표: ADX=26.3, ATR=617.5, Bull=False, Bear=True
2026-01-22 05:15:30,872 - INFO - [상태] 포지션 없음, 자본금: $5221.58
2026-01-22 05:15:30,873 - INFO - [지표] ADX=nan, Bull=nan, Bear=nan
2026-01-22 05:20:30,875 - INFO - [상태] 포지션 없음, 자본금: $5221.58
2026-01-22 05:20:30,875 - INFO - [지표] ADX=nan, Bull=nan, Bear=nan
2026-01-22 05:25:30,876 - INFO - [상태] 포지션 없음, 자본금: $5221.58
2026-01-22 05:25:30,876 - INFO - [지표] ADX=nan, Bull=nan, Bear=nan
2026-01-22 05:30:00,131 - INFO - [EMA] 증분계산: prev=88968.92, close=89707.5, new=89025.74
2026-01-22 05:30:00,140 - INFO - 15m | 20:15 | O:89874.4 H:89888.5 L:89413.6 C:89707.5
2026-01-22 05:30:00,140 - INFO - 지표: ADX=25.6, ATR=603.2, Bull=False, Bear=True
2026-01-22 05:30:30,877 - INFO - [상태] 포지션 없음, 자본금: $5221.58
2026-01-22 05:30:30,877 - INFO - [지표] ADX=nan, Bull=nan, Bear=nan
2026-01-22 05:35:30,879 - INFO - [상태] 포지션 없음, 자본금: $5221.58
2026-01-22 05:35:30,880 - INFO - [지표] ADX=nan, Bull=nan, Bear=nan
2026-01-22 05:40:30,881 - INFO - [상태] 포지션 없음, 자본금: $5221.58
2026-01-22 05:40:30,882 - INFO - [지표] ADX=nan, Bull=nan, Bear=nan
2026-01-22 05:45:00,137 - INFO - [EMA] 증분계산: prev=89025.74, close=89864.9, new=89090.29
2026-01-22 05:45:00,143 - INFO - 15m | 20:30 | O:89707.5 H:89990.0 L:89556.3 C:89864.9
2026-01-22 05:45:00,144 - INFO - 지표: ADX=25.2, ATR=586.3, Bull=False, Bear=True
2026-01-22 05:45:30,882 - INFO - [상태] 포지션 없음, 자본금: $5221.58
2026-01-22 05:45:30,883 - INFO - [지표] ADX=nan, Bull=nan, Bear=nan
2026-01-22 05:50:30,884 - INFO - [상태] 포지션 없음, 자본금: $5221.58
2026-01-22 05:50:30,884 - INFO - [지표] ADX=nan, Bull=nan, Bear=nan
2026-01-22 05:55:30,886 - INFO - [상태] 포지션 없음, 자본금: $5221.58
2026-01-22 05:55:30,886 - INFO - [지표] ADX=nan, Bull=nan, Bear=nan
2026-01-22 06:00:00,026 - INFO - [EMA] 증분계산: prev=89090.29, close=90170.8, new=89173.40
2026-01-22 06:00:00,032 - INFO - 15m | 20:45 | O:89864.8 H:90179.9 L:89850.0 C:90170.8
2026-01-22 06:00:00,032 - INFO - 지표: ADX=25.1, ATR=560.6, Bull=False, Bear=True
2026-01-22 06:00:30,887 - INFO - [상태] 포지션 없음, 자본금: $5221.58
2026-01-22 06:00:30,887 - INFO - [지표] ADX=nan, Bull=nan, Bear=nan
2026-01-22 06:05:30,888 - INFO - [상태] 포지션 없음, 자본금: $5221.58
2026-01-22 06:05:30,889 - INFO - [지표] ADX=nan, Bull=nan, Bear=nan
2026-01-22 06:10:30,890 - INFO - [상태] 포지션 없음, 자본금: $5221.58
2026-01-22 06:10:30,891 - INFO - [지표] ADX=nan, Bull=nan, Bear=nan
2026-01-22 06:15:00,162 - INFO - [EMA] 증분계산: prev=89173.40, close=90065.5, new=89242.03
2026-01-22 06:15:00,172 - INFO - 15m | 21:00 | O:90170.8 H:90177.2 L:89895.3 C:90065.5
2026-01-22 06:15:00,172 - INFO - 지표: ADX=25.0, ATR=532.7, Bull=False, Bear=True
2026-01-22 06:15:30,892 - INFO - [상태] 포지션 없음, 자본금: $5221.58
2026-01-22 06:15:30,892 - INFO - [지표] ADX=nan, Bull=nan, Bear=nan
2026-01-22 06:20:30,894 - INFO - [상태] 포지션 없음, 자본금: $5221.58
2026-01-22 06:20:30,894 - INFO - [지표] ADX=nan, Bull=nan, Bear=nan
2026-01-22 06:25:30,895 - INFO - [상태] 포지션 없음, 자본금: $5221.58
2026-01-22 06:25:30,896 - INFO - [지표] ADX=nan, Bull=nan, Bear=nan
2026-01-22 06:30:00,109 - INFO - [EMA] 증분계산: prev=89242.03, close=90038.1, new=89303.26
2026-01-22 06:30:00,116 - INFO - 15m | 21:15 | O:90065.4 H:90312.4 L:90008.6 C:90038.1
2026-01-22 06:30:00,116 - INFO - 지표: ADX=25.2, ATR=509.8, Bull=False, Bear=True
2026-01-22 06:30:30,897 - INFO - [상태] 포지션 없음, 자본금: $5221.58
2026-01-22 06:30:30,897 - INFO - [지표] ADX=nan, Bull=nan, Bear=nan
2026-01-22 06:35:30,900 - INFO - [상태] 포지션 없음, 자본금: $5221.58
2026-01-22 06:35:30,900 - INFO - [지표] ADX=nan, Bull=nan, Bear=nan
2026-01-22 06:40:30,902 - INFO - [상태] 포지션 없음, 자본금: $5221.58
2026-01-22 06:40:30,903 - INFO - [지표] ADX=nan, Bull=nan, Bear=nan
2026-01-22 06:45:00,113 - INFO - [EMA] 증분계산: prev=89303.26, close=90215.0, new=89373.40
2026-01-22 06:45:00,122 - INFO - 15m | 21:30 | O:90038.1 H:90232.0 L:90016.4 C:90215.0
2026-01-22 06:45:00,123 - INFO - 지표: ADX=25.3, ATR=480.4, Bull=False, Bear=True
2026-01-22 06:45:30,904 - INFO - [상태] 포지션 없음, 자본금: $5221.58
2026-01-22 06:45:30,905 - INFO - [지표] ADX=nan, Bull=nan, Bear=nan
2026-01-22 06:50:30,906 - INFO - [상태] 포지션 없음, 자본금: $5221.58
2026-01-22 06:50:30,906 - INFO - [지표] ADX=nan, Bull=nan, Bear=nan
2026-01-22 06:55:30,908 - INFO - [상태] 포지션 없음, 자본금: $5221.58
2026-01-22 06:55:30,908 - INFO - [지표] ADX=nan, Bull=nan, Bear=nan
2026-01-22 07:00:00,084 - INFO - [EMA] 증분계산: prev=89373.40, close=90203.8, new=89437.27
2026-01-22 07:00:00,091 - INFO - 15m | 21:45 | O:90215.0 H:90240.5 L:90098.1 C:90203.8
2026-01-22 07:00:00,091 - INFO - 지표: ADX=25.4, ATR=446.6, Bull=False, Bear=True
2026-01-22 07:00:30,910 - INFO - [상태] 포지션 없음, 자본금: $5221.58
2026-01-22 07:00:30,911 - INFO - [지표] ADX=nan, Bull=nan, Bear=nan
2026-01-22 07:05:30,912 - INFO - [상태] 포지션 없음, 자본금: $5221.58
2026-01-22 07:05:30,912 - INFO - [지표] ADX=nan, Bull=nan, Bear=nan
2026-01-22 07:10:30,913 - INFO - [상태] 포지션 없음, 자본금: $5221.58
2026-01-22 07:10:30,914 - INFO - [지표] ADX=nan, Bull=nan, Bear=nan
2026-01-22 07:15:00,329 - INFO - [EMA] 증분계산: prev=89437.27, close=90167.8, new=89493.47
2026-01-22 07:15:00,339 - INFO - 15m | 22:00 | O:90203.8 H:90349.0 L:90161.1 C:90167.8
2026-01-22 07:15:00,339 - INFO - 지표: ADX=25.7, ATR=420.7, Bull=False, Bear=False
2026-01-22 07:15:30,916 - INFO - [상태] 포지션 없음, 자본금: $5221.58
2026-01-22 07:15:30,917 - INFO - [지표] ADX=nan, Bull=nan, Bear=nan
2026-01-22 07:20:30,918 - INFO - [상태] 포지션 없음, 자본금: $5221.58
2026-01-22 07:20:30,918 - INFO - [지표] ADX=nan, Bull=nan, Bear=nan
2026-01-22 07:25:30,919 - INFO - [상태] 포지션 없음, 자본금: $5221.58
2026-01-22 07:25:30,919 - INFO - [지표] ADX=nan, Bull=nan, Bear=nan
2026-01-22 07:30:00,036 - INFO - [EMA] 증분계산: prev=89493.47, close=89953.0, new=89528.82
2026-01-22 07:30:00,042 - INFO - 15m | 22:15 | O:90167.8 H:90191.9 L:89900.0 C:89953.0
2026-01-22 07:30:00,042 - INFO - 지표: ADX=25.2, ATR=407.9, Bull=False, Bear=False
2026-01-22 07:30:30,920 - INFO - [상태] 포지션 없음, 자본금: $5221.58
2026-01-22 07:30:30,921 - INFO - [지표] ADX=nan, Bull=nan, Bear=nan
2026-01-22 07:35:30,922 - INFO - [상태] 포지션 없음, 자본금: $5221.58
2026-01-22 07:35:30,922 - INFO - [지표] ADX=nan, Bull=nan, Bear=nan
2026-01-22 07:40:30,923 - INFO - [상태] 포지션 없음, 자본금: $5221.58
2026-01-22 07:40:30,924 - INFO - [지표] ADX=nan, Bull=nan, Bear=nan
2026-01-22 07:45:00,227 - INFO - [EMA] 증분계산: prev=89528.82, close=89915.0, new=89558.52
2026-01-22 07:45:00,233 - INFO - 15m | 22:30 | O:89953.1 H:90069.0 L:89852.7 C:89915.0
2026-01-22 07:45:00,233 - INFO - 지표: ADX=24.5, ATR=388.7, Bull=False, Bear=False
2026-01-22 07:45:30,925 - INFO - [상태] 포지션 없음, 자본금: $5221.58
2026-01-22 07:45:30,925 - INFO - [지표] ADX=nan, Bull=nan, Bear=nan
2026-01-22 07:50:30,926 - INFO - [상태] 포지션 없음, 자본금: $5221.58
2026-01-22 07:50:30,926 - INFO - [지표] ADX=nan, Bull=nan, Bear=nan
2026-01-22 07:55:30,927 - INFO - [상태] 포지션 없음, 자본금: $5221.58
2026-01-22 07:55:30,927 - INFO - [지표] ADX=nan, Bull=nan, Bear=nan
2026-01-22 08:00:00,080 - INFO - [EMA] 증분계산: prev=89558.52, close=89728.5, new=89571.60
2026-01-22 08:00:00,087 - INFO - 15m | 22:45 | O:89915.0 H:89965.3 L:89700.4 C:89728.5
2026-01-22 08:00:00,087 - INFO - 지표: ADX=23.5, ATR=376.3, Bull=False, Bear=False
2026-01-22 08:00:30,928 - INFO - [상태] 포지션 없음, 자본금: $5221.58
2026-01-22 08:00:30,928 - INFO - [지표] ADX=nan, Bull=nan, Bear=nan
2026-01-22 08:05:30,929 - INFO - [상태] 포지션 없음, 자본금: $5221.58
2026-01-22 08:05:30,929 - INFO - [지표] ADX=nan, Bull=nan, Bear=nan
2026-01-22 08:10:30,932 - INFO - [상태] 포지션 없음, 자본금: $5221.58
2026-01-22 08:10:30,932 - INFO - [지표] ADX=nan, Bull=nan, Bear=nan
2026-01-22 08:15:00,113 - INFO - [EMA] 증분계산: prev=89571.60, close=90148.7, new=89615.99
2026-01-22 08:15:00,120 - INFO - 15m | 23:00 | O:89728.4 H:90191.9 L:89671.3 C:90148.7
2026-01-22 08:15:00,120 - INFO - 지표: ADX=23.0, ATR=390.8, Bull=False, Bear=False
2026-01-22 08:15:30,933 - INFO - [상태] 포지션 없음, 자본금: $5221.58
2026-01-22 08:15:30,933 - INFO - [지표] ADX=nan, Bull=nan, Bear=nan
2026-01-22 08:20:30,935 - INFO - [상태] 포지션 없음, 자본금: $5221.58
2026-01-22 08:20:30,935 - INFO - [지표] ADX=nan, Bull=nan, Bear=nan
2026-01-22 08:25:30,937 - INFO - [상태] 포지션 없음, 자본금: $5221.58
2026-01-22 08:25:30,937 - INFO - [지표] ADX=nan, Bull=nan, Bear=nan
2026-01-22 08:30:00,200 - INFO - [EMA] 증분계산: prev=89615.99, close=89985.3, new=89644.40
2026-01-22 08:30:00,209 - INFO - 15m | 23:15 | O:90148.7 H:90148.8 L:89835.3 C:89985.3
2026-01-22 08:30:00,209 - INFO - 지표: ADX=22.6, ATR=383.0, Bull=False, Bear=False
2026-01-22 08:30:30,937 - INFO - [상태] 포지션 없음, 자본금: $5221.58
2026-01-22 08:30:30,938 - INFO - [지표] ADX=nan, Bull=nan, Bear=nan
2026-01-22 08:35:30,940 - INFO - [상태] 포지션 없음, 자본금: $5221.58
2026-01-22 08:35:30,941 - INFO - [지표] ADX=nan, Bull=nan, Bear=nan
2026-01-22 08:40:30,942 - INFO - [상태] 포지션 없음, 자본금: $5221.58
2026-01-22 08:40:30,942 - INFO - [지표] ADX=nan, Bull=nan, Bear=nan
2026-01-22 08:45:00,079 - INFO - [EMA] 증분계산: prev=89644.40, close=89506.6, new=89633.80
2026-01-22 08:45:00,088 - INFO - 15m | 23:30 | O:89985.3 H:89985.3 L:89500.3 C:89506.6
2026-01-22 08:45:00,089 - INFO - 지표: ADX=21.1, ATR=393.2, Bull=False, Bear=False
2026-01-22 08:45:30,943 - INFO - [상태] 포지션 없음, 자본금: $5221.58
2026-01-22 08:45:30,944 - INFO - [지표] ADX=nan, Bull=nan, Bear=nan
2026-01-22 08:50:30,945 - INFO - [상태] 포지션 없음, 자본금: $5221.58
2026-01-22 08:50:30,946 - INFO - [지표] ADX=nan, Bull=nan, Bear=nan
2026-01-22 08:55:30,946 - INFO - [상태] 포지션 없음, 자본금: $5221.58
2026-01-22 08:55:30,947 - INFO - [지표] ADX=nan, Bull=nan, Bear=nan
