2026-01-26 09:00:00,031 - INFO - === 로그 파일 시작: logs/hyper_usdt_2026-01-26.log ===
2026-01-26 09:00:00,031 - INFO - [EMA] 증분계산: prev=86850.09, close=86628.9, new=86833.07
2026-01-26 09:00:00,040 - INFO - 15m | 23:45 | O:86390.9 H:86760.8 L:86390.9 C:86628.9
2026-01-26 09:00:00,040 - INFO - 지표: ADX=54.9, ATR=393.8, Bull=False, Bear=True
2026-01-26 09:00:52,994 - INFO - [상태] 포지션 없음, 자본금: $5887.27
2026-01-26 09:00:52,995 - INFO - [지표] ADX=nan, Bull=nan, Bear=nan
2026-01-26 09:05:52,995 - INFO - [상태] 포지션 없음, 자본금: $5887.27
2026-01-26 09:05:52,996 - INFO - [지표] ADX=nan, Bull=nan, Bear=nan
2026-01-26 09:10:52,996 - INFO - [상태] 포지션 없음, 자본금: $5887.27
2026-01-26 09:10:52,997 - INFO - [지표] ADX=nan, Bull=nan, Bear=nan
2026-01-26 09:15:00,038 - INFO - [EMA] 증분계산: prev=86833.07, close=87022.9, new=86847.67
2026-01-26 09:15:00,047 - INFO - 15m | 00:00 | O:86628.9 H:87060.0 L:86614.2 C:87022.9
2026-01-26 09:15:00,048 - INFO - 지표: ADX=51.6, ATR=399.0, Bull=False, Bear=True
2026-01-26 09:15:52,999 - INFO - [상태] 포지션 없음, 자본금: $5887.27
2026-01-26 09:15:52,999 - INFO - [지표] ADX=nan, Bull=nan, Bear=nan
2026-01-26 09:20:53,000 - INFO - [상태] 포지션 없음, 자본금: $5887.27
2026-01-26 09:20:53,000 - INFO - [지표] ADX=nan, Bull=nan, Bear=nan
2026-01-26 09:25:53,000 - INFO - [상태] 포지션 없음, 자본금: $5887.27
2026-01-26 09:25:53,001 - INFO - [지표] ADX=nan, Bull=nan, Bear=nan
2026-01-26 09:30:00,059 - INFO - [EMA] 증분계산: prev=86847.67, close=86808.8, new=86844.68
2026-01-26 09:30:00,068 - INFO - 15m | 00:15 | O:87022.9 H:87150.8 L:86723.4 C:86808.8
2026-01-26 09:30:00,068 - INFO - 지표: ADX=48.2, ATR=401.8, Bull=False, Bear=True
2026-01-26 09:30:00,069 - INFO - [LIVE] SHORT 신호 감지!
2026-01-26 09:30:00,069 - INFO - ==================================================
2026-01-26 09:30:00,069 - INFO - [LIVE] SHORT 진입 준비
2026-01-26 09:30:00,069 - INFO - 진입가: $86808.80
2026-01-26 09:30:00,069 - INFO - 손절가: $87985.40 (1.36%)
2026-01-26 09:30:00,069 - INFO - 익절가: $84994.25 (2.09%)
2026-01-26 09:30:00,069 - INFO - 레버리지: 4.12x
2026-01-26 09:30:00,069 - INFO - 포지션 크기: 0.279414 BTC ($24255.56)
2026-01-26 09:30:00,069 - INFO - ==================================================
2026-01-26 09:30:00,156 - INFO - Leverage 설정: 5x
2026-01-26 09:30:00,199 - INFO - Market Order 체결: SHORT 0.279
2026-01-26 09:30:00,864 - INFO - 실제 체결가: $86808.70, 수량: 0.279000
2026-01-26 09:30:00,919 - INFO - LIMIT Close 주문: SHORT 0.279 @ $84994.1, ID: 891490995035
2026-01-26 09:30:00,919 - INFO - TP 주문 설정: $84994.15
2026-01-26 09:30:01,018 - INFO - STOP_MARKET 주문 (Algo): $87985.4, AlgoID: 3000000416767046
2026-01-26 09:30:01,018 - INFO - SL 주문 설정: $87985.40
2026-01-26 09:30:01,018 - INFO - 거래 기록 저장: ENTRY @ $86808.70
2026-01-26 09:30:01,019 - INFO - [LIVE] SHORT 진입 완료!
2026-01-26 09:30:53,041 - INFO - [상태] 포지션: SHORT, 진입가: $86808.70, 현재가: $86824.00, 미실현PnL: $-4.27
2026-01-26 09:30:53,041 - INFO - [지표] ADX=nan, Bull=nan, Bear=nan
2026-01-26 09:35:53,085 - INFO - [상태] 포지션: SHORT, 진입가: $86808.70, 현재가: $86704.10, 미실현PnL: $29.18
2026-01-26 09:35:53,085 - INFO - [지표] ADX=nan, Bull=nan, Bear=nan
2026-01-26 09:40:53,126 - INFO - [상태] 포지션: SHORT, 진입가: $86808.70, 현재가: $86717.60, 미실현PnL: $25.42
2026-01-26 09:40:53,126 - INFO - [지표] ADX=nan, Bull=nan, Bear=nan
2026-01-26 09:45:00,033 - INFO - [EMA] 증분계산: prev=86844.68, close=86589.9, new=86825.09
2026-01-26 09:45:00,040 - INFO - 15m | 00:30 | O:86808.7 H:86839.6 L:86568.1 C:86589.9
2026-01-26 09:45:00,040 - INFO - 지표: ADX=45.5, ATR=388.8, Bull=False, Bear=True
2026-01-26 09:45:53,170 - INFO - [상태] 포지션: SHORT, 진입가: $86808.70, 현재가: $86580.10, 미실현PnL: $63.78
2026-01-26 09:45:53,170 - INFO - [지표] ADX=nan, Bull=nan, Bear=nan
2026-01-26 09:50:53,213 - INFO - [상태] 포지션: SHORT, 진입가: $86808.70, 현재가: $86828.90, 미실현PnL: $-5.64
2026-01-26 09:50:53,214 - INFO - [지표] ADX=nan, Bull=nan, Bear=nan
2026-01-26 09:55:53,254 - INFO - [상태] 포지션: SHORT, 진입가: $86808.70, 현재가: $86792.50, 미실현PnL: $4.52
2026-01-26 09:55:53,254 - INFO - [지표] ADX=nan, Bull=nan, Bear=nan
2026-01-26 10:00:00,155 - INFO - [EMA] 증분계산: prev=86825.09, close=86808.4, new=86823.80
2026-01-26 10:00:00,161 - INFO - 15m | 00:45 | O:86590.0 H:86943.4 L:86463.2 C:86808.4
2026-01-26 10:00:00,161 - INFO - 지표: ADX=43.4, ATR=397.9, Bull=False, Bear=True
2026-01-26 10:00:53,296 - INFO - [상태] 포지션: SHORT, 진입가: $86808.70, 현재가: $86772.90, 미실현PnL: $9.99
2026-01-26 10:00:53,296 - INFO - [지표] ADX=nan, Bull=nan, Bear=nan
2026-01-26 10:05:53,337 - INFO - [상태] 포지션: SHORT, 진입가: $86808.70, 현재가: $87137.30, 미실현PnL: $-91.68
2026-01-26 10:05:53,337 - INFO - [지표] ADX=nan, Bull=nan, Bear=nan
2026-01-26 10:10:53,379 - INFO - [상태] 포지션: SHORT, 진입가: $86808.70, 현재가: $87258.00, 미실현PnL: $-125.35
2026-01-26 10:10:53,380 - INFO - [지표] ADX=nan, Bull=nan, Bear=nan
2026-01-26 10:15:00,171 - INFO - [EMA] 증분계산: prev=86823.80, close=87239.7, new=86855.79
2026-01-26 10:15:00,181 - INFO - 15m | 01:00 | O:86808.5 H:87426.0 L:86772.9 C:87239.7
2026-01-26 10:15:00,181 - INFO - 지표: ADX=40.8, ATR=423.4, Bull=False, Bear=True
2026-01-26 10:15:53,422 - INFO - [상태] 포지션: SHORT, 진입가: $86808.70, 현재가: $87352.40, 미실현PnL: $-151.69
2026-01-26 10:15:53,422 - INFO - [지표] ADX=nan, Bull=nan, Bear=nan
2026-01-26 10:20:53,463 - INFO - [상태] 포지션: SHORT, 진입가: $86808.70, 현재가: $87411.90, 미실현PnL: $-168.29
2026-01-26 10:20:53,463 - INFO - [지표] ADX=nan, Bull=nan, Bear=nan
2026-01-26 10:25:53,503 - INFO - [상태] 포지션: SHORT, 진입가: $86808.70, 현재가: $87620.40, 미실현PnL: $-226.46
2026-01-26 10:25:53,503 - INFO - [지표] ADX=nan, Bull=nan, Bear=nan
2026-01-26 10:30:00,096 - INFO - [EMA] 증분계산: prev=86855.79, close=87618.8, new=86914.49
2026-01-26 10:30:00,103 - INFO - 15m | 01:15 | O:87239.6 H:87777.0 L:87231.6 C:87618.8
2026-01-26 10:30:00,103 - INFO - 지표: ADX=39.4, ATR=435.6, Bull=False, Bear=True
2026-01-26 10:30:53,543 - INFO - [상태] 포지션: SHORT, 진입가: $86808.70, 현재가: $87635.70, 미실현PnL: $-230.73
2026-01-26 10:30:53,544 - INFO - [지표] ADX=nan, Bull=nan, Bear=nan
2026-01-26 10:35:53,584 - INFO - [상태] 포지션: SHORT, 진입가: $86808.70, 현재가: $87651.20, 미실현PnL: $-235.06
2026-01-26 10:35:53,584 - INFO - [지표] ADX=nan, Bull=nan, Bear=nan
2026-01-26 10:40:53,626 - INFO - [상태] 포지션: SHORT, 진입가: $86808.70, 현재가: $87625.20, 미실현PnL: $-227.80
2026-01-26 10:40:53,626 - INFO - [지표] ADX=nan, Bull=nan, Bear=nan
2026-01-26 10:45:00,113 - INFO - [EMA] 증분계산: prev=86914.49, close=87651.1, new=86971.15
2026-01-26 10:45:00,123 - INFO - 15m | 01:30 | O:87618.8 H:87732.1 L:87550.6 C:87651.1
2026-01-26 10:45:00,123 - INFO - 지표: ADX=38.0, ATR=410.2, Bull=False, Bear=True
2026-01-26 10:45:53,668 - INFO - [상태] 포지션: SHORT, 진입가: $86808.70, 현재가: $87674.50, 미실현PnL: $-241.56
2026-01-26 10:45:53,668 - INFO - [지표] ADX=nan, Bull=nan, Bear=nan
2026-01-26 10:50:53,710 - INFO - [상태] 포지션: SHORT, 진입가: $86808.70, 현재가: $87517.80, 미실현PnL: $-197.84
2026-01-26 10:50:53,710 - INFO - [지표] ADX=nan, Bull=nan, Bear=nan
2026-01-26 10:55:53,752 - INFO - [상태] 포지션: SHORT, 진입가: $86808.70, 현재가: $87653.00, 미실현PnL: $-235.56
2026-01-26 10:55:53,752 - INFO - [지표] ADX=nan, Bull=nan, Bear=nan
2026-01-26 11:00:00,035 - INFO - [EMA] 증분계산: prev=86971.15, close=87661.8, new=87024.28
2026-01-26 11:00:00,045 - INFO - 15m | 01:45 | O:87651.2 H:87791.5 L:87467.8 C:87661.8
2026-01-26 11:00:00,045 - INFO - 지표: ADX=36.4, ATR=401.6, Bull=False, Bear=True
2026-01-26 11:00:53,792 - INFO - [상태] 포지션: SHORT, 진입가: $86808.70, 현재가: $87619.70, 미실현PnL: $-226.27
2026-01-26 11:00:53,792 - INFO - [지표] ADX=nan, Bull=nan, Bear=nan
2026-01-26 11:05:53,840 - INFO - [상태] 포지션: SHORT, 진입가: $86808.70, 현재가: $87435.60, 미실현PnL: $-174.91
2026-01-26 11:05:53,840 - INFO - [지표] ADX=nan, Bull=nan, Bear=nan
2026-01-26 11:10:53,880 - INFO - [상태] 포지션: SHORT, 진입가: $86808.70, 현재가: $87444.80, 미실현PnL: $-177.47
2026-01-26 11:10:53,880 - INFO - [지표] ADX=nan, Bull=nan, Bear=nan
2026-01-26 11:15:00,150 - INFO - [EMA] 증분계산: prev=87024.28, close=87469.1, new=87058.49
2026-01-26 11:15:00,157 - INFO - 15m | 02:00 | O:87661.7 H:87669.6 L:87399.9 C:87469.1
2026-01-26 11:15:00,157 - INFO - 지표: ADX=34.7, ATR=388.4, Bull=False, Bear=True
2026-01-26 11:15:53,925 - INFO - [상태] 포지션: SHORT, 진입가: $86808.70, 현재가: $87486.10, 미실현PnL: $-188.99
2026-01-26 11:15:53,925 - INFO - [지표] ADX=nan, Bull=nan, Bear=nan
2026-01-26 11:20:53,967 - INFO - [상태] 포지션: SHORT, 진입가: $86808.70, 현재가: $87606.70, 미실현PnL: $-222.64
2026-01-26 11:20:53,967 - INFO - [지표] ADX=nan, Bull=nan, Bear=nan
2026-01-26 11:25:54,009 - INFO - [상태] 포지션: SHORT, 진입가: $86808.70, 현재가: $87813.60, 미실현PnL: $-280.37
2026-01-26 11:25:54,009 - INFO - [지표] ADX=nan, Bull=nan, Bear=nan
2026-01-26 11:30:00,117 - INFO - [EMA] 증분계산: prev=87058.49, close=87866.6, new=87120.66
2026-01-26 11:30:00,123 - INFO - 15m | 02:15 | O:87469.2 H:87901.6 L:87462.7 C:87866.6
2026-01-26 11:30:00,123 - INFO - 지표: ADX=33.8, ATR=393.4, Bull=False, Bear=True
2026-01-26 11:30:54,049 - INFO - [상태] 포지션: SHORT, 진입가: $86808.70, 현재가: $87899.90, 미실현PnL: $-304.44
2026-01-26 11:30:54,049 - INFO - [지표] ADX=nan, Bull=nan, Bear=nan
2026-01-26 11:35:54,090 - INFO - [상태] 포지션: SHORT, 진입가: $86808.70, 현재가: $87849.60, 미실현PnL: $-290.41
2026-01-26 11:35:54,090 - INFO - [지표] ADX=nan, Bull=nan, Bear=nan
2026-01-26 11:40:54,130 - INFO - [상태] 포지션: SHORT, 진입가: $86808.70, 현재가: $87737.10, 미실현PnL: $-259.02
2026-01-26 11:40:54,131 - INFO - [지표] ADX=nan, Bull=nan, Bear=nan
2026-01-26 11:45:00,027 - INFO - [EMA] 증분계산: prev=87120.66, close=87578.0, new=87155.84
2026-01-26 11:45:00,037 - INFO - 15m | 02:30 | O:87866.5 H:87922.0 L:87563.7 C:87578.0
2026-01-26 11:45:00,037 - INFO - 지표: ADX=32.9, ATR=389.9, Bull=False, Bear=True
2026-01-26 11:45:54,172 - INFO - [상태] 포지션: SHORT, 진입가: $86808.70, 현재가: $87623.70, 미실현PnL: $-227.39
2026-01-26 11:45:54,172 - INFO - [지표] ADX=nan, Bull=nan, Bear=nan
2026-01-26 11:50:54,217 - INFO - [상태] 포지션: SHORT, 진입가: $86808.70, 현재가: $87575.40, 미실현PnL: $-213.91
2026-01-26 11:50:54,217 - INFO - [지표] ADX=nan, Bull=nan, Bear=nan
2026-01-26 11:55:54,259 - INFO - [상태] 포지션: SHORT, 진입가: $86808.70, 현재가: $87542.60, 미실현PnL: $-204.76
2026-01-26 11:55:54,260 - INFO - [지표] ADX=nan, Bull=nan, Bear=nan
2026-01-26 12:00:00,315 - INFO - [EMA] 증분계산: prev=87155.84, close=87514.8, new=87183.45
2026-01-26 12:00:00,321 - INFO - 15m | 02:45 | O:87578.0 H:87647.4 L:87410.3 C:87514.8
2026-01-26 12:00:00,321 - INFO - 지표: ADX=31.5, ATR=374.6, Bull=False, Bear=True
2026-01-26 12:00:54,301 - INFO - [상태] 포지션: SHORT, 진입가: $86808.70, 현재가: $87502.60, 미실현PnL: $-193.60
2026-01-26 12:00:54,301 - INFO - [지표] ADX=nan, Bull=nan, Bear=nan
2026-01-26 12:05:54,342 - INFO - [상태] 포지션: SHORT, 진입가: $86808.70, 현재가: $87598.60, 미실현PnL: $-220.38
2026-01-26 12:05:54,342 - INFO - [지표] ADX=nan, Bull=nan, Bear=nan
2026-01-26 12:10:54,383 - INFO - [상태] 포지션: SHORT, 진입가: $86808.70, 현재가: $87549.90, 미실현PnL: $-206.79
2026-01-26 12:10:54,384 - INFO - [지표] ADX=nan, Bull=nan, Bear=nan
2026-01-26 12:15:00,430 - INFO - [EMA] 증분계산: prev=87183.45, close=87523.0, new=87209.57
2026-01-26 12:15:00,437 - INFO - 15m | 03:00 | O:87514.7 H:87643.6 L:87437.5 C:87523.0
2026-01-26 12:15:00,437 - INFO - 지표: ADX=30.2, ATR=357.8, Bull=False, Bear=True
2026-01-26 12:15:54,426 - INFO - [상태] 포지션: SHORT, 진입가: $86808.70, 현재가: $87490.00, 미실현PnL: $-190.08
2026-01-26 12:15:54,427 - INFO - [지표] ADX=nan, Bull=nan, Bear=nan
2026-01-26 12:20:54,467 - INFO - [상태] 포지션: SHORT, 진입가: $86808.70, 현재가: $87467.30, 미실현PnL: $-183.75
2026-01-26 12:20:54,467 - INFO - [지표] ADX=nan, Bull=nan, Bear=nan
2026-01-26 12:25:54,507 - INFO - [상태] 포지션: SHORT, 진입가: $86808.70, 현재가: $87430.40, 미실현PnL: $-173.45
2026-01-26 12:25:54,507 - INFO - [지표] ADX=nan, Bull=nan, Bear=nan
2026-01-26 12:30:00,274 - INFO - [EMA] 증분계산: prev=87209.57, close=87400.3, new=87224.24
2026-01-26 12:30:00,281 - INFO - 15m | 03:15 | O:87523.0 H:87552.7 L:87388.2 C:87400.3
2026-01-26 12:30:00,281 - INFO - 지표: ADX=28.8, ATR=338.5, Bull=False, Bear=True
2026-01-26 12:30:54,549 - INFO - [상태] 포지션: SHORT, 진입가: $86808.70, 현재가: $87358.40, 미실현PnL: $-153.37
2026-01-26 12:30:54,550 - INFO - [지표] ADX=nan, Bull=nan, Bear=nan
2026-01-26 12:35:54,589 - INFO - [상태] 포지션: SHORT, 진입가: $86808.70, 현재가: $87300.00, 미실현PnL: $-137.07
2026-01-26 12:35:54,589 - INFO - [지표] ADX=nan, Bull=nan, Bear=nan
2026-01-26 12:40:54,632 - INFO - [상태] 포지션: SHORT, 진입가: $86808.70, 현재가: $87311.00, 미실현PnL: $-140.14
2026-01-26 12:40:54,633 - INFO - [지표] ADX=nan, Bull=nan, Bear=nan
2026-01-26 12:45:00,486 - INFO - [EMA] 증분계산: prev=87224.24, close=87311.7, new=87230.97
2026-01-26 12:45:00,495 - INFO - 15m | 03:30 | O:87400.3 H:87429.3 L:87242.6 C:87311.7
2026-01-26 12:45:00,495 - INFO - 지표: ADX=26.9, ATR=323.3, Bull=False, Bear=True
2026-01-26 12:45:54,685 - INFO - [상태] 포지션: SHORT, 진입가: $86808.70, 현재가: $87315.50, 미실현PnL: $-141.40
2026-01-26 12:45:54,685 - INFO - [지표] ADX=nan, Bull=nan, Bear=nan
2026-01-26 12:50:54,726 - INFO - [상태] 포지션: SHORT, 진입가: $86808.70, 현재가: $87255.30, 미실현PnL: $-124.60
2026-01-26 12:50:54,727 - INFO - [지표] ADX=nan, Bull=nan, Bear=nan
2026-01-26 12:55:54,769 - INFO - [상태] 포지션: SHORT, 진입가: $86808.70, 현재가: $87055.20, 미실현PnL: $-68.77
2026-01-26 12:55:54,769 - INFO - [지표] ADX=nan, Bull=nan, Bear=nan
2026-01-26 13:00:00,089 - INFO - [EMA] 증분계산: prev=87230.97, close=87233.1, new=87231.13
2026-01-26 13:00:00,095 - INFO - 15m | 03:45 | O:87311.8 H:87331.4 L:87028.5 C:87233.1
2026-01-26 13:00:00,095 - INFO - 지표: ADX=25.6, ATR=321.2, Bull=False, Bear=True
2026-01-26 13:00:54,810 - INFO - [상태] 포지션: SHORT, 진입가: $86808.70, 현재가: $87269.10, 미실현PnL: $-128.45
2026-01-26 13:00:54,811 - INFO - [지표] ADX=nan, Bull=nan, Bear=nan
2026-01-26 13:05:54,852 - INFO - [상태] 포지션: SHORT, 진입가: $86808.70, 현재가: $87269.30, 미실현PnL: $-128.51
2026-01-26 13:05:54,852 - INFO - [지표] ADX=nan, Bull=nan, Bear=nan
2026-01-26 13:10:54,892 - INFO - [상태] 포지션: SHORT, 진입가: $86808.70, 현재가: $87449.90, 미실현PnL: $-178.89
2026-01-26 13:10:54,892 - INFO - [지표] ADX=nan, Bull=nan, Bear=nan
2026-01-26 13:15:00,054 - INFO - [EMA] 증분계산: prev=87231.13, close=87411.6, new=87245.01
2026-01-26 13:15:00,064 - INFO - 15m | 04:00 | O:87233.1 H:87490.0 L:87188.3 C:87411.6
2026-01-26 13:15:00,064 - INFO - 지표: ADX=23.8, ATR=319.3, Bull=False, Bear=True
2026-01-26 13:15:54,932 - INFO - [상태] 포지션: SHORT, 진입가: $86808.70, 현재가: $87420.20, 미실현PnL: $-170.61
2026-01-26 13:15:54,933 - INFO - [지표] ADX=nan, Bull=nan, Bear=nan
2026-01-26 13:20:54,971 - INFO - [상태] 포지션: SHORT, 진입가: $86808.70, 현재가: $87591.70, 미실현PnL: $-218.46
2026-01-26 13:20:54,972 - INFO - [지표] ADX=nan, Bull=nan, Bear=nan
2026-01-26 13:25:55,012 - INFO - [상태] 포지션: SHORT, 진입가: $86808.70, 현재가: $87788.00, 미실현PnL: $-273.22
2026-01-26 13:25:55,012 - INFO - [지표] ADX=nan, Bull=nan, Bear=nan
2026-01-26 13:30:00,337 - INFO - [EMA] 증분계산: prev=87245.01, close=87809.9, new=87288.47
2026-01-26 13:30:00,344 - INFO - 15m | 04:15 | O:87411.6 H:87820.7 L:87410.8 C:87809.9
2026-01-26 13:30:00,344 - INFO - 지표: ADX=23.2, ATR=328.3, Bull=False, Bear=True
2026-01-26 13:30:55,055 - INFO - [상태] 포지션: SHORT, 진입가: $86808.70, 현재가: $87889.60, 미실현PnL: $-301.57
2026-01-26 13:30:55,056 - INFO - [지표] ADX=nan, Bull=nan, Bear=nan
2026-01-26 13:35:55,097 - INFO - [상태] 포지션: SHORT, 진입가: $86808.70, 현재가: $87861.50, 미실현PnL: $-293.73
2026-01-26 13:35:55,097 - INFO - [지표] ADX=nan, Bull=nan, Bear=nan
2026-01-26 13:40:55,138 - INFO - [상태] 포지션: SHORT, 진입가: $86808.70, 현재가: $87776.30, 미실현PnL: $-269.96
2026-01-26 13:40:55,138 - INFO - [지표] ADX=nan, Bull=nan, Bear=nan
2026-01-26 13:45:00,121 - INFO - [EMA] 증분계산: prev=87288.47, close=87722.5, new=87321.85
2026-01-26 13:45:00,128 - INFO - 15m | 04:30 | O:87810.0 H:87908.4 L:87704.2 C:87722.5
2026-01-26 13:45:00,128 - INFO - 지표: ADX=22.8, ATR=315.9, Bull=False, Bear=True
2026-01-26 13:45:55,180 - INFO - [상태] 포지션: SHORT, 진입가: $86808.70, 현재가: $87749.10, 미실현PnL: $-262.37
2026-01-26 13:45:55,180 - INFO - [지표] ADX=nan, Bull=nan, Bear=nan
2026-01-26 13:50:55,222 - INFO - [상태] 포지션: SHORT, 진입가: $86808.70, 현재가: $87723.20, 미실현PnL: $-255.15
2026-01-26 13:50:55,223 - INFO - [지표] ADX=nan, Bull=nan, Bear=nan
2026-01-26 13:55:55,264 - INFO - [상태] 포지션: SHORT, 진입가: $86808.70, 현재가: $87775.80, 미실현PnL: $-269.82
2026-01-26 13:55:55,265 - INFO - [지표] ADX=nan, Bull=nan, Bear=nan
2026-01-26 14:00:00,374 - INFO - [EMA] 증분계산: prev=87321.85, close=87700.0, new=87350.94
2026-01-26 14:00:00,384 - INFO - 15m | 04:45 | O:87722.4 H:87815.2 L:87660.4 C:87700.0
2026-01-26 14:00:00,384 - INFO - 지표: ADX=22.3, ATR=299.8, Bull=False, Bear=True
2026-01-26 14:00:55,307 - INFO - [상태] 포지션: SHORT, 진입가: $86808.70, 현재가: $87720.50, 미실현PnL: $-254.39
2026-01-26 14:00:55,308 - INFO - [지표] ADX=nan, Bull=nan, Bear=nan
2026-01-26 14:05:55,350 - INFO - [상태] 포지션: SHORT, 진입가: $86808.70, 현재가: $87668.10, 미실현PnL: $-239.77
2026-01-26 14:05:55,350 - INFO - [지표] ADX=nan, Bull=nan, Bear=nan
2026-01-26 14:10:55,391 - INFO - [상태] 포지션: SHORT, 진입가: $86808.70, 현재가: $87673.90, 미실현PnL: $-241.39
2026-01-26 14:10:55,391 - INFO - [지표] ADX=nan, Bull=nan, Bear=nan
2026-01-26 14:15:00,040 - INFO - [EMA] 증분계산: prev=87350.94, close=87651.4, new=87374.05
2026-01-26 14:15:00,050 - INFO - 15m | 05:00 | O:87699.9 H:87769.6 L:87617.1 C:87651.4
2026-01-26 14:15:00,050 - INFO - 지표: ADX=21.7, ATR=285.1, Bull=False, Bear=True
2026-01-26 14:15:55,432 - INFO - [상태] 포지션: SHORT, 진입가: $86808.70, 현재가: $87693.20, 미실현PnL: $-246.78
2026-01-26 14:15:55,433 - INFO - [지표] ADX=nan, Bull=nan, Bear=nan
2026-01-26 14:20:55,473 - INFO - [상태] 포지션: SHORT, 진입가: $86808.70, 현재가: $87769.60, 미실현PnL: $-268.09
2026-01-26 14:20:55,474 - INFO - [지표] ADX=nan, Bull=nan, Bear=nan
2026-01-26 14:25:55,514 - INFO - [상태] 포지션: SHORT, 진입가: $86808.70, 현재가: $87776.90, 미실현PnL: $-270.13
2026-01-26 14:25:55,514 - INFO - [지표] ADX=nan, Bull=nan, Bear=nan
2026-01-26 14:30:00,487 - INFO - [EMA] 증분계산: prev=87374.05, close=87814.3, new=87407.92
2026-01-26 14:30:00,493 - INFO - 15m | 05:15 | O:87651.5 H:87821.3 L:87644.0 C:87814.3
2026-01-26 14:30:00,493 - INFO - 지표: ADX=21.2, ATR=274.3, Bull=False, Bear=True
2026-01-26 14:30:55,556 - INFO - [상태] 포지션: SHORT, 진입가: $86808.70, 현재가: $87797.70, 미실현PnL: $-275.93
2026-01-26 14:30:55,557 - INFO - [지표] ADX=nan, Bull=nan, Bear=nan
2026-01-26 14:35:55,597 - INFO - [상태] 포지션: SHORT, 진입가: $86808.70, 현재가: $87869.30, 미실현PnL: $-295.91
2026-01-26 14:35:55,597 - INFO - [지표] ADX=nan, Bull=nan, Bear=nan
2026-01-26 14:40:55,640 - INFO - [상태] 포지션: SHORT, 진입가: $86808.70, 현재가: $87739.50, 미실현PnL: $-259.69
2026-01-26 14:40:55,640 - INFO - [지표] ADX=nan, Bull=nan, Bear=nan
2026-01-26 14:45:00,268 - INFO - [EMA] 증분계산: prev=87407.92, close=87789.0, new=87437.23
2026-01-26 14:45:00,274 - INFO - 15m | 05:30 | O:87814.4 H:87869.4 L:87707.0 C:87789.0
2026-01-26 14:45:00,274 - INFO - 지표: ADX=21.0, ATR=263.1, Bull=False, Bear=True
2026-01-26 14:45:55,681 - INFO - [상태] 포지션: SHORT, 진입가: $86808.70, 현재가: $87775.00, 미실현PnL: $-269.60
2026-01-26 14:45:55,681 - INFO - [지표] ADX=nan, Bull=nan, Bear=nan
2026-01-26 14:50:55,723 - INFO - [상태] 포지션: SHORT, 진입가: $86808.70, 현재가: $87820.00, 미실현PnL: $-282.15
2026-01-26 14:50:55,723 - INFO - [지표] ADX=nan, Bull=nan, Bear=nan
2026-01-26 14:55:55,764 - INFO - [상태] 포지션: SHORT, 진입가: $86808.70, 현재가: $87853.20, 미실현PnL: $-291.42
2026-01-26 14:55:55,764 - INFO - [지표] ADX=nan, Bull=nan, Bear=nan
2026-01-26 15:00:00,239 - INFO - [EMA] 증분계산: prev=87437.23, close=87776.4, new=87463.32
2026-01-26 15:00:00,245 - INFO - 15m | 05:45 | O:87789.0 H:87919.0 L:87720.5 C:87776.4
2026-01-26 15:00:00,245 - INFO - 지표: ADX=20.9, ATR=256.7, Bull=False, Bear=True
2026-01-26 15:00:55,804 - INFO - [상태] 포지션: SHORT, 진입가: $86808.70, 현재가: $87765.10, 미실현PnL: $-266.84
2026-01-26 15:00:55,805 - INFO - [지표] ADX=nan, Bull=nan, Bear=nan
2026-01-26 15:05:55,846 - INFO - [상태] 포지션: SHORT, 진입가: $86808.70, 현재가: $87774.30, 미실현PnL: $-269.40
2026-01-26 15:05:55,847 - INFO - [지표] ADX=nan, Bull=nan, Bear=nan
2026-01-26 15:10:55,888 - INFO - [상태] 포지션: SHORT, 진입가: $86808.70, 현재가: $87767.20, 미실현PnL: $-267.42
2026-01-26 15:10:55,888 - INFO - [지표] ADX=nan, Bull=nan, Bear=nan
2026-01-26 15:15:00,048 - INFO - [EMA] 증분계산: prev=87463.32, close=87708.8, new=87482.21
2026-01-26 15:15:00,057 - INFO - 15m | 06:00 | O:87776.5 H:87874.1 L:87705.8 C:87708.8
2026-01-26 15:15:00,057 - INFO - 지표: ADX=20.8, ATR=247.8, Bull=False, Bear=True
2026-01-26 15:15:55,928 - INFO - [상태] 포지션: SHORT, 진입가: $86808.70, 현재가: $87709.90, 미실현PnL: $-251.43
2026-01-26 15:15:55,928 - INFO - [지표] ADX=nan, Bull=nan, Bear=nan
2026-01-26 15:20:55,969 - INFO - [상태] 포지션: SHORT, 진입가: $86808.70, 현재가: $87874.20, 미실현PnL: $-297.27
2026-01-26 15:20:55,970 - INFO - [지표] ADX=nan, Bull=nan, Bear=nan
2026-01-26 15:25:56,012 - INFO - [상태] 포지션: SHORT, 진입가: $86808.70, 현재가: $87861.50, 미실현PnL: $-293.73
2026-01-26 15:25:56,012 - INFO - [지표] ADX=nan, Bull=nan, Bear=nan
2026-01-26 15:30:00,120 - INFO - [EMA] 증분계산: prev=87482.21, close=87892.0, new=87513.73
2026-01-26 15:30:00,127 - INFO - 15m | 06:15 | O:87708.7 H:87947.3 L:87708.7 C:87892.0
2026-01-26 15:30:00,127 - INFO - 지표: ADX=21.0, ATR=246.9, Bull=False, Bear=True
2026-01-26 15:30:56,056 - INFO - [상태] 포지션: SHORT, 진입가: $86808.70, 현재가: $87933.80, 미실현PnL: $-313.90
2026-01-26 15:30:56,056 - INFO - [지표] ADX=nan, Bull=nan, Bear=nan
2026-01-26 15:35:56,100 - INFO - [상태] 포지션: SHORT, 진입가: $86808.70, 현재가: $87858.70, 미실현PnL: $-292.95
2026-01-26 15:35:56,100 - INFO - [지표] ADX=nan, Bull=nan, Bear=nan
2026-01-26 15:40:56,142 - INFO - [상태] 포지션: SHORT, 진입가: $86808.70, 현재가: $87835.50, 미실현PnL: $-286.48
2026-01-26 15:40:56,143 - INFO - [지표] ADX=nan, Bull=nan, Bear=nan
2026-01-26 15:45:00,191 - INFO - [EMA] 증분계산: prev=87513.73, close=87927.3, new=87545.54
2026-01-26 15:45:00,197 - INFO - 15m | 06:30 | O:87892.0 H:87942.0 L:87793.1 C:87927.3
2026-01-26 15:45:00,197 - INFO - 지표: ADX=21.1, ATR=237.1, Bull=False, Bear=True
2026-01-26 15:45:56,188 - INFO - [상태] 포지션: SHORT, 진입가: $86808.70, 현재가: $87914.50, 미실현PnL: $-308.52
2026-01-26 15:45:56,188 - INFO - [지표] ADX=nan, Bull=nan, Bear=nan
2026-01-26 15:50:23,266 - WARNING - [LIVE] SL 체결 감지: $87985.40
2026-01-26 15:50:23,266 - WARNING - [LIVE] SL 청산: PnL=$-328.30, 수수료=$24.3838, 순익=$-352.68
2026-01-26 15:50:23,266 - WARNING - [LIVE] 자본금 업데이트: $5887.27 → $5534.59
2026-01-26 15:50:23,308 - INFO - 모든 대기 주문 취소 완료
2026-01-26 15:50:23,861 - WARNING - [자본금 동기화] 로컬: $5534.59 → 사용가능: $5571.21 (실제 잔고 $6190.24의 90%)
2026-01-26 15:50:23,861 - INFO - 거래 기록 저장: SL @ $87985.40
2026-01-26 15:50:56,189 - INFO - [상태] 포지션 없음, 자본금: $5571.21
2026-01-26 15:50:56,190 - INFO - [지표] ADX=nan, Bull=nan, Bear=nan
2026-01-26 15:55:56,191 - INFO - [상태] 포지션 없음, 자본금: $5571.21
2026-01-26 15:55:56,191 - INFO - [지표] ADX=nan, Bull=nan, Bear=nan
2026-01-26 16:00:00,288 - INFO - [EMA] 증분계산: prev=87545.54, close=87902.6, new=87573.01
2026-01-26 16:00:00,295 - INFO - 15m | 06:45 | O:87927.2 H:87999.0 L:87755.0 C:87902.6
2026-01-26 16:00:00,295 - INFO - 지표: ADX=21.5, ATR=237.8, Bull=False, Bear=True
2026-01-26 16:00:56,192 - INFO - [상태] 포지션 없음, 자본금: $5571.21
2026-01-26 16:00:56,193 - INFO - [지표] ADX=nan, Bull=nan, Bear=nan
2026-01-26 16:05:56,193 - INFO - [상태] 포지션 없음, 자본금: $5571.21
2026-01-26 16:05:56,194 - INFO - [지표] ADX=nan, Bull=nan, Bear=nan
2026-01-26 16:10:56,195 - INFO - [상태] 포지션 없음, 자본금: $5571.21
2026-01-26 16:10:56,195 - INFO - [지표] ADX=nan, Bull=nan, Bear=nan
2026-01-26 16:15:00,061 - INFO - [EMA] 증분계산: prev=87573.01, close=87978.8, new=87604.22
2026-01-26 16:15:00,070 - INFO - 15m | 07:00 | O:87902.7 H:87978.8 L:87795.8 C:87978.8
2026-01-26 16:15:00,070 - INFO - 지표: ADX=21.8, ATR=232.3, Bull=False, Bear=True
2026-01-26 16:15:56,197 - INFO - [상태] 포지션 없음, 자본금: $5571.21
2026-01-26 16:15:56,197 - INFO - [지표] ADX=nan, Bull=nan, Bear=nan
2026-01-26 16:20:56,198 - INFO - [상태] 포지션 없음, 자본금: $5571.21
2026-01-26 16:20:56,198 - INFO - [지표] ADX=nan, Bull=nan, Bear=nan
2026-01-26 16:25:56,199 - INFO - [상태] 포지션 없음, 자본금: $5571.21
2026-01-26 16:25:56,199 - INFO - [지표] ADX=nan, Bull=nan, Bear=nan
2026-01-26 16:30:00,267 - INFO - [EMA] 증분계산: prev=87604.22, close=87755.2, new=87615.84
2026-01-26 16:30:00,276 - INFO - 15m | 07:15 | O:87978.7 H:88059.6 L:87730.3 C:87755.2
2026-01-26 16:30:00,276 - INFO - 지표: ADX=22.5, ATR=242.0, Bull=False, Bear=True
2026-01-26 16:30:56,201 - INFO - [상태] 포지션 없음, 자본금: $5571.21
2026-01-26 16:30:56,201 - INFO - [지표] ADX=nan, Bull=nan, Bear=nan
2026-01-26 16:35:56,203 - INFO - [상태] 포지션 없음, 자본금: $5571.21
2026-01-26 16:35:56,203 - INFO - [지표] ADX=nan, Bull=nan, Bear=nan
2026-01-26 16:40:56,204 - INFO - [상태] 포지션 없음, 자본금: $5571.21
2026-01-26 16:40:56,205 - INFO - [지표] ADX=nan, Bull=nan, Bear=nan
2026-01-26 16:45:00,258 - INFO - [EMA] 증분계산: prev=87615.84, close=87887.7, new=87636.75
2026-01-26 16:45:00,267 - INFO - 15m | 07:30 | O:87755.2 H:87990.4 L:87665.6 C:87887.7
2026-01-26 16:45:00,267 - INFO - 지표: ADX=22.6, ATR=250.3, Bull=False, Bear=True
2026-01-26 16:45:56,206 - INFO - [상태] 포지션 없음, 자본금: $5571.21
2026-01-26 16:45:56,206 - INFO - [지표] ADX=nan, Bull=nan, Bear=nan
2026-01-26 16:50:56,208 - INFO - [상태] 포지션 없음, 자본금: $5571.21
2026-01-26 16:50:56,209 - INFO - [지표] ADX=nan, Bull=nan, Bear=nan
2026-01-26 16:55:56,210 - INFO - [상태] 포지션 없음, 자본금: $5571.21
2026-01-26 16:55:56,210 - INFO - [지표] ADX=nan, Bull=nan, Bear=nan
2026-01-26 17:00:00,150 - INFO - [EMA] 증분계산: prev=87636.75, close=87968.9, new=87662.30
2026-01-26 17:00:00,156 - INFO - 15m | 07:45 | O:87887.6 H:88016.2 L:87825.8 C:87968.9
2026-01-26 17:00:00,156 - INFO - 지표: ADX=22.8, ATR=244.3, Bull=False, Bear=True
2026-01-26 17:00:56,211 - INFO - [상태] 포지션 없음, 자본금: $5571.21
2026-01-26 17:00:56,211 - INFO - [지표] ADX=nan, Bull=nan, Bear=nan
2026-01-26 17:05:56,212 - INFO - [상태] 포지션 없음, 자본금: $5571.21
2026-01-26 17:05:56,213 - INFO - [지표] ADX=nan, Bull=nan, Bear=nan
2026-01-26 17:10:56,213 - INFO - [상태] 포지션 없음, 자본금: $5571.21
2026-01-26 17:10:56,214 - INFO - [지표] ADX=nan, Bull=nan, Bear=nan
2026-01-26 17:15:00,061 - INFO - [EMA] 증분계산: prev=87662.30, close=87879.9, new=87679.04
2026-01-26 17:15:00,070 - INFO - 15m | 08:00 | O:87969.0 H:88142.4 L:87863.6 C:87879.9
2026-01-26 17:15:00,070 - INFO - 지표: ADX=23.6, ATR=247.7, Bull=False, Bear=True
2026-01-26 17:15:56,215 - INFO - [상태] 포지션 없음, 자본금: $5571.21
2026-01-26 17:15:56,215 - INFO - [지표] ADX=nan, Bull=nan, Bear=nan
2026-01-26 17:20:56,216 - INFO - [상태] 포지션 없음, 자본금: $5571.21
2026-01-26 17:20:56,216 - INFO - [지표] ADX=nan, Bull=nan, Bear=nan
2026-01-26 17:25:56,217 - INFO - [상태] 포지션 없음, 자본금: $5571.21
2026-01-26 17:25:56,217 - INFO - [지표] ADX=nan, Bull=nan, Bear=nan
2026-01-26 17:30:00,041 - INFO - [EMA] 증분계산: prev=87679.04, close=88155.8, new=87715.71
2026-01-26 17:30:00,050 - INFO - 15m | 08:15 | O:87880.0 H:88367.5 L:87800.0 C:88155.8
2026-01-26 17:30:00,050 - INFO - 지표: ADX=25.1, ATR=279.7, Bull=False, Bear=True
2026-01-26 17:30:56,219 - INFO - [상태] 포지션 없음, 자본금: $5571.21
2026-01-26 17:30:56,220 - INFO - [지표] ADX=nan, Bull=nan, Bear=nan
2026-01-26 17:35:56,220 - INFO - [상태] 포지션 없음, 자본금: $5571.21
2026-01-26 17:35:56,221 - INFO - [지표] ADX=nan, Bull=nan, Bear=nan
2026-01-26 17:40:56,222 - INFO - [상태] 포지션 없음, 자본금: $5571.21
2026-01-26 17:40:56,222 - INFO - [지표] ADX=nan, Bull=nan, Bear=nan
2026-01-26 17:45:00,106 - INFO - [EMA] 증분계산: prev=87715.71, close=88014.7, new=87738.71
2026-01-26 17:45:00,116 - INFO - 15m | 08:30 | O:88155.8 H:88185.9 L:87991.9 C:88014.7
2026-01-26 17:45:00,116 - INFO - 지표: ADX=26.5, ATR=271.2, Bull=False, Bear=True
2026-01-26 17:45:56,224 - INFO - [상태] 포지션 없음, 자본금: $5571.21
2026-01-26 17:45:56,224 - INFO - [지표] ADX=nan, Bull=nan, Bear=nan
2026-01-26 17:50:56,225 - INFO - [상태] 포지션 없음, 자본금: $5571.21
2026-01-26 17:50:56,226 - INFO - [지표] ADX=nan, Bull=nan, Bear=nan
2026-01-26 17:55:56,226 - INFO - [상태] 포지션 없음, 자본금: $5571.21
2026-01-26 17:55:56,227 - INFO - [지표] ADX=nan, Bull=nan, Bear=nan
2026-01-26 18:00:00,056 - INFO - [EMA] 증분계산: prev=87738.71, close=87947.3, new=87754.76
2026-01-26 18:00:00,066 - INFO - 15m | 08:45 | O:88014.6 H:88058.3 L:87933.5 C:87947.3
2026-01-26 18:00:00,066 - INFO - 지표: ADX=27.3, ATR=256.5, Bull=False, Bear=True
2026-01-26 18:00:56,227 - INFO - [상태] 포지션 없음, 자본금: $5571.21
2026-01-26 18:00:56,228 - INFO - [지표] ADX=nan, Bull=nan, Bear=nan
2026-01-26 18:05:56,229 - INFO - [상태] 포지션 없음, 자본금: $5571.21
2026-01-26 18:05:56,229 - INFO - [지표] ADX=nan, Bull=nan, Bear=nan
2026-01-26 18:10:56,229 - INFO - [상태] 포지션 없음, 자본금: $5571.21
2026-01-26 18:10:56,230 - INFO - [지표] ADX=nan, Bull=nan, Bear=nan
2026-01-26 18:15:00,671 - INFO - [EMA] 증분계산: prev=87754.76, close=87797.7, new=87758.06
2026-01-26 18:15:00,677 - INFO - 15m | 09:00 | O:87947.4 H:87968.4 L:87704.9 C:87797.7
2026-01-26 18:15:00,678 - INFO - 지표: ADX=26.4, ATR=257.2, Bull=False, Bear=True
2026-01-26 18:15:56,231 - INFO - [상태] 포지션 없음, 자본금: $5571.21
2026-01-26 18:15:56,231 - INFO - [지표] ADX=nan, Bull=nan, Bear=nan
2026-01-26 18:20:56,232 - INFO - [상태] 포지션 없음, 자본금: $5571.21
2026-01-26 18:20:56,233 - INFO - [지표] ADX=nan, Bull=nan, Bear=nan
2026-01-26 18:25:56,233 - INFO - [상태] 포지션 없음, 자본금: $5571.21
2026-01-26 18:25:56,234 - INFO - [지표] ADX=nan, Bull=nan, Bear=nan
2026-01-26 18:30:00,324 - INFO - [EMA] 증분계산: prev=87758.06, close=87760.1, new=87758.22
2026-01-26 18:30:00,331 - INFO - 15m | 09:15 | O:87797.7 H:87819.9 L:87682.5 C:87760.1
2026-01-26 18:30:00,331 - INFO - 지표: ADX=25.4, ATR=245.2, Bull=False, Bear=True
2026-01-26 18:30:56,236 - INFO - [상태] 포지션 없음, 자본금: $5571.21
2026-01-26 18:30:56,236 - INFO - [지표] ADX=nan, Bull=nan, Bear=nan
2026-01-26 18:35:56,238 - INFO - [상태] 포지션 없음, 자본금: $5571.21
2026-01-26 18:35:56,238 - INFO - [지표] ADX=nan, Bull=nan, Bear=nan
2026-01-26 18:40:56,240 - INFO - [상태] 포지션 없음, 자본금: $5571.21
2026-01-26 18:40:56,241 - INFO - [지표] ADX=nan, Bull=nan, Bear=nan
2026-01-26 18:45:00,250 - INFO - [EMA] 증분계산: prev=87758.22, close=87726.8, new=87755.80
2026-01-26 18:45:00,257 - INFO - 15m | 09:30 | O:87760.1 H:87778.4 L:87633.3 C:87726.8
2026-01-26 18:45:00,257 - INFO - 지표: ADX=24.2, ATR=235.2, Bull=False, Bear=True
2026-01-26 18:45:56,242 - INFO - [상태] 포지션 없음, 자본금: $5571.21
2026-01-26 18:45:56,242 - INFO - [지표] ADX=nan, Bull=nan, Bear=nan
2026-01-26 18:50:56,243 - INFO - [상태] 포지션 없음, 자본금: $5571.21
2026-01-26 18:50:56,243 - INFO - [지표] ADX=nan, Bull=nan, Bear=nan
2026-01-26 18:55:56,244 - INFO - [상태] 포지션 없음, 자본금: $5571.21
2026-01-26 18:55:56,245 - INFO - [지표] ADX=nan, Bull=nan, Bear=nan
2026-01-26 19:00:00,320 - INFO - [EMA] 증분계산: prev=87755.80, close=87630.4, new=87746.15
2026-01-26 19:00:00,330 - INFO - 15m | 09:45 | O:87726.8 H:87774.7 L:87556.9 C:87630.4
2026-01-26 19:00:00,330 - INFO - 지표: ADX=22.6, ATR=233.5, Bull=False, Bear=True
2026-01-26 19:00:56,245 - INFO - [상태] 포지션 없음, 자본금: $5571.21
2026-01-26 19:00:56,246 - INFO - [지표] ADX=nan, Bull=nan, Bear=nan
2026-01-26 19:05:56,246 - INFO - [상태] 포지션 없음, 자본금: $5571.21
2026-01-26 19:05:56,246 - INFO - [지표] ADX=nan, Bull=nan, Bear=nan
2026-01-26 19:10:56,249 - INFO - [상태] 포지션 없음, 자본금: $5571.21
2026-01-26 19:10:56,249 - INFO - [지표] ADX=nan, Bull=nan, Bear=nan
2026-01-26 19:15:00,214 - INFO - [EMA] 증분계산: prev=87746.15, close=87801.0, new=87750.37
2026-01-26 19:15:00,220 - INFO - 15m | 10:00 | O:87630.4 H:87882.6 L:87620.0 C:87801.0
2026-01-26 19:15:00,220 - INFO - 지표: ADX=21.7, ATR=236.4, Bull=False, Bear=True
2026-01-26 19:15:56,250 - INFO - [상태] 포지션 없음, 자본금: $5571.21
2026-01-26 19:15:56,250 - INFO - [지표] ADX=nan, Bull=nan, Bear=nan
2026-01-26 19:20:56,252 - INFO - [상태] 포지션 없음, 자본금: $5571.21
2026-01-26 19:20:56,253 - INFO - [지표] ADX=nan, Bull=nan, Bear=nan
2026-01-26 19:25:56,254 - INFO - [상태] 포지션 없음, 자본금: $5571.21
2026-01-26 19:25:56,254 - INFO - [지표] ADX=nan, Bull=nan, Bear=nan
2026-01-26 19:30:00,173 - INFO - [EMA] 증분계산: prev=87750.37, close=87868.9, new=87759.49
2026-01-26 19:30:00,179 - INFO - 15m | 10:15 | O:87801.0 H:87896.5 L:87752.9 C:87868.9
2026-01-26 19:30:00,180 - INFO - 지표: ADX=20.9, ATR=227.1, Bull=False, Bear=True
2026-01-26 19:30:56,255 - INFO - [상태] 포지션 없음, 자본금: $5571.21
2026-01-26 19:30:56,256 - INFO - [지표] ADX=nan, Bull=nan, Bear=nan
2026-01-26 19:35:56,257 - INFO - [상태] 포지션 없음, 자본금: $5571.21
2026-01-26 19:35:56,257 - INFO - [지표] ADX=nan, Bull=nan, Bear=nan
2026-01-26 19:40:56,258 - INFO - [상태] 포지션 없음, 자본금: $5571.21
2026-01-26 19:40:56,258 - INFO - [지표] ADX=nan, Bull=nan, Bear=nan
2026-01-26 19:45:00,291 - INFO - [EMA] 증분계산: prev=87759.49, close=87850.7, new=87766.51
2026-01-26 19:45:00,298 - INFO - 15m | 10:30 | O:87868.9 H:87920.0 L:87812.4 C:87850.7
2026-01-26 19:45:00,298 - INFO - 지표: ADX=20.3, ATR=215.2, Bull=False, Bear=True
2026-01-26 19:45:56,259 - INFO - [상태] 포지션 없음, 자본금: $5571.21
2026-01-26 19:45:56,260 - INFO - [지표] ADX=nan, Bull=nan, Bear=nan
2026-01-26 19:50:56,261 - INFO - [상태] 포지션 없음, 자본금: $5571.21
2026-01-26 19:50:56,262 - INFO - [지표] ADX=nan, Bull=nan, Bear=nan
2026-01-26 19:55:56,263 - INFO - [상태] 포지션 없음, 자본금: $5571.21
2026-01-26 19:55:56,263 - INFO - [지표] ADX=nan, Bull=nan, Bear=nan
2026-01-26 20:00:00,085 - INFO - [EMA] 증분계산: prev=87766.51, close=87858.1, new=87773.55
2026-01-26 20:00:00,095 - INFO - 15m | 10:45 | O:87850.7 H:87917.6 L:87850.7 C:87858.1
2026-01-26 20:00:00,095 - INFO - 지표: ADX=19.8, ATR=200.3, Bull=False, Bear=True
2026-01-26 20:00:56,265 - INFO - [상태] 포지션 없음, 자본금: $5571.21
2026-01-26 20:00:56,265 - INFO - [지표] ADX=nan, Bull=nan, Bear=nan
2026-01-26 20:05:56,266 - INFO - [상태] 포지션 없음, 자본금: $5571.21
2026-01-26 20:05:56,266 - INFO - [지표] ADX=nan, Bull=nan, Bear=nan
2026-01-26 20:10:56,268 - INFO - [상태] 포지션 없음, 자본금: $5571.21
2026-01-26 20:10:56,269 - INFO - [지표] ADX=nan, Bull=nan, Bear=nan
2026-01-26 20:15:00,555 - INFO - [EMA] 증분계산: prev=87773.55, close=87934.1, new=87785.90
2026-01-26 20:15:00,562 - INFO - 15m | 11:00 | O:87858.0 H:87942.0 L:87858.0 C:87934.1
2026-01-26 20:15:00,562 - INFO - 지표: ADX=19.5, ATR=188.7, Bull=False, Bear=True
2026-01-26 20:15:56,270 - INFO - [상태] 포지션 없음, 자본금: $5571.21
2026-01-26 20:15:56,271 - INFO - [지표] ADX=nan, Bull=nan, Bear=nan
2026-01-26 20:20:56,273 - INFO - [상태] 포지션 없음, 자본금: $5571.21
2026-01-26 20:20:56,273 - INFO - [지표] ADX=nan, Bull=nan, Bear=nan
2026-01-26 20:25:56,275 - INFO - [상태] 포지션 없음, 자본금: $5571.21
2026-01-26 20:25:56,275 - INFO - [지표] ADX=nan, Bull=nan, Bear=nan
2026-01-26 20:30:00,171 - INFO - [EMA] 증분계산: prev=87785.90, close=87751.7, new=87783.27
2026-01-26 20:30:00,178 - INFO - 15m | 11:15 | O:87934.2 H:87943.8 L:87744.3 C:87751.7
2026-01-26 20:30:00,178 - INFO - 지표: ADX=18.3, ATR=189.8, Bull=False, Bear=True
2026-01-26 20:30:56,276 - INFO - [상태] 포지션 없음, 자본금: $5571.21
2026-01-26 20:30:56,276 - INFO - [지표] ADX=nan, Bull=nan, Bear=nan
2026-01-26 20:35:56,279 - INFO - [상태] 포지션 없음, 자본금: $5571.21
2026-01-26 20:35:56,279 - INFO - [지표] ADX=nan, Bull=nan, Bear=nan
2026-01-26 20:40:56,280 - INFO - [상태] 포지션 없음, 자본금: $5571.21
2026-01-26 20:40:56,280 - INFO - [지표] ADX=nan, Bull=nan, Bear=nan
2026-01-26 20:45:00,265 - INFO - [EMA] 증분계산: prev=87783.27, close=87810.8, new=87785.39
2026-01-26 20:45:00,274 - INFO - 15m | 11:30 | O:87751.7 H:87846.0 L:87721.2 C:87810.8
2026-01-26 20:45:00,274 - INFO - 지표: ADX=17.0, ATR=183.3, Bull=False, Bear=True
2026-01-26 20:45:56,282 - INFO - [상태] 포지션 없음, 자본금: $5571.21
2026-01-26 20:45:56,282 - INFO - [지표] ADX=nan, Bull=nan, Bear=nan
2026-01-26 20:50:56,283 - INFO - [상태] 포지션 없음, 자본금: $5571.21
2026-01-26 20:50:56,283 - INFO - [지표] ADX=nan, Bull=nan, Bear=nan
2026-01-26 20:55:56,285 - INFO - [상태] 포지션 없음, 자본금: $5571.21
2026-01-26 20:55:56,285 - INFO - [지표] ADX=nan, Bull=nan, Bear=nan
2026-01-26 21:00:01,209 - INFO - [EMA] 증분계산: prev=87785.39, close=87810.0, new=87787.28
2026-01-26 21:00:01,218 - INFO - 15m | 11:45 | O:87810.9 H:87819.9 L:87755.7 C:87810.0
2026-01-26 21:00:01,218 - INFO - 지표: ADX=15.7, ATR=171.4, Bull=False, Bear=True
2026-01-26 21:00:56,286 - INFO - [상태] 포지션 없음, 자본금: $5571.21
2026-01-26 21:00:56,286 - INFO - [지표] ADX=nan, Bull=nan, Bear=nan
2026-01-26 21:05:56,287 - INFO - [상태] 포지션 없음, 자본금: $5571.21
2026-01-26 21:05:56,287 - INFO - [지표] ADX=nan, Bull=nan, Bear=nan
2026-01-26 21:10:56,289 - INFO - [상태] 포지션 없음, 자본금: $5571.21
2026-01-26 21:10:56,289 - INFO - [지표] ADX=nan, Bull=nan, Bear=nan
2026-01-26 21:15:00,593 - INFO - [EMA] 증분계산: prev=87787.28, close=87837.9, new=87791.18
2026-01-26 21:15:00,603 - INFO - 15m | 12:00 | O:87810.1 H:87934.7 L:87700.0 C:87837.9
2026-01-26 21:15:00,603 - INFO - 지표: ADX=15.5, ATR=177.7, Bull=False, Bear=True
2026-01-26 21:15:56,290 - INFO - [상태] 포지션 없음, 자본금: $5571.21
2026-01-26 21:15:56,290 - INFO - [지표] ADX=nan, Bull=nan, Bear=nan
2026-01-26 21:20:56,291 - INFO - [상태] 포지션 없음, 자본금: $5571.21
2026-01-26 21:20:56,291 - INFO - [지표] ADX=nan, Bull=nan, Bear=nan
2026-01-26 21:25:56,292 - INFO - [상태] 포지션 없음, 자본금: $5571.21
2026-01-26 21:25:56,292 - INFO - [지표] ADX=nan, Bull=nan, Bear=nan
2026-01-26 21:30:00,356 - INFO - [EMA] 증분계산: prev=87791.18, close=87843.4, new=87795.19
2026-01-26 21:30:00,366 - INFO - 15m | 12:15 | O:87838.0 H:87900.0 L:87801.2 C:87843.4
2026-01-26 21:30:00,366 - INFO - 지표: ADX=15.2, ATR=169.8, Bull=False, Bear=True
2026-01-26 21:30:56,293 - INFO - [상태] 포지션 없음, 자본금: $5571.21
2026-01-26 21:30:56,293 - INFO - [지표] ADX=nan, Bull=nan, Bear=nan
2026-01-26 21:35:56,294 - INFO - [상태] 포지션 없음, 자본금: $5571.21
2026-01-26 21:35:56,295 - INFO - [지표] ADX=nan, Bull=nan, Bear=nan
2026-01-26 21:40:56,296 - INFO - [상태] 포지션 없음, 자본금: $5571.21
2026-01-26 21:40:56,296 - INFO - [지표] ADX=nan, Bull=nan, Bear=nan
2026-01-26 21:45:00,345 - INFO - [EMA] 증분계산: prev=87795.19, close=87725.7, new=87789.85
2026-01-26 21:45:00,351 - INFO - 15m | 12:30 | O:87843.3 H:87859.7 L:87693.6 C:87725.7
2026-01-26 21:45:00,351 - INFO - 지표: ADX=14.2, ATR=169.4, Bull=False, Bear=True
2026-01-26 21:45:56,296 - INFO - [상태] 포지션 없음, 자본금: $5571.21
2026-01-26 21:45:56,297 - INFO - [지표] ADX=nan, Bull=nan, Bear=nan
2026-01-26 21:50:56,298 - INFO - [상태] 포지션 없음, 자본금: $5571.21
2026-01-26 21:50:56,298 - INFO - [지표] ADX=nan, Bull=nan, Bear=nan
2026-01-26 21:55:56,335 - INFO - [상태] 포지션 없음, 자본금: $5571.21
2026-01-26 21:55:56,335 - INFO - [지표] ADX=nan, Bull=nan, Bear=nan
2026-01-26 22:00:00,431 - INFO - [EMA] 증분계산: prev=87789.85, close=87762.1, new=87787.71
2026-01-26 22:00:00,438 - INFO - 15m | 12:45 | O:87725.7 H:87804.1 L:87725.7 C:87762.1
2026-01-26 22:00:00,438 - INFO - 지표: ADX=13.2, ATR=160.3, Bull=False, Bear=True
2026-01-26 22:00:56,336 - INFO - [상태] 포지션 없음, 자본금: $5571.21
2026-01-26 22:00:56,337 - INFO - [지표] ADX=nan, Bull=nan, Bear=nan
2026-01-26 22:05:56,338 - INFO - [상태] 포지션 없음, 자본금: $5571.21
2026-01-26 22:05:56,338 - INFO - [지표] ADX=nan, Bull=nan, Bear=nan
2026-01-26 22:10:56,339 - INFO - [상태] 포지션 없음, 자본금: $5571.21
2026-01-26 22:10:56,339 - INFO - [지표] ADX=nan, Bull=nan, Bear=nan
2026-01-26 22:15:00,223 - INFO - [EMA] 증분계산: prev=87787.71, close=87799.9, new=87788.65
2026-01-26 22:15:00,230 - INFO - 15m | 13:00 | O:87762.1 H:87832.6 L:87651.4 C:87799.9
2026-01-26 22:15:00,230 - INFO - 지표: ADX=13.0, ATR=162.4, Bull=False, Bear=True
2026-01-26 22:15:56,340 - INFO - [상태] 포지션 없음, 자본금: $5571.21
2026-01-26 22:15:56,340 - INFO - [지표] ADX=nan, Bull=nan, Bear=nan
2026-01-26 22:20:56,341 - INFO - [상태] 포지션 없음, 자본금: $5571.21
2026-01-26 22:20:56,342 - INFO - [지표] ADX=nan, Bull=nan, Bear=nan
2026-01-26 22:25:56,343 - INFO - [상태] 포지션 없음, 자본금: $5571.21
2026-01-26 22:25:56,343 - INFO - [지표] ADX=nan, Bull=nan, Bear=nan
2026-01-26 22:30:00,097 - INFO - [EMA] 증분계산: prev=87788.65, close=87850.0, new=87793.37
2026-01-26 22:30:00,106 - INFO - 15m | 13:15 | O:87800.0 H:87905.7 L:87766.6 C:87850.0
2026-01-26 22:30:00,106 - INFO - 지표: ADX=12.1, ATR=160.1, Bull=False, Bear=True
2026-01-26 22:30:56,345 - INFO - [상태] 포지션 없음, 자본금: $5571.21
2026-01-26 22:30:56,345 - INFO - [지표] ADX=nan, Bull=nan, Bear=nan
2026-01-26 22:35:56,346 - INFO - [상태] 포지션 없음, 자본금: $5571.21
2026-01-26 22:35:56,347 - INFO - [지표] ADX=nan, Bull=nan, Bear=nan
2026-01-26 22:40:56,348 - INFO - [상태] 포지션 없음, 자본금: $5571.21
2026-01-26 22:40:56,348 - INFO - [지표] ADX=nan, Bull=nan, Bear=nan
2026-01-26 22:45:00,139 - INFO - [EMA] 증분계산: prev=87793.37, close=87963.2, new=87806.43
2026-01-26 22:45:00,146 - INFO - 15m | 13:30 | O:87850.1 H:88010.3 L:87832.3 C:87963.2
2026-01-26 22:45:00,146 - INFO - 지표: ADX=12.0, ATR=161.9, Bull=False, Bear=True
2026-01-26 22:45:56,349 - INFO - [상태] 포지션 없음, 자본금: $5571.21
2026-01-26 22:45:56,350 - INFO - [지표] ADX=nan, Bull=nan, Bear=nan
2026-01-26 22:50:56,351 - INFO - [상태] 포지션 없음, 자본금: $5571.21
2026-01-26 22:50:56,352 - INFO - [지표] ADX=nan, Bull=nan, Bear=nan
2026-01-26 22:55:56,352 - INFO - [상태] 포지션 없음, 자본금: $5571.21
2026-01-26 22:55:56,353 - INFO - [지표] ADX=nan, Bull=nan, Bear=nan
2026-01-26 23:00:00,042 - INFO - [EMA] 증분계산: prev=87806.43, close=87917.9, new=87815.01
2026-01-26 23:00:00,051 - INFO - 15m | 13:45 | O:87963.2 H:87974.8 L:87877.0 C:87917.9
2026-01-26 23:00:00,051 - INFO - 지표: ADX=11.9, ATR=155.5, Bull=False, Bear=True
2026-01-26 23:00:56,354 - INFO - [상태] 포지션 없음, 자본금: $5571.21
2026-01-26 23:00:56,354 - INFO - [지표] ADX=nan, Bull=nan, Bear=nan
2026-01-26 23:05:56,355 - INFO - [상태] 포지션 없음, 자본금: $5571.21
2026-01-26 23:05:56,355 - INFO - [지표] ADX=nan, Bull=nan, Bear=nan
2026-01-26 23:10:56,357 - INFO - [상태] 포지션 없음, 자본금: $5571.21
2026-01-26 23:10:56,357 - INFO - [지표] ADX=nan, Bull=nan, Bear=nan
2026-01-26 23:15:00,140 - INFO - [EMA] 증분계산: prev=87815.01, close=87650.7, new=87802.37
2026-01-26 23:15:00,149 - INFO - 15m | 14:00 | O:87917.8 H:87978.0 L:87612.0 C:87650.7
2026-01-26 23:15:00,150 - INFO - 지표: ADX=12.2, ATR=176.5, Bull=False, Bear=True
2026-01-26 23:15:56,358 - INFO - [상태] 포지션 없음, 자본금: $5571.21
2026-01-26 23:15:56,359 - INFO - [지표] ADX=nan, Bull=nan, Bear=nan
2026-01-26 23:20:56,360 - INFO - [상태] 포지션 없음, 자본금: $5571.21
2026-01-26 23:20:56,361 - INFO - [지표] ADX=nan, Bull=nan, Bear=nan
2026-01-26 23:25:56,363 - INFO - [상태] 포지션 없음, 자본금: $5571.21
2026-01-26 23:25:56,363 - INFO - [지표] ADX=nan, Bull=nan, Bear=nan
2026-01-26 23:30:00,297 - INFO - [EMA] 증분계산: prev=87802.37, close=87645.7, new=87790.32
2026-01-26 23:30:00,306 - INFO - 15m | 14:15 | O:87650.7 H:87798.7 L:87599.0 C:87645.7
2026-01-26 23:30:00,306 - INFO - 지표: ADX=12.6, ATR=178.8, Bull=False, Bear=True
2026-01-26 23:30:56,364 - INFO - [상태] 포지션 없음, 자본금: $5571.21
2026-01-26 23:30:56,364 - INFO - [지표] ADX=nan, Bull=nan, Bear=nan
2026-01-26 23:35:56,365 - INFO - [상태] 포지션 없음, 자본금: $5571.21
2026-01-26 23:35:56,365 - INFO - [지표] ADX=nan, Bull=nan, Bear=nan
2026-01-26 23:40:56,366 - INFO - [상태] 포지션 없음, 자본금: $5571.21
2026-01-26 23:40:56,366 - INFO - [지표] ADX=nan, Bull=nan, Bear=nan
2026-01-26 23:45:00,234 - INFO - [EMA] 증분계산: prev=87790.32, close=88102.8, new=87814.35
2026-01-26 23:45:00,241 - INFO - 15m | 14:30 | O:87645.8 H:88500.0 L:87411.2 C:88102.8
2026-01-26 23:45:00,241 - INFO - 지표: ADX=14.1, ATR=269.8, Bull=False, Bear=True
2026-01-26 23:45:56,366 - INFO - [상태] 포지션 없음, 자본금: $5571.21
2026-01-26 23:45:56,367 - INFO - [지표] ADX=nan, Bull=nan, Bear=nan
2026-01-26 23:50:56,367 - INFO - [상태] 포지션 없음, 자본금: $5571.21
2026-01-26 23:50:56,368 - INFO - [지표] ADX=nan, Bull=nan, Bear=nan
2026-01-26 23:55:56,368 - INFO - [상태] 포지션 없음, 자본금: $5571.21
2026-01-26 23:55:56,369 - INFO - [지표] ADX=nan, Bull=nan, Bear=nan
2026-01-27 00:00:00,091 - INFO - [EMA] 증분계산: prev=87814.35, close=88137.0, new=87839.17
2026-01-27 00:00:00,100 - INFO - 15m | 14:45 | O:88102.7 H:88262.6 L:87784.0 C:88137.0
2026-01-27 00:00:00,101 - INFO - 지표: ADX=15.4, ATR=290.7, Bull=False, Bear=False
2026-01-27 00:00:56,370 - INFO - [상태] 포지션 없음, 자본금: $5571.21
2026-01-27 00:00:56,370 - INFO - [지표] ADX=nan, Bull=nan, Bear=nan
2026-01-27 00:05:56,371 - INFO - [상태] 포지션 없음, 자본금: $5571.21
2026-01-27 00:05:56,371 - INFO - [지표] ADX=nan, Bull=nan, Bear=nan
2026-01-27 00:10:56,372 - INFO - [상태] 포지션 없음, 자본금: $5571.21
2026-01-27 00:10:56,373 - INFO - [지표] ADX=nan, Bull=nan, Bear=nan
2026-01-27 00:15:00,039 - INFO - [EMA] 증분계산: prev=87839.17, close=88673.4, new=87903.34
2026-01-27 00:15:00,048 - INFO - 15m | 15:00 | O:88137.0 H:88813.9 L:88000.0 C:88673.4
2026-01-27 00:15:00,048 - INFO - 지표: ADX=18.0, ATR=343.0, Bull=False, Bear=False
2026-01-27 00:15:56,374 - INFO - [상태] 포지션 없음, 자본금: $5571.21
2026-01-27 00:15:56,374 - INFO - [지표] ADX=nan, Bull=nan, Bear=nan
2026-01-27 00:20:56,375 - INFO - [상태] 포지션 없음, 자본금: $5571.21
2026-01-27 00:20:56,375 - INFO - [지표] ADX=nan, Bull=nan, Bear=nan
2026-01-27 00:25:56,376 - INFO - [상태] 포지션 없음, 자본금: $5571.21
2026-01-27 00:25:56,377 - INFO - [지표] ADX=nan, Bull=nan, Bear=nan
2026-01-27 00:30:00,100 - INFO - [EMA] 증분계산: prev=87903.34, close=88456.7, new=87945.91
2026-01-27 00:30:00,107 - INFO - 15m | 15:15 | O:88673.3 H:88834.1 L:88311.0 C:88456.7
2026-01-27 00:30:00,107 - INFO - 지표: ADX=20.4, ATR=361.0, Bull=False, Bear=False
2026-01-27 00:30:56,379 - INFO - [상태] 포지션 없음, 자본금: $5571.21
2026-01-27 00:30:56,379 - INFO - [지표] ADX=nan, Bull=nan, Bear=nan
2026-01-27 00:35:56,380 - INFO - [상태] 포지션 없음, 자본금: $5571.21
2026-01-27 00:35:56,380 - INFO - [지표] ADX=nan, Bull=nan, Bear=nan
2026-01-27 00:40:56,381 - INFO - [상태] 포지션 없음, 자본금: $5571.21
2026-01-27 00:40:56,381 - INFO - [지표] ADX=nan, Bull=nan, Bear=nan
2026-01-27 00:45:00,091 - INFO - [EMA] 증분계산: prev=87945.91, close=87438.2, new=87906.86
2026-01-27 00:45:00,101 - INFO - 15m | 15:30 | O:88456.8 H:88463.6 L:87351.6 C:87438.2
2026-01-27 00:45:00,101 - INFO - 지표: ADX=19.2, ATR=436.1, Bull=False, Bear=False
2026-01-27 00:45:56,382 - INFO - [상태] 포지션 없음, 자본금: $5571.21
2026-01-27 00:45:56,382 - INFO - [지표] ADX=nan, Bull=nan, Bear=nan
2026-01-27 00:50:56,383 - INFO - [상태] 포지션 없음, 자본금: $5571.21
2026-01-27 00:50:56,384 - INFO - [지표] ADX=nan, Bull=nan, Bear=nan
2026-01-27 00:55:56,384 - INFO - [상태] 포지션 없음, 자본금: $5571.21
2026-01-27 00:55:56,385 - INFO - [지표] ADX=nan, Bull=nan, Bear=nan
2026-01-27 01:00:00,097 - INFO - [EMA] 증분계산: prev=87906.86, close=87609.5, new=87883.98
2026-01-27 01:00:00,107 - INFO - 15m | 15:45 | O:87438.2 H:87692.0 L:87278.5 C:87609.5
2026-01-27 01:00:00,107 - INFO - 지표: ADX=18.2, ATR=433.9, Bull=False, Bear=False
2026-01-27 01:00:56,386 - INFO - [상태] 포지션 없음, 자본금: $5571.21
2026-01-27 01:00:56,386 - INFO - [지표] ADX=nan, Bull=nan, Bear=nan
2026-01-27 01:05:56,388 - INFO - [상태] 포지션 없음, 자본금: $5571.21
2026-01-27 01:05:56,388 - INFO - [지표] ADX=nan, Bull=nan, Bear=nan
2026-01-27 01:10:56,390 - INFO - [상태] 포지션 없음, 자본금: $5571.21
2026-01-27 01:10:56,390 - INFO - [지표] ADX=nan, Bull=nan, Bear=nan
2026-01-27 01:15:00,155 - INFO - [EMA] 증분계산: prev=87883.98, close=87377.7, new=87845.04
2026-01-27 01:15:00,165 - INFO - 15m | 16:00 | O:87609.4 H:87747.9 L:87250.0 C:87377.7
2026-01-27 01:15:00,165 - INFO - 지표: ADX=17.1, ATR=440.3, Bull=False, Bear=False
2026-01-27 01:15:56,391 - INFO - [상태] 포지션 없음, 자본금: $5571.21
2026-01-27 01:15:56,392 - INFO - [지표] ADX=nan, Bull=nan, Bear=nan
2026-01-27 01:20:56,393 - INFO - [상태] 포지션 없음, 자본금: $5571.21
2026-01-27 01:20:56,393 - INFO - [지표] ADX=nan, Bull=nan, Bear=nan
2026-01-27 01:25:56,394 - INFO - [상태] 포지션 없음, 자본금: $5571.21
2026-01-27 01:25:56,395 - INFO - [지표] ADX=nan, Bull=nan, Bear=nan
2026-01-27 01:30:00,137 - INFO - [EMA] 증분계산: prev=87845.04, close=87660.9, new=87830.87
2026-01-27 01:30:00,144 - INFO - 15m | 16:15 | O:87377.6 H:87925.5 L:87159.6 C:87660.9
2026-01-27 01:30:00,144 - INFO - 지표: ADX=16.2, ATR=472.8, Bull=False, Bear=False
2026-01-27 01:30:56,395 - INFO - [상태] 포지션 없음, 자본금: $5571.21
2026-01-27 01:30:56,396 - INFO - [지표] ADX=nan, Bull=nan, Bear=nan
2026-01-27 01:35:56,397 - INFO - [상태] 포지션 없음, 자본금: $5571.21
2026-01-27 01:35:56,398 - INFO - [지표] ADX=nan, Bull=nan, Bear=nan
2026-01-27 01:40:56,399 - INFO - [상태] 포지션 없음, 자본금: $5571.21
2026-01-27 01:40:56,400 - INFO - [지표] ADX=nan, Bull=nan, Bear=nan
2026-01-27 01:45:00,338 - INFO - [EMA] 증분계산: prev=87830.87, close=87434.1, new=87800.35
2026-01-27 01:45:00,347 - INFO - 15m | 16:30 | O:87660.9 H:87756.8 L:87367.1 C:87434.1
2026-01-27 01:45:00,347 - INFO - 지표: ADX=15.4, ATR=464.5, Bull=False, Bear=True
2026-01-27 01:45:56,401 - INFO - [상태] 포지션 없음, 자본금: $5571.21
2026-01-27 01:45:56,401 - INFO - [지표] ADX=nan, Bull=nan, Bear=nan
2026-01-27 01:50:56,402 - INFO - [상태] 포지션 없음, 자본금: $5571.21
2026-01-27 01:50:56,402 - INFO - [지표] ADX=nan, Bull=nan, Bear=nan
2026-01-27 01:55:56,404 - INFO - [상태] 포지션 없음, 자본금: $5571.21
2026-01-27 01:55:56,404 - INFO - [지표] ADX=nan, Bull=nan, Bear=nan
2026-01-27 02:00:00,122 - INFO - [EMA] 증분계산: prev=87800.35, close=87579.4, new=87783.36
2026-01-27 02:00:00,129 - INFO - 15m | 16:45 | O:87434.0 H:87887.4 L:87375.2 C:87579.4
2026-01-27 02:00:00,129 - INFO - 지표: ADX=15.0, ATR=469.3, Bull=False, Bear=True
2026-01-27 02:00:56,405 - INFO - [상태] 포지션 없음, 자본금: $5571.21
2026-01-27 02:00:56,405 - INFO - [지표] ADX=nan, Bull=nan, Bear=nan
2026-01-27 02:05:56,406 - INFO - [상태] 포지션 없음, 자본금: $5571.21
2026-01-27 02:05:56,407 - INFO - [지표] ADX=nan, Bull=nan, Bear=nan
2026-01-27 02:10:56,408 - INFO - [상태] 포지션 없음, 자본금: $5571.21
2026-01-27 02:10:56,408 - INFO - [지표] ADX=nan, Bull=nan, Bear=nan
2026-01-27 02:15:00,093 - INFO - [EMA] 증분계산: prev=87783.36, close=87394.6, new=87753.45
2026-01-27 02:15:00,099 - INFO - 15m | 17:00 | O:87579.5 H:87756.7 L:87369.6 C:87394.6
2026-01-27 02:15:00,099 - INFO - 지표: ADX=14.6, ATR=461.1, Bull=False, Bear=True
2026-01-27 02:15:56,409 - INFO - [상태] 포지션 없음, 자본금: $5571.21
2026-01-27 02:15:56,409 - INFO - [지표] ADX=nan, Bull=nan, Bear=nan
2026-01-27 02:20:56,410 - INFO - [상태] 포지션 없음, 자본금: $5571.21
2026-01-27 02:20:56,410 - INFO - [지표] ADX=nan, Bull=nan, Bear=nan
2026-01-27 02:25:56,412 - INFO - [상태] 포지션 없음, 자본금: $5571.21
2026-01-27 02:25:56,413 - INFO - [지표] ADX=nan, Bull=nan, Bear=nan
2026-01-27 02:30:00,138 - INFO - [EMA] 증분계산: prev=87753.45, close=87367.9, new=87723.79
2026-01-27 02:30:00,148 - INFO - 15m | 17:15 | O:87394.7 H:87515.3 L:87160.0 C:87367.9
2026-01-27 02:30:00,148 - INFO - 지표: ADX=13.7, ATR=450.5, Bull=False, Bear=True
2026-01-27 02:30:56,413 - INFO - [상태] 포지션 없음, 자본금: $5571.21
2026-01-27 02:30:56,413 - INFO - [지표] ADX=nan, Bull=nan, Bear=nan
2026-01-27 02:35:56,415 - INFO - [상태] 포지션 없음, 자본금: $5571.21
2026-01-27 02:35:56,415 - INFO - [지표] ADX=nan, Bull=nan, Bear=nan
2026-01-27 02:40:56,416 - INFO - [상태] 포지션 없음, 자본금: $5571.21
2026-01-27 02:40:56,417 - INFO - [지표] ADX=nan, Bull=nan, Bear=nan
2026-01-27 02:45:00,121 - INFO - [EMA] 증분계산: prev=87723.79, close=87504.5, new=87706.92
2026-01-27 02:45:00,128 - INFO - 15m | 17:30 | O:87367.9 H:87565.7 L:86960.0 C:87504.5
2026-01-27 02:45:00,128 - INFO - 지표: ADX=13.4, ATR=466.0, Bull=False, Bear=True
2026-01-27 02:45:56,418 - INFO - [상태] 포지션 없음, 자본금: $5571.21
2026-01-27 02:45:56,418 - INFO - [지표] ADX=nan, Bull=nan, Bear=nan
2026-01-27 02:50:56,420 - INFO - [상태] 포지션 없음, 자본금: $5571.21
2026-01-27 02:50:56,421 - INFO - [지표] ADX=nan, Bull=nan, Bear=nan
2026-01-27 02:55:56,422 - INFO - [상태] 포지션 없음, 자본금: $5571.21
2026-01-27 02:55:56,423 - INFO - [지표] ADX=nan, Bull=nan, Bear=nan
2026-01-27 03:00:00,524 - INFO - [EMA] 증분계산: prev=87706.92, close=87657.5, new=87703.12
2026-01-27 03:00:00,530 - INFO - 15m | 17:45 | O:87504.5 H:87715.3 L:87465.0 C:87657.5
2026-01-27 03:00:00,530 - INFO - 지표: ADX=12.6, ATR=444.4, Bull=False, Bear=True
2026-01-27 03:00:56,423 - INFO - [상태] 포지션 없음, 자본금: $5571.21
2026-01-27 03:00:56,424 - INFO - [지표] ADX=nan, Bull=nan, Bear=nan
2026-01-27 03:05:56,425 - INFO - [상태] 포지션 없음, 자본금: $5571.21
2026-01-27 03:05:56,425 - INFO - [지표] ADX=nan, Bull=nan, Bear=nan
2026-01-27 03:10:56,426 - INFO - [상태] 포지션 없음, 자본금: $5571.21
2026-01-27 03:10:56,426 - INFO - [지표] ADX=nan, Bull=nan, Bear=nan
2026-01-27 03:15:00,089 - INFO - [EMA] 증분계산: prev=87703.12, close=87815.5, new=87711.77
2026-01-27 03:15:00,096 - INFO - 15m | 18:00 | O:87657.4 H:87830.0 L:87611.1 C:87815.5
2026-01-27 03:15:00,096 - INFO - 지표: ADX=11.9, ATR=421.9, Bull=False, Bear=True
2026-01-27 03:15:56,427 - INFO - [상태] 포지션 없음, 자본금: $5571.21
2026-01-27 03:15:56,428 - INFO - [지표] ADX=nan, Bull=nan, Bear=nan
2026-01-27 03:20:56,429 - INFO - [상태] 포지션 없음, 자본금: $5571.21
2026-01-27 03:20:56,429 - INFO - [지표] ADX=nan, Bull=nan, Bear=nan
2026-01-27 03:25:56,431 - INFO - [상태] 포지션 없음, 자본금: $5571.21
2026-01-27 03:25:56,431 - INFO - [지표] ADX=nan, Bull=nan, Bear=nan
2026-01-27 03:30:00,056 - INFO - [EMA] 증분계산: prev=87711.77, close=88041.2, new=87737.11
2026-01-27 03:30:00,066 - INFO - 15m | 18:15 | O:87815.5 H:88080.2 L:87693.6 C:88041.2
2026-01-27 03:30:00,066 - INFO - 지표: ADX=12.1, ATR=418.4, Bull=False, Bear=True
2026-01-27 03:30:56,433 - INFO - [상태] 포지션 없음, 자본금: $5571.21
2026-01-27 03:30:56,433 - INFO - [지표] ADX=nan, Bull=nan, Bear=nan
2026-01-27 03:35:56,434 - INFO - [상태] 포지션 없음, 자본금: $5571.21
2026-01-27 03:35:56,434 - INFO - [지표] ADX=nan, Bull=nan, Bear=nan
2026-01-27 03:40:56,435 - INFO - [상태] 포지션 없음, 자본금: $5571.21
2026-01-27 03:40:56,435 - INFO - [지표] ADX=nan, Bull=nan, Bear=nan
2026-01-27 03:45:00,211 - INFO - [EMA] 증분계산: prev=87737.11, close=87971.8, new=87755.16
2026-01-27 03:45:00,217 - INFO - 15m | 18:30 | O:88041.3 H:88303.1 L:87949.8 C:87971.8
2026-01-27 03:45:00,217 - INFO - 지표: ADX=12.8, ATR=411.9, Bull=False, Bear=True
2026-01-27 03:45:56,437 - INFO - [상태] 포지션 없음, 자본금: $5571.21
2026-01-27 03:45:56,437 - INFO - [지표] ADX=nan, Bull=nan, Bear=nan
2026-01-27 03:50:56,438 - INFO - [상태] 포지션 없음, 자본금: $5571.21
2026-01-27 03:50:56,439 - INFO - [지표] ADX=nan, Bull=nan, Bear=nan
2026-01-27 03:55:56,439 - INFO - [상태] 포지션 없음, 자본금: $5571.21
2026-01-27 03:55:56,440 - INFO - [지표] ADX=nan, Bull=nan, Bear=nan
2026-01-27 04:00:00,043 - INFO - [EMA] 증분계산: prev=87755.16, close=88361.9, new=87801.83
2026-01-27 04:00:00,053 - INFO - 15m | 18:45 | O:87971.8 H:88375.0 L:87887.1 C:88361.9
2026-01-27 04:00:00,053 - INFO - 지표: ADX=13.7, ATR=419.5, Bull=False, Bear=False
2026-01-27 04:00:56,441 - INFO - [상태] 포지션 없음, 자본금: $5571.21
2026-01-27 04:00:56,441 - INFO - [지표] ADX=nan, Bull=nan, Bear=nan
2026-01-27 04:05:56,442 - INFO - [상태] 포지션 없음, 자본금: $5571.21
2026-01-27 04:05:56,442 - INFO - [지표] ADX=nan, Bull=nan, Bear=nan
2026-01-27 04:10:56,443 - INFO - [상태] 포지션 없음, 자본금: $5571.21
2026-01-27 04:10:56,443 - INFO - [지표] ADX=nan, Bull=nan, Bear=nan
2026-01-27 04:15:01,473 - INFO - [EMA] 증분계산: prev=87801.83, close=88328.9, new=87842.38
2026-01-27 04:15:01,479 - INFO - 15m | 19:00 | O:88362.0 H:88496.4 L:88263.8 C:88328.9
2026-01-27 04:15:01,479 - INFO - 지표: ADX=14.8, ATR=400.8, Bull=False, Bear=False
2026-01-27 04:15:56,445 - INFO - [상태] 포지션 없음, 자본금: $5571.21
2026-01-27 04:15:56,445 - INFO - [지표] ADX=nan, Bull=nan, Bear=nan
2026-01-27 04:20:56,447 - INFO - [상태] 포지션 없음, 자본금: $5571.21
2026-01-27 04:20:56,447 - INFO - [지표] ADX=nan, Bull=nan, Bear=nan
2026-01-27 04:25:56,449 - INFO - [상태] 포지션 없음, 자본금: $5571.21
2026-01-27 04:25:56,449 - INFO - [지표] ADX=nan, Bull=nan, Bear=nan
2026-01-27 04:30:00,270 - INFO - [EMA] 증분계산: prev=87842.38, close=88134.4, new=87864.84
2026-01-27 04:30:00,280 - INFO - 15m | 19:15 | O:88328.8 H:88387.2 L:88058.7 C:88134.4
2026-01-27 04:30:00,280 - INFO - 지표: ADX=14.9, ATR=393.5, Bull=False, Bear=False
2026-01-27 04:30:56,450 - INFO - [상태] 포지션 없음, 자본금: $5571.21
2026-01-27 04:30:56,451 - INFO - [지표] ADX=nan, Bull=nan, Bear=nan
2026-01-27 04:35:56,451 - INFO - [상태] 포지션 없음, 자본금: $5571.21
2026-01-27 04:35:56,452 - INFO - [지표] ADX=nan, Bull=nan, Bear=nan
2026-01-27 04:40:56,452 - INFO - [상태] 포지션 없음, 자본금: $5571.21
2026-01-27 04:40:56,453 - INFO - [지표] ADX=nan, Bull=nan, Bear=nan
2026-01-27 04:45:00,440 - INFO - [EMA] 증분계산: prev=87864.84, close=88201.9, new=87890.77
2026-01-27 04:45:00,450 - INFO - 15m | 19:30 | O:88134.4 H:88297.4 L:88037.7 C:88201.9
2026-01-27 04:45:00,450 - INFO - 지표: ADX=15.0, ATR=380.2, Bull=False, Bear=False
2026-01-27 04:45:56,456 - INFO - [상태] 포지션 없음, 자본금: $5571.21
2026-01-27 04:45:56,456 - INFO - [지표] ADX=nan, Bull=nan, Bear=nan
2026-01-27 04:50:56,457 - INFO - [상태] 포지션 없음, 자본금: $5571.21
2026-01-27 04:50:56,458 - INFO - [지표] ADX=nan, Bull=nan, Bear=nan
2026-01-27 04:55:56,459 - INFO - [상태] 포지션 없음, 자본금: $5571.21
2026-01-27 04:55:56,459 - INFO - [지표] ADX=nan, Bull=nan, Bear=nan
2026-01-27 05:00:01,279 - INFO - [EMA] 증분계산: prev=87890.77, close=87965.6, new=87896.52
2026-01-27 05:00:01,289 - INFO - 15m | 19:45 | O:88201.9 H:88227.0 L:87904.4 C:87965.6
2026-01-27 05:00:01,289 - INFO - 지표: ADX=14.5, ATR=374.4, Bull=False, Bear=False
2026-01-27 05:00:56,460 - INFO - [상태] 포지션 없음, 자본금: $5571.21
2026-01-27 05:00:56,460 - INFO - [지표] ADX=nan, Bull=nan, Bear=nan
2026-01-27 05:05:56,461 - INFO - [상태] 포지션 없음, 자본금: $5571.21
2026-01-27 05:05:56,462 - INFO - [지표] ADX=nan, Bull=nan, Bear=nan
2026-01-27 05:10:56,462 - INFO - [상태] 포지션 없음, 자본금: $5571.21
2026-01-27 05:10:56,463 - INFO - [지표] ADX=nan, Bull=nan, Bear=nan
2026-01-27 05:15:00,144 - INFO - [EMA] 증분계산: prev=87896.52, close=87875.9, new=87894.94
2026-01-27 05:15:00,154 - INFO - 15m | 20:00 | O:87965.5 H:88088.0 L:87872.7 C:87875.9
2026-01-27 05:15:00,154 - INFO - 지표: ADX=14.0, ATR=358.5, Bull=False, Bear=False
2026-01-27 05:15:56,464 - INFO - [상태] 포지션 없음, 자본금: $5571.21
2026-01-27 05:15:56,464 - INFO - [지표] ADX=nan, Bull=nan, Bear=nan
2026-01-27 05:20:56,464 - INFO - [상태] 포지션 없음, 자본금: $5571.21
2026-01-27 05:20:56,464 - INFO - [지표] ADX=nan, Bull=nan, Bear=nan
2026-01-27 05:25:56,466 - INFO - [상태] 포지션 없음, 자본금: $5571.21
2026-01-27 05:25:56,466 - INFO - [지표] ADX=nan, Bull=nan, Bear=nan
2026-01-27 05:30:00,314 - INFO - [EMA] 증분계산: prev=87894.94, close=87844.2, new=87891.04
2026-01-27 05:30:00,321 - INFO - 15m | 20:15 | O:87875.9 H:87973.7 L:87768.0 C:87844.2
2026-01-27 05:30:00,321 - INFO - 지표: ADX=13.0, ATR=343.2, Bull=False, Bear=False
2026-01-27 05:30:56,467 - INFO - [상태] 포지션 없음, 자본금: $5571.21
2026-01-27 05:30:56,468 - INFO - [지표] ADX=nan, Bull=nan, Bear=nan
2026-01-27 05:35:56,469 - INFO - [상태] 포지션 없음, 자본금: $5571.21
2026-01-27 05:35:56,469 - INFO - [지표] ADX=nan, Bull=nan, Bear=nan
2026-01-27 05:40:56,470 - INFO - [상태] 포지션 없음, 자본금: $5571.21
2026-01-27 05:40:56,471 - INFO - [지표] ADX=nan, Bull=nan, Bear=nan
2026-01-27 05:45:00,028 - INFO - [EMA] 증분계산: prev=87891.04, close=87775.2, new=87882.12
2026-01-27 05:45:00,035 - INFO - 15m | 20:30 | O:87844.2 H:87871.7 L:87730.4 C:87775.2
2026-01-27 05:45:00,035 - INFO - 지표: ADX=12.2, ATR=323.0, Bull=False, Bear=False
2026-01-27 05:45:56,472 - INFO - [상태] 포지션 없음, 자본금: $5571.21
2026-01-27 05:45:56,472 - INFO - [지표] ADX=nan, Bull=nan, Bear=nan
2026-01-27 05:50:56,473 - INFO - [상태] 포지션 없음, 자본금: $5571.21
2026-01-27 05:50:56,473 - INFO - [지표] ADX=nan, Bull=nan, Bear=nan
2026-01-27 05:55:56,474 - INFO - [상태] 포지션 없음, 자본금: $5571.21
2026-01-27 05:55:56,474 - INFO - [지표] ADX=nan, Bull=nan, Bear=nan
2026-01-27 06:00:00,238 - INFO - [EMA] 증분계산: prev=87882.12, close=87595.3, new=87860.06
2026-01-27 06:00:00,248 - INFO - 15m | 20:45 | O:87775.2 H:87803.3 L:87506.8 C:87595.3
2026-01-27 06:00:00,248 - INFO - 지표: ADX=12.2, ATR=320.4, Bull=False, Bear=False
2026-01-27 06:00:56,477 - INFO - [상태] 포지션 없음, 자본금: $5571.21
2026-01-27 06:00:56,477 - INFO - [지표] ADX=nan, Bull=nan, Bear=nan
2026-01-27 06:05:56,479 - INFO - [상태] 포지션 없음, 자본금: $5571.21
2026-01-27 06:05:56,479 - INFO - [지표] ADX=nan, Bull=nan, Bear=nan
2026-01-27 06:10:56,481 - INFO - [상태] 포지션 없음, 자본금: $5571.21
2026-01-27 06:10:56,482 - INFO - [지표] ADX=nan, Bull=nan, Bear=nan
2026-01-27 06:15:00,582 - INFO - [EMA] 증분계산: prev=87860.06, close=87799.6, new=87855.41
2026-01-27 06:15:00,591 - INFO - 15m | 21:00 | O:87595.3 H:87810.6 L:87533.3 C:87799.6
2026-01-27 06:15:00,591 - INFO - 지표: ADX=12.2, ATR=316.1, Bull=False, Bear=False
2026-01-27 06:15:56,483 - INFO - [상태] 포지션 없음, 자본금: $5571.21
2026-01-27 06:15:56,483 - INFO - [지표] ADX=nan, Bull=nan, Bear=nan
2026-01-27 06:20:56,484 - INFO - [상태] 포지션 없음, 자본금: $5571.21
2026-01-27 06:20:56,485 - INFO - [지표] ADX=nan, Bull=nan, Bear=nan
2026-01-27 06:25:56,486 - INFO - [상태] 포지션 없음, 자본금: $5571.21
2026-01-27 06:25:56,486 - INFO - [지표] ADX=nan, Bull=nan, Bear=nan
2026-01-27 06:30:00,105 - INFO - [EMA] 증분계산: prev=87855.41, close=87896.8, new=87858.59
2026-01-27 06:30:00,114 - INFO - 15m | 21:15 | O:87799.7 H:87896.9 L:87716.4 C:87896.8
2026-01-27 06:30:00,114 - INFO - 지표: ADX=11.9, ATR=302.5, Bull=False, Bear=False
2026-01-27 06:30:56,487 - INFO - [상태] 포지션 없음, 자본금: $5571.21
2026-01-27 06:30:56,487 - INFO - [지표] ADX=nan, Bull=nan, Bear=nan
2026-01-27 06:35:56,489 - INFO - [상태] 포지션 없음, 자본금: $5571.21
2026-01-27 06:35:56,489 - INFO - [지표] ADX=nan, Bull=nan, Bear=nan
2026-01-27 06:40:56,491 - INFO - [상태] 포지션 없음, 자본금: $5571.21
2026-01-27 06:40:56,491 - INFO - [지표] ADX=nan, Bull=nan, Bear=nan
2026-01-27 06:45:00,080 - INFO - [EMA] 증분계산: prev=87858.59, close=88103.0, new=87877.39
2026-01-27 06:45:00,087 - INFO - 15m | 21:30 | O:87896.9 H:88199.0 L:87829.2 C:88103.0
2026-01-27 06:45:00,087 - INFO - 지표: ADX=11.7, ATR=309.2, Bull=False, Bear=False
2026-01-27 06:45:56,494 - INFO - [상태] 포지션 없음, 자본금: $5571.21
2026-01-27 06:45:56,494 - INFO - [지표] ADX=nan, Bull=nan, Bear=nan
2026-01-27 06:50:56,496 - INFO - [상태] 포지션 없음, 자본금: $5571.21
2026-01-27 06:50:56,496 - INFO - [지표] ADX=nan, Bull=nan, Bear=nan
2026-01-27 06:55:56,498 - INFO - [상태] 포지션 없음, 자본금: $5571.21
2026-01-27 06:55:56,499 - INFO - [지표] ADX=nan, Bull=nan, Bear=nan
2026-01-27 07:00:00,154 - INFO - [EMA] 증분계산: prev=87877.39, close=88016.5, new=87888.10
2026-01-27 07:00:00,163 - INFO - 15m | 21:45 | O:88102.9 H:88123.5 L:87965.4 C:88016.5
2026-01-27 07:00:00,163 - INFO - 지표: ADX=11.6, ATR=294.1, Bull=False, Bear=False
2026-01-27 07:00:56,500 - INFO - [상태] 포지션 없음, 자본금: $5571.21
2026-01-27 07:00:56,501 - INFO - [지표] ADX=nan, Bull=nan, Bear=nan
2026-01-27 07:05:56,503 - INFO - [상태] 포지션 없음, 자본금: $5571.21
2026-01-27 07:05:56,503 - INFO - [지표] ADX=nan, Bull=nan, Bear=nan
2026-01-27 07:10:56,504 - INFO - [상태] 포지션 없음, 자본금: $5571.21
2026-01-27 07:10:56,504 - INFO - [지표] ADX=nan, Bull=nan, Bear=nan
2026-01-27 07:15:00,460 - INFO - [EMA] 증분계산: prev=87888.10, close=88060.3, new=87901.34
2026-01-27 07:15:00,470 - INFO - 15m | 22:00 | O:88016.4 H:88115.7 L:87982.5 C:88060.3
2026-01-27 07:15:00,470 - INFO - 지표: ADX=11.5, ATR=278.0, Bull=False, Bear=False
2026-01-27 07:15:56,506 - INFO - [상태] 포지션 없음, 자본금: $5571.21
2026-01-27 07:15:56,506 - INFO - [지표] ADX=nan, Bull=nan, Bear=nan
2026-01-27 07:20:56,507 - INFO - [상태] 포지션 없음, 자본금: $5571.21
2026-01-27 07:20:56,508 - INFO - [지표] ADX=nan, Bull=nan, Bear=nan
2026-01-27 07:25:56,509 - INFO - [상태] 포지션 없음, 자본금: $5571.21
2026-01-27 07:25:56,509 - INFO - [지표] ADX=nan, Bull=nan, Bear=nan
2026-01-27 07:30:00,033 - INFO - [EMA] 증분계산: prev=87901.34, close=88051.1, new=87912.86
2026-01-27 07:30:00,040 - INFO - 15m | 22:15 | O:88060.4 H:88098.3 L:87953.9 C:88051.1
2026-01-27 07:30:00,040 - INFO - 지표: ADX=11.3, ATR=264.7, Bull=False, Bear=False
2026-01-27 07:30:56,511 - INFO - [상태] 포지션 없음, 자본금: $5571.21
2026-01-27 07:30:56,511 - INFO - [지표] ADX=nan, Bull=nan, Bear=nan
2026-01-27 07:35:56,512 - INFO - [상태] 포지션 없음, 자본금: $5571.21
2026-01-27 07:35:56,512 - INFO - [지표] ADX=nan, Bull=nan, Bear=nan
2026-01-27 07:40:56,514 - INFO - [상태] 포지션 없음, 자본금: $5571.21
2026-01-27 07:40:56,514 - INFO - [지표] ADX=nan, Bull=nan, Bear=nan
2026-01-27 07:45:00,036 - INFO - [EMA] 증분계산: prev=87912.86, close=88071.4, new=87925.06
2026-01-27 07:45:00,046 - INFO - 15m | 22:30 | O:88051.0 H:88239.0 L:88001.1 C:88071.4
2026-01-27 07:45:00,046 - INFO - 지표: ADX=11.6, ATR=262.0, Bull=False, Bear=False
2026-01-27 07:45:56,515 - INFO - [상태] 포지션 없음, 자본금: $5571.21
2026-01-27 07:45:56,515 - INFO - [지표] ADX=nan, Bull=nan, Bear=nan
2026-01-27 07:50:56,517 - INFO - [상태] 포지션 없음, 자본금: $5571.21
2026-01-27 07:50:56,517 - INFO - [지표] ADX=nan, Bull=nan, Bear=nan
2026-01-27 07:55:56,519 - INFO - [상태] 포지션 없음, 자본금: $5571.21
2026-01-27 07:55:56,519 - INFO - [지표] ADX=nan, Bull=nan, Bear=nan
2026-01-27 08:00:00,185 - INFO - [EMA] 증분계산: prev=87925.06, close=88095.0, new=87938.13
2026-01-27 08:00:00,192 - INFO - 15m | 22:45 | O:88071.3 H:88218.1 L:88067.9 C:88095.0
2026-01-27 08:00:00,192 - INFO - 지표: ADX=11.9, ATR=250.8, Bull=False, Bear=False
2026-01-27 08:00:56,520 - INFO - [상태] 포지션 없음, 자본금: $5571.21
2026-01-27 08:00:56,521 - INFO - [지표] ADX=nan, Bull=nan, Bear=nan
2026-01-27 08:05:56,524 - INFO - [상태] 포지션 없음, 자본금: $5571.21
2026-01-27 08:05:56,524 - INFO - [지표] ADX=nan, Bull=nan, Bear=nan
2026-01-27 08:10:56,526 - INFO - [상태] 포지션 없음, 자본금: $5571.21
2026-01-27 08:10:56,526 - INFO - [지표] ADX=nan, Bull=nan, Bear=nan
2026-01-27 08:15:00,143 - INFO - [EMA] 증분계산: prev=87938.13, close=88147.9, new=87954.27
2026-01-27 08:15:00,149 - INFO - 15m | 23:00 | O:88094.9 H:88158.1 L:87976.5 C:88147.9
2026-01-27 08:15:00,149 - INFO - 지표: ADX=11.7, ATR=243.9, Bull=False, Bear=False
2026-01-27 08:15:56,527 - INFO - [상태] 포지션 없음, 자본금: $5571.21
2026-01-27 08:15:56,527 - INFO - [지표] ADX=nan, Bull=nan, Bear=nan
2026-01-27 08:20:56,529 - INFO - [상태] 포지션 없음, 자본금: $5571.21
2026-01-27 08:20:56,529 - INFO - [지표] ADX=nan, Bull=nan, Bear=nan
2026-01-27 08:25:56,531 - INFO - [상태] 포지션 없음, 자본금: $5571.21
2026-01-27 08:25:56,532 - INFO - [지표] ADX=nan, Bull=nan, Bear=nan
2026-01-27 08:30:00,181 - INFO - [EMA] 증분계산: prev=87954.27, close=88413.4, new=87989.58
2026-01-27 08:30:00,191 - INFO - 15m | 23:15 | O:88147.9 H:88423.1 L:88100.0 C:88413.4
2026-01-27 08:30:00,191 - INFO - 지표: ADX=12.6, ATR=251.8, Bull=False, Bear=False
2026-01-27 08:30:56,532 - INFO - [상태] 포지션 없음, 자본금: $5571.21
2026-01-27 08:30:56,533 - INFO - [지표] ADX=nan, Bull=nan, Bear=nan
2026-01-27 08:35:56,535 - INFO - [상태] 포지션 없음, 자본금: $5571.21
2026-01-27 08:35:56,535 - INFO - [지표] ADX=nan, Bull=nan, Bear=nan
2026-01-27 08:40:56,536 - INFO - [상태] 포지션 없음, 자본금: $5571.21
2026-01-27 08:40:56,536 - INFO - [지표] ADX=nan, Bull=nan, Bear=nan
2026-01-27 08:45:00,049 - INFO - [EMA] 증분계산: prev=87989.58, close=88506.6, new=88029.35
2026-01-27 08:45:00,055 - INFO - 15m | 23:30 | O:88413.5 H:88637.4 L:88413.5 C:88506.6
2026-01-27 08:45:00,055 - INFO - 지표: ADX=14.1, ATR=249.0, Bull=False, Bear=False
2026-01-27 08:45:56,537 - INFO - [상태] 포지션 없음, 자본금: $5571.21
2026-01-27 08:45:56,537 - INFO - [지표] ADX=nan, Bull=nan, Bear=nan
2026-01-27 08:50:56,540 - INFO - [상태] 포지션 없음, 자본금: $5571.21
2026-01-27 08:50:56,540 - INFO - [지표] ADX=nan, Bull=nan, Bear=nan
2026-01-27 08:55:56,541 - INFO - [상태] 포지션 없음, 자본금: $5571.21
2026-01-27 08:55:56,541 - INFO - [지표] ADX=nan, Bull=nan, Bear=nan
