2026-01-16 09:00:00,056 - INFO - === 로그 파일 시작: logs/hyper_2026-01-16.log ===
2026-01-16 09:00:00,056 - INFO - [EMA] 증분계산: prev=95667.62, close=95554.6, new=95658.92
2026-01-16 09:00:00,062 - INFO - 15m | 23:45 | O:95465.0 H:95584.6 L:95462.3 C:95554.6
2026-01-16 09:00:00,062 - INFO - 지표: ADX=20.6, ATR=247.8, Bull=False, Bear=False
2026-01-16 09:01:13,515 - INFO - [상태] 포지션 없음, 자본금: $6059.05
2026-01-16 09:01:13,515 - INFO - [지표] ADX=nan, Bull=nan, Bear=nan
2026-01-16 09:06:13,516 - INFO - [상태] 포지션 없음, 자본금: $6059.05
2026-01-16 09:06:13,516 - INFO - [지표] ADX=nan, Bull=nan, Bear=nan
2026-01-16 09:11:13,519 - INFO - [상태] 포지션 없음, 자본금: $6059.05
2026-01-16 09:11:13,519 - INFO - [지표] ADX=nan, Bull=nan, Bear=nan
2026-01-16 09:15:00,564 - INFO - [EMA] 증분계산: prev=95658.92, close=95616.0, new=95655.62
2026-01-16 09:15:00,571 - INFO - 15m | 00:00 | O:95555.0 H:95694.6 L:95517.4 C:95616.0
2026-01-16 09:15:00,571 - INFO - 지표: ADX=19.5, ATR=241.9, Bull=False, Bear=False
2026-01-16 09:16:13,522 - INFO - [상태] 포지션 없음, 자본금: $6059.05
2026-01-16 09:16:13,522 - INFO - [지표] ADX=nan, Bull=nan, Bear=nan
2026-01-16 09:21:13,525 - INFO - [상태] 포지션 없음, 자본금: $6059.05
2026-01-16 09:21:13,525 - INFO - [지표] ADX=nan, Bull=nan, Bear=nan
2026-01-16 09:26:13,527 - INFO - [상태] 포지션 없음, 자본금: $6059.05
2026-01-16 09:26:13,527 - INFO - [지표] ADX=nan, Bull=nan, Bear=nan
2026-01-16 09:30:00,039 - INFO - [EMA] 증분계산: prev=95655.62, close=95640.0, new=95654.42
2026-01-16 09:30:00,046 - INFO - 15m | 00:15 | O:95616.1 H:95724.2 L:95580.0 C:95640.0
2026-01-16 09:30:00,046 - INFO - 지표: ADX=18.3, ATR=233.8, Bull=False, Bear=False
2026-01-16 09:31:13,528 - INFO - [상태] 포지션 없음, 자본금: $6059.05
2026-01-16 09:31:13,529 - INFO - [지표] ADX=nan, Bull=nan, Bear=nan
2026-01-16 09:36:13,530 - INFO - [상태] 포지션 없음, 자본금: $6059.05
2026-01-16 09:36:13,531 - INFO - [지표] ADX=nan, Bull=nan, Bear=nan
2026-01-16 09:41:13,531 - INFO - [상태] 포지션 없음, 자본금: $6059.05
2026-01-16 09:41:13,532 - INFO - [지표] ADX=nan, Bull=nan, Bear=nan
2026-01-16 09:45:00,046 - INFO - [EMA] 증분계산: prev=95654.42, close=95757.0, new=95662.31
2026-01-16 09:45:00,055 - INFO - 15m | 00:30 | O:95640.0 H:95777.8 L:95619.8 C:95757.0
2026-01-16 09:45:00,055 - INFO - 지표: ADX=17.0, ATR=227.5, Bull=False, Bear=False
2026-01-16 09:46:13,533 - INFO - [상태] 포지션 없음, 자본금: $6059.05
2026-01-16 09:46:13,533 - INFO - [지표] ADX=nan, Bull=nan, Bear=nan
2026-01-16 09:51:13,537 - INFO - [상태] 포지션 없음, 자본금: $6059.05
2026-01-16 09:51:13,537 - INFO - [지표] ADX=nan, Bull=nan, Bear=nan
2026-01-16 09:56:13,541 - INFO - [상태] 포지션 없음, 자본금: $6059.05
2026-01-16 09:56:13,541 - INFO - [지표] ADX=nan, Bull=nan, Bear=nan
2026-01-16 10:00:01,111 - INFO - [EMA] 증분계산: prev=95662.31, close=95579.9, new=95655.97
2026-01-16 10:00:01,118 - INFO - 15m | 00:45 | O:95756.9 H:95757.0 L:95546.7 C:95579.9
2026-01-16 10:00:01,118 - INFO - 지표: ADX=16.1, ATR=226.0, Bull=False, Bear=False
2026-01-16 10:01:13,543 - INFO - [상태] 포지션 없음, 자본금: $6059.05
2026-01-16 10:01:13,543 - INFO - [지표] ADX=nan, Bull=nan, Bear=nan
2026-01-16 10:06:13,545 - INFO - [상태] 포지션 없음, 자본금: $6059.05
2026-01-16 10:06:13,545 - INFO - [지표] ADX=nan, Bull=nan, Bear=nan
2026-01-16 10:11:13,548 - INFO - [상태] 포지션 없음, 자본금: $6059.05
2026-01-16 10:11:13,549 - INFO - [지표] ADX=nan, Bull=nan, Bear=nan
2026-01-16 10:15:00,196 - INFO - [EMA] 증분계산: prev=95655.97, close=95426.8, new=95638.34
2026-01-16 10:15:00,203 - INFO - 15m | 01:00 | O:95580.0 H:95583.5 L:95365.1 C:95426.8
2026-01-16 10:15:00,203 - INFO - 지표: ADX=16.1, ATR=225.4, Bull=False, Bear=False
2026-01-16 10:16:13,551 - INFO - [상태] 포지션 없음, 자본금: $6059.05
2026-01-16 10:16:13,551 - INFO - [지표] ADX=nan, Bull=nan, Bear=nan
2026-01-16 10:21:13,555 - INFO - [상태] 포지션 없음, 자본금: $6059.05
2026-01-16 10:21:13,555 - INFO - [지표] ADX=nan, Bull=nan, Bear=nan
2026-01-16 10:26:13,556 - INFO - [상태] 포지션 없음, 자본금: $6059.05
2026-01-16 10:26:13,556 - INFO - [지표] ADX=nan, Bull=nan, Bear=nan
2026-01-16 10:30:00,129 - INFO - [EMA] 증분계산: prev=95638.34, close=95601.0, new=95635.47
2026-01-16 10:30:00,139 - INFO - 15m | 01:15 | O:95426.8 H:95605.2 L:95405.7 C:95601.0
2026-01-16 10:30:00,139 - INFO - 지표: ADX=16.0, ATR=223.2, Bull=False, Bear=False
2026-01-16 10:31:13,557 - INFO - [상태] 포지션 없음, 자본금: $6059.05
2026-01-16 10:31:13,557 - INFO - [지표] ADX=nan, Bull=nan, Bear=nan
2026-01-16 10:36:13,559 - INFO - [상태] 포지션 없음, 자본금: $6059.05
2026-01-16 10:36:13,560 - INFO - [지표] ADX=nan, Bull=nan, Bear=nan
2026-01-16 10:41:13,561 - INFO - [상태] 포지션 없음, 자본금: $6059.05
2026-01-16 10:41:13,561 - INFO - [지표] ADX=nan, Bull=nan, Bear=nan
2026-01-16 10:45:01,271 - INFO - [EMA] 증분계산: prev=95635.47, close=95602.1, new=95632.90
2026-01-16 10:45:01,278 - INFO - 15m | 01:30 | O:95601.0 H:95812.0 L:95588.7 C:95602.1
2026-01-16 10:45:01,278 - INFO - 지표: ADX=14.9, ATR=223.2, Bull=False, Bear=False
2026-01-16 10:46:13,564 - INFO - [상태] 포지션 없음, 자본금: $6059.05
2026-01-16 10:46:13,564 - INFO - [지표] ADX=nan, Bull=nan, Bear=nan
2026-01-16 10:51:13,567 - INFO - [상태] 포지션 없음, 자본금: $6059.05
2026-01-16 10:51:13,567 - INFO - [지표] ADX=nan, Bull=nan, Bear=nan
2026-01-16 10:56:13,571 - INFO - [상태] 포지션 없음, 자본금: $6059.05
2026-01-16 10:56:13,572 - INFO - [지표] ADX=nan, Bull=nan, Bear=nan
2026-01-16 11:00:01,635 - INFO - [EMA] 증분계산: prev=95632.90, close=95613.9, new=95631.44
2026-01-16 11:00:01,642 - INFO - 15m | 01:45 | O:95602.1 H:95723.9 L:95594.5 C:95613.9
2026-01-16 11:00:01,642 - INFO - 지표: ADX=14.0, ATR=215.4, Bull=False, Bear=False
2026-01-16 11:01:13,573 - INFO - [상태] 포지션 없음, 자본금: $6059.05
2026-01-16 11:01:13,573 - INFO - [지표] ADX=nan, Bull=nan, Bear=nan
2026-01-16 11:06:13,576 - INFO - [상태] 포지션 없음, 자본금: $6059.05
2026-01-16 11:06:13,576 - INFO - [지표] ADX=nan, Bull=nan, Bear=nan
2026-01-16 11:11:13,577 - INFO - [상태] 포지션 없음, 자본금: $6059.05
2026-01-16 11:11:13,577 - INFO - [지표] ADX=nan, Bull=nan, Bear=nan
2026-01-16 11:15:00,187 - INFO - [EMA] 증분계산: prev=95631.44, close=95424.5, new=95615.52
2026-01-16 11:15:00,197 - INFO - 15m | 02:00 | O:95613.9 H:95613.9 L:95391.0 C:95424.5
2026-01-16 11:15:00,197 - INFO - 지표: ADX=13.9, ATR=216.1, Bull=False, Bear=False
2026-01-16 11:16:13,579 - INFO - [상태] 포지션 없음, 자본금: $6059.05
2026-01-16 11:16:13,579 - INFO - [지표] ADX=nan, Bull=nan, Bear=nan
2026-01-16 11:21:13,580 - INFO - [상태] 포지션 없음, 자본금: $6059.05
2026-01-16 11:21:13,581 - INFO - [지표] ADX=nan, Bull=nan, Bear=nan
2026-01-16 11:26:13,582 - INFO - [상태] 포지션 없음, 자본금: $6059.05
2026-01-16 11:26:13,582 - INFO - [지표] ADX=nan, Bull=nan, Bear=nan
2026-01-16 11:30:00,182 - INFO - [EMA] 증분계산: prev=95615.52, close=95622.0, new=95616.02
2026-01-16 11:30:00,188 - INFO - 15m | 02:15 | O:95423.3 H:95637.5 L:95338.1 C:95622.0
2026-01-16 11:30:00,189 - INFO - 지표: ADX=14.0, ATR=223.0, Bull=False, Bear=False
2026-01-16 11:31:13,584 - INFO - [상태] 포지션 없음, 자본금: $6059.05
2026-01-16 11:31:13,584 - INFO - [지표] ADX=nan, Bull=nan, Bear=nan
2026-01-16 11:36:13,585 - INFO - [상태] 포지션 없음, 자본금: $6059.05
2026-01-16 11:36:13,585 - INFO - [지표] ADX=nan, Bull=nan, Bear=nan
2026-01-16 11:41:13,588 - INFO - [상태] 포지션 없음, 자본금: $6059.05
2026-01-16 11:41:13,588 - INFO - [지표] ADX=nan, Bull=nan, Bear=nan
2026-01-16 11:45:00,041 - INFO - [EMA] 증분계산: prev=95616.02, close=95432.0, new=95601.87
2026-01-16 11:45:00,048 - INFO - 15m | 02:30 | O:95622.0 H:95628.9 L:95386.9 C:95432.0
2026-01-16 11:45:00,048 - INFO - 지표: ADX=14.1, ATR=224.6, Bull=False, Bear=False
2026-01-16 11:46:13,592 - INFO - [상태] 포지션 없음, 자본금: $6059.05
2026-01-16 11:46:13,592 - INFO - [지표] ADX=nan, Bull=nan, Bear=nan
2026-01-16 11:51:13,595 - INFO - [상태] 포지션 없음, 자본금: $6059.05
2026-01-16 11:51:13,596 - INFO - [지표] ADX=nan, Bull=nan, Bear=nan
2026-01-16 11:56:13,597 - INFO - [상태] 포지션 없음, 자본금: $6059.05
2026-01-16 11:56:13,598 - INFO - [지표] ADX=nan, Bull=nan, Bear=nan
2026-01-16 12:00:00,043 - INFO - [EMA] 증분계산: prev=95601.87, close=95459.9, new=95590.95
2026-01-16 12:00:00,053 - INFO - 15m | 02:45 | O:95433.9 H:95500.0 L:95427.3 C:95459.9
2026-01-16 12:00:00,053 - INFO - 지표: ADX=14.2, ATR=211.9, Bull=False, Bear=False
2026-01-16 12:01:13,599 - INFO - [상태] 포지션 없음, 자본금: $6059.05
2026-01-16 12:01:13,599 - INFO - [지표] ADX=nan, Bull=nan, Bear=nan
2026-01-16 12:06:13,601 - INFO - [상태] 포지션 없음, 자본금: $6059.05
2026-01-16 12:06:13,601 - INFO - [지표] ADX=nan, Bull=nan, Bear=nan
2026-01-16 12:11:13,602 - INFO - [상태] 포지션 없음, 자본금: $6059.05
2026-01-16 12:11:13,602 - INFO - [지표] ADX=nan, Bull=nan, Bear=nan
2026-01-16 12:15:00,128 - INFO - [EMA] 증분계산: prev=95590.95, close=95521.0, new=95585.57
2026-01-16 12:15:00,134 - INFO - 15m | 03:00 | O:95459.9 H:95541.8 L:95453.0 C:95521.0
2026-01-16 12:15:00,135 - INFO - 지표: ADX=14.0, ATR=201.7, Bull=False, Bear=False
2026-01-16 12:16:13,604 - INFO - [상태] 포지션 없음, 자본금: $6059.05
2026-01-16 12:16:13,604 - INFO - [지표] ADX=nan, Bull=nan, Bear=nan
2026-01-16 12:21:13,605 - INFO - [상태] 포지션 없음, 자본금: $6059.05
2026-01-16 12:21:13,605 - INFO - [지표] ADX=nan, Bull=nan, Bear=nan
2026-01-16 12:26:13,609 - INFO - [상태] 포지션 없음, 자본금: $6059.05
2026-01-16 12:26:13,609 - INFO - [지표] ADX=nan, Bull=nan, Bear=nan
2026-01-16 12:30:03,047 - INFO - [EMA] 증분계산: prev=95585.57, close=95442.7, new=95574.58
2026-01-16 12:30:03,054 - INFO - 15m | 03:15 | O:95520.0 H:95520.0 L:95435.2 C:95442.7
2026-01-16 12:30:03,055 - INFO - 지표: ADX=13.9, ATR=192.0, Bull=False, Bear=False
2026-01-16 12:31:13,612 - INFO - [상태] 포지션 없음, 자본금: $6059.05
2026-01-16 12:31:13,612 - INFO - [지표] ADX=nan, Bull=nan, Bear=nan
2026-01-16 12:36:13,616 - INFO - [상태] 포지션 없음, 자본금: $6059.05
2026-01-16 12:36:13,616 - INFO - [지표] ADX=nan, Bull=nan, Bear=nan
2026-01-16 12:41:13,618 - INFO - [상태] 포지션 없음, 자본금: $6059.05
2026-01-16 12:41:13,619 - INFO - [지표] ADX=nan, Bull=nan, Bear=nan
2026-01-16 12:45:00,103 - INFO - [EMA] 증분계산: prev=95574.58, close=95388.2, new=95560.24
2026-01-16 12:45:00,109 - INFO - 15m | 03:30 | O:95442.6 H:95442.6 L:95340.5 C:95388.2
2026-01-16 12:45:00,110 - INFO - 지표: ADX=14.3, ATR=184.5, Bull=False, Bear=False
2026-01-16 12:46:13,620 - INFO - [상태] 포지션 없음, 자본금: $6059.05
2026-01-16 12:46:13,621 - INFO - [지표] ADX=nan, Bull=nan, Bear=nan
2026-01-16 12:51:13,626 - INFO - [상태] 포지션 없음, 자본금: $6059.05
2026-01-16 12:51:13,626 - INFO - [지표] ADX=nan, Bull=nan, Bear=nan
2026-01-16 12:56:13,629 - INFO - [상태] 포지션 없음, 자본금: $6059.05
2026-01-16 12:56:13,629 - INFO - [지표] ADX=nan, Bull=nan, Bear=nan
2026-01-16 13:00:01,206 - INFO - [EMA] 증분계산: prev=95560.24, close=95292.0, new=95539.61
2026-01-16 13:00:01,216 - INFO - 15m | 03:45 | O:95390.0 H:95390.0 L:95270.5 C:95292.0
2026-01-16 13:00:01,216 - INFO - 지표: ADX=15.1, ATR=179.1, Bull=False, Bear=False
2026-01-16 13:01:13,636 - INFO - [상태] 포지션 없음, 자본금: $6059.05
2026-01-16 13:01:13,636 - INFO - [지표] ADX=nan, Bull=nan, Bear=nan
2026-01-16 13:06:13,638 - INFO - [상태] 포지션 없음, 자본금: $6059.05
2026-01-16 13:06:13,638 - INFO - [지표] ADX=nan, Bull=nan, Bear=nan
2026-01-16 13:11:13,641 - INFO - [상태] 포지션 없음, 자본금: $6059.05
2026-01-16 13:11:13,641 - INFO - [지표] ADX=nan, Bull=nan, Bear=nan
2026-01-16 13:15:01,144 - INFO - [EMA] 증분계산: prev=95539.61, close=95377.3, new=95527.12
2026-01-16 13:15:01,151 - INFO - 15m | 04:00 | O:95292.1 H:95392.5 L:95277.1 C:95377.3
2026-01-16 13:15:01,151 - INFO - 지표: ADX=15.8, ATR=173.8, Bull=False, Bear=False
2026-01-16 13:16:13,643 - INFO - [상태] 포지션 없음, 자본금: $6059.05
2026-01-16 13:16:13,643 - INFO - [지표] ADX=nan, Bull=nan, Bear=nan
2026-01-16 13:21:13,644 - INFO - [상태] 포지션 없음, 자본금: $6059.05
2026-01-16 13:21:13,644 - INFO - [지표] ADX=nan, Bull=nan, Bear=nan
2026-01-16 13:26:13,645 - INFO - [상태] 포지션 없음, 자본금: $6059.05
2026-01-16 13:26:13,645 - INFO - [지표] ADX=nan, Bull=nan, Bear=nan
2026-01-16 13:30:00,037 - INFO - [EMA] 증분계산: prev=95527.12, close=95349.4, new=95513.45
2026-01-16 13:30:00,044 - INFO - 15m | 04:15 | O:95377.3 H:95534.6 L:95347.1 C:95349.4
2026-01-16 13:30:00,044 - INFO - 지표: ADX=15.3, ATR=174.9, Bull=False, Bear=False
2026-01-16 13:31:13,647 - INFO - [상태] 포지션 없음, 자본금: $6059.05
2026-01-16 13:31:13,647 - INFO - [지표] ADX=nan, Bull=nan, Bear=nan
2026-01-16 13:36:13,648 - INFO - [상태] 포지션 없음, 자본금: $6059.05
2026-01-16 13:36:13,648 - INFO - [지표] ADX=nan, Bull=nan, Bear=nan
2026-01-16 13:41:13,649 - INFO - [상태] 포지션 없음, 자본금: $6059.05
2026-01-16 13:41:13,649 - INFO - [지표] ADX=nan, Bull=nan, Bear=nan
2026-01-16 13:45:01,405 - INFO - [EMA] 증분계산: prev=95513.45, close=95182.9, new=95488.02
2026-01-16 13:45:01,414 - INFO - 15m | 04:30 | O:95349.5 H:95398.3 L:95123.9 C:95182.9
2026-01-16 13:45:01,415 - INFO - 지표: ADX=15.9, ATR=183.2, Bull=False, Bear=False
2026-01-16 13:46:13,651 - INFO - [상태] 포지션 없음, 자본금: $6059.05
2026-01-16 13:46:13,651 - INFO - [지표] ADX=nan, Bull=nan, Bear=nan
2026-01-16 13:51:13,656 - INFO - [상태] 포지션 없음, 자본금: $6059.05
2026-01-16 13:51:13,657 - INFO - [지표] ADX=nan, Bull=nan, Bear=nan
2026-01-16 13:56:13,659 - INFO - [상태] 포지션 없음, 자본금: $6059.05
2026-01-16 13:56:13,659 - INFO - [지표] ADX=nan, Bull=nan, Bear=nan
2026-01-16 14:00:00,421 - INFO - [EMA] 증분계산: prev=95488.02, close=95208.0, new=95466.48
2026-01-16 14:00:00,427 - INFO - 15m | 04:45 | O:95183.0 H:95244.3 L:95085.4 C:95208.0
2026-01-16 14:00:00,427 - INFO - 지표: ADX=16.8, ATR=181.2, Bull=False, Bear=False
2026-01-16 14:01:13,660 - INFO - [상태] 포지션 없음, 자본금: $6059.05
2026-01-16 14:01:13,660 - INFO - [지표] ADX=nan, Bull=nan, Bear=nan
2026-01-16 14:06:13,662 - INFO - [상태] 포지션 없음, 자본금: $6059.05
2026-01-16 14:06:13,663 - INFO - [지표] ADX=nan, Bull=nan, Bear=nan
2026-01-16 14:11:13,664 - INFO - [상태] 포지션 없음, 자본금: $6059.05
2026-01-16 14:11:13,665 - INFO - [지표] ADX=nan, Bull=nan, Bear=nan
2026-01-16 14:15:00,180 - INFO - [EMA] 증분계산: prev=95466.48, close=95351.0, new=95457.60
2026-01-16 14:15:00,190 - INFO - 15m | 05:00 | O:95208.0 H:95392.6 L:95187.8 C:95351.0
2026-01-16 14:15:00,190 - INFO - 지표: ADX=16.5, ATR=183.2, Bull=False, Bear=False
2026-01-16 14:16:13,666 - INFO - [상태] 포지션 없음, 자본금: $6059.05
2026-01-16 14:16:13,666 - INFO - [지표] ADX=nan, Bull=nan, Bear=nan
2026-01-16 14:21:13,667 - INFO - [상태] 포지션 없음, 자본금: $6059.05
2026-01-16 14:21:13,667 - INFO - [지표] ADX=nan, Bull=nan, Bear=nan
2026-01-16 14:26:13,669 - INFO - [상태] 포지션 없음, 자본금: $6059.05
2026-01-16 14:26:13,670 - INFO - [지표] ADX=nan, Bull=nan, Bear=nan
2026-01-16 14:30:00,613 - INFO - [EMA] 증분계산: prev=95457.60, close=95246.0, new=95441.32
2026-01-16 14:30:00,620 - INFO - 15m | 05:15 | O:95351.0 H:95389.6 L:95204.6 C:95246.0
2026-01-16 14:30:00,620 - INFO - 지표: ADX=16.2, ATR=183.3, Bull=False, Bear=False
2026-01-16 14:31:13,671 - INFO - [상태] 포지션 없음, 자본금: $6059.05
2026-01-16 14:31:13,671 - INFO - [지표] ADX=nan, Bull=nan, Bear=nan
2026-01-16 14:36:13,672 - INFO - [상태] 포지션 없음, 자본금: $6059.05
2026-01-16 14:36:13,672 - INFO - [지표] ADX=nan, Bull=nan, Bear=nan
2026-01-16 14:41:13,675 - INFO - [상태] 포지션 없음, 자본금: $6059.05
2026-01-16 14:41:13,675 - INFO - [지표] ADX=nan, Bull=nan, Bear=nan
2026-01-16 14:45:00,405 - INFO - [EMA] 증분계산: prev=95441.32, close=95531.1, new=95448.23
2026-01-16 14:45:00,414 - INFO - 15m | 05:30 | O:95246.1 H:95601.5 L:95240.0 C:95531.1
2026-01-16 14:45:00,414 - INFO - 지표: ADX=15.4, ATR=198.2, Bull=False, Bear=False
2026-01-16 14:46:13,676 - INFO - [상태] 포지션 없음, 자본금: $6059.05
2026-01-16 14:46:13,676 - INFO - [지표] ADX=nan, Bull=nan, Bear=nan
2026-01-16 14:51:13,678 - INFO - [상태] 포지션 없음, 자본금: $6059.05
2026-01-16 14:51:13,678 - INFO - [지표] ADX=nan, Bull=nan, Bear=nan
2026-01-16 14:56:13,681 - INFO - [상태] 포지션 없음, 자본금: $6059.05
2026-01-16 14:56:13,681 - INFO - [지표] ADX=nan, Bull=nan, Bear=nan
2026-01-16 15:00:00,060 - INFO - [EMA] 증분계산: prev=95448.23, close=95596.6, new=95459.64
2026-01-16 15:00:00,069 - INFO - 15m | 05:45 | O:95531.0 H:95629.8 L:95505.0 C:95596.6
2026-01-16 15:00:00,070 - INFO - 지표: ADX=14.9, ATR=192.1, Bull=False, Bear=False
2026-01-16 15:01:13,684 - INFO - [상태] 포지션 없음, 자본금: $6059.05
2026-01-16 15:01:13,684 - INFO - [지표] ADX=nan, Bull=nan, Bear=nan
2026-01-16 15:06:13,686 - INFO - [상태] 포지션 없음, 자본금: $6059.05
2026-01-16 15:06:13,687 - INFO - [지표] ADX=nan, Bull=nan, Bear=nan
2026-01-16 15:11:13,689 - INFO - [상태] 포지션 없음, 자본금: $6059.05
2026-01-16 15:11:13,690 - INFO - [지표] ADX=nan, Bull=nan, Bear=nan
2026-01-16 15:15:00,057 - INFO - [EMA] 증분계산: prev=95459.64, close=95547.2, new=95466.38
2026-01-16 15:15:00,067 - INFO - 15m | 06:00 | O:95596.6 H:95776.8 L:95525.0 C:95547.2
2026-01-16 15:15:00,067 - INFO - 지표: ADX=15.1, ATR=197.0, Bull=False, Bear=False
2026-01-16 15:16:13,691 - INFO - [상태] 포지션 없음, 자본금: $6059.05
2026-01-16 15:16:13,691 - INFO - [지표] ADX=nan, Bull=nan, Bear=nan
2026-01-16 15:21:13,693 - INFO - [상태] 포지션 없음, 자본금: $6059.05
2026-01-16 15:21:13,694 - INFO - [지표] ADX=nan, Bull=nan, Bear=nan
2026-01-16 15:26:13,695 - INFO - [상태] 포지션 없음, 자본금: $6059.05
2026-01-16 15:26:13,695 - INFO - [지표] ADX=nan, Bull=nan, Bear=nan
2026-01-16 15:30:00,256 - INFO - [EMA] 증분계산: prev=95466.38, close=95601.8, new=95476.79
2026-01-16 15:30:00,262 - INFO - 15m | 06:15 | O:95547.1 H:95629.9 L:95468.2 C:95601.8
2026-01-16 15:30:00,263 - INFO - 지표: ADX=14.9, ATR=194.1, Bull=False, Bear=False
2026-01-16 15:31:13,698 - INFO - [상태] 포지션 없음, 자본금: $6059.05
2026-01-16 15:31:13,699 - INFO - [지표] ADX=nan, Bull=nan, Bear=nan
2026-01-16 15:36:13,712 - INFO - [상태] 포지션 없음, 자본금: $6059.05
2026-01-16 15:36:13,712 - INFO - [지표] ADX=nan, Bull=nan, Bear=nan
2026-01-16 15:41:13,715 - INFO - [상태] 포지션 없음, 자본금: $6059.05
2026-01-16 15:41:13,715 - INFO - [지표] ADX=nan, Bull=nan, Bear=nan
2026-01-16 15:45:00,170 - INFO - [EMA] 증분계산: prev=95476.79, close=95642.6, new=95489.55
2026-01-16 15:45:00,177 - INFO - 15m | 06:30 | O:95601.8 H:95684.9 L:95571.3 C:95642.6
2026-01-16 15:45:00,177 - INFO - 지표: ADX=15.1, ATR=187.4, Bull=False, Bear=False
2026-01-16 15:46:13,717 - INFO - [상태] 포지션 없음, 자본금: $6059.05
2026-01-16 15:46:13,718 - INFO - [지표] ADX=nan, Bull=nan, Bear=nan
2026-01-16 15:51:13,719 - INFO - [상태] 포지션 없음, 자본금: $6059.05
2026-01-16 15:51:13,720 - INFO - [지표] ADX=nan, Bull=nan, Bear=nan
2026-01-16 15:56:13,721 - INFO - [상태] 포지션 없음, 자본금: $6059.05
2026-01-16 15:56:13,721 - INFO - [지표] ADX=nan, Bull=nan, Bear=nan
2026-01-16 16:00:01,107 - INFO - [EMA] 증분계산: prev=95489.55, close=95692.8, new=95505.18
2026-01-16 16:00:01,114 - INFO - 15m | 06:45 | O:95642.7 H:95704.0 L:95613.5 C:95692.8
2026-01-16 16:00:01,114 - INFO - 지표: ADX=15.3, ATR=179.3, Bull=False, Bear=False
2026-01-16 16:01:13,725 - INFO - [상태] 포지션 없음, 자본금: $6059.05
2026-01-16 16:01:13,725 - INFO - [지표] ADX=nan, Bull=nan, Bear=nan
2026-01-16 16:06:13,727 - INFO - [상태] 포지션 없음, 자본금: $6059.05
2026-01-16 16:06:13,728 - INFO - [지표] ADX=nan, Bull=nan, Bear=nan
2026-01-16 16:11:13,731 - INFO - [상태] 포지션 없음, 자본금: $6059.05
2026-01-16 16:11:13,731 - INFO - [지표] ADX=nan, Bull=nan, Bear=nan
2026-01-16 16:15:00,046 - INFO - [EMA] 증분계산: prev=95505.18, close=95635.8, new=95515.23
2026-01-16 16:15:00,053 - INFO - 15m | 07:00 | O:95692.8 H:95737.6 L:95635.8 C:95635.8
2026-01-16 16:15:00,053 - INFO - 지표: ADX=15.7, ATR=172.8, Bull=False, Bear=False
2026-01-16 16:16:13,733 - INFO - [상태] 포지션 없음, 자본금: $6059.05
2026-01-16 16:16:13,734 - INFO - [지표] ADX=nan, Bull=nan, Bear=nan
2026-01-16 16:21:13,735 - INFO - [상태] 포지션 없음, 자본금: $6059.05
2026-01-16 16:21:13,736 - INFO - [지표] ADX=nan, Bull=nan, Bear=nan
2026-01-16 16:26:13,741 - INFO - [상태] 포지션 없음, 자본금: $6059.05
2026-01-16 16:26:13,742 - INFO - [지표] ADX=nan, Bull=nan, Bear=nan
2026-01-16 16:30:00,051 - INFO - [EMA] 증분계산: prev=95515.23, close=95542.4, new=95517.32
2026-01-16 16:30:00,061 - INFO - 15m | 07:15 | O:95635.8 H:95643.2 L:95516.6 C:95542.4
2026-01-16 16:30:00,061 - INFO - 지표: ADX=15.1, ATR=169.0, Bull=False, Bear=False
2026-01-16 16:31:13,744 - INFO - [상태] 포지션 없음, 자본금: $6059.05
2026-01-16 16:31:13,745 - INFO - [지표] ADX=nan, Bull=nan, Bear=nan
2026-01-16 16:36:13,747 - INFO - [상태] 포지션 없음, 자본금: $6059.05
2026-01-16 16:36:13,748 - INFO - [지표] ADX=nan, Bull=nan, Bear=nan
2026-01-16 16:41:13,753 - INFO - [상태] 포지션 없음, 자본금: $6059.05
2026-01-16 16:41:13,753 - INFO - [지표] ADX=nan, Bull=nan, Bear=nan
2026-01-16 16:45:03,044 - INFO - [EMA] 증분계산: prev=95517.32, close=95437.3, new=95511.17
2026-01-16 16:45:03,050 - INFO - 15m | 07:30 | O:95542.4 H:95542.4 L:95421.8 C:95437.3
2026-01-16 16:45:03,050 - INFO - 지표: ADX=14.1, ATR=165.0, Bull=False, Bear=False
2026-01-16 16:46:13,755 - INFO - [상태] 포지션 없음, 자본금: $6059.05
2026-01-16 16:46:13,755 - INFO - [지표] ADX=nan, Bull=nan, Bear=nan
2026-01-16 16:51:13,758 - INFO - [상태] 포지션 없음, 자본금: $6059.05
2026-01-16 16:51:13,758 - INFO - [지표] ADX=nan, Bull=nan, Bear=nan
2026-01-16 16:56:13,767 - INFO - [상태] 포지션 없음, 자본금: $6059.05
2026-01-16 16:56:13,767 - INFO - [지표] ADX=nan, Bull=nan, Bear=nan
2026-01-16 17:00:00,157 - INFO - [EMA] 증분계산: prev=95511.17, close=95604.3, new=95518.33
2026-01-16 17:00:00,164 - INFO - 15m | 07:45 | O:95437.3 H:95631.0 L:95434.6 C:95604.3
2026-01-16 17:00:00,164 - INFO - 지표: ADX=13.6, ATR=167.6, Bull=False, Bear=False
2026-01-16 17:01:13,769 - INFO - [상태] 포지션 없음, 자본금: $6059.05
2026-01-16 17:01:13,769 - INFO - [지표] ADX=nan, Bull=nan, Bear=nan
2026-01-16 17:06:13,771 - INFO - [상태] 포지션 없음, 자본금: $6059.05
2026-01-16 17:06:13,772 - INFO - [지표] ADX=nan, Bull=nan, Bear=nan
2026-01-16 17:11:13,773 - INFO - [상태] 포지션 없음, 자본금: $6059.05
2026-01-16 17:11:13,774 - INFO - [지표] ADX=nan, Bull=nan, Bear=nan
2026-01-16 17:15:00,149 - INFO - [EMA] 증분계산: prev=95518.33, close=95660.7, new=95529.28
2026-01-16 17:15:00,159 - INFO - 15m | 08:00 | O:95604.3 H:95672.7 L:95518.3 C:95660.7
2026-01-16 17:15:00,159 - INFO - 지표: ADX=13.4, ATR=166.5, Bull=False, Bear=False
2026-01-16 17:16:13,781 - INFO - [상태] 포지션 없음, 자본금: $6059.05
2026-01-16 17:16:13,781 - INFO - [지표] ADX=nan, Bull=nan, Bear=nan
2026-01-16 17:21:13,782 - INFO - [상태] 포지션 없음, 자본금: $6059.05
2026-01-16 17:21:13,783 - INFO - [지표] ADX=nan, Bull=nan, Bear=nan
2026-01-16 17:26:13,784 - INFO - [상태] 포지션 없음, 자본금: $6059.05
2026-01-16 17:26:13,784 - INFO - [지표] ADX=nan, Bull=nan, Bear=nan
2026-01-16 17:30:01,690 - INFO - [EMA] 증분계산: prev=95529.28, close=95751.0, new=95546.34
2026-01-16 17:30:01,696 - INFO - 15m | 08:15 | O:95660.7 H:95787.0 L:95629.0 C:95751.0
2026-01-16 17:30:01,697 - INFO - 지표: ADX=13.8, ATR=165.8, Bull=False, Bear=False
2026-01-16 17:31:13,786 - INFO - [상태] 포지션 없음, 자본금: $6059.05
2026-01-16 17:31:13,786 - INFO - [지표] ADX=nan, Bull=nan, Bear=nan
2026-01-16 17:36:13,789 - INFO - [상태] 포지션 없음, 자본금: $6059.05
2026-01-16 17:36:13,789 - INFO - [지표] ADX=nan, Bull=nan, Bear=nan
2026-01-16 17:41:13,792 - INFO - [상태] 포지션 없음, 자본금: $6059.05
2026-01-16 17:41:13,793 - INFO - [지표] ADX=nan, Bull=nan, Bear=nan
2026-01-16 17:45:00,166 - INFO - [EMA] 증분계산: prev=95546.34, close=95721.8, new=95559.83
2026-01-16 17:45:00,173 - INFO - 15m | 08:30 | O:95753.0 H:95797.7 L:95609.0 C:95721.8
2026-01-16 17:45:00,173 - INFO - 지표: ADX=14.0, ATR=167.7, Bull=False, Bear=False
2026-01-16 17:46:13,795 - INFO - [상태] 포지션 없음, 자본금: $6059.05
2026-01-16 17:46:13,795 - INFO - [지표] ADX=nan, Bull=nan, Bear=nan
2026-01-16 17:51:13,801 - INFO - [상태] 포지션 없음, 자본금: $6059.05
2026-01-16 17:51:13,802 - INFO - [지표] ADX=nan, Bull=nan, Bear=nan
2026-01-16 17:56:13,804 - INFO - [상태] 포지션 없음, 자본금: $6059.05
2026-01-16 17:56:13,804 - INFO - [지표] ADX=nan, Bull=nan, Bear=nan
2026-01-16 18:00:00,153 - INFO - [EMA] 증분계산: prev=95559.83, close=95621.2, new=95564.55
2026-01-16 18:00:00,160 - INFO - 15m | 08:45 | O:95721.8 H:95725.9 L:95608.0 C:95621.2
2026-01-16 18:00:00,160 - INFO - 지표: ADX=14.2, ATR=163.5, Bull=False, Bear=False
2026-01-16 18:01:13,805 - INFO - [상태] 포지션 없음, 자본금: $6059.05
2026-01-16 18:01:13,806 - INFO - [지표] ADX=nan, Bull=nan, Bear=nan
2026-01-16 18:06:13,810 - INFO - [상태] 포지션 없음, 자본금: $6059.05
2026-01-16 18:06:13,810 - INFO - [지표] ADX=nan, Bull=nan, Bear=nan
2026-01-16 18:11:13,811 - INFO - [상태] 포지션 없음, 자본금: $6059.05
2026-01-16 18:11:13,812 - INFO - [지표] ADX=nan, Bull=nan, Bear=nan
2026-01-16 18:15:00,173 - INFO - [EMA] 증분계산: prev=95564.55, close=95632.6, new=95569.79
2026-01-16 18:15:00,180 - INFO - 15m | 09:00 | O:95621.1 H:95733.6 L:95599.1 C:95632.6
2026-01-16 18:15:00,180 - INFO - 지표: ADX=14.3, ATR=161.1, Bull=False, Bear=False
2026-01-16 18:16:13,814 - INFO - [상태] 포지션 없음, 자본금: $6059.05
2026-01-16 18:16:13,814 - INFO - [지표] ADX=nan, Bull=nan, Bear=nan
2026-01-16 18:21:13,815 - INFO - [상태] 포지션 없음, 자본금: $6059.05
2026-01-16 18:21:13,815 - INFO - [지표] ADX=nan, Bull=nan, Bear=nan
2026-01-16 18:26:13,824 - INFO - [상태] 포지션 없음, 자본금: $6059.05
2026-01-16 18:26:13,824 - INFO - [지표] ADX=nan, Bull=nan, Bear=nan
2026-01-16 18:30:00,094 - INFO - [EMA] 증분계산: prev=95569.79, close=95664.9, new=95577.10
2026-01-16 18:30:00,104 - INFO - 15m | 09:15 | O:95632.5 H:95664.9 L:95523.0 C:95664.9
2026-01-16 18:30:00,104 - INFO - 지표: ADX=13.8, ATR=159.5, Bull=False, Bear=False
2026-01-16 18:31:13,827 - INFO - [상태] 포지션 없음, 자본금: $6059.05
2026-01-16 18:31:13,827 - INFO - [지표] ADX=nan, Bull=nan, Bear=nan
2026-01-16 18:36:13,829 - INFO - [상태] 포지션 없음, 자본금: $6059.05
2026-01-16 18:36:13,829 - INFO - [지표] ADX=nan, Bull=nan, Bear=nan
2026-01-16 18:41:13,835 - INFO - [상태] 포지션 없음, 자본금: $6059.05
2026-01-16 18:41:13,835 - INFO - [지표] ADX=nan, Bull=nan, Bear=nan
2026-01-16 18:45:02,214 - INFO - [EMA] 증분계산: prev=95577.10, close=95605.0, new=95579.25
2026-01-16 18:45:02,223 - INFO - 15m | 09:30 | O:95664.9 H:95678.7 L:95585.8 C:95605.0
2026-01-16 18:45:02,223 - INFO - 지표: ADX=13.4, ATR=154.0, Bull=False, Bear=False
2026-01-16 18:46:13,836 - INFO - [상태] 포지션 없음, 자본금: $6059.05
2026-01-16 18:46:13,836 - INFO - [지표] ADX=nan, Bull=nan, Bear=nan
2026-01-16 18:51:13,846 - INFO - [상태] 포지션 없음, 자본금: $6059.05
2026-01-16 18:51:13,846 - INFO - [지표] ADX=nan, Bull=nan, Bear=nan
2026-01-16 18:56:13,855 - INFO - [상태] 포지션 없음, 자본금: $6059.05
2026-01-16 18:56:13,855 - INFO - [지표] ADX=nan, Bull=nan, Bear=nan
2026-01-16 19:00:00,081 - INFO - [EMA] 증분계산: prev=95579.25, close=95558.9, new=95577.68
2026-01-16 19:00:00,090 - INFO - 15m | 09:45 | O:95609.0 H:95618.0 L:95540.0 C:95558.9
2026-01-16 19:00:00,090 - INFO - 지표: ADX=12.6, ATR=147.6, Bull=False, Bear=False
2026-01-16 19:01:13,860 - INFO - [상태] 포지션 없음, 자본금: $6059.05
2026-01-16 19:01:13,861 - INFO - [지표] ADX=nan, Bull=nan, Bear=nan
2026-01-16 19:06:13,866 - INFO - [상태] 포지션 없음, 자본금: $6059.05
2026-01-16 19:06:13,866 - INFO - [지표] ADX=nan, Bull=nan, Bear=nan
2026-01-16 19:11:13,870 - INFO - [상태] 포지션 없음, 자본금: $6059.05
2026-01-16 19:11:13,870 - INFO - [지표] ADX=nan, Bull=nan, Bear=nan
2026-01-16 19:15:02,051 - INFO - [EMA] 증분계산: prev=95577.68, close=95515.2, new=95572.88
2026-01-16 19:15:02,061 - INFO - 15m | 10:00 | O:95555.4 H:95584.5 L:95433.2 C:95515.2
2026-01-16 19:15:02,061 - INFO - 지표: ADX=12.4, ATR=147.9, Bull=False, Bear=False
2026-01-16 19:16:13,871 - INFO - [상태] 포지션 없음, 자본금: $6059.05
2026-01-16 19:16:13,871 - INFO - [지표] ADX=nan, Bull=nan, Bear=nan
2026-01-16 19:21:13,872 - INFO - [상태] 포지션 없음, 자본금: $6059.05
2026-01-16 19:21:13,872 - INFO - [지표] ADX=nan, Bull=nan, Bear=nan
2026-01-16 19:26:13,874 - INFO - [상태] 포지션 없음, 자본금: $6059.05
2026-01-16 19:26:13,874 - INFO - [지표] ADX=nan, Bull=nan, Bear=nan
2026-01-16 19:30:00,348 - INFO - [EMA] 증분계산: prev=95572.88, close=95366.2, new=95556.98
2026-01-16 19:30:00,357 - INFO - 15m | 10:15 | O:95515.2 H:95515.2 L:95358.3 C:95366.2
2026-01-16 19:30:00,357 - INFO - 지표: ADX=12.6, ATR=148.7, Bull=False, Bear=False
2026-01-16 19:31:13,879 - INFO - [상태] 포지션 없음, 자본금: $6059.05
2026-01-16 19:31:13,880 - INFO - [지표] ADX=nan, Bull=nan, Bear=nan
2026-01-16 19:36:13,881 - INFO - [상태] 포지션 없음, 자본금: $6059.05
2026-01-16 19:36:13,881 - INFO - [지표] ADX=nan, Bull=nan, Bear=nan
2026-01-16 19:41:13,883 - INFO - [상태] 포지션 없음, 자본금: $6059.05
2026-01-16 19:41:13,884 - INFO - [지표] ADX=nan, Bull=nan, Bear=nan
2026-01-16 19:45:00,119 - INFO - [EMA] 증분계산: prev=95556.98, close=95329.7, new=95539.50
2026-01-16 19:45:00,129 - INFO - 15m | 10:30 | O:95366.2 H:95376.0 L:95262.1 C:95329.7
2026-01-16 19:45:00,129 - INFO - 지표: ADX=13.5, ATR=145.8, Bull=False, Bear=False
2026-01-16 19:46:13,885 - INFO - [상태] 포지션 없음, 자본금: $6059.05
2026-01-16 19:46:13,885 - INFO - [지표] ADX=nan, Bull=nan, Bear=nan
2026-01-16 19:51:13,887 - INFO - [상태] 포지션 없음, 자본금: $6059.05
2026-01-16 19:51:13,887 - INFO - [지표] ADX=nan, Bull=nan, Bear=nan
2026-01-16 19:56:13,890 - INFO - [상태] 포지션 없음, 자본금: $6059.05
2026-01-16 19:56:13,891 - INFO - [지표] ADX=nan, Bull=nan, Bear=nan
2026-01-16 20:00:00,158 - INFO - [EMA] 증분계산: prev=95539.50, close=95265.3, new=95518.40
2026-01-16 20:00:00,168 - INFO - 15m | 10:45 | O:95329.7 H:95372.6 L:95240.5 C:95265.3
2026-01-16 20:00:00,168 - INFO - 지표: ADX=14.4, ATR=144.6, Bull=False, Bear=False
2026-01-16 20:01:13,893 - INFO - [상태] 포지션 없음, 자본금: $6059.05
2026-01-16 20:01:13,893 - INFO - [지표] ADX=nan, Bull=nan, Bear=nan
2026-01-16 20:06:13,895 - INFO - [상태] 포지션 없음, 자본금: $6059.05
2026-01-16 20:06:13,896 - INFO - [지표] ADX=nan, Bull=nan, Bear=nan
2026-01-16 20:11:13,897 - INFO - [상태] 포지션 없음, 자본금: $6059.05
2026-01-16 20:11:13,898 - INFO - [지표] ADX=nan, Bull=nan, Bear=nan
2026-01-16 20:15:01,105 - INFO - [EMA] 증분계산: prev=95518.40, close=95264.8, new=95498.90
2026-01-16 20:15:01,112 - INFO - 15m | 11:00 | O:95265.2 H:95334.0 L:95200.9 C:95264.8
2026-01-16 20:15:01,112 - INFO - 지표: ADX=15.5, ATR=143.7, Bull=False, Bear=False
2026-01-16 20:16:13,899 - INFO - [상태] 포지션 없음, 자본금: $6059.05
2026-01-16 20:16:13,899 - INFO - [지표] ADX=nan, Bull=nan, Bear=nan
2026-01-16 20:21:13,900 - INFO - [상태] 포지션 없음, 자본금: $6059.05
2026-01-16 20:21:13,900 - INFO - [지표] ADX=nan, Bull=nan, Bear=nan
2026-01-16 20:26:13,902 - INFO - [상태] 포지션 없음, 자본금: $6059.05
2026-01-16 20:26:13,902 - INFO - [지표] ADX=nan, Bull=nan, Bear=nan
2026-01-16 20:30:00,132 - INFO - [EMA] 증분계산: prev=95498.90, close=95301.8, new=95483.74
2026-01-16 20:30:00,139 - INFO - 15m | 11:15 | O:95264.2 H:95332.9 L:95207.0 C:95301.8
2026-01-16 20:30:00,139 - INFO - 지표: ADX=16.5, ATR=142.2, Bull=False, Bear=False
2026-01-16 20:31:13,905 - INFO - [상태] 포지션 없음, 자본금: $6059.05
2026-01-16 20:31:13,905 - INFO - [지표] ADX=nan, Bull=nan, Bear=nan
2026-01-16 20:36:13,908 - INFO - [상태] 포지션 없음, 자본금: $6059.05
2026-01-16 20:36:13,908 - INFO - [지표] ADX=nan, Bull=nan, Bear=nan
2026-01-16 20:41:13,912 - INFO - [상태] 포지션 없음, 자본금: $6059.05
2026-01-16 20:41:13,912 - INFO - [지표] ADX=nan, Bull=nan, Bear=nan
2026-01-16 20:45:00,282 - INFO - [EMA] 증분계산: prev=95483.74, close=95248.8, new=95465.66
2026-01-16 20:45:00,292 - INFO - 15m | 11:30 | O:95301.8 H:95358.0 L:95244.2 C:95248.8
2026-01-16 20:45:00,292 - INFO - 지표: ADX=17.2, ATR=139.8, Bull=False, Bear=False
2026-01-16 20:46:13,914 - INFO - [상태] 포지션 없음, 자본금: $6059.05
2026-01-16 20:46:13,914 - INFO - [지표] ADX=nan, Bull=nan, Bear=nan
2026-01-16 20:51:13,915 - INFO - [상태] 포지션 없음, 자본금: $6059.05
2026-01-16 20:51:13,916 - INFO - [지표] ADX=nan, Bull=nan, Bear=nan
2026-01-16 20:56:13,919 - INFO - [상태] 포지션 없음, 자본금: $6059.05
2026-01-16 20:56:13,920 - INFO - [지표] ADX=nan, Bull=nan, Bear=nan
2026-01-16 21:00:01,128 - INFO - [EMA] 증분계산: prev=95465.66, close=95373.1, new=95458.54
2026-01-16 21:00:01,138 - INFO - 15m | 11:45 | O:95248.8 H:95421.5 L:95242.0 C:95373.1
2026-01-16 21:00:01,138 - INFO - 지표: ADX=17.1, ATR=143.1, Bull=False, Bear=False
2026-01-16 21:01:13,926 - INFO - [상태] 포지션 없음, 자본금: $6059.05
2026-01-16 21:01:13,926 - INFO - [지표] ADX=nan, Bull=nan, Bear=nan
2026-01-16 21:06:13,928 - INFO - [상태] 포지션 없음, 자본금: $6059.05
2026-01-16 21:06:13,928 - INFO - [지표] ADX=nan, Bull=nan, Bear=nan
2026-01-16 21:11:13,929 - INFO - [상태] 포지션 없음, 자본금: $6059.05
2026-01-16 21:11:13,930 - INFO - [지표] ADX=nan, Bull=nan, Bear=nan
2026-01-16 21:15:01,143 - INFO - [EMA] 증분계산: prev=95458.54, close=95425.0, new=95455.96
2026-01-16 21:15:01,150 - INFO - 15m | 12:00 | O:95373.1 H:95437.5 L:95351.1 C:95425.0
2026-01-16 21:15:01,150 - INFO - 지표: ADX=16.8, ATR=138.4, Bull=False, Bear=False
2026-01-16 21:16:13,931 - INFO - [상태] 포지션 없음, 자본금: $6059.05
2026-01-16 21:16:13,931 - INFO - [지표] ADX=nan, Bull=nan, Bear=nan
2026-01-16 21:21:13,932 - INFO - [상태] 포지션 없음, 자본금: $6059.05
2026-01-16 21:21:13,932 - INFO - [지표] ADX=nan, Bull=nan, Bear=nan
2026-01-16 21:26:13,934 - INFO - [상태] 포지션 없음, 자본금: $6059.05
2026-01-16 21:26:13,935 - INFO - [지표] ADX=nan, Bull=nan, Bear=nan
2026-01-16 21:30:01,126 - INFO - [EMA] 증분계산: prev=95455.96, close=95513.3, new=95460.37
2026-01-16 21:30:01,133 - INFO - 15m | 12:15 | O:95426.8 H:95519.8 L:95410.1 C:95513.3
2026-01-16 21:30:01,133 - INFO - 지표: ADX=15.7, ATR=136.0, Bull=False, Bear=False
2026-01-16 21:31:13,937 - INFO - [상태] 포지션 없음, 자본금: $6059.05
2026-01-16 21:31:13,938 - INFO - [지표] ADX=nan, Bull=nan, Bear=nan
2026-01-16 21:36:13,938 - INFO - [상태] 포지션 없음, 자본금: $6059.05
2026-01-16 21:36:13,939 - INFO - [지표] ADX=nan, Bull=nan, Bear=nan
2026-01-16 21:41:13,942 - INFO - [상태] 포지션 없음, 자본금: $6059.05
2026-01-16 21:41:13,942 - INFO - [지표] ADX=nan, Bull=nan, Bear=nan
2026-01-16 21:45:01,159 - INFO - [EMA] 증분계산: prev=95460.37, close=95447.6, new=95459.39
2026-01-16 21:45:01,166 - INFO - 15m | 12:30 | O:95513.4 H:95514.0 L:95378.0 C:95447.6
2026-01-16 21:45:01,166 - INFO - 지표: ADX=15.0, ATR=136.0, Bull=False, Bear=False
2026-01-16 21:46:13,944 - INFO - [상태] 포지션 없음, 자본금: $6059.05
2026-01-16 21:46:13,945 - INFO - [지표] ADX=nan, Bull=nan, Bear=nan
2026-01-16 21:51:13,946 - INFO - [상태] 포지션 없음, 자본금: $6059.05
2026-01-16 21:51:13,946 - INFO - [지표] ADX=nan, Bull=nan, Bear=nan
2026-01-16 21:56:13,948 - INFO - [상태] 포지션 없음, 자본금: $6059.05
2026-01-16 21:56:13,948 - INFO - [지표] ADX=nan, Bull=nan, Bear=nan
2026-01-16 22:00:00,109 - INFO - [EMA] 증분계산: prev=95459.39, close=95399.9, new=95454.81
2026-01-16 22:00:00,119 - INFO - 15m | 12:45 | O:95447.6 H:95459.2 L:95296.9 C:95399.9
2026-01-16 22:00:00,119 - INFO - 지표: ADX=15.0, ATR=138.2, Bull=False, Bear=False
2026-01-16 22:01:13,950 - INFO - [상태] 포지션 없음, 자본금: $6059.05
2026-01-16 22:01:13,950 - INFO - [지표] ADX=nan, Bull=nan, Bear=nan
2026-01-16 22:06:13,954 - INFO - [상태] 포지션 없음, 자본금: $6059.05
2026-01-16 22:06:13,954 - INFO - [지표] ADX=nan, Bull=nan, Bear=nan
2026-01-16 22:11:13,957 - INFO - [상태] 포지션 없음, 자본금: $6059.05
2026-01-16 22:11:13,957 - INFO - [지표] ADX=nan, Bull=nan, Bear=nan
2026-01-16 22:15:00,075 - INFO - [EMA] 증분계산: prev=95454.81, close=95470.2, new=95456.00
2026-01-16 22:15:00,084 - INFO - 15m | 13:00 | O:95399.9 H:95477.0 L:95330.0 C:95470.2
2026-01-16 22:15:00,084 - INFO - 지표: ADX=14.8, ATR=138.9, Bull=False, Bear=False
2026-01-16 22:16:13,959 - INFO - [상태] 포지션 없음, 자본금: $6059.05
2026-01-16 22:16:13,959 - INFO - [지표] ADX=nan, Bull=nan, Bear=nan
2026-01-16 22:21:13,964 - INFO - [상태] 포지션 없음, 자본금: $6059.05
2026-01-16 22:21:13,964 - INFO - [지표] ADX=nan, Bull=nan, Bear=nan
2026-01-16 22:26:13,967 - INFO - [상태] 포지션 없음, 자본금: $6059.05
2026-01-16 22:26:13,967 - INFO - [지표] ADX=nan, Bull=nan, Bear=nan
2026-01-16 22:30:00,071 - INFO - [EMA] 증분계산: prev=95456.00, close=95465.6, new=95456.74
2026-01-16 22:30:00,077 - INFO - 15m | 13:15 | O:95470.1 H:95506.8 L:95411.7 C:95465.6
2026-01-16 22:30:00,077 - INFO - 지표: ADX=14.3, ATR=135.3, Bull=False, Bear=False
2026-01-16 22:31:13,968 - INFO - [상태] 포지션 없음, 자본금: $6059.05
2026-01-16 22:31:13,969 - INFO - [지표] ADX=nan, Bull=nan, Bear=nan
2026-01-16 22:36:13,972 - INFO - [상태] 포지션 없음, 자본금: $6059.05
2026-01-16 22:36:13,973 - INFO - [지표] ADX=nan, Bull=nan, Bear=nan
2026-01-16 22:41:13,975 - INFO - [상태] 포지션 없음, 자본금: $6059.05
2026-01-16 22:41:13,975 - INFO - [지표] ADX=nan, Bull=nan, Bear=nan
2026-01-16 22:45:00,090 - INFO - [EMA] 증분계산: prev=95456.74, close=95356.6, new=95449.03
2026-01-16 22:45:00,097 - INFO - 15m | 13:30 | O:95465.0 H:95533.0 L:95219.7 C:95356.6
2026-01-16 22:45:00,097 - INFO - 지표: ADX=15.3, ATR=150.1, Bull=False, Bear=False
2026-01-16 22:46:13,976 - INFO - [상태] 포지션 없음, 자본금: $6059.05
2026-01-16 22:46:13,976 - INFO - [지표] ADX=nan, Bull=nan, Bear=nan
2026-01-16 22:51:13,988 - INFO - [상태] 포지션 없음, 자본금: $6059.05
2026-01-16 22:51:13,988 - INFO - [지표] ADX=nan, Bull=nan, Bear=nan
2026-01-16 22:56:13,989 - INFO - [상태] 포지션 없음, 자본금: $6059.05
2026-01-16 22:56:13,990 - INFO - [지표] ADX=nan, Bull=nan, Bear=nan
2026-01-16 23:00:00,039 - INFO - [EMA] 증분계산: prev=95449.03, close=95386.6, new=95444.23
2026-01-16 23:00:00,049 - INFO - 15m | 13:45 | O:95356.6 H:95429.3 L:95330.0 C:95386.6
2026-01-16 23:00:00,049 - INFO - 지표: ADX=16.2, ATR=145.9, Bull=False, Bear=False
2026-01-16 23:01:13,991 - INFO - [상태] 포지션 없음, 자본금: $6059.05
2026-01-16 23:01:13,992 - INFO - [지표] ADX=nan, Bull=nan, Bear=nan
2026-01-16 23:06:13,994 - INFO - [상태] 포지션 없음, 자본금: $6059.05
2026-01-16 23:06:13,994 - INFO - [지표] ADX=nan, Bull=nan, Bear=nan
2026-01-16 23:11:13,995 - INFO - [상태] 포지션 없음, 자본금: $6059.05
2026-01-16 23:11:13,996 - INFO - [지표] ADX=nan, Bull=nan, Bear=nan
2026-01-16 23:15:02,208 - INFO - [EMA] 증분계산: prev=95444.23, close=95386.9, new=95439.82
2026-01-16 23:15:02,218 - INFO - 15m | 14:00 | O:95386.5 H:95504.5 L:95370.0 C:95386.9
2026-01-16 23:15:02,218 - INFO - 지표: ADX=16.3, ATR=144.9, Bull=False, Bear=False
2026-01-16 23:16:14,000 - INFO - [상태] 포지션 없음, 자본금: $6059.05
2026-01-16 23:16:14,000 - INFO - [지표] ADX=nan, Bull=nan, Bear=nan
2026-01-16 23:21:14,007 - INFO - [상태] 포지션 없음, 자본금: $6059.05
2026-01-16 23:21:14,007 - INFO - [지표] ADX=nan, Bull=nan, Bear=nan
2026-01-16 23:26:14,008 - INFO - [상태] 포지션 없음, 자본금: $6059.05
2026-01-16 23:26:14,008 - INFO - [지표] ADX=nan, Bull=nan, Bear=nan
2026-01-16 23:30:00,128 - INFO - [EMA] 증분계산: prev=95439.82, close=95653.6, new=95456.27
2026-01-16 23:30:00,135 - INFO - 15m | 14:15 | O:95386.9 H:95654.8 L:95268.3 C:95653.6
2026-01-16 23:30:00,135 - INFO - 지표: ADX=15.3, ATR=165.1, Bull=False, Bear=False
2026-01-16 23:31:14,010 - INFO - [상태] 포지션 없음, 자본금: $6059.05
2026-01-16 23:31:14,010 - INFO - [지표] ADX=nan, Bull=nan, Bear=nan
2026-01-16 23:36:14,014 - INFO - [상태] 포지션 없음, 자본금: $6059.05
2026-01-16 23:36:14,014 - INFO - [지표] ADX=nan, Bull=nan, Bear=nan
2026-01-16 23:41:14,017 - INFO - [상태] 포지션 없음, 자본금: $6059.05
2026-01-16 23:41:14,017 - INFO - [지표] ADX=nan, Bull=nan, Bear=nan
2026-01-16 23:45:00,098 - INFO - [EMA] 증분계산: prev=95456.27, close=95158.0, new=95433.32
2026-01-16 23:45:00,104 - INFO - 15m | 14:30 | O:95654.8 H:95755.0 L:95158.0 C:95158.0
2026-01-16 23:45:00,105 - INFO - 지표: ADX=14.9, ATR=201.1, Bull=False, Bear=False
2026-01-16 23:46:14,018 - INFO - [상태] 포지션 없음, 자본금: $6059.05
2026-01-16 23:46:14,019 - INFO - [지표] ADX=nan, Bull=nan, Bear=nan
2026-01-16 23:51:14,020 - INFO - [상태] 포지션 없음, 자본금: $6059.05
2026-01-16 23:51:14,020 - INFO - [지표] ADX=nan, Bull=nan, Bear=nan
2026-01-16 23:56:14,022 - INFO - [상태] 포지션 없음, 자본금: $6059.05
2026-01-16 23:56:14,022 - INFO - [지표] ADX=nan, Bull=nan, Bear=nan
2026-01-17 00:00:00,082 - INFO - [EMA] 증분계산: prev=95433.32, close=95130.5, new=95410.03
2026-01-17 00:00:00,088 - INFO - 15m | 14:45 | O:95157.7 H:95450.2 L:95120.0 C:95130.5
2026-01-17 00:00:00,089 - INFO - 지표: ADX=14.7, ATR=211.8, Bull=False, Bear=False
2026-01-17 00:01:14,024 - INFO - [상태] 포지션 없음, 자본금: $6059.05
2026-01-17 00:01:14,024 - INFO - [지표] ADX=nan, Bull=nan, Bear=nan
2026-01-17 00:06:14,025 - INFO - [상태] 포지션 없음, 자본금: $6059.05
2026-01-17 00:06:14,025 - INFO - [지표] ADX=nan, Bull=nan, Bear=nan
2026-01-17 00:11:14,026 - INFO - [상태] 포지션 없음, 자본금: $6059.05
2026-01-17 00:11:14,027 - INFO - [지표] ADX=nan, Bull=nan, Bear=nan
2026-01-17 00:15:00,472 - INFO - [EMA] 증분계산: prev=95410.03, close=95513.5, new=95417.99
2026-01-17 00:15:00,481 - INFO - 15m | 15:00 | O:95130.5 H:95603.1 L:94989.6 C:95513.5
2026-01-17 00:15:00,481 - INFO - 지표: ADX=14.0, ATR=245.3, Bull=False, Bear=False
2026-01-17 00:16:14,027 - INFO - [상태] 포지션 없음, 자본금: $6059.05
2026-01-17 00:16:14,028 - INFO - [지표] ADX=nan, Bull=nan, Bear=nan
2026-01-17 00:21:14,029 - INFO - [상태] 포지션 없음, 자본금: $6059.05
2026-01-17 00:21:14,029 - INFO - [지표] ADX=nan, Bull=nan, Bear=nan
2026-01-17 00:26:14,031 - INFO - [상태] 포지션 없음, 자본금: $6059.05
2026-01-17 00:26:14,031 - INFO - [지표] ADX=nan, Bull=nan, Bear=nan
2026-01-17 00:30:00,108 - INFO - [EMA] 증분계산: prev=95417.99, close=94654.7, new=95359.27
2026-01-17 00:30:00,118 - INFO - 15m | 15:15 | O:95514.3 H:95535.6 L:94632.9 C:94654.7
2026-01-17 00:30:00,118 - INFO - 지표: ADX=14.7, ATR=300.1, Bull=False, Bear=False
2026-01-17 00:31:14,032 - INFO - [상태] 포지션 없음, 자본금: $6059.05
2026-01-17 00:31:14,032 - INFO - [지표] ADX=nan, Bull=nan, Bear=nan
2026-01-17 00:36:14,033 - INFO - [상태] 포지션 없음, 자본금: $6059.05
2026-01-17 00:36:14,034 - INFO - [지표] ADX=nan, Bull=nan, Bear=nan
2026-01-17 00:41:14,035 - INFO - [상태] 포지션 없음, 자본금: $6059.05
2026-01-17 00:41:14,035 - INFO - [지표] ADX=nan, Bull=nan, Bear=nan
2026-01-17 00:45:00,554 - INFO - [EMA] 증분계산: prev=95359.27, close=94453.7, new=95289.61
2026-01-17 00:45:00,564 - INFO - 15m | 15:30 | O:94654.6 H:94759.0 L:94312.5 C:94453.7
2026-01-17 00:45:00,564 - INFO - 지표: ADX=16.5, ATR=312.3, Bull=False, Bear=False
2026-01-17 00:46:14,036 - INFO - [상태] 포지션 없음, 자본금: $6059.05
2026-01-17 00:46:14,037 - INFO - [지표] ADX=nan, Bull=nan, Bear=nan
2026-01-17 00:51:14,037 - INFO - [상태] 포지션 없음, 자본금: $6059.05
2026-01-17 00:51:14,038 - INFO - [지표] ADX=nan, Bull=nan, Bear=nan
2026-01-17 00:56:14,039 - INFO - [상태] 포지션 없음, 자본금: $6059.05
2026-01-17 00:56:14,039 - INFO - [지표] ADX=nan, Bull=nan, Bear=nan
2026-01-17 01:00:00,040 - INFO - [EMA] 증분계산: prev=95289.61, close=94518.6, new=95230.30
2026-01-17 01:00:00,049 - INFO - 15m | 15:45 | O:94453.6 H:94618.8 L:94205.7 C:94518.6
2026-01-17 01:00:00,050 - INFO - 지표: ADX=18.5, ATR=320.7, Bull=False, Bear=False
2026-01-17 01:01:14,041 - INFO - [상태] 포지션 없음, 자본금: $6059.05
2026-01-17 01:01:14,042 - INFO - [지표] ADX=nan, Bull=nan, Bear=nan
2026-01-17 01:06:14,043 - INFO - [상태] 포지션 없음, 자본금: $6059.05
2026-01-17 01:06:14,043 - INFO - [지표] ADX=nan, Bull=nan, Bear=nan
2026-01-17 01:11:14,044 - INFO - [상태] 포지션 없음, 자본금: $6059.05
2026-01-17 01:11:14,044 - INFO - [지표] ADX=nan, Bull=nan, Bear=nan
2026-01-17 01:15:00,083 - INFO - [EMA] 증분계산: prev=95230.30, close=94730.1, new=95191.83
2026-01-17 01:15:00,093 - INFO - 15m | 16:00 | O:94518.7 H:94792.8 L:94433.6 C:94730.1
2026-01-17 01:15:00,093 - INFO - 지표: ADX=19.3, ATR=323.9, Bull=False, Bear=False
2026-01-17 01:16:14,046 - INFO - [상태] 포지션 없음, 자본금: $6059.05
2026-01-17 01:16:14,046 - INFO - [지표] ADX=nan, Bull=nan, Bear=nan
2026-01-17 01:21:14,047 - INFO - [상태] 포지션 없음, 자본금: $6059.05
2026-01-17 01:21:14,048 - INFO - [지표] ADX=nan, Bull=nan, Bear=nan
2026-01-17 01:26:14,048 - INFO - [상태] 포지션 없음, 자본금: $6059.05
2026-01-17 01:26:14,048 - INFO - [지표] ADX=nan, Bull=nan, Bear=nan
2026-01-17 01:30:00,509 - INFO - [EMA] 증분계산: prev=95191.83, close=94813.1, new=95162.69
2026-01-17 01:30:00,516 - INFO - 15m | 16:15 | O:94730.3 H:94880.2 L:94520.8 C:94813.1
2026-01-17 01:30:00,516 - INFO - 지표: ADX=19.4, ATR=326.9, Bull=False, Bear=False
2026-01-17 01:31:14,049 - INFO - [상태] 포지션 없음, 자본금: $6059.05
2026-01-17 01:31:14,050 - INFO - [지표] ADX=nan, Bull=nan, Bear=nan
2026-01-17 01:36:14,051 - INFO - [상태] 포지션 없음, 자본금: $6059.05
2026-01-17 01:36:14,051 - INFO - [지표] ADX=nan, Bull=nan, Bear=nan
2026-01-17 01:41:14,052 - INFO - [상태] 포지션 없음, 자본금: $6059.05
2026-01-17 01:41:14,053 - INFO - [지표] ADX=nan, Bull=nan, Bear=nan
2026-01-17 01:45:00,065 - INFO - [EMA] 증분계산: prev=95162.69, close=94827.1, new=95136.88
2026-01-17 01:45:00,074 - INFO - 15m | 16:30 | O:94806.9 H:94903.9 L:94610.0 C:94827.1
2026-01-17 01:45:00,074 - INFO - 지표: ADX=19.4, ATR=324.1, Bull=False, Bear=False
2026-01-17 01:46:14,053 - INFO - [상태] 포지션 없음, 자본금: $6059.05
2026-01-17 01:46:14,054 - INFO - [지표] ADX=nan, Bull=nan, Bear=nan
2026-01-17 01:51:14,055 - INFO - [상태] 포지션 없음, 자본금: $6059.05
2026-01-17 01:51:14,055 - INFO - [지표] ADX=nan, Bull=nan, Bear=nan
2026-01-17 01:56:14,056 - INFO - [상태] 포지션 없음, 자본금: $6059.05
2026-01-17 01:56:14,056 - INFO - [지표] ADX=nan, Bull=nan, Bear=nan
2026-01-17 02:00:00,288 - INFO - [EMA] 증분계산: prev=95136.88, close=94810.7, new=95111.79
2026-01-17 02:00:00,297 - INFO - 15m | 16:45 | O:94825.0 H:94931.8 L:94710.9 C:94810.7
2026-01-17 02:00:00,297 - INFO - 지표: ADX=19.3, ATR=315.5, Bull=False, Bear=False
2026-01-17 02:01:14,058 - INFO - [상태] 포지션 없음, 자본금: $6059.05
2026-01-17 02:01:14,058 - INFO - [지표] ADX=nan, Bull=nan, Bear=nan
2026-01-17 02:06:14,059 - INFO - [상태] 포지션 없음, 자본금: $6059.05
2026-01-17 02:06:14,059 - INFO - [지표] ADX=nan, Bull=nan, Bear=nan
2026-01-17 02:11:14,062 - INFO - [상태] 포지션 없음, 자본금: $6059.05
2026-01-17 02:11:14,063 - INFO - [지표] ADX=nan, Bull=nan, Bear=nan
2026-01-17 02:15:00,112 - INFO - [EMA] 증분계산: prev=95111.79, close=94733.2, new=95082.67
2026-01-17 02:15:00,122 - INFO - 15m | 17:00 | O:94810.7 H:94811.8 L:94588.7 C:94733.2
2026-01-17 02:15:00,122 - INFO - 지표: ADX=19.6, ATR=307.8, Bull=False, Bear=False
2026-01-17 02:16:14,064 - INFO - [상태] 포지션 없음, 자본금: $6059.05
2026-01-17 02:16:14,064 - INFO - [지표] ADX=nan, Bull=nan, Bear=nan
2026-01-17 02:21:14,065 - INFO - [상태] 포지션 없음, 자본금: $6059.05
2026-01-17 02:21:14,066 - INFO - [지표] ADX=nan, Bull=nan, Bear=nan
2026-01-17 02:26:14,066 - INFO - [상태] 포지션 없음, 자본금: $6059.05
2026-01-17 02:26:14,067 - INFO - [지표] ADX=nan, Bull=nan, Bear=nan
2026-01-17 02:30:00,034 - INFO - [EMA] 증분계산: prev=95082.67, close=94698.5, new=95053.12
2026-01-17 02:30:00,041 - INFO - 15m | 17:15 | O:94733.2 H:94854.3 L:94502.0 C:94698.5
2026-01-17 02:30:00,041 - INFO - 지표: ADX=20.3, ATR=311.5, Bull=False, Bear=False
2026-01-17 02:31:14,067 - INFO - [상태] 포지션 없음, 자본금: $6059.05
2026-01-17 02:31:14,068 - INFO - [지표] ADX=nan, Bull=nan, Bear=nan
2026-01-17 02:36:14,069 - INFO - [상태] 포지션 없음, 자본금: $6059.05
2026-01-17 02:36:14,070 - INFO - [지표] ADX=nan, Bull=nan, Bear=nan
2026-01-17 02:41:14,070 - INFO - [상태] 포지션 없음, 자본금: $6059.05
2026-01-17 02:41:14,071 - INFO - [지표] ADX=nan, Bull=nan, Bear=nan
2026-01-17 02:45:00,142 - INFO - [EMA] 증분계산: prev=95053.12, close=94860.1, new=95038.27
2026-01-17 02:45:00,152 - INFO - 15m | 17:30 | O:94698.5 H:94867.0 L:94670.7 C:94860.1
2026-01-17 02:45:00,152 - INFO - 지표: ADX=20.8, ATR=301.9, Bull=False, Bear=False
2026-01-17 02:46:14,072 - INFO - [상태] 포지션 없음, 자본금: $6059.05
2026-01-17 02:46:14,072 - INFO - [지표] ADX=nan, Bull=nan, Bear=nan
2026-01-17 02:51:14,072 - INFO - [상태] 포지션 없음, 자본금: $6059.05
2026-01-17 02:51:14,073 - INFO - [지표] ADX=nan, Bull=nan, Bear=nan
2026-01-17 02:56:14,074 - INFO - [상태] 포지션 없음, 자본금: $6059.05
2026-01-17 02:56:14,075 - INFO - [지표] ADX=nan, Bull=nan, Bear=nan
2026-01-17 03:00:00,323 - INFO - [EMA] 증분계산: prev=95038.27, close=95021.1, new=95036.95
2026-01-17 03:00:00,333 - INFO - 15m | 17:45 | O:94860.0 H:95069.6 L:94711.9 C:95021.1
2026-01-17 03:00:00,333 - INFO - 지표: ADX=20.0, ATR=306.6, Bull=False, Bear=False
2026-01-17 03:01:14,076 - INFO - [상태] 포지션 없음, 자본금: $6059.05
2026-01-17 03:01:14,076 - INFO - [지표] ADX=nan, Bull=nan, Bear=nan
2026-01-17 03:06:14,079 - INFO - [상태] 포지션 없음, 자본금: $6059.05
2026-01-17 03:06:14,079 - INFO - [지표] ADX=nan, Bull=nan, Bear=nan
2026-01-17 03:11:14,081 - INFO - [상태] 포지션 없음, 자본금: $6059.05
2026-01-17 03:11:14,081 - INFO - [지표] ADX=nan, Bull=nan, Bear=nan
2026-01-17 03:15:00,133 - INFO - [EMA] 증분계산: prev=95036.95, close=94984.4, new=95032.91
2026-01-17 03:15:00,140 - INFO - 15m | 18:00 | O:95013.4 H:95150.0 L:94979.8 C:94984.4
2026-01-17 03:15:00,140 - INFO - 지표: ADX=18.8, ATR=295.2, Bull=False, Bear=False
2026-01-17 03:16:14,082 - INFO - [상태] 포지션 없음, 자본금: $6059.05
2026-01-17 03:16:14,083 - INFO - [지표] ADX=nan, Bull=nan, Bear=nan
2026-01-17 03:21:14,083 - INFO - [상태] 포지션 없음, 자본금: $6059.05
2026-01-17 03:21:14,084 - INFO - [지표] ADX=nan, Bull=nan, Bear=nan
2026-01-17 03:26:14,085 - INFO - [상태] 포지션 없음, 자본금: $6059.05
2026-01-17 03:26:14,085 - INFO - [지표] ADX=nan, Bull=nan, Bear=nan
2026-01-17 03:30:00,457 - INFO - [EMA] 증분계산: prev=95032.91, close=95141.2, new=95041.24
2026-01-17 03:30:00,464 - INFO - 15m | 18:15 | O:94985.8 H:95161.8 L:94939.7 C:95141.2
2026-01-17 03:30:00,464 - INFO - 지표: ADX=17.9, ATR=289.1, Bull=False, Bear=False
2026-01-17 03:31:14,086 - INFO - [상태] 포지션 없음, 자본금: $6059.05
2026-01-17 03:31:14,087 - INFO - [지표] ADX=nan, Bull=nan, Bear=nan
2026-01-17 03:36:14,089 - INFO - [상태] 포지션 없음, 자본금: $6059.05
2026-01-17 03:36:14,089 - INFO - [지표] ADX=nan, Bull=nan, Bear=nan
2026-01-17 03:41:14,091 - INFO - [상태] 포지션 없음, 자본금: $6059.05
2026-01-17 03:41:14,091 - INFO - [지표] ADX=nan, Bull=nan, Bear=nan
2026-01-17 03:45:00,497 - INFO - [EMA] 증분계산: prev=95041.24, close=95076.9, new=95043.98
2026-01-17 03:45:00,504 - INFO - 15m | 18:30 | O:95141.3 H:95159.9 L:95035.9 C:95076.9
2026-01-17 03:45:00,504 - INFO - 지표: ADX=17.1, ATR=275.3, Bull=False, Bear=False
2026-01-17 03:46:14,093 - INFO - [상태] 포지션 없음, 자본금: $6059.05
2026-01-17 03:46:14,093 - INFO - [지표] ADX=nan, Bull=nan, Bear=nan
2026-01-17 03:51:14,095 - INFO - [상태] 포지션 없음, 자본금: $6059.05
2026-01-17 03:51:14,095 - INFO - [지표] ADX=nan, Bull=nan, Bear=nan
2026-01-17 03:56:14,097 - INFO - [상태] 포지션 없음, 자본금: $6059.05
2026-01-17 03:56:14,097 - INFO - [지표] ADX=nan, Bull=nan, Bear=nan
2026-01-17 04:00:00,104 - INFO - [EMA] 증분계산: prev=95043.98, close=94938.8, new=95035.89
2026-01-17 04:00:00,111 - INFO - 15m | 18:45 | O:95076.9 H:95123.9 L:94898.0 C:94938.8
2026-01-17 04:00:00,111 - INFO - 지표: ADX=17.0, ATR=271.2, Bull=False, Bear=True
2026-01-17 04:01:14,098 - INFO - [상태] 포지션 없음, 자본금: $6059.05
2026-01-17 04:01:14,099 - INFO - [지표] ADX=nan, Bull=nan, Bear=nan
2026-01-17 04:06:14,100 - INFO - [상태] 포지션 없음, 자본금: $6059.05
2026-01-17 04:06:14,100 - INFO - [지표] ADX=nan, Bull=nan, Bear=nan
2026-01-17 04:11:14,102 - INFO - [상태] 포지션 없음, 자본금: $6059.05
2026-01-17 04:11:14,102 - INFO - [지표] ADX=nan, Bull=nan, Bear=nan
2026-01-17 04:15:00,082 - INFO - [EMA] 증분계산: prev=95035.89, close=94915.9, new=95026.66
2026-01-17 04:15:00,089 - INFO - 15m | 19:00 | O:94938.8 H:94962.0 L:94858.4 C:94915.9
2026-01-17 04:15:00,089 - INFO - 지표: ADX=17.1, ATR=257.3, Bull=False, Bear=True
2026-01-17 04:16:14,105 - INFO - [상태] 포지션 없음, 자본금: $6059.05
2026-01-17 04:16:14,105 - INFO - [지표] ADX=nan, Bull=nan, Bear=nan
2026-01-17 04:21:14,107 - INFO - [상태] 포지션 없음, 자본금: $6059.05
2026-01-17 04:21:14,107 - INFO - [지표] ADX=nan, Bull=nan, Bear=nan
2026-01-17 04:26:14,108 - INFO - [상태] 포지션 없음, 자본금: $6059.05
2026-01-17 04:26:14,109 - INFO - [지표] ADX=nan, Bull=nan, Bear=nan
2026-01-17 04:30:00,704 - INFO - [EMA] 증분계산: prev=95026.66, close=94795.2, new=95008.85
2026-01-17 04:30:00,711 - INFO - 15m | 19:15 | O:94915.8 H:94937.2 L:94759.0 C:94795.2
2026-01-17 04:30:00,711 - INFO - 지표: ADX=17.7, ATR=250.7, Bull=False, Bear=True
2026-01-17 04:31:14,111 - INFO - [상태] 포지션 없음, 자본금: $6059.05
2026-01-17 04:31:14,111 - INFO - [지표] ADX=nan, Bull=nan, Bear=nan
2026-01-17 04:36:14,112 - INFO - [상태] 포지션 없음, 자본금: $6059.05
2026-01-17 04:36:14,112 - INFO - [지표] ADX=nan, Bull=nan, Bear=nan
2026-01-17 04:41:14,113 - INFO - [상태] 포지션 없음, 자본금: $6059.05
2026-01-17 04:41:14,113 - INFO - [지표] ADX=nan, Bull=nan, Bear=nan
2026-01-17 04:45:01,463 - INFO - [EMA] 증분계산: prev=95008.85, close=94882.0, new=94999.10
2026-01-17 04:45:01,470 - INFO - 15m | 19:30 | O:94792.0 H:94994.8 L:94790.8 C:94882.0
2026-01-17 04:45:01,470 - INFO - 지표: ADX=17.8, ATR=246.8, Bull=False, Bear=True
2026-01-17 04:46:14,114 - INFO - [상태] 포지션 없음, 자본금: $6059.05
2026-01-17 04:46:14,114 - INFO - [지표] ADX=nan, Bull=nan, Bear=nan
2026-01-17 04:51:14,116 - INFO - [상태] 포지션 없음, 자본금: $6059.05
2026-01-17 04:51:14,117 - INFO - [지표] ADX=nan, Bull=nan, Bear=nan
2026-01-17 04:56:14,117 - INFO - [상태] 포지션 없음, 자본금: $6059.05
2026-01-17 04:56:14,118 - INFO - [지표] ADX=nan, Bull=nan, Bear=nan
2026-01-17 05:00:01,102 - INFO - [EMA] 증분계산: prev=94999.10, close=94935.8, new=94994.23
2026-01-17 05:00:01,108 - INFO - 15m | 19:45 | O:94882.0 H:94973.5 L:94876.4 C:94935.8
2026-01-17 05:00:01,109 - INFO - 지표: ADX=17.9, ATR=234.3, Bull=False, Bear=True
2026-01-17 05:01:14,119 - INFO - [상태] 포지션 없음, 자본금: $6059.05
2026-01-17 05:01:14,119 - INFO - [지표] ADX=nan, Bull=nan, Bear=nan
2026-01-17 05:06:14,120 - INFO - [상태] 포지션 없음, 자본금: $6059.05
2026-01-17 05:06:14,120 - INFO - [지표] ADX=nan, Bull=nan, Bear=nan
2026-01-17 05:11:14,121 - INFO - [상태] 포지션 없음, 자본금: $6059.05
2026-01-17 05:11:14,121 - INFO - [지표] ADX=nan, Bull=nan, Bear=nan
2026-01-17 05:15:01,126 - INFO - [EMA] 증분계산: prev=94994.23, close=94810.9, new=94980.13
2026-01-17 05:15:01,132 - INFO - 15m | 20:00 | O:94935.8 H:94935.8 L:94606.8 C:94810.9
2026-01-17 05:15:01,133 - INFO - 지표: ADX=19.2, ATR=242.2, Bull=False, Bear=True
2026-01-17 05:16:14,122 - INFO - [상태] 포지션 없음, 자본금: $6059.05
2026-01-17 05:16:14,123 - INFO - [지표] ADX=nan, Bull=nan, Bear=nan
2026-01-17 05:21:14,124 - INFO - [상태] 포지션 없음, 자본금: $6059.05
2026-01-17 05:21:14,124 - INFO - [지표] ADX=nan, Bull=nan, Bear=nan
2026-01-17 05:26:14,126 - INFO - [상태] 포지션 없음, 자본금: $6059.05
2026-01-17 05:26:14,126 - INFO - [지표] ADX=nan, Bull=nan, Bear=nan
2026-01-17 05:30:00,158 - INFO - [EMA] 증분계산: prev=94980.13, close=95059.2, new=94986.21
2026-01-17 05:30:00,165 - INFO - 15m | 20:15 | O:94810.9 H:95090.5 L:94784.2 C:95059.2
2026-01-17 05:30:00,165 - INFO - 지표: ADX=19.3, ATR=247.5, Bull=False, Bear=True
2026-01-17 05:31:14,127 - INFO - [상태] 포지션 없음, 자본금: $6059.05
2026-01-17 05:31:14,127 - INFO - [지표] ADX=nan, Bull=nan, Bear=nan
2026-01-17 05:36:14,129 - INFO - [상태] 포지션 없음, 자본금: $6059.05
2026-01-17 05:36:14,130 - INFO - [지표] ADX=nan, Bull=nan, Bear=nan
2026-01-17 05:41:14,131 - INFO - [상태] 포지션 없음, 자본금: $6059.05
2026-01-17 05:41:14,131 - INFO - [지표] ADX=nan, Bull=nan, Bear=nan
2026-01-17 05:45:00,085 - INFO - [EMA] 증분계산: prev=94986.21, close=95169.3, new=95000.29
2026-01-17 05:45:00,091 - INFO - 15m | 20:30 | O:95059.2 H:95185.6 L:95018.9 C:95169.3
2026-01-17 05:45:00,091 - INFO - 지표: ADX=18.8, ATR=240.8, Bull=False, Bear=True
2026-01-17 05:46:14,132 - INFO - [상태] 포지션 없음, 자본금: $6059.05
2026-01-17 05:46:14,132 - INFO - [지표] ADX=nan, Bull=nan, Bear=nan
2026-01-17 05:51:14,133 - INFO - [상태] 포지션 없음, 자본금: $6059.05
2026-01-17 05:51:14,133 - INFO - [지표] ADX=nan, Bull=nan, Bear=nan
2026-01-17 05:56:14,136 - INFO - [상태] 포지션 없음, 자본금: $6059.05
2026-01-17 05:56:14,136 - INFO - [지표] ADX=nan, Bull=nan, Bear=nan
2026-01-17 06:00:00,085 - INFO - [EMA] 증분계산: prev=95000.29, close=95493.6, new=95038.24
2026-01-17 06:00:00,095 - INFO - 15m | 20:45 | O:95169.3 H:95510.3 L:95122.7 C:95493.6
2026-01-17 06:00:00,095 - INFO - 지표: ADX=18.2, ATR=253.0, Bull=False, Bear=False
2026-01-17 06:01:14,138 - INFO - [상태] 포지션 없음, 자본금: $6059.05
2026-01-17 06:01:14,138 - INFO - [지표] ADX=nan, Bull=nan, Bear=nan
2026-01-17 06:06:14,140 - INFO - [상태] 포지션 없음, 자본금: $6059.05
2026-01-17 06:06:14,141 - INFO - [지표] ADX=nan, Bull=nan, Bear=nan
2026-01-17 06:11:14,142 - INFO - [상태] 포지션 없음, 자본금: $6059.05
2026-01-17 06:11:14,142 - INFO - [지표] ADX=nan, Bull=nan, Bear=nan
2026-01-17 06:15:00,375 - INFO - [EMA] 증분계산: prev=95038.24, close=95348.8, new=95062.13
2026-01-17 06:15:00,385 - INFO - 15m | 21:00 | O:95493.5 H:95536.9 L:95346.7 C:95348.8
2026-01-17 06:15:00,385 - INFO - 지표: ADX=17.8, ATR=247.8, Bull=False, Bear=True
2026-01-17 06:16:14,143 - INFO - [상태] 포지션 없음, 자본금: $6059.05
2026-01-17 06:16:14,144 - INFO - [지표] ADX=nan, Bull=nan, Bear=nan
2026-01-17 06:21:14,145 - INFO - [상태] 포지션 없음, 자본금: $6059.05
2026-01-17 06:21:14,145 - INFO - [지표] ADX=nan, Bull=nan, Bear=nan
2026-01-17 06:26:14,148 - INFO - [상태] 포지션 없음, 자본금: $6059.05
2026-01-17 06:26:14,148 - INFO - [지표] ADX=nan, Bull=nan, Bear=nan
2026-01-17 06:30:00,043 - INFO - [EMA] 증분계산: prev=95062.13, close=95349.2, new=95084.21
2026-01-17 06:30:00,052 - INFO - 15m | 21:15 | O:95348.9 H:95393.2 L:95282.9 C:95349.2
2026-01-17 06:30:00,053 - INFO - 지표: ADX=17.0, ATR=236.3, Bull=False, Bear=True
2026-01-17 06:31:14,152 - INFO - [상태] 포지션 없음, 자본금: $6059.05
2026-01-17 06:31:14,152 - INFO - [지표] ADX=nan, Bull=nan, Bear=nan
2026-01-17 06:36:14,155 - INFO - [상태] 포지션 없음, 자본금: $6059.05
2026-01-17 06:36:14,155 - INFO - [지표] ADX=nan, Bull=nan, Bear=nan
2026-01-17 06:41:14,157 - INFO - [상태] 포지션 없음, 자본금: $6059.05
2026-01-17 06:41:14,158 - INFO - [지표] ADX=nan, Bull=nan, Bear=nan
2026-01-17 06:45:00,119 - INFO - [EMA] 증분계산: prev=95084.21, close=95479.7, new=95114.63
2026-01-17 06:45:00,129 - INFO - 15m | 21:30 | O:95349.2 H:95512.6 L:95302.7 C:95479.7
2026-01-17 06:45:00,129 - INFO - 지표: ADX=16.8, ATR=234.1, Bull=False, Bear=False
2026-01-17 06:46:14,161 - INFO - [상태] 포지션 없음, 자본금: $6059.05
2026-01-17 06:46:14,161 - INFO - [지표] ADX=nan, Bull=nan, Bear=nan
2026-01-17 06:51:14,162 - INFO - [상태] 포지션 없음, 자본금: $6059.05
2026-01-17 06:51:14,163 - INFO - [지표] ADX=nan, Bull=nan, Bear=nan
2026-01-17 06:56:14,164 - INFO - [상태] 포지션 없음, 자본금: $6059.05
2026-01-17 06:56:14,164 - INFO - [지표] ADX=nan, Bull=nan, Bear=nan
2026-01-17 07:00:00,260 - INFO - [EMA] 증분계산: prev=95114.63, close=95446.7, new=95140.18
2026-01-17 07:00:00,270 - INFO - 15m | 21:45 | O:95479.7 H:95503.9 L:95397.2 C:95446.7
2026-01-17 07:00:00,270 - INFO - 지표: ADX=16.7, ATR=223.5, Bull=False, Bear=False
2026-01-17 07:01:14,165 - INFO - [상태] 포지션 없음, 자본금: $6059.05
2026-01-17 07:01:14,166 - INFO - [지표] ADX=nan, Bull=nan, Bear=nan
2026-01-17 07:06:14,167 - INFO - [상태] 포지션 없음, 자본금: $6059.05
2026-01-17 07:06:14,168 - INFO - [지표] ADX=nan, Bull=nan, Bear=nan
2026-01-17 07:11:14,173 - INFO - [상태] 포지션 없음, 자본금: $6059.05
2026-01-17 07:11:14,173 - INFO - [지표] ADX=nan, Bull=nan, Bear=nan
2026-01-17 07:15:00,038 - INFO - [EMA] 증분계산: prev=95140.18, close=95308.6, new=95153.13
2026-01-17 07:15:00,045 - INFO - 15m | 22:00 | O:95442.8 H:95510.2 L:95200.0 C:95308.6
2026-01-17 07:15:00,045 - INFO - 지표: ADX=15.5, ATR=230.7, Bull=False, Bear=True
2026-01-17 07:16:14,182 - INFO - [상태] 포지션 없음, 자본금: $6059.05
2026-01-17 07:16:14,182 - INFO - [지표] ADX=nan, Bull=nan, Bear=nan
2026-01-17 07:21:14,188 - INFO - [상태] 포지션 없음, 자본금: $6059.05
2026-01-17 07:21:14,188 - INFO - [지표] ADX=nan, Bull=nan, Bear=nan
2026-01-17 07:26:14,190 - INFO - [상태] 포지션 없음, 자본금: $6059.05
2026-01-17 07:26:14,191 - INFO - [지표] ADX=nan, Bull=nan, Bear=nan
2026-01-17 07:30:00,762 - INFO - [EMA] 증분계산: prev=95153.13, close=95308.8, new=95165.11
2026-01-17 07:30:00,771 - INFO - 15m | 22:15 | O:95308.6 H:95392.5 L:95275.6 C:95308.8
2026-01-17 07:30:00,772 - INFO - 지표: ADX=14.5, ATR=221.3, Bull=False, Bear=True
2026-01-17 07:31:14,193 - INFO - [상태] 포지션 없음, 자본금: $6059.05
2026-01-17 07:31:14,193 - INFO - [지표] ADX=nan, Bull=nan, Bear=nan
2026-01-17 07:36:14,200 - INFO - [상태] 포지션 없음, 자본금: $6059.05
2026-01-17 07:36:14,201 - INFO - [지표] ADX=nan, Bull=nan, Bear=nan
2026-01-17 07:41:14,203 - INFO - [상태] 포지션 없음, 자본금: $6059.05
2026-01-17 07:41:14,204 - INFO - [지표] ADX=nan, Bull=nan, Bear=nan
2026-01-17 07:45:01,111 - INFO - [EMA] 증분계산: prev=95165.11, close=95348.6, new=95179.22
2026-01-17 07:45:01,118 - INFO - 15m | 22:30 | O:95308.8 H:95348.6 L:95185.1 C:95348.6
2026-01-17 07:45:01,118 - INFO - 지표: ADX=14.0, ATR=216.4, Bull=False, Bear=True
2026-01-17 07:46:14,207 - INFO - [상태] 포지션 없음, 자본금: $6059.05
2026-01-17 07:46:14,207 - INFO - [지표] ADX=nan, Bull=nan, Bear=nan
2026-01-17 07:51:14,210 - INFO - [상태] 포지션 없음, 자본금: $6059.05
2026-01-17 07:51:14,210 - INFO - [지표] ADX=nan, Bull=nan, Bear=nan
2026-01-17 07:56:14,211 - INFO - [상태] 포지션 없음, 자본금: $6059.05
2026-01-17 07:56:14,212 - INFO - [지표] ADX=nan, Bull=nan, Bear=nan
2026-01-17 08:00:01,485 - INFO - [EMA] 증분계산: prev=95179.22, close=95443.1, new=95199.52
2026-01-17 08:00:01,492 - INFO - 15m | 22:45 | O:95349.0 H:95452.5 L:95247.9 C:95443.1
2026-01-17 08:00:01,492 - INFO - 지표: ADX=13.0, ATR=215.5, Bull=False, Bear=False
2026-01-17 08:01:14,213 - INFO - [상태] 포지션 없음, 자본금: $6059.05
2026-01-17 08:01:14,213 - INFO - [지표] ADX=nan, Bull=nan, Bear=nan
2026-01-17 08:06:14,216 - INFO - [상태] 포지션 없음, 자본금: $6059.05
2026-01-17 08:06:14,216 - INFO - [지표] ADX=nan, Bull=nan, Bear=nan
2026-01-17 08:11:14,219 - INFO - [상태] 포지션 없음, 자본금: $6059.05
2026-01-17 08:11:14,219 - INFO - [지표] ADX=nan, Bull=nan, Bear=nan
2026-01-17 08:15:00,871 - INFO - [EMA] 증분계산: prev=95199.52, close=95456.1, new=95219.26
2026-01-17 08:15:00,877 - INFO - 15m | 23:00 | O:95443.2 H:95463.9 L:95354.0 C:95456.1
2026-01-17 08:15:00,877 - INFO - 지표: ADX=12.2, ATR=206.7, Bull=False, Bear=False
2026-01-17 08:16:14,220 - INFO - [상태] 포지션 없음, 자본금: $6059.05
2026-01-17 08:16:14,221 - INFO - [지표] ADX=nan, Bull=nan, Bear=nan
2026-01-17 08:21:14,222 - INFO - [상태] 포지션 없음, 자본금: $6059.05
2026-01-17 08:21:14,222 - INFO - [지표] ADX=nan, Bull=nan, Bear=nan
2026-01-17 08:26:14,223 - INFO - [상태] 포지션 없음, 자본금: $6059.05
2026-01-17 08:26:14,223 - INFO - [지표] ADX=nan, Bull=nan, Bear=nan
2026-01-17 08:30:00,116 - INFO - [EMA] 증분계산: prev=95219.26, close=95477.0, new=95239.08
2026-01-17 08:30:00,122 - INFO - 15m | 23:15 | O:95456.0 H:95514.0 L:95408.7 C:95477.0
2026-01-17 08:30:00,122 - INFO - 지표: ADX=11.7, ATR=198.2, Bull=False, Bear=False
2026-01-17 08:31:14,224 - INFO - [상태] 포지션 없음, 자본금: $6059.05
2026-01-17 08:31:14,224 - INFO - [지표] ADX=nan, Bull=nan, Bear=nan
2026-01-17 08:36:14,228 - INFO - [상태] 포지션 없음, 자본금: $6059.05
2026-01-17 08:36:14,229 - INFO - [지표] ADX=nan, Bull=nan, Bear=nan
2026-01-17 08:41:14,230 - INFO - [상태] 포지션 없음, 자본금: $6059.05
2026-01-17 08:41:14,230 - INFO - [지표] ADX=nan, Bull=nan, Bear=nan
2026-01-17 08:45:00,100 - INFO - [EMA] 증분계산: prev=95239.08, close=95396.0, new=95251.15
2026-01-17 08:45:00,109 - INFO - 15m | 23:30 | O:95477.0 H:95504.1 L:95384.6 C:95396.0
2026-01-17 08:45:00,109 - INFO - 지표: ADX=11.2, ATR=191.7, Bull=False, Bear=False
2026-01-17 08:46:14,234 - INFO - [상태] 포지션 없음, 자본금: $6059.05
2026-01-17 08:46:14,234 - INFO - [지표] ADX=nan, Bull=nan, Bear=nan
2026-01-17 08:51:14,237 - INFO - [상태] 포지션 없음, 자본금: $6059.05
2026-01-17 08:51:14,237 - INFO - [지표] ADX=nan, Bull=nan, Bear=nan
2026-01-17 08:56:14,240 - INFO - [상태] 포지션 없음, 자본금: $6059.05
2026-01-17 08:56:14,240 - INFO - [지표] ADX=nan, Bull=nan, Bear=nan
