2026-01-16 09:00:00,143 - INFO - === 로그 파일 시작: logs/hyper_usdt_2026-01-16.log ===
2026-01-16 09:00:00,143 - INFO - [EMA] 증분계산: prev=95683.13, close=95567.3, new=95674.22
2026-01-16 09:00:00,153 - INFO - 15m | 23:45 | O:95474.0 H:95593.5 L:95474.0 C:95567.3
2026-01-16 09:00:00,153 - INFO - 지표: ADX=20.2, ATR=236.9, Bull=False, Bear=False
2026-01-16 09:04:15,488 - INFO - [상태] 포지션 없음, 자본금: $5364.14
2026-01-16 09:04:15,489 - INFO - [지표] ADX=nan, Bull=nan, Bear=nan
2026-01-16 09:09:15,489 - INFO - [상태] 포지션 없음, 자본금: $5364.14
2026-01-16 09:09:15,490 - INFO - [지표] ADX=nan, Bull=nan, Bear=nan
2026-01-16 09:14:15,490 - INFO - [상태] 포지션 없음, 자본금: $5364.14
2026-01-16 09:14:15,491 - INFO - [지표] ADX=nan, Bull=nan, Bear=nan
2026-01-16 09:15:00,559 - INFO - [EMA] 증분계산: prev=95674.22, close=95629.0, new=95670.74
2026-01-16 09:15:00,565 - INFO - 15m | 00:00 | O:95567.4 H:95705.9 L:95526.6 C:95629.0
2026-01-16 09:15:00,566 - INFO - 지표: ADX=19.0, ATR=231.1, Bull=False, Bear=False
2026-01-16 09:19:15,492 - INFO - [상태] 포지션 없음, 자본금: $5364.14
2026-01-16 09:19:15,492 - INFO - [지표] ADX=nan, Bull=nan, Bear=nan
2026-01-16 09:24:15,493 - INFO - [상태] 포지션 없음, 자본금: $5364.14
2026-01-16 09:24:15,493 - INFO - [지표] ADX=nan, Bull=nan, Bear=nan
2026-01-16 09:29:15,494 - INFO - [상태] 포지션 없음, 자본금: $5364.14
2026-01-16 09:29:15,494 - INFO - [지표] ADX=nan, Bull=nan, Bear=nan
2026-01-16 09:30:00,354 - INFO - [EMA] 증분계산: prev=95670.74, close=95651.8, new=95669.29
2026-01-16 09:30:00,361 - INFO - 15m | 00:15 | O:95629.0 H:95728.1 L:95585.5 C:95651.8
2026-01-16 09:30:00,361 - INFO - 지표: ADX=17.8, ATR=222.3, Bull=False, Bear=False
2026-01-16 09:34:15,495 - INFO - [상태] 포지션 없음, 자본금: $5364.14
2026-01-16 09:34:15,496 - INFO - [지표] ADX=nan, Bull=nan, Bear=nan
2026-01-16 09:39:15,497 - INFO - [상태] 포지션 없음, 자본금: $5364.14
2026-01-16 09:39:15,497 - INFO - [지표] ADX=nan, Bull=nan, Bear=nan
2026-01-16 09:44:15,498 - INFO - [상태] 포지션 없음, 자본금: $5364.14
2026-01-16 09:44:15,498 - INFO - [지표] ADX=nan, Bull=nan, Bear=nan
2026-01-16 09:45:00,458 - INFO - [EMA] 증분계산: prev=95669.29, close=95766.4, new=95676.76
2026-01-16 09:45:00,468 - INFO - 15m | 00:30 | O:95651.8 H:95788.4 L:95633.3 C:95766.4
2026-01-16 09:45:00,468 - INFO - 지표: ADX=16.7, ATR=215.6, Bull=False, Bear=False
2026-01-16 09:49:15,499 - INFO - [상태] 포지션 없음, 자본금: $5364.14
2026-01-16 09:49:15,500 - INFO - [지표] ADX=nan, Bull=nan, Bear=nan
2026-01-16 09:54:15,501 - INFO - [상태] 포지션 없음, 자본금: $5364.14
2026-01-16 09:54:15,502 - INFO - [지표] ADX=nan, Bull=nan, Bear=nan
2026-01-16 09:59:15,502 - INFO - [상태] 포지션 없음, 자본금: $5364.14
2026-01-16 09:59:15,503 - INFO - [지표] ADX=nan, Bull=nan, Bear=nan
2026-01-16 10:00:00,025 - INFO - [EMA] 증분계산: prev=95676.76, close=95589.6, new=95670.05
2026-01-16 10:00:00,035 - INFO - 15m | 00:45 | O:95766.3 H:95766.6 L:95563.5 C:95589.6
2026-01-16 10:00:00,035 - INFO - 지표: ADX=15.7, ATR=214.3, Bull=False, Bear=False
2026-01-16 10:04:15,504 - INFO - [상태] 포지션 없음, 자본금: $5364.14
2026-01-16 10:04:15,504 - INFO - [지표] ADX=nan, Bull=nan, Bear=nan
2026-01-16 10:09:15,506 - INFO - [상태] 포지션 없음, 자본금: $5364.14
2026-01-16 10:09:15,506 - INFO - [지표] ADX=nan, Bull=nan, Bear=nan
2026-01-16 10:14:15,507 - INFO - [상태] 포지션 없음, 자본금: $5364.14
2026-01-16 10:14:15,507 - INFO - [지표] ADX=nan, Bull=nan, Bear=nan
2026-01-16 10:15:00,155 - INFO - [EMA] 증분계산: prev=95670.05, close=95440.3, new=95652.38
2026-01-16 10:15:00,165 - INFO - 15m | 01:00 | O:95589.6 H:95589.7 L:95380.0 C:95440.3
2026-01-16 10:15:00,165 - INFO - 지표: ADX=15.6, ATR=213.9, Bull=False, Bear=False
2026-01-16 10:19:15,508 - INFO - [상태] 포지션 없음, 자본금: $5364.14
2026-01-16 10:19:15,509 - INFO - [지표] ADX=nan, Bull=nan, Bear=nan
2026-01-16 10:24:15,509 - INFO - [상태] 포지션 없음, 자본금: $5364.14
2026-01-16 10:24:15,510 - INFO - [지표] ADX=nan, Bull=nan, Bear=nan
2026-01-16 10:29:15,511 - INFO - [상태] 포지션 없음, 자본금: $5364.14
2026-01-16 10:29:15,511 - INFO - [지표] ADX=nan, Bull=nan, Bear=nan
2026-01-16 10:30:00,224 - INFO - [EMA] 증분계산: prev=95652.38, close=95614.2, new=95649.44
2026-01-16 10:30:00,233 - INFO - 15m | 01:15 | O:95440.3 H:95620.8 L:95421.6 C:95614.2
2026-01-16 10:30:00,233 - INFO - 지표: ADX=15.4, ATR=212.4, Bull=False, Bear=False
2026-01-16 10:34:15,513 - INFO - [상태] 포지션 없음, 자본금: $5364.14
2026-01-16 10:34:15,513 - INFO - [지표] ADX=nan, Bull=nan, Bear=nan
2026-01-16 10:39:15,514 - INFO - [상태] 포지션 없음, 자본금: $5364.14
2026-01-16 10:39:15,514 - INFO - [지표] ADX=nan, Bull=nan, Bear=nan
2026-01-16 10:44:15,515 - INFO - [상태] 포지션 없음, 자본금: $5364.14
2026-01-16 10:44:15,515 - INFO - [지표] ADX=nan, Bull=nan, Bear=nan
2026-01-16 10:45:00,269 - INFO - [EMA] 증분계산: prev=95649.44, close=95609.3, new=95646.35
2026-01-16 10:45:00,279 - INFO - 15m | 01:30 | O:95614.3 H:95825.0 L:95599.9 C:95609.3
2026-01-16 10:45:00,279 - INFO - 지표: ADX=14.5, ATR=213.7, Bull=False, Bear=False
2026-01-16 10:49:15,515 - INFO - [상태] 포지션 없음, 자본금: $5364.14
2026-01-16 10:49:15,516 - INFO - [지표] ADX=nan, Bull=nan, Bear=nan
2026-01-16 10:54:15,517 - INFO - [상태] 포지션 없음, 자본금: $5364.14
2026-01-16 10:54:15,517 - INFO - [지표] ADX=nan, Bull=nan, Bear=nan
2026-01-16 10:59:15,518 - INFO - [상태] 포지션 없음, 자본금: $5364.14
2026-01-16 10:59:15,519 - INFO - [지표] ADX=nan, Bull=nan, Bear=nan
2026-01-16 11:00:00,023 - INFO - [EMA] 증분계산: prev=95646.35, close=95623.7, new=95644.61
2026-01-16 11:00:00,033 - INFO - 15m | 01:45 | O:95609.3 H:95728.1 L:95609.2 C:95623.7
2026-01-16 11:00:00,033 - INFO - 지표: ADX=13.7, ATR=204.2, Bull=False, Bear=False
2026-01-16 11:04:15,519 - INFO - [상태] 포지션 없음, 자본금: $5364.14
2026-01-16 11:04:15,520 - INFO - [지표] ADX=nan, Bull=nan, Bear=nan
2026-01-16 11:09:15,521 - INFO - [상태] 포지션 없음, 자본금: $5364.14
2026-01-16 11:09:15,522 - INFO - [지표] ADX=nan, Bull=nan, Bear=nan
2026-01-16 11:14:15,522 - INFO - [상태] 포지션 없음, 자본금: $5364.14
2026-01-16 11:14:15,523 - INFO - [지표] ADX=nan, Bull=nan, Bear=nan
2026-01-16 11:15:00,079 - INFO - [EMA] 증분계산: prev=95644.61, close=95423.4, new=95627.60
2026-01-16 11:15:00,086 - INFO - 15m | 02:00 | O:95623.7 H:95623.7 L:95400.0 C:95423.4
2026-01-16 11:15:00,086 - INFO - 지표: ADX=13.5, ATR=206.1, Bull=False, Bear=False
2026-01-16 11:19:15,525 - INFO - [상태] 포지션 없음, 자본금: $5364.14
2026-01-16 11:19:15,525 - INFO - [지표] ADX=nan, Bull=nan, Bear=nan
2026-01-16 11:24:15,526 - INFO - [상태] 포지션 없음, 자본금: $5364.14
2026-01-16 11:24:15,526 - INFO - [지표] ADX=nan, Bull=nan, Bear=nan
2026-01-16 11:29:15,527 - INFO - [상태] 포지션 없음, 자본금: $5364.14
2026-01-16 11:29:15,527 - INFO - [지표] ADX=nan, Bull=nan, Bear=nan
2026-01-16 11:30:00,091 - INFO - [EMA] 증분계산: prev=95627.60, close=95636.1, new=95628.25
2026-01-16 11:30:00,100 - INFO - 15m | 02:15 | O:95423.4 H:95648.6 L:95350.0 C:95636.1
2026-01-16 11:30:00,100 - INFO - 지표: ADX=13.5, ATR=215.4, Bull=False, Bear=False
2026-01-16 11:34:15,528 - INFO - [상태] 포지션 없음, 자본금: $5364.14
2026-01-16 11:34:15,529 - INFO - [지표] ADX=nan, Bull=nan, Bear=nan
2026-01-16 11:39:15,530 - INFO - [상태] 포지션 없음, 자본금: $5364.14
2026-01-16 11:39:15,530 - INFO - [지표] ADX=nan, Bull=nan, Bear=nan
2026-01-16 11:44:15,531 - INFO - [상태] 포지션 없음, 자본금: $5364.14
2026-01-16 11:44:15,532 - INFO - [지표] ADX=nan, Bull=nan, Bear=nan
2026-01-16 11:45:00,354 - INFO - [EMA] 증분계산: prev=95628.25, close=95449.8, new=95614.52
2026-01-16 11:45:00,364 - INFO - 15m | 02:30 | O:95636.1 H:95639.4 L:95399.8 C:95449.8
2026-01-16 11:45:00,364 - INFO - 지표: ADX=13.6, ATR=217.8, Bull=False, Bear=False
2026-01-16 11:49:15,533 - INFO - [상태] 포지션 없음, 자본금: $5364.14
2026-01-16 11:49:15,533 - INFO - [지표] ADX=nan, Bull=nan, Bear=nan
2026-01-16 11:54:15,536 - INFO - [상태] 포지션 없음, 자본금: $5364.14
2026-01-16 11:54:15,536 - INFO - [지표] ADX=nan, Bull=nan, Bear=nan
2026-01-16 11:59:15,537 - INFO - [상태] 포지션 없음, 자본금: $5364.14
2026-01-16 11:59:15,538 - INFO - [지표] ADX=nan, Bull=nan, Bear=nan
2026-01-16 12:00:00,488 - INFO - [EMA] 증분계산: prev=95614.52, close=95469.5, new=95603.37
2026-01-16 12:00:00,495 - INFO - 15m | 02:45 | O:95449.8 H:95516.3 L:95443.7 C:95469.5
2026-01-16 12:00:00,495 - INFO - 지표: ADX=13.6, ATR=203.3, Bull=False, Bear=False
2026-01-16 12:04:15,540 - INFO - [상태] 포지션 없음, 자본금: $5364.14
2026-01-16 12:04:15,540 - INFO - [지표] ADX=nan, Bull=nan, Bear=nan
2026-01-16 12:09:15,541 - INFO - [상태] 포지션 없음, 자본금: $5364.14
2026-01-16 12:09:15,542 - INFO - [지표] ADX=nan, Bull=nan, Bear=nan
2026-01-16 12:14:15,543 - INFO - [상태] 포지션 없음, 자본금: $5364.14
2026-01-16 12:14:15,543 - INFO - [지표] ADX=nan, Bull=nan, Bear=nan
2026-01-16 12:15:00,606 - INFO - [EMA] 증분계산: prev=95603.37, close=95540.1, new=95598.50
2026-01-16 12:15:00,616 - INFO - 15m | 03:00 | O:95469.4 H:95550.0 L:95469.4 C:95540.1
2026-01-16 12:15:00,616 - INFO - 지표: ADX=13.5, ATR=191.0, Bull=False, Bear=False
2026-01-16 12:19:15,546 - INFO - [상태] 포지션 없음, 자본금: $5364.14
2026-01-16 12:19:15,546 - INFO - [지표] ADX=nan, Bull=nan, Bear=nan
2026-01-16 12:24:15,547 - INFO - [상태] 포지션 없음, 자본금: $5364.14
2026-01-16 12:24:15,547 - INFO - [지표] ADX=nan, Bull=nan, Bear=nan
2026-01-16 12:29:15,548 - INFO - [상태] 포지션 없음, 자본금: $5364.14
2026-01-16 12:29:15,549 - INFO - [지표] ADX=nan, Bull=nan, Bear=nan
2026-01-16 12:30:00,047 - INFO - [EMA] 증분계산: prev=95598.50, close=95462.8, new=95588.06
2026-01-16 12:30:00,057 - INFO - 15m | 03:15 | O:95540.1 H:95540.2 L:95452.8 C:95462.8
2026-01-16 12:30:00,057 - INFO - 지표: ADX=13.4, ATR=180.7, Bull=False, Bear=False
2026-01-16 12:34:15,550 - INFO - [상태] 포지션 없음, 자본금: $5364.14
2026-01-16 12:34:15,551 - INFO - [지표] ADX=nan, Bull=nan, Bear=nan
2026-01-16 12:39:15,552 - INFO - [상태] 포지션 없음, 자본금: $5364.14
2026-01-16 12:39:15,553 - INFO - [지표] ADX=nan, Bull=nan, Bear=nan
2026-01-16 12:44:15,553 - INFO - [상태] 포지션 없음, 자본금: $5364.14
2026-01-16 12:44:15,554 - INFO - [지표] ADX=nan, Bull=nan, Bear=nan
2026-01-16 12:45:00,134 - INFO - [EMA] 증분계산: prev=95588.06, close=95407.0, new=95574.13
2026-01-16 12:45:00,141 - INFO - 15m | 03:30 | O:95462.8 H:95462.9 L:95355.0 C:95407.0
2026-01-16 12:45:00,141 - INFO - 지표: ADX=13.8, ATR=173.4, Bull=False, Bear=False
2026-01-16 12:49:15,556 - INFO - [상태] 포지션 없음, 자본금: $5364.14
2026-01-16 12:49:15,557 - INFO - [지표] ADX=nan, Bull=nan, Bear=nan
2026-01-16 12:54:15,558 - INFO - [상태] 포지션 없음, 자본금: $5364.14
2026-01-16 12:54:15,559 - INFO - [지표] ADX=nan, Bull=nan, Bear=nan
2026-01-16 12:59:15,560 - INFO - [상태] 포지션 없음, 자본금: $5364.14
2026-01-16 12:59:15,560 - INFO - [지표] ADX=nan, Bull=nan, Bear=nan
2026-01-16 13:00:00,205 - INFO - [EMA] 증분계산: prev=95574.13, close=95319.6, new=95554.55
2026-01-16 13:00:00,212 - INFO - 15m | 03:45 | O:95407.0 H:95407.0 L:95279.8 C:95319.6
2026-01-16 13:00:00,212 - INFO - 지표: ADX=14.6, ATR=168.8, Bull=False, Bear=False
2026-01-16 13:04:15,562 - INFO - [상태] 포지션 없음, 자본금: $5364.14
2026-01-16 13:04:15,562 - INFO - [지표] ADX=nan, Bull=nan, Bear=nan
2026-01-16 13:09:15,563 - INFO - [상태] 포지션 없음, 자본금: $5364.14
2026-01-16 13:09:15,563 - INFO - [지표] ADX=nan, Bull=nan, Bear=nan
2026-01-16 13:14:15,565 - INFO - [상태] 포지션 없음, 자본금: $5364.14
2026-01-16 13:14:15,565 - INFO - [지표] ADX=nan, Bull=nan, Bear=nan
2026-01-16 13:15:00,382 - INFO - [EMA] 증분계산: prev=95554.55, close=95396.4, new=95542.39
2026-01-16 13:15:00,391 - INFO - 15m | 04:00 | O:95319.6 H:95412.8 L:95301.5 C:95396.4
2026-01-16 13:15:00,391 - INFO - 지표: ADX=15.3, ATR=163.0, Bull=False, Bear=False
2026-01-16 13:19:15,566 - INFO - [상태] 포지션 없음, 자본금: $5364.14
2026-01-16 13:19:15,567 - INFO - [지표] ADX=nan, Bull=nan, Bear=nan
2026-01-16 13:24:15,568 - INFO - [상태] 포지션 없음, 자본금: $5364.14
2026-01-16 13:24:15,568 - INFO - [지표] ADX=nan, Bull=nan, Bear=nan
2026-01-16 13:29:15,570 - INFO - [상태] 포지션 없음, 자본금: $5364.14
2026-01-16 13:29:15,570 - INFO - [지표] ADX=nan, Bull=nan, Bear=nan
2026-01-16 13:30:00,111 - INFO - [EMA] 증분계산: prev=95542.39, close=95360.1, new=95528.37
2026-01-16 13:30:00,117 - INFO - 15m | 04:15 | O:95396.4 H:95546.6 L:95342.0 C:95360.1
2026-01-16 13:30:00,117 - INFO - 지표: ADX=14.9, ATR=167.2, Bull=False, Bear=False
2026-01-16 13:34:15,571 - INFO - [상태] 포지션 없음, 자본금: $5364.14
2026-01-16 13:34:15,571 - INFO - [지표] ADX=nan, Bull=nan, Bear=nan
2026-01-16 13:39:15,572 - INFO - [상태] 포지션 없음, 자본금: $5364.14
2026-01-16 13:39:15,573 - INFO - [지표] ADX=nan, Bull=nan, Bear=nan
2026-01-16 13:44:15,574 - INFO - [상태] 포지션 없음, 자본금: $5364.14
2026-01-16 13:44:15,575 - INFO - [지표] ADX=nan, Bull=nan, Bear=nan
2026-01-16 13:45:00,283 - INFO - [EMA] 증분계산: prev=95528.37, close=95194.4, new=95502.68
2026-01-16 13:45:00,289 - INFO - 15m | 04:30 | O:95360.0 H:95411.6 L:95151.0 C:95194.4
2026-01-16 13:45:00,289 - INFO - 지표: ADX=15.5, ATR=176.5, Bull=False, Bear=False
2026-01-16 13:49:15,575 - INFO - [상태] 포지션 없음, 자본금: $5364.14
2026-01-16 13:49:15,576 - INFO - [지표] ADX=nan, Bull=nan, Bear=nan
2026-01-16 13:54:15,577 - INFO - [상태] 포지션 없음, 자본금: $5364.14
2026-01-16 13:54:15,578 - INFO - [지표] ADX=nan, Bull=nan, Bear=nan
2026-01-16 13:59:15,579 - INFO - [상태] 포지션 없음, 자본금: $5364.14
2026-01-16 13:59:15,579 - INFO - [지표] ADX=nan, Bull=nan, Bear=nan
2026-01-16 14:00:00,223 - INFO - [EMA] 증분계산: prev=95502.68, close=95233.4, new=95481.96
2026-01-16 14:00:00,233 - INFO - 15m | 04:45 | O:95194.5 H:95250.0 L:95111.1 C:95233.4
2026-01-16 14:00:00,233 - INFO - 지표: ADX=16.3, ATR=172.8, Bull=False, Bear=False
2026-01-16 14:04:15,580 - INFO - [상태] 포지션 없음, 자본금: $5364.14
2026-01-16 14:04:15,581 - INFO - [지표] ADX=nan, Bull=nan, Bear=nan
2026-01-16 14:09:15,582 - INFO - [상태] 포지션 없음, 자본금: $5364.14
2026-01-16 14:09:15,582 - INFO - [지표] ADX=nan, Bull=nan, Bear=nan
2026-01-16 14:14:15,583 - INFO - [상태] 포지션 없음, 자본금: $5364.14
2026-01-16 14:14:15,583 - INFO - [지표] ADX=nan, Bull=nan, Bear=nan
2026-01-16 14:15:00,180 - INFO - [EMA] 증분계산: prev=95481.96, close=95363.6, new=95472.86
2026-01-16 14:15:00,187 - INFO - 15m | 05:00 | O:95233.4 H:95409.4 L:95211.0 C:95363.6
2026-01-16 14:15:00,187 - INFO - 지표: ADX=15.9, ATR=175.3, Bull=False, Bear=False
2026-01-16 14:19:15,584 - INFO - [상태] 포지션 없음, 자본금: $5364.14
2026-01-16 14:19:15,584 - INFO - [지표] ADX=nan, Bull=nan, Bear=nan
2026-01-16 14:24:15,586 - INFO - [상태] 포지션 없음, 자본금: $5364.14
2026-01-16 14:24:15,586 - INFO - [지표] ADX=nan, Bull=nan, Bear=nan
2026-01-16 14:29:15,587 - INFO - [상태] 포지션 없음, 자본금: $5364.14
2026-01-16 14:29:15,587 - INFO - [지표] ADX=nan, Bull=nan, Bear=nan
2026-01-16 14:30:00,980 - INFO - [EMA] 증분계산: prev=95472.86, close=95265.0, new=95456.87
2026-01-16 14:30:00,989 - INFO - 15m | 05:15 | O:95363.6 H:95393.6 L:95223.9 C:95265.0
2026-01-16 14:30:00,990 - INFO - 지표: ADX=15.5, ATR=174.8, Bull=False, Bear=False
2026-01-16 14:34:15,589 - INFO - [상태] 포지션 없음, 자본금: $5364.14
2026-01-16 14:34:15,589 - INFO - [지표] ADX=nan, Bull=nan, Bear=nan
2026-01-16 14:39:15,591 - INFO - [상태] 포지션 없음, 자본금: $5364.14
2026-01-16 14:39:15,591 - INFO - [지표] ADX=nan, Bull=nan, Bear=nan
2026-01-16 14:44:15,592 - INFO - [상태] 포지션 없음, 자본금: $5364.14
2026-01-16 14:44:15,593 - INFO - [지표] ADX=nan, Bull=nan, Bear=nan
2026-01-16 14:45:00,043 - INFO - [EMA] 증분계산: prev=95456.87, close=95552.3, new=95464.21
2026-01-16 14:45:00,050 - INFO - 15m | 05:30 | O:95265.0 H:95624.5 L:95255.7 C:95552.3
2026-01-16 14:45:00,050 - INFO - 지표: ADX=15.0, ATR=194.2, Bull=False, Bear=False
2026-01-16 14:49:15,595 - INFO - [상태] 포지션 없음, 자본금: $5364.14
2026-01-16 14:49:15,595 - INFO - [지표] ADX=nan, Bull=nan, Bear=nan
2026-01-16 14:54:15,596 - INFO - [상태] 포지션 없음, 자본금: $5364.14
2026-01-16 14:54:15,596 - INFO - [지표] ADX=nan, Bull=nan, Bear=nan
2026-01-16 14:59:15,597 - INFO - [상태] 포지션 없음, 자본금: $5364.14
2026-01-16 14:59:15,598 - INFO - [지표] ADX=nan, Bull=nan, Bear=nan
2026-01-16 15:00:00,752 - INFO - [EMA] 증분계산: prev=95464.21, close=95615.9, new=95475.88
2026-01-16 15:00:00,759 - INFO - 15m | 05:45 | O:95552.3 H:95654.4 L:95529.0 C:95615.9
2026-01-16 15:00:00,759 - INFO - 지표: ADX=14.7, ATR=187.3, Bull=False, Bear=False
2026-01-16 15:04:15,599 - INFO - [상태] 포지션 없음, 자본금: $5364.14
2026-01-16 15:04:15,599 - INFO - [지표] ADX=nan, Bull=nan, Bear=nan
2026-01-16 15:09:15,600 - INFO - [상태] 포지션 없음, 자본금: $5364.14
2026-01-16 15:09:15,600 - INFO - [지표] ADX=nan, Bull=nan, Bear=nan
2026-01-16 15:14:15,602 - INFO - [상태] 포지션 없음, 자본금: $5364.14
2026-01-16 15:14:15,603 - INFO - [지표] ADX=nan, Bull=nan, Bear=nan
2026-01-16 15:15:00,302 - INFO - [EMA] 증분계산: prev=95475.88, close=95570.7, new=95483.17
2026-01-16 15:15:00,308 - INFO - 15m | 06:00 | O:95615.9 H:95790.0 L:95547.6 C:95570.7
2026-01-16 15:15:00,308 - INFO - 지표: ADX=15.1, ATR=192.8, Bull=False, Bear=False
2026-01-16 15:19:15,604 - INFO - [상태] 포지션 없음, 자본금: $5364.14
2026-01-16 15:19:15,604 - INFO - [지표] ADX=nan, Bull=nan, Bear=nan
2026-01-16 15:24:15,605 - INFO - [상태] 포지션 없음, 자본금: $5364.14
2026-01-16 15:24:15,605 - INFO - [지표] ADX=nan, Bull=nan, Bear=nan
2026-01-16 15:29:15,606 - INFO - [상태] 포지션 없음, 자본금: $5364.14
2026-01-16 15:29:15,607 - INFO - [지표] ADX=nan, Bull=nan, Bear=nan
2026-01-16 15:30:00,612 - INFO - [EMA] 증분계산: prev=95483.17, close=95620.5, new=95493.74
2026-01-16 15:30:00,622 - INFO - 15m | 06:15 | O:95570.7 H:95651.1 L:95480.5 C:95620.5
2026-01-16 15:30:00,622 - INFO - 지표: ADX=15.1, ATR=190.6, Bull=False, Bear=False
2026-01-16 15:34:15,609 - INFO - [상태] 포지션 없음, 자본금: $5364.14
2026-01-16 15:34:15,609 - INFO - [지표] ADX=nan, Bull=nan, Bear=nan
2026-01-16 15:39:15,611 - INFO - [상태] 포지션 없음, 자본금: $5364.14
2026-01-16 15:39:15,611 - INFO - [지표] ADX=nan, Bull=nan, Bear=nan
2026-01-16 15:44:15,612 - INFO - [상태] 포지션 없음, 자본금: $5364.14
2026-01-16 15:44:15,613 - INFO - [지표] ADX=nan, Bull=nan, Bear=nan
2026-01-16 15:45:00,200 - INFO - [EMA] 증분계산: prev=95493.74, close=95649.9, new=95505.75
2026-01-16 15:45:00,207 - INFO - 15m | 06:30 | O:95620.4 H:95700.0 L:95592.5 C:95649.9
2026-01-16 15:45:00,207 - INFO - 지표: ADX=15.2, ATR=182.3, Bull=False, Bear=False
2026-01-16 15:49:15,613 - INFO - [상태] 포지션 없음, 자본금: $5364.14
2026-01-16 15:49:15,614 - INFO - [지표] ADX=nan, Bull=nan, Bear=nan
2026-01-16 15:54:15,616 - INFO - [상태] 포지션 없음, 자본금: $5364.14
2026-01-16 15:54:15,617 - INFO - [지표] ADX=nan, Bull=nan, Bear=nan
2026-01-16 15:59:15,618 - INFO - [상태] 포지션 없음, 자본금: $5364.14
2026-01-16 15:59:15,618 - INFO - [지표] ADX=nan, Bull=nan, Bear=nan
2026-01-16 16:00:00,046 - INFO - [EMA] 증분계산: prev=95505.75, close=95702.5, new=95520.88
2026-01-16 16:00:00,056 - INFO - 15m | 06:45 | O:95650.0 H:95720.1 L:95625.3 C:95702.5
2026-01-16 16:00:00,056 - INFO - 지표: ADX=15.5, ATR=173.5, Bull=False, Bear=False
2026-01-16 16:04:15,619 - INFO - [상태] 포지션 없음, 자본금: $5364.14
2026-01-16 16:04:15,620 - INFO - [지표] ADX=nan, Bull=nan, Bear=nan
2026-01-16 16:09:15,621 - INFO - [상태] 포지션 없음, 자본금: $5364.14
2026-01-16 16:09:15,621 - INFO - [지표] ADX=nan, Bull=nan, Bear=nan
2026-01-16 16:14:15,622 - INFO - [상태] 포지션 없음, 자본금: $5364.14
2026-01-16 16:14:15,622 - INFO - [지표] ADX=nan, Bull=nan, Bear=nan
2026-01-16 16:15:00,045 - INFO - [EMA] 증분계산: prev=95520.88, close=95652.3, new=95530.99
2026-01-16 16:15:00,052 - INFO - 15m | 07:00 | O:95702.5 H:95750.0 L:95652.3 C:95652.3
2026-01-16 16:15:00,052 - INFO - 지표: ADX=15.9, ATR=165.9, Bull=False, Bear=False
2026-01-16 16:19:15,624 - INFO - [상태] 포지션 없음, 자본금: $5364.14
2026-01-16 16:19:15,624 - INFO - [지표] ADX=nan, Bull=nan, Bear=nan
2026-01-16 16:24:15,626 - INFO - [상태] 포지션 없음, 자본금: $5364.14
2026-01-16 16:24:15,626 - INFO - [지표] ADX=nan, Bull=nan, Bear=nan
2026-01-16 16:29:15,627 - INFO - [상태] 포지션 없음, 자본금: $5364.14
2026-01-16 16:29:15,628 - INFO - [지표] ADX=nan, Bull=nan, Bear=nan
2026-01-16 16:30:00,055 - INFO - [EMA] 증분계산: prev=95530.99, close=95547.9, new=95532.29
2026-01-16 16:30:00,062 - INFO - 15m | 07:15 | O:95652.3 H:95652.3 L:95527.0 C:95547.9
2026-01-16 16:30:00,062 - INFO - 지표: ADX=15.3, ATR=161.9, Bull=False, Bear=False
2026-01-16 16:34:15,629 - INFO - [상태] 포지션 없음, 자본금: $5364.14
2026-01-16 16:34:15,629 - INFO - [지표] ADX=nan, Bull=nan, Bear=nan
2026-01-16 16:39:15,629 - INFO - [상태] 포지션 없음, 자본금: $5364.14
2026-01-16 16:39:15,630 - INFO - [지표] ADX=nan, Bull=nan, Bear=nan
2026-01-16 16:44:15,631 - INFO - [상태] 포지션 없음, 자본금: $5364.14
2026-01-16 16:44:15,632 - INFO - [지표] ADX=nan, Bull=nan, Bear=nan
2026-01-16 16:45:00,063 - INFO - [EMA] 증분계산: prev=95532.29, close=95449.9, new=95525.96
2026-01-16 16:45:00,073 - INFO - 15m | 07:30 | O:95547.9 H:95548.0 L:95432.6 C:95449.9
2026-01-16 16:45:00,073 - INFO - 지표: ADX=14.3, ATR=157.2, Bull=False, Bear=False
2026-01-16 16:49:15,632 - INFO - [상태] 포지션 없음, 자본금: $5364.14
2026-01-16 16:49:15,633 - INFO - [지표] ADX=nan, Bull=nan, Bear=nan
2026-01-16 16:54:15,634 - INFO - [상태] 포지션 없음, 자본금: $5364.14
2026-01-16 16:54:15,635 - INFO - [지표] ADX=nan, Bull=nan, Bear=nan
2026-01-16 16:59:15,636 - INFO - [상태] 포지션 없음, 자본금: $5364.14
2026-01-16 16:59:15,636 - INFO - [지표] ADX=nan, Bull=nan, Bear=nan
2026-01-16 17:00:00,167 - INFO - [EMA] 증분계산: prev=95525.96, close=95608.4, new=95532.30
2026-01-16 17:00:00,177 - INFO - 15m | 07:45 | O:95449.9 H:95633.9 L:95449.9 C:95608.4
2026-01-16 17:00:00,177 - INFO - 지표: ADX=13.7, ATR=159.9, Bull=False, Bear=False
2026-01-16 17:04:15,637 - INFO - [상태] 포지션 없음, 자본금: $5364.14
2026-01-16 17:04:15,637 - INFO - [지표] ADX=nan, Bull=nan, Bear=nan
2026-01-16 17:09:15,638 - INFO - [상태] 포지션 없음, 자본금: $5364.14
2026-01-16 17:09:15,638 - INFO - [지표] ADX=nan, Bull=nan, Bear=nan
2026-01-16 17:14:15,640 - INFO - [상태] 포지션 없음, 자본금: $5364.14
2026-01-16 17:14:15,640 - INFO - [지표] ADX=nan, Bull=nan, Bear=nan
2026-01-16 17:15:00,153 - INFO - [EMA] 증분계산: prev=95532.30, close=95668.1, new=95542.74
2026-01-16 17:15:00,160 - INFO - 15m | 08:00 | O:95608.4 H:95675.0 L:95526.2 C:95668.1
2026-01-16 17:15:00,160 - INFO - 지표: ADX=13.5, ATR=158.8, Bull=False, Bear=False
2026-01-16 17:19:15,642 - INFO - [상태] 포지션 없음, 자본금: $5364.14
2026-01-16 17:19:15,642 - INFO - [지표] ADX=nan, Bull=nan, Bear=nan
2026-01-16 17:24:15,644 - INFO - [상태] 포지션 없음, 자본금: $5364.14
2026-01-16 17:24:15,644 - INFO - [지표] ADX=nan, Bull=nan, Bear=nan
2026-01-16 17:29:15,645 - INFO - [상태] 포지션 없음, 자본금: $5364.14
2026-01-16 17:29:15,646 - INFO - [지표] ADX=nan, Bull=nan, Bear=nan
2026-01-16 17:30:00,051 - INFO - [EMA] 증분계산: prev=95542.74, close=95767.2, new=95560.01
2026-01-16 17:30:00,060 - INFO - 15m | 08:15 | O:95668.0 H:95787.4 L:95637.1 C:95767.2
2026-01-16 17:30:00,060 - INFO - 지표: ADX=13.8, ATR=157.9, Bull=False, Bear=False
2026-01-16 17:34:15,646 - INFO - [상태] 포지션 없음, 자본금: $5364.14
2026-01-16 17:34:15,647 - INFO - [지표] ADX=nan, Bull=nan, Bear=nan
2026-01-16 17:39:15,648 - INFO - [상태] 포지션 없음, 자본금: $5364.14
2026-01-16 17:39:15,648 - INFO - [지표] ADX=nan, Bull=nan, Bear=nan
2026-01-16 17:44:15,649 - INFO - [상태] 포지션 없음, 자본금: $5364.14
2026-01-16 17:44:15,649 - INFO - [지표] ADX=nan, Bull=nan, Bear=nan
2026-01-16 17:45:00,179 - INFO - [EMA] 증분계산: prev=95560.01, close=95735.3, new=95573.49
2026-01-16 17:45:00,189 - INFO - 15m | 08:30 | O:95767.2 H:95805.0 L:95622.4 C:95735.3
2026-01-16 17:45:00,189 - INFO - 지표: ADX=14.3, ATR=160.4, Bull=False, Bear=False
2026-01-16 17:49:15,650 - INFO - [상태] 포지션 없음, 자본금: $5364.14
2026-01-16 17:49:15,650 - INFO - [지표] ADX=nan, Bull=nan, Bear=nan
2026-01-16 17:54:15,651 - INFO - [상태] 포지션 없음, 자본금: $5364.14
2026-01-16 17:54:15,651 - INFO - [지표] ADX=nan, Bull=nan, Bear=nan
2026-01-16 17:59:15,652 - INFO - [상태] 포지션 없음, 자본금: $5364.14
2026-01-16 17:59:15,652 - INFO - [지표] ADX=nan, Bull=nan, Bear=nan
2026-01-16 18:00:00,071 - INFO - [EMA] 증분계산: prev=95573.49, close=95628.3, new=95577.71
2026-01-16 18:00:00,080 - INFO - 15m | 08:45 | O:95735.3 H:95738.5 L:95622.9 C:95628.3
2026-01-16 18:00:00,081 - INFO - 지표: ADX=14.7, ATR=155.9, Bull=False, Bear=False
2026-01-16 18:04:15,653 - INFO - [상태] 포지션 없음, 자본금: $5364.14
2026-01-16 18:04:15,653 - INFO - [지표] ADX=nan, Bull=nan, Bear=nan
2026-01-16 18:09:15,655 - INFO - [상태] 포지션 없음, 자본금: $5364.14
2026-01-16 18:09:15,655 - INFO - [지표] ADX=nan, Bull=nan, Bear=nan
2026-01-16 18:14:15,656 - INFO - [상태] 포지션 없음, 자본금: $5364.14
2026-01-16 18:14:15,657 - INFO - [지표] ADX=nan, Bull=nan, Bear=nan
2026-01-16 18:15:00,096 - INFO - [EMA] 증분계산: prev=95577.71, close=95645.2, new=95582.90
2026-01-16 18:15:00,106 - INFO - 15m | 09:00 | O:95628.4 H:95741.0 L:95614.7 C:95645.2
2026-01-16 18:15:00,106 - INFO - 지표: ADX=15.0, ATR=153.0, Bull=False, Bear=False
2026-01-16 18:19:15,659 - INFO - [상태] 포지션 없음, 자본금: $5364.14
2026-01-16 18:19:15,659 - INFO - [지표] ADX=nan, Bull=nan, Bear=nan
2026-01-16 18:24:15,662 - INFO - [상태] 포지션 없음, 자본금: $5364.14
2026-01-16 18:24:15,662 - INFO - [지표] ADX=nan, Bull=nan, Bear=nan
2026-01-16 18:29:15,663 - INFO - [상태] 포지션 없음, 자본금: $5364.14
2026-01-16 18:29:15,663 - INFO - [지표] ADX=nan, Bull=nan, Bear=nan
2026-01-16 18:30:00,062 - INFO - [EMA] 증분계산: prev=95582.90, close=95681.0, new=95590.45
2026-01-16 18:30:00,072 - INFO - 15m | 09:15 | O:95645.1 H:95681.0 L:95542.4 C:95681.0
2026-01-16 18:30:00,072 - INFO - 지표: ADX=14.7, ATR=151.5, Bull=False, Bear=False
2026-01-16 18:34:15,664 - INFO - [상태] 포지션 없음, 자본금: $5364.14
2026-01-16 18:34:15,665 - INFO - [지표] ADX=nan, Bull=nan, Bear=nan
2026-01-16 18:39:15,667 - INFO - [상태] 포지션 없음, 자본금: $5364.14
2026-01-16 18:39:15,667 - INFO - [지표] ADX=nan, Bull=nan, Bear=nan
2026-01-16 18:44:15,669 - INFO - [상태] 포지션 없음, 자본금: $5364.14
2026-01-16 18:44:15,670 - INFO - [지표] ADX=nan, Bull=nan, Bear=nan
2026-01-16 18:45:00,760 - INFO - [EMA] 증분계산: prev=95590.45, close=95617.0, new=95592.49
2026-01-16 18:45:00,770 - INFO - 15m | 09:30 | O:95680.9 H:95691.8 L:95596.2 C:95617.0
2026-01-16 18:45:00,770 - INFO - 지표: ADX=14.4, ATR=145.9, Bull=False, Bear=False
2026-01-16 18:49:15,671 - INFO - [상태] 포지션 없음, 자본금: $5364.14
2026-01-16 18:49:15,671 - INFO - [지표] ADX=nan, Bull=nan, Bear=nan
2026-01-16 18:54:15,672 - INFO - [상태] 포지션 없음, 자본금: $5364.14
2026-01-16 18:54:15,672 - INFO - [지표] ADX=nan, Bull=nan, Bear=nan
2026-01-16 18:59:15,673 - INFO - [상태] 포지션 없음, 자본금: $5364.14
2026-01-16 18:59:15,673 - INFO - [지표] ADX=nan, Bull=nan, Bear=nan
2026-01-16 19:00:00,074 - INFO - [EMA] 증분계산: prev=95592.49, close=95568.1, new=95590.61
2026-01-16 19:00:00,083 - INFO - 15m | 09:45 | O:95617.0 H:95623.9 L:95550.0 C:95568.1
2026-01-16 19:00:00,084 - INFO - 지표: ADX=13.7, ATR=138.7, Bull=False, Bear=False
2026-01-16 19:04:15,675 - INFO - [상태] 포지션 없음, 자본금: $5364.14
2026-01-16 19:04:15,675 - INFO - [지표] ADX=nan, Bull=nan, Bear=nan
2026-01-16 19:09:15,677 - INFO - [상태] 포지션 없음, 자본금: $5364.14
2026-01-16 19:09:15,677 - INFO - [지표] ADX=nan, Bull=nan, Bear=nan
2026-01-16 19:14:15,679 - INFO - [상태] 포지션 없음, 자본금: $5364.14
2026-01-16 19:14:15,679 - INFO - [지표] ADX=nan, Bull=nan, Bear=nan
2026-01-16 19:15:00,106 - INFO - [EMA] 증분계산: prev=95590.61, close=95521.5, new=95585.30
2026-01-16 19:15:00,113 - INFO - 15m | 10:00 | O:95568.1 H:95586.4 L:95442.9 C:95521.5
2026-01-16 19:15:00,113 - INFO - 지표: ADX=13.3, ATR=139.2, Bull=False, Bear=False
2026-01-16 19:19:15,680 - INFO - [상태] 포지션 없음, 자본금: $5364.14
2026-01-16 19:19:15,680 - INFO - [지표] ADX=nan, Bull=nan, Bear=nan
2026-01-16 19:24:15,681 - INFO - [상태] 포지션 없음, 자본금: $5364.14
2026-01-16 19:24:15,681 - INFO - [지표] ADX=nan, Bull=nan, Bear=nan
2026-01-16 19:29:15,683 - INFO - [상태] 포지션 없음, 자본금: $5364.14
2026-01-16 19:29:15,683 - INFO - [지표] ADX=nan, Bull=nan, Bear=nan
2026-01-16 19:30:00,250 - INFO - [EMA] 증분계산: prev=95585.30, close=95382.2, new=95569.67
2026-01-16 19:30:00,257 - INFO - 15m | 10:15 | O:95521.5 H:95521.6 L:95376.3 C:95382.2
2026-01-16 19:30:00,257 - INFO - 지표: ADX=13.3, ATR=139.8, Bull=False, Bear=False
2026-01-16 19:34:15,684 - INFO - [상태] 포지션 없음, 자본금: $5364.14
2026-01-16 19:34:15,684 - INFO - [지표] ADX=nan, Bull=nan, Bear=nan
2026-01-16 19:39:15,686 - INFO - [상태] 포지션 없음, 자본금: $5364.14
2026-01-16 19:39:15,686 - INFO - [지표] ADX=nan, Bull=nan, Bear=nan
2026-01-16 19:44:15,687 - INFO - [상태] 포지션 없음, 자본금: $5364.14
2026-01-16 19:44:15,688 - INFO - [지표] ADX=nan, Bull=nan, Bear=nan
2026-01-16 19:45:00,042 - INFO - [EMA] 증분계산: prev=95569.67, close=95342.4, new=95552.19
2026-01-16 19:45:00,052 - INFO - 15m | 10:30 | O:95382.2 H:95390.4 L:95278.0 C:95342.4
2026-01-16 19:45:00,052 - INFO - 지표: ADX=13.9, ATR=137.1, Bull=False, Bear=False
2026-01-16 19:49:15,689 - INFO - [상태] 포지션 없음, 자본금: $5364.14
2026-01-16 19:49:15,689 - INFO - [지표] ADX=nan, Bull=nan, Bear=nan
2026-01-16 19:54:15,690 - INFO - [상태] 포지션 없음, 자본금: $5364.14
2026-01-16 19:54:15,690 - INFO - [지표] ADX=nan, Bull=nan, Bear=nan
2026-01-16 19:59:15,691 - INFO - [상태] 포지션 없음, 자본금: $5364.14
2026-01-16 19:59:15,692 - INFO - [지표] ADX=nan, Bull=nan, Bear=nan
2026-01-16 20:00:00,090 - INFO - [EMA] 증분계산: prev=95552.19, close=95272.6, new=95530.68
2026-01-16 20:00:00,100 - INFO - 15m | 10:45 | O:95342.5 H:95376.4 L:95254.0 C:95272.6
2026-01-16 20:00:00,100 - INFO - 지표: ADX=14.7, ATR=135.6, Bull=False, Bear=False
2026-01-16 20:04:15,693 - INFO - [상태] 포지션 없음, 자본금: $5364.14
2026-01-16 20:04:15,693 - INFO - [지표] ADX=nan, Bull=nan, Bear=nan
2026-01-16 20:09:15,694 - INFO - [상태] 포지션 없음, 자본금: $5364.14
2026-01-16 20:09:15,695 - INFO - [지표] ADX=nan, Bull=nan, Bear=nan
2026-01-16 20:14:15,696 - INFO - [상태] 포지션 없음, 자본금: $5364.14
2026-01-16 20:14:15,696 - INFO - [지표] ADX=nan, Bull=nan, Bear=nan
2026-01-16 20:15:00,095 - INFO - [EMA] 증분계산: prev=95530.68, close=95267.8, new=95510.46
2026-01-16 20:15:00,104 - INFO - 15m | 11:00 | O:95272.5 H:95343.5 L:95210.5 C:95267.8
2026-01-16 20:15:00,104 - INFO - 지표: ADX=15.6, ATR=135.3, Bull=False, Bear=False
2026-01-16 20:19:15,697 - INFO - [상태] 포지션 없음, 자본금: $5364.14
2026-01-16 20:19:15,698 - INFO - [지표] ADX=nan, Bull=nan, Bear=nan
2026-01-16 20:24:15,699 - INFO - [상태] 포지션 없음, 자본금: $5364.14
2026-01-16 20:24:15,699 - INFO - [지표] ADX=nan, Bull=nan, Bear=nan
2026-01-16 20:29:15,700 - INFO - [상태] 포지션 없음, 자본금: $5364.14
2026-01-16 20:29:15,700 - INFO - [지표] ADX=nan, Bull=nan, Bear=nan
2026-01-16 20:30:00,043 - INFO - [EMA] 증분계산: prev=95510.46, close=95313.6, new=95495.32
2026-01-16 20:30:00,052 - INFO - 15m | 11:15 | O:95267.8 H:95338.9 L:95212.8 C:95313.6
2026-01-16 20:30:00,052 - INFO - 지표: ADX=16.5, ATR=134.4, Bull=False, Bear=False
2026-01-16 20:34:15,701 - INFO - [상태] 포지션 없음, 자본금: $5364.14
2026-01-16 20:34:15,702 - INFO - [지표] ADX=nan, Bull=nan, Bear=nan
2026-01-16 20:39:15,703 - INFO - [상태] 포지션 없음, 자본금: $5364.14
2026-01-16 20:39:15,703 - INFO - [지표] ADX=nan, Bull=nan, Bear=nan
2026-01-16 20:44:15,704 - INFO - [상태] 포지션 없음, 자본금: $5364.14
2026-01-16 20:44:15,705 - INFO - [지표] ADX=nan, Bull=nan, Bear=nan
2026-01-16 20:45:00,306 - INFO - [EMA] 증분계산: prev=95495.32, close=95266.1, new=95477.69
2026-01-16 20:45:00,312 - INFO - 15m | 11:30 | O:95313.6 H:95375.0 L:95266.0 C:95266.1
2026-01-16 20:45:00,312 - INFO - 지표: ADX=17.0, ATR=131.9, Bull=False, Bear=False
2026-01-16 20:49:15,706 - INFO - [상태] 포지션 없음, 자본금: $5364.14
2026-01-16 20:49:15,706 - INFO - [지표] ADX=nan, Bull=nan, Bear=nan
2026-01-16 20:54:15,706 - INFO - [상태] 포지션 없음, 자본금: $5364.14
2026-01-16 20:54:15,707 - INFO - [지표] ADX=nan, Bull=nan, Bear=nan
2026-01-16 20:59:15,707 - INFO - [상태] 포지션 없음, 자본금: $5364.14
2026-01-16 20:59:15,707 - INFO - [지표] ADX=nan, Bull=nan, Bear=nan
2026-01-16 21:00:00,197 - INFO - [EMA] 증분계산: prev=95477.69, close=95382.6, new=95470.37
2026-01-16 21:00:00,203 - INFO - 15m | 11:45 | O:95266.0 H:95436.0 L:95256.5 C:95382.6
2026-01-16 21:00:00,203 - INFO - 지표: ADX=16.7, ATR=136.6, Bull=False, Bear=False
2026-01-16 21:04:15,708 - INFO - [상태] 포지션 없음, 자본금: $5364.14
2026-01-16 21:04:15,708 - INFO - [지표] ADX=nan, Bull=nan, Bear=nan
2026-01-16 21:09:15,710 - INFO - [상태] 포지션 없음, 자본금: $5364.14
2026-01-16 21:09:15,710 - INFO - [지표] ADX=nan, Bull=nan, Bear=nan
2026-01-16 21:14:15,711 - INFO - [상태] 포지션 없음, 자본금: $5364.14
2026-01-16 21:14:15,711 - INFO - [지표] ADX=nan, Bull=nan, Bear=nan
2026-01-16 21:15:00,095 - INFO - [EMA] 증분계산: prev=95470.37, close=95432.9, new=95467.49
2026-01-16 21:15:00,104 - INFO - 15m | 12:00 | O:95382.5 H:95449.0 L:95365.8 C:95432.9
2026-01-16 21:15:00,105 - INFO - 지표: ADX=16.3, ATR=131.3, Bull=False, Bear=False
2026-01-16 21:19:15,713 - INFO - [상태] 포지션 없음, 자본금: $5364.14
2026-01-16 21:19:15,713 - INFO - [지표] ADX=nan, Bull=nan, Bear=nan
2026-01-16 21:24:15,715 - INFO - [상태] 포지션 없음, 자본금: $5364.14
2026-01-16 21:24:15,715 - INFO - [지표] ADX=nan, Bull=nan, Bear=nan
2026-01-16 21:29:15,717 - INFO - [상태] 포지션 없음, 자본금: $5364.14
2026-01-16 21:29:15,717 - INFO - [지표] ADX=nan, Bull=nan, Bear=nan
2026-01-16 21:30:00,141 - INFO - [EMA] 증분계산: prev=95467.49, close=95530.8, new=95472.36
2026-01-16 21:30:00,151 - INFO - 15m | 12:15 | O:95432.8 H:95536.8 L:95422.9 C:95530.8
2026-01-16 21:30:00,151 - INFO - 지표: ADX=15.2, ATR=129.6, Bull=False, Bear=False
2026-01-16 21:34:15,718 - INFO - [상태] 포지션 없음, 자본금: $5364.14
2026-01-16 21:34:15,718 - INFO - [지표] ADX=nan, Bull=nan, Bear=nan
2026-01-16 21:39:15,719 - INFO - [상태] 포지션 없음, 자본금: $5364.14
2026-01-16 21:39:15,720 - INFO - [지표] ADX=nan, Bull=nan, Bear=nan
2026-01-16 21:44:15,720 - INFO - [상태] 포지션 없음, 자본금: $5364.14
2026-01-16 21:44:15,720 - INFO - [지표] ADX=nan, Bull=nan, Bear=nan
2026-01-16 21:45:00,067 - INFO - [EMA] 증분계산: prev=95472.36, close=95453.7, new=95470.92
2026-01-16 21:45:00,077 - INFO - 15m | 12:30 | O:95530.8 H:95530.8 L:95389.3 C:95453.7
2026-01-16 21:45:00,077 - INFO - 지표: ADX=14.4, ATR=130.8, Bull=False, Bear=False
2026-01-16 21:49:15,721 - INFO - [상태] 포지션 없음, 자본금: $5364.14
2026-01-16 21:49:15,721 - INFO - [지표] ADX=nan, Bull=nan, Bear=nan
2026-01-16 21:54:15,722 - INFO - [상태] 포지션 없음, 자본금: $5364.14
2026-01-16 21:54:15,722 - INFO - [지표] ADX=nan, Bull=nan, Bear=nan
2026-01-16 21:59:15,723 - INFO - [상태] 포지션 없음, 자본금: $5364.14
2026-01-16 21:59:15,723 - INFO - [지표] ADX=nan, Bull=nan, Bear=nan
2026-01-16 22:00:00,051 - INFO - [EMA] 증분계산: prev=95470.92, close=95414.6, new=95466.59
2026-01-16 22:00:00,057 - INFO - 15m | 12:45 | O:95453.6 H:95470.0 L:95313.4 C:95414.6
2026-01-16 22:00:00,057 - INFO - 지표: ADX=14.2, ATR=133.3, Bull=False, Bear=False
2026-01-16 22:04:15,724 - INFO - [상태] 포지션 없음, 자본금: $5364.14
2026-01-16 22:04:15,724 - INFO - [지표] ADX=nan, Bull=nan, Bear=nan
2026-01-16 22:09:15,725 - INFO - [상태] 포지션 없음, 자본금: $5364.14
2026-01-16 22:09:15,726 - INFO - [지표] ADX=nan, Bull=nan, Bear=nan
2026-01-16 22:14:15,726 - INFO - [상태] 포지션 없음, 자본금: $5364.14
2026-01-16 22:14:15,727 - INFO - [지표] ADX=nan, Bull=nan, Bear=nan
2026-01-16 22:15:00,137 - INFO - [EMA] 증분계산: prev=95466.59, close=95492.2, new=95468.56
2026-01-16 22:15:00,143 - INFO - 15m | 13:00 | O:95414.6 H:95493.3 L:95348.8 C:95492.2
2026-01-16 22:15:00,143 - INFO - 지표: ADX=13.9, ATR=134.5, Bull=False, Bear=False
2026-01-16 22:19:15,729 - INFO - [상태] 포지션 없음, 자본금: $5364.14
2026-01-16 22:19:15,729 - INFO - [지표] ADX=nan, Bull=nan, Bear=nan
2026-01-16 22:24:15,731 - INFO - [상태] 포지션 없음, 자본금: $5364.14
2026-01-16 22:24:15,731 - INFO - [지표] ADX=nan, Bull=nan, Bear=nan
2026-01-16 22:29:15,732 - INFO - [상태] 포지션 없음, 자본금: $5364.14
2026-01-16 22:29:15,732 - INFO - [지표] ADX=nan, Bull=nan, Bear=nan
2026-01-16 22:30:00,909 - INFO - [EMA] 증분계산: prev=95468.56, close=95474.0, new=95468.98
2026-01-16 22:30:00,916 - INFO - 15m | 13:15 | O:95492.2 H:95519.4 L:95430.9 C:95474.0
2026-01-16 22:30:00,916 - INFO - 지표: ADX=13.3, ATR=129.9, Bull=False, Bear=False
2026-01-16 22:34:15,733 - INFO - [상태] 포지션 없음, 자본금: $5364.14
2026-01-16 22:34:15,734 - INFO - [지표] ADX=nan, Bull=nan, Bear=nan
2026-01-16 22:39:15,735 - INFO - [상태] 포지션 없음, 자본금: $5364.14
2026-01-16 22:39:15,735 - INFO - [지표] ADX=nan, Bull=nan, Bear=nan
2026-01-16 22:44:15,736 - INFO - [상태] 포지션 없음, 자본금: $5364.14
2026-01-16 22:44:15,736 - INFO - [지표] ADX=nan, Bull=nan, Bear=nan
2026-01-16 22:45:00,105 - INFO - [EMA] 증분계산: prev=95468.98, close=95371.0, new=95461.44
2026-01-16 22:45:00,115 - INFO - 15m | 13:30 | O:95473.9 H:95537.9 L:95238.0 C:95371.0
2026-01-16 22:45:00,115 - INFO - 지표: ADX=14.2, ATR=146.9, Bull=False, Bear=False
2026-01-16 22:49:15,737 - INFO - [상태] 포지션 없음, 자본금: $5364.14
2026-01-16 22:49:15,738 - INFO - [지표] ADX=nan, Bull=nan, Bear=nan
2026-01-16 22:54:15,739 - INFO - [상태] 포지션 없음, 자본금: $5364.14
2026-01-16 22:54:15,739 - INFO - [지표] ADX=nan, Bull=nan, Bear=nan
2026-01-16 22:59:15,742 - INFO - [상태] 포지션 없음, 자본금: $5364.14
2026-01-16 22:59:15,742 - INFO - [지표] ADX=nan, Bull=nan, Bear=nan
2026-01-16 23:00:00,658 - INFO - [EMA] 증분계산: prev=95461.44, close=95400.2, new=95456.73
2026-01-16 23:00:00,665 - INFO - 15m | 13:45 | O:95371.0 H:95444.0 L:95353.1 C:95400.2
2026-01-16 23:00:00,665 - INFO - 지표: ADX=15.0, ATR=141.3, Bull=False, Bear=False
2026-01-16 23:04:15,744 - INFO - [상태] 포지션 없음, 자본금: $5364.14
2026-01-16 23:04:15,744 - INFO - [지표] ADX=nan, Bull=nan, Bear=nan
2026-01-16 23:09:15,746 - INFO - [상태] 포지션 없음, 자본금: $5364.14
2026-01-16 23:09:15,747 - INFO - [지표] ADX=nan, Bull=nan, Bear=nan
2026-01-16 23:14:15,749 - INFO - [상태] 포지션 없음, 자본금: $5364.14
2026-01-16 23:14:15,749 - INFO - [지표] ADX=nan, Bull=nan, Bear=nan
2026-01-16 23:15:00,586 - INFO - [EMA] 증분계산: prev=95456.73, close=95404.6, new=95452.72
2026-01-16 23:15:00,596 - INFO - 15m | 14:00 | O:95400.1 H:95521.7 L:95387.3 C:95404.6
2026-01-16 23:15:00,596 - INFO - 지표: ADX=15.0, ATR=140.6, Bull=False, Bear=False
2026-01-16 23:19:15,750 - INFO - [상태] 포지션 없음, 자본금: $5364.14
2026-01-16 23:19:15,750 - INFO - [지표] ADX=nan, Bull=nan, Bear=nan
2026-01-16 23:24:15,752 - INFO - [상태] 포지션 없음, 자본금: $5364.14
2026-01-16 23:24:15,752 - INFO - [지표] ADX=nan, Bull=nan, Bear=nan
2026-01-16 23:29:15,753 - INFO - [상태] 포지션 없음, 자본금: $5364.14
2026-01-16 23:29:15,754 - INFO - [지표] ADX=nan, Bull=nan, Bear=nan
2026-01-16 23:30:00,145 - INFO - [EMA] 증분계산: prev=95452.72, close=95669.7, new=95469.41
2026-01-16 23:30:00,154 - INFO - 15m | 14:15 | O:95404.5 H:95669.7 L:95301.4 C:95669.7
2026-01-16 23:30:00,155 - INFO - 지표: ADX=14.2, ATR=163.4, Bull=False, Bear=False
2026-01-16 23:34:15,754 - INFO - [상태] 포지션 없음, 자본금: $5364.14
2026-01-16 23:34:15,755 - INFO - [지표] ADX=nan, Bull=nan, Bear=nan
2026-01-16 23:39:15,756 - INFO - [상태] 포지션 없음, 자본금: $5364.14
2026-01-16 23:39:15,756 - INFO - [지표] ADX=nan, Bull=nan, Bear=nan
2026-01-16 23:44:15,757 - INFO - [상태] 포지션 없음, 자본금: $5364.14
2026-01-16 23:44:15,758 - INFO - [지표] ADX=nan, Bull=nan, Bear=nan
2026-01-16 23:45:00,061 - INFO - [EMA] 증분계산: prev=95469.41, close=95170.0, new=95446.38
2026-01-16 23:45:00,070 - INFO - 15m | 14:30 | O:95669.6 H:95763.0 L:95170.0 C:95170.0
2026-01-16 23:45:00,070 - INFO - 지표: ADX=13.9, ATR=206.3, Bull=False, Bear=False
2026-01-16 23:49:15,758 - INFO - [상태] 포지션 없음, 자본금: $5364.14
2026-01-16 23:49:15,759 - INFO - [지표] ADX=nan, Bull=nan, Bear=nan
2026-01-16 23:54:15,761 - INFO - [상태] 포지션 없음, 자본금: $5364.14
2026-01-16 23:54:15,761 - INFO - [지표] ADX=nan, Bull=nan, Bear=nan
2026-01-16 23:59:15,762 - INFO - [상태] 포지션 없음, 자본금: $5364.14
2026-01-16 23:59:15,762 - INFO - [지표] ADX=nan, Bull=nan, Bear=nan
2026-01-17 00:00:00,063 - INFO - [EMA] 증분계산: prev=95446.38, close=95137.0, new=95422.58
2026-01-17 00:00:00,070 - INFO - 15m | 14:45 | O:95170.0 H:95452.3 L:95130.0 C:95137.0
2026-01-17 00:00:00,070 - INFO - 지표: ADX=13.9, ATR=217.9, Bull=False, Bear=False
2026-01-17 00:04:15,763 - INFO - [상태] 포지션 없음, 자본금: $5364.14
2026-01-17 00:04:15,763 - INFO - [지표] ADX=nan, Bull=nan, Bear=nan
2026-01-17 00:09:15,764 - INFO - [상태] 포지션 없음, 자본금: $5364.14
2026-01-17 00:09:15,764 - INFO - [지표] ADX=nan, Bull=nan, Bear=nan
2026-01-17 00:14:15,765 - INFO - [상태] 포지션 없음, 자본금: $5364.14
2026-01-17 00:14:15,765 - INFO - [지표] ADX=nan, Bull=nan, Bear=nan
2026-01-17 00:15:00,114 - INFO - [EMA] 증분계산: prev=95422.58, close=95534.8, new=95431.21
2026-01-17 00:15:00,121 - INFO - 15m | 15:00 | O:95137.0 H:95658.8 L:95005.3 C:95534.8
2026-01-17 00:15:00,121 - INFO - 지표: ADX=13.4, ATR=261.5, Bull=False, Bear=False
2026-01-17 00:19:15,766 - INFO - [상태] 포지션 없음, 자본금: $5364.14
2026-01-17 00:19:15,767 - INFO - [지표] ADX=nan, Bull=nan, Bear=nan
2026-01-17 00:24:15,767 - INFO - [상태] 포지션 없음, 자본금: $5364.14
2026-01-17 00:24:15,768 - INFO - [지표] ADX=nan, Bull=nan, Bear=nan
2026-01-17 00:29:15,768 - INFO - [상태] 포지션 없음, 자본금: $5364.14
2026-01-17 00:29:15,769 - INFO - [지표] ADX=nan, Bull=nan, Bear=nan
2026-01-17 00:30:00,055 - INFO - [EMA] 증분계산: prev=95431.21, close=94673.2, new=95372.91
2026-01-17 00:30:00,062 - INFO - 15m | 15:15 | O:95534.7 H:95555.0 L:94637.7 C:94673.2
2026-01-17 00:30:00,062 - INFO - 지표: ADX=14.0, ATR=327.1, Bull=False, Bear=False
2026-01-17 00:34:15,770 - INFO - [상태] 포지션 없음, 자본금: $5364.14
2026-01-17 00:34:15,770 - INFO - [지표] ADX=nan, Bull=nan, Bear=nan
2026-01-17 00:39:15,771 - INFO - [상태] 포지션 없음, 자본금: $5364.14
2026-01-17 00:39:15,772 - INFO - [지표] ADX=nan, Bull=nan, Bear=nan
2026-01-17 00:44:15,772 - INFO - [상태] 포지션 없음, 자본금: $5364.14
2026-01-17 00:44:15,773 - INFO - [지표] ADX=nan, Bull=nan, Bear=nan
2026-01-17 00:45:00,073 - INFO - [EMA] 증분계산: prev=95372.91, close=94489.4, new=95304.94
2026-01-17 00:45:00,080 - INFO - 15m | 15:30 | O:94673.3 H:94780.7 L:94333.1 C:94489.4
2026-01-17 00:45:00,080 - INFO - 지표: ADX=15.5, ATR=339.1, Bull=False, Bear=False
2026-01-17 00:49:15,773 - INFO - [상태] 포지션 없음, 자본금: $5364.14
2026-01-17 00:49:15,773 - INFO - [지표] ADX=nan, Bull=nan, Bear=nan
2026-01-17 00:54:15,774 - INFO - [상태] 포지션 없음, 자본금: $5364.14
2026-01-17 00:54:15,775 - INFO - [지표] ADX=nan, Bull=nan, Bear=nan
2026-01-17 00:59:15,776 - INFO - [상태] 포지션 없음, 자본금: $5364.14
2026-01-17 00:59:15,776 - INFO - [지표] ADX=nan, Bull=nan, Bear=nan
2026-01-17 01:00:00,034 - INFO - [EMA] 증분계산: prev=95304.94, close=94537.5, new=95245.91
2026-01-17 01:00:00,041 - INFO - 15m | 15:45 | O:94489.4 H:94633.8 L:94234.5 C:94537.5
2026-01-17 01:00:00,041 - INFO - 지표: ADX=17.3, ATR=345.1, Bull=False, Bear=False
2026-01-17 01:04:15,777 - INFO - [상태] 포지션 없음, 자본금: $5364.14
2026-01-17 01:04:15,777 - INFO - [지표] ADX=nan, Bull=nan, Bear=nan
2026-01-17 01:09:15,778 - INFO - [상태] 포지션 없음, 자본금: $5364.14
2026-01-17 01:09:15,778 - INFO - [지표] ADX=nan, Bull=nan, Bear=nan
2026-01-17 01:14:15,779 - INFO - [상태] 포지션 없음, 자본금: $5364.14
2026-01-17 01:14:15,779 - INFO - [지표] ADX=nan, Bull=nan, Bear=nan
2026-01-17 01:15:00,074 - INFO - [EMA] 증분계산: prev=95245.91, close=94760.0, new=95208.53
2026-01-17 01:15:00,080 - INFO - 15m | 16:00 | O:94537.6 H:94825.0 L:94454.5 C:94760.0
2026-01-17 01:15:00,080 - INFO - 지표: ADX=17.8, ATR=347.7, Bull=False, Bear=False
2026-01-17 01:19:15,781 - INFO - [상태] 포지션 없음, 자본금: $5364.14
2026-01-17 01:19:15,781 - INFO - [지표] ADX=nan, Bull=nan, Bear=nan
2026-01-17 01:24:15,782 - INFO - [상태] 포지션 없음, 자본금: $5364.14
2026-01-17 01:24:15,782 - INFO - [지표] ADX=nan, Bull=nan, Bear=nan
2026-01-17 01:29:15,783 - INFO - [상태] 포지션 없음, 자본금: $5364.14
2026-01-17 01:29:15,784 - INFO - [지표] ADX=nan, Bull=nan, Bear=nan
2026-01-17 01:30:00,165 - INFO - [EMA] 증분계산: prev=95208.53, close=94826.5, new=95179.14
2026-01-17 01:30:00,175 - INFO - 15m | 16:15 | O:94760.1 H:94900.0 L:94550.0 C:94826.5
2026-01-17 01:30:00,175 - INFO - 지표: ADX=17.8, ATR=347.9, Bull=False, Bear=False
2026-01-17 01:34:15,785 - INFO - [상태] 포지션 없음, 자본금: $5364.14
2026-01-17 01:34:15,785 - INFO - [지표] ADX=nan, Bull=nan, Bear=nan
2026-01-17 01:39:15,787 - INFO - [상태] 포지션 없음, 자본금: $5364.14
2026-01-17 01:39:15,787 - INFO - [지표] ADX=nan, Bull=nan, Bear=nan
2026-01-17 01:44:15,790 - INFO - [상태] 포지션 없음, 자본금: $5364.14
2026-01-17 01:44:15,790 - INFO - [지표] ADX=nan, Bull=nan, Bear=nan
2026-01-17 01:45:00,071 - INFO - [EMA] 증분계산: prev=95179.14, close=94850.1, new=95153.83
2026-01-17 01:45:00,078 - INFO - 15m | 16:30 | O:94826.5 H:94928.5 L:94644.9 C:94850.1
2026-01-17 01:45:00,078 - INFO - 지표: ADX=17.6, ATR=341.5, Bull=False, Bear=False
2026-01-17 01:49:15,793 - INFO - [상태] 포지션 없음, 자본금: $5364.14
2026-01-17 01:49:15,793 - INFO - [지표] ADX=nan, Bull=nan, Bear=nan
2026-01-17 01:54:15,793 - INFO - [상태] 포지션 없음, 자본금: $5364.14
2026-01-17 01:54:15,794 - INFO - [지표] ADX=nan, Bull=nan, Bear=nan
2026-01-17 01:59:15,796 - INFO - [상태] 포지션 없음, 자본금: $5364.14
2026-01-17 01:59:15,796 - INFO - [지표] ADX=nan, Bull=nan, Bear=nan
2026-01-17 02:00:00,520 - INFO - [EMA] 증분계산: prev=95153.83, close=94826.6, new=95128.66
2026-01-17 02:00:00,527 - INFO - 15m | 16:45 | O:94850.0 H:94950.0 L:94730.4 C:94826.6
2026-01-17 02:00:00,527 - INFO - 지표: ADX=17.4, ATR=329.3, Bull=False, Bear=False
2026-01-17 02:04:15,797 - INFO - [상태] 포지션 없음, 자본금: $5364.14
2026-01-17 02:04:15,798 - INFO - [지표] ADX=nan, Bull=nan, Bear=nan
2026-01-17 02:09:15,799 - INFO - [상태] 포지션 없음, 자본금: $5364.14
2026-01-17 02:09:15,799 - INFO - [지표] ADX=nan, Bull=nan, Bear=nan
2026-01-17 02:14:15,800 - INFO - [상태] 포지션 없음, 자본금: $5364.14
2026-01-17 02:14:15,800 - INFO - [지표] ADX=nan, Bull=nan, Bear=nan
2026-01-17 02:15:00,158 - INFO - [EMA] 증분계산: prev=95128.66, close=94755.0, new=95099.92
2026-01-17 02:15:00,165 - INFO - 15m | 17:00 | O:94826.5 H:94826.6 L:94611.3 C:94755.0
2026-01-17 02:15:00,165 - INFO - 지표: ADX=17.7, ATR=317.9, Bull=False, Bear=False
2026-01-17 02:19:15,801 - INFO - [상태] 포지션 없음, 자본금: $5364.14
2026-01-17 02:19:15,801 - INFO - [지표] ADX=nan, Bull=nan, Bear=nan
2026-01-17 02:24:15,802 - INFO - [상태] 포지션 없음, 자본금: $5364.14
2026-01-17 02:24:15,802 - INFO - [지표] ADX=nan, Bull=nan, Bear=nan
2026-01-17 02:29:15,804 - INFO - [상태] 포지션 없음, 자본금: $5364.14
2026-01-17 02:29:15,804 - INFO - [지표] ADX=nan, Bull=nan, Bear=nan
2026-01-17 02:30:00,027 - INFO - [EMA] 증분계산: prev=95099.92, close=94719.0, new=95070.62
2026-01-17 02:30:00,037 - INFO - 15m | 17:15 | O:94755.1 H:94876.6 L:94502.8 C:94719.0
2026-01-17 02:30:00,037 - INFO - 지표: ADX=18.3, ATR=323.5, Bull=False, Bear=False
2026-01-17 02:34:15,805 - INFO - [상태] 포지션 없음, 자본금: $5364.14
2026-01-17 02:34:15,806 - INFO - [지표] ADX=nan, Bull=nan, Bear=nan
2026-01-17 02:39:15,807 - INFO - [상태] 포지션 없음, 자본금: $5364.14
2026-01-17 02:39:15,807 - INFO - [지표] ADX=nan, Bull=nan, Bear=nan
2026-01-17 02:44:15,808 - INFO - [상태] 포지션 없음, 자본금: $5364.14
2026-01-17 02:44:15,809 - INFO - [지표] ADX=nan, Bull=nan, Bear=nan
2026-01-17 02:45:00,226 - INFO - [EMA] 증분계산: prev=95070.62, close=94892.8, new=95056.94
2026-01-17 02:45:00,232 - INFO - 15m | 17:30 | O:94719.1 H:94892.8 L:94698.6 C:94892.8
2026-01-17 02:45:00,232 - INFO - 지표: ADX=18.8, ATR=310.5, Bull=False, Bear=False
2026-01-17 02:49:15,810 - INFO - [상태] 포지션 없음, 자본금: $5364.14
2026-01-17 02:49:15,811 - INFO - [지표] ADX=nan, Bull=nan, Bear=nan
2026-01-17 02:54:15,813 - INFO - [상태] 포지션 없음, 자본금: $5364.14
2026-01-17 02:54:15,814 - INFO - [지표] ADX=nan, Bull=nan, Bear=nan
2026-01-17 02:59:15,815 - INFO - [상태] 포지션 없음, 자본금: $5364.14
2026-01-17 02:59:15,815 - INFO - [지표] ADX=nan, Bull=nan, Bear=nan
2026-01-17 03:00:00,034 - INFO - [EMA] 증분계산: prev=95056.94, close=95041.6, new=95055.76
2026-01-17 03:00:00,041 - INFO - 15m | 17:45 | O:94892.8 H:95095.4 L:94741.9 C:95041.6
2026-01-17 03:00:00,041 - INFO - 지표: ADX=18.1, ATR=314.8, Bull=False, Bear=False
2026-01-17 03:04:15,816 - INFO - [상태] 포지션 없음, 자본금: $5364.14
2026-01-17 03:04:15,816 - INFO - [지표] ADX=nan, Bull=nan, Bear=nan
2026-01-17 03:09:15,817 - INFO - [상태] 포지션 없음, 자본금: $5364.14
2026-01-17 03:09:15,818 - INFO - [지표] ADX=nan, Bull=nan, Bear=nan
2026-01-17 03:14:15,820 - INFO - [상태] 포지션 없음, 자본금: $5364.14
2026-01-17 03:14:15,820 - INFO - [지표] ADX=nan, Bull=nan, Bear=nan
2026-01-17 03:15:00,080 - INFO - [EMA] 증분계산: prev=95055.76, close=95015.9, new=95052.69
2026-01-17 03:15:00,090 - INFO - 15m | 18:00 | O:95041.7 H:95191.8 L:95004.9 C:95015.9
2026-01-17 03:15:00,090 - INFO - 지표: ADX=16.9, ATR=302.0, Bull=False, Bear=False
2026-01-17 03:19:15,822 - INFO - [상태] 포지션 없음, 자본금: $5364.14
2026-01-17 03:19:15,822 - INFO - [지표] ADX=nan, Bull=nan, Bear=nan
2026-01-17 03:24:15,823 - INFO - [상태] 포지션 없음, 자본금: $5364.14
2026-01-17 03:24:15,824 - INFO - [지표] ADX=nan, Bull=nan, Bear=nan
2026-01-17 03:29:15,826 - INFO - [상태] 포지션 없음, 자본금: $5364.14
2026-01-17 03:29:15,826 - INFO - [지표] ADX=nan, Bull=nan, Bear=nan
2026-01-17 03:30:00,054 - INFO - [EMA] 증분계산: prev=95052.69, close=95165.4, new=95061.36
2026-01-17 03:30:00,064 - INFO - 15m | 18:15 | O:95015.8 H:95180.4 L:94974.4 C:95165.4
2026-01-17 03:30:00,064 - INFO - 지표: ADX=15.9, ATR=292.4, Bull=False, Bear=False
2026-01-17 03:34:15,827 - INFO - [상태] 포지션 없음, 자본금: $5364.14
2026-01-17 03:34:15,827 - INFO - [지표] ADX=nan, Bull=nan, Bear=nan
2026-01-17 03:39:15,828 - INFO - [상태] 포지션 없음, 자본금: $5364.14
2026-01-17 03:39:15,828 - INFO - [지표] ADX=nan, Bull=nan, Bear=nan
2026-01-17 03:44:15,829 - INFO - [상태] 포지션 없음, 자본금: $5364.14
2026-01-17 03:44:15,830 - INFO - [지표] ADX=nan, Bull=nan, Bear=nan
2026-01-17 03:45:00,668 - INFO - [EMA] 증분계산: prev=95061.36, close=95098.6, new=95064.23
2026-01-17 03:45:00,677 - INFO - 15m | 18:30 | O:95165.4 H:95175.0 L:95067.2 C:95098.6
2026-01-17 03:45:00,677 - INFO - 지표: ADX=15.0, ATR=274.0, Bull=False, Bear=False
2026-01-17 03:49:15,831 - INFO - [상태] 포지션 없음, 자본금: $5364.14
2026-01-17 03:49:15,831 - INFO - [지표] ADX=nan, Bull=nan, Bear=nan
2026-01-17 03:54:15,832 - INFO - [상태] 포지션 없음, 자본금: $5364.14
2026-01-17 03:54:15,832 - INFO - [지표] ADX=nan, Bull=nan, Bear=nan
2026-01-17 03:59:15,834 - INFO - [상태] 포지션 없음, 자본금: $5364.14
2026-01-17 03:59:15,835 - INFO - [지표] ADX=nan, Bull=nan, Bear=nan
2026-01-17 04:00:00,335 - INFO - [EMA] 증분계산: prev=95064.23, close=94966.6, new=95056.72
2026-01-17 04:00:00,345 - INFO - 15m | 18:45 | O:95098.7 H:95149.4 L:94931.0 C:94966.6
2026-01-17 04:00:00,345 - INFO - 지표: ADX=14.9, ATR=268.4, Bull=False, Bear=True
2026-01-17 04:04:15,836 - INFO - [상태] 포지션 없음, 자본금: $5364.14
2026-01-17 04:04:15,836 - INFO - [지표] ADX=nan, Bull=nan, Bear=nan
2026-01-17 04:09:15,837 - INFO - [상태] 포지션 없음, 자본금: $5364.14
2026-01-17 04:09:15,837 - INFO - [지표] ADX=nan, Bull=nan, Bear=nan
2026-01-17 04:14:15,838 - INFO - [상태] 포지션 없음, 자본금: $5364.14
2026-01-17 04:14:15,839 - INFO - [지표] ADX=nan, Bull=nan, Bear=nan
2026-01-17 04:15:00,252 - INFO - [EMA] 증분계산: prev=95056.72, close=94937.5, new=95047.55
2026-01-17 04:15:00,261 - INFO - 15m | 19:00 | O:94966.7 H:94985.2 L:94877.4 C:94937.5
2026-01-17 04:15:00,261 - INFO - 지표: ADX=15.0, ATR=252.4, Bull=False, Bear=True
2026-01-17 04:19:15,840 - INFO - [상태] 포지션 없음, 자본금: $5364.14
2026-01-17 04:19:15,840 - INFO - [지표] ADX=nan, Bull=nan, Bear=nan
2026-01-17 04:24:15,841 - INFO - [상태] 포지션 없음, 자본금: $5364.14
2026-01-17 04:24:15,841 - INFO - [지표] ADX=nan, Bull=nan, Bear=nan
2026-01-17 04:29:15,842 - INFO - [상태] 포지션 없음, 자본금: $5364.14
2026-01-17 04:29:15,843 - INFO - [지표] ADX=nan, Bull=nan, Bear=nan
2026-01-17 04:30:00,146 - INFO - [EMA] 증분계산: prev=95047.55, close=94818.4, new=95029.92
2026-01-17 04:30:00,156 - INFO - 15m | 19:15 | O:94937.4 H:94957.1 L:94793.1 C:94818.4
2026-01-17 04:30:00,156 - INFO - 지표: ADX=15.5, ATR=243.5, Bull=False, Bear=True
2026-01-17 04:34:15,844 - INFO - [상태] 포지션 없음, 자본금: $5364.14
2026-01-17 04:34:15,845 - INFO - [지표] ADX=nan, Bull=nan, Bear=nan
2026-01-17 04:39:15,846 - INFO - [상태] 포지션 없음, 자본금: $5364.14
2026-01-17 04:39:15,847 - INFO - [지표] ADX=nan, Bull=nan, Bear=nan
2026-01-17 04:44:15,847 - INFO - [상태] 포지션 없음, 자본금: $5364.14
2026-01-17 04:44:15,848 - INFO - [지표] ADX=nan, Bull=nan, Bear=nan
2026-01-17 04:45:00,260 - INFO - [EMA] 증분계산: prev=95029.92, close=94899.9, new=95019.92
2026-01-17 04:45:00,269 - INFO - 15m | 19:30 | O:94818.4 H:95018.3 L:94818.3 C:94899.9
2026-01-17 04:45:00,269 - INFO - 지표: ADX=15.6, ATR=239.2, Bull=False, Bear=True
2026-01-17 04:49:15,850 - INFO - [상태] 포지션 없음, 자본금: $5364.14
2026-01-17 04:49:15,850 - INFO - [지표] ADX=nan, Bull=nan, Bear=nan
2026-01-17 04:54:15,851 - INFO - [상태] 포지션 없음, 자본금: $5364.14
2026-01-17 04:54:15,851 - INFO - [지표] ADX=nan, Bull=nan, Bear=nan
2026-01-17 04:59:15,853 - INFO - [상태] 포지션 없음, 자본금: $5364.14
2026-01-17 04:59:15,853 - INFO - [지표] ADX=nan, Bull=nan, Bear=nan
2026-01-17 05:00:00,055 - INFO - [EMA] 증분계산: prev=95019.92, close=94961.0, new=95015.39
2026-01-17 05:00:00,064 - INFO - 15m | 19:45 | O:94899.9 H:94999.0 L:94899.2 C:94961.0
2026-01-17 05:00:00,064 - INFO - 지표: ADX=15.6, ATR=225.2, Bull=False, Bear=True
2026-01-17 05:04:15,854 - INFO - [상태] 포지션 없음, 자본금: $5364.14
2026-01-17 05:04:15,855 - INFO - [지표] ADX=nan, Bull=nan, Bear=nan
2026-01-17 05:09:15,856 - INFO - [상태] 포지션 없음, 자본금: $5364.14
2026-01-17 05:09:15,856 - INFO - [지표] ADX=nan, Bull=nan, Bear=nan
2026-01-17 05:14:15,857 - INFO - [상태] 포지션 없음, 자본금: $5364.14
2026-01-17 05:14:15,858 - INFO - [지표] ADX=nan, Bull=nan, Bear=nan
2026-01-17 05:15:00,529 - INFO - [EMA] 증분계산: prev=95015.39, close=94842.1, new=95002.06
2026-01-17 05:15:00,538 - INFO - 15m | 20:00 | O:94961.0 H:94961.0 L:94630.0 C:94842.1
2026-01-17 05:15:00,538 - INFO - 지표: ADX=16.9, ATR=235.8, Bull=False, Bear=True
2026-01-17 05:19:15,859 - INFO - [상태] 포지션 없음, 자본금: $5364.14
2026-01-17 05:19:15,860 - INFO - [지표] ADX=nan, Bull=nan, Bear=nan
2026-01-17 05:24:15,861 - INFO - [상태] 포지션 없음, 자본금: $5364.14
2026-01-17 05:24:15,861 - INFO - [지표] ADX=nan, Bull=nan, Bear=nan
2026-01-17 05:29:15,863 - INFO - [상태] 포지션 없음, 자본금: $5364.14
2026-01-17 05:29:15,863 - INFO - [지표] ADX=nan, Bull=nan, Bear=nan
2026-01-17 05:30:00,054 - INFO - [EMA] 증분계산: prev=95002.06, close=95083.9, new=95008.35
2026-01-17 05:30:00,064 - INFO - 15m | 20:15 | O:94842.1 H:95108.1 L:94812.1 C:95083.9
2026-01-17 05:30:00,064 - INFO - 지표: ADX=17.0, ATR=241.8, Bull=False, Bear=True
2026-01-17 05:34:15,863 - INFO - [상태] 포지션 없음, 자본금: $5364.14
2026-01-17 05:34:15,864 - INFO - [지표] ADX=nan, Bull=nan, Bear=nan
2026-01-17 05:39:15,864 - INFO - [상태] 포지션 없음, 자본금: $5364.14
2026-01-17 05:39:15,865 - INFO - [지표] ADX=nan, Bull=nan, Bear=nan
2026-01-17 05:44:15,867 - INFO - [상태] 포지션 없음, 자본금: $5364.14
2026-01-17 05:44:15,867 - INFO - [지표] ADX=nan, Bull=nan, Bear=nan
2026-01-17 05:45:00,109 - INFO - [EMA] 증분계산: prev=95008.35, close=95200.5, new=95023.13
2026-01-17 05:45:00,118 - INFO - 15m | 20:30 | O:95084.0 H:95220.9 L:95047.8 C:95200.5
2026-01-17 05:45:00,118 - INFO - 지표: ADX=16.5, ATR=235.0, Bull=False, Bear=True
2026-01-17 05:49:15,869 - INFO - [상태] 포지션 없음, 자본금: $5364.14
2026-01-17 05:49:15,869 - INFO - [지표] ADX=nan, Bull=nan, Bear=nan
2026-01-17 05:54:15,871 - INFO - [상태] 포지션 없음, 자본금: $5364.14
2026-01-17 05:54:15,871 - INFO - [지표] ADX=nan, Bull=nan, Bear=nan
2026-01-17 05:59:15,872 - INFO - [상태] 포지션 없음, 자본금: $5364.14
2026-01-17 05:59:15,872 - INFO - [지표] ADX=nan, Bull=nan, Bear=nan
2026-01-17 06:00:00,038 - INFO - [EMA] 증분계산: prev=95023.13, close=95517.1, new=95061.13
2026-01-17 06:00:00,045 - INFO - 15m | 20:45 | O:95200.5 H:95527.4 L:95150.2 C:95517.1
2026-01-17 06:00:00,045 - INFO - 지표: ADX=16.1, ATR=249.2, Bull=False, Bear=False
2026-01-17 06:04:15,874 - INFO - [상태] 포지션 없음, 자본금: $5364.14
2026-01-17 06:04:15,874 - INFO - [지표] ADX=nan, Bull=nan, Bear=nan
2026-01-17 06:09:15,875 - INFO - [상태] 포지션 없음, 자본금: $5364.14
2026-01-17 06:09:15,875 - INFO - [지표] ADX=nan, Bull=nan, Bear=nan
2026-01-17 06:14:15,878 - INFO - [상태] 포지션 없음, 자본금: $5364.14
2026-01-17 06:14:15,878 - INFO - [지표] ADX=nan, Bull=nan, Bear=nan
2026-01-17 06:15:00,096 - INFO - [EMA] 증분계산: prev=95061.13, close=95363.8, new=95084.41
2026-01-17 06:15:00,102 - INFO - 15m | 21:00 | O:95517.2 H:95550.0 L:95363.8 C:95363.8
2026-01-17 06:15:00,102 - INFO - 지표: ADX=15.8, ATR=242.9, Bull=False, Bear=True
2026-01-17 06:19:15,879 - INFO - [상태] 포지션 없음, 자본금: $5364.14
2026-01-17 06:19:15,880 - INFO - [지표] ADX=nan, Bull=nan, Bear=nan
2026-01-17 06:24:15,880 - INFO - [상태] 포지션 없음, 자본금: $5364.14
2026-01-17 06:24:15,881 - INFO - [지표] ADX=nan, Bull=nan, Bear=nan
2026-01-17 06:29:15,881 - INFO - [상태] 포지션 없음, 자본금: $5364.14
2026-01-17 06:29:15,882 - INFO - [지표] ADX=nan, Bull=nan, Bear=nan
2026-01-17 06:30:00,239 - INFO - [EMA] 증분계산: prev=95084.41, close=95375.4, new=95106.80
2026-01-17 06:30:00,246 - INFO - 15m | 21:15 | O:95363.8 H:95415.6 L:95300.1 C:95375.4
2026-01-17 06:30:00,246 - INFO - 지표: ADX=15.3, ATR=230.1, Bull=False, Bear=True
2026-01-17 06:34:15,883 - INFO - [상태] 포지션 없음, 자본금: $5364.14
2026-01-17 06:34:15,883 - INFO - [지표] ADX=nan, Bull=nan, Bear=nan
2026-01-17 06:39:15,884 - INFO - [상태] 포지션 없음, 자본금: $5364.14
2026-01-17 06:39:15,885 - INFO - [지표] ADX=nan, Bull=nan, Bear=nan
2026-01-17 06:44:15,885 - INFO - [상태] 포지션 없음, 자본금: $5364.14
2026-01-17 06:44:15,886 - INFO - [지표] ADX=nan, Bull=nan, Bear=nan
2026-01-17 06:45:00,339 - INFO - [EMA] 증분계산: prev=95106.80, close=95496.5, new=95136.77
2026-01-17 06:45:00,346 - INFO - 15m | 21:30 | O:95375.3 H:95525.6 L:95323.3 C:95496.5
2026-01-17 06:45:00,346 - INFO - 지표: ADX=15.2, ATR=227.4, Bull=False, Bear=False
2026-01-17 06:49:15,887 - INFO - [상태] 포지션 없음, 자본금: $5364.14
2026-01-17 06:49:15,888 - INFO - [지표] ADX=nan, Bull=nan, Bear=nan
2026-01-17 06:54:15,890 - INFO - [상태] 포지션 없음, 자본금: $5364.14
2026-01-17 06:54:15,891 - INFO - [지표] ADX=nan, Bull=nan, Bear=nan
2026-01-17 06:59:15,892 - INFO - [상태] 포지션 없음, 자본금: $5364.14
2026-01-17 06:59:15,893 - INFO - [지표] ADX=nan, Bull=nan, Bear=nan
2026-01-17 07:00:00,253 - INFO - [EMA] 증분계산: prev=95136.77, close=95469.6, new=95162.38
2026-01-17 07:00:00,259 - INFO - 15m | 21:45 | O:95496.5 H:95515.3 L:95414.1 C:95469.6
2026-01-17 07:00:00,259 - INFO - 지표: ADX=15.2, ATR=214.7, Bull=False, Bear=False
2026-01-17 07:04:15,894 - INFO - [상태] 포지션 없음, 자본금: $5364.14
2026-01-17 07:04:15,894 - INFO - [지표] ADX=nan, Bull=nan, Bear=nan
2026-01-17 07:09:15,896 - INFO - [상태] 포지션 없음, 자본금: $5364.14
2026-01-17 07:09:15,897 - INFO - [지표] ADX=nan, Bull=nan, Bear=nan
2026-01-17 07:14:15,900 - INFO - [상태] 포지션 없음, 자본금: $5364.14
2026-01-17 07:14:15,900 - INFO - [지표] ADX=nan, Bull=nan, Bear=nan
2026-01-17 07:15:00,364 - INFO - [EMA] 증분계산: prev=95162.38, close=95331.1, new=95175.35
2026-01-17 07:15:00,371 - INFO - 15m | 22:00 | O:95469.6 H:95535.6 L:95193.9 C:95331.1
2026-01-17 07:15:00,371 - INFO - 지표: ADX=14.2, ATR=227.4, Bull=False, Bear=True
2026-01-17 07:19:15,902 - INFO - [상태] 포지션 없음, 자본금: $5364.14
2026-01-17 07:19:15,902 - INFO - [지표] ADX=nan, Bull=nan, Bear=nan
2026-01-17 07:24:15,904 - INFO - [상태] 포지션 없음, 자본금: $5364.14
2026-01-17 07:24:15,904 - INFO - [지표] ADX=nan, Bull=nan, Bear=nan
2026-01-17 07:29:15,906 - INFO - [상태] 포지션 없음, 자본금: $5364.14
2026-01-17 07:29:15,906 - INFO - [지표] ADX=nan, Bull=nan, Bear=nan
2026-01-17 07:30:00,079 - INFO - [EMA] 증분계산: prev=95175.35, close=95325.1, new=95186.87
2026-01-17 07:30:00,086 - INFO - 15m | 22:15 | O:95331.1 H:95412.7 L:95270.0 C:95325.1
2026-01-17 07:30:00,086 - INFO - 지표: ADX=13.4, ATR=219.0, Bull=False, Bear=True
2026-01-17 07:34:15,908 - INFO - [상태] 포지션 없음, 자본금: $5364.14
2026-01-17 07:34:15,908 - INFO - [지표] ADX=nan, Bull=nan, Bear=nan
2026-01-17 07:39:15,910 - INFO - [상태] 포지션 없음, 자본금: $5364.14
2026-01-17 07:39:15,910 - INFO - [지표] ADX=nan, Bull=nan, Bear=nan
2026-01-17 07:44:15,911 - INFO - [상태] 포지션 없음, 자본금: $5364.14
2026-01-17 07:44:15,911 - INFO - [지표] ADX=nan, Bull=nan, Bear=nan
2026-01-17 07:45:00,081 - INFO - [EMA] 증분계산: prev=95186.87, close=95371.4, new=95201.07
2026-01-17 07:45:00,090 - INFO - 15m | 22:30 | O:95325.0 H:95400.8 L:95202.0 C:95371.4
2026-01-17 07:45:00,091 - INFO - 지표: ADX=12.9, ATR=216.9, Bull=False, Bear=True
2026-01-17 07:49:15,912 - INFO - [상태] 포지션 없음, 자본금: $5364.14
2026-01-17 07:49:15,912 - INFO - [지표] ADX=nan, Bull=nan, Bear=nan
2026-01-17 07:54:15,913 - INFO - [상태] 포지션 없음, 자본금: $5364.14
2026-01-17 07:54:15,914 - INFO - [지표] ADX=nan, Bull=nan, Bear=nan
2026-01-17 07:59:15,915 - INFO - [상태] 포지션 없음, 자본금: $5364.14
2026-01-17 07:59:15,915 - INFO - [지표] ADX=nan, Bull=nan, Bear=nan
2026-01-17 08:00:00,415 - INFO - [EMA] 증분계산: prev=95201.07, close=95473.6, new=95222.03
2026-01-17 08:00:00,425 - INFO - 15m | 22:45 | O:95371.5 H:95477.0 L:95264.8 C:95473.6
2026-01-17 08:00:00,425 - INFO - 지표: ADX=12.1, ATR=216.5, Bull=False, Bear=False
2026-01-17 08:04:15,917 - INFO - [상태] 포지션 없음, 자본금: $5364.14
2026-01-17 08:04:15,917 - INFO - [지표] ADX=nan, Bull=nan, Bear=nan
2026-01-17 08:09:15,919 - INFO - [상태] 포지션 없음, 자본금: $5364.14
2026-01-17 08:09:15,919 - INFO - [지표] ADX=nan, Bull=nan, Bear=nan
2026-01-17 08:14:15,920 - INFO - [상태] 포지션 없음, 자본금: $5364.14
2026-01-17 08:14:15,921 - INFO - [지표] ADX=nan, Bull=nan, Bear=nan
2026-01-17 08:15:00,618 - INFO - [EMA] 증분계산: prev=95222.03, close=95481.7, new=95242.01
2026-01-17 08:15:00,628 - INFO - 15m | 23:00 | O:95473.5 H:95485.6 L:95380.0 C:95481.7
2026-01-17 08:15:00,628 - INFO - 지표: ADX=11.3, ATR=205.4, Bull=False, Bear=False
2026-01-17 08:19:15,922 - INFO - [상태] 포지션 없음, 자본금: $5364.14
2026-01-17 08:19:15,922 - INFO - [지표] ADX=nan, Bull=nan, Bear=nan
2026-01-17 08:24:15,924 - INFO - [상태] 포지션 없음, 자본금: $5364.14
2026-01-17 08:24:15,924 - INFO - [지표] ADX=nan, Bull=nan, Bear=nan
2026-01-17 08:29:15,926 - INFO - [상태] 포지션 없음, 자본금: $5364.14
2026-01-17 08:29:15,927 - INFO - [지표] ADX=nan, Bull=nan, Bear=nan
2026-01-17 08:30:00,173 - INFO - [EMA] 증분계산: prev=95242.01, close=95502.4, new=95262.04
2026-01-17 08:30:00,180 - INFO - 15m | 23:15 | O:95481.8 H:95530.1 L:95429.4 C:95502.4
2026-01-17 08:30:00,181 - INFO - 지표: ADX=10.7, ATR=194.9, Bull=False, Bear=False
2026-01-17 08:34:15,927 - INFO - [상태] 포지션 없음, 자본금: $5364.14
2026-01-17 08:34:15,928 - INFO - [지표] ADX=nan, Bull=nan, Bear=nan
2026-01-17 08:39:15,929 - INFO - [상태] 포지션 없음, 자본금: $5364.14
2026-01-17 08:39:15,929 - INFO - [지표] ADX=nan, Bull=nan, Bear=nan
2026-01-17 08:44:15,931 - INFO - [상태] 포지션 없음, 자본금: $5364.14
2026-01-17 08:44:15,931 - INFO - [지표] ADX=nan, Bull=nan, Bear=nan
2026-01-17 08:45:00,098 - INFO - [EMA] 증분계산: prev=95262.04, close=95414.2, new=95273.74
2026-01-17 08:45:00,105 - INFO - 15m | 23:30 | O:95502.4 H:95526.7 L:95400.5 C:95414.2
2026-01-17 08:45:00,105 - INFO - 지표: ADX=10.0, ATR=188.0, Bull=False, Bear=False
2026-01-17 08:49:15,933 - INFO - [상태] 포지션 없음, 자본금: $5364.14
2026-01-17 08:49:15,933 - INFO - [지표] ADX=nan, Bull=nan, Bear=nan
2026-01-17 08:54:15,934 - INFO - [상태] 포지션 없음, 자본금: $5364.14
2026-01-17 08:54:15,934 - INFO - [지표] ADX=nan, Bull=nan, Bear=nan
2026-01-17 08:59:15,935 - INFO - [상태] 포지션 없음, 자본금: $5364.14
2026-01-17 08:59:15,936 - INFO - [지표] ADX=nan, Bull=nan, Bear=nan
