2026-01-15 16:29:14,981 - INFO - === 로그 파일 시작: logs/hyper_usdt_2026-01-15.log ===
2026-01-15 16:29:14,981 - INFO - ======================================================================
2026-01-15 16:29:14,981 - INFO - Hyper Scalper V2 Live Trading 시작 (BTCUSDT)
2026-01-15 16:29:14,981 - INFO - 심볼: BTCUSDT, 타임프레임: 15m
2026-01-15 16:29:14,981 - INFO - ======================================================================
2026-01-15 16:29:15,038 - INFO - ============================================================
2026-01-15 16:29:15,038 - INFO - Hyper Scalper V2 Strategy 초기화
2026-01-15 16:29:15,039 - INFO - *** LIVE 거래 모드 ***
2026-01-15 16:29:15,039 - WARNING - *** 실제 자금으로 거래합니다! ***
2026-01-15 16:29:15,039 - INFO - ============================================================
2026-01-15 16:29:15,039 - INFO - 상태 파일 없음 - 새로 시작
2026-01-15 16:29:15,105 - INFO - 초기 자본 설정 (USDT): $5364.14
2026-01-15 16:29:15,105 - INFO - 상태 파일 없음 - 새로 시작
2026-01-15 16:29:15,105 - INFO - 새로운 거래 세션 시작
2026-01-15 16:29:15,105 - INFO - 과거 15분봉 데이터 로드 중...
2026-01-15 16:29:15,162 - INFO - 과거 데이터 로드 완료: 500개 캔들
2026-01-15 16:29:15,162 - INFO - 15분봉 로드 완료: 500개
2026-01-15 16:29:15,162 - INFO - 현재 지표: EMA25=96340.17, EMA100=96057.60, EMA200=95067.96, ADX=15.66, ATR=228.55
2026-01-15 16:29:15,188 - INFO - 초기 지표 저장 완료: 500개 → trades/indicators_hyper_usdt.csv
2026-01-15 16:29:15,188 - INFO - 모든 태스크 시작 완료
2026-01-15 16:29:15,188 - INFO - 초기 자본금: $5364.14
2026-01-15 16:29:15,310 - INFO - 웹소켓 연결: BTCUSDT (15분봉)
2026-01-15 16:30:00,200 - INFO - [EMA] 증분계산: prev=96340.17, close=96432.7, new=96347.28
2026-01-15 16:30:00,207 - INFO - 15m | 07:15 | O:96156.9 H:96450.0 L:96150.0 C:96432.7
2026-01-15 16:30:00,208 - INFO - 지표: ADX=15.0, ATR=235.7, Bull=True, Bear=False
2026-01-15 16:34:15,192 - INFO - [상태] 포지션 없음, 자본금: $5364.14
2026-01-15 16:34:15,192 - INFO - [지표] ADX=nan, Bull=nan, Bear=nan
2026-01-15 16:39:15,193 - INFO - [상태] 포지션 없음, 자본금: $5364.14
2026-01-15 16:39:15,194 - INFO - [지표] ADX=nan, Bull=nan, Bear=nan
2026-01-15 16:44:15,194 - INFO - [상태] 포지션 없음, 자본금: $5364.14
2026-01-15 16:44:15,195 - INFO - [지표] ADX=nan, Bull=nan, Bear=nan
2026-01-15 16:45:00,030 - INFO - [EMA] 증분계산: prev=96347.28, close=96549.8, new=96362.86
2026-01-15 16:45:00,037 - INFO - 15m | 07:30 | O:96432.8 H:96744.2 L:96408.0 C:96549.8
2026-01-15 16:45:00,037 - INFO - 지표: ADX=15.8, ATR=245.7, Bull=True, Bear=False
2026-01-15 16:49:15,196 - INFO - [상태] 포지션 없음, 자본금: $5364.14
2026-01-15 16:49:15,196 - INFO - [지표] ADX=nan, Bull=nan, Bear=nan
2026-01-15 16:54:15,196 - INFO - [상태] 포지션 없음, 자본금: $5364.14
2026-01-15 16:54:15,197 - INFO - [지표] ADX=nan, Bull=nan, Bear=nan
2026-01-15 16:59:15,197 - INFO - [상태] 포지션 없음, 자본금: $5364.14
2026-01-15 16:59:15,198 - INFO - [지표] ADX=nan, Bull=nan, Bear=nan
2026-01-15 17:00:00,046 - INFO - [EMA] 증분계산: prev=96362.86, close=96601.2, new=96381.20
2026-01-15 17:00:00,055 - INFO - 15m | 07:45 | O:96549.9 H:96638.7 L:96473.0 C:96601.2
2026-01-15 17:00:00,055 - INFO - 지표: ADX=16.4, ATR=237.7, Bull=True, Bear=False
2026-01-15 17:04:15,198 - INFO - [상태] 포지션 없음, 자본금: $5364.14
2026-01-15 17:04:15,199 - INFO - [지표] ADX=nan, Bull=nan, Bear=nan
2026-01-15 17:09:15,200 - INFO - [상태] 포지션 없음, 자본금: $5364.14
2026-01-15 17:09:15,200 - INFO - [지표] ADX=nan, Bull=nan, Bear=nan
2026-01-15 17:14:15,201 - INFO - [상태] 포지션 없음, 자본금: $5364.14
2026-01-15 17:14:15,202 - INFO - [지표] ADX=nan, Bull=nan, Bear=nan
2026-01-15 17:15:00,203 - INFO - [EMA] 증분계산: prev=96381.20, close=96437.2, new=96385.50
2026-01-15 17:15:00,213 - INFO - 15m | 08:00 | O:96601.2 H:96610.5 L:96405.6 C:96437.2
2026-01-15 17:15:00,213 - INFO - 지표: ADX=16.6, ATR=234.5, Bull=True, Bear=False
2026-01-15 17:19:15,203 - INFO - [상태] 포지션 없음, 자본금: $5364.14
2026-01-15 17:19:15,204 - INFO - [지표] ADX=nan, Bull=nan, Bear=nan
2026-01-15 17:24:15,204 - INFO - [상태] 포지션 없음, 자본금: $5364.14
2026-01-15 17:24:15,205 - INFO - [지표] ADX=nan, Bull=nan, Bear=nan
2026-01-15 17:29:15,206 - INFO - [상태] 포지션 없음, 자본금: $5364.14
2026-01-15 17:29:15,206 - INFO - [지표] ADX=nan, Bull=nan, Bear=nan
2026-01-15 17:30:00,298 - INFO - [EMA] 증분계산: prev=96385.50, close=96324.1, new=96380.78
2026-01-15 17:30:00,305 - INFO - 15m | 08:15 | O:96437.2 H:96529.0 L:96321.3 C:96324.1
2026-01-15 17:30:00,305 - INFO - 지표: ADX=16.3, ATR=231.8, Bull=True, Bear=False
2026-01-15 17:34:15,207 - INFO - [상태] 포지션 없음, 자본금: $5364.14
2026-01-15 17:34:15,208 - INFO - [지표] ADX=nan, Bull=nan, Bear=nan
2026-01-15 17:39:15,209 - INFO - [상태] 포지션 없음, 자본금: $5364.14
2026-01-15 17:39:15,210 - INFO - [지표] ADX=nan, Bull=nan, Bear=nan
2026-01-15 17:44:15,211 - INFO - [상태] 포지션 없음, 자본금: $5364.14
2026-01-15 17:44:15,211 - INFO - [지표] ADX=nan, Bull=nan, Bear=nan
2026-01-15 17:45:00,062 - INFO - [EMA] 증분계산: prev=96380.78, close=96392.8, new=96381.71
2026-01-15 17:45:00,069 - INFO - 15m | 08:30 | O:96324.2 H:96408.0 L:96243.8 C:96392.8
2026-01-15 17:45:00,069 - INFO - 지표: ADX=15.4, ATR=225.0, Bull=True, Bear=False
2026-01-15 17:49:15,212 - INFO - [상태] 포지션 없음, 자본금: $5364.14
2026-01-15 17:49:15,212 - INFO - [지표] ADX=nan, Bull=nan, Bear=nan
2026-01-15 17:54:15,214 - INFO - [상태] 포지션 없음, 자본금: $5364.14
2026-01-15 17:54:15,214 - INFO - [지표] ADX=nan, Bull=nan, Bear=nan
2026-01-15 17:59:15,216 - INFO - [상태] 포지션 없음, 자본금: $5364.14
2026-01-15 17:59:15,216 - INFO - [지표] ADX=nan, Bull=nan, Bear=nan
2026-01-15 18:00:00,159 - INFO - [EMA] 증분계산: prev=96381.71, close=96596.2, new=96398.20
2026-01-15 18:00:00,166 - INFO - 15m | 08:45 | O:96392.9 H:96645.2 L:96392.9 C:96596.2
2026-01-15 18:00:00,166 - INFO - 지표: ADX=15.8, ATR=227.8, Bull=True, Bear=False
2026-01-15 18:04:15,217 - INFO - [상태] 포지션 없음, 자본금: $5364.14
2026-01-15 18:04:15,217 - INFO - [지표] ADX=nan, Bull=nan, Bear=nan
2026-01-15 18:09:15,220 - INFO - [상태] 포지션 없음, 자본금: $5364.14
2026-01-15 18:09:15,220 - INFO - [지표] ADX=nan, Bull=nan, Bear=nan
2026-01-15 18:14:15,222 - INFO - [상태] 포지션 없음, 자본금: $5364.14
2026-01-15 18:14:15,222 - INFO - [지표] ADX=nan, Bull=nan, Bear=nan
2026-01-15 18:15:00,034 - INFO - [EMA] 증분계산: prev=96398.20, close=96538.5, new=96409.00
2026-01-15 18:15:00,044 - INFO - 15m | 09:00 | O:96596.1 H:96656.0 L:96538.1 C:96538.5
2026-01-15 18:15:00,044 - INFO - 지표: ADX=16.2, ATR=216.8, Bull=True, Bear=False
2026-01-15 18:19:15,224 - INFO - [상태] 포지션 없음, 자본금: $5364.14
2026-01-15 18:19:15,224 - INFO - [지표] ADX=nan, Bull=nan, Bear=nan
2026-01-15 18:24:15,224 - INFO - [상태] 포지션 없음, 자본금: $5364.14
2026-01-15 18:24:15,225 - INFO - [지표] ADX=nan, Bull=nan, Bear=nan
2026-01-15 18:29:15,225 - INFO - [상태] 포지션 없음, 자본금: $5364.14
2026-01-15 18:29:15,226 - INFO - [지표] ADX=nan, Bull=nan, Bear=nan
2026-01-15 18:30:00,131 - INFO - [EMA] 증분계산: prev=96409.00, close=96700.3, new=96431.40
2026-01-15 18:30:00,137 - INFO - 15m | 09:15 | O:96538.4 H:96784.3 L:96508.1 C:96700.3
2026-01-15 18:30:00,137 - INFO - 지표: ADX=17.0, ATR=222.7, Bull=True, Bear=False
2026-01-15 18:34:15,227 - INFO - [상태] 포지션 없음, 자본금: $5364.14
2026-01-15 18:34:15,227 - INFO - [지표] ADX=nan, Bull=nan, Bear=nan
2026-01-15 18:39:15,228 - INFO - [상태] 포지션 없음, 자본금: $5364.14
2026-01-15 18:39:15,229 - INFO - [지표] ADX=nan, Bull=nan, Bear=nan
2026-01-15 18:44:15,229 - INFO - [상태] 포지션 없음, 자본금: $5364.14
2026-01-15 18:44:15,230 - INFO - [지표] ADX=nan, Bull=nan, Bear=nan
2026-01-15 18:45:00,111 - INFO - [EMA] 증분계산: prev=96431.40, close=97027.7, new=96477.27
2026-01-15 18:45:00,120 - INFO - 15m | 09:30 | O:96700.4 H:97065.0 L:96655.4 C:97027.7
2026-01-15 18:45:00,120 - INFO - 지표: ADX=18.7, ATR=241.4, Bull=True, Bear=False
2026-01-15 18:49:15,231 - INFO - [상태] 포지션 없음, 자본금: $5364.14
2026-01-15 18:49:15,232 - INFO - [지표] ADX=nan, Bull=nan, Bear=nan
2026-01-15 18:54:15,232 - INFO - [상태] 포지션 없음, 자본금: $5364.14
2026-01-15 18:54:15,233 - INFO - [지표] ADX=nan, Bull=nan, Bear=nan
2026-01-15 18:59:15,234 - INFO - [상태] 포지션 없음, 자본금: $5364.14
2026-01-15 18:59:15,234 - INFO - [지표] ADX=nan, Bull=nan, Bear=nan
2026-01-15 19:00:00,088 - INFO - [EMA] 증분계산: prev=96477.27, close=96993.8, new=96517.01
2026-01-15 19:00:00,097 - INFO - 15m | 09:45 | O:97027.7 H:97155.0 L:96924.5 C:96993.8
2026-01-15 19:00:00,098 - INFO - 지표: ADX=20.6, ATR=240.3, Bull=True, Bear=False
2026-01-15 19:04:15,236 - INFO - [상태] 포지션 없음, 자본금: $5364.14
2026-01-15 19:04:15,237 - INFO - [지표] ADX=nan, Bull=nan, Bear=nan
2026-01-15 19:09:15,237 - INFO - [상태] 포지션 없음, 자본금: $5364.14
2026-01-15 19:09:15,238 - INFO - [지표] ADX=nan, Bull=nan, Bear=nan
2026-01-15 19:14:15,239 - INFO - [상태] 포지션 없음, 자본금: $5364.14
2026-01-15 19:14:15,240 - INFO - [지표] ADX=nan, Bull=nan, Bear=nan
2026-01-15 19:15:00,075 - INFO - [EMA] 증분계산: prev=96517.01, close=96814.4, new=96539.88
2026-01-15 19:15:00,084 - INFO - 15m | 10:00 | O:96993.9 H:97020.0 L:96806.4 C:96814.4
2026-01-15 19:15:00,084 - INFO - 지표: ADX=21.5, ATR=237.6, Bull=True, Bear=False
2026-01-15 19:19:15,241 - INFO - [상태] 포지션 없음, 자본금: $5364.14
2026-01-15 19:19:15,241 - INFO - [지표] ADX=nan, Bull=nan, Bear=nan
2026-01-15 19:24:15,242 - INFO - [상태] 포지션 없음, 자본금: $5364.14
2026-01-15 19:24:15,243 - INFO - [지표] ADX=nan, Bull=nan, Bear=nan
2026-01-15 19:29:15,243 - INFO - [상태] 포지션 없음, 자본금: $5364.14
2026-01-15 19:29:15,244 - INFO - [지표] ADX=nan, Bull=nan, Bear=nan
2026-01-15 19:30:00,218 - INFO - [EMA] 증분계산: prev=96539.88, close=96743.3, new=96555.53
2026-01-15 19:30:00,228 - INFO - 15m | 10:15 | O:96814.3 H:96883.2 L:96727.5 C:96743.3
2026-01-15 19:30:00,228 - INFO - 지표: ADX=21.9, ATR=229.4, Bull=True, Bear=False
2026-01-15 19:34:15,245 - INFO - [상태] 포지션 없음, 자본금: $5364.14
2026-01-15 19:34:15,245 - INFO - [지표] ADX=nan, Bull=nan, Bear=nan
2026-01-15 19:39:15,246 - INFO - [상태] 포지션 없음, 자본금: $5364.14
2026-01-15 19:39:15,246 - INFO - [지표] ADX=nan, Bull=nan, Bear=nan
2026-01-15 19:44:15,247 - INFO - [상태] 포지션 없음, 자본금: $5364.14
2026-01-15 19:44:15,248 - INFO - [지표] ADX=nan, Bull=nan, Bear=nan
2026-01-15 19:45:00,359 - INFO - [EMA] 증분계산: prev=96555.53, close=96728.6, new=96568.84
2026-01-15 19:45:00,366 - INFO - 15m | 10:30 | O:96743.3 H:96791.1 L:96686.0 C:96728.6
2026-01-15 19:45:00,366 - INFO - 지표: ADX=22.0, ATR=217.0, Bull=True, Bear=False
2026-01-15 19:49:15,250 - INFO - [상태] 포지션 없음, 자본금: $5364.14
2026-01-15 19:49:15,250 - INFO - [지표] ADX=nan, Bull=nan, Bear=nan
2026-01-15 19:54:15,251 - INFO - [상태] 포지션 없음, 자본금: $5364.14
2026-01-15 19:54:15,252 - INFO - [지표] ADX=nan, Bull=nan, Bear=nan
2026-01-15 19:59:15,253 - INFO - [상태] 포지션 없음, 자본금: $5364.14
2026-01-15 19:59:15,254 - INFO - [지표] ADX=nan, Bull=nan, Bear=nan
2026-01-15 20:00:00,172 - INFO - [EMA] 증분계산: prev=96568.84, close=96763.2, new=96583.79
2026-01-15 20:00:00,181 - INFO - 15m | 10:45 | O:96728.5 H:96822.4 L:96725.3 C:96763.2
2026-01-15 20:00:00,182 - INFO - 지표: ADX=22.2, ATR=205.0, Bull=True, Bear=False
2026-01-15 20:04:15,254 - INFO - [상태] 포지션 없음, 자본금: $5364.14
2026-01-15 20:04:15,255 - INFO - [지표] ADX=nan, Bull=nan, Bear=nan
2026-01-15 20:09:15,256 - INFO - [상태] 포지션 없음, 자본금: $5364.14
2026-01-15 20:09:15,256 - INFO - [지표] ADX=nan, Bull=nan, Bear=nan
2026-01-15 20:14:15,257 - INFO - [상태] 포지션 없음, 자본금: $5364.14
2026-01-15 20:14:15,258 - INFO - [지표] ADX=nan, Bull=nan, Bear=nan
2026-01-15 20:15:00,146 - INFO - [EMA] 증분계산: prev=96583.79, close=96703.1, new=96592.97
2026-01-15 20:15:00,155 - INFO - 15m | 11:00 | O:96763.1 H:96812.9 L:96673.1 C:96703.1
2026-01-15 20:15:00,156 - INFO - 지표: ADX=22.0, ATR=198.5, Bull=True, Bear=False
2026-01-15 20:19:15,259 - INFO - [상태] 포지션 없음, 자본금: $5364.14
2026-01-15 20:19:15,260 - INFO - [지표] ADX=nan, Bull=nan, Bear=nan
2026-01-15 20:24:15,261 - INFO - [상태] 포지션 없음, 자본금: $5364.14
2026-01-15 20:24:15,262 - INFO - [지표] ADX=nan, Bull=nan, Bear=nan
2026-01-15 20:29:15,263 - INFO - [상태] 포지션 없음, 자본금: $5364.14
2026-01-15 20:29:15,264 - INFO - [지표] ADX=nan, Bull=nan, Bear=nan
2026-01-15 20:30:00,276 - INFO - [EMA] 증분계산: prev=96592.97, close=96827.8, new=96611.04
2026-01-15 20:30:00,283 - INFO - 15m | 11:15 | O:96703.0 H:96827.8 L:96667.0 C:96827.8
2026-01-15 20:30:00,283 - INFO - 지표: ADX=21.9, ATR=194.7, Bull=True, Bear=False
2026-01-15 20:34:15,265 - INFO - [상태] 포지션 없음, 자본금: $5364.14
2026-01-15 20:34:15,265 - INFO - [지표] ADX=nan, Bull=nan, Bear=nan
2026-01-15 20:39:15,266 - INFO - [상태] 포지션 없음, 자본금: $5364.14
2026-01-15 20:39:15,267 - INFO - [지표] ADX=nan, Bull=nan, Bear=nan
2026-01-15 20:44:15,268 - INFO - [상태] 포지션 없음, 자본금: $5364.14
2026-01-15 20:44:15,268 - INFO - [지표] ADX=nan, Bull=nan, Bear=nan
2026-01-15 20:45:00,435 - INFO - [EMA] 증분계산: prev=96611.04, close=96640.0, new=96613.26
2026-01-15 20:45:00,445 - INFO - 15m | 11:30 | O:96827.8 H:96884.3 L:96622.6 C:96640.0
2026-01-15 20:45:00,445 - INFO - 지표: ADX=22.1, ATR=201.4, Bull=True, Bear=False
2026-01-15 20:49:15,269 - INFO - [상태] 포지션 없음, 자본금: $5364.14
2026-01-15 20:49:15,270 - INFO - [지표] ADX=nan, Bull=nan, Bear=nan
2026-01-15 20:54:15,270 - INFO - [상태] 포지션 없음, 자본금: $5364.14
2026-01-15 20:54:15,271 - INFO - [지표] ADX=nan, Bull=nan, Bear=nan
2026-01-15 20:59:15,272 - INFO - [상태] 포지션 없음, 자본금: $5364.14
2026-01-15 20:59:15,272 - INFO - [지표] ADX=nan, Bull=nan, Bear=nan
2026-01-15 21:00:00,099 - INFO - [EMA] 증분계산: prev=96613.26, close=96548.9, new=96608.31
2026-01-15 21:00:00,109 - INFO - 15m | 11:45 | O:96639.9 H:96671.3 L:96532.9 C:96548.9
2026-01-15 21:00:00,109 - INFO - 지표: ADX=21.6, ATR=195.1, Bull=True, Bear=False
2026-01-15 21:04:15,273 - INFO - [상태] 포지션 없음, 자본금: $5364.14
2026-01-15 21:04:15,273 - INFO - [지표] ADX=nan, Bull=nan, Bear=nan
2026-01-15 21:09:15,274 - INFO - [상태] 포지션 없음, 자본금: $5364.14
2026-01-15 21:09:15,275 - INFO - [지표] ADX=nan, Bull=nan, Bear=nan
2026-01-15 21:14:15,276 - INFO - [상태] 포지션 없음, 자본금: $5364.14
2026-01-15 21:14:15,277 - INFO - [지표] ADX=nan, Bull=nan, Bear=nan
2026-01-15 21:15:00,114 - INFO - [EMA] 증분계산: prev=96608.31, close=96642.8, new=96610.96
2026-01-15 21:15:00,123 - INFO - 15m | 12:00 | O:96548.9 H:96659.2 L:96471.1 C:96642.8
2026-01-15 21:15:00,123 - INFO - 지표: ADX=20.8, ATR=194.4, Bull=True, Bear=False
2026-01-15 21:19:15,277 - INFO - [상태] 포지션 없음, 자본금: $5364.14
2026-01-15 21:19:15,278 - INFO - [지표] ADX=nan, Bull=nan, Bear=nan
2026-01-15 21:24:15,279 - INFO - [상태] 포지션 없음, 자본금: $5364.14
2026-01-15 21:24:15,280 - INFO - [지표] ADX=nan, Bull=nan, Bear=nan
2026-01-15 21:29:15,281 - INFO - [상태] 포지션 없음, 자본금: $5364.14
2026-01-15 21:29:15,281 - INFO - [지표] ADX=nan, Bull=nan, Bear=nan
2026-01-15 21:30:00,107 - INFO - [EMA] 증분계산: prev=96610.96, close=96593.6, new=96609.63
2026-01-15 21:30:00,114 - INFO - 15m | 12:15 | O:96642.8 H:96650.9 L:96506.7 C:96593.6
2026-01-15 21:30:00,114 - INFO - 지표: ADX=19.9, ATR=189.4, Bull=True, Bear=False
2026-01-15 21:34:15,282 - INFO - [상태] 포지션 없음, 자본금: $5364.14
2026-01-15 21:34:15,282 - INFO - [지표] ADX=nan, Bull=nan, Bear=nan
2026-01-15 21:39:15,283 - INFO - [상태] 포지션 없음, 자본금: $5364.14
2026-01-15 21:39:15,283 - INFO - [지표] ADX=nan, Bull=nan, Bear=nan
2026-01-15 21:44:15,284 - INFO - [상태] 포지션 없음, 자본금: $5364.14
2026-01-15 21:44:15,285 - INFO - [지표] ADX=nan, Bull=nan, Bear=nan
2026-01-15 21:45:00,101 - INFO - [EMA] 증분계산: prev=96609.63, close=96700.0, new=96616.58
2026-01-15 21:45:00,110 - INFO - 15m | 12:30 | O:96593.6 H:96746.9 L:96557.0 C:96700.0
2026-01-15 21:45:00,110 - INFO - 지표: ADX=19.7, ATR=189.5, Bull=True, Bear=False
2026-01-15 21:49:15,286 - INFO - [상태] 포지션 없음, 자본금: $5364.14
2026-01-15 21:49:15,286 - INFO - [지표] ADX=nan, Bull=nan, Bear=nan
2026-01-15 21:54:15,287 - INFO - [상태] 포지션 없음, 자본금: $5364.14
2026-01-15 21:54:15,287 - INFO - [지표] ADX=nan, Bull=nan, Bear=nan
2026-01-15 21:59:15,289 - INFO - [상태] 포지션 없음, 자본금: $5364.14
2026-01-15 21:59:15,289 - INFO - [지표] ADX=nan, Bull=nan, Bear=nan
2026-01-15 22:00:00,561 - INFO - [EMA] 증분계산: prev=96616.58, close=96931.3, new=96640.79
2026-01-15 22:00:00,571 - INFO - 15m | 12:45 | O:96700.0 H:96963.3 L:96692.1 C:96931.3
2026-01-15 22:00:00,571 - INFO - 지표: ADX=20.6, ATR=197.6, Bull=True, Bear=False
2026-01-15 22:04:15,290 - INFO - [상태] 포지션 없음, 자본금: $5364.14
2026-01-15 22:04:15,290 - INFO - [지표] ADX=nan, Bull=nan, Bear=nan
2026-01-15 22:09:15,291 - INFO - [상태] 포지션 없음, 자본금: $5364.14
2026-01-15 22:09:15,292 - INFO - [지표] ADX=nan, Bull=nan, Bear=nan
2026-01-15 22:14:15,293 - INFO - [상태] 포지션 없음, 자본금: $5364.14
2026-01-15 22:14:15,294 - INFO - [지표] ADX=nan, Bull=nan, Bear=nan
2026-01-15 22:15:00,090 - INFO - [EMA] 증분계산: prev=96640.79, close=96817.3, new=96654.37
2026-01-15 22:15:00,097 - INFO - 15m | 13:00 | O:96931.3 H:96950.5 L:96809.5 C:96817.3
2026-01-15 22:15:00,097 - INFO - 지표: ADX=21.3, ATR=192.0, Bull=True, Bear=False
2026-01-15 22:19:15,295 - INFO - [상태] 포지션 없음, 자본금: $5364.14
2026-01-15 22:19:15,296 - INFO - [지표] ADX=nan, Bull=nan, Bear=nan
2026-01-15 22:24:15,297 - INFO - [상태] 포지션 없음, 자본금: $5364.14
2026-01-15 22:24:15,297 - INFO - [지표] ADX=nan, Bull=nan, Bear=nan
2026-01-15 22:29:15,298 - INFO - [상태] 포지션 없음, 자본금: $5364.14
2026-01-15 22:29:15,298 - INFO - [지표] ADX=nan, Bull=nan, Bear=nan
2026-01-15 22:30:00,140 - INFO - [EMA] 증분계산: prev=96654.37, close=96880.9, new=96671.79
2026-01-15 22:30:00,150 - INFO - 15m | 13:15 | O:96817.3 H:96947.5 L:96817.3 C:96880.9
2026-01-15 22:30:00,150 - INFO - 지표: ADX=22.0, ATR=185.8, Bull=True, Bear=False
2026-01-15 22:34:15,299 - INFO - [상태] 포지션 없음, 자본금: $5364.14
2026-01-15 22:34:15,299 - INFO - [지표] ADX=nan, Bull=nan, Bear=nan
2026-01-15 22:39:15,301 - INFO - [상태] 포지션 없음, 자본금: $5364.14
2026-01-15 22:39:15,301 - INFO - [지표] ADX=nan, Bull=nan, Bear=nan
2026-01-15 22:44:15,302 - INFO - [상태] 포지션 없음, 자본금: $5364.14
2026-01-15 22:44:15,302 - INFO - [지표] ADX=nan, Bull=nan, Bear=nan
2026-01-15 22:45:00,141 - INFO - [EMA] 증분계산: prev=96671.79, close=96730.9, new=96676.34
2026-01-15 22:45:00,150 - INFO - 15m | 13:30 | O:96880.8 H:96896.2 L:96562.5 C:96730.9
2026-01-15 22:45:00,151 - INFO - 지표: ADX=20.8, ATR=200.6, Bull=True, Bear=False
2026-01-15 22:49:15,303 - INFO - [상태] 포지션 없음, 자본금: $5364.14
2026-01-15 22:49:15,303 - INFO - [지표] ADX=nan, Bull=nan, Bear=nan
2026-01-15 22:54:15,305 - INFO - [상태] 포지션 없음, 자본금: $5364.14
2026-01-15 22:54:15,305 - INFO - [지표] ADX=nan, Bull=nan, Bear=nan
2026-01-15 22:59:15,306 - INFO - [상태] 포지션 없음, 자본금: $5364.14
2026-01-15 22:59:15,307 - INFO - [지표] ADX=nan, Bull=nan, Bear=nan
2026-01-15 23:00:00,057 - INFO - [EMA] 증분계산: prev=96676.34, close=96801.0, new=96685.93
2026-01-15 23:00:00,066 - INFO - 15m | 13:45 | O:96731.0 H:96988.0 L:96731.0 C:96801.0
2026-01-15 23:00:00,066 - INFO - 지표: ADX=20.2, ATR=206.2, Bull=True, Bear=False
2026-01-15 23:04:15,309 - INFO - [상태] 포지션 없음, 자본금: $5364.14
2026-01-15 23:04:15,309 - INFO - [지표] ADX=nan, Bull=nan, Bear=nan
2026-01-15 23:09:15,310 - INFO - [상태] 포지션 없음, 자본금: $5364.14
2026-01-15 23:09:15,311 - INFO - [지표] ADX=nan, Bull=nan, Bear=nan
2026-01-15 23:14:15,312 - INFO - [상태] 포지션 없음, 자본금: $5364.14
2026-01-15 23:14:15,312 - INFO - [지표] ADX=nan, Bull=nan, Bear=nan
2026-01-15 23:15:00,140 - INFO - [EMA] 증분계산: prev=96685.93, close=97081.7, new=96716.37
2026-01-15 23:15:00,147 - INFO - 15m | 14:00 | O:96800.9 H:97100.0 L:96800.9 C:97081.7
2026-01-15 23:15:00,147 - INFO - 지표: ADX=20.1, ATR=215.5, Bull=True, Bear=False
2026-01-15 23:19:15,313 - INFO - [상태] 포지션 없음, 자본금: $5364.14
2026-01-15 23:19:15,314 - INFO - [지표] ADX=nan, Bull=nan, Bear=nan
2026-01-15 23:24:15,315 - INFO - [상태] 포지션 없음, 자본금: $5364.14
2026-01-15 23:24:15,315 - INFO - [지표] ADX=nan, Bull=nan, Bear=nan
2026-01-15 23:29:15,318 - INFO - [상태] 포지션 없음, 자본금: $5364.14
2026-01-15 23:29:15,318 - INFO - [지표] ADX=nan, Bull=nan, Bear=nan
2026-01-15 23:30:00,108 - INFO - [EMA] 증분계산: prev=96716.37, close=96740.0, new=96718.19
2026-01-15 23:30:00,118 - INFO - 15m | 14:15 | O:97081.6 H:97100.0 L:96671.5 C:96740.0
2026-01-15 23:30:00,118 - INFO - 지표: ADX=19.3, ATR=236.8, Bull=True, Bear=False
2026-01-15 23:34:15,319 - INFO - [상태] 포지션 없음, 자본금: $5364.14
2026-01-15 23:34:15,320 - INFO - [지표] ADX=nan, Bull=nan, Bear=nan
2026-01-15 23:39:15,320 - INFO - [상태] 포지션 없음, 자본금: $5364.14
2026-01-15 23:39:15,321 - INFO - [지표] ADX=nan, Bull=nan, Bear=nan
2026-01-15 23:44:15,322 - INFO - [상태] 포지션 없음, 자본금: $5364.14
2026-01-15 23:44:15,322 - INFO - [지표] ADX=nan, Bull=nan, Bear=nan
2026-01-15 23:45:00,029 - INFO - [EMA] 증분계산: prev=96718.19, close=95780.0, new=96646.02
2026-01-15 23:45:00,039 - INFO - 15m | 14:30 | O:96739.9 H:96858.7 L:95765.6 C:95780.0
2026-01-15 23:45:00,039 - INFO - 지표: ADX=20.6, ATR=322.4, Bull=True, Bear=False
2026-01-15 23:49:15,323 - INFO - [상태] 포지션 없음, 자본금: $5364.14
2026-01-15 23:49:15,323 - INFO - [지표] ADX=nan, Bull=nan, Bear=nan
2026-01-15 23:54:15,324 - INFO - [상태] 포지션 없음, 자본금: $5364.14
2026-01-15 23:54:15,324 - INFO - [지표] ADX=nan, Bull=nan, Bear=nan
2026-01-15 23:59:15,325 - INFO - [상태] 포지션 없음, 자본금: $5364.14
2026-01-15 23:59:15,326 - INFO - [지표] ADX=nan, Bull=nan, Bear=nan
2026-01-16 00:00:00,051 - INFO - [EMA] 증분계산: prev=96646.02, close=96013.6, new=96597.37
2026-01-16 00:00:00,061 - INFO - 15m | 14:45 | O:95780.0 H:96379.2 L:95550.0 C:96013.6
2026-01-16 00:00:00,061 - INFO - 지표: ADX=22.2, ATR=373.1, Bull=True, Bear=False
2026-01-16 00:04:15,327 - INFO - [상태] 포지션 없음, 자본금: $5364.14
2026-01-16 00:04:15,327 - INFO - [지표] ADX=nan, Bull=nan, Bear=nan
2026-01-16 00:09:15,328 - INFO - [상태] 포지션 없음, 자본금: $5364.14
2026-01-16 00:09:15,329 - INFO - [지표] ADX=nan, Bull=nan, Bear=nan
2026-01-16 00:14:15,330 - INFO - [상태] 포지션 없음, 자본금: $5364.14
2026-01-16 00:14:15,330 - INFO - [지표] ADX=nan, Bull=nan, Bear=nan
2026-01-16 00:15:00,089 - INFO - [EMA] 증분계산: prev=96597.37, close=96208.5, new=96567.46
2026-01-16 00:15:00,099 - INFO - 15m | 15:00 | O:96013.6 H:96350.0 L:95852.4 C:96208.5
2026-01-16 00:15:00,099 - INFO - 지표: ADX=23.8, ATR=385.6, Bull=True, Bear=False
2026-01-16 00:19:15,331 - INFO - [상태] 포지션 없음, 자본금: $5364.14
2026-01-16 00:19:15,331 - INFO - [지표] ADX=nan, Bull=nan, Bear=nan
2026-01-16 00:24:15,333 - INFO - [상태] 포지션 없음, 자본금: $5364.14
2026-01-16 00:24:15,333 - INFO - [지표] ADX=nan, Bull=nan, Bear=nan
2026-01-16 00:29:15,334 - INFO - [상태] 포지션 없음, 자본금: $5364.14
2026-01-16 00:29:15,334 - INFO - [지표] ADX=nan, Bull=nan, Bear=nan
2026-01-16 00:30:00,075 - INFO - [EMA] 증분계산: prev=96567.46, close=95844.2, new=96511.83
2026-01-16 00:30:00,084 - INFO - 15m | 15:15 | O:96208.5 H:96405.1 L:95779.8 C:95844.2
2026-01-16 00:30:00,084 - INFO - 지표: ADX=25.4, ATR=409.5, Bull=True, Bear=False
2026-01-16 00:34:15,336 - INFO - [상태] 포지션 없음, 자본금: $5364.14
2026-01-16 00:34:15,336 - INFO - [지표] ADX=nan, Bull=nan, Bear=nan
2026-01-16 00:39:15,337 - INFO - [상태] 포지션 없음, 자본금: $5364.14
2026-01-16 00:39:15,337 - INFO - [지표] ADX=nan, Bull=nan, Bear=nan
2026-01-16 00:44:15,338 - INFO - [상태] 포지션 없음, 자본금: $5364.14
2026-01-16 00:44:15,338 - INFO - [지표] ADX=nan, Bull=nan, Bear=nan
2026-01-16 00:45:00,250 - INFO - [EMA] 증분계산: prev=96511.83, close=95831.8, new=96459.52
2026-01-16 00:45:00,259 - INFO - 15m | 15:30 | O:95844.1 H:96038.2 L:95521.3 C:95831.8
2026-01-16 00:45:00,259 - INFO - 지표: ADX=27.3, ATR=420.3, Bull=True, Bear=False
2026-01-16 00:49:15,340 - INFO - [상태] 포지션 없음, 자본금: $5364.14
2026-01-16 00:49:15,340 - INFO - [지표] ADX=nan, Bull=nan, Bear=nan
2026-01-16 00:54:15,341 - INFO - [상태] 포지션 없음, 자본금: $5364.14
2026-01-16 00:54:15,342 - INFO - [지표] ADX=nan, Bull=nan, Bear=nan
2026-01-16 00:59:15,343 - INFO - [상태] 포지션 없음, 자본금: $5364.14
2026-01-16 00:59:15,343 - INFO - [지표] ADX=nan, Bull=nan, Bear=nan
2026-01-16 01:00:00,066 - INFO - [EMA] 증분계산: prev=96459.52, close=96717.3, new=96479.35
2026-01-16 01:00:00,076 - INFO - 15m | 15:45 | O:95831.7 H:96833.0 L:95403.7 C:96717.3
2026-01-16 01:00:00,076 - INFO - 지표: ADX=26.0, ATR=521.2, Bull=True, Bear=False
2026-01-16 01:04:15,344 - INFO - [상태] 포지션 없음, 자본금: $5364.14
2026-01-16 01:04:15,344 - INFO - [지표] ADX=nan, Bull=nan, Bear=nan
2026-01-16 01:09:15,345 - INFO - [상태] 포지션 없음, 자본금: $5364.14
2026-01-16 01:09:15,346 - INFO - [지표] ADX=nan, Bull=nan, Bear=nan
2026-01-16 01:14:15,347 - INFO - [상태] 포지션 없음, 자본금: $5364.14
2026-01-16 01:14:15,347 - INFO - [지표] ADX=nan, Bull=nan, Bear=nan
2026-01-16 01:15:00,090 - INFO - [EMA] 증분계산: prev=96479.35, close=96330.1, new=96467.86
2026-01-16 01:15:00,096 - INFO - 15m | 16:00 | O:96717.3 H:97000.0 L:96225.7 C:96330.1
2026-01-16 01:15:00,096 - INFO - 지표: ADX=24.2, ATR=546.5, Bull=True, Bear=False
2026-01-16 01:19:15,350 - INFO - [상태] 포지션 없음, 자본금: $5364.14
2026-01-16 01:19:15,350 - INFO - [지표] ADX=nan, Bull=nan, Bear=nan
2026-01-16 01:24:15,351 - INFO - [상태] 포지션 없음, 자본금: $5364.14
2026-01-16 01:24:15,352 - INFO - [지표] ADX=nan, Bull=nan, Bear=nan
2026-01-16 01:29:15,352 - INFO - [상태] 포지션 없음, 자본금: $5364.14
2026-01-16 01:29:15,353 - INFO - [지표] ADX=nan, Bull=nan, Bear=nan
2026-01-16 01:30:00,319 - INFO - [EMA] 증분계산: prev=96467.86, close=96377.7, new=96460.93
2026-01-16 01:30:00,329 - INFO - 15m | 16:15 | O:96330.0 H:96571.2 L:96288.0 C:96377.7
2026-01-16 01:30:00,329 - INFO - 지표: ADX=22.6, ATR=520.2, Bull=True, Bear=False
2026-01-16 01:34:15,354 - INFO - [상태] 포지션 없음, 자본금: $5364.14
2026-01-16 01:34:15,354 - INFO - [지표] ADX=nan, Bull=nan, Bear=nan
2026-01-16 01:39:15,355 - INFO - [상태] 포지션 없음, 자본금: $5364.14
2026-01-16 01:39:15,355 - INFO - [지표] ADX=nan, Bull=nan, Bear=nan
2026-01-16 01:44:15,357 - INFO - [상태] 포지션 없음, 자본금: $5364.14
2026-01-16 01:44:15,358 - INFO - [지표] ADX=nan, Bull=nan, Bear=nan
2026-01-16 01:45:00,028 - INFO - [EMA] 증분계산: prev=96460.93, close=96745.8, new=96482.84
2026-01-16 01:45:00,037 - INFO - 15m | 16:30 | O:96377.6 H:96850.0 L:96320.0 C:96745.8
2026-01-16 01:45:00,037 - INFO - 지표: ADX=21.7, ATR=521.1, Bull=True, Bear=False
2026-01-16 01:49:15,359 - INFO - [상태] 포지션 없음, 자본금: $5364.14
2026-01-16 01:49:15,360 - INFO - [지표] ADX=nan, Bull=nan, Bear=nan
2026-01-16 01:54:15,361 - INFO - [상태] 포지션 없음, 자본금: $5364.14
2026-01-16 01:54:15,361 - INFO - [지표] ADX=nan, Bull=nan, Bear=nan
2026-01-16 01:59:15,363 - INFO - [상태] 포지션 없음, 자본금: $5364.14
2026-01-16 01:59:15,363 - INFO - [지표] ADX=nan, Bull=nan, Bear=nan
2026-01-16 02:00:00,364 - INFO - [EMA] 증분계산: prev=96482.84, close=96684.7, new=96498.37
2026-01-16 02:00:00,373 - INFO - 15m | 16:45 | O:96745.8 H:96808.4 L:96553.0 C:96684.7
2026-01-16 02:00:00,373 - INFO - 지표: ADX=20.8, ATR=494.6, Bull=True, Bear=False
2026-01-16 02:04:15,364 - INFO - [상태] 포지션 없음, 자본금: $5364.14
2026-01-16 02:04:15,365 - INFO - [지표] ADX=nan, Bull=nan, Bear=nan
2026-01-16 02:09:15,366 - INFO - [상태] 포지션 없음, 자본금: $5364.14
2026-01-16 02:09:15,366 - INFO - [지표] ADX=nan, Bull=nan, Bear=nan
2026-01-16 02:14:15,367 - INFO - [상태] 포지션 없음, 자본금: $5364.14
2026-01-16 02:14:15,367 - INFO - [지표] ADX=nan, Bull=nan, Bear=nan
2026-01-16 02:15:00,057 - INFO - [EMA] 증분계산: prev=96498.37, close=96448.2, new=96494.51
2026-01-16 02:15:00,063 - INFO - 15m | 17:00 | O:96684.7 H:96805.0 L:96389.2 C:96448.2
2026-01-16 02:15:00,064 - INFO - 지표: ADX=19.4, ATR=486.7, Bull=True, Bear=False
2026-01-16 02:19:15,368 - INFO - [상태] 포지션 없음, 자본금: $5364.14
2026-01-16 02:19:15,368 - INFO - [지표] ADX=nan, Bull=nan, Bear=nan
2026-01-16 02:24:15,370 - INFO - [상태] 포지션 없음, 자본금: $5364.14
2026-01-16 02:24:15,371 - INFO - [지표] ADX=nan, Bull=nan, Bear=nan
2026-01-16 02:29:15,371 - INFO - [상태] 포지션 없음, 자본금: $5364.14
2026-01-16 02:29:15,371 - INFO - [지표] ADX=nan, Bull=nan, Bear=nan
2026-01-16 02:30:00,040 - INFO - [EMA] 증분계산: prev=96494.51, close=96684.9, new=96509.16
2026-01-16 02:30:00,049 - INFO - 15m | 17:15 | O:96448.2 H:96685.0 L:96368.0 C:96684.9
2026-01-16 02:30:00,049 - INFO - 지표: ADX=18.1, ATR=469.7, Bull=True, Bear=False
2026-01-16 02:34:15,372 - INFO - [상태] 포지션 없음, 자본금: $5364.14
2026-01-16 02:34:15,372 - INFO - [지표] ADX=nan, Bull=nan, Bear=nan
2026-01-16 02:39:15,373 - INFO - [상태] 포지션 없음, 자본금: $5364.14
2026-01-16 02:39:15,374 - INFO - [지표] ADX=nan, Bull=nan, Bear=nan
2026-01-16 02:44:15,374 - INFO - [상태] 포지션 없음, 자본금: $5364.14
2026-01-16 02:44:15,375 - INFO - [지표] ADX=nan, Bull=nan, Bear=nan
2026-01-16 02:45:00,059 - INFO - [EMA] 증분계산: prev=96509.16, close=96896.4, new=96538.94
2026-01-16 02:45:00,068 - INFO - 15m | 17:30 | O:96684.9 H:97047.6 L:96607.7 C:96896.4
2026-01-16 02:45:00,068 - INFO - 지표: ADX=17.9, ATR=466.7, Bull=True, Bear=False
2026-01-16 02:49:15,375 - INFO - [상태] 포지션 없음, 자본금: $5364.14
2026-01-16 02:49:15,376 - INFO - [지표] ADX=nan, Bull=nan, Bear=nan
2026-01-16 02:54:15,378 - INFO - [상태] 포지션 없음, 자본금: $5364.14
2026-01-16 02:54:15,378 - INFO - [지표] ADX=nan, Bull=nan, Bear=nan
2026-01-16 02:59:15,379 - INFO - [상태] 포지션 없음, 자본금: $5364.14
2026-01-16 02:59:15,380 - INFO - [지표] ADX=nan, Bull=nan, Bear=nan
2026-01-16 03:00:00,083 - INFO - [EMA] 증분계산: prev=96538.94, close=96587.4, new=96542.67
2026-01-16 03:00:00,089 - INFO - 15m | 17:45 | O:96896.4 H:97027.7 L:96538.7 C:96587.4
2026-01-16 03:00:00,090 - INFO - 지표: ADX=17.5, ATR=469.0, Bull=True, Bear=False
2026-01-16 03:04:15,381 - INFO - [상태] 포지션 없음, 자본금: $5364.14
2026-01-16 03:04:15,381 - INFO - [지표] ADX=nan, Bull=nan, Bear=nan
2026-01-16 03:09:15,382 - INFO - [상태] 포지션 없음, 자본금: $5364.14
2026-01-16 03:09:15,382 - INFO - [지표] ADX=nan, Bull=nan, Bear=nan
2026-01-16 03:14:15,383 - INFO - [상태] 포지션 없음, 자본금: $5364.14
2026-01-16 03:14:15,383 - INFO - [지표] ADX=nan, Bull=nan, Bear=nan
2026-01-16 03:15:00,073 - INFO - [EMA] 증분계산: prev=96542.67, close=96206.7, new=96516.83
2026-01-16 03:15:00,080 - INFO - 15m | 18:00 | O:96587.4 H:96592.6 L:96077.0 C:96206.7
2026-01-16 03:15:00,080 - INFO - 지표: ADX=16.8, ATR=473.6, Bull=True, Bear=False
2026-01-16 03:19:15,384 - INFO - [상태] 포지션 없음, 자본금: $5364.14
2026-01-16 03:19:15,384 - INFO - [지표] ADX=nan, Bull=nan, Bear=nan
2026-01-16 03:24:15,385 - INFO - [상태] 포지션 없음, 자본금: $5364.14
2026-01-16 03:24:15,386 - INFO - [지표] ADX=nan, Bull=nan, Bear=nan
2026-01-16 03:29:15,387 - INFO - [상태] 포지션 없음, 자본금: $5364.14
2026-01-16 03:29:15,387 - INFO - [지표] ADX=nan, Bull=nan, Bear=nan
2026-01-16 03:30:00,079 - INFO - [EMA] 증분계산: prev=96516.83, close=96143.1, new=96488.08
2026-01-16 03:30:00,089 - INFO - 15m | 18:15 | O:96206.8 H:96240.7 L:96006.0 C:96143.1
2026-01-16 03:30:00,089 - INFO - 지표: ADX=16.3, ATR=449.7, Bull=True, Bear=False
2026-01-16 03:34:15,389 - INFO - [상태] 포지션 없음, 자본금: $5364.14
2026-01-16 03:34:15,390 - INFO - [지표] ADX=nan, Bull=nan, Bear=nan
2026-01-16 03:39:15,391 - INFO - [상태] 포지션 없음, 자본금: $5364.14
2026-01-16 03:39:15,392 - INFO - [지표] ADX=nan, Bull=nan, Bear=nan
2026-01-16 03:44:15,393 - INFO - [상태] 포지션 없음, 자본금: $5364.14
2026-01-16 03:44:15,394 - INFO - [지표] ADX=nan, Bull=nan, Bear=nan
2026-01-16 03:45:00,050 - INFO - [EMA] 증분계산: prev=96488.08, close=95994.8, new=96450.13
2026-01-16 03:45:00,060 - INFO - 15m | 18:30 | O:96143.1 H:96212.3 L:95700.0 C:95994.8
2026-01-16 03:45:00,060 - INFO - 지표: ADX=16.6, ATR=456.0, Bull=True, Bear=False
2026-01-16 03:49:15,395 - INFO - [상태] 포지션 없음, 자본금: $5364.14
2026-01-16 03:49:15,396 - INFO - [지표] ADX=nan, Bull=nan, Bear=nan
2026-01-16 03:54:15,397 - INFO - [상태] 포지션 없음, 자본금: $5364.14
2026-01-16 03:54:15,397 - INFO - [지표] ADX=nan, Bull=nan, Bear=nan
2026-01-16 03:59:15,398 - INFO - [상태] 포지션 없음, 자본금: $5364.14
2026-01-16 03:59:15,399 - INFO - [지표] ADX=nan, Bull=nan, Bear=nan
2026-01-16 04:00:00,048 - INFO - [EMA] 증분계산: prev=96450.13, close=95806.9, new=96400.65
2026-01-16 04:00:00,058 - INFO - 15m | 18:45 | O:95994.7 H:95996.2 L:95785.0 C:95806.9
2026-01-16 04:00:00,058 - INFO - 지표: ADX=16.8, ATR=431.5, Bull=True, Bear=False
2026-01-16 04:04:15,400 - INFO - [상태] 포지션 없음, 자본금: $5364.14
2026-01-16 04:04:15,400 - INFO - [지표] ADX=nan, Bull=nan, Bear=nan
2026-01-16 04:09:15,401 - INFO - [상태] 포지션 없음, 자본금: $5364.14
2026-01-16 04:09:15,402 - INFO - [지표] ADX=nan, Bull=nan, Bear=nan
2026-01-16 04:14:15,402 - INFO - [상태] 포지션 없음, 자본금: $5364.14
2026-01-16 04:14:15,403 - INFO - [지표] ADX=nan, Bull=nan, Bear=nan
2026-01-16 04:15:00,099 - INFO - [EMA] 증분계산: prev=96400.65, close=95753.1, new=96350.84
2026-01-16 04:15:00,109 - INFO - 15m | 19:00 | O:95806.8 H:95901.6 L:95526.3 C:95753.1
2026-01-16 04:15:00,109 - INFO - 지표: ADX=17.7, ATR=425.9, Bull=True, Bear=False
2026-01-16 04:19:15,403 - INFO - [상태] 포지션 없음, 자본금: $5364.14
2026-01-16 04:19:15,404 - INFO - [지표] ADX=nan, Bull=nan, Bear=nan
2026-01-16 04:24:15,405 - INFO - [상태] 포지션 없음, 자본금: $5364.14
2026-01-16 04:24:15,405 - INFO - [지표] ADX=nan, Bull=nan, Bear=nan
2026-01-16 04:29:15,406 - INFO - [상태] 포지션 없음, 자본금: $5364.14
2026-01-16 04:29:15,407 - INFO - [지표] ADX=nan, Bull=nan, Bear=nan
2026-01-16 04:30:00,169 - INFO - [EMA] 증분계산: prev=96350.84, close=95474.6, new=96283.44
2026-01-16 04:30:00,178 - INFO - 15m | 19:15 | O:95753.0 H:95864.7 L:95407.5 C:95474.6
2026-01-16 04:30:00,178 - INFO - 지표: ADX=18.7, ATR=429.0, Bull=False, Bear=False
2026-01-16 04:34:15,407 - INFO - [상태] 포지션 없음, 자본금: $5364.14
2026-01-16 04:34:15,407 - INFO - [지표] ADX=nan, Bull=nan, Bear=nan
2026-01-16 04:39:15,408 - INFO - [상태] 포지션 없음, 자본금: $5364.14
2026-01-16 04:39:15,409 - INFO - [지표] ADX=nan, Bull=nan, Bear=nan
2026-01-16 04:44:15,409 - INFO - [상태] 포지션 없음, 자본금: $5364.14
2026-01-16 04:44:15,410 - INFO - [지표] ADX=nan, Bull=nan, Bear=nan
2026-01-16 04:45:00,033 - INFO - [EMA] 증분계산: prev=96283.44, close=95359.0, new=96212.33
2026-01-16 04:45:00,042 - INFO - 15m | 19:30 | O:95474.6 H:95546.0 L:95080.0 C:95359.0
2026-01-16 04:45:00,042 - INFO - 지표: ADX=20.2, ATR=432.7, Bull=False, Bear=False
2026-01-16 04:49:15,411 - INFO - [상태] 포지션 없음, 자본금: $5364.14
2026-01-16 04:49:15,411 - INFO - [지표] ADX=nan, Bull=nan, Bear=nan
2026-01-16 04:54:15,412 - INFO - [상태] 포지션 없음, 자본금: $5364.14
2026-01-16 04:54:15,413 - INFO - [지표] ADX=nan, Bull=nan, Bear=nan
2026-01-16 04:59:15,413 - INFO - [상태] 포지션 없음, 자본금: $5364.14
2026-01-16 04:59:15,414 - INFO - [지표] ADX=nan, Bull=nan, Bear=nan
2026-01-16 05:00:00,096 - INFO - [EMA] 증분계산: prev=96212.33, close=95469.2, new=96155.17
2026-01-16 05:00:00,105 - INFO - 15m | 19:45 | O:95358.9 H:95678.4 L:95334.1 C:95469.2
2026-01-16 05:00:00,105 - INFO - 지표: ADX=21.2, ATR=423.9, Bull=False, Bear=False
2026-01-16 05:04:15,414 - INFO - [상태] 포지션 없음, 자본금: $5364.14
2026-01-16 05:04:15,415 - INFO - [지표] ADX=nan, Bull=nan, Bear=nan
2026-01-16 05:09:15,415 - INFO - [상태] 포지션 없음, 자본금: $5364.14
2026-01-16 05:09:15,416 - INFO - [지표] ADX=nan, Bull=nan, Bear=nan
2026-01-16 05:14:15,418 - INFO - [상태] 포지션 없음, 자본금: $5364.14
2026-01-16 05:14:15,418 - INFO - [지표] ADX=nan, Bull=nan, Bear=nan
2026-01-16 05:15:00,946 - INFO - [EMA] 증분계산: prev=96155.17, close=95501.9, new=96104.91
2026-01-16 05:15:00,956 - INFO - 15m | 20:00 | O:95469.2 H:95623.8 L:95395.4 C:95501.9
2026-01-16 05:15:00,956 - INFO - 지표: ADX=22.0, ATR=404.3, Bull=False, Bear=False
2026-01-16 05:19:15,419 - INFO - [상태] 포지션 없음, 자본금: $5364.14
2026-01-16 05:19:15,419 - INFO - [지표] ADX=nan, Bull=nan, Bear=nan
2026-01-16 05:24:15,422 - INFO - [상태] 포지션 없음, 자본금: $5364.14
2026-01-16 05:24:15,423 - INFO - [지표] ADX=nan, Bull=nan, Bear=nan
2026-01-16 05:29:15,424 - INFO - [상태] 포지션 없음, 자본금: $5364.14
2026-01-16 05:29:15,424 - INFO - [지표] ADX=nan, Bull=nan, Bear=nan
2026-01-16 05:30:00,094 - INFO - [EMA] 증분계산: prev=96104.91, close=95169.0, new=96032.92
2026-01-16 05:30:00,104 - INFO - 15m | 20:15 | O:95502.0 H:95543.1 L:95124.1 C:95169.0
2026-01-16 05:30:00,104 - INFO - 지표: ADX=23.3, ATR=405.8, Bull=False, Bear=False
2026-01-16 05:34:15,425 - INFO - [상태] 포지션 없음, 자본금: $5364.14
2026-01-16 05:34:15,425 - INFO - [지표] ADX=nan, Bull=nan, Bear=nan
2026-01-16 05:39:15,427 - INFO - [상태] 포지션 없음, 자본금: $5364.14
2026-01-16 05:39:15,427 - INFO - [지표] ADX=nan, Bull=nan, Bear=nan
2026-01-16 05:44:15,429 - INFO - [상태] 포지션 없음, 자본금: $5364.14
2026-01-16 05:44:15,429 - INFO - [지표] ADX=nan, Bull=nan, Bear=nan
2026-01-16 05:45:00,334 - INFO - [EMA] 증분계산: prev=96032.92, close=95230.9, new=95971.23
2026-01-16 05:45:00,340 - INFO - 15m | 20:30 | O:95168.9 H:95366.8 L:95089.0 C:95230.9
2026-01-16 05:45:00,340 - INFO - 지표: ADX=24.6, ATR=393.0, Bull=False, Bear=False
2026-01-16 05:49:15,429 - INFO - [상태] 포지션 없음, 자본금: $5364.14
2026-01-16 05:49:15,429 - INFO - [지표] ADX=nan, Bull=nan, Bear=nan
2026-01-16 05:54:15,430 - INFO - [상태] 포지션 없음, 자본금: $5364.14
2026-01-16 05:54:15,430 - INFO - [지표] ADX=nan, Bull=nan, Bear=nan
2026-01-16 05:59:15,432 - INFO - [상태] 포지션 없음, 자본금: $5364.14
2026-01-16 05:59:15,432 - INFO - [지표] ADX=nan, Bull=nan, Bear=nan
2026-01-16 06:00:00,064 - INFO - [EMA] 증분계산: prev=95971.23, close=95220.7, new=95913.49
2026-01-16 06:00:00,070 - INFO - 15m | 20:45 | O:95231.0 H:95282.2 L:95100.3 C:95220.7
2026-01-16 06:00:00,070 - INFO - 지표: ADX=25.8, ATR=371.9, Bull=False, Bear=False
2026-01-16 06:04:15,433 - INFO - [상태] 포지션 없음, 자본금: $5364.14
2026-01-16 06:04:15,433 - INFO - [지표] ADX=nan, Bull=nan, Bear=nan
2026-01-16 06:09:15,434 - INFO - [상태] 포지션 없음, 자본금: $5364.14
2026-01-16 06:09:15,435 - INFO - [지표] ADX=nan, Bull=nan, Bear=nan
2026-01-16 06:14:15,436 - INFO - [상태] 포지션 없음, 자본금: $5364.14
2026-01-16 06:14:15,436 - INFO - [지표] ADX=nan, Bull=nan, Bear=nan
2026-01-16 06:15:00,784 - INFO - [EMA] 증분계산: prev=95913.49, close=95291.7, new=95865.66
2026-01-16 06:15:00,793 - INFO - 15m | 21:00 | O:95220.8 H:95429.4 L:95145.1 C:95291.7
2026-01-16 06:15:00,793 - INFO - 지표: ADX=26.2, ATR=363.1, Bull=False, Bear=False
2026-01-16 06:19:15,437 - INFO - [상태] 포지션 없음, 자본금: $5364.14
2026-01-16 06:19:15,437 - INFO - [지표] ADX=nan, Bull=nan, Bear=nan
2026-01-16 06:24:15,438 - INFO - [상태] 포지션 없음, 자본금: $5364.14
2026-01-16 06:24:15,439 - INFO - [지표] ADX=nan, Bull=nan, Bear=nan
2026-01-16 06:29:15,439 - INFO - [상태] 포지션 없음, 자본금: $5364.14
2026-01-16 06:29:15,440 - INFO - [지표] ADX=nan, Bull=nan, Bear=nan
2026-01-16 06:30:00,061 - INFO - [EMA] 증분계산: prev=95865.66, close=95406.2, new=95830.32
2026-01-16 06:30:00,068 - INFO - 15m | 21:15 | O:95291.8 H:95454.0 L:95289.2 C:95406.2
2026-01-16 06:30:00,068 - INFO - 지표: ADX=26.5, ATR=343.3, Bull=False, Bear=False
2026-01-16 06:34:15,440 - INFO - [상태] 포지션 없음, 자본금: $5364.14
2026-01-16 06:34:15,441 - INFO - [지표] ADX=nan, Bull=nan, Bear=nan
2026-01-16 06:39:15,442 - INFO - [상태] 포지션 없음, 자본금: $5364.14
2026-01-16 06:39:15,442 - INFO - [지표] ADX=nan, Bull=nan, Bear=nan
2026-01-16 06:44:15,444 - INFO - [상태] 포지션 없음, 자본금: $5364.14
2026-01-16 06:44:15,445 - INFO - [지표] ADX=nan, Bull=nan, Bear=nan
2026-01-16 06:45:00,590 - INFO - [EMA] 증분계산: prev=95830.32, close=95453.9, new=95801.36
2026-01-16 06:45:00,600 - INFO - 15m | 21:30 | O:95406.2 H:95478.9 L:95356.0 C:95453.9
2026-01-16 06:45:00,600 - INFO - 지표: ADX=26.6, ATR=321.3, Bull=False, Bear=False
2026-01-16 06:49:15,445 - INFO - [상태] 포지션 없음, 자본금: $5364.14
2026-01-16 06:49:15,446 - INFO - [지표] ADX=nan, Bull=nan, Bear=nan
2026-01-16 06:54:15,447 - INFO - [상태] 포지션 없음, 자본금: $5364.14
2026-01-16 06:54:15,447 - INFO - [지표] ADX=nan, Bull=nan, Bear=nan
2026-01-16 06:59:15,448 - INFO - [상태] 포지션 없음, 자본금: $5364.14
2026-01-16 06:59:15,448 - INFO - [지표] ADX=nan, Bull=nan, Bear=nan
2026-01-16 07:00:00,997 - INFO - [EMA] 증분계산: prev=95801.36, close=95545.3, new=95781.67
2026-01-16 07:00:01,003 - INFO - 15m | 21:45 | O:95453.9 H:95600.0 L:95453.9 C:95545.3
2026-01-16 07:00:01,004 - INFO - 지표: ADX=26.2, ATR=303.7, Bull=False, Bear=False
2026-01-16 07:04:15,449 - INFO - [상태] 포지션 없음, 자본금: $5364.14
2026-01-16 07:04:15,450 - INFO - [지표] ADX=nan, Bull=nan, Bear=nan
2026-01-16 07:09:15,451 - INFO - [상태] 포지션 없음, 자본금: $5364.14
2026-01-16 07:09:15,451 - INFO - [지표] ADX=nan, Bull=nan, Bear=nan
2026-01-16 07:14:15,454 - INFO - [상태] 포지션 없음, 자본금: $5364.14
2026-01-16 07:14:15,454 - INFO - [지표] ADX=nan, Bull=nan, Bear=nan
2026-01-16 07:15:00,478 - INFO - [EMA] 증분계산: prev=95781.67, close=95521.5, new=95761.65
2026-01-16 07:15:00,488 - INFO - 15m | 22:00 | O:95545.3 H:95699.3 L:95452.4 C:95521.5
2026-01-16 07:15:00,488 - INFO - 지표: ADX=25.3, ATR=298.1, Bull=False, Bear=False
2026-01-16 07:19:15,455 - INFO - [상태] 포지션 없음, 자본금: $5364.14
2026-01-16 07:19:15,455 - INFO - [지표] ADX=nan, Bull=nan, Bear=nan
2026-01-16 07:24:15,458 - INFO - [상태] 포지션 없음, 자본금: $5364.14
2026-01-16 07:24:15,458 - INFO - [지표] ADX=nan, Bull=nan, Bear=nan
2026-01-16 07:29:15,460 - INFO - [상태] 포지션 없음, 자본금: $5364.14
2026-01-16 07:29:15,460 - INFO - [지표] ADX=nan, Bull=nan, Bear=nan
2026-01-16 07:30:00,332 - INFO - [EMA] 증분계산: prev=95761.65, close=95665.4, new=95754.25
2026-01-16 07:30:00,342 - INFO - 15m | 22:15 | O:95521.6 H:95717.1 L:95447.6 C:95665.4
2026-01-16 07:30:00,342 - INFO - 지표: ADX=24.4, ATR=295.2, Bull=False, Bear=False
2026-01-16 07:34:15,461 - INFO - [상태] 포지션 없음, 자본금: $5364.14
2026-01-16 07:34:15,461 - INFO - [지표] ADX=nan, Bull=nan, Bear=nan
2026-01-16 07:39:15,462 - INFO - [상태] 포지션 없음, 자본금: $5364.14
2026-01-16 07:39:15,463 - INFO - [지표] ADX=nan, Bull=nan, Bear=nan
2026-01-16 07:44:15,465 - INFO - [상태] 포지션 없음, 자본금: $5364.14
2026-01-16 07:44:15,465 - INFO - [지표] ADX=nan, Bull=nan, Bear=nan
2026-01-16 07:45:00,094 - INFO - [EMA] 증분계산: prev=95754.25, close=95626.3, new=95744.41
2026-01-16 07:45:00,103 - INFO - 15m | 22:30 | O:95665.4 H:95837.8 L:95618.0 C:95626.3
2026-01-16 07:45:00,103 - INFO - 지표: ADX=23.0, ATR=287.7, Bull=False, Bear=False
2026-01-16 07:49:15,466 - INFO - [상태] 포지션 없음, 자본금: $5364.14
2026-01-16 07:49:15,466 - INFO - [지표] ADX=nan, Bull=nan, Bear=nan
2026-01-16 07:54:15,468 - INFO - [상태] 포지션 없음, 자본금: $5364.14
2026-01-16 07:54:15,468 - INFO - [지표] ADX=nan, Bull=nan, Bear=nan
2026-01-16 07:59:15,468 - INFO - [상태] 포지션 없음, 자본금: $5364.14
2026-01-16 07:59:15,469 - INFO - [지표] ADX=nan, Bull=nan, Bear=nan
2026-01-16 08:00:00,076 - INFO - [EMA] 증분계산: prev=95744.41, close=95536.3, new=95728.40
2026-01-16 08:00:00,086 - INFO - 15m | 22:45 | O:95626.3 H:95676.8 L:95512.5 C:95536.3
2026-01-16 08:00:00,086 - INFO - 지표: ADX=22.2, ATR=275.3, Bull=False, Bear=False
2026-01-16 08:04:15,469 - INFO - [상태] 포지션 없음, 자본금: $5364.14
2026-01-16 08:04:15,470 - INFO - [지표] ADX=nan, Bull=nan, Bear=nan
2026-01-16 08:09:15,471 - INFO - [상태] 포지션 없음, 자본금: $5364.14
2026-01-16 08:09:15,472 - INFO - [지표] ADX=nan, Bull=nan, Bear=nan
2026-01-16 08:14:15,473 - INFO - [상태] 포지션 없음, 자본금: $5364.14
2026-01-16 08:14:15,474 - INFO - [지표] ADX=nan, Bull=nan, Bear=nan
2026-01-16 08:15:00,055 - INFO - [EMA] 증분계산: prev=95728.40, close=95559.3, new=95715.39
2026-01-16 08:15:00,061 - INFO - 15m | 23:00 | O:95536.3 H:95611.6 L:95362.6 C:95559.3
2026-01-16 08:15:00,061 - INFO - 지표: ADX=21.9, ATR=272.7, Bull=False, Bear=False
2026-01-16 08:19:15,475 - INFO - [상태] 포지션 없음, 자본금: $5364.14
2026-01-16 08:19:15,475 - INFO - [지표] ADX=nan, Bull=nan, Bear=nan
2026-01-16 08:24:15,476 - INFO - [상태] 포지션 없음, 자본금: $5364.14
2026-01-16 08:24:15,476 - INFO - [지표] ADX=nan, Bull=nan, Bear=nan
2026-01-16 08:29:15,477 - INFO - [상태] 포지션 없음, 자본금: $5364.14
2026-01-16 08:29:15,477 - INFO - [지표] ADX=nan, Bull=nan, Bear=nan
2026-01-16 08:30:00,293 - INFO - [EMA] 증분계산: prev=95715.39, close=95522.7, new=95700.57
2026-01-16 08:30:00,302 - INFO - 15m | 23:15 | O:95559.2 H:95688.9 L:95483.2 C:95522.7
2026-01-16 08:30:00,303 - INFO - 지표: ADX=21.3, ATR=266.0, Bull=False, Bear=False
2026-01-16 08:34:15,479 - INFO - [상태] 포지션 없음, 자본금: $5364.14
2026-01-16 08:34:15,479 - INFO - [지표] ADX=nan, Bull=nan, Bear=nan
2026-01-16 08:39:15,480 - INFO - [상태] 포지션 없음, 자본금: $5364.14
2026-01-16 08:39:15,481 - INFO - [지표] ADX=nan, Bull=nan, Bear=nan
2026-01-16 08:44:15,483 - INFO - [상태] 포지션 없음, 자본금: $5364.14
2026-01-16 08:44:15,483 - INFO - [지표] ADX=nan, Bull=nan, Bear=nan
2026-01-16 08:45:00,168 - INFO - [EMA] 증분계산: prev=95700.57, close=95473.9, new=95683.13
2026-01-16 08:45:00,178 - INFO - 15m | 23:30 | O:95522.8 H:95522.8 L:95417.3 C:95473.9
2026-01-16 08:45:00,178 - INFO - 지표: ADX=20.9, ATR=249.9, Bull=False, Bear=False
2026-01-16 08:49:15,484 - INFO - [상태] 포지션 없음, 자본금: $5364.14
2026-01-16 08:49:15,484 - INFO - [지표] ADX=nan, Bull=nan, Bear=nan
2026-01-16 08:54:15,485 - INFO - [상태] 포지션 없음, 자본금: $5364.14
2026-01-16 08:54:15,486 - INFO - [지표] ADX=nan, Bull=nan, Bear=nan
2026-01-16 08:59:15,487 - INFO - [상태] 포지션 없음, 자본금: $5364.14
2026-01-16 08:59:15,487 - INFO - [지표] ADX=nan, Bull=nan, Bear=nan
