2026-01-26 09:00:01,609 - INFO - === 로그 파일 시작: logs/hyper_2026-01-26.log ===
2026-01-26 09:00:01,609 - INFO - [EMA] 증분계산: prev=86776.54, close=86553.9, new=86759.42
2026-01-26 09:00:01,616 - INFO - 15m | 23:45 | O:86316.9 H:86685.8 L:86316.9 C:86553.9
2026-01-26 09:00:01,616 - INFO - 지표: ADX=55.4, ATR=384.1, Bull=False, Bear=True
2026-01-26 09:00:45,387 - INFO - [상태] 포지션 없음, 자본금: $6724.12
2026-01-26 09:00:45,388 - INFO - [지표] ADX=nan, Bull=nan, Bear=nan
2026-01-26 09:05:45,389 - INFO - [상태] 포지션 없음, 자본금: $6724.12
2026-01-26 09:05:45,389 - INFO - [지표] ADX=nan, Bull=nan, Bear=nan
2026-01-26 09:10:45,391 - INFO - [상태] 포지션 없음, 자본금: $6724.12
2026-01-26 09:10:45,391 - INFO - [지표] ADX=nan, Bull=nan, Bear=nan
2026-01-26 09:15:00,531 - INFO - [EMA] 증분계산: prev=86759.42, close=86944.0, new=86773.61
2026-01-26 09:15:00,538 - INFO - 15m | 00:00 | O:86552.0 H:86971.7 L:86524.3 C:86944.0
2026-01-26 09:15:00,538 - INFO - 지표: ADX=52.1, ATR=389.4, Bull=False, Bear=True
2026-01-26 09:15:45,393 - INFO - [상태] 포지션 없음, 자본금: $6724.12
2026-01-26 09:15:45,393 - INFO - [지표] ADX=nan, Bull=nan, Bear=nan
2026-01-26 09:20:45,394 - INFO - [상태] 포지션 없음, 자본금: $6724.12
2026-01-26 09:20:45,395 - INFO - [지표] ADX=nan, Bull=nan, Bear=nan
2026-01-26 09:25:45,397 - INFO - [상태] 포지션 없음, 자본금: $6724.12
2026-01-26 09:25:45,397 - INFO - [지표] ADX=nan, Bull=nan, Bear=nan
2026-01-26 09:30:00,202 - INFO - [EMA] 증분계산: prev=86773.61, close=86730.0, new=86770.26
2026-01-26 09:30:00,209 - INFO - 15m | 00:15 | O:86943.9 H:87070.7 L:86667.4 C:86730.0
2026-01-26 09:30:00,209 - INFO - 지표: ADX=48.7, ATR=390.5, Bull=False, Bear=True
2026-01-26 09:30:00,209 - INFO - [LIVE] SHORT 신호 감지!
2026-01-26 09:30:00,209 - INFO - ==================================================
2026-01-26 09:30:00,209 - INFO - [LIVE] SHORT 진입 준비
2026-01-26 09:30:00,209 - INFO - 진입가: $86730.00
2026-01-26 09:30:00,209 - INFO - 손절가: $87898.30 (1.35%)
2026-01-26 09:30:00,209 - INFO - 익절가: $85020.32 (1.97%)
2026-01-26 09:30:00,209 - INFO - 레버리지: 4.91x
2026-01-26 09:30:00,209 - INFO - 포지션 크기: 0.380669 BTC ($33015.44)
2026-01-26 09:30:00,209 - INFO - ==================================================
2026-01-26 09:30:00,293 - INFO - Leverage 설정: 5x
2026-01-26 09:30:00,336 - INFO - Market Order 체결: SHORT 0.381
2026-01-26 09:30:01,043 - INFO - 실제 체결가: $86738.90, 수량: 0.381000
2026-01-26 09:30:01,118 - INFO - LIMIT Close 주문: SHORT 0.381 @ $85029.2, ID: 42410502348
2026-01-26 09:30:01,118 - INFO - TP 주문 설정: $85029.22
2026-01-26 09:30:01,227 - INFO - STOP_MARKET 주문 (Algo): $87898.3, AlgoID: 3000000416767077
2026-01-26 09:30:01,227 - INFO - SL 주문 설정: $87898.30
2026-01-26 09:30:01,228 - INFO - 거래 기록 저장: ENTRY @ $86738.90
2026-01-26 09:30:01,228 - INFO - [LIVE] SHORT 진입 완료!
2026-01-26 09:30:45,439 - INFO - [상태] 포지션: SHORT, 진입가: $86738.90, 현재가: $86753.10, 미실현PnL: $-5.41
2026-01-26 09:30:45,439 - INFO - [지표] ADX=nan, Bull=nan, Bear=nan
2026-01-26 09:35:45,482 - INFO - [상태] 포지션: SHORT, 진입가: $86738.90, 현재가: $86612.10, 미실현PnL: $48.31
2026-01-26 09:35:45,482 - INFO - [지표] ADX=nan, Bull=nan, Bear=nan
2026-01-26 09:40:45,528 - INFO - [상태] 포지션: SHORT, 진입가: $86738.90, 현재가: $86645.60, 미실현PnL: $35.55
2026-01-26 09:40:45,529 - INFO - [지표] ADX=nan, Bull=nan, Bear=nan
2026-01-26 09:45:00,033 - INFO - [EMA] 증분계산: prev=86770.26, close=86521.1, new=86751.09
2026-01-26 09:45:00,043 - INFO - 15m | 00:30 | O:86730.1 H:86764.4 L:86490.3 C:86521.1
2026-01-26 09:45:00,043 - INFO - 지표: ADX=46.1, ATR=380.8, Bull=False, Bear=True
2026-01-26 09:45:45,571 - INFO - [상태] 포지션: SHORT, 진입가: $86738.90, 현재가: $86517.00, 미실현PnL: $84.54
2026-01-26 09:45:45,572 - INFO - [지표] ADX=nan, Bull=nan, Bear=nan
2026-01-26 09:50:45,618 - INFO - [상태] 포지션: SHORT, 진입가: $86738.90, 현재가: $86727.80, 미실현PnL: $4.23
2026-01-26 09:50:45,618 - INFO - [지표] ADX=nan, Bull=nan, Bear=nan
2026-01-26 09:55:45,660 - INFO - [상태] 포지션: SHORT, 진입가: $86738.90, 현재가: $86729.20, 미실현PnL: $3.70
2026-01-26 09:55:45,661 - INFO - [지표] ADX=nan, Bull=nan, Bear=nan
2026-01-26 10:00:00,304 - INFO - [EMA] 증분계산: prev=86751.09, close=86731.9, new=86749.62
2026-01-26 10:00:00,313 - INFO - 15m | 00:45 | O:86524.0 H:86866.9 L:86394.2 C:86731.9
2026-01-26 10:00:00,313 - INFO - 지표: ADX=43.3, ATR=388.5, Bull=False, Bear=True
2026-01-26 10:00:45,702 - INFO - [상태] 포지션: SHORT, 진입가: $86738.90, 현재가: $86707.70, 미실현PnL: $11.89
2026-01-26 10:00:45,702 - INFO - [지표] ADX=nan, Bull=nan, Bear=nan
2026-01-26 10:05:45,747 - INFO - [상태] 포지션: SHORT, 진입가: $86738.90, 현재가: $87058.40, 미실현PnL: $-121.73
2026-01-26 10:05:45,747 - INFO - [지표] ADX=nan, Bull=nan, Bear=nan
2026-01-26 10:10:45,790 - INFO - [상태] 포지션: SHORT, 진입가: $86738.90, 현재가: $87167.60, 미실현PnL: $-163.33
2026-01-26 10:10:45,791 - INFO - [지표] ADX=nan, Bull=nan, Bear=nan
2026-01-26 10:15:00,196 - INFO - [EMA] 증분계산: prev=86749.62, close=87159.9, new=86781.18
2026-01-26 10:15:00,202 - INFO - 15m | 01:00 | O:86732.0 H:87343.2 L:86692.4 C:87159.9
2026-01-26 10:15:00,202 - INFO - 지표: ADX=41.3, ATR=410.4, Bull=False, Bear=True
2026-01-26 10:15:45,835 - INFO - [상태] 포지션: SHORT, 진입가: $86738.90, 현재가: $87279.00, 미실현PnL: $-205.78
2026-01-26 10:15:45,835 - INFO - [지표] ADX=nan, Bull=nan, Bear=nan
2026-01-26 10:20:45,879 - INFO - [상태] 포지션: SHORT, 진입가: $86738.90, 현재가: $87329.90, 미실현PnL: $-225.17
2026-01-26 10:20:45,880 - INFO - [지표] ADX=nan, Bull=nan, Bear=nan
2026-01-26 10:25:45,921 - INFO - [상태] 포지션: SHORT, 진입가: $86738.90, 현재가: $87533.90, 미실현PnL: $-302.89
2026-01-26 10:25:45,921 - INFO - [지표] ADX=nan, Bull=nan, Bear=nan
2026-01-26 10:30:00,179 - INFO - [EMA] 증분계산: prev=86781.18, close=87534.0, new=86839.09
2026-01-26 10:30:00,188 - INFO - 15m | 01:15 | O:87158.1 H:87675.1 L:87155.5 C:87534.0
2026-01-26 10:30:00,188 - INFO - 지표: ADX=40.2, ATR=419.5, Bull=False, Bear=True
2026-01-26 10:30:45,964 - INFO - [상태] 포지션: SHORT, 진입가: $86738.90, 현재가: $87517.80, 미실현PnL: $-296.76
2026-01-26 10:30:45,964 - INFO - [지표] ADX=nan, Bull=nan, Bear=nan
2026-01-26 10:35:46,008 - INFO - [상태] 포지션: SHORT, 진입가: $86738.90, 현재가: $87560.10, 미실현PnL: $-312.88
2026-01-26 10:35:46,008 - INFO - [지표] ADX=nan, Bull=nan, Bear=nan
2026-01-26 10:40:46,056 - INFO - [상태] 포지션: SHORT, 진입가: $86738.90, 현재가: $87532.50, 미실현PnL: $-302.36
2026-01-26 10:40:46,056 - INFO - [지표] ADX=nan, Bull=nan, Bear=nan
2026-01-26 10:45:00,259 - INFO - [EMA] 증분계산: prev=86839.09, close=87571.0, new=86895.39
2026-01-26 10:45:00,266 - INFO - 15m | 01:30 | O:87533.9 H:87638.4 L:87465.8 C:87571.0
2026-01-26 10:45:00,266 - INFO - 지표: ADX=39.2, ATR=398.9, Bull=False, Bear=True
2026-01-26 10:45:46,098 - INFO - [상태] 포지션: SHORT, 진입가: $86738.90, 현재가: $87598.00, 미실현PnL: $-327.32
2026-01-26 10:45:46,098 - INFO - [지표] ADX=nan, Bull=nan, Bear=nan
2026-01-26 10:50:46,142 - INFO - [상태] 포지션: SHORT, 진입가: $86738.90, 현재가: $87450.20, 미실현PnL: $-271.01
2026-01-26 10:50:46,143 - INFO - [지표] ADX=nan, Bull=nan, Bear=nan
2026-01-26 10:55:46,184 - INFO - [상태] 포지션: SHORT, 진입가: $86738.90, 현재가: $87529.00, 미실현PnL: $-301.03
2026-01-26 10:55:46,185 - INFO - [지표] ADX=nan, Bull=nan, Bear=nan
2026-01-26 11:00:00,198 - INFO - [EMA] 증분계산: prev=86895.39, close=87571.1, new=86947.37
2026-01-26 11:00:00,205 - INFO - 15m | 01:45 | O:87569.2 H:87714.1 L:87389.5 C:87571.1
2026-01-26 11:00:00,205 - INFO - 지표: ADX=37.9, ATR=392.7, Bull=False, Bear=True
2026-01-26 11:00:46,227 - INFO - [상태] 포지션: SHORT, 진입가: $86738.90, 현재가: $87540.90, 미실현PnL: $-305.56
2026-01-26 11:00:46,227 - INFO - [지표] ADX=nan, Bull=nan, Bear=nan
2026-01-26 11:05:46,273 - INFO - [상태] 포지션: SHORT, 진입가: $86738.90, 현재가: $87367.00, 미실현PnL: $-239.31
2026-01-26 11:05:46,274 - INFO - [지표] ADX=nan, Bull=nan, Bear=nan
2026-01-26 11:10:46,318 - INFO - [상태] 포지션: SHORT, 진입가: $86738.90, 현재가: $87358.60, 미실현PnL: $-236.11
2026-01-26 11:10:46,319 - INFO - [지표] ADX=nan, Bull=nan, Bear=nan
2026-01-26 11:15:01,164 - INFO - [EMA] 증분계산: prev=86947.37, close=87385.5, new=86981.07
2026-01-26 11:15:01,174 - INFO - 15m | 02:00 | O:87573.9 H:87583.3 L:87297.9 C:87385.5
2026-01-26 11:15:01,174 - INFO - 지표: ADX=36.4, ATR=383.8, Bull=False, Bear=True
2026-01-26 11:15:46,361 - INFO - [상태] 포지션: SHORT, 진입가: $86738.90, 현재가: $87398.60, 미실현PnL: $-251.35
2026-01-26 11:15:46,362 - INFO - [지표] ADX=nan, Bull=nan, Bear=nan
2026-01-26 11:20:46,403 - INFO - [상태] 포지션: SHORT, 진입가: $86738.90, 현재가: $87526.70, 미실현PnL: $-300.15
2026-01-26 11:20:46,403 - INFO - [지표] ADX=nan, Bull=nan, Bear=nan
2026-01-26 11:25:46,447 - INFO - [상태] 포지션: SHORT, 진입가: $86738.90, 현재가: $87733.30, 미실현PnL: $-378.87
2026-01-26 11:25:46,447 - INFO - [지표] ADX=nan, Bull=nan, Bear=nan
2026-01-26 11:30:00,640 - INFO - [EMA] 증분계산: prev=86981.07, close=87789.9, new=87043.29
2026-01-26 11:30:00,650 - INFO - 15m | 02:15 | O:87384.6 H:87828.3 L:87378.1 C:87789.9
2026-01-26 11:30:00,650 - INFO - 지표: ADX=35.6, ATR=389.3, Bull=False, Bear=True
2026-01-26 11:30:46,489 - INFO - [상태] 포지션: SHORT, 진입가: $86738.90, 현재가: $87819.00, 미실현PnL: $-411.52
2026-01-26 11:30:46,489 - INFO - [지표] ADX=nan, Bull=nan, Bear=nan
2026-01-26 11:35:46,538 - INFO - [상태] 포지션: SHORT, 진입가: $86738.90, 현재가: $87751.40, 미실현PnL: $-385.76
2026-01-26 11:35:46,538 - INFO - [지표] ADX=nan, Bull=nan, Bear=nan
2026-01-26 11:40:46,579 - INFO - [상태] 포지션: SHORT, 진입가: $86738.90, 현재가: $87678.00, 미실현PnL: $-357.80
2026-01-26 11:40:46,580 - INFO - [지표] ADX=nan, Bull=nan, Bear=nan
2026-01-26 11:45:00,148 - INFO - [EMA] 증분계산: prev=87043.29, close=87503.6, new=87078.69
2026-01-26 11:45:00,155 - INFO - 15m | 02:30 | O:87789.9 H:87849.9 L:87494.0 C:87503.6
2026-01-26 11:45:00,155 - INFO - 지표: ADX=35.0, ATR=386.5, Bull=False, Bear=True
2026-01-26 11:45:46,621 - INFO - [상태] 포지션: SHORT, 진입가: $86738.90, 현재가: $87540.10, 미실현PnL: $-305.26
2026-01-26 11:45:46,621 - INFO - [지표] ADX=nan, Bull=nan, Bear=nan
2026-01-26 11:50:46,665 - INFO - [상태] 포지션: SHORT, 진입가: $86738.90, 현재가: $87505.90, 미실현PnL: $-292.23
2026-01-26 11:50:46,665 - INFO - [지표] ADX=nan, Bull=nan, Bear=nan
2026-01-26 11:55:46,708 - INFO - [상태] 포지션: SHORT, 진입가: $86738.90, 현재가: $87462.80, 미실현PnL: $-275.81
2026-01-26 11:55:46,708 - INFO - [지표] ADX=nan, Bull=nan, Bear=nan
2026-01-26 12:00:00,149 - INFO - [EMA] 증분계산: prev=87078.69, close=87431.9, new=87105.86
2026-01-26 12:00:00,159 - INFO - 15m | 02:45 | O:87504.0 H:87568.1 L:87355.2 C:87431.9
2026-01-26 12:00:00,159 - INFO - 지표: ADX=33.8, ATR=372.0, Bull=False, Bear=True
2026-01-26 12:00:46,747 - INFO - [상태] 포지션: SHORT, 진입가: $86738.90, 현재가: $87441.80, 미실현PnL: $-267.80
2026-01-26 12:00:46,748 - INFO - [지표] ADX=nan, Bull=nan, Bear=nan
2026-01-26 12:05:46,789 - INFO - [상태] 포지션: SHORT, 진입가: $86738.90, 현재가: $87516.70, 미실현PnL: $-296.34
2026-01-26 12:05:46,790 - INFO - [지표] ADX=nan, Bull=nan, Bear=nan
2026-01-26 12:10:46,835 - INFO - [상태] 포지션: SHORT, 진입가: $86738.90, 현재가: $87453.50, 미실현PnL: $-272.26
2026-01-26 12:10:46,835 - INFO - [지표] ADX=nan, Bull=nan, Bear=nan
2026-01-26 12:15:00,066 - INFO - [EMA] 증분계산: prev=87105.86, close=87438.7, new=87131.47
2026-01-26 12:15:00,076 - INFO - 15m | 03:00 | O:87427.9 H:87562.1 L:87360.0 C:87438.7
2026-01-26 12:15:00,076 - INFO - 지표: ADX=32.6, ATR=357.9, Bull=False, Bear=True
2026-01-26 12:15:46,875 - INFO - [상태] 포지션: SHORT, 진입가: $86738.90, 현재가: $87455.50, 미실현PnL: $-273.02
2026-01-26 12:15:46,876 - INFO - [지표] ADX=nan, Bull=nan, Bear=nan
2026-01-26 12:20:46,927 - INFO - [상태] 포지션: SHORT, 진입가: $86738.90, 현재가: $87396.40, 미실현PnL: $-250.51
2026-01-26 12:20:46,928 - INFO - [지표] ADX=nan, Bull=nan, Bear=nan
2026-01-26 12:25:46,969 - INFO - [상태] 포지션: SHORT, 진입가: $86738.90, 현재가: $87355.00, 미실현PnL: $-234.73
2026-01-26 12:25:46,970 - INFO - [지표] ADX=nan, Bull=nan, Bear=nan
2026-01-26 12:30:00,174 - INFO - [EMA] 증분계산: prev=87131.47, close=87316.9, new=87145.73
2026-01-26 12:30:00,183 - INFO - 15m | 03:15 | O:87438.7 H:87473.3 L:87308.0 C:87316.9
2026-01-26 12:30:00,184 - INFO - 지표: ADX=31.4, ATR=341.8, Bull=False, Bear=True
2026-01-26 12:30:47,013 - INFO - [상태] 포지션: SHORT, 진입가: $86738.90, 현재가: $87292.00, 미실현PnL: $-210.73
2026-01-26 12:30:47,013 - INFO - [지표] ADX=nan, Bull=nan, Bear=nan
2026-01-26 12:35:47,056 - INFO - [상태] 포지션: SHORT, 진입가: $86738.90, 현재가: $87214.70, 미실현PnL: $-181.28
2026-01-26 12:35:47,056 - INFO - [지표] ADX=nan, Bull=nan, Bear=nan
2026-01-26 12:40:47,099 - INFO - [상태] 포지션: SHORT, 진입가: $86738.90, 현재가: $87225.30, 미실현PnL: $-185.32
2026-01-26 12:40:47,099 - INFO - [지표] ADX=nan, Bull=nan, Bear=nan
2026-01-26 12:45:00,662 - INFO - [EMA] 증분계산: prev=87145.73, close=87224.1, new=87151.76
2026-01-26 12:45:00,669 - INFO - 15m | 03:30 | O:87317.2 H:87347.6 L:87154.0 C:87224.1
2026-01-26 12:45:00,669 - INFO - 지표: ADX=29.5, ATR=329.5, Bull=False, Bear=True
2026-01-26 12:45:47,143 - INFO - [상태] 포지션: SHORT, 진입가: $86738.90, 현재가: $87234.20, 미실현PnL: $-188.71
2026-01-26 12:45:47,143 - INFO - [지표] ADX=nan, Bull=nan, Bear=nan
2026-01-26 12:50:47,187 - INFO - [상태] 포지션: SHORT, 진입가: $86738.90, 현재가: $87164.00, 미실현PnL: $-161.96
2026-01-26 12:50:47,187 - INFO - [지표] ADX=nan, Bull=nan, Bear=nan
2026-01-26 12:55:47,229 - INFO - [상태] 포지션: SHORT, 진입가: $86738.90, 현재가: $86978.20, 미실현PnL: $-91.17
2026-01-26 12:55:47,230 - INFO - [지표] ADX=nan, Bull=nan, Bear=nan
2026-01-26 13:00:01,345 - INFO - [EMA] 증분계산: prev=87151.76, close=87152.4, new=87151.81
2026-01-26 13:00:01,355 - INFO - 15m | 03:45 | O:87224.1 H:87247.7 L:86946.7 C:87152.4
2026-01-26 13:00:01,355 - INFO - 지표: ADX=27.8, ATR=327.1, Bull=False, Bear=True
2026-01-26 13:00:47,272 - INFO - [상태] 포지션: SHORT, 진입가: $86738.90, 현재가: $87182.00, 미실현PnL: $-168.82
2026-01-26 13:00:47,272 - INFO - [지표] ADX=nan, Bull=nan, Bear=nan
2026-01-26 13:05:47,324 - INFO - [상태] 포지션: SHORT, 진입가: $86738.90, 현재가: $87158.70, 미실현PnL: $-159.94
2026-01-26 13:05:47,325 - INFO - [지표] ADX=nan, Bull=nan, Bear=nan
2026-01-26 13:10:47,367 - INFO - [상태] 포지션: SHORT, 진입가: $86738.90, 현재가: $87365.60, 미실현PnL: $-238.77
2026-01-26 13:10:47,367 - INFO - [지표] ADX=nan, Bull=nan, Bear=nan
2026-01-26 13:15:00,081 - INFO - [EMA] 증분계산: prev=87151.81, close=87328.4, new=87165.39
2026-01-26 13:15:00,090 - INFO - 15m | 04:00 | O:87152.4 H:87410.0 L:87108.3 C:87328.4
2026-01-26 13:15:00,090 - INFO - 지표: ADX=26.0, ATR=325.0, Bull=False, Bear=True
2026-01-26 13:15:47,411 - INFO - [상태] 포지션: SHORT, 진입가: $86738.90, 현재가: $87337.80, 미실현PnL: $-228.18
2026-01-26 13:15:47,411 - INFO - [지표] ADX=nan, Bull=nan, Bear=nan
2026-01-26 13:20:47,453 - INFO - [상태] 포지션: SHORT, 진입가: $86738.90, 현재가: $87513.00, 미실현PnL: $-294.93
2026-01-26 13:20:47,453 - INFO - [지표] ADX=nan, Bull=nan, Bear=nan
2026-01-26 13:25:47,496 - INFO - [상태] 포지션: SHORT, 진입가: $86738.90, 현재가: $87677.90, 미실현PnL: $-357.76
2026-01-26 13:25:47,496 - INFO - [지표] ADX=nan, Bull=nan, Bear=nan
2026-01-26 13:30:00,111 - INFO - [EMA] 증분계산: prev=87165.39, close=87725.0, new=87208.44
2026-01-26 13:30:00,121 - INFO - 15m | 04:15 | O:87327.2 H:87725.2 L:87322.3 C:87725.0
2026-01-26 13:30:00,121 - INFO - 지표: ADX=25.4, ATR=331.5, Bull=False, Bear=True
2026-01-26 13:30:47,537 - INFO - [상태] 포지션: SHORT, 진입가: $86738.90, 현재가: $87795.90, 미실현PnL: $-402.72
2026-01-26 13:30:47,538 - INFO - [지표] ADX=nan, Bull=nan, Bear=nan
2026-01-26 13:35:47,580 - INFO - [상태] 포지션: SHORT, 진입가: $86738.90, 현재가: $87774.30, 미실현PnL: $-394.49
2026-01-26 13:35:47,581 - INFO - [지표] ADX=nan, Bull=nan, Bear=nan
2026-01-26 13:40:47,623 - INFO - [상태] 포지션: SHORT, 진입가: $86738.90, 현재가: $87698.00, 미실현PnL: $-365.42
2026-01-26 13:40:47,623 - INFO - [지표] ADX=nan, Bull=nan, Bear=nan
2026-01-26 13:45:00,186 - INFO - [EMA] 증분계산: prev=87208.44, close=87627.2, new=87240.65
2026-01-26 13:45:00,192 - INFO - 15m | 04:30 | O:87725.0 H:87827.7 L:87616.0 C:87627.2
2026-01-26 13:45:00,193 - INFO - 지표: ADX=25.1, ATR=321.5, Bull=False, Bear=True
2026-01-26 13:45:47,666 - INFO - [상태] 포지션: SHORT, 진입가: $86738.90, 현재가: $87653.10, 미실현PnL: $-348.31
2026-01-26 13:45:47,667 - INFO - [지표] ADX=nan, Bull=nan, Bear=nan
2026-01-26 13:50:47,717 - INFO - [상태] 포지션: SHORT, 진입가: $86738.90, 현재가: $87624.70, 미실현PnL: $-337.49
2026-01-26 13:50:47,718 - INFO - [지표] ADX=nan, Bull=nan, Bear=nan
2026-01-26 13:55:47,762 - INFO - [상태] 포지션: SHORT, 진입가: $86738.90, 현재가: $87683.40, 미실현PnL: $-359.85
2026-01-26 13:55:47,762 - INFO - [지표] ADX=nan, Bull=nan, Bear=nan
2026-01-26 14:00:03,015 - INFO - [EMA] 증분계산: prev=87240.65, close=87610.1, new=87269.07
2026-01-26 14:00:03,021 - INFO - 15m | 04:45 | O:87627.2 H:87720.2 L:87573.9 C:87610.1
2026-01-26 14:00:03,022 - INFO - 지표: ADX=24.6, ATR=306.9, Bull=False, Bear=True
2026-01-26 14:00:47,815 - INFO - [상태] 포지션: SHORT, 진입가: $86738.90, 현재가: $87642.00, 미실현PnL: $-344.08
2026-01-26 14:00:47,816 - INFO - [지표] ADX=nan, Bull=nan, Bear=nan
2026-01-26 14:05:47,859 - INFO - [상태] 포지션: SHORT, 진입가: $86738.90, 현재가: $87585.70, 미실현PnL: $-322.63
2026-01-26 14:05:47,860 - INFO - [지표] ADX=nan, Bull=nan, Bear=nan
2026-01-26 14:10:47,899 - INFO - [상태] 포지션: SHORT, 진입가: $86738.90, 현재가: $87598.50, 미실현PnL: $-327.51
2026-01-26 14:10:47,900 - INFO - [지표] ADX=nan, Bull=nan, Bear=nan
2026-01-26 14:15:00,289 - INFO - [EMA] 증분계산: prev=87269.07, close=87565.0, new=87291.83
2026-01-26 14:15:00,296 - INFO - 15m | 05:00 | O:87612.4 H:87686.0 L:87535.5 C:87565.0
2026-01-26 14:15:00,296 - INFO - 지표: ADX=24.0, ATR=293.9, Bull=False, Bear=True
2026-01-26 14:15:47,953 - INFO - [상태] 포지션: SHORT, 진입가: $86738.90, 현재가: $87607.10, 미실현PnL: $-330.78
2026-01-26 14:15:47,953 - INFO - [지표] ADX=nan, Bull=nan, Bear=nan
2026-01-26 14:20:47,996 - INFO - [상태] 포지션: SHORT, 진입가: $86738.90, 현재가: $87664.40, 미실현PnL: $-352.62
2026-01-26 14:20:47,996 - INFO - [지표] ADX=nan, Bull=nan, Bear=nan
2026-01-26 14:25:48,048 - INFO - [상태] 포지션: SHORT, 진입가: $86738.90, 현재가: $87691.10, 미실현PnL: $-362.79
2026-01-26 14:25:48,049 - INFO - [지표] ADX=nan, Bull=nan, Bear=nan
2026-01-26 14:30:01,009 - INFO - [EMA] 증분계산: prev=87291.83, close=87726.3, new=87325.26
2026-01-26 14:30:01,019 - INFO - 15m | 05:15 | O:87565.0 H:87737.9 L:87559.2 C:87726.3
2026-01-26 14:30:01,019 - INFO - 지표: ADX=23.6, ATR=284.3, Bull=False, Bear=True
2026-01-26 14:30:48,092 - INFO - [상태] 포지션: SHORT, 진입가: $86738.90, 현재가: $87705.00, 미실현PnL: $-368.08
2026-01-26 14:30:48,092 - INFO - [지표] ADX=nan, Bull=nan, Bear=nan
2026-01-26 14:35:48,132 - INFO - [상태] 포지션: SHORT, 진입가: $86738.90, 현재가: $87768.90, 미실현PnL: $-392.43
2026-01-26 14:35:48,132 - INFO - [지표] ADX=nan, Bull=nan, Bear=nan
2026-01-26 14:40:48,173 - INFO - [상태] 포지션: SHORT, 진입가: $86738.90, 현재가: $87658.20, 미실현PnL: $-350.25
2026-01-26 14:40:48,173 - INFO - [지표] ADX=nan, Bull=nan, Bear=nan
2026-01-26 14:45:00,172 - INFO - [EMA] 증분계산: prev=87325.26, close=87707.1, new=87354.63
2026-01-26 14:45:00,178 - INFO - 15m | 05:30 | O:87726.2 H:87789.9 L:87621.4 C:87707.1
2026-01-26 14:45:00,178 - INFO - 지표: ADX=23.5, ATR=274.6, Bull=False, Bear=True
2026-01-26 14:45:48,214 - INFO - [상태] 포지션: SHORT, 진입가: $86738.90, 현재가: $87657.90, 미실현PnL: $-350.14
2026-01-26 14:45:48,214 - INFO - [지표] ADX=nan, Bull=nan, Bear=nan
2026-01-26 14:50:48,256 - INFO - [상태] 포지션: SHORT, 진입가: $86738.90, 현재가: $87750.00, 미실현PnL: $-385.23
2026-01-26 14:50:48,256 - INFO - [지표] ADX=nan, Bull=nan, Bear=nan
2026-01-26 14:55:48,306 - INFO - [상태] 포지션: SHORT, 진입가: $86738.90, 현재가: $87770.40, 미실현PnL: $-393.00
2026-01-26 14:55:48,306 - INFO - [지표] ADX=nan, Bull=nan, Bear=nan
2026-01-26 15:00:00,805 - INFO - [EMA] 증분계산: prev=87354.63, close=87688.0, new=87380.27
2026-01-26 15:00:00,814 - INFO - 15m | 05:45 | O:87709.5 H:87831.3 L:87642.5 C:87688.0
2026-01-26 15:00:00,814 - INFO - 지표: ADX=23.4, ATR=267.5, Bull=False, Bear=True
2026-01-26 15:00:48,357 - INFO - [상태] 포지션: SHORT, 진입가: $86738.90, 현재가: $87680.20, 미실현PnL: $-358.64
2026-01-26 15:00:48,358 - INFO - [지표] ADX=nan, Bull=nan, Bear=nan
2026-01-26 15:05:48,398 - INFO - [상태] 포지션: SHORT, 진입가: $86738.90, 현재가: $87692.00, 미실현PnL: $-363.13
2026-01-26 15:05:48,398 - INFO - [지표] ADX=nan, Bull=nan, Bear=nan
2026-01-26 15:10:48,442 - INFO - [상태] 포지션: SHORT, 진입가: $86738.90, 현재가: $87689.30, 미실현PnL: $-362.10
2026-01-26 15:10:48,442 - INFO - [지표] ADX=nan, Bull=nan, Bear=nan
2026-01-26 15:15:01,413 - INFO - [EMA] 증분계산: prev=87380.27, close=87630.1, new=87399.49
2026-01-26 15:15:01,420 - INFO - 15m | 06:00 | O:87688.1 H:87798.8 L:87626.1 C:87630.1
2026-01-26 15:15:01,420 - INFO - 지표: ADX=23.3, ATR=259.6, Bull=False, Bear=True
2026-01-26 15:15:48,483 - INFO - [상태] 포지션: SHORT, 진입가: $86738.90, 현재가: $87639.80, 미실현PnL: $-343.24
2026-01-26 15:15:48,483 - INFO - [지표] ADX=nan, Bull=nan, Bear=nan
2026-01-26 15:20:48,529 - INFO - [상태] 포지션: SHORT, 진입가: $86738.90, 현재가: $87791.20, 미실현PnL: $-400.93
2026-01-26 15:20:48,529 - INFO - [지표] ADX=nan, Bull=nan, Bear=nan
2026-01-26 15:25:48,574 - INFO - [상태] 포지션: SHORT, 진입가: $86738.90, 현재가: $87779.60, 미실현PnL: $-396.51
2026-01-26 15:25:48,574 - INFO - [지표] ADX=nan, Bull=nan, Bear=nan
2026-01-26 15:30:01,004 - INFO - [EMA] 증분계산: prev=87399.49, close=87811.4, new=87431.17
2026-01-26 15:30:01,013 - INFO - 15m | 06:15 | O:87632.0 H:87868.8 L:87619.5 C:87811.4
2026-01-26 15:30:01,013 - INFO - 지표: ADX=23.5, ATR=258.7, Bull=False, Bear=True
2026-01-26 15:30:48,617 - INFO - [상태] 포지션: SHORT, 진입가: $86738.90, 현재가: $87850.70, 미실현PnL: $-423.60
2026-01-26 15:30:48,617 - INFO - [지표] ADX=nan, Bull=nan, Bear=nan
2026-01-26 15:35:48,660 - INFO - [상태] 포지션: SHORT, 진입가: $86738.90, 현재가: $87766.30, 미실현PnL: $-391.44
2026-01-26 15:35:48,660 - INFO - [지표] ADX=nan, Bull=nan, Bear=nan
2026-01-26 15:40:48,704 - INFO - [상태] 포지션: SHORT, 진입가: $86738.90, 현재가: $87750.60, 미실현PnL: $-385.46
2026-01-26 15:40:48,705 - INFO - [지표] ADX=nan, Bull=nan, Bear=nan
2026-01-26 15:45:00,940 - INFO - [EMA] 증분계산: prev=87431.17, close=87844.2, new=87462.95
2026-01-26 15:45:00,949 - INFO - 15m | 06:30 | O:87808.2 H:87863.4 L:87720.3 C:87844.2
2026-01-26 15:45:00,950 - INFO - 지표: ADX=23.6, ATR=249.1, Bull=False, Bear=True
2026-01-26 15:45:48,757 - INFO - [상태] 포지션: SHORT, 진입가: $86738.90, 현재가: $87845.70, 미실현PnL: $-421.69
2026-01-26 15:45:48,757 - INFO - [지표] ADX=nan, Bull=nan, Bear=nan
2026-01-26 15:50:23,266 - WARNING - [LIVE] SL 체결 감지: $87898.30
2026-01-26 15:50:23,266 - WARNING - [LIVE] SL 청산: PnL=$-441.73, 수수료=$26.6147, 순익=$-468.35
2026-01-26 15:50:23,266 - WARNING - [LIVE] 자본금 업데이트: $6724.12 → $6255.78
2026-01-26 15:50:23,307 - INFO - 모든 대기 주문 취소 완료
2026-01-26 15:50:23,862 - WARNING - [자본금 동기화] 로컬: $6255.78 → 사용가능: $6301.33 (실제 잔고 $7001.48의 90%)
2026-01-26 15:50:23,862 - INFO - 거래 기록 저장: SL @ $87898.30
2026-01-26 15:50:48,759 - INFO - [상태] 포지션 없음, 자본금: $6301.33
2026-01-26 15:50:48,759 - INFO - [지표] ADX=nan, Bull=nan, Bear=nan
2026-01-26 15:55:48,760 - INFO - [상태] 포지션 없음, 자본금: $6301.33
2026-01-26 15:55:48,760 - INFO - [지표] ADX=nan, Bull=nan, Bear=nan
2026-01-26 16:00:01,289 - INFO - [EMA] 증분계산: prev=87462.95, close=87819.6, new=87490.38
2026-01-26 16:00:01,298 - INFO - 15m | 06:45 | O:87844.3 H:87915.2 L:87709.6 C:87819.6
2026-01-26 16:00:01,298 - INFO - 지표: ADX=23.9, ATR=245.5, Bull=False, Bear=True
2026-01-26 16:00:48,761 - INFO - [상태] 포지션 없음, 자본금: $6301.33
2026-01-26 16:00:48,761 - INFO - [지표] ADX=nan, Bull=nan, Bear=nan
2026-01-26 16:05:48,762 - INFO - [상태] 포지션 없음, 자본금: $6301.33
2026-01-26 16:05:48,763 - INFO - [지표] ADX=nan, Bull=nan, Bear=nan
2026-01-26 16:10:48,764 - INFO - [상태] 포지션 없음, 자본금: $6301.33
2026-01-26 16:10:48,765 - INFO - [지표] ADX=nan, Bull=nan, Bear=nan
2026-01-26 16:15:00,249 - INFO - [EMA] 증분계산: prev=87490.38, close=87892.7, new=87521.33
2026-01-26 16:15:00,256 - INFO - 15m | 07:00 | O:87819.6 H:87895.8 L:87718.4 C:87892.7
2026-01-26 16:15:00,256 - INFO - 지표: ADX=24.2, ATR=239.8, Bull=False, Bear=True
2026-01-26 16:15:48,767 - INFO - [상태] 포지션 없음, 자본금: $6301.33
2026-01-26 16:15:48,768 - INFO - [지표] ADX=nan, Bull=nan, Bear=nan
2026-01-26 16:20:48,769 - INFO - [상태] 포지션 없음, 자본금: $6301.33
2026-01-26 16:20:48,769 - INFO - [지표] ADX=nan, Bull=nan, Bear=nan
2026-01-26 16:25:48,773 - INFO - [상태] 포지션 없음, 자본금: $6301.33
2026-01-26 16:25:48,773 - INFO - [지표] ADX=nan, Bull=nan, Bear=nan
2026-01-26 16:30:00,725 - INFO - [EMA] 증분계산: prev=87521.33, close=87670.7, new=87532.82
2026-01-26 16:30:00,734 - INFO - 15m | 07:15 | O:87892.6 H:87967.9 L:87653.9 C:87670.7
2026-01-26 16:30:00,734 - INFO - 지표: ADX=24.8, ATR=246.0, Bull=False, Bear=True
2026-01-26 16:30:48,774 - INFO - [상태] 포지션 없음, 자본금: $6301.33
2026-01-26 16:30:48,774 - INFO - [지표] ADX=nan, Bull=nan, Bear=nan
2026-01-26 16:35:48,775 - INFO - [상태] 포지션 없음, 자본금: $6301.33
2026-01-26 16:35:48,775 - INFO - [지표] ADX=nan, Bull=nan, Bear=nan
2026-01-26 16:40:48,779 - INFO - [상태] 포지션 없음, 자본금: $6301.33
2026-01-26 16:40:48,780 - INFO - [지표] ADX=nan, Bull=nan, Bear=nan
2026-01-26 16:45:00,342 - INFO - [EMA] 증분계산: prev=87532.82, close=87806.7, new=87553.89
2026-01-26 16:45:00,349 - INFO - 15m | 07:30 | O:87670.8 H:87911.5 L:87582.7 C:87806.7
2026-01-26 16:45:00,349 - INFO - 지표: ADX=24.8, ATR=252.9, Bull=False, Bear=True
2026-01-26 16:45:48,781 - INFO - [상태] 포지션 없음, 자본금: $6301.33
2026-01-26 16:45:48,781 - INFO - [지표] ADX=nan, Bull=nan, Bear=nan
2026-01-26 16:50:48,783 - INFO - [상태] 포지션 없음, 자본금: $6301.33
2026-01-26 16:50:48,784 - INFO - [지표] ADX=nan, Bull=nan, Bear=nan
2026-01-26 16:55:48,785 - INFO - [상태] 포지션 없음, 자본금: $6301.33
2026-01-26 16:55:48,785 - INFO - [지표] ADX=nan, Bull=nan, Bear=nan
2026-01-26 17:00:01,592 - INFO - [EMA] 증분계산: prev=87553.89, close=87890.3, new=87579.76
2026-01-26 17:00:01,601 - INFO - 15m | 07:45 | O:87806.8 H:87936.0 L:87746.6 C:87890.3
2026-01-26 17:00:01,602 - INFO - 지표: ADX=24.9, ATR=247.6, Bull=False, Bear=True
2026-01-26 17:00:48,786 - INFO - [상태] 포지션 없음, 자본금: $6301.33
2026-01-26 17:00:48,786 - INFO - [지표] ADX=nan, Bull=nan, Bear=nan
2026-01-26 17:05:48,787 - INFO - [상태] 포지션 없음, 자본금: $6301.33
2026-01-26 17:05:48,788 - INFO - [지표] ADX=nan, Bull=nan, Bear=nan
2026-01-26 17:10:48,789 - INFO - [상태] 포지션 없음, 자본금: $6301.33
2026-01-26 17:10:48,790 - INFO - [지표] ADX=nan, Bull=nan, Bear=nan
2026-01-26 17:15:00,577 - INFO - [EMA] 증분계산: prev=87579.76, close=87806.4, new=87597.20
2026-01-26 17:15:00,583 - INFO - 15m | 08:00 | O:87893.3 H:88072.9 L:87806.4 C:87806.4
2026-01-26 17:15:00,583 - INFO - 지표: ADX=25.6, ATR=249.2, Bull=False, Bear=True
2026-01-26 17:15:48,790 - INFO - [상태] 포지션 없음, 자본금: $6301.33
2026-01-26 17:15:48,791 - INFO - [지표] ADX=nan, Bull=nan, Bear=nan
2026-01-26 17:20:48,791 - INFO - [상태] 포지션 없음, 자본금: $6301.33
2026-01-26 17:20:48,792 - INFO - [지표] ADX=nan, Bull=nan, Bear=nan
2026-01-26 17:25:48,793 - INFO - [상태] 포지션 없음, 자본금: $6301.33
2026-01-26 17:25:48,793 - INFO - [지표] ADX=nan, Bull=nan, Bear=nan
2026-01-26 17:30:01,101 - INFO - [EMA] 증분계산: prev=87597.20, close=88079.9, new=87634.33
2026-01-26 17:30:01,108 - INFO - 15m | 08:15 | O:87806.5 H:88278.1 L:87717.0 C:88079.9
2026-01-26 17:30:01,108 - INFO - 지표: ADX=27.0, ATR=275.2, Bull=False, Bear=True
2026-01-26 17:30:48,794 - INFO - [상태] 포지션 없음, 자본금: $6301.33
2026-01-26 17:30:48,794 - INFO - [지표] ADX=nan, Bull=nan, Bear=nan
2026-01-26 17:35:48,797 - INFO - [상태] 포지션 없음, 자본금: $6301.33
2026-01-26 17:35:48,797 - INFO - [지표] ADX=nan, Bull=nan, Bear=nan
2026-01-26 17:40:48,798 - INFO - [상태] 포지션 없음, 자본금: $6301.33
2026-01-26 17:40:48,799 - INFO - [지표] ADX=nan, Bull=nan, Bear=nan
2026-01-26 17:45:01,393 - INFO - [EMA] 증분계산: prev=87634.33, close=87937.2, new=87657.63
2026-01-26 17:45:01,399 - INFO - 15m | 08:30 | O:88080.0 H:88115.2 L:87915.1 C:87937.2
2026-01-26 17:45:01,400 - INFO - 지표: ADX=28.2, ATR=268.9, Bull=False, Bear=True
2026-01-26 17:45:48,800 - INFO - [상태] 포지션 없음, 자본금: $6301.33
2026-01-26 17:45:48,800 - INFO - [지표] ADX=nan, Bull=nan, Bear=nan
2026-01-26 17:50:48,802 - INFO - [상태] 포지션 없음, 자본금: $6301.33
2026-01-26 17:50:48,803 - INFO - [지표] ADX=nan, Bull=nan, Bear=nan
2026-01-26 17:55:48,806 - INFO - [상태] 포지션 없음, 자본금: $6301.33
2026-01-26 17:55:48,806 - INFO - [지표] ADX=nan, Bull=nan, Bear=nan
2026-01-26 18:00:00,160 - INFO - [EMA] 증분계산: prev=87657.63, close=87872.4, new=87674.15
2026-01-26 18:00:00,167 - INFO - 15m | 08:45 | O:87941.1 H:87981.0 L:87852.5 C:87872.4
2026-01-26 18:00:00,167 - INFO - 지표: ADX=28.9, ATR=257.2, Bull=False, Bear=True
2026-01-26 18:00:48,807 - INFO - [상태] 포지션 없음, 자본금: $6301.33
2026-01-26 18:00:48,807 - INFO - [지표] ADX=nan, Bull=nan, Bear=nan
2026-01-26 18:05:48,810 - INFO - [상태] 포지션 없음, 자본금: $6301.33
2026-01-26 18:05:48,810 - INFO - [지표] ADX=nan, Bull=nan, Bear=nan
2026-01-26 18:10:48,811 - INFO - [상태] 포지션 없음, 자본금: $6301.33
2026-01-26 18:10:48,811 - INFO - [지표] ADX=nan, Bull=nan, Bear=nan
2026-01-26 18:15:00,564 - INFO - [EMA] 증분계산: prev=87674.15, close=87712.1, new=87677.07
2026-01-26 18:15:00,571 - INFO - 15m | 09:00 | O:87869.1 H:87892.2 L:87622.5 C:87712.1
2026-01-26 18:15:00,571 - INFO - 지표: ADX=27.8, ATR=258.2, Bull=False, Bear=True
2026-01-26 18:15:48,812 - INFO - [상태] 포지션 없음, 자본금: $6301.33
2026-01-26 18:15:48,813 - INFO - [지표] ADX=nan, Bull=nan, Bear=nan
2026-01-26 18:20:48,815 - INFO - [상태] 포지션 없음, 자본금: $6301.33
2026-01-26 18:20:48,815 - INFO - [지표] ADX=nan, Bull=nan, Bear=nan
2026-01-26 18:25:48,816 - INFO - [상태] 포지션 없음, 자본금: $6301.33
2026-01-26 18:25:48,817 - INFO - [지표] ADX=nan, Bull=nan, Bear=nan
2026-01-26 18:30:01,176 - INFO - [EMA] 증분계산: prev=87677.07, close=87683.1, new=87677.53
2026-01-26 18:30:01,182 - INFO - 15m | 09:15 | O:87712.1 H:87749.5 L:87607.7 C:87683.1
2026-01-26 18:30:01,182 - INFO - 지표: ADX=26.7, ATR=248.5, Bull=False, Bear=True
2026-01-26 18:30:48,820 - INFO - [상태] 포지션 없음, 자본금: $6301.33
2026-01-26 18:30:48,820 - INFO - [지표] ADX=nan, Bull=nan, Bear=nan
2026-01-26 18:35:48,825 - INFO - [상태] 포지션 없음, 자본금: $6301.33
2026-01-26 18:35:48,826 - INFO - [지표] ADX=nan, Bull=nan, Bear=nan
2026-01-26 18:40:48,826 - INFO - [상태] 포지션 없음, 자본금: $6301.33
2026-01-26 18:40:48,826 - INFO - [지표] ADX=nan, Bull=nan, Bear=nan
2026-01-26 18:45:00,282 - INFO - [EMA] 증분계산: prev=87677.53, close=87655.6, new=87675.84
2026-01-26 18:45:00,292 - INFO - 15m | 09:30 | O:87683.2 H:87700.0 L:87552.4 C:87655.6
2026-01-26 18:45:00,292 - INFO - 지표: ADX=25.3, ATR=240.1, Bull=False, Bear=True
2026-01-26 18:45:48,830 - INFO - [상태] 포지션 없음, 자본금: $6301.33
2026-01-26 18:45:48,831 - INFO - [지표] ADX=nan, Bull=nan, Bear=nan
2026-01-26 18:50:48,832 - INFO - [상태] 포지션 없음, 자본금: $6301.33
2026-01-26 18:50:48,833 - INFO - [지표] ADX=nan, Bull=nan, Bear=nan
2026-01-26 18:55:48,834 - INFO - [상태] 포지션 없음, 자본금: $6301.33
2026-01-26 18:55:48,835 - INFO - [지표] ADX=nan, Bull=nan, Bear=nan
2026-01-26 19:00:00,695 - INFO - [EMA] 증분계산: prev=87675.84, close=87550.5, new=87666.20
2026-01-26 19:00:00,702 - INFO - 15m | 09:45 | O:87657.9 H:87702.1 L:87480.5 C:87550.5
2026-01-26 19:00:00,702 - INFO - 지표: ADX=23.6, ATR=238.6, Bull=False, Bear=True
2026-01-26 19:00:48,835 - INFO - [상태] 포지션 없음, 자본금: $6301.33
2026-01-26 19:00:48,835 - INFO - [지표] ADX=nan, Bull=nan, Bear=nan
2026-01-26 19:05:48,836 - INFO - [상태] 포지션 없음, 자본금: $6301.33
2026-01-26 19:05:48,837 - INFO - [지표] ADX=nan, Bull=nan, Bear=nan
2026-01-26 19:10:48,839 - INFO - [상태] 포지션 없음, 자본금: $6301.33
2026-01-26 19:10:48,839 - INFO - [지표] ADX=nan, Bull=nan, Bear=nan
2026-01-26 19:15:00,356 - INFO - [EMA] 증분계산: prev=87666.20, close=87729.5, new=87671.07
2026-01-26 19:15:00,362 - INFO - 15m | 10:00 | O:87550.5 H:87807.0 L:87538.8 C:87729.5
2026-01-26 19:15:00,362 - INFO - 지표: ADX=22.6, ATR=241.1, Bull=False, Bear=True
2026-01-26 19:15:48,840 - INFO - [상태] 포지션 없음, 자본금: $6301.33
2026-01-26 19:15:48,841 - INFO - [지표] ADX=nan, Bull=nan, Bear=nan
2026-01-26 19:20:48,845 - INFO - [상태] 포지션 없음, 자본금: $6301.33
2026-01-26 19:20:48,845 - INFO - [지표] ADX=nan, Bull=nan, Bear=nan
2026-01-26 19:25:48,847 - INFO - [상태] 포지션 없음, 자본금: $6301.33
2026-01-26 19:25:48,847 - INFO - [지표] ADX=nan, Bull=nan, Bear=nan
2026-01-26 19:30:01,570 - INFO - [EMA] 증분계산: prev=87671.07, close=87794.0, new=87680.53
2026-01-26 19:30:01,580 - INFO - 15m | 10:15 | O:87724.0 H:87827.1 L:87674.1 C:87794.0
2026-01-26 19:30:01,580 - INFO - 지표: ADX=21.8, ATR=233.7, Bull=False, Bear=True
2026-01-26 19:30:48,848 - INFO - [상태] 포지션 없음, 자본금: $6301.33
2026-01-26 19:30:48,849 - INFO - [지표] ADX=nan, Bull=nan, Bear=nan
2026-01-26 19:35:48,859 - INFO - [상태] 포지션 없음, 자본금: $6301.33
2026-01-26 19:35:48,859 - INFO - [지표] ADX=nan, Bull=nan, Bear=nan
2026-01-26 19:40:48,865 - INFO - [상태] 포지션 없음, 자본금: $6301.33
2026-01-26 19:40:48,865 - INFO - [지표] ADX=nan, Bull=nan, Bear=nan
2026-01-26 19:45:01,825 - INFO - [EMA] 증분계산: prev=87680.53, close=87779.9, new=87688.17
2026-01-26 19:45:01,831 - INFO - 15m | 10:30 | O:87794.0 H:87843.5 L:87740.6 C:87779.9
2026-01-26 19:45:01,831 - INFO - 지표: ADX=21.1, ATR=222.8, Bull=False, Bear=True
2026-01-26 19:45:48,866 - INFO - [상태] 포지션 없음, 자본금: $6301.33
2026-01-26 19:45:48,867 - INFO - [지표] ADX=nan, Bull=nan, Bear=nan
2026-01-26 19:50:48,872 - INFO - [상태] 포지션 없음, 자본금: $6301.33
2026-01-26 19:50:48,873 - INFO - [지표] ADX=nan, Bull=nan, Bear=nan
2026-01-26 19:55:48,874 - INFO - [상태] 포지션 없음, 자본금: $6301.33
2026-01-26 19:55:48,875 - INFO - [지표] ADX=nan, Bull=nan, Bear=nan
2026-01-26 20:00:00,699 - INFO - [EMA] 증분계산: prev=87688.17, close=87787.1, new=87695.78
2026-01-26 20:00:00,709 - INFO - 15m | 10:45 | O:87776.9 H:87847.9 L:87776.9 C:87787.1
2026-01-26 20:00:00,709 - INFO - 지표: ADX=20.5, ATR=210.2, Bull=False, Bear=True
2026-01-26 20:00:48,878 - INFO - [상태] 포지션 없음, 자본금: $6301.33
2026-01-26 20:00:48,878 - INFO - [지표] ADX=nan, Bull=nan, Bear=nan
2026-01-26 20:05:48,882 - INFO - [상태] 포지션 없음, 자본금: $6301.33
2026-01-26 20:05:48,882 - INFO - [지표] ADX=nan, Bull=nan, Bear=nan
2026-01-26 20:10:48,886 - INFO - [상태] 포지션 없음, 자본금: $6301.33
2026-01-26 20:10:48,886 - INFO - [지표] ADX=nan, Bull=nan, Bear=nan
2026-01-26 20:15:01,429 - INFO - [EMA] 증분계산: prev=87695.78, close=87870.1, new=87709.19
2026-01-26 20:15:01,439 - INFO - 15m | 11:00 | O:87787.0 H:87877.0 L:87785.8 C:87870.1
2026-01-26 20:15:01,439 - INFO - 지표: ADX=20.2, ATR=200.2, Bull=False, Bear=True
2026-01-26 20:15:48,889 - INFO - [상태] 포지션 없음, 자본금: $6301.33
2026-01-26 20:15:48,889 - INFO - [지표] ADX=nan, Bull=nan, Bear=nan
2026-01-26 20:20:48,893 - INFO - [상태] 포지션 없음, 자본금: $6301.33
2026-01-26 20:20:48,893 - INFO - [지표] ADX=nan, Bull=nan, Bear=nan
2026-01-26 20:25:48,897 - INFO - [상태] 포지션 없음, 자본금: $6301.33
2026-01-26 20:25:48,897 - INFO - [지표] ADX=nan, Bull=nan, Bear=nan
2026-01-26 20:30:00,556 - INFO - [EMA] 증분계산: prev=87709.19, close=87687.5, new=87707.52
2026-01-26 20:30:00,565 - INFO - 15m | 11:15 | O:87870.0 H:87875.8 L:87677.3 C:87687.5
2026-01-26 20:30:00,565 - INFO - 지표: ADX=18.9, ATR=200.1, Bull=False, Bear=True
2026-01-26 20:30:48,900 - INFO - [상태] 포지션 없음, 자본금: $6301.33
2026-01-26 20:30:48,901 - INFO - [지표] ADX=nan, Bull=nan, Bear=nan
2026-01-26 20:35:48,902 - INFO - [상태] 포지션 없음, 자본금: $6301.33
2026-01-26 20:35:48,902 - INFO - [지표] ADX=nan, Bull=nan, Bear=nan
2026-01-26 20:40:48,904 - INFO - [상태] 포지션 없음, 자본금: $6301.33
2026-01-26 20:40:48,905 - INFO - [지표] ADX=nan, Bull=nan, Bear=nan
2026-01-26 20:45:00,562 - INFO - [EMA] 증분계산: prev=87707.52, close=87743.1, new=87710.26
2026-01-26 20:45:00,569 - INFO - 15m | 11:30 | O:87687.5 H:87780.9 L:87651.0 C:87743.1
2026-01-26 20:45:00,569 - INFO - 지표: ADX=17.6, ATR=194.3, Bull=False, Bear=True
2026-01-26 20:45:48,907 - INFO - [상태] 포지션 없음, 자본금: $6301.33
2026-01-26 20:45:48,907 - INFO - [지표] ADX=nan, Bull=nan, Bear=nan
2026-01-26 20:50:48,915 - INFO - [상태] 포지션 없음, 자본금: $6301.33
2026-01-26 20:50:48,915 - INFO - [지표] ADX=nan, Bull=nan, Bear=nan
2026-01-26 20:55:48,924 - INFO - [상태] 포지션 없음, 자본금: $6301.33
2026-01-26 20:55:48,924 - INFO - [지표] ADX=nan, Bull=nan, Bear=nan
2026-01-26 21:00:01,208 - INFO - [EMA] 증분계산: prev=87710.26, close=87738.5, new=87712.43
2026-01-26 21:00:01,215 - INFO - 15m | 11:45 | O:87743.1 H:87755.4 L:87689.3 C:87738.5
2026-01-26 21:00:01,215 - INFO - 지표: ADX=16.4, ATR=183.6, Bull=False, Bear=True
2026-01-26 21:00:48,931 - INFO - [상태] 포지션 없음, 자본금: $6301.33
2026-01-26 21:00:48,931 - INFO - [지표] ADX=nan, Bull=nan, Bear=nan
2026-01-26 21:05:48,933 - INFO - [상태] 포지션 없음, 자본금: $6301.33
2026-01-26 21:05:48,933 - INFO - [지표] ADX=nan, Bull=nan, Bear=nan
2026-01-26 21:10:48,935 - INFO - [상태] 포지션 없음, 자본금: $6301.33
2026-01-26 21:10:48,935 - INFO - [지표] ADX=nan, Bull=nan, Bear=nan
2026-01-26 21:15:01,468 - INFO - [EMA] 증분계산: prev=87712.43, close=87768.9, new=87716.77
2026-01-26 21:15:01,475 - INFO - 15m | 12:00 | O:87738.6 H:87868.4 L:87633.3 C:87768.9
2026-01-26 21:15:01,475 - INFO - 지표: ADX=16.1, ATR=187.9, Bull=False, Bear=True
2026-01-26 21:15:48,937 - INFO - [상태] 포지션 없음, 자본금: $6301.33
2026-01-26 21:15:48,938 - INFO - [지표] ADX=nan, Bull=nan, Bear=nan
2026-01-26 21:20:48,940 - INFO - [상태] 포지션 없음, 자본금: $6301.33
2026-01-26 21:20:48,941 - INFO - [지표] ADX=nan, Bull=nan, Bear=nan
2026-01-26 21:25:48,943 - INFO - [상태] 포지션 없음, 자본금: $6301.33
2026-01-26 21:25:48,944 - INFO - [지표] ADX=nan, Bull=nan, Bear=nan
2026-01-26 21:30:01,348 - INFO - [EMA] 증분계산: prev=87716.77, close=87772.4, new=87721.05
2026-01-26 21:30:01,357 - INFO - 15m | 12:15 | O:87768.0 H:87838.7 L:87732.8 C:87772.4
2026-01-26 21:30:01,357 - INFO - 지표: ADX=15.8, ATR=181.0, Bull=False, Bear=True
2026-01-26 21:30:48,946 - INFO - [상태] 포지션 없음, 자본금: $6301.33
2026-01-26 21:30:48,946 - INFO - [지표] ADX=nan, Bull=nan, Bear=nan
2026-01-26 21:35:48,955 - INFO - [상태] 포지션 없음, 자본금: $6301.33
2026-01-26 21:35:48,955 - INFO - [지표] ADX=nan, Bull=nan, Bear=nan
2026-01-26 21:40:48,958 - INFO - [상태] 포지션 없음, 자본금: $6301.33
2026-01-26 21:40:48,958 - INFO - [지표] ADX=nan, Bull=nan, Bear=nan
2026-01-26 21:45:00,776 - INFO - [EMA] 증분계산: prev=87721.05, close=87656.0, new=87716.05
2026-01-26 21:45:00,785 - INFO - 15m | 12:30 | O:87772.3 H:87792.0 L:87626.2 C:87656.0
2026-01-26 21:45:00,785 - INFO - 지표: ADX=14.7, ATR=179.8, Bull=False, Bear=True
2026-01-26 21:45:48,959 - INFO - [상태] 포지션 없음, 자본금: $6301.33
2026-01-26 21:45:48,959 - INFO - [지표] ADX=nan, Bull=nan, Bear=nan
2026-01-26 21:50:48,961 - INFO - [상태] 포지션 없음, 자본금: $6301.33
2026-01-26 21:50:48,962 - INFO - [지표] ADX=nan, Bull=nan, Bear=nan
2026-01-26 21:55:48,964 - INFO - [상태] 포지션 없음, 자본금: $6301.33
2026-01-26 21:55:48,964 - INFO - [지표] ADX=nan, Bull=nan, Bear=nan
2026-01-26 22:00:03,035 - INFO - [EMA] 증분계산: prev=87716.05, close=87685.3, new=87713.68
2026-01-26 22:00:03,042 - INFO - 15m | 12:45 | O:87656.0 H:87732.1 L:87654.7 C:87685.3
2026-01-26 22:00:03,042 - INFO - 지표: ADX=13.7, ATR=171.2, Bull=False, Bear=True
2026-01-26 22:00:48,967 - INFO - [상태] 포지션 없음, 자본금: $6301.33
2026-01-26 22:00:48,967 - INFO - [지표] ADX=nan, Bull=nan, Bear=nan
2026-01-26 22:05:48,969 - INFO - [상태] 포지션 없음, 자본금: $6301.33
2026-01-26 22:05:48,969 - INFO - [지표] ADX=nan, Bull=nan, Bear=nan
2026-01-26 22:10:48,972 - INFO - [상태] 포지션 없음, 자본금: $6301.33
2026-01-26 22:10:48,972 - INFO - [지표] ADX=nan, Bull=nan, Bear=nan
2026-01-26 22:15:02,580 - INFO - [EMA] 증분계산: prev=87713.68, close=87736.7, new=87715.45
2026-01-26 22:15:02,587 - INFO - 15m | 13:00 | O:87685.4 H:87763.8 L:87588.0 C:87736.7
2026-01-26 22:15:02,587 - INFO - 지표: ADX=13.3, ATR=171.6, Bull=False, Bear=True
2026-01-26 22:15:48,973 - INFO - [상태] 포지션 없음, 자본금: $6301.33
2026-01-26 22:15:48,974 - INFO - [지표] ADX=nan, Bull=nan, Bear=nan
2026-01-26 22:20:48,975 - INFO - [상태] 포지션 없음, 자본금: $6301.33
2026-01-26 22:20:48,975 - INFO - [지표] ADX=nan, Bull=nan, Bear=nan
2026-01-26 22:25:48,975 - INFO - [상태] 포지션 없음, 자본금: $6301.33
2026-01-26 22:25:48,975 - INFO - [지표] ADX=nan, Bull=nan, Bear=nan
2026-01-26 22:30:00,359 - INFO - [EMA] 증분계산: prev=87715.45, close=87784.9, new=87720.80
2026-01-26 22:30:00,366 - INFO - 15m | 13:15 | O:87736.0 H:87840.1 L:87703.2 C:87784.9
2026-01-26 22:30:00,366 - INFO - 지표: ADX=12.5, ATR=168.7, Bull=False, Bear=True
2026-01-26 22:30:48,980 - INFO - [상태] 포지션 없음, 자본금: $6301.33
2026-01-26 22:30:48,981 - INFO - [지표] ADX=nan, Bull=nan, Bear=nan
2026-01-26 22:35:48,983 - INFO - [상태] 포지션 없음, 자본금: $6301.33
2026-01-26 22:35:48,983 - INFO - [지표] ADX=nan, Bull=nan, Bear=nan
2026-01-26 22:40:48,986 - INFO - [상태] 포지션 없음, 자본금: $6301.33
2026-01-26 22:40:48,986 - INFO - [지표] ADX=nan, Bull=nan, Bear=nan
2026-01-26 22:45:00,411 - INFO - [EMA] 증분계산: prev=87720.80, close=87901.2, new=87734.67
2026-01-26 22:45:00,418 - INFO - 15m | 13:30 | O:87785.0 H:87949.8 L:87765.9 C:87901.2
2026-01-26 22:45:00,418 - INFO - 지표: ADX=12.5, ATR=170.0, Bull=False, Bear=False
2026-01-26 22:45:48,987 - INFO - [상태] 포지션 없음, 자본금: $6301.33
2026-01-26 22:45:48,988 - INFO - [지표] ADX=nan, Bull=nan, Bear=nan
2026-01-26 22:50:48,988 - INFO - [상태] 포지션 없음, 자본금: $6301.33
2026-01-26 22:50:48,988 - INFO - [지표] ADX=nan, Bull=nan, Bear=nan
2026-01-26 22:55:48,992 - INFO - [상태] 포지션 없음, 자본금: $6301.33
2026-01-26 22:55:48,993 - INFO - [지표] ADX=nan, Bull=nan, Bear=nan
2026-01-26 23:00:00,998 - INFO - [EMA] 증분계산: prev=87734.67, close=87853.1, new=87743.78
2026-01-26 23:00:01,005 - INFO - 15m | 13:45 | O:87901.6 H:87917.0 L:87818.0 C:87853.1
2026-01-26 23:00:01,005 - INFO - 지표: ADX=12.5, ATR=164.1, Bull=False, Bear=False
2026-01-26 23:00:48,995 - INFO - [상태] 포지션 없음, 자본금: $6301.33
2026-01-26 23:00:48,995 - INFO - [지표] ADX=nan, Bull=nan, Bear=nan
2026-01-26 23:05:48,997 - INFO - [상태] 포지션 없음, 자본금: $6301.33
2026-01-26 23:05:48,997 - INFO - [지표] ADX=nan, Bull=nan, Bear=nan
2026-01-26 23:10:49,000 - INFO - [상태] 포지션 없음, 자본금: $6301.33
2026-01-26 23:10:49,000 - INFO - [지표] ADX=nan, Bull=nan, Bear=nan
2026-01-26 23:15:00,606 - INFO - [EMA] 증분계산: prev=87743.78, close=87579.2, new=87731.12
2026-01-26 23:15:00,613 - INFO - 15m | 14:00 | O:87853.1 H:87911.2 L:87544.0 C:87579.2
2026-01-26 23:15:00,613 - INFO - 지표: ADX=12.7, ATR=181.0, Bull=False, Bear=True
2026-01-26 23:15:49,001 - INFO - [상태] 포지션 없음, 자본금: $6301.33
2026-01-26 23:15:49,002 - INFO - [지표] ADX=nan, Bull=nan, Bear=nan
2026-01-26 23:20:49,004 - INFO - [상태] 포지션 없음, 자본금: $6301.33
2026-01-26 23:20:49,004 - INFO - [지표] ADX=nan, Bull=nan, Bear=nan
2026-01-26 23:25:49,006 - INFO - [상태] 포지션 없음, 자본금: $6301.33
2026-01-26 23:25:49,006 - INFO - [지표] ADX=nan, Bull=nan, Bear=nan
2026-01-26 23:30:00,153 - INFO - [EMA] 증분계산: prev=87731.12, close=87580.6, new=87719.54
2026-01-26 23:30:00,159 - INFO - 15m | 14:15 | O:87582.5 H:87745.0 L:87525.3 C:87580.6
2026-01-26 23:30:00,159 - INFO - 지표: ADX=13.1, ATR=184.2, Bull=False, Bear=True
2026-01-26 23:30:49,008 - INFO - [상태] 포지션 없음, 자본금: $6301.33
2026-01-26 23:30:49,008 - INFO - [지표] ADX=nan, Bull=nan, Bear=nan
2026-01-26 23:35:49,009 - INFO - [상태] 포지션 없음, 자본금: $6301.33
2026-01-26 23:35:49,010 - INFO - [지표] ADX=nan, Bull=nan, Bear=nan
2026-01-26 23:40:49,011 - INFO - [상태] 포지션 없음, 자본금: $6301.33
2026-01-26 23:40:49,011 - INFO - [지표] ADX=nan, Bull=nan, Bear=nan
2026-01-26 23:45:00,316 - INFO - [EMA] 증분계산: prev=87719.54, close=88044.0, new=87744.50
2026-01-26 23:45:00,326 - INFO - 15m | 14:30 | O:87580.6 H:88417.0 L:87348.0 C:88044.0
2026-01-26 23:45:00,326 - INFO - 지표: ADX=14.4, ATR=258.0, Bull=False, Bear=False
2026-01-26 23:45:49,013 - INFO - [상태] 포지션 없음, 자본금: $6301.33
2026-01-26 23:45:49,014 - INFO - [지표] ADX=nan, Bull=nan, Bear=nan
2026-01-26 23:50:49,016 - INFO - [상태] 포지션 없음, 자본금: $6301.33
2026-01-26 23:50:49,016 - INFO - [지표] ADX=nan, Bull=nan, Bear=nan
2026-01-26 23:55:49,017 - INFO - [상태] 포지션 없음, 자본금: $6301.33
2026-01-26 23:55:49,017 - INFO - [지표] ADX=nan, Bull=nan, Bear=nan
2026-01-27 00:00:00,082 - INFO - [EMA] 증분계산: prev=87744.50, close=88068.3, new=87769.41
2026-01-27 00:00:00,088 - INFO - 15m | 14:45 | O:88041.6 H:88191.1 L:87716.3 C:88068.3
2026-01-27 00:00:00,088 - INFO - 지표: ADX=15.6, ATR=276.0, Bull=False, Bear=False
2026-01-27 00:00:49,019 - INFO - [상태] 포지션 없음, 자본금: $6301.33
2026-01-27 00:00:49,019 - INFO - [지표] ADX=nan, Bull=nan, Bear=nan
2026-01-27 00:05:49,020 - INFO - [상태] 포지션 없음, 자본금: $6301.33
2026-01-27 00:05:49,021 - INFO - [지표] ADX=nan, Bull=nan, Bear=nan
2026-01-27 00:10:49,022 - INFO - [상태] 포지션 없음, 자본금: $6301.33
2026-01-27 00:10:49,022 - INFO - [지표] ADX=nan, Bull=nan, Bear=nan
2026-01-27 00:15:00,038 - INFO - [EMA] 증분계산: prev=87769.41, close=88609.0, new=87833.99
2026-01-27 00:15:00,045 - INFO - 15m | 15:00 | O:88065.9 H:88700.0 L:87926.0 C:88609.0
2026-01-27 00:15:00,045 - INFO - 지표: ADX=18.0, ATR=317.5, Bull=False, Bear=False
2026-01-27 00:15:49,024 - INFO - [상태] 포지션 없음, 자본금: $6301.33
2026-01-27 00:15:49,024 - INFO - [지표] ADX=nan, Bull=nan, Bear=nan
2026-01-27 00:20:49,025 - INFO - [상태] 포지션 없음, 자본금: $6301.33
2026-01-27 00:20:49,025 - INFO - [지표] ADX=nan, Bull=nan, Bear=nan
2026-01-27 00:25:49,026 - INFO - [상태] 포지션 없음, 자본금: $6301.33
2026-01-27 00:25:49,026 - INFO - [지표] ADX=nan, Bull=nan, Bear=nan
2026-01-27 00:30:00,188 - INFO - [EMA] 증분계산: prev=87833.99, close=88401.0, new=87877.61
2026-01-27 00:30:00,197 - INFO - 15m | 15:15 | O:88609.0 H:88768.1 L:88250.2 C:88401.0
2026-01-27 00:30:00,197 - INFO - 지표: ADX=20.4, ATR=334.2, Bull=False, Bear=False
2026-01-27 00:30:49,028 - INFO - [상태] 포지션 없음, 자본금: $6301.33
2026-01-27 00:30:49,028 - INFO - [지표] ADX=nan, Bull=nan, Bear=nan
2026-01-27 00:35:49,030 - INFO - [상태] 포지션 없음, 자본금: $6301.33
2026-01-27 00:35:49,030 - INFO - [지표] ADX=nan, Bull=nan, Bear=nan
2026-01-27 00:40:49,031 - INFO - [상태] 포지션 없음, 자본금: $6301.33
2026-01-27 00:40:49,031 - INFO - [지표] ADX=nan, Bull=nan, Bear=nan
2026-01-27 00:45:00,088 - INFO - [EMA] 증분계산: prev=87877.61, close=87384.4, new=87839.67
2026-01-27 00:45:00,095 - INFO - 15m | 15:30 | O:88401.0 H:88413.4 L:87302.9 C:87384.4
2026-01-27 00:45:00,095 - INFO - 지표: ADX=19.2, ATR=398.9, Bull=False, Bear=False
2026-01-27 00:45:49,032 - INFO - [상태] 포지션 없음, 자본금: $6301.33
2026-01-27 00:45:49,033 - INFO - [지표] ADX=nan, Bull=nan, Bear=nan
2026-01-27 00:50:49,034 - INFO - [상태] 포지션 없음, 자본금: $6301.33
2026-01-27 00:50:49,034 - INFO - [지표] ADX=nan, Bull=nan, Bear=nan
2026-01-27 00:55:49,035 - INFO - [상태] 포지션 없음, 자본금: $6301.33
2026-01-27 00:55:49,036 - INFO - [지표] ADX=nan, Bull=nan, Bear=nan
2026-01-27 01:00:00,054 - INFO - [EMA] 증분계산: prev=87839.67, close=87539.5, new=87816.58
2026-01-27 01:00:00,061 - INFO - 15m | 15:45 | O:87384.5 H:87624.0 L:87221.1 C:87539.5
2026-01-27 01:00:00,061 - INFO - 지표: ADX=18.2, ATR=399.2, Bull=False, Bear=False
2026-01-27 01:00:49,036 - INFO - [상태] 포지션 없음, 자본금: $6301.33
2026-01-27 01:00:49,036 - INFO - [지표] ADX=nan, Bull=nan, Bear=nan
2026-01-27 01:05:49,037 - INFO - [상태] 포지션 없음, 자본금: $6301.33
2026-01-27 01:05:49,038 - INFO - [지표] ADX=nan, Bull=nan, Bear=nan
2026-01-27 01:10:49,040 - INFO - [상태] 포지션 없음, 자본금: $6301.33
2026-01-27 01:10:49,040 - INFO - [지표] ADX=nan, Bull=nan, Bear=nan
2026-01-27 01:15:00,545 - INFO - [EMA] 증분계산: prev=87816.58, close=87310.5, new=87777.65
2026-01-27 01:15:00,552 - INFO - 15m | 16:00 | O:87539.5 H:87687.9 L:87159.4 C:87310.5
2026-01-27 01:15:00,552 - INFO - 지표: ADX=17.1, ATR=410.0, Bull=False, Bear=False
2026-01-27 01:15:49,042 - INFO - [상태] 포지션 없음, 자본금: $6301.33
2026-01-27 01:15:49,042 - INFO - [지표] ADX=nan, Bull=nan, Bear=nan
2026-01-27 01:20:49,042 - INFO - [상태] 포지션 없음, 자본금: $6301.33
2026-01-27 01:20:49,043 - INFO - [지표] ADX=nan, Bull=nan, Bear=nan
2026-01-27 01:25:49,043 - INFO - [상태] 포지션 없음, 자본금: $6301.33
2026-01-27 01:25:49,044 - INFO - [지표] ADX=nan, Bull=nan, Bear=nan
2026-01-27 01:30:00,234 - INFO - [EMA] 증분계산: prev=87777.65, close=87596.1, new=87763.69
2026-01-27 01:30:00,244 - INFO - 15m | 16:15 | O:87310.6 H:87868.9 L:87100.1 C:87596.1
2026-01-27 01:30:00,244 - INFO - 지표: ADX=16.2, ATR=439.9, Bull=False, Bear=False
2026-01-27 01:30:49,045 - INFO - [상태] 포지션 없음, 자본금: $6301.33
2026-01-27 01:30:49,045 - INFO - [지표] ADX=nan, Bull=nan, Bear=nan
2026-01-27 01:35:49,047 - INFO - [상태] 포지션 없음, 자본금: $6301.33
2026-01-27 01:35:49,047 - INFO - [지표] ADX=nan, Bull=nan, Bear=nan
2026-01-27 01:40:49,049 - INFO - [상태] 포지션 없음, 자본금: $6301.33
2026-01-27 01:40:49,050 - INFO - [지표] ADX=nan, Bull=nan, Bear=nan
2026-01-27 01:45:00,338 - INFO - [EMA] 증분계산: prev=87763.69, close=87377.4, new=87733.97
2026-01-27 01:45:00,344 - INFO - 15m | 16:30 | O:87593.5 H:87705.9 L:87310.5 C:87377.4
2026-01-27 01:45:00,345 - INFO - 지표: ADX=15.4, ATR=436.2, Bull=False, Bear=True
2026-01-27 01:45:49,050 - INFO - [상태] 포지션 없음, 자본금: $6301.33
2026-01-27 01:45:49,051 - INFO - [지표] ADX=nan, Bull=nan, Bear=nan
2026-01-27 01:50:49,052 - INFO - [상태] 포지션 없음, 자본금: $6301.33
2026-01-27 01:50:49,052 - INFO - [지표] ADX=nan, Bull=nan, Bear=nan
2026-01-27 01:55:49,053 - INFO - [상태] 포지션 없음, 자본금: $6301.33
2026-01-27 01:55:49,054 - INFO - [지표] ADX=nan, Bull=nan, Bear=nan
2026-01-27 02:00:00,123 - INFO - [EMA] 증분계산: prev=87733.97, close=87519.8, new=87717.50
2026-01-27 02:00:00,129 - INFO - 15m | 16:45 | O:87378.9 H:87832.2 L:87313.5 C:87519.8
2026-01-27 02:00:00,129 - INFO - 지표: ADX=15.0, ATR=443.1, Bull=False, Bear=True
2026-01-27 02:00:49,055 - INFO - [상태] 포지션 없음, 자본금: $6301.33
2026-01-27 02:00:49,056 - INFO - [지표] ADX=nan, Bull=nan, Bear=nan
2026-01-27 02:05:49,057 - INFO - [상태] 포지션 없음, 자본금: $6301.33
2026-01-27 02:05:49,057 - INFO - [지표] ADX=nan, Bull=nan, Bear=nan
2026-01-27 02:10:49,058 - INFO - [상태] 포지션 없음, 자본금: $6301.33
2026-01-27 02:10:49,059 - INFO - [지표] ADX=nan, Bull=nan, Bear=nan
2026-01-27 02:15:00,041 - INFO - [EMA] 증분계산: prev=87717.50, close=87331.7, new=87687.82
2026-01-27 02:15:00,051 - INFO - 15m | 17:00 | O:87519.8 H:87692.3 L:87300.1 C:87331.7
2026-01-27 02:15:00,051 - INFO - 지표: ADX=14.6, ATR=438.8, Bull=False, Bear=True
2026-01-27 02:15:49,059 - INFO - [상태] 포지션 없음, 자본금: $6301.33
2026-01-27 02:15:49,059 - INFO - [지표] ADX=nan, Bull=nan, Bear=nan
2026-01-27 02:20:49,061 - INFO - [상태] 포지션 없음, 자본금: $6301.33
2026-01-27 02:20:49,061 - INFO - [지표] ADX=nan, Bull=nan, Bear=nan
2026-01-27 02:25:49,063 - INFO - [상태] 포지션 없음, 자본금: $6301.33
2026-01-27 02:25:49,064 - INFO - [지표] ADX=nan, Bull=nan, Bear=nan
2026-01-27 02:30:00,143 - INFO - [EMA] 증분계산: prev=87687.82, close=87299.7, new=87657.96
2026-01-27 02:30:00,150 - INFO - 15m | 17:15 | O:87331.8 H:87446.3 L:87105.2 C:87299.7
2026-01-27 02:30:00,150 - INFO - 지표: ADX=13.6, ATR=430.7, Bull=False, Bear=True
2026-01-27 02:30:49,065 - INFO - [상태] 포지션 없음, 자본금: $6301.33
2026-01-27 02:30:49,065 - INFO - [지표] ADX=nan, Bull=nan, Bear=nan
2026-01-27 02:35:49,066 - INFO - [상태] 포지션 없음, 자본금: $6301.33
2026-01-27 02:35:49,067 - INFO - [지표] ADX=nan, Bull=nan, Bear=nan
2026-01-27 02:40:49,068 - INFO - [상태] 포지션 없음, 자본금: $6301.33
2026-01-27 02:40:49,068 - INFO - [지표] ADX=nan, Bull=nan, Bear=nan
2026-01-27 02:45:01,888 - INFO - [EMA] 증분계산: prev=87657.96, close=87443.6, new=87641.48
2026-01-27 02:45:01,897 - INFO - 15m | 17:30 | O:87299.1 H:87500.0 L:86914.1 C:87443.6
2026-01-27 02:45:01,898 - INFO - 지표: ADX=13.3, ATR=443.6, Bull=False, Bear=True
2026-01-27 02:45:49,071 - INFO - [상태] 포지션 없음, 자본금: $6301.33
2026-01-27 02:45:49,071 - INFO - [지표] ADX=nan, Bull=nan, Bear=nan
2026-01-27 02:50:49,073 - INFO - [상태] 포지션 없음, 자본금: $6301.33
2026-01-27 02:50:49,073 - INFO - [지표] ADX=nan, Bull=nan, Bear=nan
2026-01-27 02:55:49,075 - INFO - [상태] 포지션 없음, 자본금: $6301.33
2026-01-27 02:55:49,075 - INFO - [지표] ADX=nan, Bull=nan, Bear=nan
2026-01-27 03:00:00,588 - INFO - [EMA] 증분계산: prev=87641.48, close=87589.8, new=87637.50
2026-01-27 03:00:00,597 - INFO - 15m | 17:45 | O:87443.7 H:87655.3 L:87396.5 C:87589.8
2026-01-27 03:00:00,597 - INFO - 지표: ADX=12.5, ATR=428.2, Bull=False, Bear=True
2026-01-27 03:00:49,079 - INFO - [상태] 포지션 없음, 자본금: $6301.33
2026-01-27 03:00:49,079 - INFO - [지표] ADX=nan, Bull=nan, Bear=nan
2026-01-27 03:05:49,081 - INFO - [상태] 포지션 없음, 자본금: $6301.33
2026-01-27 03:05:49,082 - INFO - [지표] ADX=nan, Bull=nan, Bear=nan
2026-01-27 03:10:49,083 - INFO - [상태] 포지션 없음, 자본금: $6301.33
2026-01-27 03:10:49,084 - INFO - [지표] ADX=nan, Bull=nan, Bear=nan
2026-01-27 03:15:00,242 - INFO - [EMA] 증분계산: prev=87637.50, close=87754.2, new=87646.48
2026-01-27 03:15:00,251 - INFO - 15m | 18:00 | O:87588.6 H:87768.0 L:87542.2 C:87754.2
2026-01-27 03:15:00,251 - INFO - 지표: ADX=11.9, ATR=411.4, Bull=False, Bear=True
2026-01-27 03:15:49,085 - INFO - [상태] 포지션 없음, 자본금: $6301.33
2026-01-27 03:15:49,085 - INFO - [지표] ADX=nan, Bull=nan, Bear=nan
2026-01-27 03:20:49,089 - INFO - [상태] 포지션 없음, 자본금: $6301.33
2026-01-27 03:20:49,089 - INFO - [지표] ADX=nan, Bull=nan, Bear=nan
2026-01-27 03:25:49,090 - INFO - [상태] 포지션 없음, 자본금: $6301.33
2026-01-27 03:25:49,091 - INFO - [지표] ADX=nan, Bull=nan, Bear=nan
2026-01-27 03:30:00,069 - INFO - [EMA] 증분계산: prev=87646.48, close=87984.1, new=87672.45
2026-01-27 03:30:00,076 - INFO - 15m | 18:15 | O:87754.2 H:88023.9 L:87634.3 C:87984.1
2026-01-27 03:30:00,076 - INFO - 지표: ADX=12.1, ATR=409.5, Bull=False, Bear=True
2026-01-27 03:30:49,093 - INFO - [상태] 포지션 없음, 자본금: $6301.33
2026-01-27 03:30:49,094 - INFO - [지표] ADX=nan, Bull=nan, Bear=nan
2026-01-27 03:35:49,094 - INFO - [상태] 포지션 없음, 자본금: $6301.33
2026-01-27 03:35:49,095 - INFO - [지표] ADX=nan, Bull=nan, Bear=nan
2026-01-27 03:40:49,095 - INFO - [상태] 포지션 없음, 자본금: $6301.33
2026-01-27 03:40:49,095 - INFO - [지표] ADX=nan, Bull=nan, Bear=nan
2026-01-27 03:45:00,098 - INFO - [EMA] 증분계산: prev=87672.45, close=87921.9, new=87691.64
2026-01-27 03:45:00,107 - INFO - 15m | 18:30 | O:87984.2 H:88253.8 L:87895.4 C:87921.9
2026-01-27 03:45:00,108 - INFO - 지표: ADX=12.9, ATR=405.3, Bull=False, Bear=True
2026-01-27 03:45:49,096 - INFO - [상태] 포지션 없음, 자본금: $6301.33
2026-01-27 03:45:49,096 - INFO - [지표] ADX=nan, Bull=nan, Bear=nan
2026-01-27 03:50:49,097 - INFO - [상태] 포지션 없음, 자본금: $6301.33
2026-01-27 03:50:49,098 - INFO - [지표] ADX=nan, Bull=nan, Bear=nan
2026-01-27 03:55:49,099 - INFO - [상태] 포지션 없음, 자본금: $6301.33
2026-01-27 03:55:49,099 - INFO - [지표] ADX=nan, Bull=nan, Bear=nan
2026-01-27 04:00:00,100 - INFO - [EMA] 증분계산: prev=87691.64, close=88306.2, new=87738.91
2026-01-27 04:00:00,107 - INFO - 15m | 18:45 | O:87921.9 H:88312.5 L:87837.0 C:88306.2
2026-01-27 04:00:00,107 - INFO - 지표: ADX=13.8, ATR=411.1, Bull=False, Bear=False
2026-01-27 04:00:49,100 - INFO - [상태] 포지션 없음, 자본금: $6301.33
2026-01-27 04:00:49,100 - INFO - [지표] ADX=nan, Bull=nan, Bear=nan
2026-01-27 04:05:49,103 - INFO - [상태] 포지션 없음, 자본금: $6301.33
2026-01-27 04:05:49,103 - INFO - [지표] ADX=nan, Bull=nan, Bear=nan
2026-01-27 04:10:49,106 - INFO - [상태] 포지션 없음, 자본금: $6301.33
2026-01-27 04:10:49,107 - INFO - [지표] ADX=nan, Bull=nan, Bear=nan
2026-01-27 04:15:00,166 - INFO - [EMA] 증분계산: prev=87738.91, close=88261.1, new=87779.08
2026-01-27 04:15:00,173 - INFO - 15m | 19:00 | O:88306.1 H:88442.6 L:88208.0 C:88261.1
2026-01-27 04:15:00,173 - INFO - 지표: ADX=14.9, ATR=396.4, Bull=False, Bear=False
2026-01-27 04:15:49,107 - INFO - [상태] 포지션 없음, 자본금: $6301.33
2026-01-27 04:15:49,108 - INFO - [지표] ADX=nan, Bull=nan, Bear=nan
2026-01-27 04:20:49,109 - INFO - [상태] 포지션 없음, 자본금: $6301.33
2026-01-27 04:20:49,109 - INFO - [지표] ADX=nan, Bull=nan, Bear=nan
2026-01-27 04:25:49,110 - INFO - [상태] 포지션 없음, 자본금: $6301.33
2026-01-27 04:25:49,110 - INFO - [지표] ADX=nan, Bull=nan, Bear=nan
2026-01-27 04:30:00,479 - INFO - [EMA] 증분계산: prev=87779.08, close=88075.5, new=87801.88
2026-01-27 04:30:00,485 - INFO - 15m | 19:15 | O:88263.3 H:88317.9 L:88007.0 C:88075.5
2026-01-27 04:30:00,486 - INFO - 지표: ADX=15.2, ATR=389.3, Bull=False, Bear=False
2026-01-27 04:30:49,111 - INFO - [상태] 포지션 없음, 자본금: $6301.33
2026-01-27 04:30:49,112 - INFO - [지표] ADX=nan, Bull=nan, Bear=nan
2026-01-27 04:35:49,113 - INFO - [상태] 포지션 없음, 자본금: $6301.33
2026-01-27 04:35:49,113 - INFO - [지표] ADX=nan, Bull=nan, Bear=nan
2026-01-27 04:40:49,114 - INFO - [상태] 포지션 없음, 자본금: $6301.33
2026-01-27 04:40:49,114 - INFO - [지표] ADX=nan, Bull=nan, Bear=nan
2026-01-27 04:45:03,033 - INFO - [EMA] 증분계산: prev=87801.88, close=88140.1, new=87827.90
2026-01-27 04:45:03,039 - INFO - 15m | 19:30 | O:88075.4 H:88240.6 L:87987.4 C:88140.1
2026-01-27 04:45:03,040 - INFO - 지표: ADX=15.3, ATR=378.0, Bull=False, Bear=False
2026-01-27 04:45:49,118 - INFO - [상태] 포지션 없음, 자본금: $6301.33
2026-01-27 04:45:49,118 - INFO - [지표] ADX=nan, Bull=nan, Bear=nan
2026-01-27 04:50:49,122 - INFO - [상태] 포지션 없음, 자본금: $6301.33
2026-01-27 04:50:49,123 - INFO - [지표] ADX=nan, Bull=nan, Bear=nan
2026-01-27 04:55:49,125 - INFO - [상태] 포지션 없음, 자본금: $6301.33
2026-01-27 04:55:49,125 - INFO - [지표] ADX=nan, Bull=nan, Bear=nan
2026-01-27 05:00:02,215 - INFO - [EMA] 증분계산: prev=87827.90, close=87909.2, new=87834.15
2026-01-27 05:00:02,222 - INFO - 15m | 19:45 | O:88140.2 H:88176.0 L:87843.6 C:87909.2
2026-01-27 05:00:02,222 - INFO - 지표: ADX=14.8, ATR=374.2, Bull=False, Bear=False
2026-01-27 05:00:49,126 - INFO - [상태] 포지션 없음, 자본금: $6301.33
2026-01-27 05:00:49,127 - INFO - [지표] ADX=nan, Bull=nan, Bear=nan
2026-01-27 05:05:49,128 - INFO - [상태] 포지션 없음, 자본금: $6301.33
2026-01-27 05:05:49,129 - INFO - [지표] ADX=nan, Bull=nan, Bear=nan
2026-01-27 05:10:49,133 - INFO - [상태] 포지션 없음, 자본금: $6301.33
2026-01-27 05:10:49,134 - INFO - [지표] ADX=nan, Bull=nan, Bear=nan
2026-01-27 05:15:01,065 - INFO - [EMA] 증분계산: prev=87834.15, close=87812.2, new=87832.46
2026-01-27 05:15:01,072 - INFO - 15m | 20:00 | O:87909.2 H:88023.5 L:87809.0 C:87812.2
2026-01-27 05:15:01,072 - INFO - 지표: ADX=14.3, ATR=360.9, Bull=False, Bear=False
2026-01-27 05:15:49,139 - INFO - [상태] 포지션 없음, 자본금: $6301.33
2026-01-27 05:15:49,139 - INFO - [지표] ADX=nan, Bull=nan, Bear=nan
2026-01-27 05:20:49,142 - INFO - [상태] 포지션 없음, 자본금: $6301.33
2026-01-27 05:20:49,142 - INFO - [지표] ADX=nan, Bull=nan, Bear=nan
2026-01-27 05:25:49,144 - INFO - [상태] 포지션 없음, 자본금: $6301.33
2026-01-27 05:25:49,144 - INFO - [지표] ADX=nan, Bull=nan, Bear=nan
2026-01-27 05:30:03,048 - INFO - [EMA] 증분계산: prev=87832.46, close=87780.1, new=87828.44
2026-01-27 05:30:03,057 - INFO - 15m | 20:15 | O:87814.8 H:87917.0 L:87707.7 C:87780.1
2026-01-27 05:30:03,058 - INFO - 지표: ADX=13.3, ATR=348.2, Bull=False, Bear=False
2026-01-27 05:30:49,151 - INFO - [상태] 포지션 없음, 자본금: $6301.33
2026-01-27 05:30:49,151 - INFO - [지표] ADX=nan, Bull=nan, Bear=nan
2026-01-27 05:35:49,152 - INFO - [상태] 포지션 없음, 자본금: $6301.33
2026-01-27 05:35:49,152 - INFO - [지표] ADX=nan, Bull=nan, Bear=nan
2026-01-27 05:40:49,153 - INFO - [상태] 포지션 없음, 자본금: $6301.33
2026-01-27 05:40:49,154 - INFO - [지표] ADX=nan, Bull=nan, Bear=nan
2026-01-27 05:45:00,117 - INFO - [EMA] 증분계산: prev=87828.44, close=87701.4, new=87818.66
2026-01-27 05:45:00,123 - INFO - 15m | 20:30 | O:87774.3 H:87814.4 L:87658.3 C:87701.4
2026-01-27 05:45:00,124 - INFO - 지표: ADX=12.5, ATR=332.2, Bull=False, Bear=False
2026-01-27 05:45:49,154 - INFO - [상태] 포지션 없음, 자본금: $6301.33
2026-01-27 05:45:49,155 - INFO - [지표] ADX=nan, Bull=nan, Bear=nan
2026-01-27 05:50:49,156 - INFO - [상태] 포지션 없음, 자본금: $6301.33
2026-01-27 05:50:49,156 - INFO - [지표] ADX=nan, Bull=nan, Bear=nan
2026-01-27 05:55:49,159 - INFO - [상태] 포지션 없음, 자본금: $6301.33
2026-01-27 05:55:49,159 - INFO - [지표] ADX=nan, Bull=nan, Bear=nan
2026-01-27 06:00:00,082 - INFO - [EMA] 증분계산: prev=87818.66, close=87531.1, new=87796.54
2026-01-27 06:00:00,092 - INFO - 15m | 20:45 | O:87701.5 H:87745.5 L:87432.6 C:87531.1
2026-01-27 06:00:00,092 - INFO - 지표: ADX=12.5, ATR=330.6, Bull=False, Bear=False
2026-01-27 06:00:49,162 - INFO - [상태] 포지션 없음, 자본금: $6301.33
2026-01-27 06:00:49,162 - INFO - [지표] ADX=nan, Bull=nan, Bear=nan
2026-01-27 06:05:49,164 - INFO - [상태] 포지션 없음, 자본금: $6301.33
2026-01-27 06:05:49,164 - INFO - [지표] ADX=nan, Bull=nan, Bear=nan
2026-01-27 06:10:49,165 - INFO - [상태] 포지션 없음, 자본금: $6301.33
2026-01-27 06:10:49,165 - INFO - [지표] ADX=nan, Bull=nan, Bear=nan
2026-01-27 06:15:00,340 - INFO - [EMA] 증분계산: prev=87796.54, close=87731.2, new=87791.52
2026-01-27 06:15:00,350 - INFO - 15m | 21:00 | O:87527.5 H:87746.5 L:87461.6 C:87731.2
2026-01-27 06:15:00,350 - INFO - 지표: ADX=12.6, ATR=326.8, Bull=False, Bear=False
2026-01-27 06:15:49,166 - INFO - [상태] 포지션 없음, 자본금: $6301.33
2026-01-27 06:15:49,166 - INFO - [지표] ADX=nan, Bull=nan, Bear=nan
2026-01-27 06:20:49,167 - INFO - [상태] 포지션 없음, 자본금: $6301.33
2026-01-27 06:20:49,168 - INFO - [지표] ADX=nan, Bull=nan, Bear=nan
2026-01-27 06:25:49,169 - INFO - [상태] 포지션 없음, 자본금: $6301.33
2026-01-27 06:25:49,170 - INFO - [지표] ADX=nan, Bull=nan, Bear=nan
2026-01-27 06:30:00,584 - INFO - [EMA] 증분계산: prev=87791.52, close=87839.8, new=87795.23
2026-01-27 06:30:00,593 - INFO - 15m | 21:15 | O:87731.2 H:87839.8 L:87651.4 C:87839.8
2026-01-27 06:30:00,593 - INFO - 지표: ADX=12.2, ATR=315.3, Bull=False, Bear=False
2026-01-27 06:30:49,170 - INFO - [상태] 포지션 없음, 자본금: $6301.33
2026-01-27 06:30:49,171 - INFO - [지표] ADX=nan, Bull=nan, Bear=nan
2026-01-27 06:35:49,173 - INFO - [상태] 포지션 없음, 자본금: $6301.33
2026-01-27 06:35:49,174 - INFO - [지표] ADX=nan, Bull=nan, Bear=nan
2026-01-27 06:40:49,175 - INFO - [상태] 포지션 없음, 자본금: $6301.33
2026-01-27 06:40:49,175 - INFO - [지표] ADX=nan, Bull=nan, Bear=nan
2026-01-27 06:45:00,141 - INFO - [EMA] 증분계산: prev=87795.23, close=88042.1, new=87814.22
2026-01-27 06:45:00,150 - INFO - 15m | 21:30 | O:87839.9 H:88137.9 L:87770.0 C:88042.1
2026-01-27 06:45:00,150 - INFO - 지표: ADX=12.0, ATR=319.6, Bull=False, Bear=False
2026-01-27 06:45:49,180 - INFO - [상태] 포지션 없음, 자본금: $6301.33
2026-01-27 06:45:49,180 - INFO - [지표] ADX=nan, Bull=nan, Bear=nan
2026-01-27 06:50:49,183 - INFO - [상태] 포지션 없음, 자본금: $6301.33
2026-01-27 06:50:49,183 - INFO - [지표] ADX=nan, Bull=nan, Bear=nan
2026-01-27 06:55:49,184 - INFO - [상태] 포지션 없음, 자본금: $6301.33
2026-01-27 06:55:49,185 - INFO - [지표] ADX=nan, Bull=nan, Bear=nan
2026-01-27 07:00:03,018 - INFO - [EMA] 증분계산: prev=87814.22, close=87955.3, new=87825.07
2026-01-27 07:00:03,027 - INFO - 15m | 21:45 | O:88042.2 H:88055.8 L:87906.6 C:87955.3
2026-01-27 07:00:03,027 - INFO - 지표: ADX=11.8, ATR=305.4, Bull=False, Bear=False
2026-01-27 07:00:49,189 - INFO - [상태] 포지션 없음, 자본금: $6301.33
2026-01-27 07:00:49,190 - INFO - [지표] ADX=nan, Bull=nan, Bear=nan
2026-01-27 07:05:49,194 - INFO - [상태] 포지션 없음, 자본금: $6301.33
2026-01-27 07:05:49,194 - INFO - [지표] ADX=nan, Bull=nan, Bear=nan
2026-01-27 07:10:49,198 - INFO - [상태] 포지션 없음, 자본금: $6301.33
2026-01-27 07:10:49,198 - INFO - [지표] ADX=nan, Bull=nan, Bear=nan
2026-01-27 07:15:00,381 - INFO - [EMA] 증분계산: prev=87825.07, close=87993.0, new=87837.99
2026-01-27 07:15:00,391 - INFO - 15m | 22:00 | O:87960.7 H:88058.6 L:87916.3 C:87993.0
2026-01-27 07:15:00,391 - INFO - 지표: ADX=11.7, ATR=291.8, Bull=False, Bear=False
2026-01-27 07:15:49,200 - INFO - [상태] 포지션 없음, 자본금: $6301.33
2026-01-27 07:15:49,200 - INFO - [지표] ADX=nan, Bull=nan, Bear=nan
2026-01-27 07:20:49,201 - INFO - [상태] 포지션 없음, 자본금: $6301.33
2026-01-27 07:20:49,201 - INFO - [지표] ADX=nan, Bull=nan, Bear=nan
2026-01-27 07:25:49,205 - INFO - [상태] 포지션 없음, 자본금: $6301.33
2026-01-27 07:25:49,205 - INFO - [지표] ADX=nan, Bull=nan, Bear=nan
2026-01-27 07:30:00,038 - INFO - [EMA] 증분계산: prev=87837.99, close=87985.0, new=87849.30
2026-01-27 07:30:00,048 - INFO - 15m | 22:15 | O:87996.6 H:88036.1 L:87892.0 C:87985.0
2026-01-27 07:30:00,048 - INFO - 지표: ADX=11.4, ATR=279.5, Bull=False, Bear=False
2026-01-27 07:30:49,209 - INFO - [상태] 포지션 없음, 자본금: $6301.33
2026-01-27 07:30:49,210 - INFO - [지표] ADX=nan, Bull=nan, Bear=nan
2026-01-27 07:35:49,214 - INFO - [상태] 포지션 없음, 자본금: $6301.33
2026-01-27 07:35:49,215 - INFO - [지표] ADX=nan, Bull=nan, Bear=nan
2026-01-27 07:40:49,218 - INFO - [상태] 포지션 없음, 자본금: $6301.33
2026-01-27 07:40:49,219 - INFO - [지표] ADX=nan, Bull=nan, Bear=nan
2026-01-27 07:45:00,186 - INFO - [EMA] 증분계산: prev=87849.30, close=88018.8, new=87862.34
2026-01-27 07:45:00,196 - INFO - 15m | 22:30 | O:87985.0 H:88175.5 L:87933.7 C:88018.8
2026-01-27 07:45:00,196 - INFO - 지표: ADX=11.7, ATR=276.4, Bull=False, Bear=False
2026-01-27 07:45:49,219 - INFO - [상태] 포지션 없음, 자본금: $6301.33
2026-01-27 07:45:49,219 - INFO - [지표] ADX=nan, Bull=nan, Bear=nan
2026-01-27 07:50:49,222 - INFO - [상태] 포지션 없음, 자본금: $6301.33
2026-01-27 07:50:49,222 - INFO - [지표] ADX=nan, Bull=nan, Bear=nan
2026-01-27 07:55:49,224 - INFO - [상태] 포지션 없음, 자본금: $6301.33
2026-01-27 07:55:49,225 - INFO - [지표] ADX=nan, Bull=nan, Bear=nan
2026-01-27 08:00:00,185 - INFO - [EMA] 증분계산: prev=87862.34, close=88033.0, new=87875.47
2026-01-27 08:00:00,195 - INFO - 15m | 22:45 | O:88018.9 H:88150.0 L:88009.3 C:88033.0
2026-01-27 08:00:00,195 - INFO - 지표: ADX=12.1, ATR=265.1, Bull=False, Bear=False
2026-01-27 08:00:49,230 - INFO - [상태] 포지션 없음, 자본금: $6301.33
2026-01-27 08:00:49,230 - INFO - [지표] ADX=nan, Bull=nan, Bear=nan
2026-01-27 08:05:49,232 - INFO - [상태] 포지션 없음, 자본금: $6301.33
2026-01-27 08:05:49,233 - INFO - [지표] ADX=nan, Bull=nan, Bear=nan
2026-01-27 08:10:49,234 - INFO - [상태] 포지션 없음, 자본금: $6301.33
2026-01-27 08:10:49,235 - INFO - [지표] ADX=nan, Bull=nan, Bear=nan
2026-01-27 08:15:00,162 - INFO - [EMA] 증분계산: prev=87875.47, close=88080.0, new=87891.20
2026-01-27 08:15:00,171 - INFO - 15m | 23:00 | O:88032.7 H:88092.5 L:87912.5 C:88080.0
2026-01-27 08:15:00,171 - INFO - 지표: ADX=11.8, ATR=258.0, Bull=False, Bear=False
2026-01-27 08:15:49,237 - INFO - [상태] 포지션 없음, 자본금: $6301.33
2026-01-27 08:15:49,237 - INFO - [지표] ADX=nan, Bull=nan, Bear=nan
2026-01-27 08:20:49,240 - INFO - [상태] 포지션 없음, 자본금: $6301.33
2026-01-27 08:20:49,241 - INFO - [지표] ADX=nan, Bull=nan, Bear=nan
2026-01-27 08:25:49,243 - INFO - [상태] 포지션 없음, 자본금: $6301.33
2026-01-27 08:25:49,244 - INFO - [지표] ADX=nan, Bull=nan, Bear=nan
2026-01-27 08:30:00,178 - INFO - [EMA] 증분계산: prev=87891.20, close=88353.0, new=87926.72
2026-01-27 08:30:00,188 - INFO - 15m | 23:15 | O:88080.1 H:88362.4 L:88031.6 C:88353.0
2026-01-27 08:30:00,188 - INFO - 지표: ADX=12.6, ATR=264.1, Bull=False, Bear=False
2026-01-27 08:30:49,245 - INFO - [상태] 포지션 없음, 자본금: $6301.33
2026-01-27 08:30:49,245 - INFO - [지표] ADX=nan, Bull=nan, Bear=nan
2026-01-27 08:35:49,247 - INFO - [상태] 포지션 없음, 자본금: $6301.33
2026-01-27 08:35:49,248 - INFO - [지표] ADX=nan, Bull=nan, Bear=nan
2026-01-27 08:40:49,249 - INFO - [상태] 포지션 없음, 자본금: $6301.33
2026-01-27 08:40:49,249 - INFO - [지표] ADX=nan, Bull=nan, Bear=nan
2026-01-27 08:45:00,047 - INFO - [EMA] 증분계산: prev=87926.72, close=88443.5, new=87966.47
2026-01-27 08:45:00,056 - INFO - 15m | 23:30 | O:88353.0 H:88560.4 L:88353.0 C:88443.5
2026-01-27 08:45:00,056 - INFO - 지표: ADX=14.0, ATR=259.3, Bull=False, Bear=False
2026-01-27 08:45:49,250 - INFO - [상태] 포지션 없음, 자본금: $6301.33
2026-01-27 08:45:49,250 - INFO - [지표] ADX=nan, Bull=nan, Bear=nan
2026-01-27 08:50:49,252 - INFO - [상태] 포지션 없음, 자본금: $6301.33
2026-01-27 08:50:49,253 - INFO - [지표] ADX=nan, Bull=nan, Bear=nan
2026-01-27 08:55:49,256 - INFO - [상태] 포지션 없음, 자본금: $6301.33
2026-01-27 08:55:49,256 - INFO - [지표] ADX=nan, Bull=nan, Bear=nan
