2025-12-05 10:04:05,158 - INFO - ======================================================================
2025-12-05 10:04:05,158 - INFO - BTCUSDC Grid Martingale Live Trading 시작
2025-12-05 10:04:05,158 - INFO - ======================================================================
2025-12-05 10:04:05,261 - INFO - ============================================================
2025-12-05 10:04:05,261 - INFO - Grid Martingale Strategy 초기화
2025-12-05 10:04:05,261 - INFO - ============================================================
2025-12-05 10:04:05,357 - INFO - 잔고 동기화: 계좌=$404.08, 가용=$404.08, 운용=$404.08
2025-12-05 10:04:05,357 - INFO - 운용 자본: $404.08
2025-12-05 10:04:05,357 - INFO - 상태 파일 없음 - 새로 시작
2025-12-05 10:04:05,357 - INFO - 새로운 거래 세션 시작
2025-12-05 10:04:05,357 - INFO - 모든 태스크 시작 완료
2025-12-05 10:04:05,496 - INFO - 웹소켓 연결: BTCUSDC
2025-12-05 10:04:57,641 - INFO - 첫 1분봉 완성: Close=$92350.00
2025-12-05 10:04:57,641 - INFO - 거미줄 주문 설정: center=$92350.00, direction=LONG
2025-12-05 10:04:57,679 - INFO - 모든 대기 주문 취소 완료
2025-12-05 10:04:57,760 - INFO - Leverage 설정: 20x
2025-12-05 10:04:57,798 - INFO - LIMIT Entry 주문: LONG 0.004 @ $91888.2, ID: 36216825627
2025-12-05 10:04:57,798 - INFO - Level 1 주문: $91888.25, 0.004398
2025-12-05 10:04:57,902 - INFO - Leverage 설정: 20x
2025-12-05 10:04:58,046 - INFO - LIMIT Entry 주문: LONG 0.018 @ $91426.5, ID: 36216826060
2025-12-05 10:04:58,046 - INFO - Level 2 주문: $91426.50, 0.017679
2025-12-05 10:04:58,265 - INFO - Leverage 설정: 20x
2025-12-05 10:04:58,363 - INFO - LIMIT Entry 주문: LONG 0.023 @ $88656.0, ID: 36216826569
2025-12-05 10:04:58,363 - INFO - Level 3 주문: $88656.00, 0.022789
2025-12-05 10:04:58,552 - INFO - Leverage 설정: 20x
2025-12-05 10:04:58,639 - WARNING - 증거금 부족 (시도 1), 재시도: 4000.41 USDT (99.0%)
2025-12-05 10:04:58,709 - WARNING - 증거금 부족으로 99.0%로 주문 성공 (시도 2회, 4040.82 -> 4000.41 USDT)
2025-12-05 10:04:58,709 - INFO - LIMIT Entry 주문: LONG 0.045 @ $88194.2, ID: 36216827870
2025-12-05 10:04:58,709 - INFO - Level 4 주문: $88194.25, 0.045817
